[2026-06-18T03:59:54.958+0000] {local_task_job_runner.py:120} INFO - ::group::Pre task execution logs
[2026-06-18T03:59:54.974+0000] {taskinstance.py:2076} INFO - Dependencies all met for dep_context=non-requeueable deps ti=<TaskInstance: credit_default_ml_pipeline.training.branch_should_train scheduled__2023-09-01T00:00:00+00:00 [queued]>
[2026-06-18T03:59:54.978+0000] {taskinstance.py:2076} INFO - Dependencies all met for dep_context=requeueable deps ti=<TaskInstance: credit_default_ml_pipeline.training.branch_should_train scheduled__2023-09-01T00:00:00+00:00 [queued]>
[2026-06-18T03:59:54.978+0000] {taskinstance.py:2306} INFO - Starting attempt 4 of 5
[2026-06-18T03:59:54.985+0000] {taskinstance.py:2330} INFO - Executing <Task(BranchPythonOperator): training.branch_should_train> on 2023-09-01 00:00:00+00:00
[2026-06-18T03:59:54.989+0000] {logging_mixin.py:188} WARNING - /home/***/.local/lib/python3.12/site-packages/***/task/task_runner/standard_task_runner.py:62 DeprecationWarning: This process (pid=52864) is multi-threaded, use of fork() may lead to deadlocks in the child.
[2026-06-18T03:59:54.990+0000] {standard_task_runner.py:64} INFO - Started process 52866 to run task
[2026-06-18T03:59:54.990+0000] {standard_task_runner.py:90} INFO - Running: ['***', 'tasks', 'run', 'credit_default_ml_pipeline', 'training.branch_should_train', 'scheduled__2023-09-01T00:00:00+00:00', '--job-id', '1062', '--raw', '--subdir', 'DAGS_FOLDER/dag.py', '--cfg-path', '/tmp/tmpn1vf2j_x']
[2026-06-18T03:59:54.991+0000] {standard_task_runner.py:91} INFO - Job 1062: Subtask training.branch_should_train
[2026-06-18T03:59:55.016+0000] {task_command.py:426} INFO - Running <TaskInstance: credit_default_ml_pipeline.training.branch_should_train scheduled__2023-09-01T00:00:00+00:00 [running]> on host bfbc24b887a5
[2026-06-18T03:59:55.138+0000] {taskinstance.py:2648} INFO - Exporting env vars: AIRFLOW_CTX_DAG_OWNER='***' AIRFLOW_CTX_DAG_ID='credit_default_ml_pipeline' AIRFLOW_CTX_TASK_ID='training.branch_should_train' AIRFLOW_CTX_EXECUTION_DATE='2023-09-01T00:00:00+00:00' AIRFLOW_CTX_TRY_NUMBER='4' AIRFLOW_CTX_DAG_RUN_ID='scheduled__2023-09-01T00:00:00+00:00'
[2026-06-18T03:59:55.139+0000] {taskinstance.py:430} INFO - ::endgroup::
[2026-06-18T03:59:55.144+0000] {baseoperator.py:400} WARNING - BranchPythonOperator.execute cannot be called outside TaskInstance!
[2026-06-18T03:59:55.145+0000] {logging_mixin.py:188} INFO - [retrain-trigger] no champion deployed yet as of 2023-09-01; skipping training.
[2026-06-18T03:59:55.145+0000] {python.py:237} INFO - Done. Returned value was: training.skip_training
[2026-06-18T03:59:55.146+0000] {branch.py:36} INFO - Branch into training.skip_training
[2026-06-18T03:59:55.146+0000] {skipmixin.py:178} INFO - Following branch training.skip_training
[2026-06-18T03:59:55.153+0000] {skipmixin.py:246} INFO - Skipping tasks [('training.model_train', -1)]
[2026-06-18T03:59:55.162+0000] {taskinstance.py:441} INFO - ::group::Post task execution logs
[2026-06-18T03:59:55.170+0000] {taskinstance.py:1206} INFO - Marking task as SUCCESS. dag_id=credit_default_ml_pipeline, task_id=training.branch_should_train, run_id=scheduled__2023-09-01T00:00:00+00:00, execution_date=20230901T000000, start_date=20260618T035954, end_date=20260618T035955
[2026-06-18T03:59:55.213+0000] {local_task_job_runner.py:243} INFO - Task exited with return code 0
[2026-06-18T03:59:55.230+0000] {taskinstance.py:3503} INFO - 0 downstream tasks scheduled from follow-on schedule check
[2026-06-18T03:59:55.232+0000] {local_task_job_runner.py:222} INFO - ::endgroup::
