[2026-06-17T01:06:49.738+0000] {local_task_job_runner.py:120} INFO - ::group::Pre task execution logs
[2026-06-17T01:06:49.756+0000] {taskinstance.py:2076} INFO - Dependencies all met for dep_context=non-requeueable deps ti=<TaskInstance: credit_default_ml_pipeline.label_pipeline.label_silver_lms scheduled__2024-01-01T00:00:00+00:00 [queued]>
[2026-06-17T01:06:49.761+0000] {taskinstance.py:2076} INFO - Dependencies all met for dep_context=requeueable deps ti=<TaskInstance: credit_default_ml_pipeline.label_pipeline.label_silver_lms scheduled__2024-01-01T00:00:00+00:00 [queued]>
[2026-06-17T01:06:49.761+0000] {taskinstance.py:2306} INFO - Starting attempt 2 of 2
[2026-06-17T01:06:49.766+0000] {taskinstance.py:2330} INFO - Executing <Task(BashOperator): label_pipeline.label_silver_lms> on 2024-01-01 00:00:00+00:00
[2026-06-17T01:06:49.771+0000] {logging_mixin.py:188} WARNING - /home/***/.local/lib/python3.12/site-packages/***/task/task_runner/standard_task_runner.py:62 DeprecationWarning: This process (pid=80603) is multi-threaded, use of fork() may lead to deadlocks in the child.
[2026-06-17T01:06:49.771+0000] {standard_task_runner.py:90} INFO - Running: ['***', 'tasks', 'run', 'credit_default_ml_pipeline', 'label_pipeline.label_silver_lms', 'scheduled__2024-01-01T00:00:00+00:00', '--job-id', '624', '--raw', '--subdir', 'DAGS_FOLDER/dag.py', '--cfg-path', '/tmp/tmpz7drjuok']
[2026-06-17T01:06:49.773+0000] {standard_task_runner.py:64} INFO - Started process 80604 to run task
[2026-06-17T01:06:49.773+0000] {standard_task_runner.py:91} INFO - Job 624: Subtask label_pipeline.label_silver_lms
[2026-06-17T01:06:49.815+0000] {task_command.py:426} INFO - Running <TaskInstance: credit_default_ml_pipeline.label_pipeline.label_silver_lms scheduled__2024-01-01T00:00:00+00:00 [running]> on host 2b9b50b7433d
[2026-06-17T01:06:49.851+0000] {taskinstance.py:2648} INFO - Exporting env vars: AIRFLOW_CTX_DAG_OWNER='***' AIRFLOW_CTX_DAG_ID='credit_default_ml_pipeline' AIRFLOW_CTX_TASK_ID='label_pipeline.label_silver_lms' AIRFLOW_CTX_EXECUTION_DATE='2024-01-01T00:00:00+00:00' AIRFLOW_CTX_TRY_NUMBER='2' AIRFLOW_CTX_DAG_RUN_ID='scheduled__2024-01-01T00:00:00+00:00'
[2026-06-17T01:06:49.852+0000] {taskinstance.py:430} INFO - ::endgroup::
[2026-06-17T01:06:49.859+0000] {subprocess.py:63} INFO - Tmp dir root location: /tmp
[2026-06-17T01:06:49.860+0000] {subprocess.py:75} INFO - Running command: ['/usr/bin/bash', '-c', 'cd /opt/***/scripts && python3 silver_processing.py --snapshotdate "2024-01-01" --source lms']
[2026-06-17T01:06:49.863+0000] {subprocess.py:86} INFO - Output:
[2026-06-17T01:06:50.767+0000] {subprocess.py:93} INFO - Setting default log level to "WARN".
[2026-06-17T01:06:50.768+0000] {subprocess.py:93} INFO - To adjust logging level use sc.setLogLevel(newLevel). For SparkR, use setLogLevel(newLevel).
[2026-06-17T01:06:50.929+0000] {subprocess.py:93} INFO - 26/06/17 01:06:50 WARN NativeCodeLoader: Unable to load native-hadoop library for your platform... using builtin-java classes where applicable
[2026-06-17T01:06:53.795+0000] {subprocess.py:93} INFO - 
[2026-06-17T01:06:53.796+0000] {subprocess.py:93} INFO - --- silver lms 2024-01-01 ---
[2026-06-17T01:06:53.796+0000] {subprocess.py:93} INFO - 
[2026-06-17T01:06:53.797+0000] {subprocess.py:93} INFO - [silver:lms] loaded datamart/bronze/lms/bronze_lms_2024_01_01.csv rows: 5412
[2026-06-17T01:06:53.797+0000] {subprocess.py:93} INFO - [silver:lms] saved to: datamart/silver/lms/2024_01_01.parquet
[2026-06-17T01:06:53.798+0000] {subprocess.py:93} INFO - 
[2026-06-17T01:06:53.798+0000] {subprocess.py:93} INFO - --- done ---
[2026-06-17T01:06:53.799+0000] {subprocess.py:93} INFO - 
[2026-06-17T01:06:54.255+0000] {subprocess.py:97} INFO - Command exited with return code 0
[2026-06-17T01:06:54.257+0000] {taskinstance.py:441} INFO - ::group::Post task execution logs
[2026-06-17T01:06:54.275+0000] {taskinstance.py:1206} INFO - Marking task as SUCCESS. dag_id=credit_default_ml_pipeline, task_id=label_pipeline.label_silver_lms, run_id=scheduled__2024-01-01T00:00:00+00:00, execution_date=20240101T000000, start_date=20260617T010649, end_date=20260617T010654
[2026-06-17T01:06:54.325+0000] {local_task_job_runner.py:243} INFO - Task exited with return code 0
[2026-06-17T01:06:54.341+0000] {taskinstance.py:3503} INFO - 1 downstream tasks scheduled from follow-on schedule check
[2026-06-17T01:06:54.342+0000] {local_task_job_runner.py:222} INFO - ::endgroup::
[2026-06-20T06:27:46.619+0000] {local_task_job_runner.py:120} INFO - ::group::Pre task execution logs
[2026-06-20T06:27:46.631+0000] {taskinstance.py:2076} INFO - Dependencies all met for dep_context=non-requeueable deps ti=<TaskInstance: credit_default_ml_pipeline.label_pipeline.label_silver_lms scheduled__2024-01-01T00:00:00+00:00 [queued]>
[2026-06-20T06:27:46.637+0000] {taskinstance.py:2076} INFO - Dependencies all met for dep_context=requeueable deps ti=<TaskInstance: credit_default_ml_pipeline.label_pipeline.label_silver_lms scheduled__2024-01-01T00:00:00+00:00 [queued]>
[2026-06-20T06:27:46.638+0000] {taskinstance.py:2306} INFO - Starting attempt 2 of 2
[2026-06-20T06:27:46.644+0000] {taskinstance.py:2330} INFO - Executing <Task(BashOperator): label_pipeline.label_silver_lms> on 2024-01-01 00:00:00+00:00
[2026-06-20T06:27:46.649+0000] {logging_mixin.py:188} WARNING - /home/***/.local/lib/python3.12/site-packages/***/task/task_runner/standard_task_runner.py:62 DeprecationWarning: This process (pid=50515) is multi-threaded, use of fork() may lead to deadlocks in the child.
[2026-06-20T06:27:46.648+0000] {standard_task_runner.py:90} INFO - Running: ['***', 'tasks', 'run', 'credit_default_ml_pipeline', 'label_pipeline.label_silver_lms', 'scheduled__2024-01-01T00:00:00+00:00', '--job-id', '1678', '--raw', '--subdir', 'DAGS_FOLDER/dag.py', '--cfg-path', '/tmp/tmpbp6savrb']
[2026-06-20T06:27:46.650+0000] {standard_task_runner.py:64} INFO - Started process 50518 to run task
[2026-06-20T06:27:46.650+0000] {standard_task_runner.py:91} INFO - Job 1678: Subtask label_pipeline.label_silver_lms
[2026-06-20T06:27:46.761+0000] {task_command.py:426} INFO - Running <TaskInstance: credit_default_ml_pipeline.label_pipeline.label_silver_lms scheduled__2024-01-01T00:00:00+00:00 [running]> on host 9cf341f51c89
[2026-06-20T06:27:46.787+0000] {taskinstance.py:2648} INFO - Exporting env vars: AIRFLOW_CTX_DAG_OWNER='***' AIRFLOW_CTX_DAG_ID='credit_default_ml_pipeline' AIRFLOW_CTX_TASK_ID='label_pipeline.label_silver_lms' AIRFLOW_CTX_EXECUTION_DATE='2024-01-01T00:00:00+00:00' AIRFLOW_CTX_TRY_NUMBER='2' AIRFLOW_CTX_DAG_RUN_ID='scheduled__2024-01-01T00:00:00+00:00'
[2026-06-20T06:27:46.788+0000] {taskinstance.py:430} INFO - ::endgroup::
[2026-06-20T06:27:46.793+0000] {subprocess.py:63} INFO - Tmp dir root location: /tmp
[2026-06-20T06:27:46.793+0000] {subprocess.py:75} INFO - Running command: ['/usr/bin/bash', '-c', 'cd /opt/***/scripts && python3 silver_processing.py --snapshotdate "2024-01-01" --source lms']
[2026-06-20T06:27:46.797+0000] {subprocess.py:86} INFO - Output:
[2026-06-20T06:27:47.782+0000] {subprocess.py:93} INFO - Setting default log level to "WARN".
[2026-06-20T06:27:47.782+0000] {subprocess.py:93} INFO - To adjust logging level use sc.setLogLevel(newLevel). For SparkR, use setLogLevel(newLevel).
[2026-06-20T06:27:47.949+0000] {subprocess.py:93} INFO - 26/06/20 06:27:47 WARN NativeCodeLoader: Unable to load native-hadoop library for your platform... using builtin-java classes where applicable
[2026-06-20T06:27:48.269+0000] {subprocess.py:93} INFO - 26/06/20 06:27:48 WARN Utils: Service 'SparkUI' could not bind on port 4040. Attempting port 4041.
[2026-06-20T06:27:51.936+0000] {subprocess.py:93} INFO - 
[2026-06-20T06:27:51.936+0000] {subprocess.py:93} INFO - --- silver lms 2024-01-01 ---
[2026-06-20T06:27:51.937+0000] {subprocess.py:93} INFO - 
[2026-06-20T06:27:51.937+0000] {subprocess.py:93} INFO - [silver:lms] loaded datamart/bronze/lms/bronze_lms_2024_01_01.csv rows: 5412
[2026-06-20T06:27:51.938+0000] {subprocess.py:93} INFO - [silver:lms] saved to: datamart/silver/lms/2024_01_01.parquet
[2026-06-20T06:27:51.938+0000] {subprocess.py:93} INFO - 
[2026-06-20T06:27:51.939+0000] {subprocess.py:93} INFO - --- done ---
[2026-06-20T06:27:51.940+0000] {subprocess.py:93} INFO - 
[2026-06-20T06:27:52.371+0000] {subprocess.py:97} INFO - Command exited with return code 0
[2026-06-20T06:27:52.373+0000] {taskinstance.py:441} INFO - ::group::Post task execution logs
[2026-06-20T06:27:52.392+0000] {taskinstance.py:1206} INFO - Marking task as SUCCESS. dag_id=credit_default_ml_pipeline, task_id=label_pipeline.label_silver_lms, run_id=scheduled__2024-01-01T00:00:00+00:00, execution_date=20240101T000000, start_date=20260620T062746, end_date=20260620T062752
[2026-06-20T06:27:52.427+0000] {local_task_job_runner.py:243} INFO - Task exited with return code 0
[2026-06-20T06:27:52.444+0000] {taskinstance.py:3503} INFO - 1 downstream tasks scheduled from follow-on schedule check
[2026-06-20T06:27:52.445+0000] {local_task_job_runner.py:222} INFO - ::endgroup::
[2026-06-20T07:47:35.728+0000] {local_task_job_runner.py:120} INFO - ::group::Pre task execution logs
[2026-06-20T07:47:35.741+0000] {taskinstance.py:2076} INFO - Dependencies all met for dep_context=non-requeueable deps ti=<TaskInstance: credit_default_ml_pipeline.label_pipeline.label_silver_lms scheduled__2024-01-01T00:00:00+00:00 [queued]>
[2026-06-20T07:47:35.744+0000] {taskinstance.py:2076} INFO - Dependencies all met for dep_context=requeueable deps ti=<TaskInstance: credit_default_ml_pipeline.label_pipeline.label_silver_lms scheduled__2024-01-01T00:00:00+00:00 [queued]>
[2026-06-20T07:47:35.745+0000] {taskinstance.py:2306} INFO - Starting attempt 2 of 2
[2026-06-20T07:47:35.749+0000] {taskinstance.py:2330} INFO - Executing <Task(BashOperator): label_pipeline.label_silver_lms> on 2024-01-01 00:00:00+00:00
[2026-06-20T07:47:35.753+0000] {logging_mixin.py:188} WARNING - /home/***/.local/lib/python3.12/site-packages/***/task/task_runner/standard_task_runner.py:62 DeprecationWarning: This process (pid=36221) is multi-threaded, use of fork() may lead to deadlocks in the child.
[2026-06-20T07:47:35.754+0000] {standard_task_runner.py:64} INFO - Started process 36223 to run task
[2026-06-20T07:47:35.753+0000] {standard_task_runner.py:90} INFO - Running: ['***', 'tasks', 'run', 'credit_default_ml_pipeline', 'label_pipeline.label_silver_lms', 'scheduled__2024-01-01T00:00:00+00:00', '--job-id', '2172', '--raw', '--subdir', 'DAGS_FOLDER/dag.py', '--cfg-path', '/tmp/tmph8gp428d']
[2026-06-20T07:47:35.755+0000] {standard_task_runner.py:91} INFO - Job 2172: Subtask label_pipeline.label_silver_lms
[2026-06-20T07:47:35.866+0000] {task_command.py:426} INFO - Running <TaskInstance: credit_default_ml_pipeline.label_pipeline.label_silver_lms scheduled__2024-01-01T00:00:00+00:00 [running]> on host 9cf341f51c89
[2026-06-20T07:47:35.889+0000] {taskinstance.py:2648} INFO - Exporting env vars: AIRFLOW_CTX_DAG_OWNER='***' AIRFLOW_CTX_DAG_ID='credit_default_ml_pipeline' AIRFLOW_CTX_TASK_ID='label_pipeline.label_silver_lms' AIRFLOW_CTX_EXECUTION_DATE='2024-01-01T00:00:00+00:00' AIRFLOW_CTX_TRY_NUMBER='2' AIRFLOW_CTX_DAG_RUN_ID='scheduled__2024-01-01T00:00:00+00:00'
[2026-06-20T07:47:35.891+0000] {taskinstance.py:430} INFO - ::endgroup::
[2026-06-20T07:47:35.895+0000] {subprocess.py:63} INFO - Tmp dir root location: /tmp
[2026-06-20T07:47:35.895+0000] {subprocess.py:75} INFO - Running command: ['/usr/bin/bash', '-c', 'cd /opt/***/scripts && python3 silver_processing.py --snapshotdate "2024-01-01" --source lms']
[2026-06-20T07:47:35.899+0000] {subprocess.py:86} INFO - Output:
[2026-06-20T07:47:36.765+0000] {subprocess.py:93} INFO - Setting default log level to "WARN".
[2026-06-20T07:47:36.766+0000] {subprocess.py:93} INFO - To adjust logging level use sc.setLogLevel(newLevel). For SparkR, use setLogLevel(newLevel).
[2026-06-20T07:47:36.839+0000] {subprocess.py:93} INFO - 26/06/20 07:47:36 WARN NativeCodeLoader: Unable to load native-hadoop library for your platform... using builtin-java classes where applicable
[2026-06-20T07:47:41.815+0000] {subprocess.py:93} INFO - [Stage 5:>                                                          (0 + 1) / 1]
[2026-06-20T07:47:41.816+0000] {subprocess.py:93} INFO - --- silver lms 2024-01-01 ---
[2026-06-20T07:47:41.817+0000] {subprocess.py:93} INFO - 
[2026-06-20T07:47:41.818+0000] {subprocess.py:93} INFO - [silver:lms] loaded datamart/bronze/lms/bronze_lms_2024_01_01.csv rows: 5412
[2026-06-20T07:47:41.818+0000] {subprocess.py:93} INFO - [silver:lms] cleared stale partition: datamart/silver/lms/2024_01_01.parquet
[2026-06-20T07:47:41.819+0000] {subprocess.py:93} INFO - [silver:lms] saved to: datamart/silver/lms/2024_01_01.parquet
[2026-06-20T07:47:41.819+0000] {subprocess.py:93} INFO - 
[2026-06-20T07:47:41.821+0000] {subprocess.py:93} INFO - --- done ---
[2026-06-20T07:47:41.821+0000] {subprocess.py:93} INFO - 
[2026-06-20T07:47:42.263+0000] {subprocess.py:97} INFO - Command exited with return code 0
[2026-06-20T07:47:42.265+0000] {taskinstance.py:441} INFO - ::group::Post task execution logs
[2026-06-20T07:47:42.281+0000] {taskinstance.py:1206} INFO - Marking task as SUCCESS. dag_id=credit_default_ml_pipeline, task_id=label_pipeline.label_silver_lms, run_id=scheduled__2024-01-01T00:00:00+00:00, execution_date=20240101T000000, start_date=20260620T074735, end_date=20260620T074742
[2026-06-20T07:47:42.323+0000] {local_task_job_runner.py:243} INFO - Task exited with return code 0
[2026-06-20T07:47:42.339+0000] {taskinstance.py:3503} INFO - 1 downstream tasks scheduled from follow-on schedule check
[2026-06-20T07:47:42.341+0000] {local_task_job_runner.py:222} INFO - ::endgroup::
