[2026-06-18T04:08:13.104+0000] {local_task_job_runner.py:120} INFO - ::group::Pre task execution logs
[2026-06-18T04:08:13.150+0000] {taskinstance.py:2076} INFO - Dependencies all met for dep_context=non-requeueable deps ti=<TaskInstance: credit_default_ml_pipeline.label_pipeline.label_silver_lms scheduled__2024-01-01T00:00:00+00:00 [queued]>
[2026-06-18T04:08:13.166+0000] {taskinstance.py:2076} INFO - Dependencies all met for dep_context=requeueable deps ti=<TaskInstance: credit_default_ml_pipeline.label_pipeline.label_silver_lms scheduled__2024-01-01T00:00:00+00:00 [queued]>
[2026-06-18T04:08:13.170+0000] {taskinstance.py:2306} INFO - Starting attempt 3 of 4
[2026-06-18T04:08:13.193+0000] {taskinstance.py:2330} INFO - Executing <Task(BashOperator): label_pipeline.label_silver_lms> on 2024-01-01 00:00:00+00:00
[2026-06-18T04:08:13.206+0000] {logging_mixin.py:188} WARNING - /home/***/.local/lib/python3.12/site-packages/***/task/task_runner/standard_task_runner.py:62 DeprecationWarning: This process (pid=63409) is multi-threaded, use of fork() may lead to deadlocks in the child.
[2026-06-18T04:08:13.208+0000] {standard_task_runner.py:90} INFO - Running: ['***', 'tasks', 'run', 'credit_default_ml_pipeline', 'label_pipeline.label_silver_lms', 'scheduled__2024-01-01T00:00:00+00:00', '--job-id', '1128', '--raw', '--subdir', 'DAGS_FOLDER/dag.py', '--cfg-path', '/tmp/tmp5jh09ihv']
[2026-06-18T04:08:13.213+0000] {standard_task_runner.py:91} INFO - Job 1128: Subtask label_pipeline.label_silver_lms
[2026-06-18T04:08:13.212+0000] {standard_task_runner.py:64} INFO - Started process 63513 to run task
[2026-06-18T04:08:13.306+0000] {task_command.py:426} INFO - Running <TaskInstance: credit_default_ml_pipeline.label_pipeline.label_silver_lms scheduled__2024-01-01T00:00:00+00:00 [running]> on host bfbc24b887a5
[2026-06-18T04:08:13.721+0000] {taskinstance.py:2648} INFO - Exporting env vars: AIRFLOW_CTX_DAG_OWNER='***' AIRFLOW_CTX_DAG_ID='credit_default_ml_pipeline' AIRFLOW_CTX_TASK_ID='label_pipeline.label_silver_lms' AIRFLOW_CTX_EXECUTION_DATE='2024-01-01T00:00:00+00:00' AIRFLOW_CTX_TRY_NUMBER='3' AIRFLOW_CTX_DAG_RUN_ID='scheduled__2024-01-01T00:00:00+00:00'
[2026-06-18T04:08:13.724+0000] {taskinstance.py:430} INFO - ::endgroup::
[2026-06-18T04:08:13.739+0000] {subprocess.py:63} INFO - Tmp dir root location: /tmp
[2026-06-18T04:08:13.741+0000] {subprocess.py:75} INFO - Running command: ['/usr/bin/bash', '-c', 'cd /opt/***/scripts && python3 silver_processing.py --snapshotdate "2024-01-01" --source lms']
[2026-06-18T04:08:13.755+0000] {subprocess.py:86} INFO - Output:
[2026-06-18T04:08:17.597+0000] {subprocess.py:93} INFO - Setting default log level to "WARN".
[2026-06-18T04:08:17.598+0000] {subprocess.py:93} INFO - To adjust logging level use sc.setLogLevel(newLevel). For SparkR, use setLogLevel(newLevel).
[2026-06-18T04:08:17.979+0000] {subprocess.py:93} INFO - 26/06/18 04:08:17 WARN NativeCodeLoader: Unable to load native-hadoop library for your platform... using builtin-java classes where applicable
[2026-06-18T04:08:19.238+0000] {subprocess.py:93} INFO - 26/06/18 04:08:19 WARN Utils: Service 'SparkUI' could not bind on port 4040. Attempting port 4041.
[2026-06-18T04:08:19.242+0000] {subprocess.py:93} INFO - 26/06/18 04:08:19 WARN Utils: Service 'SparkUI' could not bind on port 4041. Attempting port 4042.
[2026-06-18T04:08:31.789+0000] {subprocess.py:93} INFO - [Stage 0:>                                                          (0 + 1) / 1]                                                                                [Stage 1:>                                                          (0 + 1) / 1]                                                                                [Stage 2:>                                                          (0 + 1) / 1][Stage 2:===========================================================(1 + 0) / 1]
[2026-06-18T04:08:31.794+0000] {subprocess.py:93} INFO - --- silver lms 2024-01-01 ---
[2026-06-18T04:08:31.797+0000] {subprocess.py:93} INFO - 
[2026-06-18T04:08:31.799+0000] {subprocess.py:93} INFO - [silver:lms] loaded datamart/bronze/lms/bronze_lms_2024_01_01.csv rows: 5412
[2026-06-18T04:08:31.805+0000] {subprocess.py:93} INFO - Traceback (most recent call last):
[2026-06-18T04:08:31.807+0000] {subprocess.py:93} INFO -   File "/opt/***/scripts/silver_processing.py", line 25, in <module>
[2026-06-18T04:08:31.812+0000] {subprocess.py:93} INFO -     main(a.snapshotdate, a.source)
[2026-06-18T04:08:31.813+0000] {subprocess.py:93} INFO -   File "/opt/***/scripts/silver_processing.py", line 13, in main
[2026-06-18T04:08:31.817+0000] {subprocess.py:93} INFO -     silver.process_silver_table(source, snapshotdate,
[2026-06-18T04:08:31.820+0000] {subprocess.py:93} INFO -   File "/opt/***/scripts/utils/data_processing_silver_table.py", line 251, in process_silver_table
[2026-06-18T04:08:31.821+0000] {subprocess.py:93} INFO -     df.write.mode("overwrite").parquet(part)
[2026-06-18T04:08:31.822+0000] {subprocess.py:93} INFO -   File "/home/***/.local/lib/python3.12/site-packages/pyspark/sql/readwriter.py", line 1721, in parquet
[2026-06-18T04:08:31.825+0000] {subprocess.py:93} INFO -     self._jwrite.parquet(path)
[2026-06-18T04:08:31.826+0000] {subprocess.py:93} INFO -   File "/home/***/.local/lib/python3.12/site-packages/py4j/java_gateway.py", line 1322, in __call__
[2026-06-18T04:08:31.829+0000] {subprocess.py:93} INFO -     return_value = get_return_value(
[2026-06-18T04:08:31.830+0000] {subprocess.py:93} INFO -                    ^^^^^^^^^^^^^^^^^
[2026-06-18T04:08:31.831+0000] {subprocess.py:93} INFO -   File "/home/***/.local/lib/python3.12/site-packages/pyspark/errors/exceptions/captured.py", line 179, in deco
[2026-06-18T04:08:31.834+0000] {subprocess.py:93} INFO -     return f(*a, **kw)
[2026-06-18T04:08:31.836+0000] {subprocess.py:93} INFO -            ^^^^^^^^^^^
[2026-06-18T04:08:31.837+0000] {subprocess.py:93} INFO -   File "/home/***/.local/lib/python3.12/site-packages/py4j/protocol.py", line 326, in get_return_value
[2026-06-18T04:08:31.842+0000] {subprocess.py:93} INFO -     raise Py4JJavaError(
[2026-06-18T04:08:31.844+0000] {subprocess.py:93} INFO - py4j.protocol.Py4JJavaError: An error occurred while calling o191.parquet.
[2026-06-18T04:08:31.846+0000] {subprocess.py:93} INFO - : ExitCodeException exitCode=1: chmod: changing permissions of '/opt/***/scripts/datamart/silver/lms/2024_01_01.parquet/_temporary': Operation not permitted
[2026-06-18T04:08:31.850+0000] {subprocess.py:93} INFO - 
[2026-06-18T04:08:31.851+0000] {subprocess.py:93} INFO - 	at org.apache.hadoop.util.Shell.runCommand(Shell.java:1007)
[2026-06-18T04:08:31.852+0000] {subprocess.py:93} INFO - 	at org.apache.hadoop.util.Shell.run(Shell.java:900)
[2026-06-18T04:08:31.854+0000] {subprocess.py:93} INFO - 	at org.apache.hadoop.util.Shell$ShellCommandExecutor.execute(Shell.java:1212)
[2026-06-18T04:08:31.856+0000] {subprocess.py:93} INFO - 	at org.apache.hadoop.util.Shell.execCommand(Shell.java:1306)
[2026-06-18T04:08:31.858+0000] {subprocess.py:93} INFO - 	at org.apache.hadoop.util.Shell.execCommand(Shell.java:1288)
[2026-06-18T04:08:31.859+0000] {subprocess.py:93} INFO - 	at org.apache.hadoop.fs.RawLocalFileSystem.setPermission(RawLocalFileSystem.java:978)
[2026-06-18T04:08:31.860+0000] {subprocess.py:93} INFO - 	at org.apache.hadoop.fs.RawLocalFileSystem.mkOneDirWithMode(RawLocalFileSystem.java:660)
[2026-06-18T04:08:31.861+0000] {subprocess.py:93} INFO - 	at org.apache.hadoop.fs.RawLocalFileSystem.mkdirsWithOptionalPermission(RawLocalFileSystem.java:700)
[2026-06-18T04:08:31.862+0000] {subprocess.py:93} INFO - 	at org.apache.hadoop.fs.RawLocalFileSystem.mkdirs(RawLocalFileSystem.java:672)
[2026-06-18T04:08:31.863+0000] {subprocess.py:93} INFO - 	at org.apache.hadoop.fs.RawLocalFileSystem.mkdirsWithOptionalPermission(RawLocalFileSystem.java:699)
[2026-06-18T04:08:31.864+0000] {subprocess.py:93} INFO - 	at org.apache.hadoop.fs.RawLocalFileSystem.mkdirs(RawLocalFileSystem.java:672)
[2026-06-18T04:08:31.867+0000] {subprocess.py:93} INFO - 	at org.apache.hadoop.fs.ChecksumFileSystem.mkdirs(ChecksumFileSystem.java:788)
[2026-06-18T04:08:31.869+0000] {subprocess.py:93} INFO - 	at org.apache.hadoop.mapreduce.lib.output.FileOutputCommitter.setupJob(FileOutputCommitter.java:356)
[2026-06-18T04:08:31.874+0000] {subprocess.py:93} INFO - 	at org.apache.spark.internal.io.HadoopMapReduceCommitProtocol.setupJob(HadoopMapReduceCommitProtocol.scala:188)
[2026-06-18T04:08:31.876+0000] {subprocess.py:93} INFO - 	at org.apache.spark.sql.execution.datasources.FileFormatWriter$.writeAndCommit(FileFormatWriter.scala:269)
[2026-06-18T04:08:31.877+0000] {subprocess.py:93} INFO - 	at org.apache.spark.sql.execution.datasources.FileFormatWriter$.executeWrite(FileFormatWriter.scala:304)
[2026-06-18T04:08:31.879+0000] {subprocess.py:93} INFO - 	at org.apache.spark.sql.execution.datasources.FileFormatWriter$.write(FileFormatWriter.scala:190)
[2026-06-18T04:08:31.880+0000] {subprocess.py:93} INFO - 	at org.apache.spark.sql.execution.datasources.InsertIntoHadoopFsRelationCommand.run(InsertIntoHadoopFsRelationCommand.scala:190)
[2026-06-18T04:08:31.882+0000] {subprocess.py:93} INFO - 	at org.apache.spark.sql.execution.command.DataWritingCommandExec.sideEffectResult$lzycompute(commands.scala:113)
[2026-06-18T04:08:31.884+0000] {subprocess.py:93} INFO - 	at org.apache.spark.sql.execution.command.DataWritingCommandExec.sideEffectResult(commands.scala:111)
[2026-06-18T04:08:31.887+0000] {subprocess.py:93} INFO - 	at org.apache.spark.sql.execution.command.DataWritingCommandExec.executeCollect(commands.scala:125)
[2026-06-18T04:08:31.888+0000] {subprocess.py:93} INFO - 	at org.apache.spark.sql.execution.QueryExecution$$anonfun$eagerlyExecuteCommands$1.$anonfun$applyOrElse$1(QueryExecution.scala:107)
[2026-06-18T04:08:31.892+0000] {subprocess.py:93} INFO - 	at org.apache.spark.sql.execution.SQLExecution$.$anonfun$withNewExecutionId$6(SQLExecution.scala:125)
[2026-06-18T04:08:31.893+0000] {subprocess.py:93} INFO - 	at org.apache.spark.sql.execution.SQLExecution$.withSQLConfPropagated(SQLExecution.scala:201)
[2026-06-18T04:08:31.895+0000] {subprocess.py:93} INFO - 	at org.apache.spark.sql.execution.SQLExecution$.$anonfun$withNewExecutionId$1(SQLExecution.scala:108)
[2026-06-18T04:08:31.896+0000] {subprocess.py:93} INFO - 	at org.apache.spark.sql.SparkSession.withActive(SparkSession.scala:900)
[2026-06-18T04:08:31.899+0000] {subprocess.py:93} INFO - 	at org.apache.spark.sql.execution.SQLExecution$.withNewExecutionId(SQLExecution.scala:66)
[2026-06-18T04:08:31.902+0000] {subprocess.py:93} INFO - 	at org.apache.spark.sql.execution.QueryExecution$$anonfun$eagerlyExecuteCommands$1.applyOrElse(QueryExecution.scala:107)
[2026-06-18T04:08:31.903+0000] {subprocess.py:93} INFO - 	at org.apache.spark.sql.execution.QueryExecution$$anonfun$eagerlyExecuteCommands$1.applyOrElse(QueryExecution.scala:98)
[2026-06-18T04:08:31.905+0000] {subprocess.py:93} INFO - 	at org.apache.spark.sql.catalyst.trees.TreeNode.$anonfun$transformDownWithPruning$1(TreeNode.scala:461)
[2026-06-18T04:08:31.907+0000] {subprocess.py:93} INFO - 	at org.apache.spark.sql.catalyst.trees.CurrentOrigin$.withOrigin(origin.scala:76)
[2026-06-18T04:08:31.909+0000] {subprocess.py:93} INFO - 	at org.apache.spark.sql.catalyst.trees.TreeNode.transformDownWithPruning(TreeNode.scala:461)
[2026-06-18T04:08:31.910+0000] {subprocess.py:93} INFO - 	at org.apache.spark.sql.catalyst.plans.logical.LogicalPlan.org$apache$spark$sql$catalyst$plans$logical$AnalysisHelper$$super$transformDownWithPruning(LogicalPlan.scala:32)
[2026-06-18T04:08:31.912+0000] {subprocess.py:93} INFO - 	at org.apache.spark.sql.catalyst.plans.logical.AnalysisHelper.transformDownWithPruning(AnalysisHelper.scala:267)
[2026-06-18T04:08:31.913+0000] {subprocess.py:93} INFO - 	at org.apache.spark.sql.catalyst.plans.logical.AnalysisHelper.transformDownWithPruning$(AnalysisHelper.scala:263)
[2026-06-18T04:08:31.914+0000] {subprocess.py:93} INFO - 	at org.apache.spark.sql.catalyst.plans.logical.LogicalPlan.transformDownWithPruning(LogicalPlan.scala:32)
[2026-06-18T04:08:31.915+0000] {subprocess.py:93} INFO - 	at org.apache.spark.sql.catalyst.plans.logical.LogicalPlan.transformDownWithPruning(LogicalPlan.scala:32)
[2026-06-18T04:08:31.918+0000] {subprocess.py:93} INFO - 	at org.apache.spark.sql.catalyst.trees.TreeNode.transformDown(TreeNode.scala:437)
[2026-06-18T04:08:31.920+0000] {subprocess.py:93} INFO - 	at org.apache.spark.sql.execution.QueryExecution.eagerlyExecuteCommands(QueryExecution.scala:98)
[2026-06-18T04:08:31.921+0000] {subprocess.py:93} INFO - 	at org.apache.spark.sql.execution.QueryExecution.commandExecuted$lzycompute(QueryExecution.scala:85)
[2026-06-18T04:08:31.924+0000] {subprocess.py:93} INFO - 	at org.apache.spark.sql.execution.QueryExecution.commandExecuted(QueryExecution.scala:83)
[2026-06-18T04:08:31.926+0000] {subprocess.py:93} INFO - 	at org.apache.spark.sql.execution.QueryExecution.assertCommandExecuted(QueryExecution.scala:142)
[2026-06-18T04:08:31.928+0000] {subprocess.py:93} INFO - 	at org.apache.spark.sql.DataFrameWriter.runCommand(DataFrameWriter.scala:859)
[2026-06-18T04:08:31.929+0000] {subprocess.py:93} INFO - 	at org.apache.spark.sql.DataFrameWriter.saveToV1Source(DataFrameWriter.scala:388)
[2026-06-18T04:08:31.930+0000] {subprocess.py:93} INFO - 	at org.apache.spark.sql.DataFrameWriter.saveInternal(DataFrameWriter.scala:361)
[2026-06-18T04:08:31.932+0000] {subprocess.py:93} INFO - 	at org.apache.spark.sql.DataFrameWriter.save(DataFrameWriter.scala:240)
[2026-06-18T04:08:31.934+0000] {subprocess.py:93} INFO - 	at org.apache.spark.sql.DataFrameWriter.parquet(DataFrameWriter.scala:792)
[2026-06-18T04:08:31.936+0000] {subprocess.py:93} INFO - 	at java.base/jdk.internal.reflect.NativeMethodAccessorImpl.invoke0(Native Method)
[2026-06-18T04:08:31.937+0000] {subprocess.py:93} INFO - 	at java.base/jdk.internal.reflect.NativeMethodAccessorImpl.invoke(NativeMethodAccessorImpl.java:77)
[2026-06-18T04:08:31.938+0000] {subprocess.py:93} INFO - 	at java.base/jdk.internal.reflect.DelegatingMethodAccessorImpl.invoke(DelegatingMethodAccessorImpl.java:43)
[2026-06-18T04:08:31.940+0000] {subprocess.py:93} INFO - 	at java.base/java.lang.reflect.Method.invoke(Method.java:569)
[2026-06-18T04:08:31.941+0000] {subprocess.py:93} INFO - 	at py4j.reflection.MethodInvoker.invoke(MethodInvoker.java:244)
[2026-06-18T04:08:31.942+0000] {subprocess.py:93} INFO - 	at py4j.reflection.ReflectionEngine.invoke(ReflectionEngine.java:374)
[2026-06-18T04:08:31.947+0000] {subprocess.py:93} INFO - 	at py4j.Gateway.invoke(Gateway.java:282)
[2026-06-18T04:08:31.948+0000] {subprocess.py:93} INFO - 	at py4j.commands.AbstractCommand.invokeMethod(AbstractCommand.java:132)
[2026-06-18T04:08:31.949+0000] {subprocess.py:93} INFO - 	at py4j.commands.CallCommand.execute(CallCommand.java:79)
[2026-06-18T04:08:31.950+0000] {subprocess.py:93} INFO - 	at py4j.ClientServerConnection.waitForCommands(ClientServerConnection.java:182)
[2026-06-18T04:08:31.952+0000] {subprocess.py:93} INFO - 	at py4j.ClientServerConnection.run(ClientServerConnection.java:106)
[2026-06-18T04:08:31.955+0000] {subprocess.py:93} INFO - 	at java.base/java.lang.Thread.run(Thread.java:840)
[2026-06-18T04:08:31.958+0000] {subprocess.py:93} INFO - 
[2026-06-18T04:08:32.428+0000] {subprocess.py:97} INFO - Command exited with return code 1
[2026-06-18T04:08:32.439+0000] {taskinstance.py:441} INFO - ::group::Post task execution logs
[2026-06-18T04:08:32.478+0000] {taskinstance.py:2905} ERROR - Task failed with exception
Traceback (most recent call last):
  File "/home/airflow/.local/lib/python3.12/site-packages/airflow/models/taskinstance.py", line 465, in _execute_task
    result = _execute_callable(context=context, **execute_callable_kwargs)
             ^^^^^^^^^^^^^^^^^^^^^^^^^^^^^^^^^^^^^^^^^^^^^^^^^^^^^^^^^^^^^
  File "/home/airflow/.local/lib/python3.12/site-packages/airflow/models/taskinstance.py", line 432, in _execute_callable
    return execute_callable(context=context, **execute_callable_kwargs)
           ^^^^^^^^^^^^^^^^^^^^^^^^^^^^^^^^^^^^^^^^^^^^^^^^^^^^^^^^^^^^
  File "/home/airflow/.local/lib/python3.12/site-packages/airflow/models/baseoperator.py", line 401, in wrapper
    return func(self, *args, **kwargs)
           ^^^^^^^^^^^^^^^^^^^^^^^^^^^
  File "/home/airflow/.local/lib/python3.12/site-packages/airflow/operators/bash.py", line 243, in execute
    raise AirflowException(
airflow.exceptions.AirflowException: Bash command failed. The command returned a non-zero exit code 1.
[2026-06-18T04:08:32.506+0000] {taskinstance.py:1206} INFO - Marking task as UP_FOR_RETRY. dag_id=credit_default_ml_pipeline, task_id=label_pipeline.label_silver_lms, run_id=scheduled__2024-01-01T00:00:00+00:00, execution_date=20240101T000000, start_date=20260618T040813, end_date=20260618T040832
[2026-06-18T04:08:32.688+0000] {standard_task_runner.py:110} ERROR - Failed to execute job 1128 for task label_pipeline.label_silver_lms (Bash command failed. The command returned a non-zero exit code 1.; 63513)
[2026-06-18T04:08:32.715+0000] {local_task_job_runner.py:243} INFO - Task exited with return code 1
[2026-06-18T04:08:33.040+0000] {taskinstance.py:3503} INFO - 0 downstream tasks scheduled from follow-on schedule check
[2026-06-18T04:08:33.046+0000] {local_task_job_runner.py:222} INFO - ::endgroup::
