[2026-06-16T14:53:27.794+0000] {local_task_job_runner.py:120} INFO - ::group::Pre task execution logs
[2026-06-16T14:53:27.815+0000] {taskinstance.py:2076} INFO - Dependencies all met for dep_context=non-requeueable deps ti=<TaskInstance: credit_default_ml_pipeline.label_pipeline.label_silver_lms scheduled__2023-05-01T00:00:00+00:00 [queued]>
[2026-06-16T14:53:27.821+0000] {taskinstance.py:2076} INFO - Dependencies all met for dep_context=requeueable deps ti=<TaskInstance: credit_default_ml_pipeline.label_pipeline.label_silver_lms scheduled__2023-05-01T00:00:00+00:00 [queued]>
[2026-06-16T14:53:27.822+0000] {taskinstance.py:2306} INFO - Starting attempt 1 of 2
[2026-06-16T14:53:27.829+0000] {taskinstance.py:2330} INFO - Executing <Task(BashOperator): label_pipeline.label_silver_lms> on 2023-05-01 00:00:00+00:00
[2026-06-16T14:53:27.835+0000] {logging_mixin.py:188} WARNING - /home/***/.local/lib/python3.12/site-packages/***/task/task_runner/standard_task_runner.py:62 DeprecationWarning: This process (pid=30801) is multi-threaded, use of fork() may lead to deadlocks in the child.
[2026-06-16T14:53:27.835+0000] {standard_task_runner.py:90} INFO - Running: ['***', 'tasks', 'run', 'credit_default_ml_pipeline', 'label_pipeline.label_silver_lms', 'scheduled__2023-05-01T00:00:00+00:00', '--job-id', '144', '--raw', '--subdir', 'DAGS_FOLDER/dag.py', '--cfg-path', '/tmp/tmp158grn9h']
[2026-06-16T14:53:27.836+0000] {standard_task_runner.py:64} INFO - Started process 30806 to run task
[2026-06-16T14:53:27.836+0000] {standard_task_runner.py:91} INFO - Job 144: Subtask label_pipeline.label_silver_lms
[2026-06-16T14:53:27.873+0000] {task_command.py:426} INFO - Running <TaskInstance: credit_default_ml_pipeline.label_pipeline.label_silver_lms scheduled__2023-05-01T00:00:00+00:00 [running]> on host 1cab6e97738a
[2026-06-16T14:53:27.909+0000] {taskinstance.py:2648} INFO - Exporting env vars: AIRFLOW_CTX_DAG_OWNER='***' AIRFLOW_CTX_DAG_ID='credit_default_ml_pipeline' AIRFLOW_CTX_TASK_ID='label_pipeline.label_silver_lms' AIRFLOW_CTX_EXECUTION_DATE='2023-05-01T00:00:00+00:00' AIRFLOW_CTX_TRY_NUMBER='1' AIRFLOW_CTX_DAG_RUN_ID='scheduled__2023-05-01T00:00:00+00:00'
[2026-06-16T14:53:27.911+0000] {taskinstance.py:430} INFO - ::endgroup::
[2026-06-16T14:53:27.921+0000] {subprocess.py:63} INFO - Tmp dir root location: /tmp
[2026-06-16T14:53:27.921+0000] {subprocess.py:75} INFO - Running command: ['/usr/bin/bash', '-c', 'cd /opt/***/scripts && python3 silver_processing.py --snapshotdate "2023-05-01" --source lms']
[2026-06-16T14:53:27.926+0000] {subprocess.py:86} INFO - Output:
[2026-06-16T14:53:29.627+0000] {subprocess.py:93} INFO - Setting default log level to "WARN".
[2026-06-16T14:53:29.628+0000] {subprocess.py:93} INFO - To adjust logging level use sc.setLogLevel(newLevel). For SparkR, use setLogLevel(newLevel).
[2026-06-16T14:53:29.824+0000] {subprocess.py:93} INFO - 26/06/16 14:53:29 WARN NativeCodeLoader: Unable to load native-hadoop library for your platform... using builtin-java classes where applicable
[2026-06-16T14:53:30.470+0000] {subprocess.py:93} INFO - 26/06/16 14:53:30 WARN Utils: Service 'SparkUI' could not bind on port 4040. Attempting port 4041.
[2026-06-16T14:53:37.281+0000] {subprocess.py:93} INFO - [Stage 5:>                                                          (0 + 1) / 1]
[2026-06-16T14:53:37.283+0000] {subprocess.py:93} INFO - --- silver lms 2023-05-01 ---
[2026-06-16T14:53:37.285+0000] {subprocess.py:93} INFO - 
[2026-06-16T14:53:37.286+0000] {subprocess.py:93} INFO - [silver:lms] loaded datamart/bronze/lms/bronze_lms_2023_05_01.csv rows: 2568
[2026-06-16T14:53:37.287+0000] {subprocess.py:93} INFO - [silver:lms] saved to: datamart/silver/lms/2023_05_01.parquet
[2026-06-16T14:53:37.288+0000] {subprocess.py:93} INFO - 
[2026-06-16T14:53:37.289+0000] {subprocess.py:93} INFO - --- done ---
[2026-06-16T14:53:37.290+0000] {subprocess.py:93} INFO - 
[2026-06-16T14:53:37.702+0000] {subprocess.py:97} INFO - Command exited with return code 0
[2026-06-16T14:53:37.704+0000] {taskinstance.py:441} INFO - ::group::Post task execution logs
[2026-06-16T14:53:37.726+0000] {taskinstance.py:1206} INFO - Marking task as SUCCESS. dag_id=credit_default_ml_pipeline, task_id=label_pipeline.label_silver_lms, run_id=scheduled__2023-05-01T00:00:00+00:00, execution_date=20230501T000000, start_date=20260616T145327, end_date=20260616T145337
[2026-06-16T14:53:37.754+0000] {local_task_job_runner.py:243} INFO - Task exited with return code 0
[2026-06-16T14:53:37.785+0000] {taskinstance.py:3503} INFO - 0 downstream tasks scheduled from follow-on schedule check
[2026-06-16T14:53:37.787+0000] {local_task_job_runner.py:222} INFO - ::endgroup::
[2026-06-20T05:45:20.134+0000] {local_task_job_runner.py:120} INFO - ::group::Pre task execution logs
[2026-06-20T05:45:20.148+0000] {taskinstance.py:2076} INFO - Dependencies all met for dep_context=non-requeueable deps ti=<TaskInstance: credit_default_ml_pipeline.label_pipeline.label_silver_lms scheduled__2023-05-01T00:00:00+00:00 [queued]>
[2026-06-20T05:45:20.153+0000] {taskinstance.py:2076} INFO - Dependencies all met for dep_context=requeueable deps ti=<TaskInstance: credit_default_ml_pipeline.label_pipeline.label_silver_lms scheduled__2023-05-01T00:00:00+00:00 [queued]>
[2026-06-20T05:45:20.153+0000] {taskinstance.py:2306} INFO - Starting attempt 1 of 2
[2026-06-20T05:45:20.160+0000] {taskinstance.py:2330} INFO - Executing <Task(BashOperator): label_pipeline.label_silver_lms> on 2023-05-01 00:00:00+00:00
[2026-06-20T05:45:20.164+0000] {logging_mixin.py:188} WARNING - /home/***/.local/lib/python3.12/site-packages/***/task/task_runner/standard_task_runner.py:62 DeprecationWarning: This process (pid=24051) is multi-threaded, use of fork() may lead to deadlocks in the child.
[2026-06-20T05:45:20.165+0000] {standard_task_runner.py:64} INFO - Started process 24057 to run task
[2026-06-20T05:45:20.165+0000] {standard_task_runner.py:90} INFO - Running: ['***', 'tasks', 'run', 'credit_default_ml_pipeline', 'label_pipeline.label_silver_lms', 'scheduled__2023-05-01T00:00:00+00:00', '--job-id', '1521', '--raw', '--subdir', 'DAGS_FOLDER/dag.py', '--cfg-path', '/tmp/tmppx3dpzng']
[2026-06-20T05:45:20.167+0000] {standard_task_runner.py:91} INFO - Job 1521: Subtask label_pipeline.label_silver_lms
[2026-06-20T05:45:20.299+0000] {task_command.py:426} INFO - Running <TaskInstance: credit_default_ml_pipeline.label_pipeline.label_silver_lms scheduled__2023-05-01T00:00:00+00:00 [running]> on host 9cf341f51c89
[2026-06-20T05:45:20.332+0000] {taskinstance.py:2648} INFO - Exporting env vars: AIRFLOW_CTX_DAG_OWNER='***' AIRFLOW_CTX_DAG_ID='credit_default_ml_pipeline' AIRFLOW_CTX_TASK_ID='label_pipeline.label_silver_lms' AIRFLOW_CTX_EXECUTION_DATE='2023-05-01T00:00:00+00:00' AIRFLOW_CTX_TRY_NUMBER='1' AIRFLOW_CTX_DAG_RUN_ID='scheduled__2023-05-01T00:00:00+00:00'
[2026-06-20T05:45:20.333+0000] {taskinstance.py:430} INFO - ::endgroup::
[2026-06-20T05:45:20.340+0000] {subprocess.py:63} INFO - Tmp dir root location: /tmp
[2026-06-20T05:45:20.342+0000] {subprocess.py:75} INFO - Running command: ['/usr/bin/bash', '-c', 'cd /opt/***/scripts && python3 silver_processing.py --snapshotdate "2023-05-01" --source lms']
[2026-06-20T05:45:20.348+0000] {subprocess.py:86} INFO - Output:
[2026-06-20T05:45:22.101+0000] {subprocess.py:93} INFO - Setting default log level to "WARN".
[2026-06-20T05:45:22.102+0000] {subprocess.py:93} INFO - To adjust logging level use sc.setLogLevel(newLevel). For SparkR, use setLogLevel(newLevel).
[2026-06-20T05:45:22.338+0000] {subprocess.py:93} INFO - 26/06/20 05:45:22 WARN NativeCodeLoader: Unable to load native-hadoop library for your platform... using builtin-java classes where applicable
[2026-06-20T05:45:23.024+0000] {subprocess.py:93} INFO - 26/06/20 05:45:23 WARN Utils: Service 'SparkUI' could not bind on port 4040. Attempting port 4041.
[2026-06-20T05:45:23.025+0000] {subprocess.py:93} INFO - 26/06/20 05:45:23 WARN Utils: Service 'SparkUI' could not bind on port 4041. Attempting port 4042.
[2026-06-20T05:45:23.028+0000] {subprocess.py:93} INFO - 26/06/20 05:45:23 WARN Utils: Service 'SparkUI' could not bind on port 4042. Attempting port 4043.
[2026-06-20T05:45:29.385+0000] {subprocess.py:93} INFO - [Stage 5:>                                                          (0 + 1) / 1]                                                                                26/06/20 05:45:29 ERROR FileFormatWriter: Aborting job da5478f7-8cd6-422a-bfdc-33490ecf2def.
[2026-06-20T05:45:29.386+0000] {subprocess.py:93} INFO - java.io.FileNotFoundException: File file:/opt/***/scripts/datamart/silver/lms/2023_05_01.parquet/_temporary/0 does not exist
[2026-06-20T05:45:29.387+0000] {subprocess.py:93} INFO - 	at org.apache.hadoop.fs.RawLocalFileSystem.listStatus(RawLocalFileSystem.java:597)
[2026-06-20T05:45:29.389+0000] {subprocess.py:93} INFO - 	at org.apache.hadoop.fs.FileSystem.listStatus(FileSystem.java:1972)
[2026-06-20T05:45:29.389+0000] {subprocess.py:93} INFO - 	at org.apache.hadoop.fs.FileSystem.listStatus(FileSystem.java:2014)
[2026-06-20T05:45:29.390+0000] {subprocess.py:93} INFO - 	at org.apache.hadoop.fs.ChecksumFileSystem.listStatus(ChecksumFileSystem.java:761)
[2026-06-20T05:45:29.391+0000] {subprocess.py:93} INFO - 	at org.apache.hadoop.fs.FileSystem.listStatus(FileSystem.java:1972)
[2026-06-20T05:45:29.393+0000] {subprocess.py:93} INFO - 	at org.apache.hadoop.fs.FileSystem.listStatus(FileSystem.java:2014)
[2026-06-20T05:45:29.394+0000] {subprocess.py:93} INFO - 	at org.apache.hadoop.mapreduce.lib.output.FileOutputCommitter.getAllCommittedTaskPaths(FileOutputCommitter.java:334)
[2026-06-20T05:45:29.395+0000] {subprocess.py:93} INFO - 	at org.apache.hadoop.mapreduce.lib.output.FileOutputCommitter.commitJobInternal(FileOutputCommitter.java:404)
[2026-06-20T05:45:29.397+0000] {subprocess.py:93} INFO - 	at org.apache.hadoop.mapreduce.lib.output.FileOutputCommitter.commitJob(FileOutputCommitter.java:377)
[2026-06-20T05:45:29.398+0000] {subprocess.py:93} INFO - 	at org.apache.parquet.hadoop.ParquetOutputCommitter.commitJob(ParquetOutputCommitter.java:48)
[2026-06-20T05:45:29.399+0000] {subprocess.py:93} INFO - 	at org.apache.spark.internal.io.HadoopMapReduceCommitProtocol.commitJob(HadoopMapReduceCommitProtocol.scala:192)
[2026-06-20T05:45:29.400+0000] {subprocess.py:93} INFO - 	at org.apache.spark.sql.execution.datasources.FileFormatWriter$.$anonfun$writeAndCommit$3(FileFormatWriter.scala:275)
[2026-06-20T05:45:29.402+0000] {subprocess.py:93} INFO - 	at scala.runtime.java8.JFunction0$mcV$sp.apply(JFunction0$mcV$sp.java:23)
[2026-06-20T05:45:29.403+0000] {subprocess.py:93} INFO - 	at org.apache.spark.util.Utils$.timeTakenMs(Utils.scala:552)
[2026-06-20T05:45:29.404+0000] {subprocess.py:93} INFO - 	at org.apache.spark.sql.execution.datasources.FileFormatWriter$.writeAndCommit(FileFormatWriter.scala:275)
[2026-06-20T05:45:29.405+0000] {subprocess.py:93} INFO - 	at org.apache.spark.sql.execution.datasources.FileFormatWriter$.executeWrite(FileFormatWriter.scala:304)
[2026-06-20T05:45:29.406+0000] {subprocess.py:93} INFO - 	at org.apache.spark.sql.execution.datasources.FileFormatWriter$.write(FileFormatWriter.scala:190)
[2026-06-20T05:45:29.407+0000] {subprocess.py:93} INFO - 	at org.apache.spark.sql.execution.datasources.InsertIntoHadoopFsRelationCommand.run(InsertIntoHadoopFsRelationCommand.scala:190)
[2026-06-20T05:45:29.408+0000] {subprocess.py:93} INFO - 	at org.apache.spark.sql.execution.command.DataWritingCommandExec.sideEffectResult$lzycompute(commands.scala:113)
[2026-06-20T05:45:29.408+0000] {subprocess.py:93} INFO - 	at org.apache.spark.sql.execution.command.DataWritingCommandExec.sideEffectResult(commands.scala:111)
[2026-06-20T05:45:29.409+0000] {subprocess.py:93} INFO - 	at org.apache.spark.sql.execution.command.DataWritingCommandExec.executeCollect(commands.scala:125)
[2026-06-20T05:45:29.411+0000] {subprocess.py:93} INFO - 	at org.apache.spark.sql.execution.QueryExecution$$anonfun$eagerlyExecuteCommands$1.$anonfun$applyOrElse$1(QueryExecution.scala:107)
[2026-06-20T05:45:29.412+0000] {subprocess.py:93} INFO - 	at org.apache.spark.sql.execution.SQLExecution$.$anonfun$withNewExecutionId$6(SQLExecution.scala:125)
[2026-06-20T05:45:29.413+0000] {subprocess.py:93} INFO - 	at org.apache.spark.sql.execution.SQLExecution$.withSQLConfPropagated(SQLExecution.scala:201)
[2026-06-20T05:45:29.414+0000] {subprocess.py:93} INFO - 	at org.apache.spark.sql.execution.SQLExecution$.$anonfun$withNewExecutionId$1(SQLExecution.scala:108)
[2026-06-20T05:45:29.415+0000] {subprocess.py:93} INFO - 	at org.apache.spark.sql.SparkSession.withActive(SparkSession.scala:900)
[2026-06-20T05:45:29.416+0000] {subprocess.py:93} INFO - 	at org.apache.spark.sql.execution.SQLExecution$.withNewExecutionId(SQLExecution.scala:66)
[2026-06-20T05:45:29.417+0000] {subprocess.py:93} INFO - 	at org.apache.spark.sql.execution.QueryExecution$$anonfun$eagerlyExecuteCommands$1.applyOrElse(QueryExecution.scala:107)
[2026-06-20T05:45:29.418+0000] {subprocess.py:93} INFO - 	at org.apache.spark.sql.execution.QueryExecution$$anonfun$eagerlyExecuteCommands$1.applyOrElse(QueryExecution.scala:98)
[2026-06-20T05:45:29.419+0000] {subprocess.py:93} INFO - 	at org.apache.spark.sql.catalyst.trees.TreeNode.$anonfun$transformDownWithPruning$1(TreeNode.scala:461)
[2026-06-20T05:45:29.420+0000] {subprocess.py:93} INFO - 	at org.apache.spark.sql.catalyst.trees.CurrentOrigin$.withOrigin(origin.scala:76)
[2026-06-20T05:45:29.421+0000] {subprocess.py:93} INFO - 	at org.apache.spark.sql.catalyst.trees.TreeNode.transformDownWithPruning(TreeNode.scala:461)
[2026-06-20T05:45:29.423+0000] {subprocess.py:93} INFO - 	at org.apache.spark.sql.catalyst.plans.logical.LogicalPlan.org$apache$spark$sql$catalyst$plans$logical$AnalysisHelper$$super$transformDownWithPruning(LogicalPlan.scala:32)
[2026-06-20T05:45:29.424+0000] {subprocess.py:93} INFO - 	at org.apache.spark.sql.catalyst.plans.logical.AnalysisHelper.transformDownWithPruning(AnalysisHelper.scala:267)
[2026-06-20T05:45:29.425+0000] {subprocess.py:93} INFO - 	at org.apache.spark.sql.catalyst.plans.logical.AnalysisHelper.transformDownWithPruning$(AnalysisHelper.scala:263)
[2026-06-20T05:45:29.426+0000] {subprocess.py:93} INFO - 	at org.apache.spark.sql.catalyst.plans.logical.LogicalPlan.transformDownWithPruning(LogicalPlan.scala:32)
[2026-06-20T05:45:29.427+0000] {subprocess.py:93} INFO - 	at org.apache.spark.sql.catalyst.plans.logical.LogicalPlan.transformDownWithPruning(LogicalPlan.scala:32)
[2026-06-20T05:45:29.428+0000] {subprocess.py:93} INFO - 	at org.apache.spark.sql.catalyst.trees.TreeNode.transformDown(TreeNode.scala:437)
[2026-06-20T05:45:29.429+0000] {subprocess.py:93} INFO - 	at org.apache.spark.sql.execution.QueryExecution.eagerlyExecuteCommands(QueryExecution.scala:98)
[2026-06-20T05:45:29.432+0000] {subprocess.py:93} INFO - 	at org.apache.spark.sql.execution.QueryExecution.commandExecuted$lzycompute(QueryExecution.scala:85)
[2026-06-20T05:45:29.434+0000] {subprocess.py:93} INFO - 	at org.apache.spark.sql.execution.QueryExecution.commandExecuted(QueryExecution.scala:83)
[2026-06-20T05:45:29.435+0000] {subprocess.py:93} INFO - 	at org.apache.spark.sql.execution.QueryExecution.assertCommandExecuted(QueryExecution.scala:142)
[2026-06-20T05:45:29.436+0000] {subprocess.py:93} INFO - 	at org.apache.spark.sql.DataFrameWriter.runCommand(DataFrameWriter.scala:859)
[2026-06-20T05:45:29.439+0000] {subprocess.py:93} INFO - 	at org.apache.spark.sql.DataFrameWriter.saveToV1Source(DataFrameWriter.scala:388)
[2026-06-20T05:45:29.439+0000] {subprocess.py:93} INFO - 	at org.apache.spark.sql.DataFrameWriter.saveInternal(DataFrameWriter.scala:361)
[2026-06-20T05:45:29.440+0000] {subprocess.py:93} INFO - 	at org.apache.spark.sql.DataFrameWriter.save(DataFrameWriter.scala:240)
[2026-06-20T05:45:29.441+0000] {subprocess.py:93} INFO - 	at org.apache.spark.sql.DataFrameWriter.parquet(DataFrameWriter.scala:792)
[2026-06-20T05:45:29.442+0000] {subprocess.py:93} INFO - 	at java.base/jdk.internal.reflect.NativeMethodAccessorImpl.invoke0(Native Method)
[2026-06-20T05:45:29.444+0000] {subprocess.py:93} INFO - 	at java.base/jdk.internal.reflect.NativeMethodAccessorImpl.invoke(NativeMethodAccessorImpl.java:77)
[2026-06-20T05:45:29.446+0000] {subprocess.py:93} INFO - 	at java.base/jdk.internal.reflect.DelegatingMethodAccessorImpl.invoke(DelegatingMethodAccessorImpl.java:43)
[2026-06-20T05:45:29.448+0000] {subprocess.py:93} INFO - 	at java.base/java.lang.reflect.Method.invoke(Method.java:569)
[2026-06-20T05:45:29.449+0000] {subprocess.py:93} INFO - 	at py4j.reflection.MethodInvoker.invoke(MethodInvoker.java:244)
[2026-06-20T05:45:29.450+0000] {subprocess.py:93} INFO - 	at py4j.reflection.ReflectionEngine.invoke(ReflectionEngine.java:374)
[2026-06-20T05:45:29.450+0000] {subprocess.py:93} INFO - 	at py4j.Gateway.invoke(Gateway.java:282)
[2026-06-20T05:45:29.454+0000] {subprocess.py:93} INFO - 	at py4j.commands.AbstractCommand.invokeMethod(AbstractCommand.java:132)
[2026-06-20T05:45:29.457+0000] {subprocess.py:93} INFO - 	at py4j.commands.CallCommand.execute(CallCommand.java:79)
[2026-06-20T05:45:29.458+0000] {subprocess.py:93} INFO - 	at py4j.ClientServerConnection.waitForCommands(ClientServerConnection.java:182)
[2026-06-20T05:45:29.459+0000] {subprocess.py:93} INFO - 	at py4j.ClientServerConnection.run(ClientServerConnection.java:106)
[2026-06-20T05:45:29.459+0000] {subprocess.py:93} INFO - 	at java.base/java.lang.Thread.run(Thread.java:840)
[2026-06-20T05:45:29.460+0000] {subprocess.py:93} INFO - 
[2026-06-20T05:45:29.461+0000] {subprocess.py:93} INFO - --- silver lms 2023-05-01 ---
[2026-06-20T05:45:29.464+0000] {subprocess.py:93} INFO - 
[2026-06-20T05:45:29.466+0000] {subprocess.py:93} INFO - [silver:lms] loaded datamart/bronze/lms/bronze_lms_2023_05_01.csv rows: 2568
[2026-06-20T05:45:29.466+0000] {subprocess.py:93} INFO - Traceback (most recent call last):
[2026-06-20T05:45:29.467+0000] {subprocess.py:93} INFO -   File "/opt/***/scripts/silver_processing.py", line 25, in <module>
[2026-06-20T05:45:29.469+0000] {subprocess.py:93} INFO -     main(a.snapshotdate, a.source)
[2026-06-20T05:45:29.470+0000] {subprocess.py:93} INFO -   File "/opt/***/scripts/silver_processing.py", line 13, in main
[2026-06-20T05:45:29.471+0000] {subprocess.py:93} INFO -     silver.process_silver_table(source, snapshotdate,
[2026-06-20T05:45:29.474+0000] {subprocess.py:93} INFO -   File "/opt/***/scripts/utils/data_processing_silver_table.py", line 251, in process_silver_table
[2026-06-20T05:45:29.475+0000] {subprocess.py:93} INFO -     df.write.mode("overwrite").parquet(part)
[2026-06-20T05:45:29.476+0000] {subprocess.py:93} INFO -   File "/home/***/.local/lib/python3.12/site-packages/pyspark/sql/readwriter.py", line 1721, in parquet
[2026-06-20T05:45:29.477+0000] {subprocess.py:93} INFO -     self._jwrite.parquet(path)
[2026-06-20T05:45:29.479+0000] {subprocess.py:93} INFO -   File "/home/***/.local/lib/python3.12/site-packages/py4j/java_gateway.py", line 1322, in __call__
[2026-06-20T05:45:29.480+0000] {subprocess.py:93} INFO -     return_value = get_return_value(
[2026-06-20T05:45:29.482+0000] {subprocess.py:93} INFO -                    ^^^^^^^^^^^^^^^^^
[2026-06-20T05:45:29.483+0000] {subprocess.py:93} INFO -   File "/home/***/.local/lib/python3.12/site-packages/pyspark/errors/exceptions/captured.py", line 179, in deco
[2026-06-20T05:45:29.484+0000] {subprocess.py:93} INFO -     return f(*a, **kw)
[2026-06-20T05:45:29.485+0000] {subprocess.py:93} INFO -            ^^^^^^^^^^^
[2026-06-20T05:45:29.487+0000] {subprocess.py:93} INFO -   File "/home/***/.local/lib/python3.12/site-packages/py4j/protocol.py", line 326, in get_return_value
[2026-06-20T05:45:29.488+0000] {subprocess.py:93} INFO -     raise Py4JJavaError(
[2026-06-20T05:45:29.489+0000] {subprocess.py:93} INFO - py4j.protocol.Py4JJavaError: An error occurred while calling o191.parquet.
[2026-06-20T05:45:29.491+0000] {subprocess.py:93} INFO - : java.io.FileNotFoundException: File file:/opt/***/scripts/datamart/silver/lms/2023_05_01.parquet/_temporary/0 does not exist
[2026-06-20T05:45:29.492+0000] {subprocess.py:93} INFO - 	at org.apache.hadoop.fs.RawLocalFileSystem.listStatus(RawLocalFileSystem.java:597)
[2026-06-20T05:45:29.493+0000] {subprocess.py:93} INFO - 	at org.apache.hadoop.fs.FileSystem.listStatus(FileSystem.java:1972)
[2026-06-20T05:45:29.493+0000] {subprocess.py:93} INFO - 	at org.apache.hadoop.fs.FileSystem.listStatus(FileSystem.java:2014)
[2026-06-20T05:45:29.495+0000] {subprocess.py:93} INFO - 	at org.apache.hadoop.fs.ChecksumFileSystem.listStatus(ChecksumFileSystem.java:761)
[2026-06-20T05:45:29.495+0000] {subprocess.py:93} INFO - 	at org.apache.hadoop.fs.FileSystem.listStatus(FileSystem.java:1972)
[2026-06-20T05:45:29.496+0000] {subprocess.py:93} INFO - 	at org.apache.hadoop.fs.FileSystem.listStatus(FileSystem.java:2014)
[2026-06-20T05:45:29.497+0000] {subprocess.py:93} INFO - 	at org.apache.hadoop.mapreduce.lib.output.FileOutputCommitter.getAllCommittedTaskPaths(FileOutputCommitter.java:334)
[2026-06-20T05:45:29.498+0000] {subprocess.py:93} INFO - 	at org.apache.hadoop.mapreduce.lib.output.FileOutputCommitter.commitJobInternal(FileOutputCommitter.java:404)
[2026-06-20T05:45:29.499+0000] {subprocess.py:93} INFO - 	at org.apache.hadoop.mapreduce.lib.output.FileOutputCommitter.commitJob(FileOutputCommitter.java:377)
[2026-06-20T05:45:29.500+0000] {subprocess.py:93} INFO - 	at org.apache.parquet.hadoop.ParquetOutputCommitter.commitJob(ParquetOutputCommitter.java:48)
[2026-06-20T05:45:29.501+0000] {subprocess.py:93} INFO - 	at org.apache.spark.internal.io.HadoopMapReduceCommitProtocol.commitJob(HadoopMapReduceCommitProtocol.scala:192)
[2026-06-20T05:45:29.502+0000] {subprocess.py:93} INFO - 	at org.apache.spark.sql.execution.datasources.FileFormatWriter$.$anonfun$writeAndCommit$3(FileFormatWriter.scala:275)
[2026-06-20T05:45:29.503+0000] {subprocess.py:93} INFO - 	at scala.runtime.java8.JFunction0$mcV$sp.apply(JFunction0$mcV$sp.java:23)
[2026-06-20T05:45:29.503+0000] {subprocess.py:93} INFO - 	at org.apache.spark.util.Utils$.timeTakenMs(Utils.scala:552)
[2026-06-20T05:45:29.504+0000] {subprocess.py:93} INFO - 	at org.apache.spark.sql.execution.datasources.FileFormatWriter$.writeAndCommit(FileFormatWriter.scala:275)
[2026-06-20T05:45:29.506+0000] {subprocess.py:93} INFO - 	at org.apache.spark.sql.execution.datasources.FileFormatWriter$.executeWrite(FileFormatWriter.scala:304)
[2026-06-20T05:45:29.509+0000] {subprocess.py:93} INFO - 	at org.apache.spark.sql.execution.datasources.FileFormatWriter$.write(FileFormatWriter.scala:190)
[2026-06-20T05:45:29.511+0000] {subprocess.py:93} INFO - 	at org.apache.spark.sql.execution.datasources.InsertIntoHadoopFsRelationCommand.run(InsertIntoHadoopFsRelationCommand.scala:190)
[2026-06-20T05:45:29.512+0000] {subprocess.py:93} INFO - 	at org.apache.spark.sql.execution.command.DataWritingCommandExec.sideEffectResult$lzycompute(commands.scala:113)
[2026-06-20T05:45:29.513+0000] {subprocess.py:93} INFO - 	at org.apache.spark.sql.execution.command.DataWritingCommandExec.sideEffectResult(commands.scala:111)
[2026-06-20T05:45:29.513+0000] {subprocess.py:93} INFO - 	at org.apache.spark.sql.execution.command.DataWritingCommandExec.executeCollect(commands.scala:125)
[2026-06-20T05:45:29.514+0000] {subprocess.py:93} INFO - 	at org.apache.spark.sql.execution.QueryExecution$$anonfun$eagerlyExecuteCommands$1.$anonfun$applyOrElse$1(QueryExecution.scala:107)
[2026-06-20T05:45:29.516+0000] {subprocess.py:93} INFO - 	at org.apache.spark.sql.execution.SQLExecution$.$anonfun$withNewExecutionId$6(SQLExecution.scala:125)
[2026-06-20T05:45:29.517+0000] {subprocess.py:93} INFO - 	at org.apache.spark.sql.execution.SQLExecution$.withSQLConfPropagated(SQLExecution.scala:201)
[2026-06-20T05:45:29.518+0000] {subprocess.py:93} INFO - 	at org.apache.spark.sql.execution.SQLExecution$.$anonfun$withNewExecutionId$1(SQLExecution.scala:108)
[2026-06-20T05:45:29.520+0000] {subprocess.py:93} INFO - 	at org.apache.spark.sql.SparkSession.withActive(SparkSession.scala:900)
[2026-06-20T05:45:29.522+0000] {subprocess.py:93} INFO - 	at org.apache.spark.sql.execution.SQLExecution$.withNewExecutionId(SQLExecution.scala:66)
[2026-06-20T05:45:29.523+0000] {subprocess.py:93} INFO - 	at org.apache.spark.sql.execution.QueryExecution$$anonfun$eagerlyExecuteCommands$1.applyOrElse(QueryExecution.scala:107)
[2026-06-20T05:45:29.524+0000] {subprocess.py:93} INFO - 	at org.apache.spark.sql.execution.QueryExecution$$anonfun$eagerlyExecuteCommands$1.applyOrElse(QueryExecution.scala:98)
[2026-06-20T05:45:29.526+0000] {subprocess.py:93} INFO - 	at org.apache.spark.sql.catalyst.trees.TreeNode.$anonfun$transformDownWithPruning$1(TreeNode.scala:461)
[2026-06-20T05:45:29.527+0000] {subprocess.py:93} INFO - 	at org.apache.spark.sql.catalyst.trees.CurrentOrigin$.withOrigin(origin.scala:76)
[2026-06-20T05:45:29.528+0000] {subprocess.py:93} INFO - 	at org.apache.spark.sql.catalyst.trees.TreeNode.transformDownWithPruning(TreeNode.scala:461)
[2026-06-20T05:45:29.530+0000] {subprocess.py:93} INFO - 	at org.apache.spark.sql.catalyst.plans.logical.LogicalPlan.org$apache$spark$sql$catalyst$plans$logical$AnalysisHelper$$super$transformDownWithPruning(LogicalPlan.scala:32)
[2026-06-20T05:45:29.532+0000] {subprocess.py:93} INFO - 	at org.apache.spark.sql.catalyst.plans.logical.AnalysisHelper.transformDownWithPruning(AnalysisHelper.scala:267)
[2026-06-20T05:45:29.533+0000] {subprocess.py:93} INFO - 	at org.apache.spark.sql.catalyst.plans.logical.AnalysisHelper.transformDownWithPruning$(AnalysisHelper.scala:263)
[2026-06-20T05:45:29.534+0000] {subprocess.py:93} INFO - 	at org.apache.spark.sql.catalyst.plans.logical.LogicalPlan.transformDownWithPruning(LogicalPlan.scala:32)
[2026-06-20T05:45:29.535+0000] {subprocess.py:93} INFO - 	at org.apache.spark.sql.catalyst.plans.logical.LogicalPlan.transformDownWithPruning(LogicalPlan.scala:32)
[2026-06-20T05:45:29.535+0000] {subprocess.py:93} INFO - 	at org.apache.spark.sql.catalyst.trees.TreeNode.transformDown(TreeNode.scala:437)
[2026-06-20T05:45:29.537+0000] {subprocess.py:93} INFO - 	at org.apache.spark.sql.execution.QueryExecution.eagerlyExecuteCommands(QueryExecution.scala:98)
[2026-06-20T05:45:29.537+0000] {subprocess.py:93} INFO - 	at org.apache.spark.sql.execution.QueryExecution.commandExecuted$lzycompute(QueryExecution.scala:85)
[2026-06-20T05:45:29.539+0000] {subprocess.py:93} INFO - 	at org.apache.spark.sql.execution.QueryExecution.commandExecuted(QueryExecution.scala:83)
[2026-06-20T05:45:29.541+0000] {subprocess.py:93} INFO - 	at org.apache.spark.sql.execution.QueryExecution.assertCommandExecuted(QueryExecution.scala:142)
[2026-06-20T05:45:29.542+0000] {subprocess.py:93} INFO - 	at org.apache.spark.sql.DataFrameWriter.runCommand(DataFrameWriter.scala:859)
[2026-06-20T05:45:29.543+0000] {subprocess.py:93} INFO - 	at org.apache.spark.sql.DataFrameWriter.saveToV1Source(DataFrameWriter.scala:388)
[2026-06-20T05:45:29.544+0000] {subprocess.py:93} INFO - 	at org.apache.spark.sql.DataFrameWriter.saveInternal(DataFrameWriter.scala:361)
[2026-06-20T05:45:29.545+0000] {subprocess.py:93} INFO - 	at org.apache.spark.sql.DataFrameWriter.save(DataFrameWriter.scala:240)
[2026-06-20T05:45:29.546+0000] {subprocess.py:93} INFO - 	at org.apache.spark.sql.DataFrameWriter.parquet(DataFrameWriter.scala:792)
[2026-06-20T05:45:29.547+0000] {subprocess.py:93} INFO - 	at java.base/jdk.internal.reflect.NativeMethodAccessorImpl.invoke0(Native Method)
[2026-06-20T05:45:29.548+0000] {subprocess.py:93} INFO - 	at java.base/jdk.internal.reflect.NativeMethodAccessorImpl.invoke(NativeMethodAccessorImpl.java:77)
[2026-06-20T05:45:29.550+0000] {subprocess.py:93} INFO - 	at java.base/jdk.internal.reflect.DelegatingMethodAccessorImpl.invoke(DelegatingMethodAccessorImpl.java:43)
[2026-06-20T05:45:29.552+0000] {subprocess.py:93} INFO - 	at java.base/java.lang.reflect.Method.invoke(Method.java:569)
[2026-06-20T05:45:29.553+0000] {subprocess.py:93} INFO - 	at py4j.reflection.MethodInvoker.invoke(MethodInvoker.java:244)
[2026-06-20T05:45:29.554+0000] {subprocess.py:93} INFO - 	at py4j.reflection.ReflectionEngine.invoke(ReflectionEngine.java:374)
[2026-06-20T05:45:29.555+0000] {subprocess.py:93} INFO - 	at py4j.Gateway.invoke(Gateway.java:282)
[2026-06-20T05:45:29.555+0000] {subprocess.py:93} INFO - 	at py4j.commands.AbstractCommand.invokeMethod(AbstractCommand.java:132)
[2026-06-20T05:45:29.556+0000] {subprocess.py:93} INFO - 	at py4j.commands.CallCommand.execute(CallCommand.java:79)
[2026-06-20T05:45:29.557+0000] {subprocess.py:93} INFO - 	at py4j.ClientServerConnection.waitForCommands(ClientServerConnection.java:182)
[2026-06-20T05:45:29.558+0000] {subprocess.py:93} INFO - 	at py4j.ClientServerConnection.run(ClientServerConnection.java:106)
[2026-06-20T05:45:29.559+0000] {subprocess.py:93} INFO - 	at java.base/java.lang.Thread.run(Thread.java:840)
[2026-06-20T05:45:29.560+0000] {subprocess.py:93} INFO - 
[2026-06-20T05:45:29.895+0000] {subprocess.py:97} INFO - Command exited with return code 1
[2026-06-20T05:45:29.896+0000] {taskinstance.py:441} INFO - ::group::Post task execution logs
[2026-06-20T05:45:29.909+0000] {taskinstance.py:2905} ERROR - Task failed with exception
Traceback (most recent call last):
  File "/home/airflow/.local/lib/python3.12/site-packages/airflow/models/taskinstance.py", line 465, in _execute_task
    result = _execute_callable(context=context, **execute_callable_kwargs)
             ^^^^^^^^^^^^^^^^^^^^^^^^^^^^^^^^^^^^^^^^^^^^^^^^^^^^^^^^^^^^^
  File "/home/airflow/.local/lib/python3.12/site-packages/airflow/models/taskinstance.py", line 432, in _execute_callable
    return execute_callable(context=context, **execute_callable_kwargs)
           ^^^^^^^^^^^^^^^^^^^^^^^^^^^^^^^^^^^^^^^^^^^^^^^^^^^^^^^^^^^^
  File "/home/airflow/.local/lib/python3.12/site-packages/airflow/models/baseoperator.py", line 401, in wrapper
    return func(self, *args, **kwargs)
           ^^^^^^^^^^^^^^^^^^^^^^^^^^^
  File "/home/airflow/.local/lib/python3.12/site-packages/airflow/operators/bash.py", line 243, in execute
    raise AirflowException(
airflow.exceptions.AirflowException: Bash command failed. The command returned a non-zero exit code 1.
[2026-06-20T05:45:29.914+0000] {taskinstance.py:1206} INFO - Marking task as UP_FOR_RETRY. dag_id=credit_default_ml_pipeline, task_id=label_pipeline.label_silver_lms, run_id=scheduled__2023-05-01T00:00:00+00:00, execution_date=20230501T000000, start_date=20260620T054520, end_date=20260620T054529
[2026-06-20T05:45:29.926+0000] {standard_task_runner.py:110} ERROR - Failed to execute job 1521 for task label_pipeline.label_silver_lms (Bash command failed. The command returned a non-zero exit code 1.; 24057)
[2026-06-20T05:45:29.962+0000] {local_task_job_runner.py:243} INFO - Task exited with return code 1
[2026-06-20T05:45:29.972+0000] {local_task_job_runner.py:222} INFO - ::endgroup::
[2026-06-20T06:52:16.600+0000] {local_task_job_runner.py:120} INFO - ::group::Pre task execution logs
[2026-06-20T06:52:16.616+0000] {taskinstance.py:2076} INFO - Dependencies all met for dep_context=non-requeueable deps ti=<TaskInstance: credit_default_ml_pipeline.label_pipeline.label_silver_lms scheduled__2023-05-01T00:00:00+00:00 [queued]>
[2026-06-20T06:52:16.625+0000] {taskinstance.py:2076} INFO - Dependencies all met for dep_context=requeueable deps ti=<TaskInstance: credit_default_ml_pipeline.label_pipeline.label_silver_lms scheduled__2023-05-01T00:00:00+00:00 [queued]>
[2026-06-20T06:52:16.626+0000] {taskinstance.py:2306} INFO - Starting attempt 1 of 2
[2026-06-20T06:52:16.640+0000] {taskinstance.py:2330} INFO - Executing <Task(BashOperator): label_pipeline.label_silver_lms> on 2023-05-01 00:00:00+00:00
[2026-06-20T06:52:16.647+0000] {logging_mixin.py:188} WARNING - /home/***/.local/lib/python3.12/site-packages/***/task/task_runner/standard_task_runner.py:62 DeprecationWarning: This process (pid=76810) is multi-threaded, use of fork() may lead to deadlocks in the child.
[2026-06-20T06:52:16.650+0000] {standard_task_runner.py:64} INFO - Started process 76822 to run task
[2026-06-20T06:52:16.648+0000] {standard_task_runner.py:90} INFO - Running: ['***', 'tasks', 'run', 'credit_default_ml_pipeline', 'label_pipeline.label_silver_lms', 'scheduled__2023-05-01T00:00:00+00:00', '--job-id', '1837', '--raw', '--subdir', 'DAGS_FOLDER/dag.py', '--cfg-path', '/tmp/tmpz8tfdc42']
[2026-06-20T06:52:16.652+0000] {standard_task_runner.py:91} INFO - Job 1837: Subtask label_pipeline.label_silver_lms
[2026-06-20T06:52:16.803+0000] {task_command.py:426} INFO - Running <TaskInstance: credit_default_ml_pipeline.label_pipeline.label_silver_lms scheduled__2023-05-01T00:00:00+00:00 [running]> on host 9cf341f51c89
[2026-06-20T06:52:16.843+0000] {taskinstance.py:2648} INFO - Exporting env vars: AIRFLOW_CTX_DAG_OWNER='***' AIRFLOW_CTX_DAG_ID='credit_default_ml_pipeline' AIRFLOW_CTX_TASK_ID='label_pipeline.label_silver_lms' AIRFLOW_CTX_EXECUTION_DATE='2023-05-01T00:00:00+00:00' AIRFLOW_CTX_TRY_NUMBER='1' AIRFLOW_CTX_DAG_RUN_ID='scheduled__2023-05-01T00:00:00+00:00'
[2026-06-20T06:52:16.844+0000] {taskinstance.py:430} INFO - ::endgroup::
[2026-06-20T06:52:16.849+0000] {subprocess.py:63} INFO - Tmp dir root location: /tmp
[2026-06-20T06:52:16.850+0000] {subprocess.py:75} INFO - Running command: ['/usr/bin/bash', '-c', 'cd /opt/***/scripts && python3 silver_processing.py --snapshotdate "2023-05-01" --source lms']
[2026-06-20T06:52:16.858+0000] {subprocess.py:86} INFO - Output:
[2026-06-20T06:52:18.725+0000] {subprocess.py:93} INFO - Setting default log level to "WARN".
[2026-06-20T06:52:18.727+0000] {subprocess.py:93} INFO - To adjust logging level use sc.setLogLevel(newLevel). For SparkR, use setLogLevel(newLevel).
[2026-06-20T06:52:18.946+0000] {subprocess.py:93} INFO - 26/06/20 06:52:18 WARN NativeCodeLoader: Unable to load native-hadoop library for your platform... using builtin-java classes where applicable
[2026-06-20T06:52:27.573+0000] {subprocess.py:93} INFO - [Stage 5:>                                                          (0 + 1) / 1]
[2026-06-20T06:52:27.575+0000] {subprocess.py:93} INFO - --- silver lms 2023-05-01 ---
[2026-06-20T06:52:27.577+0000] {subprocess.py:93} INFO - 
[2026-06-20T06:52:27.579+0000] {subprocess.py:93} INFO - [silver:lms] loaded datamart/bronze/lms/bronze_lms_2023_05_01.csv rows: 2568
[2026-06-20T06:52:27.580+0000] {subprocess.py:93} INFO - [silver:lms] saved to: datamart/silver/lms/2023_05_01.parquet
[2026-06-20T06:52:27.581+0000] {subprocess.py:93} INFO - 
[2026-06-20T06:52:27.583+0000] {subprocess.py:93} INFO - --- done ---
[2026-06-20T06:52:27.584+0000] {subprocess.py:93} INFO - 
[2026-06-20T06:52:28.036+0000] {subprocess.py:97} INFO - Command exited with return code 0
[2026-06-20T06:52:28.037+0000] {taskinstance.py:441} INFO - ::group::Post task execution logs
[2026-06-20T06:52:28.065+0000] {taskinstance.py:1206} INFO - Marking task as SUCCESS. dag_id=credit_default_ml_pipeline, task_id=label_pipeline.label_silver_lms, run_id=scheduled__2023-05-01T00:00:00+00:00, execution_date=20230501T000000, start_date=20260620T065216, end_date=20260620T065228
[2026-06-20T06:52:28.113+0000] {local_task_job_runner.py:243} INFO - Task exited with return code 0
[2026-06-20T06:52:28.137+0000] {taskinstance.py:3503} INFO - 1 downstream tasks scheduled from follow-on schedule check
[2026-06-20T06:52:28.139+0000] {local_task_job_runner.py:222} INFO - ::endgroup::
[2026-06-20T07:20:36.032+0000] {local_task_job_runner.py:120} INFO - ::group::Pre task execution logs
[2026-06-20T07:20:36.075+0000] {taskinstance.py:2076} INFO - Dependencies all met for dep_context=non-requeueable deps ti=<TaskInstance: credit_default_ml_pipeline.label_pipeline.label_silver_lms scheduled__2023-05-01T00:00:00+00:00 [queued]>
[2026-06-20T07:20:36.087+0000] {taskinstance.py:2076} INFO - Dependencies all met for dep_context=requeueable deps ti=<TaskInstance: credit_default_ml_pipeline.label_pipeline.label_silver_lms scheduled__2023-05-01T00:00:00+00:00 [queued]>
[2026-06-20T07:20:36.089+0000] {taskinstance.py:2306} INFO - Starting attempt 1 of 2
[2026-06-20T07:20:36.112+0000] {taskinstance.py:2330} INFO - Executing <Task(BashOperator): label_pipeline.label_silver_lms> on 2023-05-01 00:00:00+00:00
[2026-06-20T07:20:36.127+0000] {logging_mixin.py:188} WARNING - /home/***/.local/lib/python3.12/site-packages/***/task/task_runner/standard_task_runner.py:62 DeprecationWarning: This process (pid=8394) is multi-threaded, use of fork() may lead to deadlocks in the child.
[2026-06-20T07:20:36.130+0000] {standard_task_runner.py:64} INFO - Started process 8464 to run task
[2026-06-20T07:20:36.128+0000] {standard_task_runner.py:90} INFO - Running: ['***', 'tasks', 'run', 'credit_default_ml_pipeline', 'label_pipeline.label_silver_lms', 'scheduled__2023-05-01T00:00:00+00:00', '--job-id', '2015', '--raw', '--subdir', 'DAGS_FOLDER/dag.py', '--cfg-path', '/tmp/tmprf7lzmm5']
[2026-06-20T07:20:36.137+0000] {standard_task_runner.py:91} INFO - Job 2015: Subtask label_pipeline.label_silver_lms
[2026-06-20T07:20:36.334+0000] {task_command.py:426} INFO - Running <TaskInstance: credit_default_ml_pipeline.label_pipeline.label_silver_lms scheduled__2023-05-01T00:00:00+00:00 [running]> on host 9cf341f51c89
[2026-06-20T07:20:36.398+0000] {taskinstance.py:2648} INFO - Exporting env vars: AIRFLOW_CTX_DAG_OWNER='***' AIRFLOW_CTX_DAG_ID='credit_default_ml_pipeline' AIRFLOW_CTX_TASK_ID='label_pipeline.label_silver_lms' AIRFLOW_CTX_EXECUTION_DATE='2023-05-01T00:00:00+00:00' AIRFLOW_CTX_TRY_NUMBER='1' AIRFLOW_CTX_DAG_RUN_ID='scheduled__2023-05-01T00:00:00+00:00'
[2026-06-20T07:20:36.400+0000] {taskinstance.py:430} INFO - ::endgroup::
[2026-06-20T07:20:36.410+0000] {subprocess.py:63} INFO - Tmp dir root location: /tmp
[2026-06-20T07:20:36.412+0000] {subprocess.py:75} INFO - Running command: ['/usr/bin/bash', '-c', 'cd /opt/***/scripts && python3 silver_processing.py --snapshotdate "2023-05-01" --source lms']
[2026-06-20T07:20:36.427+0000] {subprocess.py:86} INFO - Output:
[2026-06-20T07:20:39.101+0000] {subprocess.py:93} INFO - Setting default log level to "WARN".
[2026-06-20T07:20:39.113+0000] {subprocess.py:93} INFO - To adjust logging level use sc.setLogLevel(newLevel). For SparkR, use setLogLevel(newLevel).
[2026-06-20T07:20:39.402+0000] {subprocess.py:93} INFO - 26/06/20 07:20:39 WARN NativeCodeLoader: Unable to load native-hadoop library for your platform... using builtin-java classes where applicable
[2026-06-20T07:20:40.630+0000] {subprocess.py:93} INFO - 26/06/20 07:20:40 WARN Utils: Service 'SparkUI' could not bind on port 4040. Attempting port 4041.
[2026-06-20T07:20:40.640+0000] {subprocess.py:93} INFO - 26/06/20 07:20:40 WARN Utils: Service 'SparkUI' could not bind on port 4041. Attempting port 4042.
[2026-06-20T07:20:40.643+0000] {subprocess.py:93} INFO - 26/06/20 07:20:40 WARN Utils: Service 'SparkUI' could not bind on port 4042. Attempting port 4043.
[2026-06-20T07:20:51.457+0000] {subprocess.py:93} INFO - [Stage 5:>                                                          (0 + 1) / 1]
[2026-06-20T07:20:51.460+0000] {subprocess.py:93} INFO - --- silver lms 2023-05-01 ---
[2026-06-20T07:20:51.463+0000] {subprocess.py:93} INFO - 
[2026-06-20T07:20:51.467+0000] {subprocess.py:93} INFO - [silver:lms] loaded datamart/bronze/lms/bronze_lms_2023_05_01.csv rows: 2568
[2026-06-20T07:20:51.469+0000] {subprocess.py:93} INFO - [silver:lms] saved to: datamart/silver/lms/2023_05_01.parquet
[2026-06-20T07:20:51.475+0000] {subprocess.py:93} INFO - 
[2026-06-20T07:20:51.478+0000] {subprocess.py:93} INFO - --- done ---
[2026-06-20T07:20:51.480+0000] {subprocess.py:93} INFO - 
[2026-06-20T07:20:51.925+0000] {subprocess.py:97} INFO - Command exited with return code 0
[2026-06-20T07:20:51.927+0000] {taskinstance.py:441} INFO - ::group::Post task execution logs
[2026-06-20T07:20:51.962+0000] {taskinstance.py:1206} INFO - Marking task as SUCCESS. dag_id=credit_default_ml_pipeline, task_id=label_pipeline.label_silver_lms, run_id=scheduled__2023-05-01T00:00:00+00:00, execution_date=20230501T000000, start_date=20260620T072036, end_date=20260620T072051
[2026-06-20T07:20:51.989+0000] {local_task_job_runner.py:243} INFO - Task exited with return code 0
[2026-06-20T07:20:52.021+0000] {taskinstance.py:3503} INFO - 1 downstream tasks scheduled from follow-on schedule check
[2026-06-20T07:20:52.023+0000] {local_task_job_runner.py:222} INFO - ::endgroup::
[2026-06-20T15:23:00.074+0000] {local_task_job_runner.py:120} INFO - ::group::Pre task execution logs
[2026-06-20T15:23:00.094+0000] {taskinstance.py:2076} INFO - Dependencies all met for dep_context=non-requeueable deps ti=<TaskInstance: credit_default_ml_pipeline.label_pipeline.label_silver_lms scheduled__2023-05-01T00:00:00+00:00 [queued]>
[2026-06-20T15:23:00.101+0000] {taskinstance.py:2076} INFO - Dependencies all met for dep_context=requeueable deps ti=<TaskInstance: credit_default_ml_pipeline.label_pipeline.label_silver_lms scheduled__2023-05-01T00:00:00+00:00 [queued]>
[2026-06-20T15:23:00.102+0000] {taskinstance.py:2306} INFO - Starting attempt 1 of 2
[2026-06-20T15:23:00.116+0000] {taskinstance.py:2330} INFO - Executing <Task(BashOperator): label_pipeline.label_silver_lms> on 2023-05-01 00:00:00+00:00
[2026-06-20T15:23:00.124+0000] {logging_mixin.py:188} WARNING - /home/***/.local/lib/python3.12/site-packages/***/task/task_runner/standard_task_runner.py:62 DeprecationWarning: This process (pid=95415) is multi-threaded, use of fork() may lead to deadlocks in the child.
[2026-06-20T15:23:00.126+0000] {standard_task_runner.py:64} INFO - Started process 95424 to run task
[2026-06-20T15:23:00.124+0000] {standard_task_runner.py:90} INFO - Running: ['***', 'tasks', 'run', 'credit_default_ml_pipeline', 'label_pipeline.label_silver_lms', 'scheduled__2023-05-01T00:00:00+00:00', '--job-id', '2489', '--raw', '--subdir', 'DAGS_FOLDER/dag.py', '--cfg-path', '/tmp/tmppb28zrgi']
[2026-06-20T15:23:00.127+0000] {standard_task_runner.py:91} INFO - Job 2489: Subtask label_pipeline.label_silver_lms
[2026-06-20T15:23:00.276+0000] {task_command.py:426} INFO - Running <TaskInstance: credit_default_ml_pipeline.label_pipeline.label_silver_lms scheduled__2023-05-01T00:00:00+00:00 [running]> on host 9cf341f51c89
[2026-06-20T15:23:00.331+0000] {taskinstance.py:2648} INFO - Exporting env vars: AIRFLOW_CTX_DAG_OWNER='***' AIRFLOW_CTX_DAG_ID='credit_default_ml_pipeline' AIRFLOW_CTX_TASK_ID='label_pipeline.label_silver_lms' AIRFLOW_CTX_EXECUTION_DATE='2023-05-01T00:00:00+00:00' AIRFLOW_CTX_TRY_NUMBER='1' AIRFLOW_CTX_DAG_RUN_ID='scheduled__2023-05-01T00:00:00+00:00'
[2026-06-20T15:23:00.333+0000] {taskinstance.py:430} INFO - ::endgroup::
[2026-06-20T15:23:00.341+0000] {subprocess.py:63} INFO - Tmp dir root location: /tmp
[2026-06-20T15:23:00.344+0000] {subprocess.py:75} INFO - Running command: ['/usr/bin/bash', '-c', 'cd /opt/***/scripts && python3 silver_processing.py --snapshotdate "2023-05-01" --source lms']
[2026-06-20T15:23:00.353+0000] {subprocess.py:86} INFO - Output:
[2026-06-20T15:23:02.180+0000] {subprocess.py:93} INFO - Setting default log level to "WARN".
[2026-06-20T15:23:02.182+0000] {subprocess.py:93} INFO - To adjust logging level use sc.setLogLevel(newLevel). For SparkR, use setLogLevel(newLevel).
[2026-06-20T15:23:02.361+0000] {subprocess.py:93} INFO - 26/06/20 15:23:02 WARN NativeCodeLoader: Unable to load native-hadoop library for your platform... using builtin-java classes where applicable
[2026-06-20T15:23:03.013+0000] {subprocess.py:93} INFO - 26/06/20 15:23:03 WARN Utils: Service 'SparkUI' could not bind on port 4040. Attempting port 4041.
[2026-06-20T15:23:09.828+0000] {subprocess.py:93} INFO - [Stage 5:>                                                          (0 + 1) / 1]
[2026-06-20T15:23:09.829+0000] {subprocess.py:93} INFO - --- silver lms 2023-05-01 ---
[2026-06-20T15:23:09.830+0000] {subprocess.py:93} INFO - 
[2026-06-20T15:23:09.831+0000] {subprocess.py:93} INFO - [silver:lms] loaded datamart/bronze/lms/bronze_lms_2023_05_01.csv rows: 2568
[2026-06-20T15:23:09.832+0000] {subprocess.py:93} INFO - [silver:lms] saved to: datamart/silver/lms/2023_05_01.parquet
[2026-06-20T15:23:09.833+0000] {subprocess.py:93} INFO - 
[2026-06-20T15:23:09.834+0000] {subprocess.py:93} INFO - --- done ---
[2026-06-20T15:23:09.836+0000] {subprocess.py:93} INFO - 
[2026-06-20T15:23:10.277+0000] {subprocess.py:97} INFO - Command exited with return code 0
[2026-06-20T15:23:10.278+0000] {taskinstance.py:441} INFO - ::group::Post task execution logs
[2026-06-20T15:23:10.292+0000] {taskinstance.py:1206} INFO - Marking task as SUCCESS. dag_id=credit_default_ml_pipeline, task_id=label_pipeline.label_silver_lms, run_id=scheduled__2023-05-01T00:00:00+00:00, execution_date=20230501T000000, start_date=20260620T152300, end_date=20260620T152310
[2026-06-20T15:23:10.353+0000] {local_task_job_runner.py:243} INFO - Task exited with return code 0
[2026-06-20T15:23:10.371+0000] {taskinstance.py:3503} INFO - 1 downstream tasks scheduled from follow-on schedule check
[2026-06-20T15:23:10.372+0000] {local_task_job_runner.py:222} INFO - ::endgroup::
[2026-06-20T17:00:01.925+0000] {local_task_job_runner.py:120} INFO - ::group::Pre task execution logs
[2026-06-20T17:00:01.958+0000] {taskinstance.py:2076} INFO - Dependencies all met for dep_context=non-requeueable deps ti=<TaskInstance: credit_default_ml_pipeline.label_pipeline.label_silver_lms scheduled__2023-05-01T00:00:00+00:00 [queued]>
[2026-06-20T17:00:01.967+0000] {taskinstance.py:2076} INFO - Dependencies all met for dep_context=requeueable deps ti=<TaskInstance: credit_default_ml_pipeline.label_pipeline.label_silver_lms scheduled__2023-05-01T00:00:00+00:00 [queued]>
[2026-06-20T17:00:01.968+0000] {taskinstance.py:2306} INFO - Starting attempt 1 of 2
[2026-06-20T17:00:01.980+0000] {taskinstance.py:2330} INFO - Executing <Task(BashOperator): label_pipeline.label_silver_lms> on 2023-05-01 00:00:00+00:00
[2026-06-20T17:00:01.988+0000] {logging_mixin.py:188} WARNING - /home/***/.local/lib/python3.12/site-packages/***/task/task_runner/standard_task_runner.py:62 DeprecationWarning: This process (pid=80229) is multi-threaded, use of fork() may lead to deadlocks in the child.
[2026-06-20T17:00:01.989+0000] {standard_task_runner.py:64} INFO - Started process 80324 to run task
[2026-06-20T17:00:01.990+0000] {standard_task_runner.py:90} INFO - Running: ['***', 'tasks', 'run', 'credit_default_ml_pipeline', 'label_pipeline.label_silver_lms', 'scheduled__2023-05-01T00:00:00+00:00', '--job-id', '2976', '--raw', '--subdir', 'DAGS_FOLDER/dag.py', '--cfg-path', '/tmp/tmpoy2o92u7']
[2026-06-20T17:00:01.996+0000] {standard_task_runner.py:91} INFO - Job 2976: Subtask label_pipeline.label_silver_lms
[2026-06-20T17:00:02.220+0000] {task_command.py:426} INFO - Running <TaskInstance: credit_default_ml_pipeline.label_pipeline.label_silver_lms scheduled__2023-05-01T00:00:00+00:00 [running]> on host 9cf341f51c89
[2026-06-20T17:00:02.276+0000] {taskinstance.py:2648} INFO - Exporting env vars: AIRFLOW_CTX_DAG_OWNER='***' AIRFLOW_CTX_DAG_ID='credit_default_ml_pipeline' AIRFLOW_CTX_TASK_ID='label_pipeline.label_silver_lms' AIRFLOW_CTX_EXECUTION_DATE='2023-05-01T00:00:00+00:00' AIRFLOW_CTX_TRY_NUMBER='1' AIRFLOW_CTX_DAG_RUN_ID='scheduled__2023-05-01T00:00:00+00:00'
[2026-06-20T17:00:02.278+0000] {taskinstance.py:430} INFO - ::endgroup::
[2026-06-20T17:00:02.289+0000] {subprocess.py:63} INFO - Tmp dir root location: /tmp
[2026-06-20T17:00:02.290+0000] {subprocess.py:75} INFO - Running command: ['/usr/bin/bash', '-c', 'cd /opt/***/scripts && python3 silver_processing.py --snapshotdate "2023-05-01" --source lms']
[2026-06-20T17:00:02.302+0000] {subprocess.py:86} INFO - Output:
[2026-06-20T17:00:05.191+0000] {subprocess.py:93} INFO - Setting default log level to "WARN".
[2026-06-20T17:00:05.195+0000] {subprocess.py:93} INFO - To adjust logging level use sc.setLogLevel(newLevel). For SparkR, use setLogLevel(newLevel).
[2026-06-20T17:00:05.361+0000] {subprocess.py:93} INFO - 26/06/20 17:00:05 WARN NativeCodeLoader: Unable to load native-hadoop library for your platform... using builtin-java classes where applicable
[2026-06-20T17:00:06.302+0000] {subprocess.py:93} INFO - 26/06/20 17:00:06 WARN Utils: Service 'SparkUI' could not bind on port 4040. Attempting port 4041.
[2026-06-20T17:00:06.306+0000] {subprocess.py:93} INFO - 26/06/20 17:00:06 WARN Utils: Service 'SparkUI' could not bind on port 4041. Attempting port 4042.
[2026-06-20T17:00:18.035+0000] {subprocess.py:93} INFO - [Stage 5:>                                                          (0 + 1) / 1]
[2026-06-20T17:00:18.039+0000] {subprocess.py:93} INFO - --- silver lms 2023-05-01 ---
[2026-06-20T17:00:18.040+0000] {subprocess.py:93} INFO - 
[2026-06-20T17:00:18.042+0000] {subprocess.py:93} INFO - [silver:lms] loaded datamart/bronze/lms/bronze_lms_2023_05_01.csv rows: 2568
[2026-06-20T17:00:18.045+0000] {subprocess.py:93} INFO - [silver:lms] saved to: datamart/silver/lms/2023_05_01.parquet
[2026-06-20T17:00:18.046+0000] {subprocess.py:93} INFO - 
[2026-06-20T17:00:18.051+0000] {subprocess.py:93} INFO - --- done ---
[2026-06-20T17:00:18.068+0000] {subprocess.py:93} INFO - 
[2026-06-20T17:00:18.540+0000] {subprocess.py:97} INFO - Command exited with return code 0
[2026-06-20T17:00:18.542+0000] {taskinstance.py:441} INFO - ::group::Post task execution logs
[2026-06-20T17:00:18.596+0000] {taskinstance.py:1206} INFO - Marking task as SUCCESS. dag_id=credit_default_ml_pipeline, task_id=label_pipeline.label_silver_lms, run_id=scheduled__2023-05-01T00:00:00+00:00, execution_date=20230501T000000, start_date=20260620T170001, end_date=20260620T170018
[2026-06-20T17:00:18.647+0000] {local_task_job_runner.py:243} INFO - Task exited with return code 0
[2026-06-20T17:00:18.679+0000] {taskinstance.py:3503} INFO - 1 downstream tasks scheduled from follow-on schedule check
[2026-06-20T17:00:18.681+0000] {local_task_job_runner.py:222} INFO - ::endgroup::
[2026-06-20T17:13:33.253+0000] {local_task_job_runner.py:120} INFO - ::group::Pre task execution logs
[2026-06-20T17:13:33.274+0000] {taskinstance.py:2076} INFO - Dependencies all met for dep_context=non-requeueable deps ti=<TaskInstance: credit_default_ml_pipeline.label_pipeline.label_silver_lms scheduled__2023-05-01T00:00:00+00:00 [queued]>
[2026-06-20T17:13:33.280+0000] {taskinstance.py:2076} INFO - Dependencies all met for dep_context=requeueable deps ti=<TaskInstance: credit_default_ml_pipeline.label_pipeline.label_silver_lms scheduled__2023-05-01T00:00:00+00:00 [queued]>
[2026-06-20T17:13:33.281+0000] {taskinstance.py:2306} INFO - Starting attempt 1 of 2
[2026-06-20T17:13:33.291+0000] {taskinstance.py:2330} INFO - Executing <Task(BashOperator): label_pipeline.label_silver_lms> on 2023-05-01 00:00:00+00:00
[2026-06-20T17:13:33.298+0000] {logging_mixin.py:188} WARNING - /home/***/.local/lib/python3.12/site-packages/***/task/task_runner/standard_task_runner.py:62 DeprecationWarning: This process (pid=13397) is multi-threaded, use of fork() may lead to deadlocks in the child.
[2026-06-20T17:13:33.300+0000] {standard_task_runner.py:64} INFO - Started process 13405 to run task
[2026-06-20T17:13:33.300+0000] {standard_task_runner.py:90} INFO - Running: ['***', 'tasks', 'run', 'credit_default_ml_pipeline', 'label_pipeline.label_silver_lms', 'scheduled__2023-05-01T00:00:00+00:00', '--job-id', '3066', '--raw', '--subdir', 'DAGS_FOLDER/dag.py', '--cfg-path', '/tmp/tmp907b2aqs']
[2026-06-20T17:13:33.303+0000] {standard_task_runner.py:91} INFO - Job 3066: Subtask label_pipeline.label_silver_lms
[2026-06-20T17:13:33.453+0000] {task_command.py:426} INFO - Running <TaskInstance: credit_default_ml_pipeline.label_pipeline.label_silver_lms scheduled__2023-05-01T00:00:00+00:00 [running]> on host 9cf341f51c89
[2026-06-20T17:13:33.502+0000] {taskinstance.py:2648} INFO - Exporting env vars: AIRFLOW_CTX_DAG_OWNER='***' AIRFLOW_CTX_DAG_ID='credit_default_ml_pipeline' AIRFLOW_CTX_TASK_ID='label_pipeline.label_silver_lms' AIRFLOW_CTX_EXECUTION_DATE='2023-05-01T00:00:00+00:00' AIRFLOW_CTX_TRY_NUMBER='1' AIRFLOW_CTX_DAG_RUN_ID='scheduled__2023-05-01T00:00:00+00:00'
[2026-06-20T17:13:33.503+0000] {taskinstance.py:430} INFO - ::endgroup::
[2026-06-20T17:13:33.508+0000] {subprocess.py:63} INFO - Tmp dir root location: /tmp
[2026-06-20T17:13:33.509+0000] {subprocess.py:75} INFO - Running command: ['/usr/bin/bash', '-c', 'cd /opt/***/scripts && python3 silver_processing.py --snapshotdate "2023-05-01" --source lms']
[2026-06-20T17:13:33.516+0000] {subprocess.py:86} INFO - Output:
[2026-06-20T17:13:35.260+0000] {subprocess.py:93} INFO - Setting default log level to "WARN".
[2026-06-20T17:13:35.261+0000] {subprocess.py:93} INFO - To adjust logging level use sc.setLogLevel(newLevel). For SparkR, use setLogLevel(newLevel).
[2026-06-20T17:13:35.530+0000] {subprocess.py:93} INFO - 26/06/20 17:13:35 WARN NativeCodeLoader: Unable to load native-hadoop library for your platform... using builtin-java classes where applicable
[2026-06-20T17:13:36.148+0000] {subprocess.py:93} INFO - 26/06/20 17:13:36 WARN Utils: Service 'SparkUI' could not bind on port 4040. Attempting port 4041.
[2026-06-20T17:13:36.152+0000] {subprocess.py:93} INFO - 26/06/20 17:13:36 WARN Utils: Service 'SparkUI' could not bind on port 4041. Attempting port 4042.
[2026-06-20T17:13:36.153+0000] {subprocess.py:93} INFO - 26/06/20 17:13:36 WARN Utils: Service 'SparkUI' could not bind on port 4042. Attempting port 4043.
[2026-06-20T17:13:41.878+0000] {subprocess.py:93} INFO - 26/06/20 17:13:41 ERROR FileOutputCommitter: Mkdirs failed to create file:/opt/***/scripts/datamart/silver/lms/2023_05_01.parquet/_temporary/0
[2026-06-20T17:13:42.943+0000] {subprocess.py:93} INFO - [Stage 5:>                                                          (0 + 1) / 1]
[2026-06-20T17:13:42.944+0000] {subprocess.py:93} INFO - --- silver lms 2023-05-01 ---
[2026-06-20T17:13:42.945+0000] {subprocess.py:93} INFO - 
[2026-06-20T17:13:42.946+0000] {subprocess.py:93} INFO - [silver:lms] loaded datamart/bronze/lms/bronze_lms_2023_05_01.csv rows: 2568
[2026-06-20T17:13:42.946+0000] {subprocess.py:93} INFO - [silver:lms] saved to: datamart/silver/lms/2023_05_01.parquet
[2026-06-20T17:13:42.947+0000] {subprocess.py:93} INFO - 
[2026-06-20T17:13:42.947+0000] {subprocess.py:93} INFO - --- done ---
[2026-06-20T17:13:42.948+0000] {subprocess.py:93} INFO - 
[2026-06-20T17:13:43.375+0000] {subprocess.py:97} INFO - Command exited with return code 0
[2026-06-20T17:13:43.376+0000] {taskinstance.py:441} INFO - ::group::Post task execution logs
[2026-06-20T17:13:43.394+0000] {taskinstance.py:1206} INFO - Marking task as SUCCESS. dag_id=credit_default_ml_pipeline, task_id=label_pipeline.label_silver_lms, run_id=scheduled__2023-05-01T00:00:00+00:00, execution_date=20230501T000000, start_date=20260620T171333, end_date=20260620T171343
[2026-06-20T17:13:43.451+0000] {local_task_job_runner.py:243} INFO - Task exited with return code 0
[2026-06-20T17:13:43.467+0000] {taskinstance.py:3503} INFO - 1 downstream tasks scheduled from follow-on schedule check
[2026-06-20T17:13:43.468+0000] {local_task_job_runner.py:222} INFO - ::endgroup::
[2026-06-21T01:39:13.270+0000] {local_task_job_runner.py:120} INFO - ::group::Pre task execution logs
[2026-06-21T01:39:13.294+0000] {taskinstance.py:2076} INFO - Dependencies all met for dep_context=non-requeueable deps ti=<TaskInstance: credit_default_ml_pipeline.label_pipeline.label_silver_lms scheduled__2023-05-01T00:00:00+00:00 [queued]>
[2026-06-21T01:39:13.298+0000] {taskinstance.py:2076} INFO - Dependencies all met for dep_context=requeueable deps ti=<TaskInstance: credit_default_ml_pipeline.label_pipeline.label_silver_lms scheduled__2023-05-01T00:00:00+00:00 [queued]>
[2026-06-21T01:39:13.298+0000] {taskinstance.py:2306} INFO - Starting attempt 1 of 2
[2026-06-21T01:39:13.308+0000] {taskinstance.py:2330} INFO - Executing <Task(BashOperator): label_pipeline.label_silver_lms> on 2023-05-01 00:00:00+00:00
[2026-06-21T01:39:13.312+0000] {logging_mixin.py:188} WARNING - /home/***/.local/lib/python3.12/site-packages/***/task/task_runner/standard_task_runner.py:62 DeprecationWarning: This process (pid=14017) is multi-threaded, use of fork() may lead to deadlocks in the child.
[2026-06-21T01:39:13.313+0000] {standard_task_runner.py:64} INFO - Started process 14023 to run task
[2026-06-21T01:39:13.314+0000] {standard_task_runner.py:90} INFO - Running: ['***', 'tasks', 'run', 'credit_default_ml_pipeline', 'label_pipeline.label_silver_lms', 'scheduled__2023-05-01T00:00:00+00:00', '--job-id', '3529', '--raw', '--subdir', 'DAGS_FOLDER/dag.py', '--cfg-path', '/tmp/tmpx9jbr69w']
[2026-06-21T01:39:13.316+0000] {standard_task_runner.py:91} INFO - Job 3529: Subtask label_pipeline.label_silver_lms
[2026-06-21T01:39:13.362+0000] {task_command.py:426} INFO - Running <TaskInstance: credit_default_ml_pipeline.label_pipeline.label_silver_lms scheduled__2023-05-01T00:00:00+00:00 [running]> on host f6e9e2801916
[2026-06-21T01:39:13.541+0000] {taskinstance.py:2648} INFO - Exporting env vars: AIRFLOW_CTX_DAG_OWNER='***' AIRFLOW_CTX_DAG_ID='credit_default_ml_pipeline' AIRFLOW_CTX_TASK_ID='label_pipeline.label_silver_lms' AIRFLOW_CTX_EXECUTION_DATE='2023-05-01T00:00:00+00:00' AIRFLOW_CTX_TRY_NUMBER='1' AIRFLOW_CTX_DAG_RUN_ID='scheduled__2023-05-01T00:00:00+00:00'
[2026-06-21T01:39:13.543+0000] {taskinstance.py:430} INFO - ::endgroup::
[2026-06-21T01:39:13.549+0000] {subprocess.py:63} INFO - Tmp dir root location: /tmp
[2026-06-21T01:39:13.550+0000] {subprocess.py:75} INFO - Running command: ['/usr/bin/bash', '-c', 'cd /opt/***/scripts && python3 silver_processing.py --snapshotdate "2023-05-01" --source lms']
[2026-06-21T01:39:13.558+0000] {subprocess.py:86} INFO - Output:
[2026-06-21T01:39:15.483+0000] {subprocess.py:93} INFO - Setting default log level to "WARN".
[2026-06-21T01:39:15.484+0000] {subprocess.py:93} INFO - To adjust logging level use sc.setLogLevel(newLevel). For SparkR, use setLogLevel(newLevel).
[2026-06-21T01:39:15.729+0000] {subprocess.py:93} INFO - 26/06/21 01:39:15 WARN NativeCodeLoader: Unable to load native-hadoop library for your platform... using builtin-java classes where applicable
[2026-06-21T01:39:16.406+0000] {subprocess.py:93} INFO - 26/06/21 01:39:16 WARN Utils: Service 'SparkUI' could not bind on port 4040. Attempting port 4041.
[2026-06-21T01:39:16.407+0000] {subprocess.py:93} INFO - 26/06/21 01:39:16 WARN Utils: Service 'SparkUI' could not bind on port 4041. Attempting port 4042.
[2026-06-21T01:39:16.408+0000] {subprocess.py:93} INFO - 26/06/21 01:39:16 WARN Utils: Service 'SparkUI' could not bind on port 4042. Attempting port 4043.
[2026-06-21T01:39:16.409+0000] {subprocess.py:93} INFO - 26/06/21 01:39:16 WARN Utils: Service 'SparkUI' could not bind on port 4043. Attempting port 4044.
[2026-06-21T01:39:21.789+0000] {subprocess.py:93} INFO - 
[2026-06-21T01:39:21.791+0000] {subprocess.py:93} INFO - --- silver lms 2023-05-01 ---
[2026-06-21T01:39:21.792+0000] {subprocess.py:93} INFO - 
[2026-06-21T01:39:21.793+0000] {subprocess.py:93} INFO - [silver:lms] loaded datamart/bronze/lms/bronze_lms_2023_05_01.csv rows: 2568
[2026-06-21T01:39:21.794+0000] {subprocess.py:93} INFO - Traceback (most recent call last):
[2026-06-21T01:39:21.796+0000] {subprocess.py:93} INFO -   File "/opt/***/scripts/silver_processing.py", line 25, in <module>
[2026-06-21T01:39:21.798+0000] {subprocess.py:93} INFO -     main(a.snapshotdate, a.source)
[2026-06-21T01:39:21.799+0000] {subprocess.py:93} INFO -   File "/opt/***/scripts/silver_processing.py", line 13, in main
[2026-06-21T01:39:21.800+0000] {subprocess.py:93} INFO -     silver.process_silver_table(source, snapshotdate,
[2026-06-21T01:39:21.801+0000] {subprocess.py:93} INFO -   File "/opt/***/scripts/utils/data_processing_silver_table.py", line 258, in process_silver_table
[2026-06-21T01:39:21.802+0000] {subprocess.py:93} INFO -     shutil.rmtree(part)
[2026-06-21T01:39:21.810+0000] {subprocess.py:93} INFO -   File "/usr/local/lib/python3.12/shutil.py", line 759, in rmtree
[2026-06-21T01:39:21.812+0000] {subprocess.py:93} INFO -     _rmtree_safe_fd(stack, onexc)
[2026-06-21T01:39:21.814+0000] {subprocess.py:93} INFO -   File "/usr/local/lib/python3.12/shutil.py", line 703, in _rmtree_safe_fd
[2026-06-21T01:39:21.816+0000] {subprocess.py:93} INFO -     onexc(func, path, err)
[2026-06-21T01:39:21.816+0000] {subprocess.py:93} INFO -   File "/usr/local/lib/python3.12/shutil.py", line 662, in _rmtree_safe_fd
[2026-06-21T01:39:21.817+0000] {subprocess.py:93} INFO -     os.rmdir(name, dir_fd=dirfd)
[2026-06-21T01:39:21.818+0000] {subprocess.py:93} INFO - OSError: [Errno 39] Directory not empty: 'datamart/silver/lms/2023_05_01.parquet'
[2026-06-21T01:39:22.394+0000] {subprocess.py:97} INFO - Command exited with return code 1
[2026-06-21T01:39:22.397+0000] {taskinstance.py:441} INFO - ::group::Post task execution logs
[2026-06-21T01:39:22.416+0000] {taskinstance.py:2905} ERROR - Task failed with exception
Traceback (most recent call last):
  File "/home/airflow/.local/lib/python3.12/site-packages/airflow/models/taskinstance.py", line 465, in _execute_task
    result = _execute_callable(context=context, **execute_callable_kwargs)
             ^^^^^^^^^^^^^^^^^^^^^^^^^^^^^^^^^^^^^^^^^^^^^^^^^^^^^^^^^^^^^
  File "/home/airflow/.local/lib/python3.12/site-packages/airflow/models/taskinstance.py", line 432, in _execute_callable
    return execute_callable(context=context, **execute_callable_kwargs)
           ^^^^^^^^^^^^^^^^^^^^^^^^^^^^^^^^^^^^^^^^^^^^^^^^^^^^^^^^^^^^
  File "/home/airflow/.local/lib/python3.12/site-packages/airflow/models/baseoperator.py", line 401, in wrapper
    return func(self, *args, **kwargs)
           ^^^^^^^^^^^^^^^^^^^^^^^^^^^
  File "/home/airflow/.local/lib/python3.12/site-packages/airflow/operators/bash.py", line 243, in execute
    raise AirflowException(
airflow.exceptions.AirflowException: Bash command failed. The command returned a non-zero exit code 1.
[2026-06-21T01:39:22.435+0000] {taskinstance.py:1206} INFO - Marking task as UP_FOR_RETRY. dag_id=credit_default_ml_pipeline, task_id=label_pipeline.label_silver_lms, run_id=scheduled__2023-05-01T00:00:00+00:00, execution_date=20230501T000000, start_date=20260621T013913, end_date=20260621T013922
[2026-06-21T01:39:22.450+0000] {standard_task_runner.py:110} ERROR - Failed to execute job 3529 for task label_pipeline.label_silver_lms (Bash command failed. The command returned a non-zero exit code 1.; 14023)
[2026-06-21T01:39:22.476+0000] {local_task_job_runner.py:243} INFO - Task exited with return code 1
[2026-06-21T01:39:22.612+0000] {taskinstance.py:3503} INFO - 0 downstream tasks scheduled from follow-on schedule check
[2026-06-21T01:39:22.614+0000] {local_task_job_runner.py:222} INFO - ::endgroup::
[2026-06-21T05:33:37.811+0000] {local_task_job_runner.py:120} INFO - ::group::Pre task execution logs
[2026-06-21T05:33:37.828+0000] {taskinstance.py:2076} INFO - Dependencies all met for dep_context=non-requeueable deps ti=<TaskInstance: credit_default_ml_pipeline.label_pipeline.label_silver_lms scheduled__2023-05-01T00:00:00+00:00 [queued]>
[2026-06-21T05:33:37.834+0000] {taskinstance.py:2076} INFO - Dependencies all met for dep_context=requeueable deps ti=<TaskInstance: credit_default_ml_pipeline.label_pipeline.label_silver_lms scheduled__2023-05-01T00:00:00+00:00 [queued]>
[2026-06-21T05:33:37.834+0000] {taskinstance.py:2306} INFO - Starting attempt 1 of 2
[2026-06-21T05:33:37.850+0000] {taskinstance.py:2330} INFO - Executing <Task(BashOperator): label_pipeline.label_silver_lms> on 2023-05-01 00:00:00+00:00
[2026-06-21T05:33:37.858+0000] {logging_mixin.py:188} WARNING - /home/***/.local/lib/python3.12/site-packages/***/task/task_runner/standard_task_runner.py:62 DeprecationWarning: This process (pid=13610) is multi-threaded, use of fork() may lead to deadlocks in the child.
[2026-06-21T05:33:37.858+0000] {standard_task_runner.py:90} INFO - Running: ['***', 'tasks', 'run', 'credit_default_ml_pipeline', 'label_pipeline.label_silver_lms', 'scheduled__2023-05-01T00:00:00+00:00', '--job-id', '3992', '--raw', '--subdir', 'DAGS_FOLDER/dag.py', '--cfg-path', '/tmp/tmpj13v8fbh']
[2026-06-21T05:33:37.859+0000] {standard_task_runner.py:64} INFO - Started process 13618 to run task
[2026-06-21T05:33:37.861+0000] {standard_task_runner.py:91} INFO - Job 3992: Subtask label_pipeline.label_silver_lms
[2026-06-21T05:33:38.003+0000] {task_command.py:426} INFO - Running <TaskInstance: credit_default_ml_pipeline.label_pipeline.label_silver_lms scheduled__2023-05-01T00:00:00+00:00 [running]> on host 9377a3f0491f
[2026-06-21T05:33:38.044+0000] {taskinstance.py:2648} INFO - Exporting env vars: AIRFLOW_CTX_DAG_OWNER='***' AIRFLOW_CTX_DAG_ID='credit_default_ml_pipeline' AIRFLOW_CTX_TASK_ID='label_pipeline.label_silver_lms' AIRFLOW_CTX_EXECUTION_DATE='2023-05-01T00:00:00+00:00' AIRFLOW_CTX_TRY_NUMBER='1' AIRFLOW_CTX_DAG_RUN_ID='scheduled__2023-05-01T00:00:00+00:00'
[2026-06-21T05:33:38.045+0000] {taskinstance.py:430} INFO - ::endgroup::
[2026-06-21T05:33:38.051+0000] {subprocess.py:63} INFO - Tmp dir root location: /tmp
[2026-06-21T05:33:38.052+0000] {subprocess.py:75} INFO - Running command: ['/usr/bin/bash', '-c', 'cd /opt/***/scripts && python3 silver_processing.py --snapshotdate "2023-05-01" --source lms']
[2026-06-21T05:33:38.056+0000] {subprocess.py:86} INFO - Output:
[2026-06-21T05:33:39.901+0000] {subprocess.py:93} INFO - Setting default log level to "WARN".
[2026-06-21T05:33:39.903+0000] {subprocess.py:93} INFO - To adjust logging level use sc.setLogLevel(newLevel). For SparkR, use setLogLevel(newLevel).
[2026-06-21T05:33:40.118+0000] {subprocess.py:93} INFO - 26/06/21 05:33:40 WARN NativeCodeLoader: Unable to load native-hadoop library for your platform... using builtin-java classes where applicable
[2026-06-21T05:33:47.462+0000] {subprocess.py:93} INFO - 
[2026-06-21T05:33:47.469+0000] {subprocess.py:93} INFO - --- silver lms 2023-05-01 ---
[2026-06-21T05:33:47.471+0000] {subprocess.py:93} INFO - 
[2026-06-21T05:33:47.472+0000] {subprocess.py:93} INFO - [silver:lms] loaded datamart/bronze/lms/bronze_lms_2023_05_01.csv rows: 2568
[2026-06-21T05:33:47.474+0000] {subprocess.py:93} INFO - Traceback (most recent call last):
[2026-06-21T05:33:47.477+0000] {subprocess.py:93} INFO -   File "/opt/***/scripts/silver_processing.py", line 25, in <module>
[2026-06-21T05:33:47.479+0000] {subprocess.py:93} INFO -     main(a.snapshotdate, a.source)
[2026-06-21T05:33:47.481+0000] {subprocess.py:93} INFO -   File "/opt/***/scripts/silver_processing.py", line 13, in main
[2026-06-21T05:33:47.484+0000] {subprocess.py:93} INFO -     silver.process_silver_table(source, snapshotdate,
[2026-06-21T05:33:47.488+0000] {subprocess.py:93} INFO -   File "/opt/***/scripts/utils/data_processing_silver_table.py", line 265, in process_silver_table
[2026-06-21T05:33:47.489+0000] {subprocess.py:93} INFO -     df.coalesce(1).write.mode("overwrite").parquet(part)
[2026-06-21T05:33:47.490+0000] {subprocess.py:93} INFO -   File "/home/***/.local/lib/python3.12/site-packages/pyspark/sql/readwriter.py", line 1721, in parquet
[2026-06-21T05:33:47.491+0000] {subprocess.py:93} INFO -     self._jwrite.parquet(path)
[2026-06-21T05:33:47.492+0000] {subprocess.py:93} INFO -   File "/home/***/.local/lib/python3.12/site-packages/py4j/java_gateway.py", line 1322, in __call__
[2026-06-21T05:33:47.493+0000] {subprocess.py:93} INFO -     return_value = get_return_value(
[2026-06-21T05:33:47.494+0000] {subprocess.py:93} INFO -                    ^^^^^^^^^^^^^^^^^
[2026-06-21T05:33:47.497+0000] {subprocess.py:93} INFO -   File "/home/***/.local/lib/python3.12/site-packages/pyspark/errors/exceptions/captured.py", line 179, in deco
[2026-06-21T05:33:47.498+0000] {subprocess.py:93} INFO -     return f(*a, **kw)
[2026-06-21T05:33:47.500+0000] {subprocess.py:93} INFO -            ^^^^^^^^^^^
[2026-06-21T05:33:47.501+0000] {subprocess.py:93} INFO -   File "/home/***/.local/lib/python3.12/site-packages/py4j/protocol.py", line 326, in get_return_value
[2026-06-21T05:33:47.501+0000] {subprocess.py:93} INFO -     raise Py4JJavaError(
[2026-06-21T05:33:47.503+0000] {subprocess.py:93} INFO - py4j.protocol.Py4JJavaError: An error occurred while calling o192.parquet.
[2026-06-21T05:33:47.504+0000] {subprocess.py:93} INFO - : ExitCodeException exitCode=1: chmod: cannot access '/opt/***/scripts/datamart/silver/lms/2023_05_01.parquet': No such file or directory
[2026-06-21T05:33:47.507+0000] {subprocess.py:93} INFO - 
[2026-06-21T05:33:47.515+0000] {subprocess.py:93} INFO - 	at org.apache.hadoop.util.Shell.runCommand(Shell.java:1007)
[2026-06-21T05:33:47.517+0000] {subprocess.py:93} INFO - 	at org.apache.hadoop.util.Shell.run(Shell.java:900)
[2026-06-21T05:33:47.527+0000] {subprocess.py:93} INFO - 	at org.apache.hadoop.util.Shell$ShellCommandExecutor.execute(Shell.java:1212)
[2026-06-21T05:33:47.530+0000] {subprocess.py:93} INFO - 	at org.apache.hadoop.util.Shell.execCommand(Shell.java:1306)
[2026-06-21T05:33:47.531+0000] {subprocess.py:93} INFO - 	at org.apache.hadoop.util.Shell.execCommand(Shell.java:1288)
[2026-06-21T05:33:47.532+0000] {subprocess.py:93} INFO - 	at org.apache.hadoop.fs.RawLocalFileSystem.setPermission(RawLocalFileSystem.java:978)
[2026-06-21T05:33:47.533+0000] {subprocess.py:93} INFO - 	at org.apache.hadoop.fs.RawLocalFileSystem.mkOneDirWithMode(RawLocalFileSystem.java:660)
[2026-06-21T05:33:47.536+0000] {subprocess.py:93} INFO - 	at org.apache.hadoop.fs.RawLocalFileSystem.mkdirsWithOptionalPermission(RawLocalFileSystem.java:700)
[2026-06-21T05:33:47.551+0000] {subprocess.py:93} INFO - 	at org.apache.hadoop.fs.RawLocalFileSystem.mkdirs(RawLocalFileSystem.java:672)
[2026-06-21T05:33:47.552+0000] {subprocess.py:93} INFO - 	at org.apache.hadoop.fs.RawLocalFileSystem.mkdirsWithOptionalPermission(RawLocalFileSystem.java:699)
[2026-06-21T05:33:47.553+0000] {subprocess.py:93} INFO - 	at org.apache.hadoop.fs.RawLocalFileSystem.mkdirs(RawLocalFileSystem.java:672)
[2026-06-21T05:33:47.555+0000] {subprocess.py:93} INFO - 	at org.apache.hadoop.fs.RawLocalFileSystem.mkdirsWithOptionalPermission(RawLocalFileSystem.java:699)
[2026-06-21T05:33:47.556+0000] {subprocess.py:93} INFO - 	at org.apache.hadoop.fs.RawLocalFileSystem.mkdirs(RawLocalFileSystem.java:672)
[2026-06-21T05:33:47.556+0000] {subprocess.py:93} INFO - 	at org.apache.hadoop.fs.ChecksumFileSystem.mkdirs(ChecksumFileSystem.java:788)
[2026-06-21T05:33:47.557+0000] {subprocess.py:93} INFO - 	at org.apache.hadoop.mapreduce.lib.output.FileOutputCommitter.setupJob(FileOutputCommitter.java:356)
[2026-06-21T05:33:47.558+0000] {subprocess.py:93} INFO - 	at org.apache.spark.internal.io.HadoopMapReduceCommitProtocol.setupJob(HadoopMapReduceCommitProtocol.scala:188)
[2026-06-21T05:33:47.559+0000] {subprocess.py:93} INFO - 	at org.apache.spark.sql.execution.datasources.FileFormatWriter$.writeAndCommit(FileFormatWriter.scala:269)
[2026-06-21T05:33:47.560+0000] {subprocess.py:93} INFO - 	at org.apache.spark.sql.execution.datasources.FileFormatWriter$.executeWrite(FileFormatWriter.scala:304)
[2026-06-21T05:33:47.560+0000] {subprocess.py:93} INFO - 	at org.apache.spark.sql.execution.datasources.FileFormatWriter$.write(FileFormatWriter.scala:190)
[2026-06-21T05:33:47.561+0000] {subprocess.py:93} INFO - 	at org.apache.spark.sql.execution.datasources.InsertIntoHadoopFsRelationCommand.run(InsertIntoHadoopFsRelationCommand.scala:190)
[2026-06-21T05:33:47.562+0000] {subprocess.py:93} INFO - 	at org.apache.spark.sql.execution.command.DataWritingCommandExec.sideEffectResult$lzycompute(commands.scala:113)
[2026-06-21T05:33:47.563+0000] {subprocess.py:93} INFO - 	at org.apache.spark.sql.execution.command.DataWritingCommandExec.sideEffectResult(commands.scala:111)
[2026-06-21T05:33:47.564+0000] {subprocess.py:93} INFO - 	at org.apache.spark.sql.execution.command.DataWritingCommandExec.executeCollect(commands.scala:125)
[2026-06-21T05:33:47.565+0000] {subprocess.py:93} INFO - 	at org.apache.spark.sql.execution.QueryExecution$$anonfun$eagerlyExecuteCommands$1.$anonfun$applyOrElse$1(QueryExecution.scala:107)
[2026-06-21T05:33:47.566+0000] {subprocess.py:93} INFO - 	at org.apache.spark.sql.execution.SQLExecution$.$anonfun$withNewExecutionId$6(SQLExecution.scala:125)
[2026-06-21T05:33:47.568+0000] {subprocess.py:93} INFO - 	at org.apache.spark.sql.execution.SQLExecution$.withSQLConfPropagated(SQLExecution.scala:201)
[2026-06-21T05:33:47.572+0000] {subprocess.py:93} INFO - 	at org.apache.spark.sql.execution.SQLExecution$.$anonfun$withNewExecutionId$1(SQLExecution.scala:108)
[2026-06-21T05:33:47.581+0000] {subprocess.py:93} INFO - 	at org.apache.spark.sql.SparkSession.withActive(SparkSession.scala:900)
[2026-06-21T05:33:47.582+0000] {subprocess.py:93} INFO - 	at org.apache.spark.sql.execution.SQLExecution$.withNewExecutionId(SQLExecution.scala:66)
[2026-06-21T05:33:47.583+0000] {subprocess.py:93} INFO - 	at org.apache.spark.sql.execution.QueryExecution$$anonfun$eagerlyExecuteCommands$1.applyOrElse(QueryExecution.scala:107)
[2026-06-21T05:33:47.584+0000] {subprocess.py:93} INFO - 	at org.apache.spark.sql.execution.QueryExecution$$anonfun$eagerlyExecuteCommands$1.applyOrElse(QueryExecution.scala:98)
[2026-06-21T05:33:47.586+0000] {subprocess.py:93} INFO - 	at org.apache.spark.sql.catalyst.trees.TreeNode.$anonfun$transformDownWithPruning$1(TreeNode.scala:461)
[2026-06-21T05:33:47.588+0000] {subprocess.py:93} INFO - 	at org.apache.spark.sql.catalyst.trees.CurrentOrigin$.withOrigin(origin.scala:76)
[2026-06-21T05:33:47.592+0000] {subprocess.py:93} INFO - 	at org.apache.spark.sql.catalyst.trees.TreeNode.transformDownWithPruning(TreeNode.scala:461)
[2026-06-21T05:33:47.593+0000] {subprocess.py:93} INFO - 	at org.apache.spark.sql.catalyst.plans.logical.LogicalPlan.org$apache$spark$sql$catalyst$plans$logical$AnalysisHelper$$super$transformDownWithPruning(LogicalPlan.scala:32)
[2026-06-21T05:33:47.594+0000] {subprocess.py:93} INFO - 	at org.apache.spark.sql.catalyst.plans.logical.AnalysisHelper.transformDownWithPruning(AnalysisHelper.scala:267)
[2026-06-21T05:33:47.594+0000] {subprocess.py:93} INFO - 	at org.apache.spark.sql.catalyst.plans.logical.AnalysisHelper.transformDownWithPruning$(AnalysisHelper.scala:263)
[2026-06-21T05:33:47.595+0000] {subprocess.py:93} INFO - 	at org.apache.spark.sql.catalyst.plans.logical.LogicalPlan.transformDownWithPruning(LogicalPlan.scala:32)
[2026-06-21T05:33:47.596+0000] {subprocess.py:93} INFO - 	at org.apache.spark.sql.catalyst.plans.logical.LogicalPlan.transformDownWithPruning(LogicalPlan.scala:32)
[2026-06-21T05:33:47.597+0000] {subprocess.py:93} INFO - 	at org.apache.spark.sql.catalyst.trees.TreeNode.transformDown(TreeNode.scala:437)
[2026-06-21T05:33:47.599+0000] {subprocess.py:93} INFO - 	at org.apache.spark.sql.execution.QueryExecution.eagerlyExecuteCommands(QueryExecution.scala:98)
[2026-06-21T05:33:47.601+0000] {subprocess.py:93} INFO - 	at org.apache.spark.sql.execution.QueryExecution.commandExecuted$lzycompute(QueryExecution.scala:85)
[2026-06-21T05:33:47.603+0000] {subprocess.py:93} INFO - 	at org.apache.spark.sql.execution.QueryExecution.commandExecuted(QueryExecution.scala:83)
[2026-06-21T05:33:47.604+0000] {subprocess.py:93} INFO - 	at org.apache.spark.sql.execution.QueryExecution.assertCommandExecuted(QueryExecution.scala:142)
[2026-06-21T05:33:47.606+0000] {subprocess.py:93} INFO - 	at org.apache.spark.sql.DataFrameWriter.runCommand(DataFrameWriter.scala:859)
[2026-06-21T05:33:47.609+0000] {subprocess.py:93} INFO - 	at org.apache.spark.sql.DataFrameWriter.saveToV1Source(DataFrameWriter.scala:388)
[2026-06-21T05:33:47.610+0000] {subprocess.py:93} INFO - 	at org.apache.spark.sql.DataFrameWriter.saveInternal(DataFrameWriter.scala:361)
[2026-06-21T05:33:47.614+0000] {subprocess.py:93} INFO - 	at org.apache.spark.sql.DataFrameWriter.save(DataFrameWriter.scala:240)
[2026-06-21T05:33:47.615+0000] {subprocess.py:93} INFO - 	at org.apache.spark.sql.DataFrameWriter.parquet(DataFrameWriter.scala:792)
[2026-06-21T05:33:47.619+0000] {subprocess.py:93} INFO - 	at java.base/jdk.internal.reflect.NativeMethodAccessorImpl.invoke0(Native Method)
[2026-06-21T05:33:47.620+0000] {subprocess.py:93} INFO - 	at java.base/jdk.internal.reflect.NativeMethodAccessorImpl.invoke(NativeMethodAccessorImpl.java:77)
[2026-06-21T05:33:47.621+0000] {subprocess.py:93} INFO - 	at java.base/jdk.internal.reflect.DelegatingMethodAccessorImpl.invoke(DelegatingMethodAccessorImpl.java:43)
[2026-06-21T05:33:47.624+0000] {subprocess.py:93} INFO - 	at java.base/java.lang.reflect.Method.invoke(Method.java:569)
[2026-06-21T05:33:47.625+0000] {subprocess.py:93} INFO - 	at py4j.reflection.MethodInvoker.invoke(MethodInvoker.java:244)
[2026-06-21T05:33:47.626+0000] {subprocess.py:93} INFO - 	at py4j.reflection.ReflectionEngine.invoke(ReflectionEngine.java:374)
[2026-06-21T05:33:47.627+0000] {subprocess.py:93} INFO - 	at py4j.Gateway.invoke(Gateway.java:282)
[2026-06-21T05:33:47.628+0000] {subprocess.py:93} INFO - 	at py4j.commands.AbstractCommand.invokeMethod(AbstractCommand.java:132)
[2026-06-21T05:33:47.629+0000] {subprocess.py:93} INFO - 	at py4j.commands.CallCommand.execute(CallCommand.java:79)
[2026-06-21T05:33:47.630+0000] {subprocess.py:93} INFO - 	at py4j.ClientServerConnection.waitForCommands(ClientServerConnection.java:182)
[2026-06-21T05:33:47.633+0000] {subprocess.py:93} INFO - 	at py4j.ClientServerConnection.run(ClientServerConnection.java:106)
[2026-06-21T05:33:47.638+0000] {subprocess.py:93} INFO - 	at java.base/java.lang.Thread.run(Thread.java:840)
[2026-06-21T05:33:47.639+0000] {subprocess.py:93} INFO - 
[2026-06-21T05:33:48.017+0000] {subprocess.py:97} INFO - Command exited with return code 1
[2026-06-21T05:33:48.019+0000] {taskinstance.py:441} INFO - ::group::Post task execution logs
[2026-06-21T05:33:48.035+0000] {taskinstance.py:2905} ERROR - Task failed with exception
Traceback (most recent call last):
  File "/home/airflow/.local/lib/python3.12/site-packages/airflow/models/taskinstance.py", line 465, in _execute_task
    result = _execute_callable(context=context, **execute_callable_kwargs)
             ^^^^^^^^^^^^^^^^^^^^^^^^^^^^^^^^^^^^^^^^^^^^^^^^^^^^^^^^^^^^^
  File "/home/airflow/.local/lib/python3.12/site-packages/airflow/models/taskinstance.py", line 432, in _execute_callable
    return execute_callable(context=context, **execute_callable_kwargs)
           ^^^^^^^^^^^^^^^^^^^^^^^^^^^^^^^^^^^^^^^^^^^^^^^^^^^^^^^^^^^^
  File "/home/airflow/.local/lib/python3.12/site-packages/airflow/models/baseoperator.py", line 401, in wrapper
    return func(self, *args, **kwargs)
           ^^^^^^^^^^^^^^^^^^^^^^^^^^^
  File "/home/airflow/.local/lib/python3.12/site-packages/airflow/operators/bash.py", line 243, in execute
    raise AirflowException(
airflow.exceptions.AirflowException: Bash command failed. The command returned a non-zero exit code 1.
[2026-06-21T05:33:48.044+0000] {taskinstance.py:1206} INFO - Marking task as UP_FOR_RETRY. dag_id=credit_default_ml_pipeline, task_id=label_pipeline.label_silver_lms, run_id=scheduled__2023-05-01T00:00:00+00:00, execution_date=20230501T000000, start_date=20260621T053337, end_date=20260621T053348
[2026-06-21T05:33:48.061+0000] {standard_task_runner.py:110} ERROR - Failed to execute job 3992 for task label_pipeline.label_silver_lms (Bash command failed. The command returned a non-zero exit code 1.; 13618)
[2026-06-21T05:33:48.086+0000] {local_task_job_runner.py:243} INFO - Task exited with return code 1
[2026-06-21T05:33:48.116+0000] {taskinstance.py:3503} INFO - 0 downstream tasks scheduled from follow-on schedule check
[2026-06-21T05:33:48.120+0000] {local_task_job_runner.py:222} INFO - ::endgroup::
