[2026-06-16T15:59:51.598+0000] {local_task_job_runner.py:120} INFO - ::group::Pre task execution logs
[2026-06-16T15:59:51.612+0000] {taskinstance.py:2076} INFO - Dependencies all met for dep_context=non-requeueable deps ti=<TaskInstance: credit_default_ml_pipeline.feature_pipeline.feature_silver_financials scheduled__2024-08-01T00:00:00+00:00 [queued]>
[2026-06-16T15:59:51.615+0000] {taskinstance.py:2076} INFO - Dependencies all met for dep_context=requeueable deps ti=<TaskInstance: credit_default_ml_pipeline.feature_pipeline.feature_silver_financials scheduled__2024-08-01T00:00:00+00:00 [queued]>
[2026-06-16T15:59:51.616+0000] {taskinstance.py:2306} INFO - Starting attempt 1 of 2
[2026-06-16T15:59:51.623+0000] {taskinstance.py:2330} INFO - Executing <Task(BashOperator): feature_pipeline.feature_silver_financials> on 2024-08-01 00:00:00+00:00
[2026-06-16T15:59:51.628+0000] {logging_mixin.py:188} WARNING - /home/***/.local/lib/python3.12/site-packages/***/task/task_runner/standard_task_runner.py:62 DeprecationWarning: This process (pid=20701) is multi-threaded, use of fork() may lead to deadlocks in the child.
[2026-06-16T15:59:51.629+0000] {standard_task_runner.py:64} INFO - Started process 20705 to run task
[2026-06-16T15:59:51.628+0000] {standard_task_runner.py:90} INFO - Running: ['***', 'tasks', 'run', 'credit_default_ml_pipeline', 'feature_pipeline.feature_silver_financials', 'scheduled__2024-08-01T00:00:00+00:00', '--job-id', '346', '--raw', '--subdir', 'DAGS_FOLDER/dag.py', '--cfg-path', '/tmp/tmp9nnfx9h5']
[2026-06-16T15:59:51.631+0000] {standard_task_runner.py:91} INFO - Job 346: Subtask feature_pipeline.feature_silver_financials
[2026-06-16T15:59:51.657+0000] {task_command.py:426} INFO - Running <TaskInstance: credit_default_ml_pipeline.feature_pipeline.feature_silver_financials scheduled__2024-08-01T00:00:00+00:00 [running]> on host 2b9b50b7433d
[2026-06-16T15:59:51.689+0000] {taskinstance.py:2648} INFO - Exporting env vars: AIRFLOW_CTX_DAG_OWNER='***' AIRFLOW_CTX_DAG_ID='credit_default_ml_pipeline' AIRFLOW_CTX_TASK_ID='feature_pipeline.feature_silver_financials' AIRFLOW_CTX_EXECUTION_DATE='2024-08-01T00:00:00+00:00' AIRFLOW_CTX_TRY_NUMBER='1' AIRFLOW_CTX_DAG_RUN_ID='scheduled__2024-08-01T00:00:00+00:00'
[2026-06-16T15:59:51.690+0000] {taskinstance.py:430} INFO - ::endgroup::
[2026-06-16T15:59:51.697+0000] {subprocess.py:63} INFO - Tmp dir root location: /tmp
[2026-06-16T15:59:51.698+0000] {subprocess.py:75} INFO - Running command: ['/usr/bin/bash', '-c', 'cd /opt/***/scripts && python3 silver_processing.py --snapshotdate "2024-08-01" --source financials']
[2026-06-16T15:59:51.703+0000] {subprocess.py:86} INFO - Output:
[2026-06-16T15:59:53.318+0000] {subprocess.py:93} INFO - Setting default log level to "WARN".
[2026-06-16T15:59:53.320+0000] {subprocess.py:93} INFO - To adjust logging level use sc.setLogLevel(newLevel). For SparkR, use setLogLevel(newLevel).
[2026-06-16T15:59:53.513+0000] {subprocess.py:93} INFO - 26/06/16 15:59:53 WARN NativeCodeLoader: Unable to load native-hadoop library for your platform... using builtin-java classes where applicable
[2026-06-16T16:00:04.327+0000] {subprocess.py:93} INFO - [Stage 10:>                                                         (0 + 1) / 1]
[2026-06-16T16:00:04.330+0000] {subprocess.py:93} INFO - --- silver financials 2024-08-01 ---
[2026-06-16T16:00:04.331+0000] {subprocess.py:93} INFO - 
[2026-06-16T16:00:04.333+0000] {subprocess.py:93} INFO - [silver:financials] loaded datamart/bronze/financials/bronze_financials_2024_08_01.csv rows: 543
[2026-06-16T16:00:04.334+0000] {subprocess.py:93} INFO - [silver:loan_type] saved to: datamart/silver/loan_type/2024_08_01.parquet
[2026-06-16T16:00:04.335+0000] {subprocess.py:93} INFO - [silver:financials] saved to: datamart/silver/financials/2024_08_01.parquet
[2026-06-16T16:00:04.336+0000] {subprocess.py:93} INFO - 
[2026-06-16T16:00:04.337+0000] {subprocess.py:93} INFO - --- done ---
[2026-06-16T16:00:04.337+0000] {subprocess.py:93} INFO - 
[2026-06-16T16:00:04.749+0000] {subprocess.py:97} INFO - Command exited with return code 0
[2026-06-16T16:00:04.752+0000] {taskinstance.py:441} INFO - ::group::Post task execution logs
[2026-06-16T16:00:04.776+0000] {taskinstance.py:1206} INFO - Marking task as SUCCESS. dag_id=credit_default_ml_pipeline, task_id=feature_pipeline.feature_silver_financials, run_id=scheduled__2024-08-01T00:00:00+00:00, execution_date=20240801T000000, start_date=20260616T155951, end_date=20260616T160004
[2026-06-16T16:00:04.814+0000] {local_task_job_runner.py:243} INFO - Task exited with return code 0
[2026-06-16T16:00:04.830+0000] {taskinstance.py:3503} INFO - 0 downstream tasks scheduled from follow-on schedule check
[2026-06-16T16:00:04.831+0000] {local_task_job_runner.py:222} INFO - ::endgroup::
[2026-06-20T08:06:30.799+0000] {local_task_job_runner.py:120} INFO - ::group::Pre task execution logs
[2026-06-20T08:06:30.819+0000] {taskinstance.py:2076} INFO - Dependencies all met for dep_context=non-requeueable deps ti=<TaskInstance: credit_default_ml_pipeline.feature_pipeline.feature_silver_financials scheduled__2024-08-01T00:00:00+00:00 [queued]>
[2026-06-20T08:06:30.824+0000] {taskinstance.py:2076} INFO - Dependencies all met for dep_context=requeueable deps ti=<TaskInstance: credit_default_ml_pipeline.feature_pipeline.feature_silver_financials scheduled__2024-08-01T00:00:00+00:00 [queued]>
[2026-06-20T08:06:30.824+0000] {taskinstance.py:2306} INFO - Starting attempt 1 of 2
[2026-06-20T08:06:30.832+0000] {taskinstance.py:2330} INFO - Executing <Task(BashOperator): feature_pipeline.feature_silver_financials> on 2024-08-01 00:00:00+00:00
[2026-06-20T08:06:30.836+0000] {logging_mixin.py:188} WARNING - /home/***/.local/lib/python3.12/site-packages/***/task/task_runner/standard_task_runner.py:62 DeprecationWarning: This process (pid=56959) is multi-threaded, use of fork() may lead to deadlocks in the child.
[2026-06-20T08:06:30.838+0000] {standard_task_runner.py:64} INFO - Started process 56974 to run task
[2026-06-20T08:06:30.837+0000] {standard_task_runner.py:90} INFO - Running: ['***', 'tasks', 'run', 'credit_default_ml_pipeline', 'feature_pipeline.feature_silver_financials', 'scheduled__2024-08-01T00:00:00+00:00', '--job-id', '2300', '--raw', '--subdir', 'DAGS_FOLDER/dag.py', '--cfg-path', '/tmp/tmpptwubetf']
[2026-06-20T08:06:30.840+0000] {standard_task_runner.py:91} INFO - Job 2300: Subtask feature_pipeline.feature_silver_financials
[2026-06-20T08:06:30.976+0000] {task_command.py:426} INFO - Running <TaskInstance: credit_default_ml_pipeline.feature_pipeline.feature_silver_financials scheduled__2024-08-01T00:00:00+00:00 [running]> on host 9cf341f51c89
[2026-06-20T08:06:31.021+0000] {taskinstance.py:2648} INFO - Exporting env vars: AIRFLOW_CTX_DAG_OWNER='***' AIRFLOW_CTX_DAG_ID='credit_default_ml_pipeline' AIRFLOW_CTX_TASK_ID='feature_pipeline.feature_silver_financials' AIRFLOW_CTX_EXECUTION_DATE='2024-08-01T00:00:00+00:00' AIRFLOW_CTX_TRY_NUMBER='1' AIRFLOW_CTX_DAG_RUN_ID='scheduled__2024-08-01T00:00:00+00:00'
[2026-06-20T08:06:31.022+0000] {taskinstance.py:430} INFO - ::endgroup::
[2026-06-20T08:06:31.029+0000] {subprocess.py:63} INFO - Tmp dir root location: /tmp
[2026-06-20T08:06:31.032+0000] {subprocess.py:75} INFO - Running command: ['/usr/bin/bash', '-c', 'cd /opt/***/scripts && python3 silver_processing.py --snapshotdate "2024-08-01" --source financials']
[2026-06-20T08:06:31.038+0000] {subprocess.py:86} INFO - Output:
[2026-06-20T08:06:32.868+0000] {subprocess.py:93} INFO - Setting default log level to "WARN".
[2026-06-20T08:06:32.869+0000] {subprocess.py:93} INFO - To adjust logging level use sc.setLogLevel(newLevel). For SparkR, use setLogLevel(newLevel).
[2026-06-20T08:06:33.011+0000] {subprocess.py:93} INFO - 26/06/20 08:06:33 WARN NativeCodeLoader: Unable to load native-hadoop library for your platform... using builtin-java classes where applicable
[2026-06-20T08:06:33.895+0000] {subprocess.py:93} INFO - 26/06/20 08:06:33 WARN Utils: Service 'SparkUI' could not bind on port 4040. Attempting port 4041.
[2026-06-20T08:06:48.056+0000] {subprocess.py:93} INFO - [Stage 10:>                                                         (0 + 1) / 1]
[2026-06-20T08:06:48.060+0000] {subprocess.py:93} INFO - --- silver financials 2024-08-01 ---
[2026-06-20T08:06:48.062+0000] {subprocess.py:93} INFO - 
[2026-06-20T08:06:48.064+0000] {subprocess.py:93} INFO - [silver:financials] loaded datamart/bronze/financials/bronze_financials_2024_08_01.csv rows: 543
[2026-06-20T08:06:48.065+0000] {subprocess.py:93} INFO - [silver:loan_type] saved to: datamart/silver/loan_type/2024_08_01.parquet
[2026-06-20T08:06:48.066+0000] {subprocess.py:93} INFO - [silver:financials] saved to: datamart/silver/financials/2024_08_01.parquet
[2026-06-20T08:06:48.067+0000] {subprocess.py:93} INFO - 
[2026-06-20T08:06:48.068+0000] {subprocess.py:93} INFO - --- done ---
[2026-06-20T08:06:48.068+0000] {subprocess.py:93} INFO - 
[2026-06-20T08:06:48.508+0000] {subprocess.py:97} INFO - Command exited with return code 0
[2026-06-20T08:06:48.509+0000] {taskinstance.py:441} INFO - ::group::Post task execution logs
[2026-06-20T08:06:48.525+0000] {taskinstance.py:1206} INFO - Marking task as SUCCESS. dag_id=credit_default_ml_pipeline, task_id=feature_pipeline.feature_silver_financials, run_id=scheduled__2024-08-01T00:00:00+00:00, execution_date=20240801T000000, start_date=20260620T080630, end_date=20260620T080648
[2026-06-20T08:06:48.551+0000] {local_task_job_runner.py:243} INFO - Task exited with return code 0
[2026-06-20T08:06:48.568+0000] {taskinstance.py:3503} INFO - 1 downstream tasks scheduled from follow-on schedule check
[2026-06-20T08:06:48.569+0000] {local_task_job_runner.py:222} INFO - ::endgroup::
[2026-06-20T16:03:26.652+0000] {local_task_job_runner.py:120} INFO - ::group::Pre task execution logs
[2026-06-20T16:03:26.671+0000] {taskinstance.py:2076} INFO - Dependencies all met for dep_context=non-requeueable deps ti=<TaskInstance: credit_default_ml_pipeline.feature_pipeline.feature_silver_financials scheduled__2024-08-01T00:00:00+00:00 [queued]>
[2026-06-20T16:03:26.678+0000] {taskinstance.py:2076} INFO - Dependencies all met for dep_context=requeueable deps ti=<TaskInstance: credit_default_ml_pipeline.feature_pipeline.feature_silver_financials scheduled__2024-08-01T00:00:00+00:00 [queued]>
[2026-06-20T16:03:26.679+0000] {taskinstance.py:2306} INFO - Starting attempt 1 of 2
[2026-06-20T16:03:26.688+0000] {taskinstance.py:2330} INFO - Executing <Task(BashOperator): feature_pipeline.feature_silver_financials> on 2024-08-01 00:00:00+00:00
[2026-06-20T16:03:26.692+0000] {logging_mixin.py:188} WARNING - /home/***/.local/lib/python3.12/site-packages/***/task/task_runner/standard_task_runner.py:62 DeprecationWarning: This process (pid=43350) is multi-threaded, use of fork() may lead to deadlocks in the child.
[2026-06-20T16:03:26.694+0000] {standard_task_runner.py:64} INFO - Started process 43360 to run task
[2026-06-20T16:03:26.694+0000] {standard_task_runner.py:90} INFO - Running: ['***', 'tasks', 'run', 'credit_default_ml_pipeline', 'feature_pipeline.feature_silver_financials', 'scheduled__2024-08-01T00:00:00+00:00', '--job-id', '2775', '--raw', '--subdir', 'DAGS_FOLDER/dag.py', '--cfg-path', '/tmp/tmpcd2r2j8f']
[2026-06-20T16:03:26.696+0000] {standard_task_runner.py:91} INFO - Job 2775: Subtask feature_pipeline.feature_silver_financials
[2026-06-20T16:03:26.847+0000] {task_command.py:426} INFO - Running <TaskInstance: credit_default_ml_pipeline.feature_pipeline.feature_silver_financials scheduled__2024-08-01T00:00:00+00:00 [running]> on host 9cf341f51c89
[2026-06-20T16:03:26.897+0000] {taskinstance.py:2648} INFO - Exporting env vars: AIRFLOW_CTX_DAG_OWNER='***' AIRFLOW_CTX_DAG_ID='credit_default_ml_pipeline' AIRFLOW_CTX_TASK_ID='feature_pipeline.feature_silver_financials' AIRFLOW_CTX_EXECUTION_DATE='2024-08-01T00:00:00+00:00' AIRFLOW_CTX_TRY_NUMBER='1' AIRFLOW_CTX_DAG_RUN_ID='scheduled__2024-08-01T00:00:00+00:00'
[2026-06-20T16:03:26.898+0000] {taskinstance.py:430} INFO - ::endgroup::
[2026-06-20T16:03:26.904+0000] {subprocess.py:63} INFO - Tmp dir root location: /tmp
[2026-06-20T16:03:26.904+0000] {subprocess.py:75} INFO - Running command: ['/usr/bin/bash', '-c', 'cd /opt/***/scripts && python3 silver_processing.py --snapshotdate "2024-08-01" --source financials']
[2026-06-20T16:03:26.910+0000] {subprocess.py:86} INFO - Output:
[2026-06-20T16:03:28.739+0000] {subprocess.py:93} INFO - Setting default log level to "WARN".
[2026-06-20T16:03:28.740+0000] {subprocess.py:93} INFO - To adjust logging level use sc.setLogLevel(newLevel). For SparkR, use setLogLevel(newLevel).
[2026-06-20T16:03:28.934+0000] {subprocess.py:93} INFO - 26/06/20 16:03:28 WARN NativeCodeLoader: Unable to load native-hadoop library for your platform... using builtin-java classes where applicable
[2026-06-20T16:03:29.545+0000] {subprocess.py:93} INFO - 26/06/20 16:03:29 WARN Utils: Service 'SparkUI' could not bind on port 4040. Attempting port 4041.
[2026-06-20T16:03:29.546+0000] {subprocess.py:93} INFO - 26/06/20 16:03:29 WARN Utils: Service 'SparkUI' could not bind on port 4041. Attempting port 4042.
[2026-06-20T16:03:39.211+0000] {subprocess.py:93} INFO - [Stage 10:>                                                         (0 + 1) / 1]
[2026-06-20T16:03:39.212+0000] {subprocess.py:93} INFO - --- silver financials 2024-08-01 ---
[2026-06-20T16:03:39.213+0000] {subprocess.py:93} INFO - 
[2026-06-20T16:03:39.213+0000] {subprocess.py:93} INFO - [silver:financials] loaded datamart/bronze/financials/bronze_financials_2024_08_01.csv rows: 543
[2026-06-20T16:03:39.214+0000] {subprocess.py:93} INFO - [silver:loan_type] saved to: datamart/silver/loan_type/2024_08_01.parquet
[2026-06-20T16:03:39.214+0000] {subprocess.py:93} INFO - [silver:financials] saved to: datamart/silver/financials/2024_08_01.parquet
[2026-06-20T16:03:39.215+0000] {subprocess.py:93} INFO - 
[2026-06-20T16:03:39.215+0000] {subprocess.py:93} INFO - --- done ---
[2026-06-20T16:03:39.216+0000] {subprocess.py:93} INFO - 
[2026-06-20T16:03:39.634+0000] {subprocess.py:97} INFO - Command exited with return code 0
[2026-06-20T16:03:39.635+0000] {taskinstance.py:441} INFO - ::group::Post task execution logs
[2026-06-20T16:03:39.646+0000] {taskinstance.py:1206} INFO - Marking task as SUCCESS. dag_id=credit_default_ml_pipeline, task_id=feature_pipeline.feature_silver_financials, run_id=scheduled__2024-08-01T00:00:00+00:00, execution_date=20240801T000000, start_date=20260620T160326, end_date=20260620T160339
[2026-06-20T16:03:39.688+0000] {local_task_job_runner.py:243} INFO - Task exited with return code 0
[2026-06-20T16:03:39.701+0000] {taskinstance.py:3503} INFO - 1 downstream tasks scheduled from follow-on schedule check
[2026-06-20T16:03:39.703+0000] {local_task_job_runner.py:222} INFO - ::endgroup::
[2026-06-20T18:00:01.189+0000] {local_task_job_runner.py:120} INFO - ::group::Pre task execution logs
[2026-06-20T18:00:01.213+0000] {taskinstance.py:2076} INFO - Dependencies all met for dep_context=non-requeueable deps ti=<TaskInstance: credit_default_ml_pipeline.feature_pipeline.feature_silver_financials scheduled__2024-08-01T00:00:00+00:00 [queued]>
[2026-06-20T18:00:01.226+0000] {taskinstance.py:2076} INFO - Dependencies all met for dep_context=requeueable deps ti=<TaskInstance: credit_default_ml_pipeline.feature_pipeline.feature_silver_financials scheduled__2024-08-01T00:00:00+00:00 [queued]>
[2026-06-20T18:00:01.227+0000] {taskinstance.py:2306} INFO - Starting attempt 1 of 2
[2026-06-20T18:00:01.237+0000] {taskinstance.py:2330} INFO - Executing <Task(BashOperator): feature_pipeline.feature_silver_financials> on 2024-08-01 00:00:00+00:00
[2026-06-20T18:00:01.245+0000] {logging_mixin.py:188} WARNING - /home/***/.local/lib/python3.12/site-packages/***/task/task_runner/standard_task_runner.py:62 DeprecationWarning: This process (pid=61791) is multi-threaded, use of fork() may lead to deadlocks in the child.
[2026-06-20T18:00:01.246+0000] {standard_task_runner.py:64} INFO - Started process 61809 to run task
[2026-06-20T18:00:01.244+0000] {standard_task_runner.py:90} INFO - Running: ['***', 'tasks', 'run', 'credit_default_ml_pipeline', 'feature_pipeline.feature_silver_financials', 'scheduled__2024-08-01T00:00:00+00:00', '--job-id', '3348', '--raw', '--subdir', 'DAGS_FOLDER/dag.py', '--cfg-path', '/tmp/tmpkklqvf8k']
[2026-06-20T18:00:01.248+0000] {standard_task_runner.py:91} INFO - Job 3348: Subtask feature_pipeline.feature_silver_financials
[2026-06-20T18:00:01.527+0000] {task_command.py:426} INFO - Running <TaskInstance: credit_default_ml_pipeline.feature_pipeline.feature_silver_financials scheduled__2024-08-01T00:00:00+00:00 [running]> on host 9cf341f51c89
[2026-06-20T18:00:01.622+0000] {taskinstance.py:2648} INFO - Exporting env vars: AIRFLOW_CTX_DAG_OWNER='***' AIRFLOW_CTX_DAG_ID='credit_default_ml_pipeline' AIRFLOW_CTX_TASK_ID='feature_pipeline.feature_silver_financials' AIRFLOW_CTX_EXECUTION_DATE='2024-08-01T00:00:00+00:00' AIRFLOW_CTX_TRY_NUMBER='1' AIRFLOW_CTX_DAG_RUN_ID='scheduled__2024-08-01T00:00:00+00:00'
[2026-06-20T18:00:01.625+0000] {taskinstance.py:430} INFO - ::endgroup::
[2026-06-20T18:00:01.639+0000] {subprocess.py:63} INFO - Tmp dir root location: /tmp
[2026-06-20T18:00:01.642+0000] {subprocess.py:75} INFO - Running command: ['/usr/bin/bash', '-c', 'cd /opt/***/scripts && python3 silver_processing.py --snapshotdate "2024-08-01" --source financials']
[2026-06-20T18:00:01.661+0000] {subprocess.py:86} INFO - Output:
[2026-06-20T18:00:04.755+0000] {subprocess.py:93} INFO - Setting default log level to "WARN".
[2026-06-20T18:00:04.758+0000] {subprocess.py:93} INFO - To adjust logging level use sc.setLogLevel(newLevel). For SparkR, use setLogLevel(newLevel).
[2026-06-20T18:00:05.049+0000] {subprocess.py:93} INFO - 26/06/20 18:00:05 WARN NativeCodeLoader: Unable to load native-hadoop library for your platform... using builtin-java classes where applicable
[2026-06-20T18:00:06.135+0000] {subprocess.py:93} INFO - 26/06/20 18:00:06 WARN Utils: Service 'SparkUI' could not bind on port 4040. Attempting port 4041.
[2026-06-20T18:00:23.480+0000] {subprocess.py:93} INFO - [Stage 10:>                                                         (0 + 1) / 1]
[2026-06-20T18:00:23.482+0000] {subprocess.py:93} INFO - --- silver financials 2024-08-01 ---
[2026-06-20T18:00:23.484+0000] {subprocess.py:93} INFO - 
[2026-06-20T18:00:23.485+0000] {subprocess.py:93} INFO - [silver:financials] loaded datamart/bronze/financials/bronze_financials_2024_08_01.csv rows: 543
[2026-06-20T18:00:23.486+0000] {subprocess.py:93} INFO - [silver:loan_type] saved to: datamart/silver/loan_type/2024_08_01.parquet
[2026-06-20T18:00:23.488+0000] {subprocess.py:93} INFO - [silver:financials] saved to: datamart/silver/financials/2024_08_01.parquet
[2026-06-20T18:00:23.489+0000] {subprocess.py:93} INFO - 
[2026-06-20T18:00:23.490+0000] {subprocess.py:93} INFO - --- done ---
[2026-06-20T18:00:23.490+0000] {subprocess.py:93} INFO - 
[2026-06-20T18:00:24.006+0000] {subprocess.py:97} INFO - Command exited with return code 0
[2026-06-20T18:00:24.008+0000] {taskinstance.py:441} INFO - ::group::Post task execution logs
[2026-06-20T18:00:24.031+0000] {taskinstance.py:1206} INFO - Marking task as SUCCESS. dag_id=credit_default_ml_pipeline, task_id=feature_pipeline.feature_silver_financials, run_id=scheduled__2024-08-01T00:00:00+00:00, execution_date=20240801T000000, start_date=20260620T180001, end_date=20260620T180024
[2026-06-20T18:00:24.069+0000] {local_task_job_runner.py:243} INFO - Task exited with return code 0
[2026-06-20T18:00:24.090+0000] {taskinstance.py:3503} INFO - 1 downstream tasks scheduled from follow-on schedule check
[2026-06-20T18:00:24.092+0000] {local_task_job_runner.py:222} INFO - ::endgroup::
[2026-06-21T02:54:40.065+0000] {local_task_job_runner.py:120} INFO - ::group::Pre task execution logs
[2026-06-21T02:54:40.091+0000] {taskinstance.py:2076} INFO - Dependencies all met for dep_context=non-requeueable deps ti=<TaskInstance: credit_default_ml_pipeline.feature_pipeline.feature_silver_financials scheduled__2024-08-01T00:00:00+00:00 [queued]>
[2026-06-21T02:54:40.095+0000] {taskinstance.py:2076} INFO - Dependencies all met for dep_context=requeueable deps ti=<TaskInstance: credit_default_ml_pipeline.feature_pipeline.feature_silver_financials scheduled__2024-08-01T00:00:00+00:00 [queued]>
[2026-06-21T02:54:40.096+0000] {taskinstance.py:2306} INFO - Starting attempt 1 of 2
[2026-06-21T02:54:40.106+0000] {taskinstance.py:2330} INFO - Executing <Task(BashOperator): feature_pipeline.feature_silver_financials> on 2024-08-01 00:00:00+00:00
[2026-06-21T02:54:40.111+0000] {logging_mixin.py:188} WARNING - /home/***/.local/lib/python3.12/site-packages/***/task/task_runner/standard_task_runner.py:62 DeprecationWarning: This process (pid=60780) is multi-threaded, use of fork() may lead to deadlocks in the child.
[2026-06-21T02:54:40.113+0000] {standard_task_runner.py:64} INFO - Started process 60786 to run task
[2026-06-21T02:54:40.112+0000] {standard_task_runner.py:90} INFO - Running: ['***', 'tasks', 'run', 'credit_default_ml_pipeline', 'feature_pipeline.feature_silver_financials', 'scheduled__2024-08-01T00:00:00+00:00', '--job-id', '3815', '--raw', '--subdir', 'DAGS_FOLDER/dag.py', '--cfg-path', '/tmp/tmpdz_1dv3f']
[2026-06-21T02:54:40.116+0000] {standard_task_runner.py:91} INFO - Job 3815: Subtask feature_pipeline.feature_silver_financials
[2026-06-21T02:54:40.150+0000] {task_command.py:426} INFO - Running <TaskInstance: credit_default_ml_pipeline.feature_pipeline.feature_silver_financials scheduled__2024-08-01T00:00:00+00:00 [running]> on host f6e9e2801916
[2026-06-21T02:54:40.355+0000] {taskinstance.py:2648} INFO - Exporting env vars: AIRFLOW_CTX_DAG_OWNER='***' AIRFLOW_CTX_DAG_ID='credit_default_ml_pipeline' AIRFLOW_CTX_TASK_ID='feature_pipeline.feature_silver_financials' AIRFLOW_CTX_EXECUTION_DATE='2024-08-01T00:00:00+00:00' AIRFLOW_CTX_TRY_NUMBER='1' AIRFLOW_CTX_DAG_RUN_ID='scheduled__2024-08-01T00:00:00+00:00'
[2026-06-21T02:54:40.357+0000] {taskinstance.py:430} INFO - ::endgroup::
[2026-06-21T02:54:40.362+0000] {subprocess.py:63} INFO - Tmp dir root location: /tmp
[2026-06-21T02:54:40.363+0000] {subprocess.py:75} INFO - Running command: ['/usr/bin/bash', '-c', 'cd /opt/***/scripts && python3 silver_processing.py --snapshotdate "2024-08-01" --source financials']
[2026-06-21T02:54:40.369+0000] {subprocess.py:86} INFO - Output:
[2026-06-21T02:54:42.550+0000] {subprocess.py:93} INFO - Setting default log level to "WARN".
[2026-06-21T02:54:42.553+0000] {subprocess.py:93} INFO - To adjust logging level use sc.setLogLevel(newLevel). For SparkR, use setLogLevel(newLevel).
[2026-06-21T02:54:42.795+0000] {subprocess.py:93} INFO - 26/06/21 02:54:42 WARN NativeCodeLoader: Unable to load native-hadoop library for your platform... using builtin-java classes where applicable
[2026-06-21T02:54:43.564+0000] {subprocess.py:93} INFO - 26/06/21 02:54:43 WARN Utils: Service 'SparkUI' could not bind on port 4040. Attempting port 4041.
[2026-06-21T02:54:43.567+0000] {subprocess.py:93} INFO - 26/06/21 02:54:43 WARN Utils: Service 'SparkUI' could not bind on port 4041. Attempting port 4042.
[2026-06-21T02:54:56.831+0000] {subprocess.py:93} INFO - [Stage 10:>                                                         (0 + 1) / 1]
[2026-06-21T02:54:56.833+0000] {subprocess.py:93} INFO - --- silver financials 2024-08-01 ---
[2026-06-21T02:54:56.834+0000] {subprocess.py:93} INFO - 
[2026-06-21T02:54:56.836+0000] {subprocess.py:93} INFO - [silver:financials] loaded datamart/bronze/financials/bronze_financials_2024_08_01.csv rows: 543
[2026-06-21T02:54:56.837+0000] {subprocess.py:93} INFO - [silver:loan_type] saved to: datamart/silver/loan_type/2024_08_01.parquet
[2026-06-21T02:54:56.838+0000] {subprocess.py:93} INFO - [silver:financials] saved to: datamart/silver/financials/2024_08_01.parquet
[2026-06-21T02:54:56.838+0000] {subprocess.py:93} INFO - 
[2026-06-21T02:54:56.839+0000] {subprocess.py:93} INFO - --- done ---
[2026-06-21T02:54:56.843+0000] {subprocess.py:93} INFO - 
[2026-06-21T02:54:57.265+0000] {subprocess.py:97} INFO - Command exited with return code 0
[2026-06-21T02:54:57.269+0000] {taskinstance.py:441} INFO - ::group::Post task execution logs
[2026-06-21T02:54:57.305+0000] {taskinstance.py:1206} INFO - Marking task as SUCCESS. dag_id=credit_default_ml_pipeline, task_id=feature_pipeline.feature_silver_financials, run_id=scheduled__2024-08-01T00:00:00+00:00, execution_date=20240801T000000, start_date=20260621T025440, end_date=20260621T025457
[2026-06-21T02:54:57.349+0000] {local_task_job_runner.py:243} INFO - Task exited with return code 0
[2026-06-21T02:54:57.536+0000] {taskinstance.py:3503} INFO - 0 downstream tasks scheduled from follow-on schedule check
[2026-06-21T02:54:57.539+0000] {local_task_job_runner.py:222} INFO - ::endgroup::
[2026-06-21T06:21:08.574+0000] {local_task_job_runner.py:120} INFO - ::group::Pre task execution logs
[2026-06-21T06:21:08.609+0000] {taskinstance.py:2076} INFO - Dependencies all met for dep_context=non-requeueable deps ti=<TaskInstance: credit_default_ml_pipeline.feature_pipeline.feature_silver_financials scheduled__2024-08-01T00:00:00+00:00 [queued]>
[2026-06-21T06:21:08.621+0000] {taskinstance.py:2076} INFO - Dependencies all met for dep_context=requeueable deps ti=<TaskInstance: credit_default_ml_pipeline.feature_pipeline.feature_silver_financials scheduled__2024-08-01T00:00:00+00:00 [queued]>
[2026-06-21T06:21:08.622+0000] {taskinstance.py:2306} INFO - Starting attempt 1 of 2
[2026-06-21T06:21:08.639+0000] {taskinstance.py:2330} INFO - Executing <Task(BashOperator): feature_pipeline.feature_silver_financials> on 2024-08-01 00:00:00+00:00
[2026-06-21T06:21:08.649+0000] {logging_mixin.py:188} WARNING - /home/***/.local/lib/python3.12/site-packages/***/task/task_runner/standard_task_runner.py:62 DeprecationWarning: This process (pid=62574) is multi-threaded, use of fork() may lead to deadlocks in the child.
[2026-06-21T06:21:08.651+0000] {standard_task_runner.py:64} INFO - Started process 62583 to run task
[2026-06-21T06:21:08.649+0000] {standard_task_runner.py:90} INFO - Running: ['***', 'tasks', 'run', 'credit_default_ml_pipeline', 'feature_pipeline.feature_silver_financials', 'scheduled__2024-08-01T00:00:00+00:00', '--job-id', '4275', '--raw', '--subdir', 'DAGS_FOLDER/dag.py', '--cfg-path', '/tmp/tmpei7co4w7']
[2026-06-21T06:21:08.652+0000] {standard_task_runner.py:91} INFO - Job 4275: Subtask feature_pipeline.feature_silver_financials
[2026-06-21T06:21:08.918+0000] {task_command.py:426} INFO - Running <TaskInstance: credit_default_ml_pipeline.feature_pipeline.feature_silver_financials scheduled__2024-08-01T00:00:00+00:00 [running]> on host 9377a3f0491f
[2026-06-21T06:21:08.985+0000] {taskinstance.py:2648} INFO - Exporting env vars: AIRFLOW_CTX_DAG_OWNER='***' AIRFLOW_CTX_DAG_ID='credit_default_ml_pipeline' AIRFLOW_CTX_TASK_ID='feature_pipeline.feature_silver_financials' AIRFLOW_CTX_EXECUTION_DATE='2024-08-01T00:00:00+00:00' AIRFLOW_CTX_TRY_NUMBER='1' AIRFLOW_CTX_DAG_RUN_ID='scheduled__2024-08-01T00:00:00+00:00'
[2026-06-21T06:21:08.987+0000] {taskinstance.py:430} INFO - ::endgroup::
[2026-06-21T06:21:08.998+0000] {subprocess.py:63} INFO - Tmp dir root location: /tmp
[2026-06-21T06:21:08.999+0000] {subprocess.py:75} INFO - Running command: ['/usr/bin/bash', '-c', 'cd /opt/***/scripts && python3 silver_processing.py --snapshotdate "2024-08-01" --source financials']
[2026-06-21T06:21:09.009+0000] {subprocess.py:86} INFO - Output:
[2026-06-21T06:21:12.936+0000] {subprocess.py:93} INFO - Setting default log level to "WARN".
[2026-06-21T06:21:12.938+0000] {subprocess.py:93} INFO - To adjust logging level use sc.setLogLevel(newLevel). For SparkR, use setLogLevel(newLevel).
[2026-06-21T06:21:13.328+0000] {subprocess.py:93} INFO - 26/06/21 06:21:13 WARN NativeCodeLoader: Unable to load native-hadoop library for your platform... using builtin-java classes where applicable
[2026-06-21T06:21:14.825+0000] {subprocess.py:93} INFO - 26/06/21 06:21:14 WARN Utils: Service 'SparkUI' could not bind on port 4040. Attempting port 4041.
[2026-06-21T06:21:14.833+0000] {subprocess.py:93} INFO - 26/06/21 06:21:14 WARN Utils: Service 'SparkUI' could not bind on port 4041. Attempting port 4042.
[2026-06-21T06:21:34.219+0000] {subprocess.py:93} INFO - [Stage 0:>                                                          (0 + 1) / 1]                                                                                [Stage 10:>                                                         (0 + 1) / 1]                                                                                [Stage 12:>                                                         (0 + 1) / 1]
[2026-06-21T06:21:34.223+0000] {subprocess.py:93} INFO - --- silver financials 2024-08-01 ---
[2026-06-21T06:21:34.224+0000] {subprocess.py:93} INFO - 
[2026-06-21T06:21:34.226+0000] {subprocess.py:93} INFO - [silver:financials] loaded datamart/bronze/financials/bronze_financials_2024_08_01.csv rows: 543
[2026-06-21T06:21:34.227+0000] {subprocess.py:93} INFO - [silver:loan_type] saved to: datamart/silver/loan_type/2024_08_01.parquet
[2026-06-21T06:21:34.228+0000] {subprocess.py:93} INFO - [silver:financials] saved to: datamart/silver/financials/2024_08_01.parquet
[2026-06-21T06:21:34.229+0000] {subprocess.py:93} INFO - 
[2026-06-21T06:21:34.230+0000] {subprocess.py:93} INFO - --- done ---
[2026-06-21T06:21:34.232+0000] {subprocess.py:93} INFO - 
[2026-06-21T06:21:34.730+0000] {subprocess.py:97} INFO - Command exited with return code 0
[2026-06-21T06:21:34.733+0000] {taskinstance.py:441} INFO - ::group::Post task execution logs
[2026-06-21T06:21:34.766+0000] {taskinstance.py:1206} INFO - Marking task as SUCCESS. dag_id=credit_default_ml_pipeline, task_id=feature_pipeline.feature_silver_financials, run_id=scheduled__2024-08-01T00:00:00+00:00, execution_date=20240801T000000, start_date=20260621T062108, end_date=20260621T062134
[2026-06-21T06:21:34.808+0000] {local_task_job_runner.py:243} INFO - Task exited with return code 0
[2026-06-21T06:21:34.839+0000] {taskinstance.py:3503} INFO - 1 downstream tasks scheduled from follow-on schedule check
[2026-06-21T06:21:34.841+0000] {local_task_job_runner.py:222} INFO - ::endgroup::
