[2026-06-20T06:30:46.146+0000] {local_task_job_runner.py:120} INFO - ::group::Pre task execution logs
[2026-06-20T06:30:46.160+0000] {taskinstance.py:2076} INFO - Dependencies all met for dep_context=non-requeueable deps ti=<TaskInstance: credit_default_ml_pipeline.training.training_gate scheduled__2024-02-01T00:00:00+00:00 [queued]>
[2026-06-20T06:30:46.164+0000] {taskinstance.py:2076} INFO - Dependencies all met for dep_context=requeueable deps ti=<TaskInstance: credit_default_ml_pipeline.training.training_gate scheduled__2024-02-01T00:00:00+00:00 [queued]>
[2026-06-20T06:30:46.164+0000] {taskinstance.py:2306} INFO - Starting attempt 1 of 2
[2026-06-20T06:30:46.170+0000] {taskinstance.py:2330} INFO - Executing <Task(BranchPythonOperator): training.training_gate> on 2024-02-01 00:00:00+00:00
[2026-06-20T06:30:46.173+0000] {logging_mixin.py:188} WARNING - /home/***/.local/lib/python3.12/site-packages/***/task/task_runner/standard_task_runner.py:62 DeprecationWarning: This process (pid=54342) is multi-threaded, use of fork() may lead to deadlocks in the child.
[2026-06-20T06:30:46.173+0000] {standard_task_runner.py:90} INFO - Running: ['***', 'tasks', 'run', 'credit_default_ml_pipeline', 'training.training_gate', 'scheduled__2024-02-01T00:00:00+00:00', '--job-id', '1698', '--raw', '--subdir', 'DAGS_FOLDER/dag.py', '--cfg-path', '/tmp/tmp9jjegkvv']
[2026-06-20T06:30:46.174+0000] {standard_task_runner.py:64} INFO - Started process 54344 to run task
[2026-06-20T06:30:46.175+0000] {standard_task_runner.py:91} INFO - Job 1698: Subtask training.training_gate
[2026-06-20T06:30:46.264+0000] {task_command.py:426} INFO - Running <TaskInstance: credit_default_ml_pipeline.training.training_gate scheduled__2024-02-01T00:00:00+00:00 [running]> on host 9cf341f51c89
[2026-06-20T06:30:46.287+0000] {taskinstance.py:2648} INFO - Exporting env vars: AIRFLOW_CTX_DAG_OWNER='***' AIRFLOW_CTX_DAG_ID='credit_default_ml_pipeline' AIRFLOW_CTX_TASK_ID='training.training_gate' AIRFLOW_CTX_EXECUTION_DATE='2024-02-01T00:00:00+00:00' AIRFLOW_CTX_TRY_NUMBER='1' AIRFLOW_CTX_DAG_RUN_ID='scheduled__2024-02-01T00:00:00+00:00'
[2026-06-20T06:30:46.287+0000] {taskinstance.py:430} INFO - ::endgroup::
[2026-06-20T06:30:46.291+0000] {baseoperator.py:400} WARNING - BranchPythonOperator.execute cannot be called outside TaskInstance!
[2026-06-20T06:30:46.293+0000] {logging_mixin.py:188} INFO - [retrain-trigger] no monitoring history yet for credit_xgb_2024_09_01 (first eligible month); skipping training.
[2026-06-20T06:30:46.294+0000] {python.py:237} INFO - Done. Returned value was: training.skip_training
[2026-06-20T06:30:46.294+0000] {branch.py:36} INFO - Branch into training.skip_training
[2026-06-20T06:30:46.294+0000] {skipmixin.py:178} INFO - Following branch training.skip_training
[2026-06-20T06:30:46.299+0000] {skipmixin.py:246} INFO - Skipping tasks [('training.start_training', -1)]
[2026-06-20T06:30:46.306+0000] {taskinstance.py:441} INFO - ::group::Post task execution logs
[2026-06-20T06:30:46.311+0000] {taskinstance.py:1206} INFO - Marking task as SUCCESS. dag_id=credit_default_ml_pipeline, task_id=training.training_gate, run_id=scheduled__2024-02-01T00:00:00+00:00, execution_date=20240201T000000, start_date=20260620T063046, end_date=20260620T063046
[2026-06-20T06:30:46.360+0000] {local_task_job_runner.py:243} INFO - Task exited with return code 0
[2026-06-20T06:30:46.438+0000] {taskinstance.py:3503} INFO - 0 downstream tasks scheduled from follow-on schedule check
[2026-06-20T06:30:46.441+0000] {local_task_job_runner.py:222} INFO - ::endgroup::
[2026-06-20T07:51:02.403+0000] {local_task_job_runner.py:120} INFO - ::group::Pre task execution logs
[2026-06-20T07:51:02.419+0000] {taskinstance.py:2076} INFO - Dependencies all met for dep_context=non-requeueable deps ti=<TaskInstance: credit_default_ml_pipeline.training.training_gate scheduled__2024-02-01T00:00:00+00:00 [queued]>
[2026-06-20T07:51:02.423+0000] {taskinstance.py:2076} INFO - Dependencies all met for dep_context=requeueable deps ti=<TaskInstance: credit_default_ml_pipeline.training.training_gate scheduled__2024-02-01T00:00:00+00:00 [queued]>
[2026-06-20T07:51:02.424+0000] {taskinstance.py:2306} INFO - Starting attempt 1 of 2
[2026-06-20T07:51:02.430+0000] {taskinstance.py:2330} INFO - Executing <Task(BranchPythonOperator): training.training_gate> on 2024-02-01 00:00:00+00:00
[2026-06-20T07:51:02.435+0000] {logging_mixin.py:188} WARNING - /home/***/.local/lib/python3.12/site-packages/***/task/task_runner/standard_task_runner.py:62 DeprecationWarning: This process (pid=39896) is multi-threaded, use of fork() may lead to deadlocks in the child.
[2026-06-20T07:51:02.436+0000] {standard_task_runner.py:64} INFO - Started process 39898 to run task
[2026-06-20T07:51:02.435+0000] {standard_task_runner.py:90} INFO - Running: ['***', 'tasks', 'run', 'credit_default_ml_pipeline', 'training.training_gate', 'scheduled__2024-02-01T00:00:00+00:00', '--job-id', '2193', '--raw', '--subdir', 'DAGS_FOLDER/dag.py', '--cfg-path', '/tmp/tmp9ujlpvso']
[2026-06-20T07:51:02.437+0000] {standard_task_runner.py:91} INFO - Job 2193: Subtask training.training_gate
[2026-06-20T07:51:02.558+0000] {task_command.py:426} INFO - Running <TaskInstance: credit_default_ml_pipeline.training.training_gate scheduled__2024-02-01T00:00:00+00:00 [running]> on host 9cf341f51c89
[2026-06-20T07:51:02.590+0000] {taskinstance.py:2648} INFO - Exporting env vars: AIRFLOW_CTX_DAG_OWNER='***' AIRFLOW_CTX_DAG_ID='credit_default_ml_pipeline' AIRFLOW_CTX_TASK_ID='training.training_gate' AIRFLOW_CTX_EXECUTION_DATE='2024-02-01T00:00:00+00:00' AIRFLOW_CTX_TRY_NUMBER='1' AIRFLOW_CTX_DAG_RUN_ID='scheduled__2024-02-01T00:00:00+00:00'
[2026-06-20T07:51:02.590+0000] {taskinstance.py:430} INFO - ::endgroup::
[2026-06-20T07:51:02.595+0000] {baseoperator.py:400} WARNING - BranchPythonOperator.execute cannot be called outside TaskInstance!
[2026-06-20T07:51:02.597+0000] {logging_mixin.py:188} INFO - [retrain-trigger] no monitoring history yet for credit_xgb_2024_09_01 (first eligible month); skipping training.
[2026-06-20T07:51:02.597+0000] {python.py:237} INFO - Done. Returned value was: training.skip_training
[2026-06-20T07:51:02.597+0000] {branch.py:36} INFO - Branch into training.skip_training
[2026-06-20T07:51:02.598+0000] {skipmixin.py:178} INFO - Following branch training.skip_training
[2026-06-20T07:51:02.604+0000] {skipmixin.py:246} INFO - Skipping tasks [('training.start_training', -1)]
[2026-06-20T07:51:02.614+0000] {taskinstance.py:441} INFO - ::group::Post task execution logs
[2026-06-20T07:51:02.623+0000] {taskinstance.py:1206} INFO - Marking task as SUCCESS. dag_id=credit_default_ml_pipeline, task_id=training.training_gate, run_id=scheduled__2024-02-01T00:00:00+00:00, execution_date=20240201T000000, start_date=20260620T075102, end_date=20260620T075102
[2026-06-20T07:51:02.657+0000] {local_task_job_runner.py:243} INFO - Task exited with return code 0
[2026-06-20T07:51:02.749+0000] {taskinstance.py:3503} INFO - 0 downstream tasks scheduled from follow-on schedule check
[2026-06-20T07:51:02.752+0000] {local_task_job_runner.py:222} INFO - ::endgroup::
[2026-06-20T15:48:52.206+0000] {local_task_job_runner.py:120} INFO - ::group::Pre task execution logs
[2026-06-20T15:48:52.217+0000] {taskinstance.py:2076} INFO - Dependencies all met for dep_context=non-requeueable deps ti=<TaskInstance: credit_default_ml_pipeline.training.training_gate scheduled__2024-02-01T00:00:00+00:00 [queued]>
[2026-06-20T15:48:52.220+0000] {taskinstance.py:2076} INFO - Dependencies all met for dep_context=requeueable deps ti=<TaskInstance: credit_default_ml_pipeline.training.training_gate scheduled__2024-02-01T00:00:00+00:00 [queued]>
[2026-06-20T15:48:52.221+0000] {taskinstance.py:2306} INFO - Starting attempt 1 of 2
[2026-06-20T15:48:52.225+0000] {taskinstance.py:2330} INFO - Executing <Task(BranchPythonOperator): training.training_gate> on 2024-02-01 00:00:00+00:00
[2026-06-20T15:48:52.228+0000] {logging_mixin.py:188} WARNING - /home/***/.local/lib/python3.12/site-packages/***/task/task_runner/standard_task_runner.py:62 DeprecationWarning: This process (pid=26363) is multi-threaded, use of fork() may lead to deadlocks in the child.
[2026-06-20T15:48:52.229+0000] {standard_task_runner.py:64} INFO - Started process 26365 to run task
[2026-06-20T15:48:52.229+0000] {standard_task_runner.py:90} INFO - Running: ['***', 'tasks', 'run', 'credit_default_ml_pipeline', 'training.training_gate', 'scheduled__2024-02-01T00:00:00+00:00', '--job-id', '2664', '--raw', '--subdir', 'DAGS_FOLDER/dag.py', '--cfg-path', '/tmp/tmp04ph2wma']
[2026-06-20T15:48:52.230+0000] {standard_task_runner.py:91} INFO - Job 2664: Subtask training.training_gate
[2026-06-20T15:48:52.323+0000] {task_command.py:426} INFO - Running <TaskInstance: credit_default_ml_pipeline.training.training_gate scheduled__2024-02-01T00:00:00+00:00 [running]> on host 9cf341f51c89
[2026-06-20T15:48:52.346+0000] {taskinstance.py:2648} INFO - Exporting env vars: AIRFLOW_CTX_DAG_OWNER='***' AIRFLOW_CTX_DAG_ID='credit_default_ml_pipeline' AIRFLOW_CTX_TASK_ID='training.training_gate' AIRFLOW_CTX_EXECUTION_DATE='2024-02-01T00:00:00+00:00' AIRFLOW_CTX_TRY_NUMBER='1' AIRFLOW_CTX_DAG_RUN_ID='scheduled__2024-02-01T00:00:00+00:00'
[2026-06-20T15:48:52.347+0000] {taskinstance.py:430} INFO - ::endgroup::
[2026-06-20T15:48:52.351+0000] {baseoperator.py:400} WARNING - BranchPythonOperator.execute cannot be called outside TaskInstance!
[2026-06-20T15:48:52.351+0000] {logging_mixin.py:188} INFO - [training] 2024-02-01 — retraining is manual; skipping automated training.
[2026-06-20T15:48:52.351+0000] {python.py:237} INFO - Done. Returned value was: training.skip_training
[2026-06-20T15:48:52.352+0000] {branch.py:36} INFO - Branch into training.skip_training
[2026-06-20T15:48:52.352+0000] {skipmixin.py:178} INFO - Following branch training.skip_training
[2026-06-20T15:48:52.356+0000] {skipmixin.py:246} INFO - Skipping tasks [('training.start_training', -1)]
[2026-06-20T15:48:52.363+0000] {taskinstance.py:441} INFO - ::group::Post task execution logs
[2026-06-20T15:48:52.368+0000] {taskinstance.py:1206} INFO - Marking task as SUCCESS. dag_id=credit_default_ml_pipeline, task_id=training.training_gate, run_id=scheduled__2024-02-01T00:00:00+00:00, execution_date=20240201T000000, start_date=20260620T154852, end_date=20260620T154852
[2026-06-20T15:48:52.417+0000] {local_task_job_runner.py:243} INFO - Task exited with return code 0
[2026-06-20T15:48:52.496+0000] {taskinstance.py:3503} INFO - 0 downstream tasks scheduled from follow-on schedule check
[2026-06-20T15:48:52.498+0000] {local_task_job_runner.py:222} INFO - ::endgroup::
[2026-06-20T17:43:44.846+0000] {local_task_job_runner.py:120} INFO - ::group::Pre task execution logs
[2026-06-20T17:43:44.861+0000] {taskinstance.py:2076} INFO - Dependencies all met for dep_context=non-requeueable deps ti=<TaskInstance: credit_default_ml_pipeline.training.training_gate scheduled__2024-02-01T00:00:00+00:00 [queued]>
[2026-06-20T17:43:44.865+0000] {taskinstance.py:2076} INFO - Dependencies all met for dep_context=requeueable deps ti=<TaskInstance: credit_default_ml_pipeline.training.training_gate scheduled__2024-02-01T00:00:00+00:00 [queued]>
[2026-06-20T17:43:44.865+0000] {taskinstance.py:2306} INFO - Starting attempt 1 of 2
[2026-06-20T17:43:44.871+0000] {taskinstance.py:2330} INFO - Executing <Task(BranchPythonOperator): training.training_gate> on 2024-02-01 00:00:00+00:00
[2026-06-20T17:43:44.877+0000] {logging_mixin.py:188} WARNING - /home/***/.local/lib/python3.12/site-packages/***/task/task_runner/standard_task_runner.py:62 DeprecationWarning: This process (pid=44679) is multi-threaded, use of fork() may lead to deadlocks in the child.
[2026-06-20T17:43:44.877+0000] {standard_task_runner.py:90} INFO - Running: ['***', 'tasks', 'run', 'credit_default_ml_pipeline', 'training.training_gate', 'scheduled__2024-02-01T00:00:00+00:00', '--job-id', '3241', '--raw', '--subdir', 'DAGS_FOLDER/dag.py', '--cfg-path', '/tmp/tmp4sec5ue1']
[2026-06-20T17:43:44.879+0000] {standard_task_runner.py:64} INFO - Started process 44681 to run task
[2026-06-20T17:43:44.879+0000] {standard_task_runner.py:91} INFO - Job 3241: Subtask training.training_gate
[2026-06-20T17:43:44.976+0000] {task_command.py:426} INFO - Running <TaskInstance: credit_default_ml_pipeline.training.training_gate scheduled__2024-02-01T00:00:00+00:00 [running]> on host 9cf341f51c89
[2026-06-20T17:43:45.000+0000] {taskinstance.py:2648} INFO - Exporting env vars: AIRFLOW_CTX_DAG_OWNER='***' AIRFLOW_CTX_DAG_ID='credit_default_ml_pipeline' AIRFLOW_CTX_TASK_ID='training.training_gate' AIRFLOW_CTX_EXECUTION_DATE='2024-02-01T00:00:00+00:00' AIRFLOW_CTX_TRY_NUMBER='1' AIRFLOW_CTX_DAG_RUN_ID='scheduled__2024-02-01T00:00:00+00:00'
[2026-06-20T17:43:45.001+0000] {taskinstance.py:430} INFO - ::endgroup::
[2026-06-20T17:43:45.005+0000] {baseoperator.py:400} WARNING - BranchPythonOperator.execute cannot be called outside TaskInstance!
[2026-06-20T17:43:45.005+0000] {logging_mixin.py:188} INFO - [training] 2024-02-01 — retraining is manual; skipping automated training.
[2026-06-20T17:43:45.006+0000] {python.py:237} INFO - Done. Returned value was: training.skip_training
[2026-06-20T17:43:45.006+0000] {branch.py:36} INFO - Branch into training.skip_training
[2026-06-20T17:43:45.007+0000] {skipmixin.py:178} INFO - Following branch training.skip_training
[2026-06-20T17:43:45.012+0000] {skipmixin.py:246} INFO - Skipping tasks [('training.start_training', -1)]
[2026-06-20T17:43:45.018+0000] {taskinstance.py:441} INFO - ::group::Post task execution logs
[2026-06-20T17:43:45.024+0000] {taskinstance.py:1206} INFO - Marking task as SUCCESS. dag_id=credit_default_ml_pipeline, task_id=training.training_gate, run_id=scheduled__2024-02-01T00:00:00+00:00, execution_date=20240201T000000, start_date=20260620T174344, end_date=20260620T174345
[2026-06-20T17:43:45.060+0000] {local_task_job_runner.py:243} INFO - Task exited with return code 0
[2026-06-20T17:43:45.147+0000] {taskinstance.py:3503} INFO - 0 downstream tasks scheduled from follow-on schedule check
[2026-06-20T17:43:45.149+0000] {local_task_job_runner.py:222} INFO - ::endgroup::
[2026-06-21T02:39:58.210+0000] {local_task_job_runner.py:120} INFO - ::group::Pre task execution logs
[2026-06-21T02:39:58.225+0000] {taskinstance.py:2076} INFO - Dependencies all met for dep_context=non-requeueable deps ti=<TaskInstance: credit_default_ml_pipeline.training.training_gate scheduled__2024-02-01T00:00:00+00:00 [queued]>
[2026-06-21T02:39:58.229+0000] {taskinstance.py:2076} INFO - Dependencies all met for dep_context=requeueable deps ti=<TaskInstance: credit_default_ml_pipeline.training.training_gate scheduled__2024-02-01T00:00:00+00:00 [queued]>
[2026-06-21T02:39:58.229+0000] {taskinstance.py:2306} INFO - Starting attempt 1 of 2
[2026-06-21T02:39:58.234+0000] {taskinstance.py:2330} INFO - Executing <Task(BranchPythonOperator): training.training_gate> on 2024-02-01 00:00:00+00:00
[2026-06-21T02:39:58.238+0000] {logging_mixin.py:188} WARNING - /home/***/.local/lib/python3.12/site-packages/***/task/task_runner/standard_task_runner.py:62 DeprecationWarning: This process (pid=44478) is multi-threaded, use of fork() may lead to deadlocks in the child.
[2026-06-21T02:39:58.239+0000] {standard_task_runner.py:90} INFO - Running: ['***', 'tasks', 'run', 'credit_default_ml_pipeline', 'training.training_gate', 'scheduled__2024-02-01T00:00:00+00:00', '--job-id', '3706', '--raw', '--subdir', 'DAGS_FOLDER/dag.py', '--cfg-path', '/tmp/tmpepumr043']
[2026-06-21T02:39:58.240+0000] {standard_task_runner.py:64} INFO - Started process 44480 to run task
[2026-06-21T02:39:58.241+0000] {standard_task_runner.py:91} INFO - Job 3706: Subtask training.training_gate
[2026-06-21T02:39:58.261+0000] {task_command.py:426} INFO - Running <TaskInstance: credit_default_ml_pipeline.training.training_gate scheduled__2024-02-01T00:00:00+00:00 [running]> on host f6e9e2801916
[2026-06-21T02:39:58.357+0000] {taskinstance.py:2648} INFO - Exporting env vars: AIRFLOW_CTX_DAG_OWNER='***' AIRFLOW_CTX_DAG_ID='credit_default_ml_pipeline' AIRFLOW_CTX_TASK_ID='training.training_gate' AIRFLOW_CTX_EXECUTION_DATE='2024-02-01T00:00:00+00:00' AIRFLOW_CTX_TRY_NUMBER='1' AIRFLOW_CTX_DAG_RUN_ID='scheduled__2024-02-01T00:00:00+00:00'
[2026-06-21T02:39:58.359+0000] {taskinstance.py:430} INFO - ::endgroup::
[2026-06-21T02:39:58.364+0000] {baseoperator.py:400} WARNING - BranchPythonOperator.execute cannot be called outside TaskInstance!
[2026-06-21T02:39:58.364+0000] {logging_mixin.py:188} INFO - [training] 2024-02-01 — retraining is manual; skipping automated training.
[2026-06-21T02:39:58.365+0000] {python.py:237} INFO - Done. Returned value was: training.skip_training
[2026-06-21T02:39:58.365+0000] {branch.py:36} INFO - Branch into training.skip_training
[2026-06-21T02:39:58.365+0000] {skipmixin.py:178} INFO - Following branch training.skip_training
[2026-06-21T02:39:58.370+0000] {skipmixin.py:246} INFO - Skipping tasks [('training.start_training', -1)]
[2026-06-21T02:39:58.377+0000] {taskinstance.py:441} INFO - ::group::Post task execution logs
[2026-06-21T02:39:58.383+0000] {taskinstance.py:1206} INFO - Marking task as SUCCESS. dag_id=credit_default_ml_pipeline, task_id=training.training_gate, run_id=scheduled__2024-02-01T00:00:00+00:00, execution_date=20240201T000000, start_date=20260621T023958, end_date=20260621T023958
[2026-06-21T02:39:58.422+0000] {local_task_job_runner.py:243} INFO - Task exited with return code 0
[2026-06-21T02:39:58.437+0000] {taskinstance.py:3503} INFO - 0 downstream tasks scheduled from follow-on schedule check
[2026-06-21T02:39:58.440+0000] {local_task_job_runner.py:222} INFO - ::endgroup::
[2026-06-21T06:06:41.931+0000] {local_task_job_runner.py:120} INFO - ::group::Pre task execution logs
[2026-06-21T06:06:41.949+0000] {taskinstance.py:2076} INFO - Dependencies all met for dep_context=non-requeueable deps ti=<TaskInstance: credit_default_ml_pipeline.training.training_gate scheduled__2024-02-01T00:00:00+00:00 [queued]>
[2026-06-21T06:06:41.954+0000] {taskinstance.py:2076} INFO - Dependencies all met for dep_context=requeueable deps ti=<TaskInstance: credit_default_ml_pipeline.training.training_gate scheduled__2024-02-01T00:00:00+00:00 [queued]>
[2026-06-21T06:06:41.955+0000] {taskinstance.py:2306} INFO - Starting attempt 1 of 2
[2026-06-21T06:06:41.963+0000] {taskinstance.py:2330} INFO - Executing <Task(BranchPythonOperator): training.training_gate> on 2024-02-01 00:00:00+00:00
[2026-06-21T06:06:41.968+0000] {logging_mixin.py:188} WARNING - /home/***/.local/lib/python3.12/site-packages/***/task/task_runner/standard_task_runner.py:62 DeprecationWarning: This process (pid=45532) is multi-threaded, use of fork() may lead to deadlocks in the child.
[2026-06-21T06:06:41.968+0000] {standard_task_runner.py:90} INFO - Running: ['***', 'tasks', 'run', 'credit_default_ml_pipeline', 'training.training_gate', 'scheduled__2024-02-01T00:00:00+00:00', '--job-id', '4169', '--raw', '--subdir', 'DAGS_FOLDER/dag.py', '--cfg-path', '/tmp/tmpsnx12ccj']
[2026-06-21T06:06:41.970+0000] {standard_task_runner.py:64} INFO - Started process 45534 to run task
[2026-06-21T06:06:41.970+0000] {standard_task_runner.py:91} INFO - Job 4169: Subtask training.training_gate
[2026-06-21T06:06:42.097+0000] {task_command.py:426} INFO - Running <TaskInstance: credit_default_ml_pipeline.training.training_gate scheduled__2024-02-01T00:00:00+00:00 [running]> on host 9377a3f0491f
[2026-06-21T06:06:42.133+0000] {taskinstance.py:2648} INFO - Exporting env vars: AIRFLOW_CTX_DAG_OWNER='***' AIRFLOW_CTX_DAG_ID='credit_default_ml_pipeline' AIRFLOW_CTX_TASK_ID='training.training_gate' AIRFLOW_CTX_EXECUTION_DATE='2024-02-01T00:00:00+00:00' AIRFLOW_CTX_TRY_NUMBER='1' AIRFLOW_CTX_DAG_RUN_ID='scheduled__2024-02-01T00:00:00+00:00'
[2026-06-21T06:06:42.134+0000] {taskinstance.py:430} INFO - ::endgroup::
[2026-06-21T06:06:42.140+0000] {baseoperator.py:400} WARNING - BranchPythonOperator.execute cannot be called outside TaskInstance!
[2026-06-21T06:06:42.141+0000] {logging_mixin.py:188} INFO - [training] 2024-02-01 — retraining is manual; skipping automated training.
[2026-06-21T06:06:42.142+0000] {python.py:237} INFO - Done. Returned value was: training.skip_training
[2026-06-21T06:06:42.142+0000] {branch.py:36} INFO - Branch into training.skip_training
[2026-06-21T06:06:42.143+0000] {skipmixin.py:178} INFO - Following branch training.skip_training
[2026-06-21T06:06:42.150+0000] {skipmixin.py:246} INFO - Skipping tasks [('training.start_training', -1)]
[2026-06-21T06:06:42.161+0000] {taskinstance.py:441} INFO - ::group::Post task execution logs
[2026-06-21T06:06:42.169+0000] {taskinstance.py:1206} INFO - Marking task as SUCCESS. dag_id=credit_default_ml_pipeline, task_id=training.training_gate, run_id=scheduled__2024-02-01T00:00:00+00:00, execution_date=20240201T000000, start_date=20260621T060641, end_date=20260621T060642
[2026-06-21T06:06:42.212+0000] {local_task_job_runner.py:243} INFO - Task exited with return code 0
[2026-06-21T06:06:42.318+0000] {taskinstance.py:3503} INFO - 0 downstream tasks scheduled from follow-on schedule check
[2026-06-21T06:06:42.321+0000] {local_task_job_runner.py:222} INFO - ::endgroup::
