[2026-06-20T06:02:36.782+0000] {local_task_job_runner.py:120} INFO - ::group::Pre task execution logs
[2026-06-20T06:02:36.794+0000] {taskinstance.py:2076} INFO - Dependencies all met for dep_context=non-requeueable deps ti=<TaskInstance: credit_default_ml_pipeline.inference.logreg_inference scheduled__2023-11-01T00:00:00+00:00 [queued]>
[2026-06-20T06:02:36.799+0000] {taskinstance.py:2076} INFO - Dependencies all met for dep_context=requeueable deps ti=<TaskInstance: credit_default_ml_pipeline.inference.logreg_inference scheduled__2023-11-01T00:00:00+00:00 [queued]>
[2026-06-20T06:02:36.799+0000] {taskinstance.py:2306} INFO - Starting attempt 1 of 2
[2026-06-20T06:02:36.874+0000] {taskinstance.py:2330} INFO - Executing <Task(BashOperator): inference.logreg_inference> on 2023-11-01 00:00:00+00:00
[2026-06-20T06:02:36.880+0000] {logging_mixin.py:188} WARNING - /home/***/.local/lib/python3.12/site-packages/***/task/task_runner/standard_task_runner.py:62 DeprecationWarning: This process (pid=45136) is multi-threaded, use of fork() may lead to deadlocks in the child.
[2026-06-20T06:02:36.881+0000] {standard_task_runner.py:64} INFO - Started process 45140 to run task
[2026-06-20T06:02:36.880+0000] {standard_task_runner.py:90} INFO - Running: ['***', 'tasks', 'run', 'credit_default_ml_pipeline', 'inference.logreg_inference', 'scheduled__2023-11-01T00:00:00+00:00', '--job-id', '1644', '--raw', '--subdir', 'DAGS_FOLDER/dag.py', '--cfg-path', '/tmp/tmpgel12u4g']
[2026-06-20T06:02:36.881+0000] {standard_task_runner.py:91} INFO - Job 1644: Subtask inference.logreg_inference
[2026-06-20T06:02:36.899+0000] {task_command.py:426} INFO - Running <TaskInstance: credit_default_ml_pipeline.inference.logreg_inference scheduled__2023-11-01T00:00:00+00:00 [running]> on host 9cf341f51c89
[2026-06-20T06:02:36.927+0000] {taskinstance.py:2648} INFO - Exporting env vars: AIRFLOW_CTX_DAG_OWNER='***' AIRFLOW_CTX_DAG_ID='credit_default_ml_pipeline' AIRFLOW_CTX_TASK_ID='inference.logreg_inference' AIRFLOW_CTX_EXECUTION_DATE='2023-11-01T00:00:00+00:00' AIRFLOW_CTX_TRY_NUMBER='1' AIRFLOW_CTX_DAG_RUN_ID='scheduled__2023-11-01T00:00:00+00:00'
[2026-06-20T06:02:36.928+0000] {taskinstance.py:430} INFO - ::endgroup::
[2026-06-20T06:02:36.933+0000] {subprocess.py:63} INFO - Tmp dir root location: /tmp
[2026-06-20T06:02:36.933+0000] {subprocess.py:75} INFO - Running command: ['/usr/bin/bash', '-c', 'cd /opt/***/scripts && if [ ! -f model_bank/champion.txt ]; then echo \'[SKIP] no champion.txt for 2023-11-01\'; exit 0; fi && python3 model_inference.py --snapshotdate "2023-11-01" --modelname "credit_logreg_2024_09_01.pkl"']
[2026-06-20T06:02:36.938+0000] {subprocess.py:86} INFO - Output:
[2026-06-20T06:02:36.939+0000] {subprocess.py:93} INFO - [SKIP] no champion.txt for 2023-11-01
[2026-06-20T06:02:36.940+0000] {subprocess.py:97} INFO - Command exited with return code 0
[2026-06-20T06:02:36.940+0000] {taskinstance.py:441} INFO - ::group::Post task execution logs
[2026-06-20T06:02:36.950+0000] {taskinstance.py:1206} INFO - Marking task as SUCCESS. dag_id=credit_default_ml_pipeline, task_id=inference.logreg_inference, run_id=scheduled__2023-11-01T00:00:00+00:00, execution_date=20231101T000000, start_date=20260620T060236, end_date=20260620T060236
[2026-06-20T06:02:36.979+0000] {local_task_job_runner.py:243} INFO - Task exited with return code 0
[2026-06-20T06:02:36.985+0000] {local_task_job_runner.py:222} INFO - ::endgroup::
[2026-06-20T07:42:04.271+0000] {local_task_job_runner.py:120} INFO - ::group::Pre task execution logs
[2026-06-20T07:42:04.288+0000] {taskinstance.py:2076} INFO - Dependencies all met for dep_context=non-requeueable deps ti=<TaskInstance: credit_default_ml_pipeline.inference.logreg_inference scheduled__2023-11-01T00:00:00+00:00 [queued]>
[2026-06-20T07:42:04.297+0000] {taskinstance.py:2076} INFO - Dependencies all met for dep_context=requeueable deps ti=<TaskInstance: credit_default_ml_pipeline.inference.logreg_inference scheduled__2023-11-01T00:00:00+00:00 [queued]>
[2026-06-20T07:42:04.297+0000] {taskinstance.py:2306} INFO - Starting attempt 1 of 2
[2026-06-20T07:42:04.397+0000] {taskinstance.py:2330} INFO - Executing <Task(BashOperator): inference.logreg_inference> on 2023-11-01 00:00:00+00:00
[2026-06-20T07:42:04.404+0000] {logging_mixin.py:188} WARNING - /home/***/.local/lib/python3.12/site-packages/***/task/task_runner/standard_task_runner.py:62 DeprecationWarning: This process (pid=30201) is multi-threaded, use of fork() may lead to deadlocks in the child.
[2026-06-20T07:42:04.405+0000] {standard_task_runner.py:64} INFO - Started process 30206 to run task
[2026-06-20T07:42:04.406+0000] {standard_task_runner.py:90} INFO - Running: ['***', 'tasks', 'run', 'credit_default_ml_pipeline', 'inference.logreg_inference', 'scheduled__2023-11-01T00:00:00+00:00', '--job-id', '2138', '--raw', '--subdir', 'DAGS_FOLDER/dag.py', '--cfg-path', '/tmp/tmpzaxprof3']
[2026-06-20T07:42:04.408+0000] {standard_task_runner.py:91} INFO - Job 2138: Subtask inference.logreg_inference
[2026-06-20T07:42:04.434+0000] {task_command.py:426} INFO - Running <TaskInstance: credit_default_ml_pipeline.inference.logreg_inference scheduled__2023-11-01T00:00:00+00:00 [running]> on host 9cf341f51c89
[2026-06-20T07:42:04.478+0000] {taskinstance.py:2648} INFO - Exporting env vars: AIRFLOW_CTX_DAG_OWNER='***' AIRFLOW_CTX_DAG_ID='credit_default_ml_pipeline' AIRFLOW_CTX_TASK_ID='inference.logreg_inference' AIRFLOW_CTX_EXECUTION_DATE='2023-11-01T00:00:00+00:00' AIRFLOW_CTX_TRY_NUMBER='1' AIRFLOW_CTX_DAG_RUN_ID='scheduled__2023-11-01T00:00:00+00:00'
[2026-06-20T07:42:04.480+0000] {taskinstance.py:430} INFO - ::endgroup::
[2026-06-20T07:42:04.488+0000] {subprocess.py:63} INFO - Tmp dir root location: /tmp
[2026-06-20T07:42:04.489+0000] {subprocess.py:75} INFO - Running command: ['/usr/bin/bash', '-c', 'cd /opt/***/scripts && if [ ! -f model_bank/champion.txt ]; then echo \'[SKIP] no champion.txt for 2023-11-01\'; exit 0; fi && python3 model_inference.py --snapshotdate "2023-11-01" --modelname "credit_logreg_2024_09_01.pkl"']
[2026-06-20T07:42:04.494+0000] {subprocess.py:86} INFO - Output:
[2026-06-20T07:42:04.497+0000] {subprocess.py:93} INFO - [SKIP] no champion.txt for 2023-11-01
[2026-06-20T07:42:04.497+0000] {subprocess.py:97} INFO - Command exited with return code 0
[2026-06-20T07:42:04.498+0000] {taskinstance.py:441} INFO - ::group::Post task execution logs
[2026-06-20T07:42:04.513+0000] {taskinstance.py:1206} INFO - Marking task as SUCCESS. dag_id=credit_default_ml_pipeline, task_id=inference.logreg_inference, run_id=scheduled__2023-11-01T00:00:00+00:00, execution_date=20231101T000000, start_date=20260620T074204, end_date=20260620T074204
[2026-06-20T07:42:04.545+0000] {local_task_job_runner.py:243} INFO - Task exited with return code 0
[2026-06-20T07:42:04.562+0000] {taskinstance.py:3503} INFO - 0 downstream tasks scheduled from follow-on schedule check
[2026-06-20T07:42:04.563+0000] {local_task_job_runner.py:222} INFO - ::endgroup::
[2026-06-20T15:40:28.771+0000] {local_task_job_runner.py:120} INFO - ::group::Pre task execution logs
[2026-06-20T15:40:28.788+0000] {taskinstance.py:2076} INFO - Dependencies all met for dep_context=non-requeueable deps ti=<TaskInstance: credit_default_ml_pipeline.inference.logreg_inference scheduled__2023-11-01T00:00:00+00:00 [queued]>
[2026-06-20T15:40:28.793+0000] {taskinstance.py:2076} INFO - Dependencies all met for dep_context=requeueable deps ti=<TaskInstance: credit_default_ml_pipeline.inference.logreg_inference scheduled__2023-11-01T00:00:00+00:00 [queued]>
[2026-06-20T15:40:28.794+0000] {taskinstance.py:2306} INFO - Starting attempt 1 of 2
[2026-06-20T15:40:28.868+0000] {taskinstance.py:2330} INFO - Executing <Task(BashOperator): inference.logreg_inference> on 2023-11-01 00:00:00+00:00
[2026-06-20T15:40:28.872+0000] {logging_mixin.py:188} WARNING - /home/***/.local/lib/python3.12/site-packages/***/task/task_runner/standard_task_runner.py:62 DeprecationWarning: This process (pid=16696) is multi-threaded, use of fork() may lead to deadlocks in the child.
[2026-06-20T15:40:28.873+0000] {standard_task_runner.py:90} INFO - Running: ['***', 'tasks', 'run', 'credit_default_ml_pipeline', 'inference.logreg_inference', 'scheduled__2023-11-01T00:00:00+00:00', '--job-id', '2608', '--raw', '--subdir', 'DAGS_FOLDER/dag.py', '--cfg-path', '/tmp/tmp5kse6309']
[2026-06-20T15:40:28.874+0000] {standard_task_runner.py:64} INFO - Started process 16699 to run task
[2026-06-20T15:40:28.874+0000] {standard_task_runner.py:91} INFO - Job 2608: Subtask inference.logreg_inference
[2026-06-20T15:40:28.893+0000] {task_command.py:426} INFO - Running <TaskInstance: credit_default_ml_pipeline.inference.logreg_inference scheduled__2023-11-01T00:00:00+00:00 [running]> on host 9cf341f51c89
[2026-06-20T15:40:28.922+0000] {taskinstance.py:2648} INFO - Exporting env vars: AIRFLOW_CTX_DAG_OWNER='***' AIRFLOW_CTX_DAG_ID='credit_default_ml_pipeline' AIRFLOW_CTX_TASK_ID='inference.logreg_inference' AIRFLOW_CTX_EXECUTION_DATE='2023-11-01T00:00:00+00:00' AIRFLOW_CTX_TRY_NUMBER='1' AIRFLOW_CTX_DAG_RUN_ID='scheduled__2023-11-01T00:00:00+00:00'
[2026-06-20T15:40:28.923+0000] {taskinstance.py:430} INFO - ::endgroup::
[2026-06-20T15:40:28.927+0000] {subprocess.py:63} INFO - Tmp dir root location: /tmp
[2026-06-20T15:40:28.928+0000] {subprocess.py:75} INFO - Running command: ['/usr/bin/bash', '-c', 'cd /opt/***/scripts && if [ ! -f model_bank/champion.txt ]; then echo \'[SKIP] no champion.txt for 2023-11-01\'; exit 0; fi && python3 model_inference.py --snapshotdate "2023-11-01" --modelname "credit_logreg_2024_09_01.pkl"']
[2026-06-20T15:40:28.932+0000] {subprocess.py:86} INFO - Output:
[2026-06-20T15:40:28.933+0000] {subprocess.py:93} INFO - [SKIP] no champion.txt for 2023-11-01
[2026-06-20T15:40:28.933+0000] {subprocess.py:97} INFO - Command exited with return code 0
[2026-06-20T15:40:28.934+0000] {taskinstance.py:441} INFO - ::group::Post task execution logs
[2026-06-20T15:40:28.944+0000] {taskinstance.py:1206} INFO - Marking task as SUCCESS. dag_id=credit_default_ml_pipeline, task_id=inference.logreg_inference, run_id=scheduled__2023-11-01T00:00:00+00:00, execution_date=20231101T000000, start_date=20260620T154028, end_date=20260620T154028
[2026-06-20T15:40:28.973+0000] {local_task_job_runner.py:243} INFO - Task exited with return code 0
[2026-06-20T15:40:28.982+0000] {local_task_job_runner.py:222} INFO - ::endgroup::
[2026-06-20T17:34:43.750+0000] {local_task_job_runner.py:120} INFO - ::group::Pre task execution logs
[2026-06-20T17:34:43.765+0000] {taskinstance.py:2076} INFO - Dependencies all met for dep_context=non-requeueable deps ti=<TaskInstance: credit_default_ml_pipeline.inference.logreg_inference scheduled__2023-11-01T00:00:00+00:00 [queued]>
[2026-06-20T17:34:43.770+0000] {taskinstance.py:2076} INFO - Dependencies all met for dep_context=requeueable deps ti=<TaskInstance: credit_default_ml_pipeline.inference.logreg_inference scheduled__2023-11-01T00:00:00+00:00 [queued]>
[2026-06-20T17:34:43.771+0000] {taskinstance.py:2306} INFO - Starting attempt 1 of 2
[2026-06-20T17:34:43.864+0000] {taskinstance.py:2330} INFO - Executing <Task(BashOperator): inference.logreg_inference> on 2023-11-01 00:00:00+00:00
[2026-06-20T17:34:43.870+0000] {logging_mixin.py:188} WARNING - /home/***/.local/lib/python3.12/site-packages/***/task/task_runner/standard_task_runner.py:62 DeprecationWarning: This process (pid=35007) is multi-threaded, use of fork() may lead to deadlocks in the child.
[2026-06-20T17:34:43.871+0000] {standard_task_runner.py:64} INFO - Started process 35012 to run task
[2026-06-20T17:34:43.870+0000] {standard_task_runner.py:90} INFO - Running: ['***', 'tasks', 'run', 'credit_default_ml_pipeline', 'inference.logreg_inference', 'scheduled__2023-11-01T00:00:00+00:00', '--job-id', '3185', '--raw', '--subdir', 'DAGS_FOLDER/dag.py', '--cfg-path', '/tmp/tmprv2yp98n']
[2026-06-20T17:34:43.872+0000] {standard_task_runner.py:91} INFO - Job 3185: Subtask inference.logreg_inference
[2026-06-20T17:34:43.894+0000] {task_command.py:426} INFO - Running <TaskInstance: credit_default_ml_pipeline.inference.logreg_inference scheduled__2023-11-01T00:00:00+00:00 [running]> on host 9cf341f51c89
[2026-06-20T17:34:43.927+0000] {taskinstance.py:2648} INFO - Exporting env vars: AIRFLOW_CTX_DAG_OWNER='***' AIRFLOW_CTX_DAG_ID='credit_default_ml_pipeline' AIRFLOW_CTX_TASK_ID='inference.logreg_inference' AIRFLOW_CTX_EXECUTION_DATE='2023-11-01T00:00:00+00:00' AIRFLOW_CTX_TRY_NUMBER='1' AIRFLOW_CTX_DAG_RUN_ID='scheduled__2023-11-01T00:00:00+00:00'
[2026-06-20T17:34:43.929+0000] {taskinstance.py:430} INFO - ::endgroup::
[2026-06-20T17:34:43.935+0000] {subprocess.py:63} INFO - Tmp dir root location: /tmp
[2026-06-20T17:34:43.936+0000] {subprocess.py:75} INFO - Running command: ['/usr/bin/bash', '-c', 'cd /opt/***/scripts && if [ ! -f model_bank/champion.txt ]; then echo \'[SKIP] no champion.txt for 2023-11-01\'; exit 0; fi && python3 model_inference.py --snapshotdate "2023-11-01" --modelname "credit_logreg_2024_09_01.pkl"']
[2026-06-20T17:34:43.941+0000] {subprocess.py:86} INFO - Output:
[2026-06-20T17:34:43.943+0000] {subprocess.py:93} INFO - [SKIP] no champion.txt for 2023-11-01
[2026-06-20T17:34:43.943+0000] {subprocess.py:97} INFO - Command exited with return code 0
[2026-06-20T17:34:43.943+0000] {taskinstance.py:441} INFO - ::group::Post task execution logs
[2026-06-20T17:34:43.955+0000] {taskinstance.py:1206} INFO - Marking task as SUCCESS. dag_id=credit_default_ml_pipeline, task_id=inference.logreg_inference, run_id=scheduled__2023-11-01T00:00:00+00:00, execution_date=20231101T000000, start_date=20260620T173443, end_date=20260620T173443
[2026-06-20T17:34:43.970+0000] {local_task_job_runner.py:243} INFO - Task exited with return code 0
[2026-06-20T17:34:43.979+0000] {local_task_job_runner.py:222} INFO - ::endgroup::
[2026-06-21T02:31:01.859+0000] {local_task_job_runner.py:120} INFO - ::group::Pre task execution logs
[2026-06-21T02:31:01.873+0000] {taskinstance.py:2076} INFO - Dependencies all met for dep_context=non-requeueable deps ti=<TaskInstance: credit_default_ml_pipeline.inference.logreg_inference scheduled__2023-11-01T00:00:00+00:00 [queued]>
[2026-06-21T02:31:01.880+0000] {taskinstance.py:2076} INFO - Dependencies all met for dep_context=requeueable deps ti=<TaskInstance: credit_default_ml_pipeline.inference.logreg_inference scheduled__2023-11-01T00:00:00+00:00 [queued]>
[2026-06-21T02:31:01.880+0000] {taskinstance.py:2306} INFO - Starting attempt 1 of 2
[2026-06-21T02:31:01.886+0000] {taskinstance.py:2330} INFO - Executing <Task(BashOperator): inference.logreg_inference> on 2023-11-01 00:00:00+00:00
[2026-06-21T02:31:01.891+0000] {logging_mixin.py:188} WARNING - /home/***/.local/lib/python3.12/site-packages/***/task/task_runner/standard_task_runner.py:62 DeprecationWarning: This process (pid=34878) is multi-threaded, use of fork() may lead to deadlocks in the child.
[2026-06-21T02:31:01.891+0000] {standard_task_runner.py:90} INFO - Running: ['***', 'tasks', 'run', 'credit_default_ml_pipeline', 'inference.logreg_inference', 'scheduled__2023-11-01T00:00:00+00:00', '--job-id', '3651', '--raw', '--subdir', 'DAGS_FOLDER/dag.py', '--cfg-path', '/tmp/tmpfngd8dta']
[2026-06-21T02:31:01.892+0000] {standard_task_runner.py:64} INFO - Started process 34882 to run task
[2026-06-21T02:31:01.893+0000] {standard_task_runner.py:91} INFO - Job 3651: Subtask inference.logreg_inference
[2026-06-21T02:31:01.916+0000] {task_command.py:426} INFO - Running <TaskInstance: credit_default_ml_pipeline.inference.logreg_inference scheduled__2023-11-01T00:00:00+00:00 [running]> on host f6e9e2801916
[2026-06-21T02:31:02.029+0000] {taskinstance.py:2648} INFO - Exporting env vars: AIRFLOW_CTX_DAG_OWNER='***' AIRFLOW_CTX_DAG_ID='credit_default_ml_pipeline' AIRFLOW_CTX_TASK_ID='inference.logreg_inference' AIRFLOW_CTX_EXECUTION_DATE='2023-11-01T00:00:00+00:00' AIRFLOW_CTX_TRY_NUMBER='1' AIRFLOW_CTX_DAG_RUN_ID='scheduled__2023-11-01T00:00:00+00:00'
[2026-06-21T02:31:02.030+0000] {taskinstance.py:430} INFO - ::endgroup::
[2026-06-21T02:31:02.034+0000] {subprocess.py:63} INFO - Tmp dir root location: /tmp
[2026-06-21T02:31:02.035+0000] {subprocess.py:75} INFO - Running command: ['/usr/bin/bash', '-c', 'cd /opt/***/scripts && if [ ! -f model_bank/champion.txt ]; then   echo \'[SKIP] no champion.txt for 2023-11-01\'; exit 0; fi && APP_DATE=$(python3 app_date_helper.py \'2023-11-01\') && python3 model_inference.py --snapshotdate "$APP_DATE" --labeldate "2023-11-01" --modelname "credit_logreg_2024_09_01.pkl"']
[2026-06-21T02:31:02.039+0000] {subprocess.py:86} INFO - Output:
[2026-06-21T02:31:02.041+0000] {subprocess.py:93} INFO - [SKIP] no champion.txt for 2023-11-01
[2026-06-21T02:31:02.041+0000] {subprocess.py:97} INFO - Command exited with return code 0
[2026-06-21T02:31:02.042+0000] {taskinstance.py:441} INFO - ::group::Post task execution logs
[2026-06-21T02:31:02.050+0000] {taskinstance.py:1206} INFO - Marking task as SUCCESS. dag_id=credit_default_ml_pipeline, task_id=inference.logreg_inference, run_id=scheduled__2023-11-01T00:00:00+00:00, execution_date=20231101T000000, start_date=20260621T023101, end_date=20260621T023102
[2026-06-21T02:31:02.075+0000] {local_task_job_runner.py:243} INFO - Task exited with return code 0
[2026-06-21T02:31:02.085+0000] {taskinstance.py:3503} INFO - 0 downstream tasks scheduled from follow-on schedule check
[2026-06-21T02:31:02.086+0000] {local_task_job_runner.py:222} INFO - ::endgroup::
[2026-06-21T05:56:39.463+0000] {local_task_job_runner.py:120} INFO - ::group::Pre task execution logs
[2026-06-21T05:56:39.490+0000] {taskinstance.py:2076} INFO - Dependencies all met for dep_context=non-requeueable deps ti=<TaskInstance: credit_default_ml_pipeline.inference.logreg_inference scheduled__2023-11-01T00:00:00+00:00 [queued]>
[2026-06-21T05:56:39.500+0000] {taskinstance.py:2076} INFO - Dependencies all met for dep_context=requeueable deps ti=<TaskInstance: credit_default_ml_pipeline.inference.logreg_inference scheduled__2023-11-01T00:00:00+00:00 [queued]>
[2026-06-21T05:56:39.501+0000] {taskinstance.py:2306} INFO - Starting attempt 1 of 2
[2026-06-21T05:56:39.639+0000] {taskinstance.py:2330} INFO - Executing <Task(BashOperator): inference.logreg_inference> on 2023-11-01 00:00:00+00:00
[2026-06-21T05:56:39.646+0000] {logging_mixin.py:188} WARNING - /home/***/.local/lib/python3.12/site-packages/***/task/task_runner/standard_task_runner.py:62 DeprecationWarning: This process (pid=35575) is multi-threaded, use of fork() may lead to deadlocks in the child.
[2026-06-21T05:56:39.647+0000] {standard_task_runner.py:64} INFO - Started process 35579 to run task
[2026-06-21T05:56:39.646+0000] {standard_task_runner.py:90} INFO - Running: ['***', 'tasks', 'run', 'credit_default_ml_pipeline', 'inference.logreg_inference', 'scheduled__2023-11-01T00:00:00+00:00', '--job-id', '4113', '--raw', '--subdir', 'DAGS_FOLDER/dag.py', '--cfg-path', '/tmp/tmprungfpzi']
[2026-06-21T05:56:39.650+0000] {standard_task_runner.py:91} INFO - Job 4113: Subtask inference.logreg_inference
[2026-06-21T05:56:39.690+0000] {task_command.py:426} INFO - Running <TaskInstance: credit_default_ml_pipeline.inference.logreg_inference scheduled__2023-11-01T00:00:00+00:00 [running]> on host 9377a3f0491f
[2026-06-21T05:56:39.751+0000] {taskinstance.py:2648} INFO - Exporting env vars: AIRFLOW_CTX_DAG_OWNER='***' AIRFLOW_CTX_DAG_ID='credit_default_ml_pipeline' AIRFLOW_CTX_TASK_ID='inference.logreg_inference' AIRFLOW_CTX_EXECUTION_DATE='2023-11-01T00:00:00+00:00' AIRFLOW_CTX_TRY_NUMBER='1' AIRFLOW_CTX_DAG_RUN_ID='scheduled__2023-11-01T00:00:00+00:00'
[2026-06-21T05:56:39.752+0000] {taskinstance.py:430} INFO - ::endgroup::
[2026-06-21T05:56:39.763+0000] {subprocess.py:63} INFO - Tmp dir root location: /tmp
[2026-06-21T05:56:39.765+0000] {subprocess.py:75} INFO - Running command: ['/usr/bin/bash', '-c', 'cd /opt/***/scripts && if [ ! -f model_bank/champion.txt ]; then   echo \'[SKIP] no champion.txt for 2023-11-01\'; exit 0; fi && APP_DATE=$(python3 app_date_helper.py \'2023-11-01\') && python3 model_inference.py --snapshotdate "$APP_DATE" --labeldate "2023-11-01" --modelname "credit_logreg_2024_09_01.pkl"']
[2026-06-21T05:56:39.772+0000] {subprocess.py:86} INFO - Output:
[2026-06-21T05:56:39.775+0000] {subprocess.py:93} INFO - [SKIP] no champion.txt for 2023-11-01
[2026-06-21T05:56:39.776+0000] {subprocess.py:97} INFO - Command exited with return code 0
[2026-06-21T05:56:39.777+0000] {taskinstance.py:441} INFO - ::group::Post task execution logs
[2026-06-21T05:56:39.797+0000] {taskinstance.py:1206} INFO - Marking task as SUCCESS. dag_id=credit_default_ml_pipeline, task_id=inference.logreg_inference, run_id=scheduled__2023-11-01T00:00:00+00:00, execution_date=20231101T000000, start_date=20260621T055639, end_date=20260621T055639
[2026-06-21T05:56:39.836+0000] {local_task_job_runner.py:243} INFO - Task exited with return code 0
[2026-06-21T05:56:39.855+0000] {taskinstance.py:3503} INFO - 0 downstream tasks scheduled from follow-on schedule check
[2026-06-21T05:56:39.857+0000] {local_task_job_runner.py:222} INFO - ::endgroup::
