[2026-06-18T04:07:46.356+0000] {local_task_job_runner.py:120} INFO - ::group::Pre task execution logs
[2026-06-18T04:07:46.387+0000] {taskinstance.py:2076} INFO - Dependencies all met for dep_context=non-requeueable deps ti=<TaskInstance: credit_default_ml_pipeline.monitoring.challenger_monitor scheduled__2023-12-01T00:00:00+00:00 [queued]>
[2026-06-18T04:07:46.394+0000] {taskinstance.py:2076} INFO - Dependencies all met for dep_context=requeueable deps ti=<TaskInstance: credit_default_ml_pipeline.monitoring.challenger_monitor scheduled__2023-12-01T00:00:00+00:00 [queued]>
[2026-06-18T04:07:46.395+0000] {taskinstance.py:2306} INFO - Starting attempt 2 of 3
[2026-06-18T04:07:46.407+0000] {taskinstance.py:2330} INFO - Executing <Task(BashOperator): monitoring.challenger_monitor> on 2023-12-01 00:00:00+00:00
[2026-06-18T04:07:46.414+0000] {standard_task_runner.py:90} INFO - Running: ['***', 'tasks', 'run', 'credit_default_ml_pipeline', 'monitoring.challenger_monitor', 'scheduled__2023-12-01T00:00:00+00:00', '--job-id', '1118', '--raw', '--subdir', 'DAGS_FOLDER/dag.py', '--cfg-path', '/tmp/tmpdqouposo']
[2026-06-18T04:07:46.415+0000] {logging_mixin.py:188} WARNING - /home/***/.local/lib/python3.12/site-packages/***/task/task_runner/standard_task_runner.py:62 DeprecationWarning: This process (pid=62467) is multi-threaded, use of fork() may lead to deadlocks in the child.
[2026-06-18T04:07:46.417+0000] {standard_task_runner.py:91} INFO - Job 1118: Subtask monitoring.challenger_monitor
[2026-06-18T04:07:46.418+0000] {standard_task_runner.py:64} INFO - Started process 62473 to run task
[2026-06-18T04:07:46.466+0000] {task_command.py:426} INFO - Running <TaskInstance: credit_default_ml_pipeline.monitoring.challenger_monitor scheduled__2023-12-01T00:00:00+00:00 [running]> on host bfbc24b887a5
[2026-06-18T04:07:46.735+0000] {taskinstance.py:2648} INFO - Exporting env vars: AIRFLOW_CTX_DAG_OWNER='***' AIRFLOW_CTX_DAG_ID='credit_default_ml_pipeline' AIRFLOW_CTX_TASK_ID='monitoring.challenger_monitor' AIRFLOW_CTX_EXECUTION_DATE='2023-12-01T00:00:00+00:00' AIRFLOW_CTX_TRY_NUMBER='2' AIRFLOW_CTX_DAG_RUN_ID='scheduled__2023-12-01T00:00:00+00:00'
[2026-06-18T04:07:46.737+0000] {taskinstance.py:430} INFO - ::endgroup::
[2026-06-18T04:07:46.748+0000] {subprocess.py:63} INFO - Tmp dir root location: /tmp
[2026-06-18T04:07:46.750+0000] {subprocess.py:75} INFO - Running command: ['/usr/bin/bash', '-c', 'cd /opt/***/scripts && python3 model_monitor.py --snapshotdate "2023-12-01" --modelname "credit_logreg_2024_09_01.pkl"']
[2026-06-18T04:07:46.762+0000] {subprocess.py:86} INFO - Output:
[2026-06-18T04:07:48.311+0000] {subprocess.py:93} INFO - 
[2026-06-18T04:07:48.311+0000] {subprocess.py:93} INFO - --- monitoring credit_logreg_2024_09_01.pkl ---
[2026-06-18T04:07:48.312+0000] {subprocess.py:93} INFO - 
[2026-06-18T04:07:48.313+0000] {subprocess.py:93} INFO - model credit_logreg_2024_09_01.pkl not in bank yet; skipping monitoring.
[2026-06-18T04:07:48.480+0000] {subprocess.py:97} INFO - Command exited with return code 0
[2026-06-18T04:07:48.481+0000] {taskinstance.py:441} INFO - ::group::Post task execution logs
[2026-06-18T04:07:48.498+0000] {taskinstance.py:1206} INFO - Marking task as SUCCESS. dag_id=credit_default_ml_pipeline, task_id=monitoring.challenger_monitor, run_id=scheduled__2023-12-01T00:00:00+00:00, execution_date=20231201T000000, start_date=20260618T040746, end_date=20260618T040748
[2026-06-18T04:07:48.550+0000] {local_task_job_runner.py:243} INFO - Task exited with return code 0
[2026-06-18T04:07:48.565+0000] {taskinstance.py:3503} INFO - 0 downstream tasks scheduled from follow-on schedule check
[2026-06-18T04:07:48.568+0000] {local_task_job_runner.py:222} INFO - ::endgroup::
