[2026-06-17T01:17:38.105+0000] {local_task_job_runner.py:120} INFO - ::group::Pre task execution logs
[2026-06-17T01:17:38.123+0000] {taskinstance.py:2076} INFO - Dependencies all met for dep_context=non-requeueable deps ti=<TaskInstance: credit_default_ml_pipeline.label_pipeline.label_silver_lms scheduled__2024-05-01T00:00:00+00:00 [queued]>
[2026-06-17T01:17:38.129+0000] {taskinstance.py:2076} INFO - Dependencies all met for dep_context=requeueable deps ti=<TaskInstance: credit_default_ml_pipeline.label_pipeline.label_silver_lms scheduled__2024-05-01T00:00:00+00:00 [queued]>
[2026-06-17T01:17:38.130+0000] {taskinstance.py:2306} INFO - Starting attempt 3 of 3
[2026-06-17T01:17:38.138+0000] {taskinstance.py:2330} INFO - Executing <Task(BashOperator): label_pipeline.label_silver_lms> on 2024-05-01 00:00:00+00:00
[2026-06-17T01:17:38.149+0000] {logging_mixin.py:188} WARNING - /home/***/.local/lib/python3.12/site-packages/***/task/task_runner/standard_task_runner.py:62 DeprecationWarning: This process (pid=93370) is multi-threaded, use of fork() may lead to deadlocks in the child.
[2026-06-17T01:17:38.149+0000] {standard_task_runner.py:90} INFO - Running: ['***', 'tasks', 'run', 'credit_default_ml_pipeline', 'label_pipeline.label_silver_lms', 'scheduled__2024-05-01T00:00:00+00:00', '--job-id', '692', '--raw', '--subdir', 'DAGS_FOLDER/dag.py', '--cfg-path', '/tmp/tmpiacu4vwc']
[2026-06-17T01:17:38.151+0000] {standard_task_runner.py:64} INFO - Started process 93371 to run task
[2026-06-17T01:17:38.151+0000] {standard_task_runner.py:91} INFO - Job 692: Subtask label_pipeline.label_silver_lms
[2026-06-17T01:17:38.186+0000] {task_command.py:426} INFO - Running <TaskInstance: credit_default_ml_pipeline.label_pipeline.label_silver_lms scheduled__2024-05-01T00:00:00+00:00 [running]> on host 2b9b50b7433d
[2026-06-17T01:17:38.270+0000] {taskinstance.py:2648} INFO - Exporting env vars: AIRFLOW_CTX_DAG_OWNER='***' AIRFLOW_CTX_DAG_ID='credit_default_ml_pipeline' AIRFLOW_CTX_TASK_ID='label_pipeline.label_silver_lms' AIRFLOW_CTX_EXECUTION_DATE='2024-05-01T00:00:00+00:00' AIRFLOW_CTX_TRY_NUMBER='3' AIRFLOW_CTX_DAG_RUN_ID='scheduled__2024-05-01T00:00:00+00:00'
[2026-06-17T01:17:38.272+0000] {taskinstance.py:430} INFO - ::endgroup::
[2026-06-17T01:17:38.279+0000] {subprocess.py:63} INFO - Tmp dir root location: /tmp
[2026-06-17T01:17:38.280+0000] {subprocess.py:75} INFO - Running command: ['/usr/bin/bash', '-c', 'cd /opt/***/scripts && python3 silver_processing.py --snapshotdate "2024-05-01" --source lms']
[2026-06-17T01:17:38.283+0000] {subprocess.py:86} INFO - Output:
[2026-06-17T01:17:39.238+0000] {subprocess.py:93} INFO - Setting default log level to "WARN".
[2026-06-17T01:17:39.239+0000] {subprocess.py:93} INFO - To adjust logging level use sc.setLogLevel(newLevel). For SparkR, use setLogLevel(newLevel).
[2026-06-17T01:17:39.372+0000] {subprocess.py:93} INFO - 26/06/17 01:17:39 WARN NativeCodeLoader: Unable to load native-hadoop library for your platform... using builtin-java classes where applicable
[2026-06-17T01:17:42.265+0000] {subprocess.py:93} INFO - 
[2026-06-17T01:17:42.266+0000] {subprocess.py:93} INFO - --- silver lms 2024-05-01 ---
[2026-06-17T01:17:42.266+0000] {subprocess.py:93} INFO - 
[2026-06-17T01:17:42.266+0000] {subprocess.py:93} INFO - [silver:lms] loaded datamart/bronze/lms/bronze_lms_2024_05_01.csv rows: 5391
[2026-06-17T01:17:42.267+0000] {subprocess.py:93} INFO - [silver:lms] saved to: datamart/silver/lms/2024_05_01.parquet
[2026-06-17T01:17:42.267+0000] {subprocess.py:93} INFO - 
[2026-06-17T01:17:42.267+0000] {subprocess.py:93} INFO - --- done ---
[2026-06-17T01:17:42.267+0000] {subprocess.py:93} INFO - 
[2026-06-17T01:17:42.729+0000] {subprocess.py:97} INFO - Command exited with return code 0
[2026-06-17T01:17:42.730+0000] {taskinstance.py:441} INFO - ::group::Post task execution logs
[2026-06-17T01:17:42.750+0000] {taskinstance.py:1206} INFO - Marking task as SUCCESS. dag_id=credit_default_ml_pipeline, task_id=label_pipeline.label_silver_lms, run_id=scheduled__2024-05-01T00:00:00+00:00, execution_date=20240501T000000, start_date=20260617T011738, end_date=20260617T011742
[2026-06-17T01:17:42.762+0000] {local_task_job_runner.py:243} INFO - Task exited with return code 0
[2026-06-17T01:17:42.776+0000] {taskinstance.py:3503} INFO - 1 downstream tasks scheduled from follow-on schedule check
[2026-06-17T01:17:42.779+0000] {local_task_job_runner.py:222} INFO - ::endgroup::
