[2026-06-16T11:26:05.143+0000] {local_task_job_runner.py:120} INFO - ::group::Pre task execution logs
[2026-06-16T11:26:05.158+0000] {taskinstance.py:2076} INFO - Dependencies all met for dep_context=non-requeueable deps ti=<TaskInstance: credit_default_ml_pipeline.label_silver_lms scheduled__2023-03-01T00:00:00+00:00 [queued]>
[2026-06-16T11:26:05.162+0000] {taskinstance.py:2076} INFO - Dependencies all met for dep_context=requeueable deps ti=<TaskInstance: credit_default_ml_pipeline.label_silver_lms scheduled__2023-03-01T00:00:00+00:00 [queued]>
[2026-06-16T11:26:05.163+0000] {taskinstance.py:2306} INFO - Starting attempt 2 of 2
[2026-06-16T11:26:05.168+0000] {taskinstance.py:2330} INFO - Executing <Task(BashOperator): label_silver_lms> on 2023-03-01 00:00:00+00:00
[2026-06-16T11:26:05.171+0000] {logging_mixin.py:188} WARNING - /home/***/.local/lib/python3.12/site-packages/***/task/task_runner/standard_task_runner.py:62 DeprecationWarning: This process (pid=9072) is multi-threaded, use of fork() may lead to deadlocks in the child.
[2026-06-16T11:26:05.171+0000] {standard_task_runner.py:90} INFO - Running: ['***', 'tasks', 'run', 'credit_default_ml_pipeline', 'label_silver_lms', 'scheduled__2023-03-01T00:00:00+00:00', '--job-id', '46', '--raw', '--subdir', 'DAGS_FOLDER/dag.py', '--cfg-path', '/tmp/tmpw8eu4vf7']
[2026-06-16T11:26:05.172+0000] {standard_task_runner.py:64} INFO - Started process 9073 to run task
[2026-06-16T11:26:05.172+0000] {standard_task_runner.py:91} INFO - Job 46: Subtask label_silver_lms
[2026-06-16T11:26:05.192+0000] {task_command.py:426} INFO - Running <TaskInstance: credit_default_ml_pipeline.label_silver_lms scheduled__2023-03-01T00:00:00+00:00 [running]> on host 1cab6e97738a
[2026-06-16T11:26:05.218+0000] {taskinstance.py:2648} INFO - Exporting env vars: AIRFLOW_CTX_DAG_OWNER='***' AIRFLOW_CTX_DAG_ID='credit_default_ml_pipeline' AIRFLOW_CTX_TASK_ID='label_silver_lms' AIRFLOW_CTX_EXECUTION_DATE='2023-03-01T00:00:00+00:00' AIRFLOW_CTX_TRY_NUMBER='2' AIRFLOW_CTX_DAG_RUN_ID='scheduled__2023-03-01T00:00:00+00:00'
[2026-06-16T11:26:05.219+0000] {taskinstance.py:430} INFO - ::endgroup::
[2026-06-16T11:26:05.225+0000] {subprocess.py:63} INFO - Tmp dir root location: /tmp
[2026-06-16T11:26:05.226+0000] {subprocess.py:75} INFO - Running command: ['/usr/bin/bash', '-c', 'cd /opt/***/scripts && python3 silver_processing.py --snapshotdate "2023-03-01" --source lms']
[2026-06-16T11:26:05.230+0000] {subprocess.py:86} INFO - Output:
[2026-06-16T11:26:06.050+0000] {subprocess.py:93} INFO - Setting default log level to "WARN".
[2026-06-16T11:26:06.051+0000] {subprocess.py:93} INFO - To adjust logging level use sc.setLogLevel(newLevel). For SparkR, use setLogLevel(newLevel).
[2026-06-16T11:26:06.159+0000] {subprocess.py:93} INFO - 26/06/16 11:26:06 WARN NativeCodeLoader: Unable to load native-hadoop library for your platform... using builtin-java classes where applicable
[2026-06-16T11:26:09.030+0000] {subprocess.py:93} INFO - 
[2026-06-16T11:26:09.031+0000] {subprocess.py:93} INFO - --- silver lms 2023-03-01 ---
[2026-06-16T11:26:09.032+0000] {subprocess.py:93} INFO - 
[2026-06-16T11:26:09.033+0000] {subprocess.py:93} INFO - [silver:lms] loaded datamart/bronze/lms/bronze_lms_2023_03_01.csv rows: 1537
[2026-06-16T11:26:09.034+0000] {subprocess.py:93} INFO - [silver:lms] saved to: datamart/silver/lms/2023_03_01.parquet
[2026-06-16T11:26:09.035+0000] {subprocess.py:93} INFO - 
[2026-06-16T11:26:09.041+0000] {subprocess.py:93} INFO - --- done ---
[2026-06-16T11:26:09.041+0000] {subprocess.py:93} INFO - 
[2026-06-16T11:26:09.461+0000] {subprocess.py:97} INFO - Command exited with return code 0
[2026-06-16T11:26:09.464+0000] {taskinstance.py:441} INFO - ::group::Post task execution logs
[2026-06-16T11:26:09.482+0000] {taskinstance.py:1206} INFO - Marking task as SUCCESS. dag_id=credit_default_ml_pipeline, task_id=label_silver_lms, run_id=scheduled__2023-03-01T00:00:00+00:00, execution_date=20230301T000000, start_date=20260616T112605, end_date=20260616T112609
[2026-06-16T11:26:09.496+0000] {local_task_job_runner.py:243} INFO - Task exited with return code 0
[2026-06-16T11:26:09.511+0000] {taskinstance.py:3503} INFO - 1 downstream tasks scheduled from follow-on schedule check
[2026-06-16T11:26:09.512+0000] {local_task_job_runner.py:222} INFO - ::endgroup::
