[2026-06-18T03:48:53.814+0000] {local_task_job_runner.py:120} INFO - ::group::Pre task execution logs
[2026-06-18T03:48:53.827+0000] {taskinstance.py:2076} INFO - Dependencies all met for dep_context=non-requeueable deps ti=<TaskInstance: credit_default_ml_pipeline.feature_pipeline.gold_feature_store scheduled__2023-05-01T00:00:00+00:00 [queued]>
[2026-06-18T03:48:53.832+0000] {taskinstance.py:2076} INFO - Dependencies all met for dep_context=requeueable deps ti=<TaskInstance: credit_default_ml_pipeline.feature_pipeline.gold_feature_store scheduled__2023-05-01T00:00:00+00:00 [queued]>
[2026-06-18T03:48:53.834+0000] {taskinstance.py:2306} INFO - Starting attempt 3 of 4
[2026-06-18T03:48:53.839+0000] {taskinstance.py:2330} INFO - Executing <Task(BashOperator): feature_pipeline.gold_feature_store> on 2023-05-01 00:00:00+00:00
[2026-06-18T03:48:53.843+0000] {logging_mixin.py:188} WARNING - /home/***/.local/lib/python3.12/site-packages/***/task/task_runner/standard_task_runner.py:62 DeprecationWarning: This process (pid=39550) is multi-threaded, use of fork() may lead to deadlocks in the child.
[2026-06-18T03:48:53.843+0000] {standard_task_runner.py:64} INFO - Started process 39552 to run task
[2026-06-18T03:48:53.843+0000] {standard_task_runner.py:90} INFO - Running: ['***', 'tasks', 'run', 'credit_default_ml_pipeline', 'feature_pipeline.gold_feature_store', 'scheduled__2023-05-01T00:00:00+00:00', '--job-id', '990', '--raw', '--subdir', 'DAGS_FOLDER/dag.py', '--cfg-path', '/tmp/tmp2fxnm_b3']
[2026-06-18T03:48:53.844+0000] {standard_task_runner.py:91} INFO - Job 990: Subtask feature_pipeline.gold_feature_store
[2026-06-18T03:48:53.865+0000] {task_command.py:426} INFO - Running <TaskInstance: credit_default_ml_pipeline.feature_pipeline.gold_feature_store scheduled__2023-05-01T00:00:00+00:00 [running]> on host bfbc24b887a5
[2026-06-18T03:48:53.969+0000] {taskinstance.py:2648} INFO - Exporting env vars: AIRFLOW_CTX_DAG_OWNER='***' AIRFLOW_CTX_DAG_ID='credit_default_ml_pipeline' AIRFLOW_CTX_TASK_ID='feature_pipeline.gold_feature_store' AIRFLOW_CTX_EXECUTION_DATE='2023-05-01T00:00:00+00:00' AIRFLOW_CTX_TRY_NUMBER='3' AIRFLOW_CTX_DAG_RUN_ID='scheduled__2023-05-01T00:00:00+00:00'
[2026-06-18T03:48:53.970+0000] {taskinstance.py:430} INFO - ::endgroup::
[2026-06-18T03:48:53.974+0000] {subprocess.py:63} INFO - Tmp dir root location: /tmp
[2026-06-18T03:48:53.974+0000] {subprocess.py:75} INFO - Running command: ['/usr/bin/bash', '-c', 'cd /opt/***/scripts && python3 gold_feature_store.py --snapshotdate "2023-05-01"']
[2026-06-18T03:48:53.980+0000] {subprocess.py:86} INFO - Output:
[2026-06-18T03:48:55.285+0000] {subprocess.py:93} INFO - Setting default log level to "WARN".
[2026-06-18T03:48:55.286+0000] {subprocess.py:93} INFO - To adjust logging level use sc.setLogLevel(newLevel). For SparkR, use setLogLevel(newLevel).
[2026-06-18T03:48:55.468+0000] {subprocess.py:93} INFO - 26/06/18 03:48:55 WARN NativeCodeLoader: Unable to load native-hadoop library for your platform... using builtin-java classes where applicable
[2026-06-18T03:49:11.280+0000] {subprocess.py:93} INFO - [Stage 17:>                                                         (0 + 1) / 1]                                                                                [Stage 62:>                                                         (0 + 1) / 1]
[2026-06-18T03:49:11.283+0000] {subprocess.py:93} INFO - --- gold feature 2023-05-01 ---
[2026-06-18T03:49:11.283+0000] {subprocess.py:93} INFO - 
[2026-06-18T03:49:11.284+0000] {subprocess.py:93} INFO - [gold:feature] 2023-05-01 applications (mob=0): 521
[2026-06-18T03:49:11.286+0000] {subprocess.py:93} INFO - [gold:feature] saved to: datamart/gold/feature_store/gold_feature_store_2023_05_01.parquet (521 rows, 86 cols)
[2026-06-18T03:49:11.287+0000] {subprocess.py:93} INFO - 
[2026-06-18T03:49:11.288+0000] {subprocess.py:93} INFO - --- done ---
[2026-06-18T03:49:11.288+0000] {subprocess.py:93} INFO - 
[2026-06-18T03:49:11.843+0000] {subprocess.py:97} INFO - Command exited with return code 0
[2026-06-18T03:49:11.845+0000] {taskinstance.py:441} INFO - ::group::Post task execution logs
[2026-06-18T03:49:11.863+0000] {taskinstance.py:1206} INFO - Marking task as SUCCESS. dag_id=credit_default_ml_pipeline, task_id=feature_pipeline.gold_feature_store, run_id=scheduled__2023-05-01T00:00:00+00:00, execution_date=20230501T000000, start_date=20260618T034853, end_date=20260618T034911
[2026-06-18T03:49:11.898+0000] {local_task_job_runner.py:243} INFO - Task exited with return code 0
[2026-06-18T03:49:12.013+0000] {taskinstance.py:3503} INFO - 0 downstream tasks scheduled from follow-on schedule check
[2026-06-18T03:49:12.014+0000] {local_task_job_runner.py:222} INFO - ::endgroup::
