[2026-06-18T04:20:47.000+0000] {local_task_job_runner.py:120} INFO - ::group::Pre task execution logs
[2026-06-18T04:20:47.035+0000] {taskinstance.py:2076} INFO - Dependencies all met for dep_context=non-requeueable deps ti=<TaskInstance: credit_default_ml_pipeline.feature_pipeline.feature_silver_clickstream scheduled__2024-05-01T00:00:00+00:00 [queued]>
[2026-06-18T04:20:47.046+0000] {taskinstance.py:2076} INFO - Dependencies all met for dep_context=requeueable deps ti=<TaskInstance: credit_default_ml_pipeline.feature_pipeline.feature_silver_clickstream scheduled__2024-05-01T00:00:00+00:00 [queued]>
[2026-06-18T04:20:47.047+0000] {taskinstance.py:2306} INFO - Starting attempt 3 of 4
[2026-06-18T04:20:47.062+0000] {taskinstance.py:2330} INFO - Executing <Task(BashOperator): feature_pipeline.feature_silver_clickstream> on 2024-05-01 00:00:00+00:00
[2026-06-18T04:20:47.071+0000] {logging_mixin.py:188} WARNING - /home/***/.local/lib/python3.12/site-packages/***/task/task_runner/standard_task_runner.py:62 DeprecationWarning: This process (pid=76516) is multi-threaded, use of fork() may lead to deadlocks in the child.
[2026-06-18T04:20:47.074+0000] {standard_task_runner.py:64} INFO - Started process 76522 to run task
[2026-06-18T04:20:47.072+0000] {standard_task_runner.py:90} INFO - Running: ['***', 'tasks', 'run', 'credit_default_ml_pipeline', 'feature_pipeline.feature_silver_clickstream', 'scheduled__2024-05-01T00:00:00+00:00', '--job-id', '1199', '--raw', '--subdir', 'DAGS_FOLDER/dag.py', '--cfg-path', '/tmp/tmp8l0hrgdh']
[2026-06-18T04:20:47.078+0000] {standard_task_runner.py:91} INFO - Job 1199: Subtask feature_pipeline.feature_silver_clickstream
[2026-06-18T04:20:47.140+0000] {task_command.py:426} INFO - Running <TaskInstance: credit_default_ml_pipeline.feature_pipeline.feature_silver_clickstream scheduled__2024-05-01T00:00:00+00:00 [running]> on host bfbc24b887a5
[2026-06-18T04:20:47.458+0000] {taskinstance.py:2648} INFO - Exporting env vars: AIRFLOW_CTX_DAG_OWNER='***' AIRFLOW_CTX_DAG_ID='credit_default_ml_pipeline' AIRFLOW_CTX_TASK_ID='feature_pipeline.feature_silver_clickstream' AIRFLOW_CTX_EXECUTION_DATE='2024-05-01T00:00:00+00:00' AIRFLOW_CTX_TRY_NUMBER='3' AIRFLOW_CTX_DAG_RUN_ID='scheduled__2024-05-01T00:00:00+00:00'
[2026-06-18T04:20:47.460+0000] {taskinstance.py:430} INFO - ::endgroup::
[2026-06-18T04:20:47.474+0000] {subprocess.py:63} INFO - Tmp dir root location: /tmp
[2026-06-18T04:20:47.475+0000] {subprocess.py:75} INFO - Running command: ['/usr/bin/bash', '-c', 'cd /opt/***/scripts && python3 silver_processing.py --snapshotdate "2024-05-01" --source clickstream']
[2026-06-18T04:20:47.490+0000] {subprocess.py:86} INFO - Output:
[2026-06-18T04:20:51.018+0000] {subprocess.py:93} INFO - Setting default log level to "WARN".
[2026-06-18T04:20:51.024+0000] {subprocess.py:93} INFO - To adjust logging level use sc.setLogLevel(newLevel). For SparkR, use setLogLevel(newLevel).
[2026-06-18T04:20:51.398+0000] {subprocess.py:93} INFO - 26/06/18 04:20:51 WARN NativeCodeLoader: Unable to load native-hadoop library for your platform... using builtin-java classes where applicable
[2026-06-18T04:20:52.638+0000] {subprocess.py:93} INFO - 26/06/18 04:20:52 WARN Utils: Service 'SparkUI' could not bind on port 4040. Attempting port 4041.
[2026-06-18T04:21:05.797+0000] {subprocess.py:93} INFO - [Stage 0:>                                                          (0 + 1) / 1]                                                                                [Stage 1:>                                                          (0 + 1) / 1]                                                                                [Stage 5:>                                                          (0 + 1) / 1]
[2026-06-18T04:21:05.799+0000] {subprocess.py:93} INFO - --- silver clickstream 2024-05-01 ---
[2026-06-18T04:21:05.801+0000] {subprocess.py:93} INFO - 
[2026-06-18T04:21:05.802+0000] {subprocess.py:93} INFO - [silver:clickstream] loaded datamart/bronze/clickstream/bronze_clickstream_2024_05_01.csv rows: 8974
[2026-06-18T04:21:05.803+0000] {subprocess.py:93} INFO - [silver:clickstream] saved to: datamart/silver/clickstream/2024_05_01.parquet
[2026-06-18T04:21:05.804+0000] {subprocess.py:93} INFO - 
[2026-06-18T04:21:05.806+0000] {subprocess.py:93} INFO - --- done ---
[2026-06-18T04:21:05.808+0000] {subprocess.py:93} INFO - 
[2026-06-18T04:21:06.312+0000] {subprocess.py:97} INFO - Command exited with return code 0
[2026-06-18T04:21:06.315+0000] {taskinstance.py:441} INFO - ::group::Post task execution logs
[2026-06-18T04:21:06.357+0000] {taskinstance.py:1206} INFO - Marking task as SUCCESS. dag_id=credit_default_ml_pipeline, task_id=feature_pipeline.feature_silver_clickstream, run_id=scheduled__2024-05-01T00:00:00+00:00, execution_date=20240501T000000, start_date=20260618T042047, end_date=20260618T042106
[2026-06-18T04:21:06.430+0000] {local_task_job_runner.py:243} INFO - Task exited with return code 0
[2026-06-18T04:21:06.761+0000] {taskinstance.py:3503} INFO - 0 downstream tasks scheduled from follow-on schedule check
[2026-06-18T04:21:06.765+0000] {local_task_job_runner.py:222} INFO - ::endgroup::
