[2026-06-17T00:58:55.714+0000] {local_task_job_runner.py:120} INFO - ::group::Pre task execution logs
[2026-06-17T00:58:55.736+0000] {taskinstance.py:2076} INFO - Dependencies all met for dep_context=non-requeueable deps ti=<TaskInstance: credit_default_ml_pipeline.label_pipeline.label_silver_lms scheduled__2023-11-01T00:00:00+00:00 [queued]>
[2026-06-17T00:58:55.740+0000] {taskinstance.py:2076} INFO - Dependencies all met for dep_context=requeueable deps ti=<TaskInstance: credit_default_ml_pipeline.label_pipeline.label_silver_lms scheduled__2023-11-01T00:00:00+00:00 [queued]>
[2026-06-17T00:58:55.742+0000] {taskinstance.py:2306} INFO - Starting attempt 3 of 4
[2026-06-17T00:58:55.752+0000] {taskinstance.py:2330} INFO - Executing <Task(BashOperator): label_pipeline.label_silver_lms> on 2023-11-01 00:00:00+00:00
[2026-06-17T00:58:55.757+0000] {logging_mixin.py:188} WARNING - /home/***/.local/lib/python3.12/site-packages/***/task/task_runner/standard_task_runner.py:62 DeprecationWarning: This process (pid=72350) is multi-threaded, use of fork() may lead to deadlocks in the child.
[2026-06-17T00:58:55.756+0000] {standard_task_runner.py:90} INFO - Running: ['***', 'tasks', 'run', 'credit_default_ml_pipeline', 'label_pipeline.label_silver_lms', 'scheduled__2023-11-01T00:00:00+00:00', '--job-id', '585', '--raw', '--subdir', 'DAGS_FOLDER/dag.py', '--cfg-path', '/tmp/tmp5lo9sa8s']
[2026-06-17T00:58:55.759+0000] {standard_task_runner.py:91} INFO - Job 585: Subtask label_pipeline.label_silver_lms
[2026-06-17T00:58:55.758+0000] {standard_task_runner.py:64} INFO - Started process 72353 to run task
[2026-06-17T00:58:55.792+0000] {task_command.py:426} INFO - Running <TaskInstance: credit_default_ml_pipeline.label_pipeline.label_silver_lms scheduled__2023-11-01T00:00:00+00:00 [running]> on host 2b9b50b7433d
[2026-06-17T00:58:55.832+0000] {taskinstance.py:2648} INFO - Exporting env vars: AIRFLOW_CTX_DAG_OWNER='***' AIRFLOW_CTX_DAG_ID='credit_default_ml_pipeline' AIRFLOW_CTX_TASK_ID='label_pipeline.label_silver_lms' AIRFLOW_CTX_EXECUTION_DATE='2023-11-01T00:00:00+00:00' AIRFLOW_CTX_TRY_NUMBER='3' AIRFLOW_CTX_DAG_RUN_ID='scheduled__2023-11-01T00:00:00+00:00'
[2026-06-17T00:58:55.833+0000] {taskinstance.py:430} INFO - ::endgroup::
[2026-06-17T00:58:55.840+0000] {subprocess.py:63} INFO - Tmp dir root location: /tmp
[2026-06-17T00:58:55.841+0000] {subprocess.py:75} INFO - Running command: ['/usr/bin/bash', '-c', 'cd /opt/***/scripts && python3 silver_processing.py --snapshotdate "2023-11-01" --source lms']
[2026-06-17T00:58:55.847+0000] {subprocess.py:86} INFO - Output:
[2026-06-17T00:58:57.720+0000] {subprocess.py:93} INFO - Setting default log level to "WARN".
[2026-06-17T00:58:57.721+0000] {subprocess.py:93} INFO - To adjust logging level use sc.setLogLevel(newLevel). For SparkR, use setLogLevel(newLevel).
[2026-06-17T00:58:57.971+0000] {subprocess.py:93} INFO - 26/06/17 00:58:57 WARN NativeCodeLoader: Unable to load native-hadoop library for your platform... using builtin-java classes where applicable
[2026-06-17T00:58:58.560+0000] {subprocess.py:93} INFO - 26/06/17 00:58:58 WARN Utils: Service 'SparkUI' could not bind on port 4040. Attempting port 4041.
[2026-06-17T00:58:58.561+0000] {subprocess.py:93} INFO - 26/06/17 00:58:58 WARN Utils: Service 'SparkUI' could not bind on port 4041. Attempting port 4042.
[2026-06-17T00:58:58.564+0000] {subprocess.py:93} INFO - 26/06/17 00:58:58 WARN Utils: Service 'SparkUI' could not bind on port 4042. Attempting port 4043.
[2026-06-17T00:59:05.879+0000] {subprocess.py:93} INFO - [Stage 5:>                                                          (0 + 1) / 1]
[2026-06-17T00:59:05.881+0000] {subprocess.py:93} INFO - --- silver lms 2023-11-01 ---
[2026-06-17T00:59:05.883+0000] {subprocess.py:93} INFO - 
[2026-06-17T00:59:05.884+0000] {subprocess.py:93} INFO - [silver:lms] loaded datamart/bronze/lms/bronze_lms_2023_11_01.csv rows: 5469
[2026-06-17T00:59:05.886+0000] {subprocess.py:93} INFO - [silver:lms] saved to: datamart/silver/lms/2023_11_01.parquet
[2026-06-17T00:59:05.887+0000] {subprocess.py:93} INFO - 
[2026-06-17T00:59:05.888+0000] {subprocess.py:93} INFO - --- done ---
[2026-06-17T00:59:05.889+0000] {subprocess.py:93} INFO - 
[2026-06-17T00:59:06.311+0000] {subprocess.py:97} INFO - Command exited with return code 0
[2026-06-17T00:59:06.314+0000] {taskinstance.py:441} INFO - ::group::Post task execution logs
[2026-06-17T00:59:06.348+0000] {taskinstance.py:1206} INFO - Marking task as SUCCESS. dag_id=credit_default_ml_pipeline, task_id=label_pipeline.label_silver_lms, run_id=scheduled__2023-11-01T00:00:00+00:00, execution_date=20231101T000000, start_date=20260617T005855, end_date=20260617T005906
[2026-06-17T00:59:06.380+0000] {local_task_job_runner.py:243} INFO - Task exited with return code 0
[2026-06-17T00:59:06.404+0000] {taskinstance.py:3503} INFO - 1 downstream tasks scheduled from follow-on schedule check
[2026-06-17T00:59:06.406+0000] {local_task_job_runner.py:222} INFO - ::endgroup::
