[2026-06-18T03:49:56.151+0000] {local_task_job_runner.py:120} INFO - ::group::Pre task execution logs
[2026-06-18T03:49:56.196+0000] {taskinstance.py:2076} INFO - Dependencies all met for dep_context=non-requeueable deps ti=<TaskInstance: credit_default_ml_pipeline.label_pipeline.gold_label_store scheduled__2023-06-01T00:00:00+00:00 [queued]>
[2026-06-18T03:49:56.212+0000] {taskinstance.py:2076} INFO - Dependencies all met for dep_context=requeueable deps ti=<TaskInstance: credit_default_ml_pipeline.label_pipeline.gold_label_store scheduled__2023-06-01T00:00:00+00:00 [queued]>
[2026-06-18T03:49:56.214+0000] {taskinstance.py:2306} INFO - Starting attempt 3 of 4
[2026-06-18T03:49:56.230+0000] {taskinstance.py:2330} INFO - Executing <Task(BashOperator): label_pipeline.gold_label_store> on 2023-06-01 00:00:00+00:00
[2026-06-18T03:49:56.239+0000] {logging_mixin.py:188} WARNING - /home/***/.local/lib/python3.12/site-packages/***/task/task_runner/standard_task_runner.py:62 DeprecationWarning: This process (pid=42189) is multi-threaded, use of fork() may lead to deadlocks in the child.
[2026-06-18T03:49:56.240+0000] {standard_task_runner.py:64} INFO - Started process 42201 to run task
[2026-06-18T03:49:56.239+0000] {standard_task_runner.py:90} INFO - Running: ['***', 'tasks', 'run', 'credit_default_ml_pipeline', 'label_pipeline.gold_label_store', 'scheduled__2023-06-01T00:00:00+00:00', '--job-id', '1006', '--raw', '--subdir', 'DAGS_FOLDER/dag.py', '--cfg-path', '/tmp/tmp23uvbo85']
[2026-06-18T03:49:56.243+0000] {standard_task_runner.py:91} INFO - Job 1006: Subtask label_pipeline.gold_label_store
[2026-06-18T03:49:56.299+0000] {task_command.py:426} INFO - Running <TaskInstance: credit_default_ml_pipeline.label_pipeline.gold_label_store scheduled__2023-06-01T00:00:00+00:00 [running]> on host bfbc24b887a5
[2026-06-18T03:49:56.565+0000] {taskinstance.py:2648} INFO - Exporting env vars: AIRFLOW_CTX_DAG_OWNER='***' AIRFLOW_CTX_DAG_ID='credit_default_ml_pipeline' AIRFLOW_CTX_TASK_ID='label_pipeline.gold_label_store' AIRFLOW_CTX_EXECUTION_DATE='2023-06-01T00:00:00+00:00' AIRFLOW_CTX_TRY_NUMBER='3' AIRFLOW_CTX_DAG_RUN_ID='scheduled__2023-06-01T00:00:00+00:00'
[2026-06-18T03:49:56.567+0000] {taskinstance.py:430} INFO - ::endgroup::
[2026-06-18T03:49:56.579+0000] {subprocess.py:63} INFO - Tmp dir root location: /tmp
[2026-06-18T03:49:56.581+0000] {subprocess.py:75} INFO - Running command: ['/usr/bin/bash', '-c', 'cd /opt/***/scripts && python3 gold_label_store.py --snapshotdate "2023-06-01"']
[2026-06-18T03:49:56.596+0000] {subprocess.py:86} INFO - Output:
[2026-06-18T03:49:59.328+0000] {subprocess.py:93} INFO - Setting default log level to "WARN".
[2026-06-18T03:49:59.330+0000] {subprocess.py:93} INFO - To adjust logging level use sc.setLogLevel(newLevel). For SparkR, use setLogLevel(newLevel).
[2026-06-18T03:49:59.606+0000] {subprocess.py:93} INFO - 26/06/18 03:49:59 WARN NativeCodeLoader: Unable to load native-hadoop library for your platform... using builtin-java classes where applicable
[2026-06-18T03:50:05.060+0000] {subprocess.py:93} INFO - 
[2026-06-18T03:50:05.062+0000] {subprocess.py:93} INFO - --- gold label 2023-06-01 ---
[2026-06-18T03:50:05.063+0000] {subprocess.py:93} INFO - 
[2026-06-18T03:50:05.065+0000] {subprocess.py:93} INFO - [gold:label] loaded datamart/silver/lms/2023_06_01.parquet rows: 3085
[2026-06-18T03:50:05.065+0000] {subprocess.py:93} INFO - [gold:label] saved to: datamart/gold/label_store/gold_label_store_2023_06_01.parquet
[2026-06-18T03:50:05.066+0000] {subprocess.py:93} INFO - 
[2026-06-18T03:50:05.069+0000] {subprocess.py:93} INFO - --- done ---
[2026-06-18T03:50:05.070+0000] {subprocess.py:93} INFO - 
[2026-06-18T03:50:05.635+0000] {subprocess.py:97} INFO - Command exited with return code 0
[2026-06-18T03:50:05.637+0000] {taskinstance.py:441} INFO - ::group::Post task execution logs
[2026-06-18T03:50:05.663+0000] {taskinstance.py:1206} INFO - Marking task as SUCCESS. dag_id=credit_default_ml_pipeline, task_id=label_pipeline.gold_label_store, run_id=scheduled__2023-06-01T00:00:00+00:00, execution_date=20230601T000000, start_date=20260618T034956, end_date=20260618T035005
[2026-06-18T03:50:05.726+0000] {local_task_job_runner.py:243} INFO - Task exited with return code 0
[2026-06-18T03:50:05.889+0000] {taskinstance.py:3503} INFO - 0 downstream tasks scheduled from follow-on schedule check
[2026-06-18T03:50:05.892+0000] {local_task_job_runner.py:222} INFO - ::endgroup::
