[2026-06-18T04:06:59.858+0000] {local_task_job_runner.py:120} INFO - ::group::Pre task execution logs
[2026-06-18T04:06:59.880+0000] {taskinstance.py:2076} INFO - Dependencies all met for dep_context=non-requeueable deps ti=<TaskInstance: credit_default_ml_pipeline.feature_pipeline.feature_silver_lms scheduled__2023-12-01T00:00:00+00:00 [queued]>
[2026-06-18T04:06:59.887+0000] {taskinstance.py:2076} INFO - Dependencies all met for dep_context=requeueable deps ti=<TaskInstance: credit_default_ml_pipeline.feature_pipeline.feature_silver_lms scheduled__2023-12-01T00:00:00+00:00 [queued]>
[2026-06-18T04:06:59.887+0000] {taskinstance.py:2306} INFO - Starting attempt 4 of 4
[2026-06-18T04:06:59.895+0000] {taskinstance.py:2330} INFO - Executing <Task(BashOperator): feature_pipeline.feature_silver_lms> on 2023-12-01 00:00:00+00:00
[2026-06-18T04:06:59.900+0000] {logging_mixin.py:188} WARNING - /home/***/.local/lib/python3.12/site-packages/***/task/task_runner/standard_task_runner.py:62 DeprecationWarning: This process (pid=61624) is multi-threaded, use of fork() may lead to deadlocks in the child.
[2026-06-18T04:06:59.900+0000] {standard_task_runner.py:90} INFO - Running: ['***', 'tasks', 'run', 'credit_default_ml_pipeline', 'feature_pipeline.feature_silver_lms', 'scheduled__2023-12-01T00:00:00+00:00', '--job-id', '1113', '--raw', '--subdir', 'DAGS_FOLDER/dag.py', '--cfg-path', '/tmp/tmpsdh0quy4']
[2026-06-18T04:06:59.902+0000] {standard_task_runner.py:64} INFO - Started process 61626 to run task
[2026-06-18T04:06:59.902+0000] {standard_task_runner.py:91} INFO - Job 1113: Subtask feature_pipeline.feature_silver_lms
[2026-06-18T04:06:59.937+0000] {task_command.py:426} INFO - Running <TaskInstance: credit_default_ml_pipeline.feature_pipeline.feature_silver_lms scheduled__2023-12-01T00:00:00+00:00 [running]> on host bfbc24b887a5
[2026-06-18T04:07:00.142+0000] {taskinstance.py:2648} INFO - Exporting env vars: AIRFLOW_CTX_DAG_OWNER='***' AIRFLOW_CTX_DAG_ID='credit_default_ml_pipeline' AIRFLOW_CTX_TASK_ID='feature_pipeline.feature_silver_lms' AIRFLOW_CTX_EXECUTION_DATE='2023-12-01T00:00:00+00:00' AIRFLOW_CTX_TRY_NUMBER='4' AIRFLOW_CTX_DAG_RUN_ID='scheduled__2023-12-01T00:00:00+00:00'
[2026-06-18T04:07:00.144+0000] {taskinstance.py:430} INFO - ::endgroup::
[2026-06-18T04:07:00.151+0000] {subprocess.py:63} INFO - Tmp dir root location: /tmp
[2026-06-18T04:07:00.152+0000] {subprocess.py:75} INFO - Running command: ['/usr/bin/bash', '-c', 'cd /opt/***/scripts && python3 silver_processing.py --snapshotdate "2023-12-01" --source lms']
[2026-06-18T04:07:00.158+0000] {subprocess.py:86} INFO - Output:
[2026-06-18T04:07:01.957+0000] {subprocess.py:93} INFO - Setting default log level to "WARN".
[2026-06-18T04:07:01.959+0000] {subprocess.py:93} INFO - To adjust logging level use sc.setLogLevel(newLevel). For SparkR, use setLogLevel(newLevel).
[2026-06-18T04:07:02.094+0000] {subprocess.py:93} INFO - 26/06/18 04:07:02 WARN NativeCodeLoader: Unable to load native-hadoop library for your platform... using builtin-java classes where applicable
[2026-06-18T04:07:08.993+0000] {subprocess.py:93} INFO - [Stage 5:>                                                          (0 + 1) / 1]
[2026-06-18T04:07:08.996+0000] {subprocess.py:93} INFO - --- silver lms 2023-12-01 ---
[2026-06-18T04:07:08.998+0000] {subprocess.py:93} INFO - 
[2026-06-18T04:07:08.999+0000] {subprocess.py:93} INFO - [silver:lms] loaded datamart/bronze/lms/bronze_lms_2023_12_01.csv rows: 5428
[2026-06-18T04:07:09.000+0000] {subprocess.py:93} INFO - [silver:lms] saved to: datamart/silver/lms/2023_12_01.parquet
[2026-06-18T04:07:09.001+0000] {subprocess.py:93} INFO - 
[2026-06-18T04:07:09.002+0000] {subprocess.py:93} INFO - --- done ---
[2026-06-18T04:07:09.004+0000] {subprocess.py:93} INFO - 
[2026-06-18T04:07:09.542+0000] {subprocess.py:97} INFO - Command exited with return code 0
[2026-06-18T04:07:09.544+0000] {taskinstance.py:441} INFO - ::group::Post task execution logs
[2026-06-18T04:07:09.567+0000] {taskinstance.py:1206} INFO - Marking task as SUCCESS. dag_id=credit_default_ml_pipeline, task_id=feature_pipeline.feature_silver_lms, run_id=scheduled__2023-12-01T00:00:00+00:00, execution_date=20231201T000000, start_date=20260618T040659, end_date=20260618T040709
[2026-06-18T04:07:09.608+0000] {local_task_job_runner.py:243} INFO - Task exited with return code 0
[2026-06-18T04:07:09.784+0000] {taskinstance.py:3503} INFO - 1 downstream tasks scheduled from follow-on schedule check
[2026-06-18T04:07:09.786+0000] {local_task_job_runner.py:222} INFO - ::endgroup::
