[2026-06-16T11:23:46.752+0000] {local_task_job_runner.py:120} INFO - ::group::Pre task execution logs
[2026-06-16T11:23:46.767+0000] {taskinstance.py:2076} INFO - Dependencies all met for dep_context=non-requeueable deps ti=<TaskInstance: credit_default_ml_pipeline.feature_bronze_attributes scheduled__2023-03-01T00:00:00+00:00 [queued]>
[2026-06-16T11:23:46.775+0000] {taskinstance.py:2076} INFO - Dependencies all met for dep_context=requeueable deps ti=<TaskInstance: credit_default_ml_pipeline.feature_bronze_attributes scheduled__2023-03-01T00:00:00+00:00 [queued]>
[2026-06-16T11:23:46.775+0000] {taskinstance.py:2306} INFO - Starting attempt 1 of 2
[2026-06-16T11:23:46.783+0000] {taskinstance.py:2330} INFO - Executing <Task(BashOperator): feature_bronze_attributes> on 2023-03-01 00:00:00+00:00
[2026-06-16T11:23:46.787+0000] {logging_mixin.py:188} WARNING - /home/***/.local/lib/python3.12/site-packages/***/task/task_runner/standard_task_runner.py:62 DeprecationWarning: This process (pid=6421) is multi-threaded, use of fork() may lead to deadlocks in the child.
[2026-06-16T11:23:46.788+0000] {standard_task_runner.py:64} INFO - Started process 6424 to run task
[2026-06-16T11:23:46.789+0000] {standard_task_runner.py:90} INFO - Running: ['***', 'tasks', 'run', 'credit_default_ml_pipeline', 'feature_bronze_attributes', 'scheduled__2023-03-01T00:00:00+00:00', '--job-id', '37', '--raw', '--subdir', 'DAGS_FOLDER/dag.py', '--cfg-path', '/tmp/tmpt9cmn7br']
[2026-06-16T11:23:46.791+0000] {standard_task_runner.py:91} INFO - Job 37: Subtask feature_bronze_attributes
[2026-06-16T11:23:46.815+0000] {task_command.py:426} INFO - Running <TaskInstance: credit_default_ml_pipeline.feature_bronze_attributes scheduled__2023-03-01T00:00:00+00:00 [running]> on host 1cab6e97738a
[2026-06-16T11:23:46.849+0000] {taskinstance.py:2648} INFO - Exporting env vars: AIRFLOW_CTX_DAG_OWNER='***' AIRFLOW_CTX_DAG_ID='credit_default_ml_pipeline' AIRFLOW_CTX_TASK_ID='feature_bronze_attributes' AIRFLOW_CTX_EXECUTION_DATE='2023-03-01T00:00:00+00:00' AIRFLOW_CTX_TRY_NUMBER='1' AIRFLOW_CTX_DAG_RUN_ID='scheduled__2023-03-01T00:00:00+00:00'
[2026-06-16T11:23:46.850+0000] {taskinstance.py:430} INFO - ::endgroup::
[2026-06-16T11:23:46.856+0000] {subprocess.py:63} INFO - Tmp dir root location: /tmp
[2026-06-16T11:23:46.858+0000] {subprocess.py:75} INFO - Running command: ['/usr/bin/bash', '-c', 'cd /opt/***/scripts && python3 bronze_processing.py --snapshotdate "2023-03-01" --source attributes']
[2026-06-16T11:23:46.861+0000] {subprocess.py:86} INFO - Output:
[2026-06-16T11:23:48.206+0000] {subprocess.py:93} INFO - Setting default log level to "WARN".
[2026-06-16T11:23:48.207+0000] {subprocess.py:93} INFO - To adjust logging level use sc.setLogLevel(newLevel). For SparkR, use setLogLevel(newLevel).
[2026-06-16T11:23:48.334+0000] {subprocess.py:93} INFO - 26/06/16 11:23:48 WARN NativeCodeLoader: Unable to load native-hadoop library for your platform... using builtin-java classes where applicable
[2026-06-16T11:23:54.089+0000] {subprocess.py:93} INFO - 
[2026-06-16T11:23:54.090+0000] {subprocess.py:93} INFO - --- bronze attributes 2023-03-01 ---
[2026-06-16T11:23:54.090+0000] {subprocess.py:93} INFO - 
[2026-06-16T11:23:54.091+0000] {subprocess.py:93} INFO - [bronze:attributes] 2023-03-01 row count: 506
[2026-06-16T11:23:54.092+0000] {subprocess.py:93} INFO - [bronze:attributes] saved to: datamart/bronze/attributes/bronze_attributes_2023_03_01.csv
[2026-06-16T11:23:54.093+0000] {subprocess.py:93} INFO - 
[2026-06-16T11:23:54.094+0000] {subprocess.py:93} INFO - --- done ---
[2026-06-16T11:23:54.095+0000] {subprocess.py:93} INFO - 
[2026-06-16T11:23:54.591+0000] {subprocess.py:97} INFO - Command exited with return code 0
[2026-06-16T11:23:54.593+0000] {taskinstance.py:441} INFO - ::group::Post task execution logs
[2026-06-16T11:23:54.620+0000] {taskinstance.py:1206} INFO - Marking task as SUCCESS. dag_id=credit_default_ml_pipeline, task_id=feature_bronze_attributes, run_id=scheduled__2023-03-01T00:00:00+00:00, execution_date=20230301T000000, start_date=20260616T112346, end_date=20260616T112354
[2026-06-16T11:23:54.650+0000] {local_task_job_runner.py:243} INFO - Task exited with return code 0
[2026-06-16T11:23:54.678+0000] {taskinstance.py:3503} INFO - 1 downstream tasks scheduled from follow-on schedule check
[2026-06-16T11:23:54.683+0000] {local_task_job_runner.py:222} INFO - ::endgroup::
