[2026-06-18T03:57:20.027+0000] {local_task_job_runner.py:120} INFO - ::group::Pre task execution logs
[2026-06-18T03:57:20.064+0000] {taskinstance.py:2076} INFO - Dependencies all met for dep_context=non-requeueable deps ti=<TaskInstance: credit_default_ml_pipeline.feature_pipeline.feature_silver_lms scheduled__2023-09-01T00:00:00+00:00 [queued]>
[2026-06-18T03:57:20.077+0000] {taskinstance.py:2076} INFO - Dependencies all met for dep_context=requeueable deps ti=<TaskInstance: credit_default_ml_pipeline.feature_pipeline.feature_silver_lms scheduled__2023-09-01T00:00:00+00:00 [queued]>
[2026-06-18T03:57:20.080+0000] {taskinstance.py:2306} INFO - Starting attempt 3 of 4
[2026-06-18T03:57:20.098+0000] {taskinstance.py:2330} INFO - Executing <Task(BashOperator): feature_pipeline.feature_silver_lms> on 2023-09-01 00:00:00+00:00
[2026-06-18T03:57:20.110+0000] {logging_mixin.py:188} WARNING - /home/***/.local/lib/python3.12/site-packages/***/task/task_runner/standard_task_runner.py:62 DeprecationWarning: This process (pid=50555) is multi-threaded, use of fork() may lead to deadlocks in the child.
[2026-06-18T03:57:20.114+0000] {standard_task_runner.py:64} INFO - Started process 50655 to run task
[2026-06-18T03:57:20.122+0000] {standard_task_runner.py:90} INFO - Running: ['***', 'tasks', 'run', 'credit_default_ml_pipeline', 'feature_pipeline.feature_silver_lms', 'scheduled__2023-09-01T00:00:00+00:00', '--job-id', '1056', '--raw', '--subdir', 'DAGS_FOLDER/dag.py', '--cfg-path', '/tmp/tmp1015iwvb']
[2026-06-18T03:57:20.127+0000] {standard_task_runner.py:91} INFO - Job 1056: Subtask feature_pipeline.feature_silver_lms
[2026-06-18T03:57:20.192+0000] {task_command.py:426} INFO - Running <TaskInstance: credit_default_ml_pipeline.feature_pipeline.feature_silver_lms scheduled__2023-09-01T00:00:00+00:00 [running]> on host bfbc24b887a5
[2026-06-18T03:57:20.525+0000] {taskinstance.py:2648} INFO - Exporting env vars: AIRFLOW_CTX_DAG_OWNER='***' AIRFLOW_CTX_DAG_ID='credit_default_ml_pipeline' AIRFLOW_CTX_TASK_ID='feature_pipeline.feature_silver_lms' AIRFLOW_CTX_EXECUTION_DATE='2023-09-01T00:00:00+00:00' AIRFLOW_CTX_TRY_NUMBER='3' AIRFLOW_CTX_DAG_RUN_ID='scheduled__2023-09-01T00:00:00+00:00'
[2026-06-18T03:57:20.529+0000] {taskinstance.py:430} INFO - ::endgroup::
[2026-06-18T03:57:20.538+0000] {subprocess.py:63} INFO - Tmp dir root location: /tmp
[2026-06-18T03:57:20.540+0000] {subprocess.py:75} INFO - Running command: ['/usr/bin/bash', '-c', 'cd /opt/***/scripts && python3 silver_processing.py --snapshotdate "2023-09-01" --source lms']
[2026-06-18T03:57:20.553+0000] {subprocess.py:86} INFO - Output:
[2026-06-18T03:57:23.538+0000] {subprocess.py:93} INFO - Setting default log level to "WARN".
[2026-06-18T03:57:23.540+0000] {subprocess.py:93} INFO - To adjust logging level use sc.setLogLevel(newLevel). For SparkR, use setLogLevel(newLevel).
[2026-06-18T03:57:23.863+0000] {subprocess.py:93} INFO - 26/06/18 03:57:23 WARN NativeCodeLoader: Unable to load native-hadoop library for your platform... using builtin-java classes where applicable
[2026-06-18T03:57:25.005+0000] {subprocess.py:93} INFO - 26/06/18 03:57:24 WARN Utils: Service 'SparkUI' could not bind on port 4040. Attempting port 4041.
[2026-06-18T03:57:25.010+0000] {subprocess.py:93} INFO - 26/06/18 03:57:25 WARN Utils: Service 'SparkUI' could not bind on port 4041. Attempting port 4042.
[2026-06-18T03:57:37.134+0000] {subprocess.py:93} INFO - [Stage 0:>                                                          (0 + 1) / 1]                                                                                [Stage 5:>                                                          (0 + 1) / 1]
[2026-06-18T03:57:37.137+0000] {subprocess.py:93} INFO - --- silver lms 2023-09-01 ---
[2026-06-18T03:57:37.139+0000] {subprocess.py:93} INFO - 
[2026-06-18T03:57:37.141+0000] {subprocess.py:93} INFO - [silver:lms] loaded datamart/bronze/lms/bronze_lms_2023_09_01.csv rows: 4491
[2026-06-18T03:57:37.143+0000] {subprocess.py:93} INFO - [silver:lms] saved to: datamart/silver/lms/2023_09_01.parquet
[2026-06-18T03:57:37.144+0000] {subprocess.py:93} INFO - 
[2026-06-18T03:57:37.146+0000] {subprocess.py:93} INFO - --- done ---
[2026-06-18T03:57:37.147+0000] {subprocess.py:93} INFO - 
[2026-06-18T03:57:37.601+0000] {subprocess.py:97} INFO - Command exited with return code 0
[2026-06-18T03:57:37.603+0000] {taskinstance.py:441} INFO - ::group::Post task execution logs
[2026-06-18T03:57:37.643+0000] {taskinstance.py:1206} INFO - Marking task as SUCCESS. dag_id=credit_default_ml_pipeline, task_id=feature_pipeline.feature_silver_lms, run_id=scheduled__2023-09-01T00:00:00+00:00, execution_date=20230901T000000, start_date=20260618T035720, end_date=20260618T035737
[2026-06-18T03:57:37.686+0000] {local_task_job_runner.py:243} INFO - Task exited with return code 0
[2026-06-18T03:57:37.903+0000] {taskinstance.py:3503} INFO - 0 downstream tasks scheduled from follow-on schedule check
[2026-06-18T03:57:37.906+0000] {local_task_job_runner.py:222} INFO - ::endgroup::
