[2026-06-18T04:03:05.000+0000] {local_task_job_runner.py:120} INFO - ::group::Pre task execution logs
[2026-06-18T04:03:05.018+0000] {taskinstance.py:2076} INFO - Dependencies all met for dep_context=non-requeueable deps ti=<TaskInstance: credit_default_ml_pipeline.feature_pipeline.feature_bronze_financials scheduled__2023-11-01T00:00:00+00:00 [queued]>
[2026-06-18T04:03:05.023+0000] {taskinstance.py:2076} INFO - Dependencies all met for dep_context=requeueable deps ti=<TaskInstance: credit_default_ml_pipeline.feature_pipeline.feature_bronze_financials scheduled__2023-11-01T00:00:00+00:00 [queued]>
[2026-06-18T04:03:05.024+0000] {taskinstance.py:2306} INFO - Starting attempt 3 of 4
[2026-06-18T04:03:05.031+0000] {taskinstance.py:2330} INFO - Executing <Task(BashOperator): feature_pipeline.feature_bronze_financials> on 2023-11-01 00:00:00+00:00
[2026-06-18T04:03:05.036+0000] {logging_mixin.py:188} WARNING - /home/***/.local/lib/python3.12/site-packages/***/task/task_runner/standard_task_runner.py:62 DeprecationWarning: This process (pid=56185) is multi-threaded, use of fork() may lead to deadlocks in the child.
[2026-06-18T04:03:05.036+0000] {standard_task_runner.py:90} INFO - Running: ['***', 'tasks', 'run', 'credit_default_ml_pipeline', 'feature_pipeline.feature_bronze_financials', 'scheduled__2023-11-01T00:00:00+00:00', '--job-id', '1087', '--raw', '--subdir', 'DAGS_FOLDER/dag.py', '--cfg-path', '/tmp/tmp007n54fe']
[2026-06-18T04:03:05.038+0000] {standard_task_runner.py:91} INFO - Job 1087: Subtask feature_pipeline.feature_bronze_financials
[2026-06-18T04:03:05.037+0000] {standard_task_runner.py:64} INFO - Started process 56190 to run task
[2026-06-18T04:03:05.073+0000] {task_command.py:426} INFO - Running <TaskInstance: credit_default_ml_pipeline.feature_pipeline.feature_bronze_financials scheduled__2023-11-01T00:00:00+00:00 [running]> on host bfbc24b887a5
[2026-06-18T04:03:05.298+0000] {taskinstance.py:2648} INFO - Exporting env vars: AIRFLOW_CTX_DAG_OWNER='***' AIRFLOW_CTX_DAG_ID='credit_default_ml_pipeline' AIRFLOW_CTX_TASK_ID='feature_pipeline.feature_bronze_financials' AIRFLOW_CTX_EXECUTION_DATE='2023-11-01T00:00:00+00:00' AIRFLOW_CTX_TRY_NUMBER='3' AIRFLOW_CTX_DAG_RUN_ID='scheduled__2023-11-01T00:00:00+00:00'
[2026-06-18T04:03:05.300+0000] {taskinstance.py:430} INFO - ::endgroup::
[2026-06-18T04:03:05.306+0000] {subprocess.py:63} INFO - Tmp dir root location: /tmp
[2026-06-18T04:03:05.308+0000] {subprocess.py:75} INFO - Running command: ['/usr/bin/bash', '-c', 'cd /opt/***/scripts && python3 bronze_processing.py --snapshotdate "2023-11-01" --source financials']
[2026-06-18T04:03:05.315+0000] {subprocess.py:86} INFO - Output:
[2026-06-18T04:03:06.907+0000] {subprocess.py:93} INFO - Setting default log level to "WARN".
[2026-06-18T04:03:06.909+0000] {subprocess.py:93} INFO - To adjust logging level use sc.setLogLevel(newLevel). For SparkR, use setLogLevel(newLevel).
[2026-06-18T04:03:07.124+0000] {subprocess.py:93} INFO - 26/06/18 04:03:07 WARN NativeCodeLoader: Unable to load native-hadoop library for your platform... using builtin-java classes where applicable
[2026-06-18T04:03:07.770+0000] {subprocess.py:93} INFO - 26/06/18 04:03:07 WARN Utils: Service 'SparkUI' could not bind on port 4040. Attempting port 4041.
[2026-06-18T04:03:07.773+0000] {subprocess.py:93} INFO - 26/06/18 04:03:07 WARN Utils: Service 'SparkUI' could not bind on port 4041. Attempting port 4042.
[2026-06-18T04:03:16.637+0000] {subprocess.py:93} INFO - [Stage 1:>                                                          (0 + 1) / 1]                                                                                [Stage 2:>                                                          (0 + 1) / 1]
[2026-06-18T04:03:16.647+0000] {subprocess.py:93} INFO - --- bronze financials 2023-11-01 ---
[2026-06-18T04:03:16.654+0000] {subprocess.py:93} INFO - 
[2026-06-18T04:03:16.658+0000] {subprocess.py:93} INFO - [bronze:financials] 2023-11-01 row count: 491
[2026-06-18T04:03:16.660+0000] {subprocess.py:93} INFO - [bronze:financials] saved to: datamart/bronze/financials/bronze_financials_2023_11_01.csv
[2026-06-18T04:03:16.677+0000] {subprocess.py:93} INFO - 
[2026-06-18T04:03:16.688+0000] {subprocess.py:93} INFO - --- done ---
[2026-06-18T04:03:16.693+0000] {subprocess.py:93} INFO - 
[2026-06-18T04:03:17.315+0000] {subprocess.py:97} INFO - Command exited with return code 0
[2026-06-18T04:03:17.317+0000] {taskinstance.py:441} INFO - ::group::Post task execution logs
[2026-06-18T04:03:17.348+0000] {taskinstance.py:1206} INFO - Marking task as SUCCESS. dag_id=credit_default_ml_pipeline, task_id=feature_pipeline.feature_bronze_financials, run_id=scheduled__2023-11-01T00:00:00+00:00, execution_date=20231101T000000, start_date=20260618T040305, end_date=20260618T040317
[2026-06-18T04:03:17.387+0000] {local_task_job_runner.py:243} INFO - Task exited with return code 0
[2026-06-18T04:03:17.653+0000] {taskinstance.py:3503} INFO - 1 downstream tasks scheduled from follow-on schedule check
[2026-06-18T04:03:17.655+0000] {local_task_job_runner.py:222} INFO - ::endgroup::
