[2026-06-16T15:00:24.425+0000] {local_task_job_runner.py:120} INFO - ::group::Pre task execution logs
[2026-06-16T15:00:24.444+0000] {taskinstance.py:2076} INFO - Dependencies all met for dep_context=non-requeueable deps ti=<TaskInstance: credit_default_ml_pipeline.label_pipeline.label_silver_lms scheduled__2023-06-01T00:00:00+00:00 [queued]>
[2026-06-16T15:00:24.449+0000] {taskinstance.py:2076} INFO - Dependencies all met for dep_context=requeueable deps ti=<TaskInstance: credit_default_ml_pipeline.label_pipeline.label_silver_lms scheduled__2023-06-01T00:00:00+00:00 [queued]>
[2026-06-16T15:00:24.449+0000] {taskinstance.py:2306} INFO - Starting attempt 2 of 2
[2026-06-16T15:00:24.454+0000] {taskinstance.py:2330} INFO - Executing <Task(BashOperator): label_pipeline.label_silver_lms> on 2023-06-01 00:00:00+00:00
[2026-06-16T15:00:24.459+0000] {logging_mixin.py:188} WARNING - /home/***/.local/lib/python3.12/site-packages/***/task/task_runner/standard_task_runner.py:62 DeprecationWarning: This process (pid=35755) is multi-threaded, use of fork() may lead to deadlocks in the child.
[2026-06-16T15:00:24.458+0000] {standard_task_runner.py:90} INFO - Running: ['***', 'tasks', 'run', 'credit_default_ml_pipeline', 'label_pipeline.label_silver_lms', 'scheduled__2023-06-01T00:00:00+00:00', '--job-id', '161', '--raw', '--subdir', 'DAGS_FOLDER/dag.py', '--cfg-path', '/tmp/tmpxuepc1v2']
[2026-06-16T15:00:24.462+0000] {standard_task_runner.py:91} INFO - Job 161: Subtask label_pipeline.label_silver_lms
[2026-06-16T15:00:24.461+0000] {standard_task_runner.py:64} INFO - Started process 35756 to run task
[2026-06-16T15:00:24.489+0000] {task_command.py:426} INFO - Running <TaskInstance: credit_default_ml_pipeline.label_pipeline.label_silver_lms scheduled__2023-06-01T00:00:00+00:00 [running]> on host 1cab6e97738a
[2026-06-16T15:00:24.519+0000] {taskinstance.py:2648} INFO - Exporting env vars: AIRFLOW_CTX_DAG_OWNER='***' AIRFLOW_CTX_DAG_ID='credit_default_ml_pipeline' AIRFLOW_CTX_TASK_ID='label_pipeline.label_silver_lms' AIRFLOW_CTX_EXECUTION_DATE='2023-06-01T00:00:00+00:00' AIRFLOW_CTX_TRY_NUMBER='2' AIRFLOW_CTX_DAG_RUN_ID='scheduled__2023-06-01T00:00:00+00:00'
[2026-06-16T15:00:24.521+0000] {taskinstance.py:430} INFO - ::endgroup::
[2026-06-16T15:00:24.527+0000] {subprocess.py:63} INFO - Tmp dir root location: /tmp
[2026-06-16T15:00:24.527+0000] {subprocess.py:75} INFO - Running command: ['/usr/bin/bash', '-c', 'cd /opt/***/scripts && python3 silver_processing.py --snapshotdate "2023-06-01" --source lms']
[2026-06-16T15:00:24.531+0000] {subprocess.py:86} INFO - Output:
[2026-06-16T15:00:25.437+0000] {subprocess.py:93} INFO - Setting default log level to "WARN".
[2026-06-16T15:00:25.438+0000] {subprocess.py:93} INFO - To adjust logging level use sc.setLogLevel(newLevel). For SparkR, use setLogLevel(newLevel).
[2026-06-16T15:00:25.583+0000] {subprocess.py:93} INFO - 26/06/16 15:00:25 WARN NativeCodeLoader: Unable to load native-hadoop library for your platform... using builtin-java classes where applicable
[2026-06-16T15:00:28.454+0000] {subprocess.py:93} INFO - 
[2026-06-16T15:00:28.455+0000] {subprocess.py:93} INFO - --- silver lms 2023-06-01 ---
[2026-06-16T15:00:28.456+0000] {subprocess.py:93} INFO - 
[2026-06-16T15:00:28.457+0000] {subprocess.py:93} INFO - [silver:lms] loaded datamart/bronze/lms/bronze_lms_2023_06_01.csv rows: 3085
[2026-06-16T15:00:28.457+0000] {subprocess.py:93} INFO - [silver:lms] saved to: datamart/silver/lms/2023_06_01.parquet
[2026-06-16T15:00:28.458+0000] {subprocess.py:93} INFO - 
[2026-06-16T15:00:28.458+0000] {subprocess.py:93} INFO - --- done ---
[2026-06-16T15:00:28.458+0000] {subprocess.py:93} INFO - 
[2026-06-16T15:00:28.882+0000] {subprocess.py:97} INFO - Command exited with return code 0
[2026-06-16T15:00:28.884+0000] {taskinstance.py:441} INFO - ::group::Post task execution logs
[2026-06-16T15:00:28.904+0000] {taskinstance.py:1206} INFO - Marking task as SUCCESS. dag_id=credit_default_ml_pipeline, task_id=label_pipeline.label_silver_lms, run_id=scheduled__2023-06-01T00:00:00+00:00, execution_date=20230601T000000, start_date=20260616T150024, end_date=20260616T150028
[2026-06-16T15:00:28.922+0000] {local_task_job_runner.py:243} INFO - Task exited with return code 0
[2026-06-16T15:00:28.938+0000] {taskinstance.py:3503} INFO - 1 downstream tasks scheduled from follow-on schedule check
[2026-06-16T15:00:28.939+0000] {local_task_job_runner.py:222} INFO - ::endgroup::
[2026-06-20T05:50:13.881+0000] {local_task_job_runner.py:120} INFO - ::group::Pre task execution logs
[2026-06-20T05:50:13.894+0000] {taskinstance.py:2076} INFO - Dependencies all met for dep_context=non-requeueable deps ti=<TaskInstance: credit_default_ml_pipeline.label_pipeline.label_silver_lms scheduled__2023-06-01T00:00:00+00:00 [queued]>
[2026-06-20T05:50:13.899+0000] {taskinstance.py:2076} INFO - Dependencies all met for dep_context=requeueable deps ti=<TaskInstance: credit_default_ml_pipeline.label_pipeline.label_silver_lms scheduled__2023-06-01T00:00:00+00:00 [queued]>
[2026-06-20T05:50:13.899+0000] {taskinstance.py:2306} INFO - Starting attempt 2 of 2
[2026-06-20T05:50:13.968+0000] {taskinstance.py:2330} INFO - Executing <Task(BashOperator): label_pipeline.label_silver_lms> on 2023-06-01 00:00:00+00:00
[2026-06-20T05:50:13.972+0000] {logging_mixin.py:188} WARNING - /home/***/.local/lib/python3.12/site-packages/***/task/task_runner/standard_task_runner.py:62 DeprecationWarning: This process (pid=29055) is multi-threaded, use of fork() may lead to deadlocks in the child.
[2026-06-20T05:50:13.972+0000] {standard_task_runner.py:64} INFO - Started process 29057 to run task
[2026-06-20T05:50:13.972+0000] {standard_task_runner.py:90} INFO - Running: ['***', 'tasks', 'run', 'credit_default_ml_pipeline', 'label_pipeline.label_silver_lms', 'scheduled__2023-06-01T00:00:00+00:00', '--job-id', '1546', '--raw', '--subdir', 'DAGS_FOLDER/dag.py', '--cfg-path', '/tmp/tmp263dps8m']
[2026-06-20T05:50:13.973+0000] {standard_task_runner.py:91} INFO - Job 1546: Subtask label_pipeline.label_silver_lms
[2026-06-20T05:50:13.989+0000] {task_command.py:426} INFO - Running <TaskInstance: credit_default_ml_pipeline.label_pipeline.label_silver_lms scheduled__2023-06-01T00:00:00+00:00 [running]> on host 9cf341f51c89
[2026-06-20T05:50:14.013+0000] {taskinstance.py:2648} INFO - Exporting env vars: AIRFLOW_CTX_DAG_OWNER='***' AIRFLOW_CTX_DAG_ID='credit_default_ml_pipeline' AIRFLOW_CTX_TASK_ID='label_pipeline.label_silver_lms' AIRFLOW_CTX_EXECUTION_DATE='2023-06-01T00:00:00+00:00' AIRFLOW_CTX_TRY_NUMBER='2' AIRFLOW_CTX_DAG_RUN_ID='scheduled__2023-06-01T00:00:00+00:00'
[2026-06-20T05:50:14.013+0000] {taskinstance.py:430} INFO - ::endgroup::
[2026-06-20T05:50:14.018+0000] {subprocess.py:63} INFO - Tmp dir root location: /tmp
[2026-06-20T05:50:14.018+0000] {subprocess.py:75} INFO - Running command: ['/usr/bin/bash', '-c', 'cd /opt/***/scripts && python3 silver_processing.py --snapshotdate "2023-06-01" --source lms']
[2026-06-20T05:50:14.021+0000] {subprocess.py:86} INFO - Output:
[2026-06-20T05:50:14.830+0000] {subprocess.py:93} INFO - Setting default log level to "WARN".
[2026-06-20T05:50:14.831+0000] {subprocess.py:93} INFO - To adjust logging level use sc.setLogLevel(newLevel). For SparkR, use setLogLevel(newLevel).
[2026-06-20T05:50:14.949+0000] {subprocess.py:93} INFO - 26/06/20 05:50:14 WARN NativeCodeLoader: Unable to load native-hadoop library for your platform... using builtin-java classes where applicable
[2026-06-20T05:50:17.801+0000] {subprocess.py:93} INFO - 
[2026-06-20T05:50:17.803+0000] {subprocess.py:93} INFO - --- silver lms 2023-06-01 ---
[2026-06-20T05:50:17.804+0000] {subprocess.py:93} INFO - 
[2026-06-20T05:50:17.805+0000] {subprocess.py:93} INFO - [silver:lms] loaded datamart/bronze/lms/bronze_lms_2023_06_01.csv rows: 3085
[2026-06-20T05:50:17.805+0000] {subprocess.py:93} INFO - [silver:lms] saved to: datamart/silver/lms/2023_06_01.parquet
[2026-06-20T05:50:17.806+0000] {subprocess.py:93} INFO - 
[2026-06-20T05:50:17.806+0000] {subprocess.py:93} INFO - --- done ---
[2026-06-20T05:50:17.807+0000] {subprocess.py:93} INFO - 
[2026-06-20T05:50:18.242+0000] {subprocess.py:97} INFO - Command exited with return code 0
[2026-06-20T05:50:18.244+0000] {taskinstance.py:441} INFO - ::group::Post task execution logs
[2026-06-20T05:50:18.263+0000] {taskinstance.py:1206} INFO - Marking task as SUCCESS. dag_id=credit_default_ml_pipeline, task_id=label_pipeline.label_silver_lms, run_id=scheduled__2023-06-01T00:00:00+00:00, execution_date=20230601T000000, start_date=20260620T055013, end_date=20260620T055018
[2026-06-20T05:50:18.278+0000] {local_task_job_runner.py:243} INFO - Task exited with return code 0
[2026-06-20T05:50:18.293+0000] {taskinstance.py:3503} INFO - 1 downstream tasks scheduled from follow-on schedule check
[2026-06-20T05:50:18.295+0000] {local_task_job_runner.py:222} INFO - ::endgroup::
[2026-06-21T01:44:08.951+0000] {local_task_job_runner.py:120} INFO - ::group::Pre task execution logs
[2026-06-21T01:44:08.964+0000] {taskinstance.py:2076} INFO - Dependencies all met for dep_context=non-requeueable deps ti=<TaskInstance: credit_default_ml_pipeline.label_pipeline.label_silver_lms scheduled__2023-06-01T00:00:00+00:00 [queued]>
[2026-06-21T01:44:08.967+0000] {taskinstance.py:2076} INFO - Dependencies all met for dep_context=requeueable deps ti=<TaskInstance: credit_default_ml_pipeline.label_pipeline.label_silver_lms scheduled__2023-06-01T00:00:00+00:00 [queued]>
[2026-06-21T01:44:08.967+0000] {taskinstance.py:2306} INFO - Starting attempt 2 of 2
[2026-06-21T01:44:08.972+0000] {taskinstance.py:2330} INFO - Executing <Task(BashOperator): label_pipeline.label_silver_lms> on 2023-06-01 00:00:00+00:00
[2026-06-21T01:44:08.975+0000] {logging_mixin.py:188} WARNING - /home/***/.local/lib/python3.12/site-packages/***/task/task_runner/standard_task_runner.py:62 DeprecationWarning: This process (pid=18539) is multi-threaded, use of fork() may lead to deadlocks in the child.
[2026-06-21T01:44:08.976+0000] {standard_task_runner.py:64} INFO - Started process 18541 to run task
[2026-06-21T01:44:08.976+0000] {standard_task_runner.py:90} INFO - Running: ['***', 'tasks', 'run', 'credit_default_ml_pipeline', 'label_pipeline.label_silver_lms', 'scheduled__2023-06-01T00:00:00+00:00', '--job-id', '3551', '--raw', '--subdir', 'DAGS_FOLDER/dag.py', '--cfg-path', '/tmp/tmp1elsxzfs']
[2026-06-21T01:44:08.977+0000] {standard_task_runner.py:91} INFO - Job 3551: Subtask label_pipeline.label_silver_lms
[2026-06-21T01:44:08.997+0000] {task_command.py:426} INFO - Running <TaskInstance: credit_default_ml_pipeline.label_pipeline.label_silver_lms scheduled__2023-06-01T00:00:00+00:00 [running]> on host f6e9e2801916
[2026-06-21T01:44:09.096+0000] {taskinstance.py:2648} INFO - Exporting env vars: AIRFLOW_CTX_DAG_OWNER='***' AIRFLOW_CTX_DAG_ID='credit_default_ml_pipeline' AIRFLOW_CTX_TASK_ID='label_pipeline.label_silver_lms' AIRFLOW_CTX_EXECUTION_DATE='2023-06-01T00:00:00+00:00' AIRFLOW_CTX_TRY_NUMBER='2' AIRFLOW_CTX_DAG_RUN_ID='scheduled__2023-06-01T00:00:00+00:00'
[2026-06-21T01:44:09.097+0000] {taskinstance.py:430} INFO - ::endgroup::
[2026-06-21T01:44:09.101+0000] {subprocess.py:63} INFO - Tmp dir root location: /tmp
[2026-06-21T01:44:09.102+0000] {subprocess.py:75} INFO - Running command: ['/usr/bin/bash', '-c', 'cd /opt/***/scripts && python3 silver_processing.py --snapshotdate "2023-06-01" --source lms']
[2026-06-21T01:44:09.105+0000] {subprocess.py:86} INFO - Output:
[2026-06-21T01:44:09.936+0000] {subprocess.py:93} INFO - Setting default log level to "WARN".
[2026-06-21T01:44:09.936+0000] {subprocess.py:93} INFO - To adjust logging level use sc.setLogLevel(newLevel). For SparkR, use setLogLevel(newLevel).
[2026-06-21T01:44:10.033+0000] {subprocess.py:93} INFO - 26/06/21 01:44:10 WARN NativeCodeLoader: Unable to load native-hadoop library for your platform... using builtin-java classes where applicable
[2026-06-21T01:44:12.905+0000] {subprocess.py:93} INFO - 
[2026-06-21T01:44:12.907+0000] {subprocess.py:93} INFO - --- silver lms 2023-06-01 ---
[2026-06-21T01:44:12.907+0000] {subprocess.py:93} INFO - 
[2026-06-21T01:44:12.908+0000] {subprocess.py:93} INFO - [silver:lms] loaded datamart/bronze/lms/bronze_lms_2023_06_01.csv rows: 3085
[2026-06-21T01:44:12.909+0000] {subprocess.py:93} INFO - [silver:lms] cleared stale partition: datamart/silver/lms/2023_06_01.parquet
[2026-06-21T01:44:12.910+0000] {subprocess.py:93} INFO - [silver:lms] saved to: datamart/silver/lms/2023_06_01.parquet
[2026-06-21T01:44:12.910+0000] {subprocess.py:93} INFO - 
[2026-06-21T01:44:12.911+0000] {subprocess.py:93} INFO - --- done ---
[2026-06-21T01:44:12.911+0000] {subprocess.py:93} INFO - 
[2026-06-21T01:44:13.398+0000] {subprocess.py:97} INFO - Command exited with return code 0
[2026-06-21T01:44:13.400+0000] {taskinstance.py:441} INFO - ::group::Post task execution logs
[2026-06-21T01:44:13.419+0000] {taskinstance.py:1206} INFO - Marking task as SUCCESS. dag_id=credit_default_ml_pipeline, task_id=label_pipeline.label_silver_lms, run_id=scheduled__2023-06-01T00:00:00+00:00, execution_date=20230601T000000, start_date=20260621T014408, end_date=20260621T014413
[2026-06-21T01:44:13.455+0000] {local_task_job_runner.py:243} INFO - Task exited with return code 0
[2026-06-21T01:44:13.476+0000] {taskinstance.py:3503} INFO - 1 downstream tasks scheduled from follow-on schedule check
[2026-06-21T01:44:13.478+0000] {local_task_job_runner.py:222} INFO - ::endgroup::
