[2026-06-18T03:57:04.528+0000] {local_task_job_runner.py:120} INFO - ::group::Pre task execution logs
[2026-06-18T03:57:04.553+0000] {taskinstance.py:2076} INFO - Dependencies all met for dep_context=non-requeueable deps ti=<TaskInstance: credit_default_ml_pipeline.label_pipeline.label_bronze_lms scheduled__2023-09-01T00:00:00+00:00 [queued]>
[2026-06-18T03:57:04.563+0000] {taskinstance.py:2076} INFO - Dependencies all met for dep_context=requeueable deps ti=<TaskInstance: credit_default_ml_pipeline.label_pipeline.label_bronze_lms scheduled__2023-09-01T00:00:00+00:00 [queued]>
[2026-06-18T03:57:04.564+0000] {taskinstance.py:2306} INFO - Starting attempt 3 of 4
[2026-06-18T03:57:04.571+0000] {taskinstance.py:2330} INFO - Executing <Task(BashOperator): label_pipeline.label_bronze_lms> on 2023-09-01 00:00:00+00:00
[2026-06-18T03:57:04.576+0000] {logging_mixin.py:188} WARNING - /home/***/.local/lib/python3.12/site-packages/***/task/task_runner/standard_task_runner.py:62 DeprecationWarning: This process (pid=49683) is multi-threaded, use of fork() may lead to deadlocks in the child.
[2026-06-18T03:57:04.577+0000] {standard_task_runner.py:64} INFO - Started process 49693 to run task
[2026-06-18T03:57:04.577+0000] {standard_task_runner.py:90} INFO - Running: ['***', 'tasks', 'run', 'credit_default_ml_pipeline', 'label_pipeline.label_bronze_lms', 'scheduled__2023-09-01T00:00:00+00:00', '--job-id', '1053', '--raw', '--subdir', 'DAGS_FOLDER/dag.py', '--cfg-path', '/tmp/tmpniyseb8a']
[2026-06-18T03:57:04.579+0000] {standard_task_runner.py:91} INFO - Job 1053: Subtask label_pipeline.label_bronze_lms
[2026-06-18T03:57:04.607+0000] {task_command.py:426} INFO - Running <TaskInstance: credit_default_ml_pipeline.label_pipeline.label_bronze_lms scheduled__2023-09-01T00:00:00+00:00 [running]> on host bfbc24b887a5
[2026-06-18T03:57:04.788+0000] {taskinstance.py:2648} INFO - Exporting env vars: AIRFLOW_CTX_DAG_OWNER='***' AIRFLOW_CTX_DAG_ID='credit_default_ml_pipeline' AIRFLOW_CTX_TASK_ID='label_pipeline.label_bronze_lms' AIRFLOW_CTX_EXECUTION_DATE='2023-09-01T00:00:00+00:00' AIRFLOW_CTX_TRY_NUMBER='3' AIRFLOW_CTX_DAG_RUN_ID='scheduled__2023-09-01T00:00:00+00:00'
[2026-06-18T03:57:04.789+0000] {taskinstance.py:430} INFO - ::endgroup::
[2026-06-18T03:57:04.794+0000] {subprocess.py:63} INFO - Tmp dir root location: /tmp
[2026-06-18T03:57:04.796+0000] {subprocess.py:75} INFO - Running command: ['/usr/bin/bash', '-c', 'cd /opt/***/scripts && python3 bronze_processing.py --snapshotdate "2023-09-01" --source lms']
[2026-06-18T03:57:04.801+0000] {subprocess.py:86} INFO - Output:
[2026-06-18T03:57:06.803+0000] {subprocess.py:93} INFO - Setting default log level to "WARN".
[2026-06-18T03:57:06.805+0000] {subprocess.py:93} INFO - To adjust logging level use sc.setLogLevel(newLevel). For SparkR, use setLogLevel(newLevel).
[2026-06-18T03:57:07.111+0000] {subprocess.py:93} INFO - 26/06/18 03:57:07 WARN NativeCodeLoader: Unable to load native-hadoop library for your platform... using builtin-java classes where applicable
[2026-06-18T03:57:08.062+0000] {subprocess.py:93} INFO - 26/06/18 03:57:08 WARN Utils: Service 'SparkUI' could not bind on port 4040. Attempting port 4041.
[2026-06-18T03:57:08.063+0000] {subprocess.py:93} INFO - 26/06/18 03:57:08 WARN Utils: Service 'SparkUI' could not bind on port 4041. Attempting port 4042.
[2026-06-18T03:57:08.067+0000] {subprocess.py:93} INFO - 26/06/18 03:57:08 WARN Utils: Service 'SparkUI' could not bind on port 4042. Attempting port 4043.
[2026-06-18T03:57:17.985+0000] {subprocess.py:93} INFO - [Stage 1:>                                                          (0 + 3) / 3]                                                                                [Stage 2:>                                                          (0 + 3) / 3]
[2026-06-18T03:57:17.990+0000] {subprocess.py:93} INFO - --- bronze lms 2023-09-01 ---
[2026-06-18T03:57:17.991+0000] {subprocess.py:93} INFO - 
[2026-06-18T03:57:17.993+0000] {subprocess.py:93} INFO - [bronze:lms] 2023-09-01 row count: 4491
[2026-06-18T03:57:17.996+0000] {subprocess.py:93} INFO - [bronze:lms] saved to: datamart/bronze/lms/bronze_lms_2023_09_01.csv
[2026-06-18T03:57:17.997+0000] {subprocess.py:93} INFO - 
[2026-06-18T03:57:18.004+0000] {subprocess.py:93} INFO - --- done ---
[2026-06-18T03:57:18.014+0000] {subprocess.py:93} INFO - 
[2026-06-18T03:57:18.590+0000] {subprocess.py:97} INFO - Command exited with return code 0
[2026-06-18T03:57:18.592+0000] {taskinstance.py:441} INFO - ::group::Post task execution logs
[2026-06-18T03:57:18.651+0000] {taskinstance.py:1206} INFO - Marking task as SUCCESS. dag_id=credit_default_ml_pipeline, task_id=label_pipeline.label_bronze_lms, run_id=scheduled__2023-09-01T00:00:00+00:00, execution_date=20230901T000000, start_date=20260618T035704, end_date=20260618T035718
[2026-06-18T03:57:18.696+0000] {local_task_job_runner.py:243} INFO - Task exited with return code 0
[2026-06-18T03:57:18.715+0000] {local_task_job_runner.py:222} INFO - ::endgroup::
