[2026-06-19T10:36:31.736+0000] {local_task_job_runner.py:120} INFO - ::group::Pre task execution logs
[2026-06-19T10:36:31.752+0000] {taskinstance.py:2076} INFO - Dependencies all met for dep_context=non-requeueable deps ti=<TaskInstance: credit_default_ml_pipeline.inference.logreg_inference scheduled__2023-02-01T00:00:00+00:00 [queued]>
[2026-06-19T10:36:31.756+0000] {taskinstance.py:2076} INFO - Dependencies all met for dep_context=requeueable deps ti=<TaskInstance: credit_default_ml_pipeline.inference.logreg_inference scheduled__2023-02-01T00:00:00+00:00 [queued]>
[2026-06-19T10:36:31.757+0000] {taskinstance.py:2306} INFO - Starting attempt 1 of 2
[2026-06-19T10:36:31.762+0000] {taskinstance.py:2330} INFO - Executing <Task(BashOperator): inference.logreg_inference> on 2023-02-01 00:00:00+00:00
[2026-06-19T10:36:31.765+0000] {logging_mixin.py:188} WARNING - /home/***/.local/lib/python3.12/site-packages/***/task/task_runner/standard_task_runner.py:62 DeprecationWarning: This process (pid=4390) is multi-threaded, use of fork() may lead to deadlocks in the child.
[2026-06-19T10:36:31.765+0000] {standard_task_runner.py:90} INFO - Running: ['***', 'tasks', 'run', 'credit_default_ml_pipeline', 'inference.logreg_inference', 'scheduled__2023-02-01T00:00:00+00:00', '--job-id', '1366', '--raw', '--subdir', 'DAGS_FOLDER/dag.py', '--cfg-path', '/tmp/tmp5td1401h']
[2026-06-19T10:36:31.767+0000] {standard_task_runner.py:64} INFO - Started process 4393 to run task
[2026-06-19T10:36:31.767+0000] {standard_task_runner.py:91} INFO - Job 1366: Subtask inference.logreg_inference
[2026-06-19T10:36:31.866+0000] {task_command.py:426} INFO - Running <TaskInstance: credit_default_ml_pipeline.inference.logreg_inference scheduled__2023-02-01T00:00:00+00:00 [running]> on host 9cf341f51c89
[2026-06-19T10:36:31.890+0000] {taskinstance.py:2648} INFO - Exporting env vars: AIRFLOW_CTX_DAG_OWNER='***' AIRFLOW_CTX_DAG_ID='credit_default_ml_pipeline' AIRFLOW_CTX_TASK_ID='inference.logreg_inference' AIRFLOW_CTX_EXECUTION_DATE='2023-02-01T00:00:00+00:00' AIRFLOW_CTX_TRY_NUMBER='1' AIRFLOW_CTX_DAG_RUN_ID='scheduled__2023-02-01T00:00:00+00:00'
[2026-06-19T10:36:31.891+0000] {taskinstance.py:430} INFO - ::endgroup::
[2026-06-19T10:36:31.895+0000] {subprocess.py:63} INFO - Tmp dir root location: /tmp
[2026-06-19T10:36:31.896+0000] {subprocess.py:75} INFO - Running command: ['/usr/bin/bash', '-c', 'cd /opt/***/scripts && python3 model_inference.py --snapshotdate "2023-02-01" --modelname "credit_logreg_2024_09_01.pkl"']
[2026-06-19T10:36:31.900+0000] {subprocess.py:86} INFO - Output:
[2026-06-19T10:36:33.287+0000] {subprocess.py:93} INFO - Setting default log level to "WARN".
[2026-06-19T10:36:33.288+0000] {subprocess.py:93} INFO - To adjust logging level use sc.setLogLevel(newLevel). For SparkR, use setLogLevel(newLevel).
[2026-06-19T10:36:33.393+0000] {subprocess.py:93} INFO - 26/06/19 10:36:33 WARN NativeCodeLoader: Unable to load native-hadoop library for your platform... using builtin-java classes where applicable
[2026-06-19T10:36:33.735+0000] {subprocess.py:93} INFO - 26/06/19 10:36:33 WARN Utils: Service 'SparkUI' could not bind on port 4040. Attempting port 4041.
[2026-06-19T10:36:36.499+0000] {subprocess.py:93} INFO - 
[2026-06-19T10:36:36.501+0000] {subprocess.py:93} INFO - --- inference 2023-02-01 / credit_logreg_2024_09_01.pkl ---
[2026-06-19T10:36:36.502+0000] {subprocess.py:93} INFO - 
[2026-06-19T10:36:36.502+0000] {subprocess.py:93} INFO - loaded model: model_bank/credit_logreg_2024_09_01.pkl
[2026-06-19T10:36:36.503+0000] {subprocess.py:93} INFO - using raw model probabilities (no calibrator in this artefact)
[2026-06-19T10:36:36.504+0000] {subprocess.py:93} INFO - predicted defaults: 202 / 501 (40.3%) at threshold=0.5
[2026-06-19T10:36:36.505+0000] {subprocess.py:93} INFO - saved predictions: datamart/gold/model_predictions/credit_logreg_2024_09_01/credit_logreg_2024_09_01_predictions_2023_02_01.parquet (501 rows, mean_score=0.4381)
[2026-06-19T10:36:36.507+0000] {subprocess.py:93} INFO - 
[2026-06-19T10:36:36.507+0000] {subprocess.py:93} INFO - --- done ---
[2026-06-19T10:36:36.508+0000] {subprocess.py:93} INFO - 
[2026-06-19T10:36:37.001+0000] {subprocess.py:97} INFO - Command exited with return code 0
[2026-06-19T10:36:37.002+0000] {taskinstance.py:441} INFO - ::group::Post task execution logs
[2026-06-19T10:36:37.012+0000] {taskinstance.py:1206} INFO - Marking task as SUCCESS. dag_id=credit_default_ml_pipeline, task_id=inference.logreg_inference, run_id=scheduled__2023-02-01T00:00:00+00:00, execution_date=20230201T000000, start_date=20260619T103631, end_date=20260619T103637
[2026-06-19T10:36:37.048+0000] {local_task_job_runner.py:243} INFO - Task exited with return code 0
[2026-06-19T10:36:37.057+0000] {taskinstance.py:3503} INFO - 0 downstream tasks scheduled from follow-on schedule check
[2026-06-19T10:36:37.058+0000] {local_task_job_runner.py:222} INFO - ::endgroup::
[2026-06-20T05:21:12.357+0000] {local_task_job_runner.py:120} INFO - ::group::Pre task execution logs
[2026-06-20T05:21:12.371+0000] {taskinstance.py:2076} INFO - Dependencies all met for dep_context=non-requeueable deps ti=<TaskInstance: credit_default_ml_pipeline.inference.logreg_inference scheduled__2023-02-01T00:00:00+00:00 [queued]>
[2026-06-20T05:21:12.376+0000] {taskinstance.py:2076} INFO - Dependencies all met for dep_context=requeueable deps ti=<TaskInstance: credit_default_ml_pipeline.inference.logreg_inference scheduled__2023-02-01T00:00:00+00:00 [queued]>
[2026-06-20T05:21:12.376+0000] {taskinstance.py:2306} INFO - Starting attempt 1 of 2
[2026-06-20T05:21:12.386+0000] {taskinstance.py:2330} INFO - Executing <Task(BashOperator): inference.logreg_inference> on 2023-02-01 00:00:00+00:00
[2026-06-20T05:21:12.390+0000] {logging_mixin.py:188} WARNING - /home/***/.local/lib/python3.12/site-packages/***/task/task_runner/standard_task_runner.py:62 DeprecationWarning: This process (pid=4199) is multi-threaded, use of fork() may lead to deadlocks in the child.
[2026-06-20T05:21:12.391+0000] {standard_task_runner.py:64} INFO - Started process 4203 to run task
[2026-06-20T05:21:12.391+0000] {standard_task_runner.py:90} INFO - Running: ['***', 'tasks', 'run', 'credit_default_ml_pipeline', 'inference.logreg_inference', 'scheduled__2023-02-01T00:00:00+00:00', '--job-id', '1408', '--raw', '--subdir', 'DAGS_FOLDER/dag.py', '--cfg-path', '/tmp/tmp7nn044lq']
[2026-06-20T05:21:12.392+0000] {standard_task_runner.py:91} INFO - Job 1408: Subtask inference.logreg_inference
[2026-06-20T05:21:12.488+0000] {task_command.py:426} INFO - Running <TaskInstance: credit_default_ml_pipeline.inference.logreg_inference scheduled__2023-02-01T00:00:00+00:00 [running]> on host 9cf341f51c89
[2026-06-20T05:21:12.511+0000] {taskinstance.py:2648} INFO - Exporting env vars: AIRFLOW_CTX_DAG_OWNER='***' AIRFLOW_CTX_DAG_ID='credit_default_ml_pipeline' AIRFLOW_CTX_TASK_ID='inference.logreg_inference' AIRFLOW_CTX_EXECUTION_DATE='2023-02-01T00:00:00+00:00' AIRFLOW_CTX_TRY_NUMBER='1' AIRFLOW_CTX_DAG_RUN_ID='scheduled__2023-02-01T00:00:00+00:00'
[2026-06-20T05:21:12.512+0000] {taskinstance.py:430} INFO - ::endgroup::
[2026-06-20T05:21:12.517+0000] {subprocess.py:63} INFO - Tmp dir root location: /tmp
[2026-06-20T05:21:12.517+0000] {subprocess.py:75} INFO - Running command: ['/usr/bin/bash', '-c', 'cd /opt/***/scripts && python3 model_inference.py --snapshotdate "2023-02-01" --modelname "credit_logreg_2024_09_01.pkl"']
[2026-06-20T05:21:12.520+0000] {subprocess.py:86} INFO - Output:
[2026-06-20T05:21:12.933+0000] {subprocess.py:93} INFO - 
[2026-06-20T05:21:12.934+0000] {subprocess.py:93} INFO - --- inference 2023-02-01 (label date: 2023-02-01) / credit_logreg_2024_09_01.pkl ---
[2026-06-20T05:21:12.934+0000] {subprocess.py:93} INFO - 
[2026-06-20T05:21:12.934+0000] {subprocess.py:93} INFO - model credit_logreg_2024_09_01.pkl not in bank yet (trained on a later month); skipping inference for 2023-02-01.
[2026-06-20T05:21:12.976+0000] {subprocess.py:97} INFO - Command exited with return code 0
[2026-06-20T05:21:12.977+0000] {taskinstance.py:441} INFO - ::group::Post task execution logs
[2026-06-20T05:21:12.987+0000] {taskinstance.py:1206} INFO - Marking task as SUCCESS. dag_id=credit_default_ml_pipeline, task_id=inference.logreg_inference, run_id=scheduled__2023-02-01T00:00:00+00:00, execution_date=20230201T000000, start_date=20260620T052112, end_date=20260620T052112
[2026-06-20T05:21:13.031+0000] {local_task_job_runner.py:243} INFO - Task exited with return code 0
[2026-06-20T05:21:13.119+0000] {taskinstance.py:3503} INFO - 0 downstream tasks scheduled from follow-on schedule check
[2026-06-20T05:21:13.119+0000] {local_task_job_runner.py:222} INFO - ::endgroup::
[2026-06-20T05:39:36.375+0000] {local_task_job_runner.py:120} INFO - ::group::Pre task execution logs
[2026-06-20T05:39:36.390+0000] {taskinstance.py:2076} INFO - Dependencies all met for dep_context=non-requeueable deps ti=<TaskInstance: credit_default_ml_pipeline.inference.logreg_inference scheduled__2023-02-01T00:00:00+00:00 [queued]>
[2026-06-20T05:39:36.397+0000] {taskinstance.py:2076} INFO - Dependencies all met for dep_context=requeueable deps ti=<TaskInstance: credit_default_ml_pipeline.inference.logreg_inference scheduled__2023-02-01T00:00:00+00:00 [queued]>
[2026-06-20T05:39:36.397+0000] {taskinstance.py:2306} INFO - Starting attempt 1 of 2
[2026-06-20T05:39:36.470+0000] {taskinstance.py:2330} INFO - Executing <Task(BashOperator): inference.logreg_inference> on 2023-02-01 00:00:00+00:00
[2026-06-20T05:39:36.473+0000] {logging_mixin.py:188} WARNING - /home/***/.local/lib/python3.12/site-packages/***/task/task_runner/standard_task_runner.py:62 DeprecationWarning: This process (pid=16925) is multi-threaded, use of fork() may lead to deadlocks in the child.
[2026-06-20T05:39:36.474+0000] {standard_task_runner.py:64} INFO - Started process 16930 to run task
[2026-06-20T05:39:36.473+0000] {standard_task_runner.py:90} INFO - Running: ['***', 'tasks', 'run', 'credit_default_ml_pipeline', 'inference.logreg_inference', 'scheduled__2023-02-01T00:00:00+00:00', '--job-id', '1474', '--raw', '--subdir', 'DAGS_FOLDER/dag.py', '--cfg-path', '/tmp/tmpy1poys30']
[2026-06-20T05:39:36.474+0000] {standard_task_runner.py:91} INFO - Job 1474: Subtask inference.logreg_inference
[2026-06-20T05:39:36.493+0000] {task_command.py:426} INFO - Running <TaskInstance: credit_default_ml_pipeline.inference.logreg_inference scheduled__2023-02-01T00:00:00+00:00 [running]> on host 9cf341f51c89
[2026-06-20T05:39:36.519+0000] {taskinstance.py:2648} INFO - Exporting env vars: AIRFLOW_CTX_DAG_OWNER='***' AIRFLOW_CTX_DAG_ID='credit_default_ml_pipeline' AIRFLOW_CTX_TASK_ID='inference.logreg_inference' AIRFLOW_CTX_EXECUTION_DATE='2023-02-01T00:00:00+00:00' AIRFLOW_CTX_TRY_NUMBER='1' AIRFLOW_CTX_DAG_RUN_ID='scheduled__2023-02-01T00:00:00+00:00'
[2026-06-20T05:39:36.520+0000] {taskinstance.py:430} INFO - ::endgroup::
[2026-06-20T05:39:36.524+0000] {subprocess.py:63} INFO - Tmp dir root location: /tmp
[2026-06-20T05:39:36.525+0000] {subprocess.py:75} INFO - Running command: ['/usr/bin/bash', '-c', 'cd /opt/***/scripts && if [ ! -f model_bank/champion.txt ]; then echo \'[SKIP] no champion.txt for 2023-02-01\'; exit 0; fi && python3 model_inference.py --snapshotdate "2023-02-01" --modelname "credit_logreg_2024_09_01.pkl"']
[2026-06-20T05:39:36.529+0000] {subprocess.py:86} INFO - Output:
[2026-06-20T05:39:36.529+0000] {subprocess.py:93} INFO - [SKIP] no champion.txt for 2023-02-01
[2026-06-20T05:39:36.530+0000] {subprocess.py:97} INFO - Command exited with return code 0
[2026-06-20T05:39:36.530+0000] {taskinstance.py:441} INFO - ::group::Post task execution logs
[2026-06-20T05:39:36.539+0000] {taskinstance.py:1206} INFO - Marking task as SUCCESS. dag_id=credit_default_ml_pipeline, task_id=inference.logreg_inference, run_id=scheduled__2023-02-01T00:00:00+00:00, execution_date=20230201T000000, start_date=20260620T053936, end_date=20260620T053936
[2026-06-20T05:39:36.573+0000] {local_task_job_runner.py:243} INFO - Task exited with return code 0
[2026-06-20T05:39:36.583+0000] {taskinstance.py:3503} INFO - 0 downstream tasks scheduled from follow-on schedule check
[2026-06-20T05:39:36.585+0000] {local_task_job_runner.py:222} INFO - ::endgroup::
[2026-06-20T06:46:18.406+0000] {local_task_job_runner.py:120} INFO - ::group::Pre task execution logs
[2026-06-20T06:46:18.420+0000] {taskinstance.py:2076} INFO - Dependencies all met for dep_context=non-requeueable deps ti=<TaskInstance: credit_default_ml_pipeline.inference.logreg_inference scheduled__2023-02-01T00:00:00+00:00 [queued]>
[2026-06-20T06:46:18.425+0000] {taskinstance.py:2076} INFO - Dependencies all met for dep_context=requeueable deps ti=<TaskInstance: credit_default_ml_pipeline.inference.logreg_inference scheduled__2023-02-01T00:00:00+00:00 [queued]>
[2026-06-20T06:46:18.426+0000] {taskinstance.py:2306} INFO - Starting attempt 1 of 2
[2026-06-20T06:46:18.500+0000] {taskinstance.py:2330} INFO - Executing <Task(BashOperator): inference.logreg_inference> on 2023-02-01 00:00:00+00:00
[2026-06-20T06:46:18.503+0000] {logging_mixin.py:188} WARNING - /home/***/.local/lib/python3.12/site-packages/***/task/task_runner/standard_task_runner.py:62 DeprecationWarning: This process (pid=69617) is multi-threaded, use of fork() may lead to deadlocks in the child.
[2026-06-20T06:46:18.504+0000] {standard_task_runner.py:64} INFO - Started process 69620 to run task
[2026-06-20T06:46:18.504+0000] {standard_task_runner.py:90} INFO - Running: ['***', 'tasks', 'run', 'credit_default_ml_pipeline', 'inference.logreg_inference', 'scheduled__2023-02-01T00:00:00+00:00', '--job-id', '1786', '--raw', '--subdir', 'DAGS_FOLDER/dag.py', '--cfg-path', '/tmp/tmpyg04k7yr']
[2026-06-20T06:46:18.505+0000] {standard_task_runner.py:91} INFO - Job 1786: Subtask inference.logreg_inference
[2026-06-20T06:46:18.524+0000] {task_command.py:426} INFO - Running <TaskInstance: credit_default_ml_pipeline.inference.logreg_inference scheduled__2023-02-01T00:00:00+00:00 [running]> on host 9cf341f51c89
[2026-06-20T06:46:18.550+0000] {taskinstance.py:2648} INFO - Exporting env vars: AIRFLOW_CTX_DAG_OWNER='***' AIRFLOW_CTX_DAG_ID='credit_default_ml_pipeline' AIRFLOW_CTX_TASK_ID='inference.logreg_inference' AIRFLOW_CTX_EXECUTION_DATE='2023-02-01T00:00:00+00:00' AIRFLOW_CTX_TRY_NUMBER='1' AIRFLOW_CTX_DAG_RUN_ID='scheduled__2023-02-01T00:00:00+00:00'
[2026-06-20T06:46:18.551+0000] {taskinstance.py:430} INFO - ::endgroup::
[2026-06-20T06:46:18.556+0000] {subprocess.py:63} INFO - Tmp dir root location: /tmp
[2026-06-20T06:46:18.556+0000] {subprocess.py:75} INFO - Running command: ['/usr/bin/bash', '-c', 'cd /opt/***/scripts && if [ ! -f model_bank/champion.txt ]; then echo \'[SKIP] no champion.txt for 2023-02-01\'; exit 0; fi && python3 model_inference.py --snapshotdate "2023-02-01" --modelname "credit_logreg_2024_09_01.pkl"']
[2026-06-20T06:46:18.560+0000] {subprocess.py:86} INFO - Output:
[2026-06-20T06:46:18.563+0000] {subprocess.py:93} INFO - [SKIP] no champion.txt for 2023-02-01
[2026-06-20T06:46:18.563+0000] {subprocess.py:97} INFO - Command exited with return code 0
[2026-06-20T06:46:18.563+0000] {taskinstance.py:441} INFO - ::group::Post task execution logs
[2026-06-20T06:46:18.573+0000] {taskinstance.py:1206} INFO - Marking task as SUCCESS. dag_id=credit_default_ml_pipeline, task_id=inference.logreg_inference, run_id=scheduled__2023-02-01T00:00:00+00:00, execution_date=20230201T000000, start_date=20260620T064618, end_date=20260620T064618
[2026-06-20T06:46:18.603+0000] {local_task_job_runner.py:243} INFO - Task exited with return code 0
[2026-06-20T06:46:18.611+0000] {local_task_job_runner.py:222} INFO - ::endgroup::
[2026-06-20T07:14:03.914+0000] {local_task_job_runner.py:120} INFO - ::group::Pre task execution logs
[2026-06-20T07:14:03.929+0000] {taskinstance.py:2076} INFO - Dependencies all met for dep_context=non-requeueable deps ti=<TaskInstance: credit_default_ml_pipeline.inference.logreg_inference scheduled__2023-02-01T00:00:00+00:00 [queued]>
[2026-06-20T07:14:03.934+0000] {taskinstance.py:2076} INFO - Dependencies all met for dep_context=requeueable deps ti=<TaskInstance: credit_default_ml_pipeline.inference.logreg_inference scheduled__2023-02-01T00:00:00+00:00 [queued]>
[2026-06-20T07:14:03.934+0000] {taskinstance.py:2306} INFO - Starting attempt 1 of 2
[2026-06-20T07:14:04.025+0000] {taskinstance.py:2330} INFO - Executing <Task(BashOperator): inference.logreg_inference> on 2023-02-01 00:00:00+00:00
[2026-06-20T07:14:04.032+0000] {logging_mixin.py:188} WARNING - /home/***/.local/lib/python3.12/site-packages/***/task/task_runner/standard_task_runner.py:62 DeprecationWarning: This process (pid=990) is multi-threaded, use of fork() may lead to deadlocks in the child.
[2026-06-20T07:14:04.033+0000] {standard_task_runner.py:64} INFO - Started process 995 to run task
[2026-06-20T07:14:04.032+0000] {standard_task_runner.py:90} INFO - Running: ['***', 'tasks', 'run', 'credit_default_ml_pipeline', 'inference.logreg_inference', 'scheduled__2023-02-01T00:00:00+00:00', '--job-id', '1965', '--raw', '--subdir', 'DAGS_FOLDER/dag.py', '--cfg-path', '/tmp/tmp2houoy91']
[2026-06-20T07:14:04.034+0000] {standard_task_runner.py:91} INFO - Job 1965: Subtask inference.logreg_inference
[2026-06-20T07:14:04.057+0000] {task_command.py:426} INFO - Running <TaskInstance: credit_default_ml_pipeline.inference.logreg_inference scheduled__2023-02-01T00:00:00+00:00 [running]> on host 9cf341f51c89
[2026-06-20T07:14:04.094+0000] {taskinstance.py:2648} INFO - Exporting env vars: AIRFLOW_CTX_DAG_OWNER='***' AIRFLOW_CTX_DAG_ID='credit_default_ml_pipeline' AIRFLOW_CTX_TASK_ID='inference.logreg_inference' AIRFLOW_CTX_EXECUTION_DATE='2023-02-01T00:00:00+00:00' AIRFLOW_CTX_TRY_NUMBER='1' AIRFLOW_CTX_DAG_RUN_ID='scheduled__2023-02-01T00:00:00+00:00'
[2026-06-20T07:14:04.096+0000] {taskinstance.py:430} INFO - ::endgroup::
[2026-06-20T07:14:04.102+0000] {subprocess.py:63} INFO - Tmp dir root location: /tmp
[2026-06-20T07:14:04.103+0000] {subprocess.py:75} INFO - Running command: ['/usr/bin/bash', '-c', 'cd /opt/***/scripts && if [ ! -f model_bank/champion.txt ]; then echo \'[SKIP] no champion.txt for 2023-02-01\'; exit 0; fi && python3 model_inference.py --snapshotdate "2023-02-01" --modelname "credit_logreg_2024_09_01.pkl"']
[2026-06-20T07:14:04.108+0000] {subprocess.py:86} INFO - Output:
[2026-06-20T07:14:04.109+0000] {subprocess.py:93} INFO - [SKIP] no champion.txt for 2023-02-01
[2026-06-20T07:14:04.110+0000] {subprocess.py:97} INFO - Command exited with return code 0
[2026-06-20T07:14:04.110+0000] {taskinstance.py:441} INFO - ::group::Post task execution logs
[2026-06-20T07:14:04.122+0000] {taskinstance.py:1206} INFO - Marking task as SUCCESS. dag_id=credit_default_ml_pipeline, task_id=inference.logreg_inference, run_id=scheduled__2023-02-01T00:00:00+00:00, execution_date=20230201T000000, start_date=20260620T071403, end_date=20260620T071404
[2026-06-20T07:14:04.133+0000] {local_task_job_runner.py:243} INFO - Task exited with return code 0
[2026-06-20T07:14:04.141+0000] {local_task_job_runner.py:222} INFO - ::endgroup::
[2026-06-20T15:17:17.711+0000] {local_task_job_runner.py:120} INFO - ::group::Pre task execution logs
[2026-06-20T15:17:17.724+0000] {taskinstance.py:2076} INFO - Dependencies all met for dep_context=non-requeueable deps ti=<TaskInstance: credit_default_ml_pipeline.inference.logreg_inference scheduled__2023-02-01T00:00:00+00:00 [queued]>
[2026-06-20T15:17:17.733+0000] {taskinstance.py:2076} INFO - Dependencies all met for dep_context=requeueable deps ti=<TaskInstance: credit_default_ml_pipeline.inference.logreg_inference scheduled__2023-02-01T00:00:00+00:00 [queued]>
[2026-06-20T15:17:17.734+0000] {taskinstance.py:2306} INFO - Starting attempt 1 of 2
[2026-06-20T15:17:17.809+0000] {taskinstance.py:2330} INFO - Executing <Task(BashOperator): inference.logreg_inference> on 2023-02-01 00:00:00+00:00
[2026-06-20T15:17:17.813+0000] {standard_task_runner.py:90} INFO - Running: ['***', 'tasks', 'run', 'credit_default_ml_pipeline', 'inference.logreg_inference', 'scheduled__2023-02-01T00:00:00+00:00', '--job-id', '2437', '--raw', '--subdir', 'DAGS_FOLDER/dag.py', '--cfg-path', '/tmp/tmp3uxl4z01']
[2026-06-20T15:17:17.812+0000] {logging_mixin.py:188} WARNING - /home/***/.local/lib/python3.12/site-packages/***/task/task_runner/standard_task_runner.py:62 DeprecationWarning: This process (pid=88172) is multi-threaded, use of fork() may lead to deadlocks in the child.
[2026-06-20T15:17:17.814+0000] {standard_task_runner.py:91} INFO - Job 2437: Subtask inference.logreg_inference
[2026-06-20T15:17:17.814+0000] {standard_task_runner.py:64} INFO - Started process 88176 to run task
[2026-06-20T15:17:17.833+0000] {task_command.py:426} INFO - Running <TaskInstance: credit_default_ml_pipeline.inference.logreg_inference scheduled__2023-02-01T00:00:00+00:00 [running]> on host 9cf341f51c89
[2026-06-20T15:17:17.860+0000] {taskinstance.py:2648} INFO - Exporting env vars: AIRFLOW_CTX_DAG_OWNER='***' AIRFLOW_CTX_DAG_ID='credit_default_ml_pipeline' AIRFLOW_CTX_TASK_ID='inference.logreg_inference' AIRFLOW_CTX_EXECUTION_DATE='2023-02-01T00:00:00+00:00' AIRFLOW_CTX_TRY_NUMBER='1' AIRFLOW_CTX_DAG_RUN_ID='scheduled__2023-02-01T00:00:00+00:00'
[2026-06-20T15:17:17.862+0000] {taskinstance.py:430} INFO - ::endgroup::
[2026-06-20T15:17:17.867+0000] {subprocess.py:63} INFO - Tmp dir root location: /tmp
[2026-06-20T15:17:17.867+0000] {subprocess.py:75} INFO - Running command: ['/usr/bin/bash', '-c', 'cd /opt/***/scripts && if [ ! -f model_bank/champion.txt ]; then echo \'[SKIP] no champion.txt for 2023-02-01\'; exit 0; fi && python3 model_inference.py --snapshotdate "2023-02-01" --modelname "credit_logreg_2024_09_01.pkl"']
[2026-06-20T15:17:17.871+0000] {subprocess.py:86} INFO - Output:
[2026-06-20T15:17:17.872+0000] {subprocess.py:93} INFO - [SKIP] no champion.txt for 2023-02-01
[2026-06-20T15:17:17.872+0000] {subprocess.py:97} INFO - Command exited with return code 0
[2026-06-20T15:17:17.873+0000] {taskinstance.py:441} INFO - ::group::Post task execution logs
[2026-06-20T15:17:17.882+0000] {taskinstance.py:1206} INFO - Marking task as SUCCESS. dag_id=credit_default_ml_pipeline, task_id=inference.logreg_inference, run_id=scheduled__2023-02-01T00:00:00+00:00, execution_date=20230201T000000, start_date=20260620T151717, end_date=20260620T151717
[2026-06-20T15:17:17.914+0000] {local_task_job_runner.py:243} INFO - Task exited with return code 0
[2026-06-20T15:17:17.925+0000] {taskinstance.py:3503} INFO - 0 downstream tasks scheduled from follow-on schedule check
[2026-06-20T15:17:17.925+0000] {local_task_job_runner.py:222} INFO - ::endgroup::
[2026-06-20T16:55:17.333+0000] {local_task_job_runner.py:120} INFO - ::group::Pre task execution logs
[2026-06-20T16:55:17.348+0000] {taskinstance.py:2076} INFO - Dependencies all met for dep_context=non-requeueable deps ti=<TaskInstance: credit_default_ml_pipeline.inference.logreg_inference scheduled__2023-02-01T00:00:00+00:00 [queued]>
[2026-06-20T16:55:17.355+0000] {taskinstance.py:2076} INFO - Dependencies all met for dep_context=requeueable deps ti=<TaskInstance: credit_default_ml_pipeline.inference.logreg_inference scheduled__2023-02-01T00:00:00+00:00 [queued]>
[2026-06-20T16:55:17.356+0000] {taskinstance.py:2306} INFO - Starting attempt 1 of 2
[2026-06-20T16:55:17.361+0000] {taskinstance.py:2330} INFO - Executing <Task(BashOperator): inference.logreg_inference> on 2023-02-01 00:00:00+00:00
[2026-06-20T16:55:17.365+0000] {logging_mixin.py:188} WARNING - /home/***/.local/lib/python3.12/site-packages/***/task/task_runner/standard_task_runner.py:62 DeprecationWarning: This process (pid=72132) is multi-threaded, use of fork() may lead to deadlocks in the child.
[2026-06-20T16:55:17.367+0000] {standard_task_runner.py:64} INFO - Started process 72137 to run task
[2026-06-20T16:55:17.366+0000] {standard_task_runner.py:90} INFO - Running: ['***', 'tasks', 'run', 'credit_default_ml_pipeline', 'inference.logreg_inference', 'scheduled__2023-02-01T00:00:00+00:00', '--job-id', '2926', '--raw', '--subdir', 'DAGS_FOLDER/dag.py', '--cfg-path', '/tmp/tmp7d24z81q']
[2026-06-20T16:55:17.368+0000] {standard_task_runner.py:91} INFO - Job 2926: Subtask inference.logreg_inference
[2026-06-20T16:55:17.492+0000] {task_command.py:426} INFO - Running <TaskInstance: credit_default_ml_pipeline.inference.logreg_inference scheduled__2023-02-01T00:00:00+00:00 [running]> on host 9cf341f51c89
[2026-06-20T16:55:17.518+0000] {taskinstance.py:2648} INFO - Exporting env vars: AIRFLOW_CTX_DAG_OWNER='***' AIRFLOW_CTX_DAG_ID='credit_default_ml_pipeline' AIRFLOW_CTX_TASK_ID='inference.logreg_inference' AIRFLOW_CTX_EXECUTION_DATE='2023-02-01T00:00:00+00:00' AIRFLOW_CTX_TRY_NUMBER='1' AIRFLOW_CTX_DAG_RUN_ID='scheduled__2023-02-01T00:00:00+00:00'
[2026-06-20T16:55:17.520+0000] {taskinstance.py:430} INFO - ::endgroup::
[2026-06-20T16:55:17.524+0000] {subprocess.py:63} INFO - Tmp dir root location: /tmp
[2026-06-20T16:55:17.525+0000] {subprocess.py:75} INFO - Running command: ['/usr/bin/bash', '-c', 'cd /opt/***/scripts && if [ ! -f model_bank/champion.txt ]; then echo \'[SKIP] no champion.txt for 2023-02-01\'; exit 0; fi && python3 model_inference.py --snapshotdate "2023-02-01" --modelname "credit_logreg_2024_09_01.pkl"']
[2026-06-20T16:55:17.531+0000] {subprocess.py:86} INFO - Output:
[2026-06-20T16:55:19.116+0000] {subprocess.py:93} INFO - Setting default log level to "WARN".
[2026-06-20T16:55:19.117+0000] {subprocess.py:93} INFO - To adjust logging level use sc.setLogLevel(newLevel). For SparkR, use setLogLevel(newLevel).
[2026-06-20T16:55:19.278+0000] {subprocess.py:93} INFO - 26/06/20 16:55:19 WARN NativeCodeLoader: Unable to load native-hadoop library for your platform... using builtin-java classes where applicable
[2026-06-20T16:55:22.506+0000] {subprocess.py:93} INFO - 
[2026-06-20T16:55:22.507+0000] {subprocess.py:93} INFO - --- inference 2023-02-01 (label date: 2023-02-01) / credit_logreg_2024_09_01.pkl ---
[2026-06-20T16:55:22.509+0000] {subprocess.py:93} INFO - 
[2026-06-20T16:55:22.509+0000] {subprocess.py:93} INFO - loaded model: model_bank/credit_logreg_2024_09_01.pkl
[2026-06-20T16:55:22.511+0000] {subprocess.py:93} INFO - using raw model probabilities (no calibrator in this artefact)
[2026-06-20T16:55:22.511+0000] {subprocess.py:93} INFO - predicted defaults: 202 / 501 (40.3%) at threshold=0.5
[2026-06-20T16:55:22.512+0000] {subprocess.py:93} INFO - saved predictions: datamart/gold/model_predictions/credit_logreg_2024_09_01/credit_logreg_2024_09_01_predictions_2023_02_01.parquet (501 rows, mean_score=0.4391)
[2026-06-20T16:55:22.513+0000] {subprocess.py:93} INFO - 
[2026-06-20T16:55:22.513+0000] {subprocess.py:93} INFO - --- done ---
[2026-06-20T16:55:22.515+0000] {subprocess.py:93} INFO - 
[2026-06-20T16:55:23.091+0000] {subprocess.py:97} INFO - Command exited with return code 0
[2026-06-20T16:55:23.092+0000] {taskinstance.py:441} INFO - ::group::Post task execution logs
[2026-06-20T16:55:23.106+0000] {taskinstance.py:1206} INFO - Marking task as SUCCESS. dag_id=credit_default_ml_pipeline, task_id=inference.logreg_inference, run_id=scheduled__2023-02-01T00:00:00+00:00, execution_date=20230201T000000, start_date=20260620T165517, end_date=20260620T165523
[2026-06-20T16:55:23.145+0000] {local_task_job_runner.py:243} INFO - Task exited with return code 0
[2026-06-20T16:55:23.154+0000] {taskinstance.py:3503} INFO - 0 downstream tasks scheduled from follow-on schedule check
[2026-06-20T16:55:23.155+0000] {local_task_job_runner.py:222} INFO - ::endgroup::
[2026-06-20T17:07:43.675+0000] {local_task_job_runner.py:120} INFO - ::group::Pre task execution logs
[2026-06-20T17:07:43.687+0000] {taskinstance.py:2076} INFO - Dependencies all met for dep_context=non-requeueable deps ti=<TaskInstance: credit_default_ml_pipeline.inference.logreg_inference scheduled__2023-02-01T00:00:00+00:00 [queued]>
[2026-06-20T17:07:43.692+0000] {taskinstance.py:2076} INFO - Dependencies all met for dep_context=requeueable deps ti=<TaskInstance: credit_default_ml_pipeline.inference.logreg_inference scheduled__2023-02-01T00:00:00+00:00 [queued]>
[2026-06-20T17:07:43.692+0000] {taskinstance.py:2306} INFO - Starting attempt 1 of 2
[2026-06-20T17:07:43.771+0000] {taskinstance.py:2330} INFO - Executing <Task(BashOperator): inference.logreg_inference> on 2023-02-01 00:00:00+00:00
[2026-06-20T17:07:43.774+0000] {logging_mixin.py:188} WARNING - /home/***/.local/lib/python3.12/site-packages/***/task/task_runner/standard_task_runner.py:62 DeprecationWarning: This process (pid=6135) is multi-threaded, use of fork() may lead to deadlocks in the child.
[2026-06-20T17:07:43.775+0000] {standard_task_runner.py:90} INFO - Running: ['***', 'tasks', 'run', 'credit_default_ml_pipeline', 'inference.logreg_inference', 'scheduled__2023-02-01T00:00:00+00:00', '--job-id', '3014', '--raw', '--subdir', 'DAGS_FOLDER/dag.py', '--cfg-path', '/tmp/tmp1vkgc8wx']
[2026-06-20T17:07:43.776+0000] {standard_task_runner.py:64} INFO - Started process 6139 to run task
[2026-06-20T17:07:43.776+0000] {standard_task_runner.py:91} INFO - Job 3014: Subtask inference.logreg_inference
[2026-06-20T17:07:43.795+0000] {task_command.py:426} INFO - Running <TaskInstance: credit_default_ml_pipeline.inference.logreg_inference scheduled__2023-02-01T00:00:00+00:00 [running]> on host 9cf341f51c89
[2026-06-20T17:07:43.821+0000] {taskinstance.py:2648} INFO - Exporting env vars: AIRFLOW_CTX_DAG_OWNER='***' AIRFLOW_CTX_DAG_ID='credit_default_ml_pipeline' AIRFLOW_CTX_TASK_ID='inference.logreg_inference' AIRFLOW_CTX_EXECUTION_DATE='2023-02-01T00:00:00+00:00' AIRFLOW_CTX_TRY_NUMBER='1' AIRFLOW_CTX_DAG_RUN_ID='scheduled__2023-02-01T00:00:00+00:00'
[2026-06-20T17:07:43.823+0000] {taskinstance.py:430} INFO - ::endgroup::
[2026-06-20T17:07:43.827+0000] {subprocess.py:63} INFO - Tmp dir root location: /tmp
[2026-06-20T17:07:43.829+0000] {subprocess.py:75} INFO - Running command: ['/usr/bin/bash', '-c', 'cd /opt/***/scripts && if [ ! -f model_bank/champion.txt ]; then echo \'[SKIP] no champion.txt for 2023-02-01\'; exit 0; fi && python3 model_inference.py --snapshotdate "2023-02-01" --modelname "credit_logreg_2024_09_01.pkl"']
[2026-06-20T17:07:43.833+0000] {subprocess.py:86} INFO - Output:
[2026-06-20T17:07:43.834+0000] {subprocess.py:93} INFO - [SKIP] no champion.txt for 2023-02-01
[2026-06-20T17:07:43.834+0000] {subprocess.py:97} INFO - Command exited with return code 0
[2026-06-20T17:07:43.835+0000] {taskinstance.py:441} INFO - ::group::Post task execution logs
[2026-06-20T17:07:43.844+0000] {taskinstance.py:1206} INFO - Marking task as SUCCESS. dag_id=credit_default_ml_pipeline, task_id=inference.logreg_inference, run_id=scheduled__2023-02-01T00:00:00+00:00, execution_date=20230201T000000, start_date=20260620T170743, end_date=20260620T170743
[2026-06-20T17:07:43.880+0000] {local_task_job_runner.py:243} INFO - Task exited with return code 0
[2026-06-20T17:07:43.887+0000] {local_task_job_runner.py:222} INFO - ::endgroup::
[2026-06-21T01:33:11.473+0000] {local_task_job_runner.py:120} INFO - ::group::Pre task execution logs
[2026-06-21T01:33:11.489+0000] {taskinstance.py:2076} INFO - Dependencies all met for dep_context=non-requeueable deps ti=<TaskInstance: credit_default_ml_pipeline.inference.logreg_inference scheduled__2023-02-01T00:00:00+00:00 [queued]>
[2026-06-21T01:33:11.495+0000] {taskinstance.py:2076} INFO - Dependencies all met for dep_context=requeueable deps ti=<TaskInstance: credit_default_ml_pipeline.inference.logreg_inference scheduled__2023-02-01T00:00:00+00:00 [queued]>
[2026-06-21T01:33:11.495+0000] {taskinstance.py:2306} INFO - Starting attempt 1 of 2
[2026-06-21T01:33:11.501+0000] {taskinstance.py:2330} INFO - Executing <Task(BashOperator): inference.logreg_inference> on 2023-02-01 00:00:00+00:00
[2026-06-21T01:33:11.506+0000] {logging_mixin.py:188} WARNING - /home/***/.local/lib/python3.12/site-packages/***/task/task_runner/standard_task_runner.py:62 DeprecationWarning: This process (pid=6711) is multi-threaded, use of fork() may lead to deadlocks in the child.
[2026-06-21T01:33:11.506+0000] {standard_task_runner.py:64} INFO - Started process 6715 to run task
[2026-06-21T01:33:11.506+0000] {standard_task_runner.py:90} INFO - Running: ['***', 'tasks', 'run', 'credit_default_ml_pipeline', 'inference.logreg_inference', 'scheduled__2023-02-01T00:00:00+00:00', '--job-id', '3479', '--raw', '--subdir', 'DAGS_FOLDER/dag.py', '--cfg-path', '/tmp/tmp2336w6u_']
[2026-06-21T01:33:11.507+0000] {standard_task_runner.py:91} INFO - Job 3479: Subtask inference.logreg_inference
[2026-06-21T01:33:11.523+0000] {task_command.py:426} INFO - Running <TaskInstance: credit_default_ml_pipeline.inference.logreg_inference scheduled__2023-02-01T00:00:00+00:00 [running]> on host f6e9e2801916
[2026-06-21T01:33:11.627+0000] {taskinstance.py:2648} INFO - Exporting env vars: AIRFLOW_CTX_DAG_OWNER='***' AIRFLOW_CTX_DAG_ID='credit_default_ml_pipeline' AIRFLOW_CTX_TASK_ID='inference.logreg_inference' AIRFLOW_CTX_EXECUTION_DATE='2023-02-01T00:00:00+00:00' AIRFLOW_CTX_TRY_NUMBER='1' AIRFLOW_CTX_DAG_RUN_ID='scheduled__2023-02-01T00:00:00+00:00'
[2026-06-21T01:33:11.628+0000] {taskinstance.py:430} INFO - ::endgroup::
[2026-06-21T01:33:11.631+0000] {subprocess.py:63} INFO - Tmp dir root location: /tmp
[2026-06-21T01:33:11.633+0000] {subprocess.py:75} INFO - Running command: ['/usr/bin/bash', '-c', 'cd /opt/***/scripts && if [ ! -f model_bank/champion.txt ]; then   echo \'[SKIP] no champion.txt for 2023-02-01\'; exit 0; fi && APP_DATE=$(python3 app_date_helper.py \'2023-02-01\') && python3 model_inference.py --snapshotdate "$APP_DATE" --labeldate "2023-02-01" --modelname "credit_logreg_2024_09_01.pkl"']
[2026-06-21T01:33:11.637+0000] {subprocess.py:86} INFO - Output:
[2026-06-21T01:33:11.639+0000] {subprocess.py:93} INFO - [SKIP] no champion.txt for 2023-02-01
[2026-06-21T01:33:11.640+0000] {subprocess.py:97} INFO - Command exited with return code 0
[2026-06-21T01:33:11.640+0000] {taskinstance.py:441} INFO - ::group::Post task execution logs
[2026-06-21T01:33:11.648+0000] {taskinstance.py:1206} INFO - Marking task as SUCCESS. dag_id=credit_default_ml_pipeline, task_id=inference.logreg_inference, run_id=scheduled__2023-02-01T00:00:00+00:00, execution_date=20230201T000000, start_date=20260621T013311, end_date=20260621T013311
[2026-06-21T01:33:11.686+0000] {local_task_job_runner.py:243} INFO - Task exited with return code 0
[2026-06-21T01:33:11.692+0000] {local_task_job_runner.py:222} INFO - ::endgroup::
[2026-06-21T05:29:37.831+0000] {local_task_job_runner.py:120} INFO - ::group::Pre task execution logs
[2026-06-21T05:29:37.844+0000] {taskinstance.py:2076} INFO - Dependencies all met for dep_context=non-requeueable deps ti=<TaskInstance: credit_default_ml_pipeline.inference.logreg_inference scheduled__2023-02-01T00:00:00+00:00 [queued]>
[2026-06-21T05:29:37.850+0000] {taskinstance.py:2076} INFO - Dependencies all met for dep_context=requeueable deps ti=<TaskInstance: credit_default_ml_pipeline.inference.logreg_inference scheduled__2023-02-01T00:00:00+00:00 [queued]>
[2026-06-21T05:29:37.850+0000] {taskinstance.py:2306} INFO - Starting attempt 1 of 2
[2026-06-21T05:29:37.930+0000] {taskinstance.py:2330} INFO - Executing <Task(BashOperator): inference.logreg_inference> on 2023-02-01 00:00:00+00:00
[2026-06-21T05:29:37.934+0000] {logging_mixin.py:188} WARNING - /home/***/.local/lib/python3.12/site-packages/***/task/task_runner/standard_task_runner.py:62 DeprecationWarning: This process (pid=6669) is multi-threaded, use of fork() may lead to deadlocks in the child.
[2026-06-21T05:29:37.936+0000] {standard_task_runner.py:64} INFO - Started process 6672 to run task
[2026-06-21T05:29:37.935+0000] {standard_task_runner.py:90} INFO - Running: ['***', 'tasks', 'run', 'credit_default_ml_pipeline', 'inference.logreg_inference', 'scheduled__2023-02-01T00:00:00+00:00', '--job-id', '3944', '--raw', '--subdir', 'DAGS_FOLDER/dag.py', '--cfg-path', '/tmp/tmp3fq4v81e']
[2026-06-21T05:29:37.936+0000] {standard_task_runner.py:91} INFO - Job 3944: Subtask inference.logreg_inference
[2026-06-21T05:29:37.957+0000] {task_command.py:426} INFO - Running <TaskInstance: credit_default_ml_pipeline.inference.logreg_inference scheduled__2023-02-01T00:00:00+00:00 [running]> on host 9377a3f0491f
[2026-06-21T05:29:37.985+0000] {taskinstance.py:2648} INFO - Exporting env vars: AIRFLOW_CTX_DAG_OWNER='***' AIRFLOW_CTX_DAG_ID='credit_default_ml_pipeline' AIRFLOW_CTX_TASK_ID='inference.logreg_inference' AIRFLOW_CTX_EXECUTION_DATE='2023-02-01T00:00:00+00:00' AIRFLOW_CTX_TRY_NUMBER='1' AIRFLOW_CTX_DAG_RUN_ID='scheduled__2023-02-01T00:00:00+00:00'
[2026-06-21T05:29:37.985+0000] {taskinstance.py:430} INFO - ::endgroup::
[2026-06-21T05:29:37.991+0000] {subprocess.py:63} INFO - Tmp dir root location: /tmp
[2026-06-21T05:29:37.992+0000] {subprocess.py:75} INFO - Running command: ['/usr/bin/bash', '-c', 'cd /opt/***/scripts && if [ ! -f model_bank/champion.txt ]; then   echo \'[SKIP] no champion.txt for 2023-02-01\'; exit 0; fi && APP_DATE=$(python3 app_date_helper.py \'2023-02-01\') && python3 model_inference.py --snapshotdate "$APP_DATE" --labeldate "2023-02-01" --modelname "credit_logreg_2024_09_01.pkl"']
[2026-06-21T05:29:37.996+0000] {subprocess.py:86} INFO - Output:
[2026-06-21T05:29:37.998+0000] {subprocess.py:93} INFO - [SKIP] no champion.txt for 2023-02-01
[2026-06-21T05:29:37.998+0000] {subprocess.py:97} INFO - Command exited with return code 0
[2026-06-21T05:29:37.998+0000] {taskinstance.py:441} INFO - ::group::Post task execution logs
[2026-06-21T05:29:38.008+0000] {taskinstance.py:1206} INFO - Marking task as SUCCESS. dag_id=credit_default_ml_pipeline, task_id=inference.logreg_inference, run_id=scheduled__2023-02-01T00:00:00+00:00, execution_date=20230201T000000, start_date=20260621T052937, end_date=20260621T052938
[2026-06-21T05:29:38.036+0000] {local_task_job_runner.py:243} INFO - Task exited with return code 0
[2026-06-21T05:29:38.043+0000] {local_task_job_runner.py:222} INFO - ::endgroup::
