[2026-06-16T15:40:26.668+0000] {local_task_job_runner.py:120} INFO - ::group::Pre task execution logs
[2026-06-16T15:40:26.684+0000] {taskinstance.py:2076} INFO - Dependencies all met for dep_context=non-requeueable deps ti=<TaskInstance: credit_default_ml_pipeline.feature_pipeline.feature_bronze_attributes scheduled__2024-04-01T00:00:00+00:00 [queued]>
[2026-06-16T15:40:26.689+0000] {taskinstance.py:2076} INFO - Dependencies all met for dep_context=requeueable deps ti=<TaskInstance: credit_default_ml_pipeline.feature_pipeline.feature_bronze_attributes scheduled__2024-04-01T00:00:00+00:00 [queued]>
[2026-06-16T15:40:26.691+0000] {taskinstance.py:2306} INFO - Starting attempt 1 of 2
[2026-06-16T15:40:26.700+0000] {taskinstance.py:2330} INFO - Executing <Task(BashOperator): feature_pipeline.feature_bronze_attributes> on 2024-04-01 00:00:00+00:00
[2026-06-16T15:40:26.706+0000] {logging_mixin.py:188} WARNING - /home/***/.local/lib/python3.12/site-packages/***/task/task_runner/standard_task_runner.py:62 DeprecationWarning: This process (pid=7209) is multi-threaded, use of fork() may lead to deadlocks in the child.
[2026-06-16T15:40:26.706+0000] {standard_task_runner.py:90} INFO - Running: ['***', 'tasks', 'run', 'credit_default_ml_pipeline', 'feature_pipeline.feature_bronze_attributes', 'scheduled__2024-04-01T00:00:00+00:00', '--job-id', '286', '--raw', '--subdir', 'DAGS_FOLDER/dag.py', '--cfg-path', '/tmp/tmpm7dtk5dl']
[2026-06-16T15:40:26.709+0000] {standard_task_runner.py:64} INFO - Started process 7213 to run task
[2026-06-16T15:40:26.710+0000] {standard_task_runner.py:91} INFO - Job 286: Subtask feature_pipeline.feature_bronze_attributes
[2026-06-16T15:40:26.746+0000] {task_command.py:426} INFO - Running <TaskInstance: credit_default_ml_pipeline.feature_pipeline.feature_bronze_attributes scheduled__2024-04-01T00:00:00+00:00 [running]> on host 2b9b50b7433d
[2026-06-16T15:40:26.788+0000] {taskinstance.py:2648} INFO - Exporting env vars: AIRFLOW_CTX_DAG_OWNER='***' AIRFLOW_CTX_DAG_ID='credit_default_ml_pipeline' AIRFLOW_CTX_TASK_ID='feature_pipeline.feature_bronze_attributes' AIRFLOW_CTX_EXECUTION_DATE='2024-04-01T00:00:00+00:00' AIRFLOW_CTX_TRY_NUMBER='1' AIRFLOW_CTX_DAG_RUN_ID='scheduled__2024-04-01T00:00:00+00:00'
[2026-06-16T15:40:26.790+0000] {taskinstance.py:430} INFO - ::endgroup::
[2026-06-16T15:40:26.798+0000] {subprocess.py:63} INFO - Tmp dir root location: /tmp
[2026-06-16T15:40:26.799+0000] {subprocess.py:75} INFO - Running command: ['/usr/bin/bash', '-c', 'cd /opt/***/scripts && python3 bronze_processing.py --snapshotdate "2024-04-01" --source attributes']
[2026-06-16T15:40:26.804+0000] {subprocess.py:86} INFO - Output:
[2026-06-16T15:40:28.297+0000] {subprocess.py:93} INFO - Setting default log level to "WARN".
[2026-06-16T15:40:28.299+0000] {subprocess.py:93} INFO - To adjust logging level use sc.setLogLevel(newLevel). For SparkR, use setLogLevel(newLevel).
[2026-06-16T15:40:28.470+0000] {subprocess.py:93} INFO - 26/06/16 15:40:28 WARN NativeCodeLoader: Unable to load native-hadoop library for your platform... using builtin-java classes where applicable
[2026-06-16T15:40:35.343+0000] {subprocess.py:93} INFO - 
[2026-06-16T15:40:35.352+0000] {subprocess.py:93} INFO - --- bronze attributes 2024-04-01 ---
[2026-06-16T15:40:35.356+0000] {subprocess.py:93} INFO - 
[2026-06-16T15:40:35.370+0000] {subprocess.py:93} INFO - [bronze:attributes] 2024-04-01 row count: 513
[2026-06-16T15:40:35.383+0000] {subprocess.py:93} INFO - [bronze:attributes] saved to: datamart/bronze/attributes/bronze_attributes_2024_04_01.csv
[2026-06-16T15:40:35.402+0000] {subprocess.py:93} INFO - 
[2026-06-16T15:40:35.405+0000] {subprocess.py:93} INFO - --- done ---
[2026-06-16T15:40:35.414+0000] {subprocess.py:93} INFO - 
[2026-06-16T15:40:35.956+0000] {subprocess.py:97} INFO - Command exited with return code 0
[2026-06-16T15:40:35.960+0000] {taskinstance.py:441} INFO - ::group::Post task execution logs
[2026-06-16T15:40:36.012+0000] {taskinstance.py:1206} INFO - Marking task as SUCCESS. dag_id=credit_default_ml_pipeline, task_id=feature_pipeline.feature_bronze_attributes, run_id=scheduled__2024-04-01T00:00:00+00:00, execution_date=20240401T000000, start_date=20260616T154026, end_date=20260616T154036
[2026-06-16T15:40:36.064+0000] {local_task_job_runner.py:243} INFO - Task exited with return code 0
[2026-06-16T15:40:36.107+0000] {taskinstance.py:3503} INFO - 1 downstream tasks scheduled from follow-on schedule check
[2026-06-16T15:40:36.109+0000] {local_task_job_runner.py:222} INFO - ::endgroup::
[2026-06-20T06:33:52.959+0000] {local_task_job_runner.py:120} INFO - ::group::Pre task execution logs
[2026-06-20T06:33:52.971+0000] {taskinstance.py:2076} INFO - Dependencies all met for dep_context=non-requeueable deps ti=<TaskInstance: credit_default_ml_pipeline.feature_pipeline.feature_bronze_attributes scheduled__2024-04-01T00:00:00+00:00 [queued]>
[2026-06-20T06:33:52.975+0000] {taskinstance.py:2076} INFO - Dependencies all met for dep_context=requeueable deps ti=<TaskInstance: credit_default_ml_pipeline.feature_pipeline.feature_bronze_attributes scheduled__2024-04-01T00:00:00+00:00 [queued]>
[2026-06-20T06:33:52.976+0000] {taskinstance.py:2306} INFO - Starting attempt 1 of 2
[2026-06-20T06:33:52.982+0000] {taskinstance.py:2330} INFO - Executing <Task(BashOperator): feature_pipeline.feature_bronze_attributes> on 2024-04-01 00:00:00+00:00
[2026-06-20T06:33:52.986+0000] {logging_mixin.py:188} WARNING - /home/***/.local/lib/python3.12/site-packages/***/task/task_runner/standard_task_runner.py:62 DeprecationWarning: This process (pid=57576) is multi-threaded, use of fork() may lead to deadlocks in the child.
[2026-06-20T06:33:52.987+0000] {standard_task_runner.py:64} INFO - Started process 57585 to run task
[2026-06-20T06:33:52.987+0000] {standard_task_runner.py:90} INFO - Running: ['***', 'tasks', 'run', 'credit_default_ml_pipeline', 'feature_pipeline.feature_bronze_attributes', 'scheduled__2024-04-01T00:00:00+00:00', '--job-id', '1726', '--raw', '--subdir', 'DAGS_FOLDER/dag.py', '--cfg-path', '/tmp/tmpsb22uc1q']
[2026-06-20T06:33:52.989+0000] {standard_task_runner.py:91} INFO - Job 1726: Subtask feature_pipeline.feature_bronze_attributes
[2026-06-20T06:33:53.115+0000] {task_command.py:426} INFO - Running <TaskInstance: credit_default_ml_pipeline.feature_pipeline.feature_bronze_attributes scheduled__2024-04-01T00:00:00+00:00 [running]> on host 9cf341f51c89
[2026-06-20T06:33:53.146+0000] {taskinstance.py:2648} INFO - Exporting env vars: AIRFLOW_CTX_DAG_OWNER='***' AIRFLOW_CTX_DAG_ID='credit_default_ml_pipeline' AIRFLOW_CTX_TASK_ID='feature_pipeline.feature_bronze_attributes' AIRFLOW_CTX_EXECUTION_DATE='2024-04-01T00:00:00+00:00' AIRFLOW_CTX_TRY_NUMBER='1' AIRFLOW_CTX_DAG_RUN_ID='scheduled__2024-04-01T00:00:00+00:00'
[2026-06-20T06:33:53.147+0000] {taskinstance.py:430} INFO - ::endgroup::
[2026-06-20T06:33:53.151+0000] {subprocess.py:63} INFO - Tmp dir root location: /tmp
[2026-06-20T06:33:53.152+0000] {subprocess.py:75} INFO - Running command: ['/usr/bin/bash', '-c', 'cd /opt/***/scripts && python3 bronze_processing.py --snapshotdate "2024-04-01" --source attributes']
[2026-06-20T06:33:53.157+0000] {subprocess.py:86} INFO - Output:
[2026-06-20T06:33:54.682+0000] {subprocess.py:93} INFO - Setting default log level to "WARN".
[2026-06-20T06:33:54.684+0000] {subprocess.py:93} INFO - To adjust logging level use sc.setLogLevel(newLevel). For SparkR, use setLogLevel(newLevel).
[2026-06-20T06:33:54.860+0000] {subprocess.py:93} INFO - 26/06/20 06:33:54 WARN NativeCodeLoader: Unable to load native-hadoop library for your platform... using builtin-java classes where applicable
[2026-06-20T06:33:55.472+0000] {subprocess.py:93} INFO - 26/06/20 06:33:55 WARN Utils: Service 'SparkUI' could not bind on port 4040. Attempting port 4041.
[2026-06-20T06:33:55.474+0000] {subprocess.py:93} INFO - 26/06/20 06:33:55 WARN Utils: Service 'SparkUI' could not bind on port 4041. Attempting port 4042.
[2026-06-20T06:34:02.797+0000] {subprocess.py:93} INFO - [Stage 1:>                                                          (0 + 1) / 1]
[2026-06-20T06:34:02.799+0000] {subprocess.py:93} INFO - --- bronze attributes 2024-04-01 ---
[2026-06-20T06:34:02.806+0000] {subprocess.py:93} INFO - 
[2026-06-20T06:34:02.809+0000] {subprocess.py:93} INFO - [bronze:attributes] 2024-04-01 row count: 513
[2026-06-20T06:34:02.813+0000] {subprocess.py:93} INFO - [bronze:attributes] saved to: datamart/bronze/attributes/bronze_attributes_2024_04_01.csv
[2026-06-20T06:34:02.814+0000] {subprocess.py:93} INFO - 
[2026-06-20T06:34:02.815+0000] {subprocess.py:93} INFO - --- done ---
[2026-06-20T06:34:02.815+0000] {subprocess.py:93} INFO - 
[2026-06-20T06:34:03.344+0000] {subprocess.py:97} INFO - Command exited with return code 0
[2026-06-20T06:34:03.347+0000] {taskinstance.py:441} INFO - ::group::Post task execution logs
[2026-06-20T06:34:03.372+0000] {taskinstance.py:1206} INFO - Marking task as SUCCESS. dag_id=credit_default_ml_pipeline, task_id=feature_pipeline.feature_bronze_attributes, run_id=scheduled__2024-04-01T00:00:00+00:00, execution_date=20240401T000000, start_date=20260620T063352, end_date=20260620T063403
[2026-06-20T06:34:03.409+0000] {local_task_job_runner.py:243} INFO - Task exited with return code 0
[2026-06-20T06:34:03.431+0000] {taskinstance.py:3503} INFO - 1 downstream tasks scheduled from follow-on schedule check
[2026-06-20T06:34:03.432+0000] {local_task_job_runner.py:222} INFO - ::endgroup::
[2026-06-20T07:54:24.924+0000] {local_task_job_runner.py:120} INFO - ::group::Pre task execution logs
[2026-06-20T07:54:24.947+0000] {taskinstance.py:2076} INFO - Dependencies all met for dep_context=non-requeueable deps ti=<TaskInstance: credit_default_ml_pipeline.feature_pipeline.feature_bronze_attributes scheduled__2024-04-01T00:00:00+00:00 [queued]>
[2026-06-20T07:54:24.956+0000] {taskinstance.py:2076} INFO - Dependencies all met for dep_context=requeueable deps ti=<TaskInstance: credit_default_ml_pipeline.feature_pipeline.feature_bronze_attributes scheduled__2024-04-01T00:00:00+00:00 [queued]>
[2026-06-20T07:54:24.956+0000] {taskinstance.py:2306} INFO - Starting attempt 1 of 2
[2026-06-20T07:54:25.095+0000] {taskinstance.py:2330} INFO - Executing <Task(BashOperator): feature_pipeline.feature_bronze_attributes> on 2024-04-01 00:00:00+00:00
[2026-06-20T07:54:25.103+0000] {logging_mixin.py:188} WARNING - /home/***/.local/lib/python3.12/site-packages/***/task/task_runner/standard_task_runner.py:62 DeprecationWarning: This process (pid=43191) is multi-threaded, use of fork() may lead to deadlocks in the child.
[2026-06-20T07:54:25.105+0000] {standard_task_runner.py:64} INFO - Started process 43199 to run task
[2026-06-20T07:54:25.104+0000] {standard_task_runner.py:90} INFO - Running: ['***', 'tasks', 'run', 'credit_default_ml_pipeline', 'feature_pipeline.feature_bronze_attributes', 'scheduled__2024-04-01T00:00:00+00:00', '--job-id', '2220', '--raw', '--subdir', 'DAGS_FOLDER/dag.py', '--cfg-path', '/tmp/tmprx68wsu9']
[2026-06-20T07:54:25.107+0000] {standard_task_runner.py:91} INFO - Job 2220: Subtask feature_pipeline.feature_bronze_attributes
[2026-06-20T07:54:25.148+0000] {task_command.py:426} INFO - Running <TaskInstance: credit_default_ml_pipeline.feature_pipeline.feature_bronze_attributes scheduled__2024-04-01T00:00:00+00:00 [running]> on host 9cf341f51c89
[2026-06-20T07:54:25.201+0000] {taskinstance.py:2648} INFO - Exporting env vars: AIRFLOW_CTX_DAG_OWNER='***' AIRFLOW_CTX_DAG_ID='credit_default_ml_pipeline' AIRFLOW_CTX_TASK_ID='feature_pipeline.feature_bronze_attributes' AIRFLOW_CTX_EXECUTION_DATE='2024-04-01T00:00:00+00:00' AIRFLOW_CTX_TRY_NUMBER='1' AIRFLOW_CTX_DAG_RUN_ID='scheduled__2024-04-01T00:00:00+00:00'
[2026-06-20T07:54:25.202+0000] {taskinstance.py:430} INFO - ::endgroup::
[2026-06-20T07:54:25.212+0000] {subprocess.py:63} INFO - Tmp dir root location: /tmp
[2026-06-20T07:54:25.214+0000] {subprocess.py:75} INFO - Running command: ['/usr/bin/bash', '-c', 'cd /opt/***/scripts && python3 bronze_processing.py --snapshotdate "2024-04-01" --source attributes']
[2026-06-20T07:54:25.220+0000] {subprocess.py:86} INFO - Output:
[2026-06-20T07:54:27.566+0000] {subprocess.py:93} INFO - Setting default log level to "WARN".
[2026-06-20T07:54:27.576+0000] {subprocess.py:93} INFO - To adjust logging level use sc.setLogLevel(newLevel). For SparkR, use setLogLevel(newLevel).
[2026-06-20T07:54:27.772+0000] {subprocess.py:93} INFO - 26/06/20 07:54:27 WARN NativeCodeLoader: Unable to load native-hadoop library for your platform... using builtin-java classes where applicable
[2026-06-20T07:54:37.689+0000] {subprocess.py:93} INFO - [Stage 1:>                                                          (0 + 1) / 1]
[2026-06-20T07:54:37.700+0000] {subprocess.py:93} INFO - --- bronze attributes 2024-04-01 ---
[2026-06-20T07:54:37.704+0000] {subprocess.py:93} INFO - 
[2026-06-20T07:54:37.706+0000] {subprocess.py:93} INFO - [bronze:attributes] 2024-04-01 row count: 513
[2026-06-20T07:54:37.708+0000] {subprocess.py:93} INFO - [bronze:attributes] saved to: datamart/bronze/attributes/bronze_attributes_2024_04_01.csv
[2026-06-20T07:54:37.710+0000] {subprocess.py:93} INFO - 
[2026-06-20T07:54:37.712+0000] {subprocess.py:93} INFO - --- done ---
[2026-06-20T07:54:37.714+0000] {subprocess.py:93} INFO - 
[2026-06-20T07:54:38.371+0000] {subprocess.py:97} INFO - Command exited with return code 0
[2026-06-20T07:54:38.376+0000] {taskinstance.py:441} INFO - ::group::Post task execution logs
[2026-06-20T07:54:38.462+0000] {taskinstance.py:1206} INFO - Marking task as SUCCESS. dag_id=credit_default_ml_pipeline, task_id=feature_pipeline.feature_bronze_attributes, run_id=scheduled__2024-04-01T00:00:00+00:00, execution_date=20240401T000000, start_date=20260620T075424, end_date=20260620T075438
[2026-06-20T07:54:38.538+0000] {local_task_job_runner.py:243} INFO - Task exited with return code 0
[2026-06-20T07:54:38.618+0000] {taskinstance.py:3503} INFO - 1 downstream tasks scheduled from follow-on schedule check
[2026-06-20T07:54:38.625+0000] {local_task_job_runner.py:222} INFO - ::endgroup::
[2026-06-20T15:51:56.205+0000] {local_task_job_runner.py:120} INFO - ::group::Pre task execution logs
[2026-06-20T15:51:56.220+0000] {taskinstance.py:2076} INFO - Dependencies all met for dep_context=non-requeueable deps ti=<TaskInstance: credit_default_ml_pipeline.feature_pipeline.feature_bronze_attributes scheduled__2024-04-01T00:00:00+00:00 [queued]>
[2026-06-20T15:51:56.225+0000] {taskinstance.py:2076} INFO - Dependencies all met for dep_context=requeueable deps ti=<TaskInstance: credit_default_ml_pipeline.feature_pipeline.feature_bronze_attributes scheduled__2024-04-01T00:00:00+00:00 [queued]>
[2026-06-20T15:51:56.226+0000] {taskinstance.py:2306} INFO - Starting attempt 1 of 2
[2026-06-20T15:51:56.236+0000] {taskinstance.py:2330} INFO - Executing <Task(BashOperator): feature_pipeline.feature_bronze_attributes> on 2024-04-01 00:00:00+00:00
[2026-06-20T15:51:56.240+0000] {logging_mixin.py:188} WARNING - /home/***/.local/lib/python3.12/site-packages/***/task/task_runner/standard_task_runner.py:62 DeprecationWarning: This process (pid=29565) is multi-threaded, use of fork() may lead to deadlocks in the child.
[2026-06-20T15:51:56.242+0000] {standard_task_runner.py:64} INFO - Started process 29575 to run task
[2026-06-20T15:51:56.241+0000] {standard_task_runner.py:90} INFO - Running: ['***', 'tasks', 'run', 'credit_default_ml_pipeline', 'feature_pipeline.feature_bronze_attributes', 'scheduled__2024-04-01T00:00:00+00:00', '--job-id', '2693', '--raw', '--subdir', 'DAGS_FOLDER/dag.py', '--cfg-path', '/tmp/tmpz_7d65p3']
[2026-06-20T15:51:56.243+0000] {standard_task_runner.py:91} INFO - Job 2693: Subtask feature_pipeline.feature_bronze_attributes
[2026-06-20T15:51:56.369+0000] {task_command.py:426} INFO - Running <TaskInstance: credit_default_ml_pipeline.feature_pipeline.feature_bronze_attributes scheduled__2024-04-01T00:00:00+00:00 [running]> on host 9cf341f51c89
[2026-06-20T15:51:56.412+0000] {taskinstance.py:2648} INFO - Exporting env vars: AIRFLOW_CTX_DAG_OWNER='***' AIRFLOW_CTX_DAG_ID='credit_default_ml_pipeline' AIRFLOW_CTX_TASK_ID='feature_pipeline.feature_bronze_attributes' AIRFLOW_CTX_EXECUTION_DATE='2024-04-01T00:00:00+00:00' AIRFLOW_CTX_TRY_NUMBER='1' AIRFLOW_CTX_DAG_RUN_ID='scheduled__2024-04-01T00:00:00+00:00'
[2026-06-20T15:51:56.415+0000] {taskinstance.py:430} INFO - ::endgroup::
[2026-06-20T15:51:56.421+0000] {subprocess.py:63} INFO - Tmp dir root location: /tmp
[2026-06-20T15:51:56.422+0000] {subprocess.py:75} INFO - Running command: ['/usr/bin/bash', '-c', 'cd /opt/***/scripts && python3 bronze_processing.py --snapshotdate "2024-04-01" --source attributes']
[2026-06-20T15:51:56.427+0000] {subprocess.py:86} INFO - Output:
[2026-06-20T15:51:58.116+0000] {subprocess.py:93} INFO - Setting default log level to "WARN".
[2026-06-20T15:51:58.117+0000] {subprocess.py:93} INFO - To adjust logging level use sc.setLogLevel(newLevel). For SparkR, use setLogLevel(newLevel).
[2026-06-20T15:51:58.300+0000] {subprocess.py:93} INFO - 26/06/20 15:51:58 WARN NativeCodeLoader: Unable to load native-hadoop library for your platform... using builtin-java classes where applicable
[2026-06-20T15:51:58.905+0000] {subprocess.py:93} INFO - 26/06/20 15:51:58 WARN Utils: Service 'SparkUI' could not bind on port 4040. Attempting port 4041.
[2026-06-20T15:51:58.906+0000] {subprocess.py:93} INFO - 26/06/20 15:51:58 WARN Utils: Service 'SparkUI' could not bind on port 4041. Attempting port 4042.
[2026-06-20T15:52:07.730+0000] {subprocess.py:93} INFO - [Stage 1:>                                                          (0 + 1) / 1]
[2026-06-20T15:52:07.741+0000] {subprocess.py:93} INFO - --- bronze attributes 2024-04-01 ---
[2026-06-20T15:52:07.742+0000] {subprocess.py:93} INFO - 
[2026-06-20T15:52:07.743+0000] {subprocess.py:93} INFO - [bronze:attributes] 2024-04-01 row count: 513
[2026-06-20T15:52:07.744+0000] {subprocess.py:93} INFO - [bronze:attributes] saved to: datamart/bronze/attributes/bronze_attributes_2024_04_01.csv
[2026-06-20T15:52:07.745+0000] {subprocess.py:93} INFO - 
[2026-06-20T15:52:07.746+0000] {subprocess.py:93} INFO - --- done ---
[2026-06-20T15:52:07.747+0000] {subprocess.py:93} INFO - 
[2026-06-20T15:52:08.271+0000] {subprocess.py:97} INFO - Command exited with return code 0
[2026-06-20T15:52:08.272+0000] {taskinstance.py:441} INFO - ::group::Post task execution logs
[2026-06-20T15:52:08.306+0000] {taskinstance.py:1206} INFO - Marking task as SUCCESS. dag_id=credit_default_ml_pipeline, task_id=feature_pipeline.feature_bronze_attributes, run_id=scheduled__2024-04-01T00:00:00+00:00, execution_date=20240401T000000, start_date=20260620T155156, end_date=20260620T155208
[2026-06-20T15:52:08.344+0000] {local_task_job_runner.py:243} INFO - Task exited with return code 0
[2026-06-20T15:52:08.371+0000] {taskinstance.py:3503} INFO - 1 downstream tasks scheduled from follow-on schedule check
[2026-06-20T15:52:08.374+0000] {local_task_job_runner.py:222} INFO - ::endgroup::
[2026-06-20T17:46:51.044+0000] {local_task_job_runner.py:120} INFO - ::group::Pre task execution logs
[2026-06-20T17:46:51.059+0000] {taskinstance.py:2076} INFO - Dependencies all met for dep_context=non-requeueable deps ti=<TaskInstance: credit_default_ml_pipeline.feature_pipeline.feature_bronze_attributes scheduled__2024-04-01T00:00:00+00:00 [queued]>
[2026-06-20T17:46:51.066+0000] {taskinstance.py:2076} INFO - Dependencies all met for dep_context=requeueable deps ti=<TaskInstance: credit_default_ml_pipeline.feature_pipeline.feature_bronze_attributes scheduled__2024-04-01T00:00:00+00:00 [queued]>
[2026-06-20T17:46:51.067+0000] {taskinstance.py:2306} INFO - Starting attempt 1 of 2
[2026-06-20T17:46:51.078+0000] {taskinstance.py:2330} INFO - Executing <Task(BashOperator): feature_pipeline.feature_bronze_attributes> on 2024-04-01 00:00:00+00:00
[2026-06-20T17:46:51.082+0000] {logging_mixin.py:188} WARNING - /home/***/.local/lib/python3.12/site-packages/***/task/task_runner/standard_task_runner.py:62 DeprecationWarning: This process (pid=47918) is multi-threaded, use of fork() may lead to deadlocks in the child.
[2026-06-20T17:46:51.083+0000] {standard_task_runner.py:64} INFO - Started process 47926 to run task
[2026-06-20T17:46:51.085+0000] {standard_task_runner.py:90} INFO - Running: ['***', 'tasks', 'run', 'credit_default_ml_pipeline', 'feature_pipeline.feature_bronze_attributes', 'scheduled__2024-04-01T00:00:00+00:00', '--job-id', '3267', '--raw', '--subdir', 'DAGS_FOLDER/dag.py', '--cfg-path', '/tmp/tmp0fcbhk1y']
[2026-06-20T17:46:51.088+0000] {standard_task_runner.py:91} INFO - Job 3267: Subtask feature_pipeline.feature_bronze_attributes
[2026-06-20T17:46:51.220+0000] {task_command.py:426} INFO - Running <TaskInstance: credit_default_ml_pipeline.feature_pipeline.feature_bronze_attributes scheduled__2024-04-01T00:00:00+00:00 [running]> on host 9cf341f51c89
[2026-06-20T17:46:51.252+0000] {taskinstance.py:2648} INFO - Exporting env vars: AIRFLOW_CTX_DAG_OWNER='***' AIRFLOW_CTX_DAG_ID='credit_default_ml_pipeline' AIRFLOW_CTX_TASK_ID='feature_pipeline.feature_bronze_attributes' AIRFLOW_CTX_EXECUTION_DATE='2024-04-01T00:00:00+00:00' AIRFLOW_CTX_TRY_NUMBER='1' AIRFLOW_CTX_DAG_RUN_ID='scheduled__2024-04-01T00:00:00+00:00'
[2026-06-20T17:46:51.254+0000] {taskinstance.py:430} INFO - ::endgroup::
[2026-06-20T17:46:51.259+0000] {subprocess.py:63} INFO - Tmp dir root location: /tmp
[2026-06-20T17:46:51.260+0000] {subprocess.py:75} INFO - Running command: ['/usr/bin/bash', '-c', 'cd /opt/***/scripts && python3 bronze_processing.py --snapshotdate "2024-04-01" --source attributes']
[2026-06-20T17:46:51.265+0000] {subprocess.py:86} INFO - Output:
[2026-06-20T17:46:52.741+0000] {subprocess.py:93} INFO - Setting default log level to "WARN".
[2026-06-20T17:46:52.743+0000] {subprocess.py:93} INFO - To adjust logging level use sc.setLogLevel(newLevel). For SparkR, use setLogLevel(newLevel).
[2026-06-20T17:46:52.886+0000] {subprocess.py:93} INFO - 26/06/20 17:46:52 WARN NativeCodeLoader: Unable to load native-hadoop library for your platform... using builtin-java classes where applicable
[2026-06-20T17:46:53.583+0000] {subprocess.py:93} INFO - 26/06/20 17:46:53 WARN Utils: Service 'SparkUI' could not bind on port 4040. Attempting port 4041.
[2026-06-20T17:47:02.966+0000] {subprocess.py:93} INFO - [Stage 1:>                                                          (0 + 1) / 1]
[2026-06-20T17:47:02.976+0000] {subprocess.py:93} INFO - --- bronze attributes 2024-04-01 ---
[2026-06-20T17:47:02.988+0000] {subprocess.py:93} INFO - 
[2026-06-20T17:47:02.996+0000] {subprocess.py:93} INFO - [bronze:attributes] 2024-04-01 row count: 513
[2026-06-20T17:47:03.004+0000] {subprocess.py:93} INFO - [bronze:attributes] saved to: datamart/bronze/attributes/bronze_attributes_2024_04_01.csv
[2026-06-20T17:47:03.008+0000] {subprocess.py:93} INFO - 
[2026-06-20T17:47:03.011+0000] {subprocess.py:93} INFO - --- done ---
[2026-06-20T17:47:03.015+0000] {subprocess.py:93} INFO - 
[2026-06-20T17:47:03.601+0000] {subprocess.py:97} INFO - Command exited with return code 0
[2026-06-20T17:47:03.603+0000] {taskinstance.py:441} INFO - ::group::Post task execution logs
[2026-06-20T17:47:03.649+0000] {taskinstance.py:1206} INFO - Marking task as SUCCESS. dag_id=credit_default_ml_pipeline, task_id=feature_pipeline.feature_bronze_attributes, run_id=scheduled__2024-04-01T00:00:00+00:00, execution_date=20240401T000000, start_date=20260620T174651, end_date=20260620T174703
[2026-06-20T17:47:03.680+0000] {local_task_job_runner.py:243} INFO - Task exited with return code 0
[2026-06-20T17:47:03.719+0000] {taskinstance.py:3503} INFO - 1 downstream tasks scheduled from follow-on schedule check
[2026-06-20T17:47:03.721+0000] {local_task_job_runner.py:222} INFO - ::endgroup::
[2026-06-21T02:42:57.059+0000] {local_task_job_runner.py:120} INFO - ::group::Pre task execution logs
[2026-06-21T02:42:57.074+0000] {taskinstance.py:2076} INFO - Dependencies all met for dep_context=non-requeueable deps ti=<TaskInstance: credit_default_ml_pipeline.feature_pipeline.feature_bronze_attributes scheduled__2024-04-01T00:00:00+00:00 [queued]>
[2026-06-21T02:42:57.078+0000] {taskinstance.py:2076} INFO - Dependencies all met for dep_context=requeueable deps ti=<TaskInstance: credit_default_ml_pipeline.feature_pipeline.feature_bronze_attributes scheduled__2024-04-01T00:00:00+00:00 [queued]>
[2026-06-21T02:42:57.078+0000] {taskinstance.py:2306} INFO - Starting attempt 1 of 2
[2026-06-21T02:42:57.086+0000] {taskinstance.py:2330} INFO - Executing <Task(BashOperator): feature_pipeline.feature_bronze_attributes> on 2024-04-01 00:00:00+00:00
[2026-06-21T02:42:57.090+0000] {logging_mixin.py:188} WARNING - /home/***/.local/lib/python3.12/site-packages/***/task/task_runner/standard_task_runner.py:62 DeprecationWarning: This process (pid=47359) is multi-threaded, use of fork() may lead to deadlocks in the child.
[2026-06-21T02:42:57.092+0000] {standard_task_runner.py:64} INFO - Started process 47369 to run task
[2026-06-21T02:42:57.091+0000] {standard_task_runner.py:90} INFO - Running: ['***', 'tasks', 'run', 'credit_default_ml_pipeline', 'feature_pipeline.feature_bronze_attributes', 'scheduled__2024-04-01T00:00:00+00:00', '--job-id', '3734', '--raw', '--subdir', 'DAGS_FOLDER/dag.py', '--cfg-path', '/tmp/tmp03o332rf']
[2026-06-21T02:42:57.093+0000] {standard_task_runner.py:91} INFO - Job 3734: Subtask feature_pipeline.feature_bronze_attributes
[2026-06-21T02:42:57.122+0000] {task_command.py:426} INFO - Running <TaskInstance: credit_default_ml_pipeline.feature_pipeline.feature_bronze_attributes scheduled__2024-04-01T00:00:00+00:00 [running]> on host f6e9e2801916
[2026-06-21T02:42:57.272+0000] {taskinstance.py:2648} INFO - Exporting env vars: AIRFLOW_CTX_DAG_OWNER='***' AIRFLOW_CTX_DAG_ID='credit_default_ml_pipeline' AIRFLOW_CTX_TASK_ID='feature_pipeline.feature_bronze_attributes' AIRFLOW_CTX_EXECUTION_DATE='2024-04-01T00:00:00+00:00' AIRFLOW_CTX_TRY_NUMBER='1' AIRFLOW_CTX_DAG_RUN_ID='scheduled__2024-04-01T00:00:00+00:00'
[2026-06-21T02:42:57.273+0000] {taskinstance.py:430} INFO - ::endgroup::
[2026-06-21T02:42:57.278+0000] {subprocess.py:63} INFO - Tmp dir root location: /tmp
[2026-06-21T02:42:57.279+0000] {subprocess.py:75} INFO - Running command: ['/usr/bin/bash', '-c', 'cd /opt/***/scripts && python3 bronze_processing.py --snapshotdate "2024-04-01" --source attributes']
[2026-06-21T02:42:57.285+0000] {subprocess.py:86} INFO - Output:
[2026-06-21T02:42:58.830+0000] {subprocess.py:93} INFO - Setting default log level to "WARN".
[2026-06-21T02:42:58.831+0000] {subprocess.py:93} INFO - To adjust logging level use sc.setLogLevel(newLevel). For SparkR, use setLogLevel(newLevel).
[2026-06-21T02:42:59.019+0000] {subprocess.py:93} INFO - 26/06/21 02:42:59 WARN NativeCodeLoader: Unable to load native-hadoop library for your platform... using builtin-java classes where applicable
[2026-06-21T02:42:59.587+0000] {subprocess.py:93} INFO - 26/06/21 02:42:59 WARN Utils: Service 'SparkUI' could not bind on port 4040. Attempting port 4041.
[2026-06-21T02:42:59.589+0000] {subprocess.py:93} INFO - 26/06/21 02:42:59 WARN Utils: Service 'SparkUI' could not bind on port 4041. Attempting port 4042.
[2026-06-21T02:42:59.590+0000] {subprocess.py:93} INFO - 26/06/21 02:42:59 WARN Utils: Service 'SparkUI' could not bind on port 4042. Attempting port 4043.
[2026-06-21T02:43:06.358+0000] {subprocess.py:93} INFO - [Stage 1:>                                                          (0 + 1) / 1]
[2026-06-21T02:43:06.360+0000] {subprocess.py:93} INFO - --- bronze attributes 2024-04-01 ---
[2026-06-21T02:43:06.361+0000] {subprocess.py:93} INFO - 
[2026-06-21T02:43:06.362+0000] {subprocess.py:93} INFO - [bronze:attributes] 2024-04-01 row count: 513
[2026-06-21T02:43:06.362+0000] {subprocess.py:93} INFO - [bronze:attributes] saved to: datamart/bronze/attributes/bronze_attributes_2024_04_01.csv
[2026-06-21T02:43:06.363+0000] {subprocess.py:93} INFO - 
[2026-06-21T02:43:06.363+0000] {subprocess.py:93} INFO - --- done ---
[2026-06-21T02:43:06.363+0000] {subprocess.py:93} INFO - 
[2026-06-21T02:43:06.840+0000] {subprocess.py:97} INFO - Command exited with return code 0
[2026-06-21T02:43:06.841+0000] {taskinstance.py:441} INFO - ::group::Post task execution logs
[2026-06-21T02:43:06.873+0000] {taskinstance.py:1206} INFO - Marking task as SUCCESS. dag_id=credit_default_ml_pipeline, task_id=feature_pipeline.feature_bronze_attributes, run_id=scheduled__2024-04-01T00:00:00+00:00, execution_date=20240401T000000, start_date=20260621T024257, end_date=20260621T024306
[2026-06-21T02:43:06.918+0000] {local_task_job_runner.py:243} INFO - Task exited with return code 0
[2026-06-21T02:43:06.936+0000] {local_task_job_runner.py:222} INFO - ::endgroup::
[2026-06-21T06:08:16.403+0000] {local_task_job_runner.py:120} INFO - ::group::Pre task execution logs
[2026-06-21T06:08:16.435+0000] {taskinstance.py:2076} INFO - Dependencies all met for dep_context=non-requeueable deps ti=<TaskInstance: credit_default_ml_pipeline.feature_pipeline.feature_bronze_attributes scheduled__2024-04-01T00:00:00+00:00 [queued]>
[2026-06-21T06:08:16.444+0000] {taskinstance.py:2076} INFO - Dependencies all met for dep_context=requeueable deps ti=<TaskInstance: credit_default_ml_pipeline.feature_pipeline.feature_bronze_attributes scheduled__2024-04-01T00:00:00+00:00 [queued]>
[2026-06-21T06:08:16.444+0000] {taskinstance.py:2306} INFO - Starting attempt 1 of 2
[2026-06-21T06:08:16.632+0000] {taskinstance.py:2330} INFO - Executing <Task(BashOperator): feature_pipeline.feature_bronze_attributes> on 2024-04-01 00:00:00+00:00
[2026-06-21T06:08:16.641+0000] {logging_mixin.py:188} WARNING - /home/***/.local/lib/python3.12/site-packages/***/task/task_runner/standard_task_runner.py:62 DeprecationWarning: This process (pid=48596) is multi-threaded, use of fork() may lead to deadlocks in the child.
[2026-06-21T06:08:16.643+0000] {standard_task_runner.py:64} INFO - Started process 48605 to run task
[2026-06-21T06:08:16.641+0000] {standard_task_runner.py:90} INFO - Running: ['***', 'tasks', 'run', 'credit_default_ml_pipeline', 'feature_pipeline.feature_bronze_attributes', 'scheduled__2024-04-01T00:00:00+00:00', '--job-id', '4196', '--raw', '--subdir', 'DAGS_FOLDER/dag.py', '--cfg-path', '/tmp/tmpcq56swfs']
[2026-06-21T06:08:16.646+0000] {standard_task_runner.py:91} INFO - Job 4196: Subtask feature_pipeline.feature_bronze_attributes
[2026-06-21T06:08:16.701+0000] {task_command.py:426} INFO - Running <TaskInstance: credit_default_ml_pipeline.feature_pipeline.feature_bronze_attributes scheduled__2024-04-01T00:00:00+00:00 [running]> on host 9377a3f0491f
[2026-06-21T06:08:16.781+0000] {taskinstance.py:2648} INFO - Exporting env vars: AIRFLOW_CTX_DAG_OWNER='***' AIRFLOW_CTX_DAG_ID='credit_default_ml_pipeline' AIRFLOW_CTX_TASK_ID='feature_pipeline.feature_bronze_attributes' AIRFLOW_CTX_EXECUTION_DATE='2024-04-01T00:00:00+00:00' AIRFLOW_CTX_TRY_NUMBER='1' AIRFLOW_CTX_DAG_RUN_ID='scheduled__2024-04-01T00:00:00+00:00'
[2026-06-21T06:08:16.783+0000] {taskinstance.py:430} INFO - ::endgroup::
[2026-06-21T06:08:16.800+0000] {subprocess.py:63} INFO - Tmp dir root location: /tmp
[2026-06-21T06:08:16.802+0000] {subprocess.py:75} INFO - Running command: ['/usr/bin/bash', '-c', 'cd /opt/***/scripts && python3 bronze_processing.py --snapshotdate "2024-04-01" --source attributes']
[2026-06-21T06:08:16.812+0000] {subprocess.py:86} INFO - Output:
[2026-06-21T06:08:20.155+0000] {subprocess.py:93} INFO - Setting default log level to "WARN".
[2026-06-21T06:08:20.158+0000] {subprocess.py:93} INFO - To adjust logging level use sc.setLogLevel(newLevel). For SparkR, use setLogLevel(newLevel).
[2026-06-21T06:08:20.437+0000] {subprocess.py:93} INFO - 26/06/21 06:08:20 WARN NativeCodeLoader: Unable to load native-hadoop library for your platform... using builtin-java classes where applicable
[2026-06-21T06:08:21.586+0000] {subprocess.py:93} INFO - 26/06/21 06:08:21 WARN Utils: Service 'SparkUI' could not bind on port 4040. Attempting port 4041.
[2026-06-21T06:08:33.229+0000] {subprocess.py:93} INFO - [Stage 0:>                                                          (0 + 1) / 1]                                                                                [Stage 1:>                                                          (0 + 1) / 1]                                                                                [Stage 2:>                                                          (0 + 1) / 1]
[2026-06-21T06:08:33.249+0000] {subprocess.py:93} INFO - --- bronze attributes 2024-04-01 ---
[2026-06-21T06:08:33.256+0000] {subprocess.py:93} INFO - 
[2026-06-21T06:08:33.259+0000] {subprocess.py:93} INFO - [bronze:attributes] 2024-04-01 row count: 513
[2026-06-21T06:08:33.264+0000] {subprocess.py:93} INFO - [bronze:attributes] saved to: datamart/bronze/attributes/bronze_attributes_2024_04_01.csv
[2026-06-21T06:08:33.270+0000] {subprocess.py:93} INFO - 
[2026-06-21T06:08:33.273+0000] {subprocess.py:93} INFO - --- done ---
[2026-06-21T06:08:33.281+0000] {subprocess.py:93} INFO - 
[2026-06-21T06:08:34.024+0000] {subprocess.py:97} INFO - Command exited with return code 0
[2026-06-21T06:08:34.027+0000] {taskinstance.py:441} INFO - ::group::Post task execution logs
[2026-06-21T06:08:34.074+0000] {taskinstance.py:1206} INFO - Marking task as SUCCESS. dag_id=credit_default_ml_pipeline, task_id=feature_pipeline.feature_bronze_attributes, run_id=scheduled__2024-04-01T00:00:00+00:00, execution_date=20240401T000000, start_date=20260621T060816, end_date=20260621T060834
[2026-06-21T06:08:34.101+0000] {local_task_job_runner.py:243} INFO - Task exited with return code 0
[2026-06-21T06:08:34.169+0000] {taskinstance.py:3503} INFO - 1 downstream tasks scheduled from follow-on schedule check
[2026-06-21T06:08:34.172+0000] {local_task_job_runner.py:222} INFO - ::endgroup::
