[2026-06-17T16:51:36.118+0000] {local_task_job_runner.py:120} INFO - ::group::Pre task execution logs
[2026-06-17T16:51:36.144+0000] {taskinstance.py:2076} INFO - Dependencies all met for dep_context=non-requeueable deps ti=<TaskInstance: credit_default_ml_pipeline.monitoring.champion_monitor manual__2024-09-01T00:00:00+00:00 [queued]>
[2026-06-17T16:51:36.151+0000] {taskinstance.py:2076} INFO - Dependencies all met for dep_context=requeueable deps ti=<TaskInstance: credit_default_ml_pipeline.monitoring.champion_monitor manual__2024-09-01T00:00:00+00:00 [queued]>
[2026-06-17T16:51:36.152+0000] {taskinstance.py:2306} INFO - Starting attempt 1 of 2
[2026-06-17T16:51:36.159+0000] {taskinstance.py:2330} INFO - Executing <Task(BashOperator): monitoring.champion_monitor> on 2024-09-01 00:00:00+00:00
[2026-06-17T16:51:36.167+0000] {standard_task_runner.py:90} INFO - Running: ['***', 'tasks', 'run', 'credit_default_ml_pipeline', 'monitoring.champion_monitor', 'manual__2024-09-01T00:00:00+00:00', '--job-id', '835', '--raw', '--subdir', 'DAGS_FOLDER/dag.py', '--cfg-path', '/tmp/tmpq_3nzs48']
[2026-06-17T16:51:36.169+0000] {standard_task_runner.py:91} INFO - Job 835: Subtask monitoring.champion_monitor
[2026-06-17T16:51:36.172+0000] {logging_mixin.py:188} WARNING - /home/***/.local/lib/python3.12/site-packages/***/task/task_runner/standard_task_runner.py:62 DeprecationWarning: This process (pid=6786) is multi-threaded, use of fork() may lead to deadlocks in the child.
[2026-06-17T16:51:36.174+0000] {standard_task_runner.py:64} INFO - Started process 6804 to run task
[2026-06-17T16:51:36.200+0000] {task_command.py:426} INFO - Running <TaskInstance: credit_default_ml_pipeline.monitoring.champion_monitor manual__2024-09-01T00:00:00+00:00 [running]> on host bfbc24b887a5
[2026-06-17T16:51:36.357+0000] {taskinstance.py:2648} INFO - Exporting env vars: AIRFLOW_CTX_DAG_OWNER='***' AIRFLOW_CTX_DAG_ID='credit_default_ml_pipeline' AIRFLOW_CTX_TASK_ID='monitoring.champion_monitor' AIRFLOW_CTX_EXECUTION_DATE='2024-09-01T00:00:00+00:00' AIRFLOW_CTX_TRY_NUMBER='1' AIRFLOW_CTX_DAG_RUN_ID='manual__2024-09-01T00:00:00+00:00'
[2026-06-17T16:51:36.358+0000] {taskinstance.py:430} INFO - ::endgroup::
[2026-06-17T16:51:36.362+0000] {subprocess.py:63} INFO - Tmp dir root location: /tmp
[2026-06-17T16:51:36.363+0000] {subprocess.py:75} INFO - Running command: ['/usr/bin/bash', '-c', 'cd /opt/***/scripts && python3 model_monitor.py --snapshotdate "2024-09-01" --modelname "credit_xgb_2024_09_01.pkl"']
[2026-06-17T16:51:36.370+0000] {subprocess.py:86} INFO - Output:
[2026-06-17T16:51:38.013+0000] {subprocess.py:93} INFO - 
[2026-06-17T16:51:38.014+0000] {subprocess.py:93} INFO - --- monitoring credit_xgb_2024_09_01.pkl ---
[2026-06-17T16:51:38.016+0000] {subprocess.py:93} INFO - 
[2026-06-17T16:51:38.017+0000] {subprocess.py:93} INFO - OOT1 baseline AUC for credit_xgb_2024_09_01: 0.9217054712537163
[2026-06-17T16:51:38.017+0000] {subprocess.py:93} INFO - [csi] scoping to top 15 features: ['Outstanding_Debt', 'Credit_Mix_bad', 'Interest_Rate', 'fe_5', 'Credit_Mix_good', 'Delay_from_due_date', 'fe_10', 'Changed_Credit_Limit', 'fe_9', 'Occupation_musician', 'Num_Credit_Inquiries', 'payment_behaviour_spent_high', 'fe_8', 'fe_3', 'fe_4']
[2026-06-17T16:51:38.018+0000] {subprocess.py:93} INFO - 
[2026-06-17T16:51:38.019+0000] {subprocess.py:93} INFO - snapshot_date  n_scored  mean_score    psi  auc  gini  auc_drop_from_oot1  csi_max  csi_max_feature  csi_Outstanding_Debt  csi_Credit_Mix_bad  csi_Interest_Rate  csi_fe_5  csi_Credit_Mix_good  csi_Delay_from_due_date  csi_fe_10  csi_Changed_Credit_Limit  csi_fe_9  csi_Occupation_musician  csi_Num_Credit_Inquiries  csi_payment_behaviour_spent_high  csi_fe_8  csi_fe_3  csi_fe_4
[2026-06-17T16:51:38.019+0000] {subprocess.py:93} INFO -    2024-09-01       493      0.2256 0.0000  NaN   NaN                 NaN   0.0000 Outstanding_Debt                0.0000              0.0000             0.0000       0.0               0.0000                   0.0000        0.0                    0.0000       0.0                      0.0                    0.0000                            0.0000       0.0       0.0       0.0
[2026-06-17T16:51:38.021+0000] {subprocess.py:93} INFO -    2024-10-01       456      0.1795 0.3569  NaN   NaN                 NaN   0.0556 Outstanding_Debt                0.0556              0.0069             0.0554       0.0               0.0007                   0.0492        0.0                    0.0319       0.0                      0.0                    0.0416                            0.0010       0.0       0.0       0.0
[2026-06-17T16:51:38.022+0000] {subprocess.py:93} INFO -    2024-11-01       488      0.2031 0.5103  NaN   NaN                 NaN   0.0748    Interest_Rate                0.0544              0.0010             0.0748       0.0               0.0065                   0.0202        0.0                    0.0294       0.0                      0.0                    0.0304                            0.0043       0.0       0.0       0.0
[2026-06-17T16:51:38.022+0000] {subprocess.py:93} INFO -    2024-12-01       515      0.1863 0.0427  NaN   NaN                 NaN   0.1102    Interest_Rate                0.0528              0.0200             0.1102       0.0               0.0004                   0.0650        0.0                    0.0468       0.0                      0.0                    0.0298                            0.0006       0.0       0.0       0.0
[2026-06-17T16:51:38.024+0000] {subprocess.py:93} INFO - saved monitoring table: datamart/gold/model_monitoring/credit_xgb_2024_09_01/credit_xgb_2024_09_01_monitoring.parquet
[2026-06-17T16:51:38.025+0000] {subprocess.py:93} INFO - saved plots: datamart/gold/monitoring_plots/credit_xgb_2024_09_01/psi_stability.png, datamart/gold/monitoring_plots/credit_xgb_2024_09_01/csi_stability.png, datamart/gold/monitoring_plots/credit_xgb_2024_09_01/csi_breakdown_all_features.png, datamart/gold/monitoring_plots/credit_xgb_2024_09_01/auc_gini_performance.png
[2026-06-17T16:51:38.026+0000] {subprocess.py:93} INFO - 
[2026-06-17T16:51:38.026+0000] {subprocess.py:93} INFO - --- done ---
[2026-06-17T16:51:38.027+0000] {subprocess.py:93} INFO - 
[2026-06-17T16:51:38.187+0000] {subprocess.py:97} INFO - Command exited with return code 0
[2026-06-17T16:51:38.188+0000] {taskinstance.py:441} INFO - ::group::Post task execution logs
[2026-06-17T16:51:38.202+0000] {taskinstance.py:1206} INFO - Marking task as SUCCESS. dag_id=credit_default_ml_pipeline, task_id=monitoring.champion_monitor, run_id=manual__2024-09-01T00:00:00+00:00, execution_date=20240901T000000, start_date=20260617T165136, end_date=20260617T165138
[2026-06-17T16:51:38.215+0000] {local_task_job_runner.py:243} INFO - Task exited with return code 0
[2026-06-17T16:51:38.226+0000] {taskinstance.py:3503} INFO - 0 downstream tasks scheduled from follow-on schedule check
[2026-06-17T16:51:38.227+0000] {local_task_job_runner.py:222} INFO - ::endgroup::
