[2026-06-20T05:36:59.437+0000] {local_task_job_runner.py:120} INFO - ::group::Pre task execution logs
[2026-06-20T05:36:59.448+0000] {taskinstance.py:2076} INFO - Dependencies all met for dep_context=non-requeueable deps ti=<TaskInstance: credit_default_ml_pipeline.monitoring.check_drift_alert scheduled__2023-01-01T00:00:00+00:00 [queued]>
[2026-06-20T05:36:59.452+0000] {taskinstance.py:2076} INFO - Dependencies all met for dep_context=requeueable deps ti=<TaskInstance: credit_default_ml_pipeline.monitoring.check_drift_alert scheduled__2023-01-01T00:00:00+00:00 [queued]>
[2026-06-20T05:36:59.452+0000] {taskinstance.py:2306} INFO - Starting attempt 1 of 2
[2026-06-20T05:36:59.457+0000] {taskinstance.py:2330} INFO - Executing <Task(ShortCircuitOperator): monitoring.check_drift_alert> on 2023-01-01 00:00:00+00:00
[2026-06-20T05:36:59.460+0000] {logging_mixin.py:188} WARNING - /home/***/.local/lib/python3.12/site-packages/***/task/task_runner/standard_task_runner.py:62 DeprecationWarning: This process (pid=13781) is multi-threaded, use of fork() may lead to deadlocks in the child.
[2026-06-20T05:36:59.461+0000] {standard_task_runner.py:64} INFO - Started process 13783 to run task
[2026-06-20T05:36:59.462+0000] {standard_task_runner.py:90} INFO - Running: ['***', 'tasks', 'run', 'credit_default_ml_pipeline', 'monitoring.check_drift_alert', 'scheduled__2023-01-01T00:00:00+00:00', '--job-id', '1459', '--raw', '--subdir', 'DAGS_FOLDER/dag.py', '--cfg-path', '/tmp/tmp518c4ep9']
[2026-06-20T05:36:59.463+0000] {standard_task_runner.py:91} INFO - Job 1459: Subtask monitoring.check_drift_alert
[2026-06-20T05:36:59.549+0000] {task_command.py:426} INFO - Running <TaskInstance: credit_default_ml_pipeline.monitoring.check_drift_alert scheduled__2023-01-01T00:00:00+00:00 [running]> on host 9cf341f51c89
[2026-06-20T05:36:59.569+0000] {taskinstance.py:2648} INFO - Exporting env vars: AIRFLOW_CTX_DAG_OWNER='***' AIRFLOW_CTX_DAG_ID='credit_default_ml_pipeline' AIRFLOW_CTX_TASK_ID='monitoring.check_drift_alert' AIRFLOW_CTX_EXECUTION_DATE='2023-01-01T00:00:00+00:00' AIRFLOW_CTX_TRY_NUMBER='1' AIRFLOW_CTX_DAG_RUN_ID='scheduled__2023-01-01T00:00:00+00:00'
[2026-06-20T05:36:59.570+0000] {taskinstance.py:430} INFO - ::endgroup::
[2026-06-20T05:36:59.574+0000] {baseoperator.py:400} WARNING - ShortCircuitOperator.execute cannot be called outside TaskInstance!
[2026-06-20T05:36:59.575+0000] {python.py:237} INFO - Done. Returned value was: False
[2026-06-20T05:36:59.575+0000] {python.py:304} INFO - Condition result is False
[2026-06-20T05:36:59.576+0000] {python.py:331} INFO - Skipping downstream tasks
[2026-06-20T05:36:59.583+0000] {python.py:339} INFO - Done.
[2026-06-20T05:36:59.583+0000] {taskinstance.py:441} INFO - ::group::Post task execution logs
[2026-06-20T05:36:59.589+0000] {taskinstance.py:1206} INFO - Marking task as SUCCESS. dag_id=credit_default_ml_pipeline, task_id=monitoring.check_drift_alert, run_id=scheduled__2023-01-01T00:00:00+00:00, execution_date=20230101T000000, start_date=20260620T053659, end_date=20260620T053659
[2026-06-20T05:36:59.600+0000] {local_task_job_runner.py:243} INFO - Task exited with return code 0
[2026-06-20T05:36:59.666+0000] {taskinstance.py:3503} INFO - 0 downstream tasks scheduled from follow-on schedule check
[2026-06-20T05:36:59.667+0000] {local_task_job_runner.py:222} INFO - ::endgroup::
[2026-06-20T06:43:13.757+0000] {local_task_job_runner.py:120} INFO - ::group::Pre task execution logs
[2026-06-20T06:43:13.776+0000] {taskinstance.py:2076} INFO - Dependencies all met for dep_context=non-requeueable deps ti=<TaskInstance: credit_default_ml_pipeline.monitoring.check_drift_alert scheduled__2023-01-01T00:00:00+00:00 [queued]>
[2026-06-20T06:43:13.782+0000] {taskinstance.py:2076} INFO - Dependencies all met for dep_context=requeueable deps ti=<TaskInstance: credit_default_ml_pipeline.monitoring.check_drift_alert scheduled__2023-01-01T00:00:00+00:00 [queued]>
[2026-06-20T06:43:13.783+0000] {taskinstance.py:2306} INFO - Starting attempt 1 of 2
[2026-06-20T06:43:13.791+0000] {taskinstance.py:2330} INFO - Executing <Task(ShortCircuitOperator): monitoring.check_drift_alert> on 2023-01-01 00:00:00+00:00
[2026-06-20T06:43:13.795+0000] {logging_mixin.py:188} WARNING - /home/***/.local/lib/python3.12/site-packages/***/task/task_runner/standard_task_runner.py:62 DeprecationWarning: This process (pid=66454) is multi-threaded, use of fork() may lead to deadlocks in the child.
[2026-06-20T06:43:13.796+0000] {standard_task_runner.py:90} INFO - Running: ['***', 'tasks', 'run', 'credit_default_ml_pipeline', 'monitoring.check_drift_alert', 'scheduled__2023-01-01T00:00:00+00:00', '--job-id', '1771', '--raw', '--subdir', 'DAGS_FOLDER/dag.py', '--cfg-path', '/tmp/tmpc1ycqwys']
[2026-06-20T06:43:13.797+0000] {standard_task_runner.py:64} INFO - Started process 66456 to run task
[2026-06-20T06:43:13.798+0000] {standard_task_runner.py:91} INFO - Job 1771: Subtask monitoring.check_drift_alert
[2026-06-20T06:43:13.925+0000] {task_command.py:426} INFO - Running <TaskInstance: credit_default_ml_pipeline.monitoring.check_drift_alert scheduled__2023-01-01T00:00:00+00:00 [running]> on host 9cf341f51c89
[2026-06-20T06:43:13.962+0000] {taskinstance.py:2648} INFO - Exporting env vars: AIRFLOW_CTX_DAG_OWNER='***' AIRFLOW_CTX_DAG_ID='credit_default_ml_pipeline' AIRFLOW_CTX_TASK_ID='monitoring.check_drift_alert' AIRFLOW_CTX_EXECUTION_DATE='2023-01-01T00:00:00+00:00' AIRFLOW_CTX_TRY_NUMBER='1' AIRFLOW_CTX_DAG_RUN_ID='scheduled__2023-01-01T00:00:00+00:00'
[2026-06-20T06:43:13.964+0000] {taskinstance.py:430} INFO - ::endgroup::
[2026-06-20T06:43:13.970+0000] {baseoperator.py:400} WARNING - ShortCircuitOperator.execute cannot be called outside TaskInstance!
[2026-06-20T06:43:13.971+0000] {python.py:237} INFO - Done. Returned value was: False
[2026-06-20T06:43:13.972+0000] {python.py:304} INFO - Condition result is False
[2026-06-20T06:43:13.973+0000] {python.py:331} INFO - Skipping downstream tasks
[2026-06-20T06:43:13.985+0000] {python.py:339} INFO - Done.
[2026-06-20T06:43:13.985+0000] {taskinstance.py:441} INFO - ::group::Post task execution logs
[2026-06-20T06:43:13.995+0000] {taskinstance.py:1206} INFO - Marking task as SUCCESS. dag_id=credit_default_ml_pipeline, task_id=monitoring.check_drift_alert, run_id=scheduled__2023-01-01T00:00:00+00:00, execution_date=20230101T000000, start_date=20260620T064313, end_date=20260620T064313
[2026-06-20T06:43:14.018+0000] {local_task_job_runner.py:243} INFO - Task exited with return code 0
[2026-06-20T06:43:14.120+0000] {taskinstance.py:3503} INFO - 0 downstream tasks scheduled from follow-on schedule check
[2026-06-20T06:43:14.122+0000] {local_task_job_runner.py:222} INFO - ::endgroup::
[2026-06-20T07:12:51.374+0000] {local_task_job_runner.py:120} INFO - ::group::Pre task execution logs
[2026-06-20T07:12:51.386+0000] {taskinstance.py:2076} INFO - Dependencies all met for dep_context=non-requeueable deps ti=<TaskInstance: credit_default_ml_pipeline.monitoring.check_drift_alert scheduled__2023-01-01T00:00:00+00:00 [queued]>
[2026-06-20T07:12:51.389+0000] {taskinstance.py:2076} INFO - Dependencies all met for dep_context=requeueable deps ti=<TaskInstance: credit_default_ml_pipeline.monitoring.check_drift_alert scheduled__2023-01-01T00:00:00+00:00 [queued]>
[2026-06-20T07:12:51.390+0000] {taskinstance.py:2306} INFO - Starting attempt 1 of 2
[2026-06-20T07:12:51.394+0000] {taskinstance.py:2330} INFO - Executing <Task(ShortCircuitOperator): monitoring.check_drift_alert> on 2023-01-01 00:00:00+00:00
[2026-06-20T07:12:51.398+0000] {logging_mixin.py:188} WARNING - /home/***/.local/lib/python3.12/site-packages/***/task/task_runner/standard_task_runner.py:62 DeprecationWarning: This process (pid=97736) is multi-threaded, use of fork() may lead to deadlocks in the child.
[2026-06-20T07:12:51.398+0000] {standard_task_runner.py:90} INFO - Running: ['***', 'tasks', 'run', 'credit_default_ml_pipeline', 'monitoring.check_drift_alert', 'scheduled__2023-01-01T00:00:00+00:00', '--job-id', '1952', '--raw', '--subdir', 'DAGS_FOLDER/dag.py', '--cfg-path', '/tmp/tmp0yh9tjqf']
[2026-06-20T07:12:51.399+0000] {standard_task_runner.py:64} INFO - Started process 97740 to run task
[2026-06-20T07:12:51.400+0000] {standard_task_runner.py:91} INFO - Job 1952: Subtask monitoring.check_drift_alert
[2026-06-20T07:12:51.486+0000] {task_command.py:426} INFO - Running <TaskInstance: credit_default_ml_pipeline.monitoring.check_drift_alert scheduled__2023-01-01T00:00:00+00:00 [running]> on host 9cf341f51c89
[2026-06-20T07:12:51.507+0000] {taskinstance.py:2648} INFO - Exporting env vars: AIRFLOW_CTX_DAG_OWNER='***' AIRFLOW_CTX_DAG_ID='credit_default_ml_pipeline' AIRFLOW_CTX_TASK_ID='monitoring.check_drift_alert' AIRFLOW_CTX_EXECUTION_DATE='2023-01-01T00:00:00+00:00' AIRFLOW_CTX_TRY_NUMBER='1' AIRFLOW_CTX_DAG_RUN_ID='scheduled__2023-01-01T00:00:00+00:00'
[2026-06-20T07:12:51.508+0000] {taskinstance.py:430} INFO - ::endgroup::
[2026-06-20T07:12:51.512+0000] {baseoperator.py:400} WARNING - ShortCircuitOperator.execute cannot be called outside TaskInstance!
[2026-06-20T07:12:51.513+0000] {python.py:237} INFO - Done. Returned value was: False
[2026-06-20T07:12:51.513+0000] {python.py:304} INFO - Condition result is False
[2026-06-20T07:12:51.513+0000] {python.py:331} INFO - Skipping downstream tasks
[2026-06-20T07:12:51.519+0000] {python.py:339} INFO - Done.
[2026-06-20T07:12:51.520+0000] {taskinstance.py:441} INFO - ::group::Post task execution logs
[2026-06-20T07:12:51.525+0000] {taskinstance.py:1206} INFO - Marking task as SUCCESS. dag_id=credit_default_ml_pipeline, task_id=monitoring.check_drift_alert, run_id=scheduled__2023-01-01T00:00:00+00:00, execution_date=20230101T000000, start_date=20260620T071251, end_date=20260620T071251
[2026-06-20T07:12:51.541+0000] {local_task_job_runner.py:243} INFO - Task exited with return code 0
[2026-06-20T07:12:51.614+0000] {taskinstance.py:3503} INFO - 0 downstream tasks scheduled from follow-on schedule check
[2026-06-20T07:12:51.616+0000] {local_task_job_runner.py:222} INFO - ::endgroup::
[2026-06-20T15:14:33.357+0000] {local_task_job_runner.py:120} INFO - ::group::Pre task execution logs
[2026-06-20T15:14:33.369+0000] {taskinstance.py:2076} INFO - Dependencies all met for dep_context=non-requeueable deps ti=<TaskInstance: credit_default_ml_pipeline.monitoring.check_drift_alert scheduled__2023-01-01T00:00:00+00:00 [queued]>
[2026-06-20T15:14:33.372+0000] {taskinstance.py:2076} INFO - Dependencies all met for dep_context=requeueable deps ti=<TaskInstance: credit_default_ml_pipeline.monitoring.check_drift_alert scheduled__2023-01-01T00:00:00+00:00 [queued]>
[2026-06-20T15:14:33.372+0000] {taskinstance.py:2306} INFO - Starting attempt 1 of 2
[2026-06-20T15:14:33.377+0000] {taskinstance.py:2330} INFO - Executing <Task(ShortCircuitOperator): monitoring.check_drift_alert> on 2023-01-01 00:00:00+00:00
[2026-06-20T15:14:33.380+0000] {logging_mixin.py:188} WARNING - /home/***/.local/lib/python3.12/site-packages/***/task/task_runner/standard_task_runner.py:62 DeprecationWarning: This process (pid=85055) is multi-threaded, use of fork() may lead to deadlocks in the child.
[2026-06-20T15:14:33.381+0000] {standard_task_runner.py:64} INFO - Started process 85057 to run task
[2026-06-20T15:14:33.380+0000] {standard_task_runner.py:90} INFO - Running: ['***', 'tasks', 'run', 'credit_default_ml_pipeline', 'monitoring.check_drift_alert', 'scheduled__2023-01-01T00:00:00+00:00', '--job-id', '2423', '--raw', '--subdir', 'DAGS_FOLDER/dag.py', '--cfg-path', '/tmp/tmpt8lk7tn3']
[2026-06-20T15:14:33.381+0000] {standard_task_runner.py:91} INFO - Job 2423: Subtask monitoring.check_drift_alert
[2026-06-20T15:14:33.470+0000] {task_command.py:426} INFO - Running <TaskInstance: credit_default_ml_pipeline.monitoring.check_drift_alert scheduled__2023-01-01T00:00:00+00:00 [running]> on host 9cf341f51c89
[2026-06-20T15:14:33.492+0000] {taskinstance.py:2648} INFO - Exporting env vars: AIRFLOW_CTX_DAG_OWNER='***' AIRFLOW_CTX_DAG_ID='credit_default_ml_pipeline' AIRFLOW_CTX_TASK_ID='monitoring.check_drift_alert' AIRFLOW_CTX_EXECUTION_DATE='2023-01-01T00:00:00+00:00' AIRFLOW_CTX_TRY_NUMBER='1' AIRFLOW_CTX_DAG_RUN_ID='scheduled__2023-01-01T00:00:00+00:00'
[2026-06-20T15:14:33.493+0000] {taskinstance.py:430} INFO - ::endgroup::
[2026-06-20T15:14:33.497+0000] {baseoperator.py:400} WARNING - ShortCircuitOperator.execute cannot be called outside TaskInstance!
[2026-06-20T15:14:33.498+0000] {python.py:237} INFO - Done. Returned value was: False
[2026-06-20T15:14:33.498+0000] {python.py:304} INFO - Condition result is False
[2026-06-20T15:14:33.498+0000] {python.py:331} INFO - Skipping downstream tasks
[2026-06-20T15:14:33.504+0000] {python.py:339} INFO - Done.
[2026-06-20T15:14:33.505+0000] {taskinstance.py:441} INFO - ::group::Post task execution logs
[2026-06-20T15:14:33.510+0000] {taskinstance.py:1206} INFO - Marking task as SUCCESS. dag_id=credit_default_ml_pipeline, task_id=monitoring.check_drift_alert, run_id=scheduled__2023-01-01T00:00:00+00:00, execution_date=20230101T000000, start_date=20260620T151433, end_date=20260620T151433
[2026-06-20T15:14:33.530+0000] {local_task_job_runner.py:243} INFO - Task exited with return code 0
[2026-06-20T15:14:33.594+0000] {taskinstance.py:3503} INFO - 0 downstream tasks scheduled from follow-on schedule check
[2026-06-20T15:14:33.595+0000] {local_task_job_runner.py:222} INFO - ::endgroup::
[2026-06-20T16:52:38.673+0000] {local_task_job_runner.py:120} INFO - ::group::Pre task execution logs
[2026-06-20T16:52:38.684+0000] {taskinstance.py:2076} INFO - Dependencies all met for dep_context=non-requeueable deps ti=<TaskInstance: credit_default_ml_pipeline.monitoring.check_drift_alert scheduled__2023-01-01T00:00:00+00:00 [queued]>
[2026-06-20T16:52:38.688+0000] {taskinstance.py:2076} INFO - Dependencies all met for dep_context=requeueable deps ti=<TaskInstance: credit_default_ml_pipeline.monitoring.check_drift_alert scheduled__2023-01-01T00:00:00+00:00 [queued]>
[2026-06-20T16:52:38.688+0000] {taskinstance.py:2306} INFO - Starting attempt 1 of 2
[2026-06-20T16:52:38.693+0000] {taskinstance.py:2330} INFO - Executing <Task(ShortCircuitOperator): monitoring.check_drift_alert> on 2023-01-01 00:00:00+00:00
[2026-06-20T16:52:38.696+0000] {logging_mixin.py:188} WARNING - /home/***/.local/lib/python3.12/site-packages/***/task/task_runner/standard_task_runner.py:62 DeprecationWarning: This process (pid=68950) is multi-threaded, use of fork() may lead to deadlocks in the child.
[2026-06-20T16:52:38.697+0000] {standard_task_runner.py:64} INFO - Started process 68952 to run task
[2026-06-20T16:52:38.696+0000] {standard_task_runner.py:90} INFO - Running: ['***', 'tasks', 'run', 'credit_default_ml_pipeline', 'monitoring.check_drift_alert', 'scheduled__2023-01-01T00:00:00+00:00', '--job-id', '2910', '--raw', '--subdir', 'DAGS_FOLDER/dag.py', '--cfg-path', '/tmp/tmp7adcpzor']
[2026-06-20T16:52:38.697+0000] {standard_task_runner.py:91} INFO - Job 2910: Subtask monitoring.check_drift_alert
[2026-06-20T16:52:38.793+0000] {task_command.py:426} INFO - Running <TaskInstance: credit_default_ml_pipeline.monitoring.check_drift_alert scheduled__2023-01-01T00:00:00+00:00 [running]> on host 9cf341f51c89
[2026-06-20T16:52:38.813+0000] {taskinstance.py:2648} INFO - Exporting env vars: AIRFLOW_CTX_DAG_OWNER='***' AIRFLOW_CTX_DAG_ID='credit_default_ml_pipeline' AIRFLOW_CTX_TASK_ID='monitoring.check_drift_alert' AIRFLOW_CTX_EXECUTION_DATE='2023-01-01T00:00:00+00:00' AIRFLOW_CTX_TRY_NUMBER='1' AIRFLOW_CTX_DAG_RUN_ID='scheduled__2023-01-01T00:00:00+00:00'
[2026-06-20T16:52:38.814+0000] {taskinstance.py:430} INFO - ::endgroup::
[2026-06-20T16:52:38.818+0000] {baseoperator.py:400} WARNING - ShortCircuitOperator.execute cannot be called outside TaskInstance!
[2026-06-20T16:52:38.832+0000] {logging_mixin.py:188} INFO - [ALERT] drift breach confirmed — PSI=0.4356 CSI_max=0.0755 — notifying data science team
[2026-06-20T16:52:38.833+0000] {python.py:237} INFO - Done. Returned value was: True
[2026-06-20T16:52:38.833+0000] {python.py:304} INFO - Condition result is True
[2026-06-20T16:52:38.833+0000] {python.py:307} INFO - Proceeding with downstream tasks...
[2026-06-20T16:52:38.834+0000] {taskinstance.py:441} INFO - ::group::Post task execution logs
[2026-06-20T16:52:38.840+0000] {taskinstance.py:1206} INFO - Marking task as SUCCESS. dag_id=credit_default_ml_pipeline, task_id=monitoring.check_drift_alert, run_id=scheduled__2023-01-01T00:00:00+00:00, execution_date=20230101T000000, start_date=20260620T165238, end_date=20260620T165238
[2026-06-20T16:52:38.877+0000] {local_task_job_runner.py:243} INFO - Task exited with return code 0
[2026-06-20T16:52:38.955+0000] {taskinstance.py:3503} INFO - 0 downstream tasks scheduled from follow-on schedule check
[2026-06-20T16:52:38.957+0000] {local_task_job_runner.py:222} INFO - ::endgroup::
[2026-06-20T17:05:07.728+0000] {local_task_job_runner.py:120} INFO - ::group::Pre task execution logs
[2026-06-20T17:05:07.741+0000] {taskinstance.py:2076} INFO - Dependencies all met for dep_context=non-requeueable deps ti=<TaskInstance: credit_default_ml_pipeline.monitoring.check_drift_alert scheduled__2023-01-01T00:00:00+00:00 [queued]>
[2026-06-20T17:05:07.744+0000] {taskinstance.py:2076} INFO - Dependencies all met for dep_context=requeueable deps ti=<TaskInstance: credit_default_ml_pipeline.monitoring.check_drift_alert scheduled__2023-01-01T00:00:00+00:00 [queued]>
[2026-06-20T17:05:07.744+0000] {taskinstance.py:2306} INFO - Starting attempt 1 of 2
[2026-06-20T17:05:07.749+0000] {taskinstance.py:2330} INFO - Executing <Task(ShortCircuitOperator): monitoring.check_drift_alert> on 2023-01-01 00:00:00+00:00
[2026-06-20T17:05:07.753+0000] {logging_mixin.py:188} WARNING - /home/***/.local/lib/python3.12/site-packages/***/task/task_runner/standard_task_runner.py:62 DeprecationWarning: This process (pid=3331) is multi-threaded, use of fork() may lead to deadlocks in the child.
[2026-06-20T17:05:07.753+0000] {standard_task_runner.py:64} INFO - Started process 3333 to run task
[2026-06-20T17:05:07.753+0000] {standard_task_runner.py:90} INFO - Running: ['***', 'tasks', 'run', 'credit_default_ml_pipeline', 'monitoring.check_drift_alert', 'scheduled__2023-01-01T00:00:00+00:00', '--job-id', '3000', '--raw', '--subdir', 'DAGS_FOLDER/dag.py', '--cfg-path', '/tmp/tmprfdwch85']
[2026-06-20T17:05:07.754+0000] {standard_task_runner.py:91} INFO - Job 3000: Subtask monitoring.check_drift_alert
[2026-06-20T17:05:07.839+0000] {task_command.py:426} INFO - Running <TaskInstance: credit_default_ml_pipeline.monitoring.check_drift_alert scheduled__2023-01-01T00:00:00+00:00 [running]> on host 9cf341f51c89
[2026-06-20T17:05:07.861+0000] {taskinstance.py:2648} INFO - Exporting env vars: AIRFLOW_CTX_DAG_OWNER='***' AIRFLOW_CTX_DAG_ID='credit_default_ml_pipeline' AIRFLOW_CTX_TASK_ID='monitoring.check_drift_alert' AIRFLOW_CTX_EXECUTION_DATE='2023-01-01T00:00:00+00:00' AIRFLOW_CTX_TRY_NUMBER='1' AIRFLOW_CTX_DAG_RUN_ID='scheduled__2023-01-01T00:00:00+00:00'
[2026-06-20T17:05:07.861+0000] {taskinstance.py:430} INFO - ::endgroup::
[2026-06-20T17:05:07.865+0000] {baseoperator.py:400} WARNING - ShortCircuitOperator.execute cannot be called outside TaskInstance!
[2026-06-20T17:05:07.866+0000] {python.py:237} INFO - Done. Returned value was: False
[2026-06-20T17:05:07.866+0000] {python.py:304} INFO - Condition result is False
[2026-06-20T17:05:07.867+0000] {python.py:331} INFO - Skipping downstream tasks
[2026-06-20T17:05:07.873+0000] {python.py:339} INFO - Done.
[2026-06-20T17:05:07.873+0000] {taskinstance.py:441} INFO - ::group::Post task execution logs
[2026-06-20T17:05:07.878+0000] {taskinstance.py:1206} INFO - Marking task as SUCCESS. dag_id=credit_default_ml_pipeline, task_id=monitoring.check_drift_alert, run_id=scheduled__2023-01-01T00:00:00+00:00, execution_date=20230101T000000, start_date=20260620T170507, end_date=20260620T170507
[2026-06-20T17:05:07.892+0000] {local_task_job_runner.py:243} INFO - Task exited with return code 0
[2026-06-20T17:05:07.967+0000] {taskinstance.py:3503} INFO - 0 downstream tasks scheduled from follow-on schedule check
[2026-06-20T17:05:07.968+0000] {local_task_job_runner.py:222} INFO - ::endgroup::
[2026-06-21T01:30:34.004+0000] {local_task_job_runner.py:120} INFO - ::group::Pre task execution logs
[2026-06-21T01:30:34.016+0000] {taskinstance.py:2076} INFO - Dependencies all met for dep_context=non-requeueable deps ti=<TaskInstance: credit_default_ml_pipeline.monitoring.check_drift_alert scheduled__2023-01-01T00:00:00+00:00 [queued]>
[2026-06-21T01:30:34.019+0000] {taskinstance.py:2076} INFO - Dependencies all met for dep_context=requeueable deps ti=<TaskInstance: credit_default_ml_pipeline.monitoring.check_drift_alert scheduled__2023-01-01T00:00:00+00:00 [queued]>
[2026-06-21T01:30:34.020+0000] {taskinstance.py:2306} INFO - Starting attempt 1 of 2
[2026-06-21T01:30:34.024+0000] {taskinstance.py:2330} INFO - Executing <Task(ShortCircuitOperator): monitoring.check_drift_alert> on 2023-01-01 00:00:00+00:00
[2026-06-21T01:30:34.027+0000] {logging_mixin.py:188} WARNING - /home/***/.local/lib/python3.12/site-packages/***/task/task_runner/standard_task_runner.py:62 DeprecationWarning: This process (pid=3566) is multi-threaded, use of fork() may lead to deadlocks in the child.
[2026-06-21T01:30:34.028+0000] {standard_task_runner.py:64} INFO - Started process 3568 to run task
[2026-06-21T01:30:34.027+0000] {standard_task_runner.py:90} INFO - Running: ['***', 'tasks', 'run', 'credit_default_ml_pipeline', 'monitoring.check_drift_alert', 'scheduled__2023-01-01T00:00:00+00:00', '--job-id', '3464', '--raw', '--subdir', 'DAGS_FOLDER/dag.py', '--cfg-path', '/tmp/tmph2_9kbqr']
[2026-06-21T01:30:34.028+0000] {standard_task_runner.py:91} INFO - Job 3464: Subtask monitoring.check_drift_alert
[2026-06-21T01:30:34.047+0000] {task_command.py:426} INFO - Running <TaskInstance: credit_default_ml_pipeline.monitoring.check_drift_alert scheduled__2023-01-01T00:00:00+00:00 [running]> on host f6e9e2801916
[2026-06-21T01:30:34.140+0000] {taskinstance.py:2648} INFO - Exporting env vars: AIRFLOW_CTX_DAG_OWNER='***' AIRFLOW_CTX_DAG_ID='credit_default_ml_pipeline' AIRFLOW_CTX_TASK_ID='monitoring.check_drift_alert' AIRFLOW_CTX_EXECUTION_DATE='2023-01-01T00:00:00+00:00' AIRFLOW_CTX_TRY_NUMBER='1' AIRFLOW_CTX_DAG_RUN_ID='scheduled__2023-01-01T00:00:00+00:00'
[2026-06-21T01:30:34.141+0000] {taskinstance.py:430} INFO - ::endgroup::
[2026-06-21T01:30:34.144+0000] {baseoperator.py:400} WARNING - ShortCircuitOperator.execute cannot be called outside TaskInstance!
[2026-06-21T01:30:34.145+0000] {python.py:237} INFO - Done. Returned value was: False
[2026-06-21T01:30:34.145+0000] {python.py:304} INFO - Condition result is False
[2026-06-21T01:30:34.146+0000] {python.py:331} INFO - Skipping downstream tasks
[2026-06-21T01:30:34.152+0000] {python.py:339} INFO - Done.
[2026-06-21T01:30:34.153+0000] {taskinstance.py:441} INFO - ::group::Post task execution logs
[2026-06-21T01:30:34.158+0000] {taskinstance.py:1206} INFO - Marking task as SUCCESS. dag_id=credit_default_ml_pipeline, task_id=monitoring.check_drift_alert, run_id=scheduled__2023-01-01T00:00:00+00:00, execution_date=20230101T000000, start_date=20260621T013034, end_date=20260621T013034
[2026-06-21T01:30:34.173+0000] {local_task_job_runner.py:243} INFO - Task exited with return code 0
[2026-06-21T01:30:34.180+0000] {taskinstance.py:3503} INFO - 0 downstream tasks scheduled from follow-on schedule check
[2026-06-21T01:30:34.182+0000] {local_task_job_runner.py:222} INFO - ::endgroup::
[2026-06-21T05:26:59.533+0000] {local_task_job_runner.py:120} INFO - ::group::Pre task execution logs
[2026-06-21T05:26:59.545+0000] {taskinstance.py:2076} INFO - Dependencies all met for dep_context=non-requeueable deps ti=<TaskInstance: credit_default_ml_pipeline.monitoring.check_drift_alert scheduled__2023-01-01T00:00:00+00:00 [queued]>
[2026-06-21T05:26:59.549+0000] {taskinstance.py:2076} INFO - Dependencies all met for dep_context=requeueable deps ti=<TaskInstance: credit_default_ml_pipeline.monitoring.check_drift_alert scheduled__2023-01-01T00:00:00+00:00 [queued]>
[2026-06-21T05:26:59.549+0000] {taskinstance.py:2306} INFO - Starting attempt 1 of 2
[2026-06-21T05:26:59.554+0000] {taskinstance.py:2330} INFO - Executing <Task(ShortCircuitOperator): monitoring.check_drift_alert> on 2023-01-01 00:00:00+00:00
[2026-06-21T05:26:59.557+0000] {logging_mixin.py:188} WARNING - /home/***/.local/lib/python3.12/site-packages/***/task/task_runner/standard_task_runner.py:62 DeprecationWarning: This process (pid=3529) is multi-threaded, use of fork() may lead to deadlocks in the child.
[2026-06-21T05:26:59.558+0000] {standard_task_runner.py:64} INFO - Started process 3531 to run task
[2026-06-21T05:26:59.557+0000] {standard_task_runner.py:90} INFO - Running: ['***', 'tasks', 'run', 'credit_default_ml_pipeline', 'monitoring.check_drift_alert', 'scheduled__2023-01-01T00:00:00+00:00', '--job-id', '3929', '--raw', '--subdir', 'DAGS_FOLDER/dag.py', '--cfg-path', '/tmp/tmp6yu438x4']
[2026-06-21T05:26:59.559+0000] {standard_task_runner.py:91} INFO - Job 3929: Subtask monitoring.check_drift_alert
[2026-06-21T05:26:59.648+0000] {task_command.py:426} INFO - Running <TaskInstance: credit_default_ml_pipeline.monitoring.check_drift_alert scheduled__2023-01-01T00:00:00+00:00 [running]> on host 9377a3f0491f
[2026-06-21T05:26:59.669+0000] {taskinstance.py:2648} INFO - Exporting env vars: AIRFLOW_CTX_DAG_OWNER='***' AIRFLOW_CTX_DAG_ID='credit_default_ml_pipeline' AIRFLOW_CTX_TASK_ID='monitoring.check_drift_alert' AIRFLOW_CTX_EXECUTION_DATE='2023-01-01T00:00:00+00:00' AIRFLOW_CTX_TRY_NUMBER='1' AIRFLOW_CTX_DAG_RUN_ID='scheduled__2023-01-01T00:00:00+00:00'
[2026-06-21T05:26:59.670+0000] {taskinstance.py:430} INFO - ::endgroup::
[2026-06-21T05:26:59.675+0000] {baseoperator.py:400} WARNING - ShortCircuitOperator.execute cannot be called outside TaskInstance!
[2026-06-21T05:26:59.675+0000] {python.py:237} INFO - Done. Returned value was: False
[2026-06-21T05:26:59.676+0000] {python.py:304} INFO - Condition result is False
[2026-06-21T05:26:59.676+0000] {python.py:331} INFO - Skipping downstream tasks
[2026-06-21T05:26:59.683+0000] {python.py:339} INFO - Done.
[2026-06-21T05:26:59.684+0000] {taskinstance.py:441} INFO - ::group::Post task execution logs
[2026-06-21T05:26:59.690+0000] {taskinstance.py:1206} INFO - Marking task as SUCCESS. dag_id=credit_default_ml_pipeline, task_id=monitoring.check_drift_alert, run_id=scheduled__2023-01-01T00:00:00+00:00, execution_date=20230101T000000, start_date=20260621T052659, end_date=20260621T052659
[2026-06-21T05:26:59.697+0000] {local_task_job_runner.py:243} INFO - Task exited with return code 0
[2026-06-21T05:26:59.769+0000] {taskinstance.py:3503} INFO - 0 downstream tasks scheduled from follow-on schedule check
[2026-06-21T05:26:59.771+0000] {local_task_job_runner.py:222} INFO - ::endgroup::
[2026-06-25T17:19:53.048+0000] {local_task_job_runner.py:120} INFO - ::group::Pre task execution logs
[2026-06-25T17:19:53.060+0000] {taskinstance.py:2076} INFO - Dependencies all met for dep_context=non-requeueable deps ti=<TaskInstance: credit_default_ml_pipeline.monitoring.check_drift_alert scheduled__2023-01-01T00:00:00+00:00 [queued]>
[2026-06-25T17:19:53.064+0000] {taskinstance.py:2076} INFO - Dependencies all met for dep_context=requeueable deps ti=<TaskInstance: credit_default_ml_pipeline.monitoring.check_drift_alert scheduled__2023-01-01T00:00:00+00:00 [queued]>
[2026-06-25T17:19:53.064+0000] {taskinstance.py:2306} INFO - Starting attempt 1 of 2
[2026-06-25T17:19:53.069+0000] {taskinstance.py:2330} INFO - Executing <Task(ShortCircuitOperator): monitoring.check_drift_alert> on 2023-01-01 00:00:00+00:00
[2026-06-25T17:19:53.072+0000] {logging_mixin.py:188} WARNING - /home/***/.local/lib/python3.12/site-packages/***/task/task_runner/standard_task_runner.py:62 DeprecationWarning: This process (pid=3513) is multi-threaded, use of fork() may lead to deadlocks in the child.
[2026-06-25T17:19:53.072+0000] {standard_task_runner.py:64} INFO - Started process 3515 to run task
[2026-06-25T17:19:53.072+0000] {standard_task_runner.py:90} INFO - Running: ['***', 'tasks', 'run', 'credit_default_ml_pipeline', 'monitoring.check_drift_alert', 'scheduled__2023-01-01T00:00:00+00:00', '--job-id', '4388', '--raw', '--subdir', 'DAGS_FOLDER/dag.py', '--cfg-path', '/tmp/tmpslwbpspw']
[2026-06-25T17:19:53.073+0000] {standard_task_runner.py:91} INFO - Job 4388: Subtask monitoring.check_drift_alert
[2026-06-25T17:19:53.091+0000] {task_command.py:426} INFO - Running <TaskInstance: credit_default_ml_pipeline.monitoring.check_drift_alert scheduled__2023-01-01T00:00:00+00:00 [running]> on host b54b2be331ab
[2026-06-25T17:19:53.180+0000] {taskinstance.py:2648} INFO - Exporting env vars: AIRFLOW_CTX_DAG_OWNER='***' AIRFLOW_CTX_DAG_ID='credit_default_ml_pipeline' AIRFLOW_CTX_TASK_ID='monitoring.check_drift_alert' AIRFLOW_CTX_EXECUTION_DATE='2023-01-01T00:00:00+00:00' AIRFLOW_CTX_TRY_NUMBER='1' AIRFLOW_CTX_DAG_RUN_ID='scheduled__2023-01-01T00:00:00+00:00'
[2026-06-25T17:19:53.182+0000] {taskinstance.py:430} INFO - ::endgroup::
[2026-06-25T17:19:53.186+0000] {baseoperator.py:400} WARNING - ShortCircuitOperator.execute cannot be called outside TaskInstance!
[2026-06-25T17:19:53.187+0000] {python.py:237} INFO - Done. Returned value was: False
[2026-06-25T17:19:53.187+0000] {python.py:304} INFO - Condition result is False
[2026-06-25T17:19:53.187+0000] {python.py:331} INFO - Skipping downstream tasks
[2026-06-25T17:19:53.194+0000] {python.py:339} INFO - Done.
[2026-06-25T17:19:53.194+0000] {taskinstance.py:441} INFO - ::group::Post task execution logs
[2026-06-25T17:19:53.199+0000] {taskinstance.py:1206} INFO - Marking task as SUCCESS. dag_id=credit_default_ml_pipeline, task_id=monitoring.check_drift_alert, run_id=scheduled__2023-01-01T00:00:00+00:00, execution_date=20230101T000000, start_date=20260625T171953, end_date=20260625T171953
[2026-06-25T17:19:53.215+0000] {local_task_job_runner.py:243} INFO - Task exited with return code 0
[2026-06-25T17:19:53.223+0000] {taskinstance.py:3503} INFO - 0 downstream tasks scheduled from follow-on schedule check
[2026-06-25T17:19:53.223+0000] {local_task_job_runner.py:222} INFO - ::endgroup::
[2026-06-26T01:24:17.783+0000] {local_task_job_runner.py:120} INFO - ::group::Pre task execution logs
[2026-06-26T01:24:17.795+0000] {taskinstance.py:2076} INFO - Dependencies all met for dep_context=non-requeueable deps ti=<TaskInstance: credit_default_ml_pipeline.monitoring.check_drift_alert scheduled__2023-01-01T00:00:00+00:00 [queued]>
[2026-06-26T01:24:17.799+0000] {taskinstance.py:2076} INFO - Dependencies all met for dep_context=requeueable deps ti=<TaskInstance: credit_default_ml_pipeline.monitoring.check_drift_alert scheduled__2023-01-01T00:00:00+00:00 [queued]>
[2026-06-26T01:24:17.800+0000] {taskinstance.py:2306} INFO - Starting attempt 1 of 2
[2026-06-26T01:24:17.804+0000] {taskinstance.py:2330} INFO - Executing <Task(ShortCircuitOperator): monitoring.check_drift_alert> on 2023-01-01 00:00:00+00:00
[2026-06-26T01:24:17.807+0000] {logging_mixin.py:188} WARNING - /home/***/.local/lib/python3.12/site-packages/***/task/task_runner/standard_task_runner.py:62 DeprecationWarning: This process (pid=87127) is multi-threaded, use of fork() may lead to deadlocks in the child.
[2026-06-26T01:24:17.809+0000] {standard_task_runner.py:64} INFO - Started process 87129 to run task
[2026-06-26T01:24:17.808+0000] {standard_task_runner.py:90} INFO - Running: ['***', 'tasks', 'run', 'credit_default_ml_pipeline', 'monitoring.check_drift_alert', 'scheduled__2023-01-01T00:00:00+00:00', '--job-id', '4848', '--raw', '--subdir', 'DAGS_FOLDER/dag.py', '--cfg-path', '/tmp/tmpr4qml1fa']
[2026-06-26T01:24:17.810+0000] {standard_task_runner.py:91} INFO - Job 4848: Subtask monitoring.check_drift_alert
[2026-06-26T01:24:17.830+0000] {task_command.py:426} INFO - Running <TaskInstance: credit_default_ml_pipeline.monitoring.check_drift_alert scheduled__2023-01-01T00:00:00+00:00 [running]> on host b54b2be331ab
[2026-06-26T01:24:17.928+0000] {taskinstance.py:2648} INFO - Exporting env vars: AIRFLOW_CTX_DAG_OWNER='***' AIRFLOW_CTX_DAG_ID='credit_default_ml_pipeline' AIRFLOW_CTX_TASK_ID='monitoring.check_drift_alert' AIRFLOW_CTX_EXECUTION_DATE='2023-01-01T00:00:00+00:00' AIRFLOW_CTX_TRY_NUMBER='1' AIRFLOW_CTX_DAG_RUN_ID='scheduled__2023-01-01T00:00:00+00:00'
[2026-06-26T01:24:17.930+0000] {taskinstance.py:430} INFO - ::endgroup::
[2026-06-26T01:24:17.944+0000] {baseoperator.py:400} WARNING - ShortCircuitOperator.execute cannot be called outside TaskInstance!
[2026-06-26T01:24:17.945+0000] {python.py:237} INFO - Done. Returned value was: False
[2026-06-26T01:24:17.945+0000] {python.py:304} INFO - Condition result is False
[2026-06-26T01:24:17.946+0000] {python.py:331} INFO - Skipping downstream tasks
[2026-06-26T01:24:17.957+0000] {python.py:339} INFO - Done.
[2026-06-26T01:24:17.958+0000] {taskinstance.py:441} INFO - ::group::Post task execution logs
[2026-06-26T01:24:17.963+0000] {taskinstance.py:1206} INFO - Marking task as SUCCESS. dag_id=credit_default_ml_pipeline, task_id=monitoring.check_drift_alert, run_id=scheduled__2023-01-01T00:00:00+00:00, execution_date=20230101T000000, start_date=20260626T012417, end_date=20260626T012417
[2026-06-26T01:24:17.993+0000] {local_task_job_runner.py:243} INFO - Task exited with return code 0
[2026-06-26T01:24:18.001+0000] {taskinstance.py:3503} INFO - 0 downstream tasks scheduled from follow-on schedule check
[2026-06-26T01:24:18.002+0000] {local_task_job_runner.py:222} INFO - ::endgroup::
