[2026-06-20T05:54:05.931+0000] {local_task_job_runner.py:120} INFO - ::group::Pre task execution logs
[2026-06-20T05:54:05.943+0000] {taskinstance.py:2076} INFO - Dependencies all met for dep_context=non-requeueable deps ti=<TaskInstance: credit_default_ml_pipeline.training.training_gate scheduled__2023-08-01T00:00:00+00:00 [queued]>
[2026-06-20T05:54:05.947+0000] {taskinstance.py:2076} INFO - Dependencies all met for dep_context=requeueable deps ti=<TaskInstance: credit_default_ml_pipeline.training.training_gate scheduled__2023-08-01T00:00:00+00:00 [queued]>
[2026-06-20T05:54:05.947+0000] {taskinstance.py:2306} INFO - Starting attempt 1 of 2
[2026-06-20T05:54:05.953+0000] {taskinstance.py:2330} INFO - Executing <Task(BranchPythonOperator): training.training_gate> on 2023-08-01 00:00:00+00:00
[2026-06-20T05:54:05.956+0000] {logging_mixin.py:188} WARNING - /home/***/.local/lib/python3.12/site-packages/***/task/task_runner/standard_task_runner.py:62 DeprecationWarning: This process (pid=35605) is multi-threaded, use of fork() may lead to deadlocks in the child.
[2026-06-20T05:54:05.957+0000] {standard_task_runner.py:64} INFO - Started process 35607 to run task
[2026-06-20T05:54:05.956+0000] {standard_task_runner.py:90} INFO - Running: ['***', 'tasks', 'run', 'credit_default_ml_pipeline', 'training.training_gate', 'scheduled__2023-08-01T00:00:00+00:00', '--job-id', '1585', '--raw', '--subdir', 'DAGS_FOLDER/dag.py', '--cfg-path', '/tmp/tmpucf2hizc']
[2026-06-20T05:54:05.958+0000] {standard_task_runner.py:91} INFO - Job 1585: Subtask training.training_gate
[2026-06-20T05:54:06.055+0000] {task_command.py:426} INFO - Running <TaskInstance: credit_default_ml_pipeline.training.training_gate scheduled__2023-08-01T00:00:00+00:00 [running]> on host 9cf341f51c89
[2026-06-20T05:54:06.081+0000] {taskinstance.py:2648} INFO - Exporting env vars: AIRFLOW_CTX_DAG_OWNER='***' AIRFLOW_CTX_DAG_ID='credit_default_ml_pipeline' AIRFLOW_CTX_TASK_ID='training.training_gate' AIRFLOW_CTX_EXECUTION_DATE='2023-08-01T00:00:00+00:00' AIRFLOW_CTX_TRY_NUMBER='1' AIRFLOW_CTX_DAG_RUN_ID='scheduled__2023-08-01T00:00:00+00:00'
[2026-06-20T05:54:06.082+0000] {taskinstance.py:430} INFO - ::endgroup::
[2026-06-20T05:54:06.086+0000] {baseoperator.py:400} WARNING - BranchPythonOperator.execute cannot be called outside TaskInstance!
[2026-06-20T05:54:06.087+0000] {logging_mixin.py:188} INFO - [retrain-trigger] no monitoring history yet for credit_xgb_2024_09_01 (first eligible month); skipping training.
[2026-06-20T05:54:06.088+0000] {python.py:237} INFO - Done. Returned value was: training.skip_training
[2026-06-20T05:54:06.088+0000] {branch.py:36} INFO - Branch into training.skip_training
[2026-06-20T05:54:06.088+0000] {skipmixin.py:178} INFO - Following branch training.skip_training
[2026-06-20T05:54:06.094+0000] {skipmixin.py:246} INFO - Skipping tasks [('training.start_training', -1)]
[2026-06-20T05:54:06.102+0000] {taskinstance.py:441} INFO - ::group::Post task execution logs
[2026-06-20T05:54:06.109+0000] {taskinstance.py:1206} INFO - Marking task as SUCCESS. dag_id=credit_default_ml_pipeline, task_id=training.training_gate, run_id=scheduled__2023-08-01T00:00:00+00:00, execution_date=20230801T000000, start_date=20260620T055405, end_date=20260620T055406
[2026-06-20T05:54:06.137+0000] {local_task_job_runner.py:243} INFO - Task exited with return code 0
[2026-06-20T05:54:06.216+0000] {taskinstance.py:3503} INFO - 0 downstream tasks scheduled from follow-on schedule check
[2026-06-20T05:54:06.219+0000] {local_task_job_runner.py:222} INFO - ::endgroup::
[2026-06-20T07:04:06.772+0000] {local_task_job_runner.py:120} INFO - ::group::Pre task execution logs
[2026-06-20T07:04:06.790+0000] {taskinstance.py:2076} INFO - Dependencies all met for dep_context=non-requeueable deps ti=<TaskInstance: credit_default_ml_pipeline.training.training_gate scheduled__2023-08-01T00:00:00+00:00 [queued]>
[2026-06-20T07:04:06.795+0000] {taskinstance.py:2076} INFO - Dependencies all met for dep_context=requeueable deps ti=<TaskInstance: credit_default_ml_pipeline.training.training_gate scheduled__2023-08-01T00:00:00+00:00 [queued]>
[2026-06-20T07:04:06.795+0000] {taskinstance.py:2306} INFO - Starting attempt 1 of 2
[2026-06-20T07:04:06.801+0000] {taskinstance.py:2330} INFO - Executing <Task(BranchPythonOperator): training.training_gate> on 2023-08-01 00:00:00+00:00
[2026-06-20T07:04:06.806+0000] {logging_mixin.py:188} WARNING - /home/***/.local/lib/python3.12/site-packages/***/task/task_runner/standard_task_runner.py:62 DeprecationWarning: This process (pid=88839) is multi-threaded, use of fork() may lead to deadlocks in the child.
[2026-06-20T07:04:06.807+0000] {standard_task_runner.py:64} INFO - Started process 88841 to run task
[2026-06-20T07:04:06.806+0000] {standard_task_runner.py:90} INFO - Running: ['***', 'tasks', 'run', 'credit_default_ml_pipeline', 'training.training_gate', 'scheduled__2023-08-01T00:00:00+00:00', '--job-id', '1898', '--raw', '--subdir', 'DAGS_FOLDER/dag.py', '--cfg-path', '/tmp/tmp0clb12bd']
[2026-06-20T07:04:06.808+0000] {standard_task_runner.py:91} INFO - Job 1898: Subtask training.training_gate
[2026-06-20T07:04:06.926+0000] {task_command.py:426} INFO - Running <TaskInstance: credit_default_ml_pipeline.training.training_gate scheduled__2023-08-01T00:00:00+00:00 [running]> on host 9cf341f51c89
[2026-06-20T07:04:06.952+0000] {taskinstance.py:2648} INFO - Exporting env vars: AIRFLOW_CTX_DAG_OWNER='***' AIRFLOW_CTX_DAG_ID='credit_default_ml_pipeline' AIRFLOW_CTX_TASK_ID='training.training_gate' AIRFLOW_CTX_EXECUTION_DATE='2023-08-01T00:00:00+00:00' AIRFLOW_CTX_TRY_NUMBER='1' AIRFLOW_CTX_DAG_RUN_ID='scheduled__2023-08-01T00:00:00+00:00'
[2026-06-20T07:04:06.953+0000] {taskinstance.py:430} INFO - ::endgroup::
[2026-06-20T07:04:06.957+0000] {baseoperator.py:400} WARNING - BranchPythonOperator.execute cannot be called outside TaskInstance!
[2026-06-20T07:04:06.959+0000] {logging_mixin.py:188} INFO - [retrain-trigger] no monitoring history yet for credit_xgb_2024_09_01 (first eligible month); skipping training.
[2026-06-20T07:04:06.959+0000] {python.py:237} INFO - Done. Returned value was: training.skip_training
[2026-06-20T07:04:06.959+0000] {branch.py:36} INFO - Branch into training.skip_training
[2026-06-20T07:04:06.959+0000] {skipmixin.py:178} INFO - Following branch training.skip_training
[2026-06-20T07:04:06.966+0000] {skipmixin.py:246} INFO - Skipping tasks [('training.start_training', -1)]
[2026-06-20T07:04:06.974+0000] {taskinstance.py:441} INFO - ::group::Post task execution logs
[2026-06-20T07:04:06.981+0000] {taskinstance.py:1206} INFO - Marking task as SUCCESS. dag_id=credit_default_ml_pipeline, task_id=training.training_gate, run_id=scheduled__2023-08-01T00:00:00+00:00, execution_date=20230801T000000, start_date=20260620T070406, end_date=20260620T070406
[2026-06-20T07:04:07.031+0000] {local_task_job_runner.py:243} INFO - Task exited with return code 0
[2026-06-20T07:04:07.129+0000] {taskinstance.py:3503} INFO - 0 downstream tasks scheduled from follow-on schedule check
[2026-06-20T07:04:07.131+0000] {local_task_job_runner.py:222} INFO - ::endgroup::
[2026-06-20T07:32:38.774+0000] {local_task_job_runner.py:120} INFO - ::group::Pre task execution logs
[2026-06-20T07:32:38.787+0000] {taskinstance.py:2076} INFO - Dependencies all met for dep_context=non-requeueable deps ti=<TaskInstance: credit_default_ml_pipeline.training.training_gate scheduled__2023-08-01T00:00:00+00:00 [queued]>
[2026-06-20T07:32:38.792+0000] {taskinstance.py:2076} INFO - Dependencies all met for dep_context=requeueable deps ti=<TaskInstance: credit_default_ml_pipeline.training.training_gate scheduled__2023-08-01T00:00:00+00:00 [queued]>
[2026-06-20T07:32:38.792+0000] {taskinstance.py:2306} INFO - Starting attempt 1 of 2
[2026-06-20T07:32:38.799+0000] {taskinstance.py:2330} INFO - Executing <Task(BranchPythonOperator): training.training_gate> on 2023-08-01 00:00:00+00:00
[2026-06-20T07:32:38.804+0000] {logging_mixin.py:188} WARNING - /home/***/.local/lib/python3.12/site-packages/***/task/task_runner/standard_task_runner.py:62 DeprecationWarning: This process (pid=20473) is multi-threaded, use of fork() may lead to deadlocks in the child.
[2026-06-20T07:32:38.805+0000] {standard_task_runner.py:64} INFO - Started process 20475 to run task
[2026-06-20T07:32:38.804+0000] {standard_task_runner.py:90} INFO - Running: ['***', 'tasks', 'run', 'credit_default_ml_pipeline', 'training.training_gate', 'scheduled__2023-08-01T00:00:00+00:00', '--job-id', '2079', '--raw', '--subdir', 'DAGS_FOLDER/dag.py', '--cfg-path', '/tmp/tmpnb29btez']
[2026-06-20T07:32:38.805+0000] {standard_task_runner.py:91} INFO - Job 2079: Subtask training.training_gate
[2026-06-20T07:32:38.912+0000] {task_command.py:426} INFO - Running <TaskInstance: credit_default_ml_pipeline.training.training_gate scheduled__2023-08-01T00:00:00+00:00 [running]> on host 9cf341f51c89
[2026-06-20T07:32:38.938+0000] {taskinstance.py:2648} INFO - Exporting env vars: AIRFLOW_CTX_DAG_OWNER='***' AIRFLOW_CTX_DAG_ID='credit_default_ml_pipeline' AIRFLOW_CTX_TASK_ID='training.training_gate' AIRFLOW_CTX_EXECUTION_DATE='2023-08-01T00:00:00+00:00' AIRFLOW_CTX_TRY_NUMBER='1' AIRFLOW_CTX_DAG_RUN_ID='scheduled__2023-08-01T00:00:00+00:00'
[2026-06-20T07:32:38.939+0000] {taskinstance.py:430} INFO - ::endgroup::
[2026-06-20T07:32:38.943+0000] {baseoperator.py:400} WARNING - BranchPythonOperator.execute cannot be called outside TaskInstance!
[2026-06-20T07:32:38.944+0000] {logging_mixin.py:188} INFO - [retrain-trigger] no monitoring history yet for credit_xgb_2024_09_01 (first eligible month); skipping training.
[2026-06-20T07:32:38.946+0000] {python.py:237} INFO - Done. Returned value was: training.skip_training
[2026-06-20T07:32:38.946+0000] {branch.py:36} INFO - Branch into training.skip_training
[2026-06-20T07:32:38.946+0000] {skipmixin.py:178} INFO - Following branch training.skip_training
[2026-06-20T07:32:38.952+0000] {skipmixin.py:246} INFO - Skipping tasks [('training.start_training', -1)]
[2026-06-20T07:32:38.961+0000] {taskinstance.py:441} INFO - ::group::Post task execution logs
[2026-06-20T07:32:38.967+0000] {taskinstance.py:1206} INFO - Marking task as SUCCESS. dag_id=credit_default_ml_pipeline, task_id=training.training_gate, run_id=scheduled__2023-08-01T00:00:00+00:00, execution_date=20230801T000000, start_date=20260620T073238, end_date=20260620T073238
[2026-06-20T07:32:38.987+0000] {local_task_job_runner.py:243} INFO - Task exited with return code 0
[2026-06-20T07:32:39.128+0000] {taskinstance.py:3503} INFO - 0 downstream tasks scheduled from follow-on schedule check
[2026-06-20T07:32:39.132+0000] {local_task_job_runner.py:222} INFO - ::endgroup::
[2026-06-20T15:32:06.284+0000] {local_task_job_runner.py:120} INFO - ::group::Pre task execution logs
[2026-06-20T15:32:06.297+0000] {taskinstance.py:2076} INFO - Dependencies all met for dep_context=non-requeueable deps ti=<TaskInstance: credit_default_ml_pipeline.training.training_gate scheduled__2023-08-01T00:00:00+00:00 [queued]>
[2026-06-20T15:32:06.300+0000] {taskinstance.py:2076} INFO - Dependencies all met for dep_context=requeueable deps ti=<TaskInstance: credit_default_ml_pipeline.training.training_gate scheduled__2023-08-01T00:00:00+00:00 [queued]>
[2026-06-20T15:32:06.300+0000] {taskinstance.py:2306} INFO - Starting attempt 1 of 2
[2026-06-20T15:32:06.305+0000] {taskinstance.py:2330} INFO - Executing <Task(BranchPythonOperator): training.training_gate> on 2023-08-01 00:00:00+00:00
[2026-06-20T15:32:06.308+0000] {logging_mixin.py:188} WARNING - /home/***/.local/lib/python3.12/site-packages/***/task/task_runner/standard_task_runner.py:62 DeprecationWarning: This process (pid=7187) is multi-threaded, use of fork() may lead to deadlocks in the child.
[2026-06-20T15:32:06.309+0000] {standard_task_runner.py:64} INFO - Started process 7189 to run task
[2026-06-20T15:32:06.309+0000] {standard_task_runner.py:90} INFO - Running: ['***', 'tasks', 'run', 'credit_default_ml_pipeline', 'training.training_gate', 'scheduled__2023-08-01T00:00:00+00:00', '--job-id', '2549', '--raw', '--subdir', 'DAGS_FOLDER/dag.py', '--cfg-path', '/tmp/tmpp_ysz54c']
[2026-06-20T15:32:06.310+0000] {standard_task_runner.py:91} INFO - Job 2549: Subtask training.training_gate
[2026-06-20T15:32:06.402+0000] {task_command.py:426} INFO - Running <TaskInstance: credit_default_ml_pipeline.training.training_gate scheduled__2023-08-01T00:00:00+00:00 [running]> on host 9cf341f51c89
[2026-06-20T15:32:06.427+0000] {taskinstance.py:2648} INFO - Exporting env vars: AIRFLOW_CTX_DAG_OWNER='***' AIRFLOW_CTX_DAG_ID='credit_default_ml_pipeline' AIRFLOW_CTX_TASK_ID='training.training_gate' AIRFLOW_CTX_EXECUTION_DATE='2023-08-01T00:00:00+00:00' AIRFLOW_CTX_TRY_NUMBER='1' AIRFLOW_CTX_DAG_RUN_ID='scheduled__2023-08-01T00:00:00+00:00'
[2026-06-20T15:32:06.427+0000] {taskinstance.py:430} INFO - ::endgroup::
[2026-06-20T15:32:06.431+0000] {baseoperator.py:400} WARNING - BranchPythonOperator.execute cannot be called outside TaskInstance!
[2026-06-20T15:32:06.431+0000] {logging_mixin.py:188} INFO - [training] 2023-08-01 — retraining is manual; skipping automated training.
[2026-06-20T15:32:06.432+0000] {python.py:237} INFO - Done. Returned value was: training.skip_training
[2026-06-20T15:32:06.432+0000] {branch.py:36} INFO - Branch into training.skip_training
[2026-06-20T15:32:06.432+0000] {skipmixin.py:178} INFO - Following branch training.skip_training
[2026-06-20T15:32:06.437+0000] {skipmixin.py:246} INFO - Skipping tasks [('training.start_training', -1)]
[2026-06-20T15:32:06.444+0000] {taskinstance.py:441} INFO - ::group::Post task execution logs
[2026-06-20T15:32:06.450+0000] {taskinstance.py:1206} INFO - Marking task as SUCCESS. dag_id=credit_default_ml_pipeline, task_id=training.training_gate, run_id=scheduled__2023-08-01T00:00:00+00:00, execution_date=20230801T000000, start_date=20260620T153206, end_date=20260620T153206
[2026-06-20T15:32:06.495+0000] {local_task_job_runner.py:243} INFO - Task exited with return code 0
[2026-06-20T15:32:06.571+0000] {taskinstance.py:3503} INFO - 0 downstream tasks scheduled from follow-on schedule check
[2026-06-20T15:32:06.573+0000] {local_task_job_runner.py:222} INFO - ::endgroup::
[2026-06-20T17:25:06.331+0000] {local_task_job_runner.py:120} INFO - ::group::Pre task execution logs
[2026-06-20T17:25:06.347+0000] {taskinstance.py:2076} INFO - Dependencies all met for dep_context=non-requeueable deps ti=<TaskInstance: credit_default_ml_pipeline.training.training_gate scheduled__2023-08-01T00:00:00+00:00 [queued]>
[2026-06-20T17:25:06.351+0000] {taskinstance.py:2076} INFO - Dependencies all met for dep_context=requeueable deps ti=<TaskInstance: credit_default_ml_pipeline.training.training_gate scheduled__2023-08-01T00:00:00+00:00 [queued]>
[2026-06-20T17:25:06.352+0000] {taskinstance.py:2306} INFO - Starting attempt 1 of 2
[2026-06-20T17:25:06.359+0000] {taskinstance.py:2330} INFO - Executing <Task(BranchPythonOperator): training.training_gate> on 2023-08-01 00:00:00+00:00
[2026-06-20T17:25:06.363+0000] {logging_mixin.py:188} WARNING - /home/***/.local/lib/python3.12/site-packages/***/task/task_runner/standard_task_runner.py:62 DeprecationWarning: This process (pid=25157) is multi-threaded, use of fork() may lead to deadlocks in the child.
[2026-06-20T17:25:06.364+0000] {standard_task_runner.py:64} INFO - Started process 25159 to run task
[2026-06-20T17:25:06.363+0000] {standard_task_runner.py:90} INFO - Running: ['***', 'tasks', 'run', 'credit_default_ml_pipeline', 'training.training_gate', 'scheduled__2023-08-01T00:00:00+00:00', '--job-id', '3127', '--raw', '--subdir', 'DAGS_FOLDER/dag.py', '--cfg-path', '/tmp/tmplwsi6cc7']
[2026-06-20T17:25:06.365+0000] {standard_task_runner.py:91} INFO - Job 3127: Subtask training.training_gate
[2026-06-20T17:25:06.495+0000] {task_command.py:426} INFO - Running <TaskInstance: credit_default_ml_pipeline.training.training_gate scheduled__2023-08-01T00:00:00+00:00 [running]> on host 9cf341f51c89
[2026-06-20T17:25:06.530+0000] {taskinstance.py:2648} INFO - Exporting env vars: AIRFLOW_CTX_DAG_OWNER='***' AIRFLOW_CTX_DAG_ID='credit_default_ml_pipeline' AIRFLOW_CTX_TASK_ID='training.training_gate' AIRFLOW_CTX_EXECUTION_DATE='2023-08-01T00:00:00+00:00' AIRFLOW_CTX_TRY_NUMBER='1' AIRFLOW_CTX_DAG_RUN_ID='scheduled__2023-08-01T00:00:00+00:00'
[2026-06-20T17:25:06.532+0000] {taskinstance.py:430} INFO - ::endgroup::
[2026-06-20T17:25:06.538+0000] {baseoperator.py:400} WARNING - BranchPythonOperator.execute cannot be called outside TaskInstance!
[2026-06-20T17:25:06.538+0000] {logging_mixin.py:188} INFO - [training] 2023-08-01 — retraining is manual; skipping automated training.
[2026-06-20T17:25:06.540+0000] {python.py:237} INFO - Done. Returned value was: training.skip_training
[2026-06-20T17:25:06.540+0000] {branch.py:36} INFO - Branch into training.skip_training
[2026-06-20T17:25:06.540+0000] {skipmixin.py:178} INFO - Following branch training.skip_training
[2026-06-20T17:25:06.548+0000] {skipmixin.py:246} INFO - Skipping tasks [('training.start_training', -1)]
[2026-06-20T17:25:06.558+0000] {taskinstance.py:441} INFO - ::group::Post task execution logs
[2026-06-20T17:25:06.568+0000] {taskinstance.py:1206} INFO - Marking task as SUCCESS. dag_id=credit_default_ml_pipeline, task_id=training.training_gate, run_id=scheduled__2023-08-01T00:00:00+00:00, execution_date=20230801T000000, start_date=20260620T172506, end_date=20260620T172506
[2026-06-20T17:25:06.607+0000] {local_task_job_runner.py:243} INFO - Task exited with return code 0
[2026-06-20T17:25:06.709+0000] {taskinstance.py:3503} INFO - 0 downstream tasks scheduled from follow-on schedule check
[2026-06-20T17:25:06.712+0000] {local_task_job_runner.py:222} INFO - ::endgroup::
[2026-06-21T01:49:47.057+0000] {local_task_job_runner.py:120} INFO - ::group::Pre task execution logs
[2026-06-21T01:49:47.069+0000] {taskinstance.py:2076} INFO - Dependencies all met for dep_context=non-requeueable deps ti=<TaskInstance: credit_default_ml_pipeline.training.training_gate scheduled__2023-08-01T00:00:00+00:00 [queued]>
[2026-06-21T01:49:47.072+0000] {taskinstance.py:2076} INFO - Dependencies all met for dep_context=requeueable deps ti=<TaskInstance: credit_default_ml_pipeline.training.training_gate scheduled__2023-08-01T00:00:00+00:00 [queued]>
[2026-06-21T01:49:47.072+0000] {taskinstance.py:2306} INFO - Starting attempt 1 of 2
[2026-06-21T01:49:47.076+0000] {taskinstance.py:2330} INFO - Executing <Task(BranchPythonOperator): training.training_gate> on 2023-08-01 00:00:00+00:00
[2026-06-21T01:49:47.079+0000] {logging_mixin.py:188} WARNING - /home/***/.local/lib/python3.12/site-packages/***/task/task_runner/standard_task_runner.py:62 DeprecationWarning: This process (pid=25036) is multi-threaded, use of fork() may lead to deadlocks in the child.
[2026-06-21T01:49:47.080+0000] {standard_task_runner.py:64} INFO - Started process 25038 to run task
[2026-06-21T01:49:47.079+0000] {standard_task_runner.py:90} INFO - Running: ['***', 'tasks', 'run', 'credit_default_ml_pipeline', 'training.training_gate', 'scheduled__2023-08-01T00:00:00+00:00', '--job-id', '3591', '--raw', '--subdir', 'DAGS_FOLDER/dag.py', '--cfg-path', '/tmp/tmpp7s0vnkf']
[2026-06-21T01:49:47.081+0000] {standard_task_runner.py:91} INFO - Job 3591: Subtask training.training_gate
[2026-06-21T01:49:47.097+0000] {task_command.py:426} INFO - Running <TaskInstance: credit_default_ml_pipeline.training.training_gate scheduled__2023-08-01T00:00:00+00:00 [running]> on host f6e9e2801916
[2026-06-21T01:49:47.186+0000] {taskinstance.py:2648} INFO - Exporting env vars: AIRFLOW_CTX_DAG_OWNER='***' AIRFLOW_CTX_DAG_ID='credit_default_ml_pipeline' AIRFLOW_CTX_TASK_ID='training.training_gate' AIRFLOW_CTX_EXECUTION_DATE='2023-08-01T00:00:00+00:00' AIRFLOW_CTX_TRY_NUMBER='1' AIRFLOW_CTX_DAG_RUN_ID='scheduled__2023-08-01T00:00:00+00:00'
[2026-06-21T01:49:47.188+0000] {taskinstance.py:430} INFO - ::endgroup::
[2026-06-21T01:49:47.192+0000] {baseoperator.py:400} WARNING - BranchPythonOperator.execute cannot be called outside TaskInstance!
[2026-06-21T01:49:47.193+0000] {logging_mixin.py:188} INFO - [training] 2023-08-01 — retraining is manual; skipping automated training.
[2026-06-21T01:49:47.193+0000] {python.py:237} INFO - Done. Returned value was: training.skip_training
[2026-06-21T01:49:47.193+0000] {branch.py:36} INFO - Branch into training.skip_training
[2026-06-21T01:49:47.194+0000] {skipmixin.py:178} INFO - Following branch training.skip_training
[2026-06-21T01:49:47.200+0000] {skipmixin.py:246} INFO - Skipping tasks [('training.start_training', -1)]
[2026-06-21T01:49:47.206+0000] {taskinstance.py:441} INFO - ::group::Post task execution logs
[2026-06-21T01:49:47.212+0000] {taskinstance.py:1206} INFO - Marking task as SUCCESS. dag_id=credit_default_ml_pipeline, task_id=training.training_gate, run_id=scheduled__2023-08-01T00:00:00+00:00, execution_date=20230801T000000, start_date=20260621T014947, end_date=20260621T014947
[2026-06-21T01:49:47.221+0000] {local_task_job_runner.py:243} INFO - Task exited with return code 0
[2026-06-21T01:49:47.235+0000] {taskinstance.py:3503} INFO - 0 downstream tasks scheduled from follow-on schedule check
[2026-06-21T01:49:47.237+0000] {local_task_job_runner.py:222} INFO - ::endgroup::
[2026-06-21T05:46:07.253+0000] {local_task_job_runner.py:120} INFO - ::group::Pre task execution logs
[2026-06-21T05:46:07.285+0000] {taskinstance.py:2076} INFO - Dependencies all met for dep_context=non-requeueable deps ti=<TaskInstance: credit_default_ml_pipeline.training.training_gate scheduled__2023-08-01T00:00:00+00:00 [queued]>
[2026-06-21T05:46:07.295+0000] {taskinstance.py:2076} INFO - Dependencies all met for dep_context=requeueable deps ti=<TaskInstance: credit_default_ml_pipeline.training.training_gate scheduled__2023-08-01T00:00:00+00:00 [queued]>
[2026-06-21T05:46:07.296+0000] {taskinstance.py:2306} INFO - Starting attempt 1 of 2
[2026-06-21T05:46:07.310+0000] {taskinstance.py:2330} INFO - Executing <Task(BranchPythonOperator): training.training_gate> on 2023-08-01 00:00:00+00:00
[2026-06-21T05:46:07.318+0000] {logging_mixin.py:188} WARNING - /home/***/.local/lib/python3.12/site-packages/***/task/task_runner/standard_task_runner.py:62 DeprecationWarning: This process (pid=25669) is multi-threaded, use of fork() may lead to deadlocks in the child.
[2026-06-21T05:46:07.320+0000] {standard_task_runner.py:64} INFO - Started process 25671 to run task
[2026-06-21T05:46:07.318+0000] {standard_task_runner.py:90} INFO - Running: ['***', 'tasks', 'run', 'credit_default_ml_pipeline', 'training.training_gate', 'scheduled__2023-08-01T00:00:00+00:00', '--job-id', '4055', '--raw', '--subdir', 'DAGS_FOLDER/dag.py', '--cfg-path', '/tmp/tmpd2llf878']
[2026-06-21T05:46:07.322+0000] {standard_task_runner.py:91} INFO - Job 4055: Subtask training.training_gate
[2026-06-21T05:46:07.505+0000] {task_command.py:426} INFO - Running <TaskInstance: credit_default_ml_pipeline.training.training_gate scheduled__2023-08-01T00:00:00+00:00 [running]> on host 9377a3f0491f
[2026-06-21T05:46:07.564+0000] {taskinstance.py:2648} INFO - Exporting env vars: AIRFLOW_CTX_DAG_OWNER='***' AIRFLOW_CTX_DAG_ID='credit_default_ml_pipeline' AIRFLOW_CTX_TASK_ID='training.training_gate' AIRFLOW_CTX_EXECUTION_DATE='2023-08-01T00:00:00+00:00' AIRFLOW_CTX_TRY_NUMBER='1' AIRFLOW_CTX_DAG_RUN_ID='scheduled__2023-08-01T00:00:00+00:00'
[2026-06-21T05:46:07.565+0000] {taskinstance.py:430} INFO - ::endgroup::
[2026-06-21T05:46:07.575+0000] {baseoperator.py:400} WARNING - BranchPythonOperator.execute cannot be called outside TaskInstance!
[2026-06-21T05:46:07.576+0000] {logging_mixin.py:188} INFO - [training] 2023-08-01 — retraining is manual; skipping automated training.
[2026-06-21T05:46:07.577+0000] {python.py:237} INFO - Done. Returned value was: training.skip_training
[2026-06-21T05:46:07.577+0000] {branch.py:36} INFO - Branch into training.skip_training
[2026-06-21T05:46:07.578+0000] {skipmixin.py:178} INFO - Following branch training.skip_training
[2026-06-21T05:46:07.590+0000] {skipmixin.py:246} INFO - Skipping tasks [('training.start_training', -1)]
[2026-06-21T05:46:07.607+0000] {taskinstance.py:441} INFO - ::group::Post task execution logs
[2026-06-21T05:46:07.622+0000] {taskinstance.py:1206} INFO - Marking task as SUCCESS. dag_id=credit_default_ml_pipeline, task_id=training.training_gate, run_id=scheduled__2023-08-01T00:00:00+00:00, execution_date=20230801T000000, start_date=20260621T054607, end_date=20260621T054607
[2026-06-21T05:46:07.667+0000] {local_task_job_runner.py:243} INFO - Task exited with return code 0
[2026-06-21T05:46:07.823+0000] {taskinstance.py:3503} INFO - 0 downstream tasks scheduled from follow-on schedule check
[2026-06-21T05:46:07.827+0000] {local_task_job_runner.py:222} INFO - ::endgroup::
