[2026-06-18T04:23:53.059+0000] {local_task_job_runner.py:120} INFO - ::group::Pre task execution logs
[2026-06-18T04:23:53.105+0000] {taskinstance.py:2076} INFO - Dependencies all met for dep_context=non-requeueable deps ti=<TaskInstance: credit_default_ml_pipeline.feature_pipeline.feature_silver_lms scheduled__2024-06-01T00:00:00+00:00 [queued]>
[2026-06-18T04:23:53.141+0000] {taskinstance.py:2076} INFO - Dependencies all met for dep_context=requeueable deps ti=<TaskInstance: credit_default_ml_pipeline.feature_pipeline.feature_silver_lms scheduled__2024-06-01T00:00:00+00:00 [queued]>
[2026-06-18T04:23:53.145+0000] {taskinstance.py:2306} INFO - Starting attempt 3 of 4
[2026-06-18T04:23:53.176+0000] {taskinstance.py:2330} INFO - Executing <Task(BashOperator): feature_pipeline.feature_silver_lms> on 2024-06-01 00:00:00+00:00
[2026-06-18T04:23:53.183+0000] {standard_task_runner.py:90} INFO - Running: ['***', 'tasks', 'run', 'credit_default_ml_pipeline', 'feature_pipeline.feature_silver_lms', 'scheduled__2024-06-01T00:00:00+00:00', '--job-id', '1218', '--raw', '--subdir', 'DAGS_FOLDER/dag.py', '--cfg-path', '/tmp/tmpnkbmgl9m']
[2026-06-18T04:23:53.188+0000] {standard_task_runner.py:91} INFO - Job 1218: Subtask feature_pipeline.feature_silver_lms
[2026-06-18T04:23:53.186+0000] {logging_mixin.py:188} WARNING - /home/***/.local/lib/python3.12/site-packages/***/task/task_runner/standard_task_runner.py:62 DeprecationWarning: This process (pid=79778) is multi-threaded, use of fork() may lead to deadlocks in the child.
[2026-06-18T04:23:53.191+0000] {standard_task_runner.py:64} INFO - Started process 79803 to run task
[2026-06-18T04:23:53.235+0000] {task_command.py:426} INFO - Running <TaskInstance: credit_default_ml_pipeline.feature_pipeline.feature_silver_lms scheduled__2024-06-01T00:00:00+00:00 [running]> on host bfbc24b887a5
[2026-06-18T04:23:53.578+0000] {taskinstance.py:2648} INFO - Exporting env vars: AIRFLOW_CTX_DAG_OWNER='***' AIRFLOW_CTX_DAG_ID='credit_default_ml_pipeline' AIRFLOW_CTX_TASK_ID='feature_pipeline.feature_silver_lms' AIRFLOW_CTX_EXECUTION_DATE='2024-06-01T00:00:00+00:00' AIRFLOW_CTX_TRY_NUMBER='3' AIRFLOW_CTX_DAG_RUN_ID='scheduled__2024-06-01T00:00:00+00:00'
[2026-06-18T04:23:53.580+0000] {taskinstance.py:430} INFO - ::endgroup::
[2026-06-18T04:23:53.593+0000] {subprocess.py:63} INFO - Tmp dir root location: /tmp
[2026-06-18T04:23:53.596+0000] {subprocess.py:75} INFO - Running command: ['/usr/bin/bash', '-c', 'cd /opt/***/scripts && python3 silver_processing.py --snapshotdate "2024-06-01" --source lms']
[2026-06-18T04:23:53.613+0000] {subprocess.py:86} INFO - Output:
[2026-06-18T04:23:57.193+0000] {subprocess.py:93} INFO - Setting default log level to "WARN".
[2026-06-18T04:23:57.198+0000] {subprocess.py:93} INFO - To adjust logging level use sc.setLogLevel(newLevel). For SparkR, use setLogLevel(newLevel).
[2026-06-18T04:23:57.472+0000] {subprocess.py:93} INFO - 26/06/18 04:23:57 WARN NativeCodeLoader: Unable to load native-hadoop library for your platform... using builtin-java classes where applicable
[2026-06-18T04:23:58.532+0000] {subprocess.py:93} INFO - 26/06/18 04:23:58 WARN Utils: Service 'SparkUI' could not bind on port 4040. Attempting port 4041.
[2026-06-18T04:23:58.538+0000] {subprocess.py:93} INFO - 26/06/18 04:23:58 WARN Utils: Service 'SparkUI' could not bind on port 4041. Attempting port 4042.
[2026-06-18T04:23:58.544+0000] {subprocess.py:93} INFO - 26/06/18 04:23:58 WARN Utils: Service 'SparkUI' could not bind on port 4042. Attempting port 4043.
[2026-06-18T04:24:11.074+0000] {subprocess.py:93} INFO - [Stage 5:>                                                          (0 + 1) / 1]
[2026-06-18T04:24:11.078+0000] {subprocess.py:93} INFO - --- silver lms 2024-06-01 ---
[2026-06-18T04:24:11.079+0000] {subprocess.py:93} INFO - 
[2026-06-18T04:24:11.090+0000] {subprocess.py:93} INFO - [silver:lms] loaded datamart/bronze/lms/bronze_lms_2024_06_01.csv rows: 5418
[2026-06-18T04:24:11.094+0000] {subprocess.py:93} INFO - [silver:lms] saved to: datamart/silver/lms/2024_06_01.parquet
[2026-06-18T04:24:11.096+0000] {subprocess.py:93} INFO - 
[2026-06-18T04:24:11.098+0000] {subprocess.py:93} INFO - --- done ---
[2026-06-18T04:24:11.099+0000] {subprocess.py:93} INFO - 
[2026-06-18T04:24:11.609+0000] {subprocess.py:97} INFO - Command exited with return code 0
[2026-06-18T04:24:11.614+0000] {taskinstance.py:441} INFO - ::group::Post task execution logs
[2026-06-18T04:24:11.667+0000] {taskinstance.py:1206} INFO - Marking task as SUCCESS. dag_id=credit_default_ml_pipeline, task_id=feature_pipeline.feature_silver_lms, run_id=scheduled__2024-06-01T00:00:00+00:00, execution_date=20240601T000000, start_date=20260618T042353, end_date=20260618T042411
[2026-06-18T04:24:11.717+0000] {local_task_job_runner.py:243} INFO - Task exited with return code 0
[2026-06-18T04:24:11.734+0000] {local_task_job_runner.py:222} INFO - ::endgroup::
