[2026-06-17T01:21:49.826+0000] {local_task_job_runner.py:120} INFO - ::group::Pre task execution logs
[2026-06-17T01:21:49.844+0000] {taskinstance.py:2076} INFO - Dependencies all met for dep_context=non-requeueable deps ti=<TaskInstance: credit_default_ml_pipeline.feature_pipeline.feature_bronze_financials scheduled__2024-08-01T00:00:00+00:00 [queued]>
[2026-06-17T01:21:49.857+0000] {taskinstance.py:2076} INFO - Dependencies all met for dep_context=requeueable deps ti=<TaskInstance: credit_default_ml_pipeline.feature_pipeline.feature_bronze_financials scheduled__2024-08-01T00:00:00+00:00 [queued]>
[2026-06-17T01:21:49.858+0000] {taskinstance.py:2306} INFO - Starting attempt 2 of 3
[2026-06-17T01:21:49.866+0000] {taskinstance.py:2330} INFO - Executing <Task(BashOperator): feature_pipeline.feature_bronze_financials> on 2024-08-01 00:00:00+00:00
[2026-06-17T01:21:49.871+0000] {logging_mixin.py:188} WARNING - /home/***/.local/lib/python3.12/site-packages/***/task/task_runner/standard_task_runner.py:62 DeprecationWarning: This process (pid=418) is multi-threaded, use of fork() may lead to deadlocks in the child.
[2026-06-17T01:21:49.873+0000] {standard_task_runner.py:64} INFO - Started process 422 to run task
[2026-06-17T01:21:49.872+0000] {standard_task_runner.py:90} INFO - Running: ['***', 'tasks', 'run', 'credit_default_ml_pipeline', 'feature_pipeline.feature_bronze_financials', 'scheduled__2024-08-01T00:00:00+00:00', '--job-id', '734', '--raw', '--subdir', 'DAGS_FOLDER/dag.py', '--cfg-path', '/tmp/tmpe6o4qfe2']
[2026-06-17T01:21:49.874+0000] {standard_task_runner.py:91} INFO - Job 734: Subtask feature_pipeline.feature_bronze_financials
[2026-06-17T01:21:49.904+0000] {task_command.py:426} INFO - Running <TaskInstance: credit_default_ml_pipeline.feature_pipeline.feature_bronze_financials scheduled__2024-08-01T00:00:00+00:00 [running]> on host 2b9b50b7433d
[2026-06-17T01:21:49.945+0000] {taskinstance.py:2648} INFO - Exporting env vars: AIRFLOW_CTX_DAG_OWNER='***' AIRFLOW_CTX_DAG_ID='credit_default_ml_pipeline' AIRFLOW_CTX_TASK_ID='feature_pipeline.feature_bronze_financials' AIRFLOW_CTX_EXECUTION_DATE='2024-08-01T00:00:00+00:00' AIRFLOW_CTX_TRY_NUMBER='2' AIRFLOW_CTX_DAG_RUN_ID='scheduled__2024-08-01T00:00:00+00:00'
[2026-06-17T01:21:49.946+0000] {taskinstance.py:430} INFO - ::endgroup::
[2026-06-17T01:21:49.952+0000] {subprocess.py:63} INFO - Tmp dir root location: /tmp
[2026-06-17T01:21:49.952+0000] {subprocess.py:75} INFO - Running command: ['/usr/bin/bash', '-c', 'cd /opt/***/scripts && python3 bronze_processing.py --snapshotdate "2024-08-01" --source financials']
[2026-06-17T01:21:49.957+0000] {subprocess.py:86} INFO - Output:
[2026-06-17T01:21:51.644+0000] {subprocess.py:93} INFO - Setting default log level to "WARN".
[2026-06-17T01:21:51.647+0000] {subprocess.py:93} INFO - To adjust logging level use sc.setLogLevel(newLevel). For SparkR, use setLogLevel(newLevel).
[2026-06-17T01:21:51.800+0000] {subprocess.py:93} INFO - 26/06/17 01:21:51 WARN NativeCodeLoader: Unable to load native-hadoop library for your platform... using builtin-java classes where applicable
[2026-06-17T01:22:02.307+0000] {subprocess.py:93} INFO - [Stage 1:>                                                          (0 + 1) / 1]                                                                                [Stage 2:>                                                          (0 + 1) / 1]
[2026-06-17T01:22:02.322+0000] {subprocess.py:93} INFO - --- bronze financials 2024-08-01 ---
[2026-06-17T01:22:02.323+0000] {subprocess.py:93} INFO - 
[2026-06-17T01:22:02.326+0000] {subprocess.py:93} INFO - [bronze:financials] 2024-08-01 row count: 543
[2026-06-17T01:22:02.330+0000] {subprocess.py:93} INFO - [bronze:financials] saved to: datamart/bronze/financials/bronze_financials_2024_08_01.csv
[2026-06-17T01:22:02.341+0000] {subprocess.py:93} INFO - 
[2026-06-17T01:22:02.342+0000] {subprocess.py:93} INFO - --- done ---
[2026-06-17T01:22:02.344+0000] {subprocess.py:93} INFO - 
[2026-06-17T01:22:03.032+0000] {subprocess.py:97} INFO - Command exited with return code 0
[2026-06-17T01:22:03.036+0000] {taskinstance.py:441} INFO - ::group::Post task execution logs
[2026-06-17T01:22:03.110+0000] {taskinstance.py:1206} INFO - Marking task as SUCCESS. dag_id=credit_default_ml_pipeline, task_id=feature_pipeline.feature_bronze_financials, run_id=scheduled__2024-08-01T00:00:00+00:00, execution_date=20240801T000000, start_date=20260617T012149, end_date=20260617T012203
[2026-06-17T01:22:03.168+0000] {local_task_job_runner.py:243} INFO - Task exited with return code 0
[2026-06-17T01:22:03.235+0000] {taskinstance.py:3503} INFO - 1 downstream tasks scheduled from follow-on schedule check
[2026-06-17T01:22:03.239+0000] {local_task_job_runner.py:222} INFO - ::endgroup::
