[2026-06-16T15:40:26.666+0000] {local_task_job_runner.py:120} INFO - ::group::Pre task execution logs
[2026-06-16T15:40:26.684+0000] {taskinstance.py:2076} INFO - Dependencies all met for dep_context=non-requeueable deps ti=<TaskInstance: credit_default_ml_pipeline.feature_pipeline.feature_bronze_financials scheduled__2024-04-01T00:00:00+00:00 [queued]>
[2026-06-16T15:40:26.689+0000] {taskinstance.py:2076} INFO - Dependencies all met for dep_context=requeueable deps ti=<TaskInstance: credit_default_ml_pipeline.feature_pipeline.feature_bronze_financials scheduled__2024-04-01T00:00:00+00:00 [queued]>
[2026-06-16T15:40:26.691+0000] {taskinstance.py:2306} INFO - Starting attempt 1 of 2
[2026-06-16T15:40:26.700+0000] {taskinstance.py:2330} INFO - Executing <Task(BashOperator): feature_pipeline.feature_bronze_financials> on 2024-04-01 00:00:00+00:00
[2026-06-16T15:40:26.707+0000] {logging_mixin.py:188} WARNING - /home/***/.local/lib/python3.12/site-packages/***/task/task_runner/standard_task_runner.py:62 DeprecationWarning: This process (pid=7210) is multi-threaded, use of fork() may lead to deadlocks in the child.
[2026-06-16T15:40:26.706+0000] {standard_task_runner.py:90} INFO - Running: ['***', 'tasks', 'run', 'credit_default_ml_pipeline', 'feature_pipeline.feature_bronze_financials', 'scheduled__2024-04-01T00:00:00+00:00', '--job-id', '285', '--raw', '--subdir', 'DAGS_FOLDER/dag.py', '--cfg-path', '/tmp/tmpo9yennhb']
[2026-06-16T15:40:26.709+0000] {standard_task_runner.py:64} INFO - Started process 7214 to run task
[2026-06-16T15:40:26.710+0000] {standard_task_runner.py:91} INFO - Job 285: Subtask feature_pipeline.feature_bronze_financials
[2026-06-16T15:40:26.745+0000] {task_command.py:426} INFO - Running <TaskInstance: credit_default_ml_pipeline.feature_pipeline.feature_bronze_financials scheduled__2024-04-01T00:00:00+00:00 [running]> on host 2b9b50b7433d
[2026-06-16T15:40:26.788+0000] {taskinstance.py:2648} INFO - Exporting env vars: AIRFLOW_CTX_DAG_OWNER='***' AIRFLOW_CTX_DAG_ID='credit_default_ml_pipeline' AIRFLOW_CTX_TASK_ID='feature_pipeline.feature_bronze_financials' AIRFLOW_CTX_EXECUTION_DATE='2024-04-01T00:00:00+00:00' AIRFLOW_CTX_TRY_NUMBER='1' AIRFLOW_CTX_DAG_RUN_ID='scheduled__2024-04-01T00:00:00+00:00'
[2026-06-16T15:40:26.790+0000] {taskinstance.py:430} INFO - ::endgroup::
[2026-06-16T15:40:26.797+0000] {subprocess.py:63} INFO - Tmp dir root location: /tmp
[2026-06-16T15:40:26.798+0000] {subprocess.py:75} INFO - Running command: ['/usr/bin/bash', '-c', 'cd /opt/***/scripts && python3 bronze_processing.py --snapshotdate "2024-04-01" --source financials']
[2026-06-16T15:40:26.803+0000] {subprocess.py:86} INFO - Output:
[2026-06-16T15:40:28.356+0000] {subprocess.py:93} INFO - Setting default log level to "WARN".
[2026-06-16T15:40:28.358+0000] {subprocess.py:93} INFO - To adjust logging level use sc.setLogLevel(newLevel). For SparkR, use setLogLevel(newLevel).
[2026-06-16T15:40:28.507+0000] {subprocess.py:93} INFO - 26/06/16 15:40:28 WARN NativeCodeLoader: Unable to load native-hadoop library for your platform... using builtin-java classes where applicable
[2026-06-16T15:40:29.119+0000] {subprocess.py:93} INFO - 26/06/16 15:40:29 WARN Utils: Service 'SparkUI' could not bind on port 4040. Attempting port 4041.
[2026-06-16T15:40:29.120+0000] {subprocess.py:93} INFO - 26/06/16 15:40:29 WARN Utils: Service 'SparkUI' could not bind on port 4041. Attempting port 4042.
[2026-06-16T15:40:29.123+0000] {subprocess.py:93} INFO - 26/06/16 15:40:29 WARN Utils: Service 'SparkUI' could not bind on port 4042. Attempting port 4043.
[2026-06-16T15:40:35.931+0000] {subprocess.py:93} INFO - [Stage 1:>                                                          (0 + 1) / 1]
[2026-06-16T15:40:35.934+0000] {subprocess.py:93} INFO - --- bronze financials 2024-04-01 ---
[2026-06-16T15:40:35.935+0000] {subprocess.py:93} INFO - 
[2026-06-16T15:40:35.936+0000] {subprocess.py:93} INFO - [bronze:financials] 2024-04-01 row count: 513
[2026-06-16T15:40:35.937+0000] {subprocess.py:93} INFO - [bronze:financials] saved to: datamart/bronze/financials/bronze_financials_2024_04_01.csv
[2026-06-16T15:40:35.940+0000] {subprocess.py:93} INFO - 
[2026-06-16T15:40:35.941+0000] {subprocess.py:93} INFO - --- done ---
[2026-06-16T15:40:35.943+0000] {subprocess.py:93} INFO - 
[2026-06-16T15:40:36.448+0000] {subprocess.py:97} INFO - Command exited with return code 0
[2026-06-16T15:40:36.450+0000] {taskinstance.py:441} INFO - ::group::Post task execution logs
[2026-06-16T15:40:36.477+0000] {taskinstance.py:1206} INFO - Marking task as SUCCESS. dag_id=credit_default_ml_pipeline, task_id=feature_pipeline.feature_bronze_financials, run_id=scheduled__2024-04-01T00:00:00+00:00, execution_date=20240401T000000, start_date=20260616T154026, end_date=20260616T154036
[2026-06-16T15:40:36.513+0000] {local_task_job_runner.py:243} INFO - Task exited with return code 0
[2026-06-16T15:40:36.539+0000] {taskinstance.py:3503} INFO - 1 downstream tasks scheduled from follow-on schedule check
[2026-06-16T15:40:36.541+0000] {local_task_job_runner.py:222} INFO - ::endgroup::
[2026-06-20T06:33:52.947+0000] {local_task_job_runner.py:120} INFO - ::group::Pre task execution logs
[2026-06-20T06:33:52.961+0000] {taskinstance.py:2076} INFO - Dependencies all met for dep_context=non-requeueable deps ti=<TaskInstance: credit_default_ml_pipeline.feature_pipeline.feature_bronze_financials scheduled__2024-04-01T00:00:00+00:00 [queued]>
[2026-06-20T06:33:52.966+0000] {taskinstance.py:2076} INFO - Dependencies all met for dep_context=requeueable deps ti=<TaskInstance: credit_default_ml_pipeline.feature_pipeline.feature_bronze_financials scheduled__2024-04-01T00:00:00+00:00 [queued]>
[2026-06-20T06:33:52.968+0000] {taskinstance.py:2306} INFO - Starting attempt 1 of 2
[2026-06-20T06:33:52.977+0000] {taskinstance.py:2330} INFO - Executing <Task(BashOperator): feature_pipeline.feature_bronze_financials> on 2024-04-01 00:00:00+00:00
[2026-06-20T06:33:52.983+0000] {logging_mixin.py:188} WARNING - /home/***/.local/lib/python3.12/site-packages/***/task/task_runner/standard_task_runner.py:62 DeprecationWarning: This process (pid=57578) is multi-threaded, use of fork() may lead to deadlocks in the child.
[2026-06-20T06:33:52.983+0000] {standard_task_runner.py:90} INFO - Running: ['***', 'tasks', 'run', 'credit_default_ml_pipeline', 'feature_pipeline.feature_bronze_financials', 'scheduled__2024-04-01T00:00:00+00:00', '--job-id', '1725', '--raw', '--subdir', 'DAGS_FOLDER/dag.py', '--cfg-path', '/tmp/tmpmx6zxcjo']
[2026-06-20T06:33:52.984+0000] {standard_task_runner.py:64} INFO - Started process 57584 to run task
[2026-06-20T06:33:52.985+0000] {standard_task_runner.py:91} INFO - Job 1725: Subtask feature_pipeline.feature_bronze_financials
[2026-06-20T06:33:53.114+0000] {task_command.py:426} INFO - Running <TaskInstance: credit_default_ml_pipeline.feature_pipeline.feature_bronze_financials scheduled__2024-04-01T00:00:00+00:00 [running]> on host 9cf341f51c89
[2026-06-20T06:33:53.145+0000] {taskinstance.py:2648} INFO - Exporting env vars: AIRFLOW_CTX_DAG_OWNER='***' AIRFLOW_CTX_DAG_ID='credit_default_ml_pipeline' AIRFLOW_CTX_TASK_ID='feature_pipeline.feature_bronze_financials' AIRFLOW_CTX_EXECUTION_DATE='2024-04-01T00:00:00+00:00' AIRFLOW_CTX_TRY_NUMBER='1' AIRFLOW_CTX_DAG_RUN_ID='scheduled__2024-04-01T00:00:00+00:00'
[2026-06-20T06:33:53.147+0000] {taskinstance.py:430} INFO - ::endgroup::
[2026-06-20T06:33:53.152+0000] {subprocess.py:63} INFO - Tmp dir root location: /tmp
[2026-06-20T06:33:53.152+0000] {subprocess.py:75} INFO - Running command: ['/usr/bin/bash', '-c', 'cd /opt/***/scripts && python3 bronze_processing.py --snapshotdate "2024-04-01" --source financials']
[2026-06-20T06:33:53.160+0000] {subprocess.py:86} INFO - Output:
[2026-06-20T06:33:54.692+0000] {subprocess.py:93} INFO - Setting default log level to "WARN".
[2026-06-20T06:33:54.694+0000] {subprocess.py:93} INFO - To adjust logging level use sc.setLogLevel(newLevel). For SparkR, use setLogLevel(newLevel).
[2026-06-20T06:33:54.841+0000] {subprocess.py:93} INFO - 26/06/20 06:33:54 WARN NativeCodeLoader: Unable to load native-hadoop library for your platform... using builtin-java classes where applicable
[2026-06-20T06:33:55.446+0000] {subprocess.py:93} INFO - 26/06/20 06:33:55 WARN Utils: Service 'SparkUI' could not bind on port 4040. Attempting port 4041.
[2026-06-20T06:34:02.780+0000] {subprocess.py:93} INFO - 
[2026-06-20T06:34:02.783+0000] {subprocess.py:93} INFO - --- bronze financials 2024-04-01 ---
[2026-06-20T06:34:02.788+0000] {subprocess.py:93} INFO - 
[2026-06-20T06:34:02.791+0000] {subprocess.py:93} INFO - [bronze:financials] 2024-04-01 row count: 513
[2026-06-20T06:34:02.793+0000] {subprocess.py:93} INFO - [bronze:financials] saved to: datamart/bronze/financials/bronze_financials_2024_04_01.csv
[2026-06-20T06:34:02.796+0000] {subprocess.py:93} INFO - 
[2026-06-20T06:34:02.797+0000] {subprocess.py:93} INFO - --- done ---
[2026-06-20T06:34:02.798+0000] {subprocess.py:93} INFO - 
[2026-06-20T06:34:03.408+0000] {subprocess.py:97} INFO - Command exited with return code 0
[2026-06-20T06:34:03.409+0000] {taskinstance.py:441} INFO - ::group::Post task execution logs
[2026-06-20T06:34:03.432+0000] {taskinstance.py:1206} INFO - Marking task as SUCCESS. dag_id=credit_default_ml_pipeline, task_id=feature_pipeline.feature_bronze_financials, run_id=scheduled__2024-04-01T00:00:00+00:00, execution_date=20240401T000000, start_date=20260620T063352, end_date=20260620T063403
[2026-06-20T06:34:03.467+0000] {local_task_job_runner.py:243} INFO - Task exited with return code 0
[2026-06-20T06:34:03.488+0000] {taskinstance.py:3503} INFO - 1 downstream tasks scheduled from follow-on schedule check
[2026-06-20T06:34:03.490+0000] {local_task_job_runner.py:222} INFO - ::endgroup::
[2026-06-20T07:54:24.944+0000] {local_task_job_runner.py:120} INFO - ::group::Pre task execution logs
[2026-06-20T07:54:24.962+0000] {taskinstance.py:2076} INFO - Dependencies all met for dep_context=non-requeueable deps ti=<TaskInstance: credit_default_ml_pipeline.feature_pipeline.feature_bronze_financials scheduled__2024-04-01T00:00:00+00:00 [queued]>
[2026-06-20T07:54:24.969+0000] {taskinstance.py:2076} INFO - Dependencies all met for dep_context=requeueable deps ti=<TaskInstance: credit_default_ml_pipeline.feature_pipeline.feature_bronze_financials scheduled__2024-04-01T00:00:00+00:00 [queued]>
[2026-06-20T07:54:24.970+0000] {taskinstance.py:2306} INFO - Starting attempt 1 of 2
[2026-06-20T07:54:24.981+0000] {taskinstance.py:2330} INFO - Executing <Task(BashOperator): feature_pipeline.feature_bronze_financials> on 2024-04-01 00:00:00+00:00
[2026-06-20T07:54:24.986+0000] {logging_mixin.py:188} WARNING - /home/***/.local/lib/python3.12/site-packages/***/task/task_runner/standard_task_runner.py:62 DeprecationWarning: This process (pid=43189) is multi-threaded, use of fork() may lead to deadlocks in the child.
[2026-06-20T07:54:24.987+0000] {standard_task_runner.py:90} INFO - Running: ['***', 'tasks', 'run', 'credit_default_ml_pipeline', 'feature_pipeline.feature_bronze_financials', 'scheduled__2024-04-01T00:00:00+00:00', '--job-id', '2222', '--raw', '--subdir', 'DAGS_FOLDER/dag.py', '--cfg-path', '/tmp/tmppb70m9k9']
[2026-06-20T07:54:24.988+0000] {standard_task_runner.py:64} INFO - Started process 43197 to run task
[2026-06-20T07:54:24.989+0000] {standard_task_runner.py:91} INFO - Job 2222: Subtask feature_pipeline.feature_bronze_financials
[2026-06-20T07:54:25.183+0000] {task_command.py:426} INFO - Running <TaskInstance: credit_default_ml_pipeline.feature_pipeline.feature_bronze_financials scheduled__2024-04-01T00:00:00+00:00 [running]> on host 9cf341f51c89
[2026-06-20T07:54:25.229+0000] {taskinstance.py:2648} INFO - Exporting env vars: AIRFLOW_CTX_DAG_OWNER='***' AIRFLOW_CTX_DAG_ID='credit_default_ml_pipeline' AIRFLOW_CTX_TASK_ID='feature_pipeline.feature_bronze_financials' AIRFLOW_CTX_EXECUTION_DATE='2024-04-01T00:00:00+00:00' AIRFLOW_CTX_TRY_NUMBER='1' AIRFLOW_CTX_DAG_RUN_ID='scheduled__2024-04-01T00:00:00+00:00'
[2026-06-20T07:54:25.230+0000] {taskinstance.py:430} INFO - ::endgroup::
[2026-06-20T07:54:25.237+0000] {subprocess.py:63} INFO - Tmp dir root location: /tmp
[2026-06-20T07:54:25.238+0000] {subprocess.py:75} INFO - Running command: ['/usr/bin/bash', '-c', 'cd /opt/***/scripts && python3 bronze_processing.py --snapshotdate "2024-04-01" --source financials']
[2026-06-20T07:54:25.244+0000] {subprocess.py:86} INFO - Output:
[2026-06-20T07:54:27.711+0000] {subprocess.py:93} INFO - Setting default log level to "WARN".
[2026-06-20T07:54:27.713+0000] {subprocess.py:93} INFO - To adjust logging level use sc.setLogLevel(newLevel). For SparkR, use setLogLevel(newLevel).
[2026-06-20T07:54:28.036+0000] {subprocess.py:93} INFO - 26/06/20 07:54:28 WARN NativeCodeLoader: Unable to load native-hadoop library for your platform... using builtin-java classes where applicable
[2026-06-20T07:54:28.963+0000] {subprocess.py:93} INFO - 26/06/20 07:54:28 WARN Utils: Service 'SparkUI' could not bind on port 4040. Attempting port 4041.
[2026-06-20T07:54:28.969+0000] {subprocess.py:93} INFO - 26/06/20 07:54:28 WARN Utils: Service 'SparkUI' could not bind on port 4041. Attempting port 4042.
[2026-06-20T07:54:28.970+0000] {subprocess.py:93} INFO - 26/06/20 07:54:28 WARN Utils: Service 'SparkUI' could not bind on port 4042. Attempting port 4043.
[2026-06-20T07:54:38.932+0000] {subprocess.py:93} INFO - [Stage 0:>                                                          (0 + 1) / 1]                                                                                [Stage 1:>                                                          (0 + 1) / 1]                                                                                [Stage 2:>                                                          (0 + 1) / 1]
[2026-06-20T07:54:38.938+0000] {subprocess.py:93} INFO - --- bronze financials 2024-04-01 ---
[2026-06-20T07:54:38.952+0000] {subprocess.py:93} INFO - 
[2026-06-20T07:54:38.963+0000] {subprocess.py:93} INFO - [bronze:financials] 2024-04-01 row count: 513
[2026-06-20T07:54:38.975+0000] {subprocess.py:93} INFO - [bronze:financials] saved to: datamart/bronze/financials/bronze_financials_2024_04_01.csv
[2026-06-20T07:54:38.992+0000] {subprocess.py:93} INFO - 
[2026-06-20T07:54:39.003+0000] {subprocess.py:93} INFO - --- done ---
[2026-06-20T07:54:39.007+0000] {subprocess.py:93} INFO - 
[2026-06-20T07:54:39.544+0000] {subprocess.py:97} INFO - Command exited with return code 0
[2026-06-20T07:54:39.546+0000] {taskinstance.py:441} INFO - ::group::Post task execution logs
[2026-06-20T07:54:39.575+0000] {taskinstance.py:1206} INFO - Marking task as SUCCESS. dag_id=credit_default_ml_pipeline, task_id=feature_pipeline.feature_bronze_financials, run_id=scheduled__2024-04-01T00:00:00+00:00, execution_date=20240401T000000, start_date=20260620T075424, end_date=20260620T075439
[2026-06-20T07:54:39.631+0000] {local_task_job_runner.py:243} INFO - Task exited with return code 0
[2026-06-20T07:54:39.673+0000] {taskinstance.py:3503} INFO - 1 downstream tasks scheduled from follow-on schedule check
[2026-06-20T07:54:39.675+0000] {local_task_job_runner.py:222} INFO - ::endgroup::
[2026-06-20T15:51:56.187+0000] {local_task_job_runner.py:120} INFO - ::group::Pre task execution logs
[2026-06-20T15:51:56.203+0000] {taskinstance.py:2076} INFO - Dependencies all met for dep_context=non-requeueable deps ti=<TaskInstance: credit_default_ml_pipeline.feature_pipeline.feature_bronze_financials scheduled__2024-04-01T00:00:00+00:00 [queued]>
[2026-06-20T15:51:56.208+0000] {taskinstance.py:2076} INFO - Dependencies all met for dep_context=requeueable deps ti=<TaskInstance: credit_default_ml_pipeline.feature_pipeline.feature_bronze_financials scheduled__2024-04-01T00:00:00+00:00 [queued]>
[2026-06-20T15:51:56.209+0000] {taskinstance.py:2306} INFO - Starting attempt 1 of 2
[2026-06-20T15:51:56.215+0000] {taskinstance.py:2330} INFO - Executing <Task(BashOperator): feature_pipeline.feature_bronze_financials> on 2024-04-01 00:00:00+00:00
[2026-06-20T15:51:56.219+0000] {logging_mixin.py:188} WARNING - /home/***/.local/lib/python3.12/site-packages/***/task/task_runner/standard_task_runner.py:62 DeprecationWarning: This process (pid=29568) is multi-threaded, use of fork() may lead to deadlocks in the child.
[2026-06-20T15:51:56.220+0000] {standard_task_runner.py:90} INFO - Running: ['***', 'tasks', 'run', 'credit_default_ml_pipeline', 'feature_pipeline.feature_bronze_financials', 'scheduled__2024-04-01T00:00:00+00:00', '--job-id', '2690', '--raw', '--subdir', 'DAGS_FOLDER/dag.py', '--cfg-path', '/tmp/tmpb_ytqg9i']
[2026-06-20T15:51:56.222+0000] {standard_task_runner.py:64} INFO - Started process 29574 to run task
[2026-06-20T15:51:56.222+0000] {standard_task_runner.py:91} INFO - Job 2690: Subtask feature_pipeline.feature_bronze_financials
[2026-06-20T15:51:56.353+0000] {task_command.py:426} INFO - Running <TaskInstance: credit_default_ml_pipeline.feature_pipeline.feature_bronze_financials scheduled__2024-04-01T00:00:00+00:00 [running]> on host 9cf341f51c89
[2026-06-20T15:51:56.391+0000] {taskinstance.py:2648} INFO - Exporting env vars: AIRFLOW_CTX_DAG_OWNER='***' AIRFLOW_CTX_DAG_ID='credit_default_ml_pipeline' AIRFLOW_CTX_TASK_ID='feature_pipeline.feature_bronze_financials' AIRFLOW_CTX_EXECUTION_DATE='2024-04-01T00:00:00+00:00' AIRFLOW_CTX_TRY_NUMBER='1' AIRFLOW_CTX_DAG_RUN_ID='scheduled__2024-04-01T00:00:00+00:00'
[2026-06-20T15:51:56.392+0000] {taskinstance.py:430} INFO - ::endgroup::
[2026-06-20T15:51:56.396+0000] {subprocess.py:63} INFO - Tmp dir root location: /tmp
[2026-06-20T15:51:56.398+0000] {subprocess.py:75} INFO - Running command: ['/usr/bin/bash', '-c', 'cd /opt/***/scripts && python3 bronze_processing.py --snapshotdate "2024-04-01" --source financials']
[2026-06-20T15:51:56.406+0000] {subprocess.py:86} INFO - Output:
[2026-06-20T15:51:58.060+0000] {subprocess.py:93} INFO - Setting default log level to "WARN".
[2026-06-20T15:51:58.063+0000] {subprocess.py:93} INFO - To adjust logging level use sc.setLogLevel(newLevel). For SparkR, use setLogLevel(newLevel).
[2026-06-20T15:51:58.209+0000] {subprocess.py:93} INFO - 26/06/20 15:51:58 WARN NativeCodeLoader: Unable to load native-hadoop library for your platform... using builtin-java classes where applicable
[2026-06-20T15:51:58.817+0000] {subprocess.py:93} INFO - 26/06/20 15:51:58 WARN Utils: Service 'SparkUI' could not bind on port 4040. Attempting port 4041.
[2026-06-20T15:52:07.114+0000] {subprocess.py:93} INFO - 
[2026-06-20T15:52:07.132+0000] {subprocess.py:93} INFO - --- bronze financials 2024-04-01 ---
[2026-06-20T15:52:07.139+0000] {subprocess.py:93} INFO - 
[2026-06-20T15:52:07.141+0000] {subprocess.py:93} INFO - [bronze:financials] 2024-04-01 row count: 513
[2026-06-20T15:52:07.147+0000] {subprocess.py:93} INFO - [bronze:financials] saved to: datamart/bronze/financials/bronze_financials_2024_04_01.csv
[2026-06-20T15:52:07.149+0000] {subprocess.py:93} INFO - 
[2026-06-20T15:52:07.150+0000] {subprocess.py:93} INFO - --- done ---
[2026-06-20T15:52:07.152+0000] {subprocess.py:93} INFO - 
[2026-06-20T15:52:07.721+0000] {subprocess.py:97} INFO - Command exited with return code 0
[2026-06-20T15:52:07.724+0000] {taskinstance.py:441} INFO - ::group::Post task execution logs
[2026-06-20T15:52:07.802+0000] {taskinstance.py:1206} INFO - Marking task as SUCCESS. dag_id=credit_default_ml_pipeline, task_id=feature_pipeline.feature_bronze_financials, run_id=scheduled__2024-04-01T00:00:00+00:00, execution_date=20240401T000000, start_date=20260620T155156, end_date=20260620T155207
[2026-06-20T15:52:07.876+0000] {local_task_job_runner.py:243} INFO - Task exited with return code 0
[2026-06-20T15:52:07.914+0000] {taskinstance.py:3503} INFO - 1 downstream tasks scheduled from follow-on schedule check
[2026-06-20T15:52:07.916+0000] {local_task_job_runner.py:222} INFO - ::endgroup::
[2026-06-20T17:46:51.067+0000] {local_task_job_runner.py:120} INFO - ::group::Pre task execution logs
[2026-06-20T17:46:51.080+0000] {taskinstance.py:2076} INFO - Dependencies all met for dep_context=non-requeueable deps ti=<TaskInstance: credit_default_ml_pipeline.feature_pipeline.feature_bronze_financials scheduled__2024-04-01T00:00:00+00:00 [queued]>
[2026-06-20T17:46:51.084+0000] {taskinstance.py:2076} INFO - Dependencies all met for dep_context=requeueable deps ti=<TaskInstance: credit_default_ml_pipeline.feature_pipeline.feature_bronze_financials scheduled__2024-04-01T00:00:00+00:00 [queued]>
[2026-06-20T17:46:51.085+0000] {taskinstance.py:2306} INFO - Starting attempt 1 of 2
[2026-06-20T17:46:51.092+0000] {taskinstance.py:2330} INFO - Executing <Task(BashOperator): feature_pipeline.feature_bronze_financials> on 2024-04-01 00:00:00+00:00
[2026-06-20T17:46:51.096+0000] {logging_mixin.py:188} WARNING - /home/***/.local/lib/python3.12/site-packages/***/task/task_runner/standard_task_runner.py:62 DeprecationWarning: This process (pid=47919) is multi-threaded, use of fork() may lead to deadlocks in the child.
[2026-06-20T17:46:51.098+0000] {standard_task_runner.py:64} INFO - Started process 47927 to run task
[2026-06-20T17:46:51.097+0000] {standard_task_runner.py:90} INFO - Running: ['***', 'tasks', 'run', 'credit_default_ml_pipeline', 'feature_pipeline.feature_bronze_financials', 'scheduled__2024-04-01T00:00:00+00:00', '--job-id', '3270', '--raw', '--subdir', 'DAGS_FOLDER/dag.py', '--cfg-path', '/tmp/tmp2qprp0xg']
[2026-06-20T17:46:51.100+0000] {standard_task_runner.py:91} INFO - Job 3270: Subtask feature_pipeline.feature_bronze_financials
[2026-06-20T17:46:51.232+0000] {task_command.py:426} INFO - Running <TaskInstance: credit_default_ml_pipeline.feature_pipeline.feature_bronze_financials scheduled__2024-04-01T00:00:00+00:00 [running]> on host 9cf341f51c89
[2026-06-20T17:46:51.268+0000] {taskinstance.py:2648} INFO - Exporting env vars: AIRFLOW_CTX_DAG_OWNER='***' AIRFLOW_CTX_DAG_ID='credit_default_ml_pipeline' AIRFLOW_CTX_TASK_ID='feature_pipeline.feature_bronze_financials' AIRFLOW_CTX_EXECUTION_DATE='2024-04-01T00:00:00+00:00' AIRFLOW_CTX_TRY_NUMBER='1' AIRFLOW_CTX_DAG_RUN_ID='scheduled__2024-04-01T00:00:00+00:00'
[2026-06-20T17:46:51.270+0000] {taskinstance.py:430} INFO - ::endgroup::
[2026-06-20T17:46:51.277+0000] {subprocess.py:63} INFO - Tmp dir root location: /tmp
[2026-06-20T17:46:51.278+0000] {subprocess.py:75} INFO - Running command: ['/usr/bin/bash', '-c', 'cd /opt/***/scripts && python3 bronze_processing.py --snapshotdate "2024-04-01" --source financials']
[2026-06-20T17:46:51.282+0000] {subprocess.py:86} INFO - Output:
[2026-06-20T17:46:52.810+0000] {subprocess.py:93} INFO - Setting default log level to "WARN".
[2026-06-20T17:46:52.811+0000] {subprocess.py:93} INFO - To adjust logging level use sc.setLogLevel(newLevel). For SparkR, use setLogLevel(newLevel).
[2026-06-20T17:46:53.005+0000] {subprocess.py:93} INFO - 26/06/20 17:46:53 WARN NativeCodeLoader: Unable to load native-hadoop library for your platform... using builtin-java classes where applicable
[2026-06-20T17:46:53.629+0000] {subprocess.py:93} INFO - 26/06/20 17:46:53 WARN Utils: Service 'SparkUI' could not bind on port 4040. Attempting port 4041.
[2026-06-20T17:46:53.631+0000] {subprocess.py:93} INFO - 26/06/20 17:46:53 WARN Utils: Service 'SparkUI' could not bind on port 4041. Attempting port 4042.
[2026-06-20T17:47:03.525+0000] {subprocess.py:93} INFO - [Stage 1:>                                                          (0 + 1) / 1]                                                                                [Stage 2:>                                                          (0 + 1) / 1]
[2026-06-20T17:47:03.528+0000] {subprocess.py:93} INFO - --- bronze financials 2024-04-01 ---
[2026-06-20T17:47:03.529+0000] {subprocess.py:93} INFO - 
[2026-06-20T17:47:03.530+0000] {subprocess.py:93} INFO - [bronze:financials] 2024-04-01 row count: 513
[2026-06-20T17:47:03.530+0000] {subprocess.py:93} INFO - [bronze:financials] saved to: datamart/bronze/financials/bronze_financials_2024_04_01.csv
[2026-06-20T17:47:03.532+0000] {subprocess.py:93} INFO - 
[2026-06-20T17:47:03.535+0000] {subprocess.py:93} INFO - --- done ---
[2026-06-20T17:47:03.538+0000] {subprocess.py:93} INFO - 
[2026-06-20T17:47:04.118+0000] {subprocess.py:97} INFO - Command exited with return code 0
[2026-06-20T17:47:04.121+0000] {taskinstance.py:441} INFO - ::group::Post task execution logs
[2026-06-20T17:47:04.148+0000] {taskinstance.py:1206} INFO - Marking task as SUCCESS. dag_id=credit_default_ml_pipeline, task_id=feature_pipeline.feature_bronze_financials, run_id=scheduled__2024-04-01T00:00:00+00:00, execution_date=20240401T000000, start_date=20260620T174651, end_date=20260620T174704
[2026-06-20T17:47:04.166+0000] {local_task_job_runner.py:243} INFO - Task exited with return code 0
[2026-06-20T17:47:04.197+0000] {taskinstance.py:3503} INFO - 1 downstream tasks scheduled from follow-on schedule check
[2026-06-20T17:47:04.199+0000] {local_task_job_runner.py:222} INFO - ::endgroup::
[2026-06-21T02:42:57.061+0000] {local_task_job_runner.py:120} INFO - ::group::Pre task execution logs
[2026-06-21T02:42:57.075+0000] {taskinstance.py:2076} INFO - Dependencies all met for dep_context=non-requeueable deps ti=<TaskInstance: credit_default_ml_pipeline.feature_pipeline.feature_bronze_financials scheduled__2024-04-01T00:00:00+00:00 [queued]>
[2026-06-21T02:42:57.080+0000] {taskinstance.py:2076} INFO - Dependencies all met for dep_context=requeueable deps ti=<TaskInstance: credit_default_ml_pipeline.feature_pipeline.feature_bronze_financials scheduled__2024-04-01T00:00:00+00:00 [queued]>
[2026-06-21T02:42:57.082+0000] {taskinstance.py:2306} INFO - Starting attempt 1 of 2
[2026-06-21T02:42:57.089+0000] {taskinstance.py:2330} INFO - Executing <Task(BashOperator): feature_pipeline.feature_bronze_financials> on 2024-04-01 00:00:00+00:00
[2026-06-21T02:42:57.093+0000] {logging_mixin.py:188} WARNING - /home/***/.local/lib/python3.12/site-packages/***/task/task_runner/standard_task_runner.py:62 DeprecationWarning: This process (pid=47362) is multi-threaded, use of fork() may lead to deadlocks in the child.
[2026-06-21T02:42:57.094+0000] {standard_task_runner.py:64} INFO - Started process 47370 to run task
[2026-06-21T02:42:57.094+0000] {standard_task_runner.py:90} INFO - Running: ['***', 'tasks', 'run', 'credit_default_ml_pipeline', 'feature_pipeline.feature_bronze_financials', 'scheduled__2024-04-01T00:00:00+00:00', '--job-id', '3735', '--raw', '--subdir', 'DAGS_FOLDER/dag.py', '--cfg-path', '/tmp/tmpuok8fg1e']
[2026-06-21T02:42:57.096+0000] {standard_task_runner.py:91} INFO - Job 3735: Subtask feature_pipeline.feature_bronze_financials
[2026-06-21T02:42:57.126+0000] {task_command.py:426} INFO - Running <TaskInstance: credit_default_ml_pipeline.feature_pipeline.feature_bronze_financials scheduled__2024-04-01T00:00:00+00:00 [running]> on host f6e9e2801916
[2026-06-21T02:42:57.271+0000] {taskinstance.py:2648} INFO - Exporting env vars: AIRFLOW_CTX_DAG_OWNER='***' AIRFLOW_CTX_DAG_ID='credit_default_ml_pipeline' AIRFLOW_CTX_TASK_ID='feature_pipeline.feature_bronze_financials' AIRFLOW_CTX_EXECUTION_DATE='2024-04-01T00:00:00+00:00' AIRFLOW_CTX_TRY_NUMBER='1' AIRFLOW_CTX_DAG_RUN_ID='scheduled__2024-04-01T00:00:00+00:00'
[2026-06-21T02:42:57.272+0000] {taskinstance.py:430} INFO - ::endgroup::
[2026-06-21T02:42:57.280+0000] {subprocess.py:63} INFO - Tmp dir root location: /tmp
[2026-06-21T02:42:57.281+0000] {subprocess.py:75} INFO - Running command: ['/usr/bin/bash', '-c', 'cd /opt/***/scripts && python3 bronze_processing.py --snapshotdate "2024-04-01" --source financials']
[2026-06-21T02:42:57.289+0000] {subprocess.py:86} INFO - Output:
[2026-06-21T02:42:58.770+0000] {subprocess.py:93} INFO - Setting default log level to "WARN".
[2026-06-21T02:42:58.773+0000] {subprocess.py:93} INFO - To adjust logging level use sc.setLogLevel(newLevel). For SparkR, use setLogLevel(newLevel).
[2026-06-21T02:42:58.911+0000] {subprocess.py:93} INFO - 26/06/21 02:42:58 WARN NativeCodeLoader: Unable to load native-hadoop library for your platform... using builtin-java classes where applicable
[2026-06-21T02:43:06.286+0000] {subprocess.py:93} INFO - 
[2026-06-21T02:43:06.288+0000] {subprocess.py:93} INFO - --- bronze financials 2024-04-01 ---
[2026-06-21T02:43:06.289+0000] {subprocess.py:93} INFO - 
[2026-06-21T02:43:06.290+0000] {subprocess.py:93} INFO - [bronze:financials] 2024-04-01 row count: 513
[2026-06-21T02:43:06.291+0000] {subprocess.py:93} INFO - [bronze:financials] saved to: datamart/bronze/financials/bronze_financials_2024_04_01.csv
[2026-06-21T02:43:06.292+0000] {subprocess.py:93} INFO - 
[2026-06-21T02:43:06.294+0000] {subprocess.py:93} INFO - --- done ---
[2026-06-21T02:43:06.294+0000] {subprocess.py:93} INFO - 
[2026-06-21T02:43:06.784+0000] {subprocess.py:97} INFO - Command exited with return code 0
[2026-06-21T02:43:06.786+0000] {taskinstance.py:441} INFO - ::group::Post task execution logs
[2026-06-21T02:43:06.808+0000] {taskinstance.py:1206} INFO - Marking task as SUCCESS. dag_id=credit_default_ml_pipeline, task_id=feature_pipeline.feature_bronze_financials, run_id=scheduled__2024-04-01T00:00:00+00:00, execution_date=20240401T000000, start_date=20260621T024257, end_date=20260621T024306
[2026-06-21T02:43:06.844+0000] {local_task_job_runner.py:243} INFO - Task exited with return code 0
[2026-06-21T02:43:07.066+0000] {taskinstance.py:3503} INFO - 1 downstream tasks scheduled from follow-on schedule check
[2026-06-21T02:43:07.067+0000] {local_task_job_runner.py:222} INFO - ::endgroup::
[2026-06-21T06:08:16.407+0000] {local_task_job_runner.py:120} INFO - ::group::Pre task execution logs
[2026-06-21T06:08:16.438+0000] {taskinstance.py:2076} INFO - Dependencies all met for dep_context=non-requeueable deps ti=<TaskInstance: credit_default_ml_pipeline.feature_pipeline.feature_bronze_financials scheduled__2024-04-01T00:00:00+00:00 [queued]>
[2026-06-21T06:08:16.446+0000] {taskinstance.py:2076} INFO - Dependencies all met for dep_context=requeueable deps ti=<TaskInstance: credit_default_ml_pipeline.feature_pipeline.feature_bronze_financials scheduled__2024-04-01T00:00:00+00:00 [queued]>
[2026-06-21T06:08:16.448+0000] {taskinstance.py:2306} INFO - Starting attempt 1 of 2
[2026-06-21T06:08:16.463+0000] {taskinstance.py:2330} INFO - Executing <Task(BashOperator): feature_pipeline.feature_bronze_financials> on 2024-04-01 00:00:00+00:00
[2026-06-21T06:08:16.471+0000] {logging_mixin.py:188} WARNING - /home/***/.local/lib/python3.12/site-packages/***/task/task_runner/standard_task_runner.py:62 DeprecationWarning: This process (pid=48597) is multi-threaded, use of fork() may lead to deadlocks in the child.
[2026-06-21T06:08:16.473+0000] {standard_task_runner.py:64} INFO - Started process 48603 to run task
[2026-06-21T06:08:16.472+0000] {standard_task_runner.py:90} INFO - Running: ['***', 'tasks', 'run', 'credit_default_ml_pipeline', 'feature_pipeline.feature_bronze_financials', 'scheduled__2024-04-01T00:00:00+00:00', '--job-id', '4197', '--raw', '--subdir', 'DAGS_FOLDER/dag.py', '--cfg-path', '/tmp/tmp729_tyes']
[2026-06-21T06:08:16.475+0000] {standard_task_runner.py:91} INFO - Job 4197: Subtask feature_pipeline.feature_bronze_financials
[2026-06-21T06:08:16.721+0000] {task_command.py:426} INFO - Running <TaskInstance: credit_default_ml_pipeline.feature_pipeline.feature_bronze_financials scheduled__2024-04-01T00:00:00+00:00 [running]> on host 9377a3f0491f
[2026-06-21T06:08:16.800+0000] {taskinstance.py:2648} INFO - Exporting env vars: AIRFLOW_CTX_DAG_OWNER='***' AIRFLOW_CTX_DAG_ID='credit_default_ml_pipeline' AIRFLOW_CTX_TASK_ID='feature_pipeline.feature_bronze_financials' AIRFLOW_CTX_EXECUTION_DATE='2024-04-01T00:00:00+00:00' AIRFLOW_CTX_TRY_NUMBER='1' AIRFLOW_CTX_DAG_RUN_ID='scheduled__2024-04-01T00:00:00+00:00'
[2026-06-21T06:08:16.802+0000] {taskinstance.py:430} INFO - ::endgroup::
[2026-06-21T06:08:16.812+0000] {subprocess.py:63} INFO - Tmp dir root location: /tmp
[2026-06-21T06:08:16.814+0000] {subprocess.py:75} INFO - Running command: ['/usr/bin/bash', '-c', 'cd /opt/***/scripts && python3 bronze_processing.py --snapshotdate "2024-04-01" --source financials']
[2026-06-21T06:08:16.824+0000] {subprocess.py:86} INFO - Output:
[2026-06-21T06:08:20.043+0000] {subprocess.py:93} INFO - Setting default log level to "WARN".
[2026-06-21T06:08:20.046+0000] {subprocess.py:93} INFO - To adjust logging level use sc.setLogLevel(newLevel). For SparkR, use setLogLevel(newLevel).
[2026-06-21T06:08:20.331+0000] {subprocess.py:93} INFO - 26/06/21 06:08:20 WARN NativeCodeLoader: Unable to load native-hadoop library for your platform... using builtin-java classes where applicable
[2026-06-21T06:08:33.228+0000] {subprocess.py:93} INFO - [Stage 1:>                                                          (0 + 1) / 1]
[2026-06-21T06:08:33.252+0000] {subprocess.py:93} INFO - --- bronze financials 2024-04-01 ---
[2026-06-21T06:08:33.255+0000] {subprocess.py:93} INFO - 
[2026-06-21T06:08:33.258+0000] {subprocess.py:93} INFO - [bronze:financials] 2024-04-01 row count: 513
[2026-06-21T06:08:33.262+0000] {subprocess.py:93} INFO - [bronze:financials] saved to: datamart/bronze/financials/bronze_financials_2024_04_01.csv
[2026-06-21T06:08:33.266+0000] {subprocess.py:93} INFO - 
[2026-06-21T06:08:33.270+0000] {subprocess.py:93} INFO - --- done ---
[2026-06-21T06:08:33.273+0000] {subprocess.py:93} INFO - 
[2026-06-21T06:08:34.031+0000] {subprocess.py:97} INFO - Command exited with return code 0
[2026-06-21T06:08:34.033+0000] {taskinstance.py:441} INFO - ::group::Post task execution logs
[2026-06-21T06:08:34.080+0000] {taskinstance.py:1206} INFO - Marking task as SUCCESS. dag_id=credit_default_ml_pipeline, task_id=feature_pipeline.feature_bronze_financials, run_id=scheduled__2024-04-01T00:00:00+00:00, execution_date=20240401T000000, start_date=20260621T060816, end_date=20260621T060834
[2026-06-21T06:08:34.145+0000] {local_task_job_runner.py:243} INFO - Task exited with return code 0
[2026-06-21T06:08:34.157+0000] {local_task_job_runner.py:222} INFO - ::endgroup::
