[2026-06-18T04:17:04.548+0000] {local_task_job_runner.py:120} INFO - ::group::Pre task execution logs
[2026-06-18T04:17:04.579+0000] {taskinstance.py:2076} INFO - Dependencies all met for dep_context=non-requeueable deps ti=<TaskInstance: credit_default_ml_pipeline.feature_pipeline.feature_bronze_financials scheduled__2024-04-01T00:00:00+00:00 [queued]>
[2026-06-18T04:17:04.587+0000] {taskinstance.py:2076} INFO - Dependencies all met for dep_context=requeueable deps ti=<TaskInstance: credit_default_ml_pipeline.feature_pipeline.feature_bronze_financials scheduled__2024-04-01T00:00:00+00:00 [queued]>
[2026-06-18T04:17:04.588+0000] {taskinstance.py:2306} INFO - Starting attempt 3 of 4
[2026-06-18T04:17:04.601+0000] {taskinstance.py:2330} INFO - Executing <Task(BashOperator): feature_pipeline.feature_bronze_financials> on 2024-04-01 00:00:00+00:00
[2026-06-18T04:17:04.609+0000] {logging_mixin.py:188} WARNING - /home/***/.local/lib/python3.12/site-packages/***/task/task_runner/standard_task_runner.py:62 DeprecationWarning: This process (pid=72334) is multi-threaded, use of fork() may lead to deadlocks in the child.
[2026-06-18T04:17:04.610+0000] {standard_task_runner.py:64} INFO - Started process 72340 to run task
[2026-06-18T04:17:04.614+0000] {standard_task_runner.py:90} INFO - Running: ['***', 'tasks', 'run', 'credit_default_ml_pipeline', 'feature_pipeline.feature_bronze_financials', 'scheduled__2024-04-01T00:00:00+00:00', '--job-id', '1176', '--raw', '--subdir', 'DAGS_FOLDER/dag.py', '--cfg-path', '/tmp/tmprcdalocq']
[2026-06-18T04:17:04.616+0000] {standard_task_runner.py:91} INFO - Job 1176: Subtask feature_pipeline.feature_bronze_financials
[2026-06-18T04:17:04.659+0000] {task_command.py:426} INFO - Running <TaskInstance: credit_default_ml_pipeline.feature_pipeline.feature_bronze_financials scheduled__2024-04-01T00:00:00+00:00 [running]> on host bfbc24b887a5
[2026-06-18T04:17:04.964+0000] {taskinstance.py:2648} INFO - Exporting env vars: AIRFLOW_CTX_DAG_OWNER='***' AIRFLOW_CTX_DAG_ID='credit_default_ml_pipeline' AIRFLOW_CTX_TASK_ID='feature_pipeline.feature_bronze_financials' AIRFLOW_CTX_EXECUTION_DATE='2024-04-01T00:00:00+00:00' AIRFLOW_CTX_TRY_NUMBER='3' AIRFLOW_CTX_DAG_RUN_ID='scheduled__2024-04-01T00:00:00+00:00'
[2026-06-18T04:17:04.967+0000] {taskinstance.py:430} INFO - ::endgroup::
[2026-06-18T04:17:04.978+0000] {subprocess.py:63} INFO - Tmp dir root location: /tmp
[2026-06-18T04:17:04.979+0000] {subprocess.py:75} INFO - Running command: ['/usr/bin/bash', '-c', 'cd /opt/***/scripts && python3 bronze_processing.py --snapshotdate "2024-04-01" --source financials']
[2026-06-18T04:17:04.993+0000] {subprocess.py:86} INFO - Output:
[2026-06-18T04:17:07.860+0000] {subprocess.py:93} INFO - Setting default log level to "WARN".
[2026-06-18T04:17:07.862+0000] {subprocess.py:93} INFO - To adjust logging level use sc.setLogLevel(newLevel). For SparkR, use setLogLevel(newLevel).
[2026-06-18T04:17:08.146+0000] {subprocess.py:93} INFO - 26/06/18 04:17:08 WARN NativeCodeLoader: Unable to load native-hadoop library for your platform... using builtin-java classes where applicable
[2026-06-18T04:17:09.269+0000] {subprocess.py:93} INFO - 26/06/18 04:17:09 WARN Utils: Service 'SparkUI' could not bind on port 4040. Attempting port 4041.
[2026-06-18T04:17:20.354+0000] {subprocess.py:93} INFO - [Stage 1:>                                                          (0 + 1) / 1]                                                                                [Stage 2:>                                                          (0 + 1) / 1]
[2026-06-18T04:17:20.357+0000] {subprocess.py:93} INFO - --- bronze financials 2024-04-01 ---
[2026-06-18T04:17:20.359+0000] {subprocess.py:93} INFO - 
[2026-06-18T04:17:20.360+0000] {subprocess.py:93} INFO - [bronze:financials] 2024-04-01 row count: 513
[2026-06-18T04:17:20.362+0000] {subprocess.py:93} INFO - [bronze:financials] saved to: datamart/bronze/financials/bronze_financials_2024_04_01.csv
[2026-06-18T04:17:20.363+0000] {subprocess.py:93} INFO - 
[2026-06-18T04:17:20.363+0000] {subprocess.py:93} INFO - --- done ---
[2026-06-18T04:17:20.368+0000] {subprocess.py:93} INFO - 
[2026-06-18T04:17:21.243+0000] {subprocess.py:97} INFO - Command exited with return code 0
[2026-06-18T04:17:21.320+0000] {taskinstance.py:441} INFO - ::group::Post task execution logs
[2026-06-18T04:17:21.429+0000] {taskinstance.py:1206} INFO - Marking task as SUCCESS. dag_id=credit_default_ml_pipeline, task_id=feature_pipeline.feature_bronze_financials, run_id=scheduled__2024-04-01T00:00:00+00:00, execution_date=20240401T000000, start_date=20260618T041704, end_date=20260618T041721
[2026-06-18T04:17:21.507+0000] {local_task_job_runner.py:243} INFO - Task exited with return code 0
[2026-06-18T04:17:21.991+0000] {taskinstance.py:3503} INFO - 1 downstream tasks scheduled from follow-on schedule check
[2026-06-18T04:17:21.993+0000] {local_task_job_runner.py:222} INFO - ::endgroup::
