[2026-06-18T03:40:15.916+0000] {local_task_job_runner.py:120} INFO - ::group::Pre task execution logs
[2026-06-18T03:40:15.942+0000] {taskinstance.py:2076} INFO - Dependencies all met for dep_context=non-requeueable deps ti=<TaskInstance: credit_default_ml_pipeline.feature_pipeline.feature_bronze_clickstream scheduled__2023-02-01T00:00:00+00:00 [queued]>
[2026-06-18T03:40:15.950+0000] {taskinstance.py:2076} INFO - Dependencies all met for dep_context=requeueable deps ti=<TaskInstance: credit_default_ml_pipeline.feature_pipeline.feature_bronze_clickstream scheduled__2023-02-01T00:00:00+00:00 [queued]>
[2026-06-18T03:40:15.951+0000] {taskinstance.py:2306} INFO - Starting attempt 4 of 5
[2026-06-18T03:40:15.965+0000] {taskinstance.py:2330} INFO - Executing <Task(BashOperator): feature_pipeline.feature_bronze_clickstream> on 2023-02-01 00:00:00+00:00
[2026-06-18T03:40:15.973+0000] {logging_mixin.py:188} WARNING - /home/***/.local/lib/python3.12/site-packages/***/task/task_runner/standard_task_runner.py:62 DeprecationWarning: This process (pid=30459) is multi-threaded, use of fork() may lead to deadlocks in the child.
[2026-06-18T03:40:15.975+0000] {standard_task_runner.py:64} INFO - Started process 30467 to run task
[2026-06-18T03:40:15.974+0000] {standard_task_runner.py:90} INFO - Running: ['***', 'tasks', 'run', 'credit_default_ml_pipeline', 'feature_pipeline.feature_bronze_clickstream', 'scheduled__2023-02-01T00:00:00+00:00', '--job-id', '943', '--raw', '--subdir', 'DAGS_FOLDER/dag.py', '--cfg-path', '/tmp/tmpxrpi5xtz']
[2026-06-18T03:40:15.976+0000] {standard_task_runner.py:91} INFO - Job 943: Subtask feature_pipeline.feature_bronze_clickstream
[2026-06-18T03:40:16.012+0000] {task_command.py:426} INFO - Running <TaskInstance: credit_default_ml_pipeline.feature_pipeline.feature_bronze_clickstream scheduled__2023-02-01T00:00:00+00:00 [running]> on host bfbc24b887a5
[2026-06-18T03:40:16.206+0000] {taskinstance.py:2648} INFO - Exporting env vars: AIRFLOW_CTX_DAG_OWNER='***' AIRFLOW_CTX_DAG_ID='credit_default_ml_pipeline' AIRFLOW_CTX_TASK_ID='feature_pipeline.feature_bronze_clickstream' AIRFLOW_CTX_EXECUTION_DATE='2023-02-01T00:00:00+00:00' AIRFLOW_CTX_TRY_NUMBER='4' AIRFLOW_CTX_DAG_RUN_ID='scheduled__2023-02-01T00:00:00+00:00'
[2026-06-18T03:40:16.207+0000] {taskinstance.py:430} INFO - ::endgroup::
[2026-06-18T03:40:16.213+0000] {subprocess.py:63} INFO - Tmp dir root location: /tmp
[2026-06-18T03:40:16.215+0000] {subprocess.py:75} INFO - Running command: ['/usr/bin/bash', '-c', 'cd /opt/***/scripts && python3 bronze_processing.py --snapshotdate "2023-02-01" --source clickstream']
[2026-06-18T03:40:16.221+0000] {subprocess.py:86} INFO - Output:
[2026-06-18T03:40:18.183+0000] {subprocess.py:93} INFO - Setting default log level to "WARN".
[2026-06-18T03:40:18.186+0000] {subprocess.py:93} INFO - To adjust logging level use sc.setLogLevel(newLevel). For SparkR, use setLogLevel(newLevel).
[2026-06-18T03:40:18.425+0000] {subprocess.py:93} INFO - 26/06/18 03:40:18 WARN NativeCodeLoader: Unable to load native-hadoop library for your platform... using builtin-java classes where applicable
[2026-06-18T03:40:19.461+0000] {subprocess.py:93} INFO - 26/06/18 03:40:19 WARN Utils: Service 'SparkUI' could not bind on port 4040. Attempting port 4041.
[2026-06-18T03:40:19.464+0000] {subprocess.py:93} INFO - 26/06/18 03:40:19 WARN Utils: Service 'SparkUI' could not bind on port 4041. Attempting port 4042.
[2026-06-18T03:40:19.466+0000] {subprocess.py:93} INFO - 26/06/18 03:40:19 WARN Utils: Service 'SparkUI' could not bind on port 4042. Attempting port 4043.
[2026-06-18T03:40:28.893+0000] {subprocess.py:93} INFO - [Stage 1:>                                                          (0 + 5) / 5][Stage 1:===============================================>           (4 + 1) / 5]
[2026-06-18T03:40:28.900+0000] {subprocess.py:93} INFO - --- bronze clickstream 2023-02-01 ---
[2026-06-18T03:40:28.901+0000] {subprocess.py:93} INFO - 
[2026-06-18T03:40:28.902+0000] {subprocess.py:93} INFO - [bronze:clickstream] 2023-02-01 row count: 8974
[2026-06-18T03:40:28.903+0000] {subprocess.py:93} INFO - [bronze:clickstream] saved to: datamart/bronze/clickstream/bronze_clickstream_2023_02_01.csv
[2026-06-18T03:40:28.906+0000] {subprocess.py:93} INFO - 
[2026-06-18T03:40:28.907+0000] {subprocess.py:93} INFO - --- done ---
[2026-06-18T03:40:28.909+0000] {subprocess.py:93} INFO - 
[2026-06-18T03:40:29.440+0000] {subprocess.py:97} INFO - Command exited with return code 0
[2026-06-18T03:40:29.443+0000] {taskinstance.py:441} INFO - ::group::Post task execution logs
[2026-06-18T03:40:29.491+0000] {taskinstance.py:1206} INFO - Marking task as SUCCESS. dag_id=credit_default_ml_pipeline, task_id=feature_pipeline.feature_bronze_clickstream, run_id=scheduled__2023-02-01T00:00:00+00:00, execution_date=20230201T000000, start_date=20260618T034015, end_date=20260618T034029
[2026-06-18T03:40:29.527+0000] {local_task_job_runner.py:243} INFO - Task exited with return code 0
[2026-06-18T03:40:29.788+0000] {taskinstance.py:3503} INFO - 1 downstream tasks scheduled from follow-on schedule check
[2026-06-18T03:40:29.789+0000] {local_task_job_runner.py:222} INFO - ::endgroup::
