[2026-06-20T08:23:36.017+0000] {local_task_job_runner.py:120} INFO - ::group::Pre task execution logs
[2026-06-20T08:23:36.037+0000] {taskinstance.py:2076} INFO - Dependencies all met for dep_context=non-requeueable deps ti=<TaskInstance: credit_default_ml_pipeline.training.model_select scheduled__2024-12-01T00:00:00+00:00 [queued]>
[2026-06-20T08:23:36.044+0000] {taskinstance.py:2076} INFO - Dependencies all met for dep_context=requeueable deps ti=<TaskInstance: credit_default_ml_pipeline.training.model_select scheduled__2024-12-01T00:00:00+00:00 [queued]>
[2026-06-20T08:23:36.045+0000] {taskinstance.py:2306} INFO - Starting attempt 1 of 2
[2026-06-20T08:23:36.163+0000] {taskinstance.py:2330} INFO - Executing <Task(BashOperator): training.model_select> on 2024-12-01 00:00:00+00:00
[2026-06-20T08:23:36.169+0000] {logging_mixin.py:188} WARNING - /home/***/.local/lib/python3.12/site-packages/***/task/task_runner/standard_task_runner.py:62 DeprecationWarning: This process (pid=76297) is multi-threaded, use of fork() may lead to deadlocks in the child.
[2026-06-20T08:23:36.170+0000] {standard_task_runner.py:64} INFO - Started process 76299 to run task
[2026-06-20T08:23:36.169+0000] {standard_task_runner.py:90} INFO - Running: ['***', 'tasks', 'run', 'credit_default_ml_pipeline', 'training.model_select', 'scheduled__2024-12-01T00:00:00+00:00', '--job-id', '2397', '--raw', '--subdir', 'DAGS_FOLDER/dag.py', '--cfg-path', '/tmp/tmpgffzd7gk']
[2026-06-20T08:23:36.171+0000] {standard_task_runner.py:91} INFO - Job 2397: Subtask training.model_select
[2026-06-20T08:23:36.206+0000] {task_command.py:426} INFO - Running <TaskInstance: credit_default_ml_pipeline.training.model_select scheduled__2024-12-01T00:00:00+00:00 [running]> on host 9cf341f51c89
[2026-06-20T08:23:36.262+0000] {taskinstance.py:2648} INFO - Exporting env vars: AIRFLOW_CTX_DAG_OWNER='***' AIRFLOW_CTX_DAG_ID='credit_default_ml_pipeline' AIRFLOW_CTX_TASK_ID='training.model_select' AIRFLOW_CTX_EXECUTION_DATE='2024-12-01T00:00:00+00:00' AIRFLOW_CTX_TRY_NUMBER='1' AIRFLOW_CTX_DAG_RUN_ID='scheduled__2024-12-01T00:00:00+00:00'
[2026-06-20T08:23:36.263+0000] {taskinstance.py:430} INFO - ::endgroup::
[2026-06-20T08:23:36.273+0000] {subprocess.py:63} INFO - Tmp dir root location: /tmp
[2026-06-20T08:23:36.274+0000] {subprocess.py:75} INFO - Running command: ['/usr/bin/bash', '-c', 'cd /opt/***/scripts && python3 model_select.py --snapshotdate "2024-12-01"']
[2026-06-20T08:23:36.279+0000] {subprocess.py:86} INFO - Output:
[2026-06-20T08:23:37.390+0000] {subprocess.py:93} INFO - 
[2026-06-20T08:23:37.391+0000] {subprocess.py:93} INFO - --- model selection 2024-12-01 (tt_months=12) ---
[2026-06-20T08:23:37.392+0000] {subprocess.py:93} INFO - 
[2026-06-20T08:23:37.392+0000] {subprocess.py:93} INFO -   xgb       OOT AUC = 0.9286  (credit_xgb_2024_12_01.pkl)
[2026-06-20T08:23:37.392+0000] {subprocess.py:93} INFO -   logreg    OOT AUC = 0.9123  (credit_logreg_2024_12_01.pkl)
[2026-06-20T08:23:37.393+0000] {subprocess.py:93} INFO - 
[2026-06-20T08:23:37.393+0000] {subprocess.py:93} INFO - CHAMPION: xgb (OOT AUC 0.9286)  vs  logreg (OOT AUC 0.9123)  margin: 0.0163
[2026-06-20T08:23:37.395+0000] {subprocess.py:93} INFO - wrote champion.txt -> credit_xgb_2024_12_01.pkl
[2026-06-20T08:23:37.396+0000] {subprocess.py:93} INFO - 
[2026-06-20T08:23:37.396+0000] {subprocess.py:93} INFO - --- done ---
[2026-06-20T08:23:37.397+0000] {subprocess.py:93} INFO - 
[2026-06-20T08:23:37.499+0000] {subprocess.py:97} INFO - Command exited with return code 0
[2026-06-20T08:23:37.501+0000] {taskinstance.py:441} INFO - ::group::Post task execution logs
[2026-06-20T08:23:37.519+0000] {taskinstance.py:1206} INFO - Marking task as SUCCESS. dag_id=credit_default_ml_pipeline, task_id=training.model_select, run_id=scheduled__2024-12-01T00:00:00+00:00, execution_date=20241201T000000, start_date=20260620T082336, end_date=20260620T082337
[2026-06-20T08:23:37.558+0000] {local_task_job_runner.py:243} INFO - Task exited with return code 0
[2026-06-20T08:23:37.576+0000] {taskinstance.py:3503} INFO - 0 downstream tasks scheduled from follow-on schedule check
[2026-06-20T08:23:37.579+0000] {local_task_job_runner.py:222} INFO - ::endgroup::
