[2026-06-20T16:41:41.505+0000] {local_task_job_runner.py:120} INFO - ::group::Pre task execution logs
[2026-06-20T16:41:41.517+0000] {taskinstance.py:2076} INFO - Dependencies all met for dep_context=non-requeueable deps ti=<TaskInstance: credit_default_ml_pipeline.training.training_gate scheduled__2024-09-01T00:00:00+00:00 [queued]>
[2026-06-20T16:41:41.521+0000] {taskinstance.py:2076} INFO - Dependencies all met for dep_context=requeueable deps ti=<TaskInstance: credit_default_ml_pipeline.training.training_gate scheduled__2024-09-01T00:00:00+00:00 [queued]>
[2026-06-20T16:41:41.522+0000] {taskinstance.py:2306} INFO - Starting attempt 2 of 3
[2026-06-20T16:41:41.527+0000] {taskinstance.py:2330} INFO - Executing <Task(BranchPythonOperator): training.training_gate> on 2024-09-01 00:00:00+00:00
[2026-06-20T16:41:41.530+0000] {logging_mixin.py:188} WARNING - /home/***/.local/lib/python3.12/site-packages/***/task/task_runner/standard_task_runner.py:62 DeprecationWarning: This process (pid=63551) is multi-threaded, use of fork() may lead to deadlocks in the child.
[2026-06-20T16:41:41.531+0000] {standard_task_runner.py:64} INFO - Started process 63553 to run task
[2026-06-20T16:41:41.530+0000] {standard_task_runner.py:90} INFO - Running: ['***', 'tasks', 'run', 'credit_default_ml_pipeline', 'training.training_gate', 'scheduled__2024-09-01T00:00:00+00:00', '--job-id', '2881', '--raw', '--subdir', 'DAGS_FOLDER/dag.py', '--cfg-path', '/tmp/tmp4iy_iyoa']
[2026-06-20T16:41:41.532+0000] {standard_task_runner.py:91} INFO - Job 2881: Subtask training.training_gate
[2026-06-20T16:41:41.626+0000] {task_command.py:426} INFO - Running <TaskInstance: credit_default_ml_pipeline.training.training_gate scheduled__2024-09-01T00:00:00+00:00 [running]> on host 9cf341f51c89
[2026-06-20T16:41:41.652+0000] {taskinstance.py:2648} INFO - Exporting env vars: AIRFLOW_CTX_DAG_OWNER='***' AIRFLOW_CTX_DAG_ID='credit_default_ml_pipeline' AIRFLOW_CTX_TASK_ID='training.training_gate' AIRFLOW_CTX_EXECUTION_DATE='2024-09-01T00:00:00+00:00' AIRFLOW_CTX_TRY_NUMBER='2' AIRFLOW_CTX_DAG_RUN_ID='scheduled__2024-09-01T00:00:00+00:00'
[2026-06-20T16:41:41.653+0000] {taskinstance.py:430} INFO - ::endgroup::
[2026-06-20T16:41:41.657+0000] {baseoperator.py:400} WARNING - BranchPythonOperator.execute cannot be called outside TaskInstance!
[2026-06-20T16:41:41.658+0000] {logging_mixin.py:188} INFO - [training] 2024-09-01 is the bootstrap month — training initial model.
[2026-06-20T16:41:41.658+0000] {python.py:237} INFO - Done. Returned value was: training.start_training
[2026-06-20T16:41:41.658+0000] {branch.py:36} INFO - Branch into training.start_training
[2026-06-20T16:41:41.658+0000] {skipmixin.py:178} INFO - Following branch training.start_training
[2026-06-20T16:41:41.663+0000] {skipmixin.py:246} INFO - Skipping tasks [('training.skip_training', -1)]
[2026-06-20T16:41:41.670+0000] {taskinstance.py:441} INFO - ::group::Post task execution logs
[2026-06-20T16:41:41.676+0000] {taskinstance.py:1206} INFO - Marking task as SUCCESS. dag_id=credit_default_ml_pipeline, task_id=training.training_gate, run_id=scheduled__2024-09-01T00:00:00+00:00, execution_date=20240901T000000, start_date=20260620T164141, end_date=20260620T164141
[2026-06-20T16:41:41.715+0000] {local_task_job_runner.py:243} INFO - Task exited with return code 0
[2026-06-20T16:41:41.794+0000] {taskinstance.py:3503} INFO - 0 downstream tasks scheduled from follow-on schedule check
[2026-06-20T16:41:41.796+0000] {local_task_job_runner.py:222} INFO - ::endgroup::
