[2026-06-16T14:53:27.794+0000] {local_task_job_runner.py:120} INFO - ::group::Pre task execution logs
[2026-06-16T14:53:27.817+0000] {taskinstance.py:2076} INFO - Dependencies all met for dep_context=non-requeueable deps ti=<TaskInstance: credit_default_ml_pipeline.feature_pipeline.feature_silver_attributes scheduled__2023-05-01T00:00:00+00:00 [queued]>
[2026-06-16T14:53:27.820+0000] {taskinstance.py:2076} INFO - Dependencies all met for dep_context=requeueable deps ti=<TaskInstance: credit_default_ml_pipeline.feature_pipeline.feature_silver_attributes scheduled__2023-05-01T00:00:00+00:00 [queued]>
[2026-06-16T14:53:27.821+0000] {taskinstance.py:2306} INFO - Starting attempt 1 of 2
[2026-06-16T14:53:27.828+0000] {taskinstance.py:2330} INFO - Executing <Task(BashOperator): feature_pipeline.feature_silver_attributes> on 2023-05-01 00:00:00+00:00
[2026-06-16T14:53:27.832+0000] {logging_mixin.py:188} WARNING - /home/***/.local/lib/python3.12/site-packages/***/task/task_runner/standard_task_runner.py:62 DeprecationWarning: This process (pid=30800) is multi-threaded, use of fork() may lead to deadlocks in the child.
[2026-06-16T14:53:27.833+0000] {standard_task_runner.py:64} INFO - Started process 30805 to run task
[2026-06-16T14:53:27.832+0000] {standard_task_runner.py:90} INFO - Running: ['***', 'tasks', 'run', 'credit_default_ml_pipeline', 'feature_pipeline.feature_silver_attributes', 'scheduled__2023-05-01T00:00:00+00:00', '--job-id', '143', '--raw', '--subdir', 'DAGS_FOLDER/dag.py', '--cfg-path', '/tmp/tmpf4hdj0qy']
[2026-06-16T14:53:27.834+0000] {standard_task_runner.py:91} INFO - Job 143: Subtask feature_pipeline.feature_silver_attributes
[2026-06-16T14:53:27.871+0000] {task_command.py:426} INFO - Running <TaskInstance: credit_default_ml_pipeline.feature_pipeline.feature_silver_attributes scheduled__2023-05-01T00:00:00+00:00 [running]> on host 1cab6e97738a
[2026-06-16T14:53:27.910+0000] {taskinstance.py:2648} INFO - Exporting env vars: AIRFLOW_CTX_DAG_OWNER='***' AIRFLOW_CTX_DAG_ID='credit_default_ml_pipeline' AIRFLOW_CTX_TASK_ID='feature_pipeline.feature_silver_attributes' AIRFLOW_CTX_EXECUTION_DATE='2023-05-01T00:00:00+00:00' AIRFLOW_CTX_TRY_NUMBER='1' AIRFLOW_CTX_DAG_RUN_ID='scheduled__2023-05-01T00:00:00+00:00'
[2026-06-16T14:53:27.911+0000] {taskinstance.py:430} INFO - ::endgroup::
[2026-06-16T14:53:27.921+0000] {subprocess.py:63} INFO - Tmp dir root location: /tmp
[2026-06-16T14:53:27.921+0000] {subprocess.py:75} INFO - Running command: ['/usr/bin/bash', '-c', 'cd /opt/***/scripts && python3 silver_processing.py --snapshotdate "2023-05-01" --source attributes']
[2026-06-16T14:53:27.927+0000] {subprocess.py:86} INFO - Output:
[2026-06-16T14:53:29.744+0000] {subprocess.py:93} INFO - Setting default log level to "WARN".
[2026-06-16T14:53:29.746+0000] {subprocess.py:93} INFO - To adjust logging level use sc.setLogLevel(newLevel). For SparkR, use setLogLevel(newLevel).
[2026-06-16T14:53:29.994+0000] {subprocess.py:93} INFO - 26/06/16 14:53:29 WARN NativeCodeLoader: Unable to load native-hadoop library for your platform... using builtin-java classes where applicable
[2026-06-16T14:53:30.679+0000] {subprocess.py:93} INFO - 26/06/16 14:53:30 WARN Utils: Service 'SparkUI' could not bind on port 4040. Attempting port 4041.
[2026-06-16T14:53:30.681+0000] {subprocess.py:93} INFO - 26/06/16 14:53:30 WARN Utils: Service 'SparkUI' could not bind on port 4041. Attempting port 4042.
[2026-06-16T14:53:30.682+0000] {subprocess.py:93} INFO - 26/06/16 14:53:30 WARN Utils: Service 'SparkUI' could not bind on port 4042. Attempting port 4043.
[2026-06-16T14:53:30.684+0000] {subprocess.py:93} INFO - 26/06/16 14:53:30 WARN Utils: Service 'SparkUI' could not bind on port 4043. Attempting port 4044.
[2026-06-16T14:53:37.505+0000] {subprocess.py:93} INFO - [Stage 5:>                                                          (0 + 1) / 1]
[2026-06-16T14:53:37.508+0000] {subprocess.py:93} INFO - --- silver attributes 2023-05-01 ---
[2026-06-16T14:53:37.509+0000] {subprocess.py:93} INFO - 
[2026-06-16T14:53:37.510+0000] {subprocess.py:93} INFO - [silver:attributes] loaded datamart/bronze/attributes/bronze_attributes_2023_05_01.csv rows: 521
[2026-06-16T14:53:37.511+0000] {subprocess.py:93} INFO - [silver:attributes] saved to: datamart/silver/attributes/2023_05_01.parquet
[2026-06-16T14:53:37.512+0000] {subprocess.py:93} INFO - 
[2026-06-16T14:53:37.513+0000] {subprocess.py:93} INFO - --- done ---
[2026-06-16T14:53:37.514+0000] {subprocess.py:93} INFO - 
[2026-06-16T14:53:37.908+0000] {subprocess.py:97} INFO - Command exited with return code 0
[2026-06-16T14:53:37.909+0000] {taskinstance.py:441} INFO - ::group::Post task execution logs
[2026-06-16T14:53:37.934+0000] {taskinstance.py:1206} INFO - Marking task as SUCCESS. dag_id=credit_default_ml_pipeline, task_id=feature_pipeline.feature_silver_attributes, run_id=scheduled__2023-05-01T00:00:00+00:00, execution_date=20230501T000000, start_date=20260616T145327, end_date=20260616T145337
[2026-06-16T14:53:37.944+0000] {local_task_job_runner.py:243} INFO - Task exited with return code 0
[2026-06-16T14:53:37.971+0000] {taskinstance.py:3503} INFO - 0 downstream tasks scheduled from follow-on schedule check
[2026-06-16T14:53:37.974+0000] {local_task_job_runner.py:222} INFO - ::endgroup::
[2026-06-20T05:45:20.135+0000] {local_task_job_runner.py:120} INFO - ::group::Pre task execution logs
[2026-06-20T05:45:20.149+0000] {taskinstance.py:2076} INFO - Dependencies all met for dep_context=non-requeueable deps ti=<TaskInstance: credit_default_ml_pipeline.feature_pipeline.feature_silver_attributes scheduled__2023-05-01T00:00:00+00:00 [queued]>
[2026-06-20T05:45:20.154+0000] {taskinstance.py:2076} INFO - Dependencies all met for dep_context=requeueable deps ti=<TaskInstance: credit_default_ml_pipeline.feature_pipeline.feature_silver_attributes scheduled__2023-05-01T00:00:00+00:00 [queued]>
[2026-06-20T05:45:20.155+0000] {taskinstance.py:2306} INFO - Starting attempt 1 of 2
[2026-06-20T05:45:20.163+0000] {taskinstance.py:2330} INFO - Executing <Task(BashOperator): feature_pipeline.feature_silver_attributes> on 2023-05-01 00:00:00+00:00
[2026-06-20T05:45:20.167+0000] {logging_mixin.py:188} WARNING - /home/***/.local/lib/python3.12/site-packages/***/task/task_runner/standard_task_runner.py:62 DeprecationWarning: This process (pid=24049) is multi-threaded, use of fork() may lead to deadlocks in the child.
[2026-06-20T05:45:20.168+0000] {standard_task_runner.py:64} INFO - Started process 24058 to run task
[2026-06-20T05:45:20.168+0000] {standard_task_runner.py:90} INFO - Running: ['***', 'tasks', 'run', 'credit_default_ml_pipeline', 'feature_pipeline.feature_silver_attributes', 'scheduled__2023-05-01T00:00:00+00:00', '--job-id', '1524', '--raw', '--subdir', 'DAGS_FOLDER/dag.py', '--cfg-path', '/tmp/tmp48esc1uo']
[2026-06-20T05:45:20.171+0000] {standard_task_runner.py:91} INFO - Job 1524: Subtask feature_pipeline.feature_silver_attributes
[2026-06-20T05:45:20.299+0000] {task_command.py:426} INFO - Running <TaskInstance: credit_default_ml_pipeline.feature_pipeline.feature_silver_attributes scheduled__2023-05-01T00:00:00+00:00 [running]> on host 9cf341f51c89
[2026-06-20T05:45:20.334+0000] {taskinstance.py:2648} INFO - Exporting env vars: AIRFLOW_CTX_DAG_OWNER='***' AIRFLOW_CTX_DAG_ID='credit_default_ml_pipeline' AIRFLOW_CTX_TASK_ID='feature_pipeline.feature_silver_attributes' AIRFLOW_CTX_EXECUTION_DATE='2023-05-01T00:00:00+00:00' AIRFLOW_CTX_TRY_NUMBER='1' AIRFLOW_CTX_DAG_RUN_ID='scheduled__2023-05-01T00:00:00+00:00'
[2026-06-20T05:45:20.334+0000] {taskinstance.py:430} INFO - ::endgroup::
[2026-06-20T05:45:20.339+0000] {subprocess.py:63} INFO - Tmp dir root location: /tmp
[2026-06-20T05:45:20.340+0000] {subprocess.py:75} INFO - Running command: ['/usr/bin/bash', '-c', 'cd /opt/***/scripts && python3 silver_processing.py --snapshotdate "2023-05-01" --source attributes']
[2026-06-20T05:45:20.346+0000] {subprocess.py:86} INFO - Output:
[2026-06-20T05:45:21.935+0000] {subprocess.py:93} INFO - Setting default log level to "WARN".
[2026-06-20T05:45:21.938+0000] {subprocess.py:93} INFO - To adjust logging level use sc.setLogLevel(newLevel). For SparkR, use setLogLevel(newLevel).
[2026-06-20T05:45:22.207+0000] {subprocess.py:93} INFO - 26/06/20 05:45:22 WARN NativeCodeLoader: Unable to load native-hadoop library for your platform... using builtin-java classes where applicable
[2026-06-20T05:45:22.847+0000] {subprocess.py:93} INFO - 26/06/20 05:45:22 WARN Utils: Service 'SparkUI' could not bind on port 4040. Attempting port 4041.
[2026-06-20T05:45:29.688+0000] {subprocess.py:93} INFO - [Stage 5:>                                                          (0 + 1) / 1]
[2026-06-20T05:45:29.689+0000] {subprocess.py:93} INFO - --- silver attributes 2023-05-01 ---
[2026-06-20T05:45:29.690+0000] {subprocess.py:93} INFO - 
[2026-06-20T05:45:29.691+0000] {subprocess.py:93} INFO - [silver:attributes] loaded datamart/bronze/attributes/bronze_attributes_2023_05_01.csv rows: 521
[2026-06-20T05:45:29.691+0000] {subprocess.py:93} INFO - [silver:attributes] saved to: datamart/silver/attributes/2023_05_01.parquet
[2026-06-20T05:45:29.692+0000] {subprocess.py:93} INFO - 
[2026-06-20T05:45:29.692+0000] {subprocess.py:93} INFO - --- done ---
[2026-06-20T05:45:29.693+0000] {subprocess.py:93} INFO - 
[2026-06-20T05:45:30.092+0000] {subprocess.py:97} INFO - Command exited with return code 0
[2026-06-20T05:45:30.093+0000] {taskinstance.py:441} INFO - ::group::Post task execution logs
[2026-06-20T05:45:30.120+0000] {taskinstance.py:1206} INFO - Marking task as SUCCESS. dag_id=credit_default_ml_pipeline, task_id=feature_pipeline.feature_silver_attributes, run_id=scheduled__2023-05-01T00:00:00+00:00, execution_date=20230501T000000, start_date=20260620T054520, end_date=20260620T054530
[2026-06-20T05:45:30.176+0000] {local_task_job_runner.py:243} INFO - Task exited with return code 0
[2026-06-20T05:45:30.194+0000] {taskinstance.py:3503} INFO - 0 downstream tasks scheduled from follow-on schedule check
[2026-06-20T05:45:30.197+0000] {local_task_job_runner.py:222} INFO - ::endgroup::
[2026-06-20T06:52:16.578+0000] {local_task_job_runner.py:120} INFO - ::group::Pre task execution logs
[2026-06-20T06:52:16.600+0000] {taskinstance.py:2076} INFO - Dependencies all met for dep_context=non-requeueable deps ti=<TaskInstance: credit_default_ml_pipeline.feature_pipeline.feature_silver_attributes scheduled__2023-05-01T00:00:00+00:00 [queued]>
[2026-06-20T06:52:16.607+0000] {taskinstance.py:2076} INFO - Dependencies all met for dep_context=requeueable deps ti=<TaskInstance: credit_default_ml_pipeline.feature_pipeline.feature_silver_attributes scheduled__2023-05-01T00:00:00+00:00 [queued]>
[2026-06-20T06:52:16.608+0000] {taskinstance.py:2306} INFO - Starting attempt 1 of 2
[2026-06-20T06:52:16.618+0000] {taskinstance.py:2330} INFO - Executing <Task(BashOperator): feature_pipeline.feature_silver_attributes> on 2023-05-01 00:00:00+00:00
[2026-06-20T06:52:16.625+0000] {standard_task_runner.py:90} INFO - Running: ['***', 'tasks', 'run', 'credit_default_ml_pipeline', 'feature_pipeline.feature_silver_attributes', 'scheduled__2023-05-01T00:00:00+00:00', '--job-id', '1834', '--raw', '--subdir', 'DAGS_FOLDER/dag.py', '--cfg-path', '/tmp/tmpuu8hym_f']
[2026-06-20T06:52:16.626+0000] {standard_task_runner.py:91} INFO - Job 1834: Subtask feature_pipeline.feature_silver_attributes
[2026-06-20T06:52:16.626+0000] {logging_mixin.py:188} WARNING - /home/***/.local/lib/python3.12/site-packages/***/task/task_runner/standard_task_runner.py:62 DeprecationWarning: This process (pid=76809) is multi-threaded, use of fork() may lead to deadlocks in the child.
[2026-06-20T06:52:16.629+0000] {standard_task_runner.py:64} INFO - Started process 76820 to run task
[2026-06-20T06:52:16.782+0000] {task_command.py:426} INFO - Running <TaskInstance: credit_default_ml_pipeline.feature_pipeline.feature_silver_attributes scheduled__2023-05-01T00:00:00+00:00 [running]> on host 9cf341f51c89
[2026-06-20T06:52:16.819+0000] {taskinstance.py:2648} INFO - Exporting env vars: AIRFLOW_CTX_DAG_OWNER='***' AIRFLOW_CTX_DAG_ID='credit_default_ml_pipeline' AIRFLOW_CTX_TASK_ID='feature_pipeline.feature_silver_attributes' AIRFLOW_CTX_EXECUTION_DATE='2023-05-01T00:00:00+00:00' AIRFLOW_CTX_TRY_NUMBER='1' AIRFLOW_CTX_DAG_RUN_ID='scheduled__2023-05-01T00:00:00+00:00'
[2026-06-20T06:52:16.821+0000] {taskinstance.py:430} INFO - ::endgroup::
[2026-06-20T06:52:16.827+0000] {subprocess.py:63} INFO - Tmp dir root location: /tmp
[2026-06-20T06:52:16.828+0000] {subprocess.py:75} INFO - Running command: ['/usr/bin/bash', '-c', 'cd /opt/***/scripts && python3 silver_processing.py --snapshotdate "2023-05-01" --source attributes']
[2026-06-20T06:52:16.833+0000] {subprocess.py:86} INFO - Output:
[2026-06-20T06:52:18.863+0000] {subprocess.py:93} INFO - Setting default log level to "WARN".
[2026-06-20T06:52:18.866+0000] {subprocess.py:93} INFO - To adjust logging level use sc.setLogLevel(newLevel). For SparkR, use setLogLevel(newLevel).
[2026-06-20T06:52:19.014+0000] {subprocess.py:93} INFO - 26/06/20 06:52:19 WARN NativeCodeLoader: Unable to load native-hadoop library for your platform... using builtin-java classes where applicable
[2026-06-20T06:52:19.811+0000] {subprocess.py:93} INFO - 26/06/20 06:52:19 WARN Utils: Service 'SparkUI' could not bind on port 4040. Attempting port 4041.
[2026-06-20T06:52:19.815+0000] {subprocess.py:93} INFO - 26/06/20 06:52:19 WARN Utils: Service 'SparkUI' could not bind on port 4041. Attempting port 4042.
[2026-06-20T06:52:27.690+0000] {subprocess.py:93} INFO - [Stage 5:>                                                          (0 + 1) / 1]
[2026-06-20T06:52:27.692+0000] {subprocess.py:93} INFO - --- silver attributes 2023-05-01 ---
[2026-06-20T06:52:27.693+0000] {subprocess.py:93} INFO - 
[2026-06-20T06:52:27.696+0000] {subprocess.py:93} INFO - [silver:attributes] loaded datamart/bronze/attributes/bronze_attributes_2023_05_01.csv rows: 521
[2026-06-20T06:52:27.697+0000] {subprocess.py:93} INFO - [silver:attributes] saved to: datamart/silver/attributes/2023_05_01.parquet
[2026-06-20T06:52:27.698+0000] {subprocess.py:93} INFO - 
[2026-06-20T06:52:27.702+0000] {subprocess.py:93} INFO - --- done ---
[2026-06-20T06:52:27.703+0000] {subprocess.py:93} INFO - 
[2026-06-20T06:52:28.135+0000] {subprocess.py:97} INFO - Command exited with return code 0
[2026-06-20T06:52:28.137+0000] {taskinstance.py:441} INFO - ::group::Post task execution logs
[2026-06-20T06:52:28.160+0000] {taskinstance.py:1206} INFO - Marking task as SUCCESS. dag_id=credit_default_ml_pipeline, task_id=feature_pipeline.feature_silver_attributes, run_id=scheduled__2023-05-01T00:00:00+00:00, execution_date=20230501T000000, start_date=20260620T065216, end_date=20260620T065228
[2026-06-20T06:52:28.193+0000] {local_task_job_runner.py:243} INFO - Task exited with return code 0
[2026-06-20T06:52:28.212+0000] {taskinstance.py:3503} INFO - 0 downstream tasks scheduled from follow-on schedule check
[2026-06-20T06:52:28.213+0000] {local_task_job_runner.py:222} INFO - ::endgroup::
[2026-06-20T07:20:34.857+0000] {local_task_job_runner.py:120} INFO - ::group::Pre task execution logs
[2026-06-20T07:20:34.877+0000] {taskinstance.py:2076} INFO - Dependencies all met for dep_context=non-requeueable deps ti=<TaskInstance: credit_default_ml_pipeline.feature_pipeline.feature_silver_attributes scheduled__2023-05-01T00:00:00+00:00 [queued]>
[2026-06-20T07:20:34.882+0000] {taskinstance.py:2076} INFO - Dependencies all met for dep_context=requeueable deps ti=<TaskInstance: credit_default_ml_pipeline.feature_pipeline.feature_silver_attributes scheduled__2023-05-01T00:00:00+00:00 [queued]>
[2026-06-20T07:20:34.883+0000] {taskinstance.py:2306} INFO - Starting attempt 1 of 2
[2026-06-20T07:20:34.892+0000] {taskinstance.py:2330} INFO - Executing <Task(BashOperator): feature_pipeline.feature_silver_attributes> on 2023-05-01 00:00:00+00:00
[2026-06-20T07:20:34.897+0000] {logging_mixin.py:188} WARNING - /home/***/.local/lib/python3.12/site-packages/***/task/task_runner/standard_task_runner.py:62 DeprecationWarning: This process (pid=8319) is multi-threaded, use of fork() may lead to deadlocks in the child.
[2026-06-20T07:20:34.898+0000] {standard_task_runner.py:64} INFO - Started process 8329 to run task
[2026-06-20T07:20:34.897+0000] {standard_task_runner.py:90} INFO - Running: ['***', 'tasks', 'run', 'credit_default_ml_pipeline', 'feature_pipeline.feature_silver_attributes', 'scheduled__2023-05-01T00:00:00+00:00', '--job-id', '2014', '--raw', '--subdir', 'DAGS_FOLDER/dag.py', '--cfg-path', '/tmp/tmpydlq6i_g']
[2026-06-20T07:20:34.899+0000] {standard_task_runner.py:91} INFO - Job 2014: Subtask feature_pipeline.feature_silver_attributes
[2026-06-20T07:20:35.047+0000] {task_command.py:426} INFO - Running <TaskInstance: credit_default_ml_pipeline.feature_pipeline.feature_silver_attributes scheduled__2023-05-01T00:00:00+00:00 [running]> on host 9cf341f51c89
[2026-06-20T07:20:35.088+0000] {taskinstance.py:2648} INFO - Exporting env vars: AIRFLOW_CTX_DAG_OWNER='***' AIRFLOW_CTX_DAG_ID='credit_default_ml_pipeline' AIRFLOW_CTX_TASK_ID='feature_pipeline.feature_silver_attributes' AIRFLOW_CTX_EXECUTION_DATE='2023-05-01T00:00:00+00:00' AIRFLOW_CTX_TRY_NUMBER='1' AIRFLOW_CTX_DAG_RUN_ID='scheduled__2023-05-01T00:00:00+00:00'
[2026-06-20T07:20:35.089+0000] {taskinstance.py:430} INFO - ::endgroup::
[2026-06-20T07:20:35.095+0000] {subprocess.py:63} INFO - Tmp dir root location: /tmp
[2026-06-20T07:20:35.097+0000] {subprocess.py:75} INFO - Running command: ['/usr/bin/bash', '-c', 'cd /opt/***/scripts && python3 silver_processing.py --snapshotdate "2023-05-01" --source attributes']
[2026-06-20T07:20:35.104+0000] {subprocess.py:86} INFO - Output:
[2026-06-20T07:20:37.118+0000] {subprocess.py:93} INFO - Setting default log level to "WARN".
[2026-06-20T07:20:37.120+0000] {subprocess.py:93} INFO - To adjust logging level use sc.setLogLevel(newLevel). For SparkR, use setLogLevel(newLevel).
[2026-06-20T07:20:37.404+0000] {subprocess.py:93} INFO - 26/06/20 07:20:37 WARN NativeCodeLoader: Unable to load native-hadoop library for your platform... using builtin-java classes where applicable
[2026-06-20T07:20:38.352+0000] {subprocess.py:93} INFO - 26/06/20 07:20:38 WARN Utils: Service 'SparkUI' could not bind on port 4040. Attempting port 4041.
[2026-06-20T07:20:49.339+0000] {subprocess.py:93} INFO - [Stage 0:>                                                          (0 + 1) / 1]                                                                                [Stage 5:>                                                          (0 + 1) / 1]
[2026-06-20T07:20:49.347+0000] {subprocess.py:93} INFO - --- silver attributes 2023-05-01 ---
[2026-06-20T07:20:49.354+0000] {subprocess.py:93} INFO - 
[2026-06-20T07:20:49.360+0000] {subprocess.py:93} INFO - [silver:attributes] loaded datamart/bronze/attributes/bronze_attributes_2023_05_01.csv rows: 521
[2026-06-20T07:20:49.366+0000] {subprocess.py:93} INFO - [silver:attributes] saved to: datamart/silver/attributes/2023_05_01.parquet
[2026-06-20T07:20:49.375+0000] {subprocess.py:93} INFO - 
[2026-06-20T07:20:49.382+0000] {subprocess.py:93} INFO - --- done ---
[2026-06-20T07:20:49.384+0000] {subprocess.py:93} INFO - 
[2026-06-20T07:20:49.891+0000] {subprocess.py:97} INFO - Command exited with return code 0
[2026-06-20T07:20:49.896+0000] {taskinstance.py:441} INFO - ::group::Post task execution logs
[2026-06-20T07:20:49.970+0000] {taskinstance.py:1206} INFO - Marking task as SUCCESS. dag_id=credit_default_ml_pipeline, task_id=feature_pipeline.feature_silver_attributes, run_id=scheduled__2023-05-01T00:00:00+00:00, execution_date=20230501T000000, start_date=20260620T072034, end_date=20260620T072049
[2026-06-20T07:20:50.029+0000] {local_task_job_runner.py:243} INFO - Task exited with return code 0
[2026-06-20T07:20:50.080+0000] {taskinstance.py:3503} INFO - 0 downstream tasks scheduled from follow-on schedule check
[2026-06-20T07:20:50.084+0000] {local_task_job_runner.py:222} INFO - ::endgroup::
[2026-06-20T15:23:00.067+0000] {local_task_job_runner.py:120} INFO - ::group::Pre task execution logs
[2026-06-20T15:23:00.084+0000] {taskinstance.py:2076} INFO - Dependencies all met for dep_context=non-requeueable deps ti=<TaskInstance: credit_default_ml_pipeline.feature_pipeline.feature_silver_attributes scheduled__2023-05-01T00:00:00+00:00 [queued]>
[2026-06-20T15:23:00.091+0000] {taskinstance.py:2076} INFO - Dependencies all met for dep_context=requeueable deps ti=<TaskInstance: credit_default_ml_pipeline.feature_pipeline.feature_silver_attributes scheduled__2023-05-01T00:00:00+00:00 [queued]>
[2026-06-20T15:23:00.093+0000] {taskinstance.py:2306} INFO - Starting attempt 1 of 2
[2026-06-20T15:23:00.101+0000] {taskinstance.py:2330} INFO - Executing <Task(BashOperator): feature_pipeline.feature_silver_attributes> on 2023-05-01 00:00:00+00:00
[2026-06-20T15:23:00.106+0000] {logging_mixin.py:188} WARNING - /home/***/.local/lib/python3.12/site-packages/***/task/task_runner/standard_task_runner.py:62 DeprecationWarning: This process (pid=95414) is multi-threaded, use of fork() may lead to deadlocks in the child.
[2026-06-20T15:23:00.107+0000] {standard_task_runner.py:64} INFO - Started process 95423 to run task
[2026-06-20T15:23:00.107+0000] {standard_task_runner.py:90} INFO - Running: ['***', 'tasks', 'run', 'credit_default_ml_pipeline', 'feature_pipeline.feature_silver_attributes', 'scheduled__2023-05-01T00:00:00+00:00', '--job-id', '2488', '--raw', '--subdir', 'DAGS_FOLDER/dag.py', '--cfg-path', '/tmp/tmpb4tvq13o']
[2026-06-20T15:23:00.109+0000] {standard_task_runner.py:91} INFO - Job 2488: Subtask feature_pipeline.feature_silver_attributes
[2026-06-20T15:23:00.251+0000] {task_command.py:426} INFO - Running <TaskInstance: credit_default_ml_pipeline.feature_pipeline.feature_silver_attributes scheduled__2023-05-01T00:00:00+00:00 [running]> on host 9cf341f51c89
[2026-06-20T15:23:00.307+0000] {taskinstance.py:2648} INFO - Exporting env vars: AIRFLOW_CTX_DAG_OWNER='***' AIRFLOW_CTX_DAG_ID='credit_default_ml_pipeline' AIRFLOW_CTX_TASK_ID='feature_pipeline.feature_silver_attributes' AIRFLOW_CTX_EXECUTION_DATE='2023-05-01T00:00:00+00:00' AIRFLOW_CTX_TRY_NUMBER='1' AIRFLOW_CTX_DAG_RUN_ID='scheduled__2023-05-01T00:00:00+00:00'
[2026-06-20T15:23:00.308+0000] {taskinstance.py:430} INFO - ::endgroup::
[2026-06-20T15:23:00.317+0000] {subprocess.py:63} INFO - Tmp dir root location: /tmp
[2026-06-20T15:23:00.319+0000] {subprocess.py:75} INFO - Running command: ['/usr/bin/bash', '-c', 'cd /opt/***/scripts && python3 silver_processing.py --snapshotdate "2023-05-01" --source attributes']
[2026-06-20T15:23:00.328+0000] {subprocess.py:86} INFO - Output:
[2026-06-20T15:23:02.162+0000] {subprocess.py:93} INFO - Setting default log level to "WARN".
[2026-06-20T15:23:02.164+0000] {subprocess.py:93} INFO - To adjust logging level use sc.setLogLevel(newLevel). For SparkR, use setLogLevel(newLevel).
[2026-06-20T15:23:02.349+0000] {subprocess.py:93} INFO - 26/06/20 15:23:02 WARN NativeCodeLoader: Unable to load native-hadoop library for your platform... using builtin-java classes where applicable
[2026-06-20T15:23:03.052+0000] {subprocess.py:93} INFO - 26/06/20 15:23:03 WARN Utils: Service 'SparkUI' could not bind on port 4040. Attempting port 4041.
[2026-06-20T15:23:03.054+0000] {subprocess.py:93} INFO - 26/06/20 15:23:03 WARN Utils: Service 'SparkUI' could not bind on port 4041. Attempting port 4042.
[2026-06-20T15:23:09.882+0000] {subprocess.py:93} INFO - [Stage 5:>                                                          (0 + 1) / 1]
[2026-06-20T15:23:09.883+0000] {subprocess.py:93} INFO - --- silver attributes 2023-05-01 ---
[2026-06-20T15:23:09.884+0000] {subprocess.py:93} INFO - 
[2026-06-20T15:23:09.886+0000] {subprocess.py:93} INFO - [silver:attributes] loaded datamart/bronze/attributes/bronze_attributes_2023_05_01.csv rows: 521
[2026-06-20T15:23:09.886+0000] {subprocess.py:93} INFO - [silver:attributes] saved to: datamart/silver/attributes/2023_05_01.parquet
[2026-06-20T15:23:09.888+0000] {subprocess.py:93} INFO - 
[2026-06-20T15:23:09.890+0000] {subprocess.py:93} INFO - --- done ---
[2026-06-20T15:23:09.890+0000] {subprocess.py:93} INFO - 
[2026-06-20T15:23:10.296+0000] {subprocess.py:97} INFO - Command exited with return code 0
[2026-06-20T15:23:10.298+0000] {taskinstance.py:441} INFO - ::group::Post task execution logs
[2026-06-20T15:23:10.315+0000] {taskinstance.py:1206} INFO - Marking task as SUCCESS. dag_id=credit_default_ml_pipeline, task_id=feature_pipeline.feature_silver_attributes, run_id=scheduled__2023-05-01T00:00:00+00:00, execution_date=20230501T000000, start_date=20260620T152300, end_date=20260620T152310
[2026-06-20T15:23:10.332+0000] {local_task_job_runner.py:243} INFO - Task exited with return code 0
[2026-06-20T15:23:10.336+0000] {local_task_job_runner.py:222} INFO - ::endgroup::
[2026-06-20T17:00:00.904+0000] {local_task_job_runner.py:120} INFO - ::group::Pre task execution logs
[2026-06-20T17:00:00.923+0000] {taskinstance.py:2076} INFO - Dependencies all met for dep_context=non-requeueable deps ti=<TaskInstance: credit_default_ml_pipeline.feature_pipeline.feature_silver_attributes scheduled__2023-05-01T00:00:00+00:00 [queued]>
[2026-06-20T17:00:00.928+0000] {taskinstance.py:2076} INFO - Dependencies all met for dep_context=requeueable deps ti=<TaskInstance: credit_default_ml_pipeline.feature_pipeline.feature_silver_attributes scheduled__2023-05-01T00:00:00+00:00 [queued]>
[2026-06-20T17:00:00.929+0000] {taskinstance.py:2306} INFO - Starting attempt 1 of 2
[2026-06-20T17:00:00.940+0000] {taskinstance.py:2330} INFO - Executing <Task(BashOperator): feature_pipeline.feature_silver_attributes> on 2023-05-01 00:00:00+00:00
[2026-06-20T17:00:00.945+0000] {logging_mixin.py:188} WARNING - /home/***/.local/lib/python3.12/site-packages/***/task/task_runner/standard_task_runner.py:62 DeprecationWarning: This process (pid=80186) is multi-threaded, use of fork() may lead to deadlocks in the child.
[2026-06-20T17:00:00.946+0000] {standard_task_runner.py:64} INFO - Started process 80195 to run task
[2026-06-20T17:00:00.946+0000] {standard_task_runner.py:90} INFO - Running: ['***', 'tasks', 'run', 'credit_default_ml_pipeline', 'feature_pipeline.feature_silver_attributes', 'scheduled__2023-05-01T00:00:00+00:00', '--job-id', '2974', '--raw', '--subdir', 'DAGS_FOLDER/dag.py', '--cfg-path', '/tmp/tmpqw2p7dk4']
[2026-06-20T17:00:00.950+0000] {standard_task_runner.py:91} INFO - Job 2974: Subtask feature_pipeline.feature_silver_attributes
[2026-06-20T17:00:01.118+0000] {task_command.py:426} INFO - Running <TaskInstance: credit_default_ml_pipeline.feature_pipeline.feature_silver_attributes scheduled__2023-05-01T00:00:00+00:00 [running]> on host 9cf341f51c89
[2026-06-20T17:00:01.162+0000] {taskinstance.py:2648} INFO - Exporting env vars: AIRFLOW_CTX_DAG_OWNER='***' AIRFLOW_CTX_DAG_ID='credit_default_ml_pipeline' AIRFLOW_CTX_TASK_ID='feature_pipeline.feature_silver_attributes' AIRFLOW_CTX_EXECUTION_DATE='2023-05-01T00:00:00+00:00' AIRFLOW_CTX_TRY_NUMBER='1' AIRFLOW_CTX_DAG_RUN_ID='scheduled__2023-05-01T00:00:00+00:00'
[2026-06-20T17:00:01.163+0000] {taskinstance.py:430} INFO - ::endgroup::
[2026-06-20T17:00:01.170+0000] {subprocess.py:63} INFO - Tmp dir root location: /tmp
[2026-06-20T17:00:01.172+0000] {subprocess.py:75} INFO - Running command: ['/usr/bin/bash', '-c', 'cd /opt/***/scripts && python3 silver_processing.py --snapshotdate "2023-05-01" --source attributes']
[2026-06-20T17:00:01.178+0000] {subprocess.py:86} INFO - Output:
[2026-06-20T17:00:03.022+0000] {subprocess.py:93} INFO - Setting default log level to "WARN".
[2026-06-20T17:00:03.026+0000] {subprocess.py:93} INFO - To adjust logging level use sc.setLogLevel(newLevel). For SparkR, use setLogLevel(newLevel).
[2026-06-20T17:00:03.333+0000] {subprocess.py:93} INFO - 26/06/20 17:00:03 WARN NativeCodeLoader: Unable to load native-hadoop library for your platform... using builtin-java classes where applicable
[2026-06-20T17:00:13.733+0000] {subprocess.py:93} INFO - [Stage 5:>                                                          (0 + 1) / 1]
[2026-06-20T17:00:13.742+0000] {subprocess.py:93} INFO - --- silver attributes 2023-05-01 ---
[2026-06-20T17:00:13.748+0000] {subprocess.py:93} INFO - 
[2026-06-20T17:00:13.751+0000] {subprocess.py:93} INFO - [silver:attributes] loaded datamart/bronze/attributes/bronze_attributes_2023_05_01.csv rows: 521
[2026-06-20T17:00:13.756+0000] {subprocess.py:93} INFO - [silver:attributes] saved to: datamart/silver/attributes/2023_05_01.parquet
[2026-06-20T17:00:13.768+0000] {subprocess.py:93} INFO - 
[2026-06-20T17:00:13.773+0000] {subprocess.py:93} INFO - --- done ---
[2026-06-20T17:00:13.789+0000] {subprocess.py:93} INFO - 
[2026-06-20T17:00:14.412+0000] {subprocess.py:97} INFO - Command exited with return code 0
[2026-06-20T17:00:14.420+0000] {taskinstance.py:441} INFO - ::group::Post task execution logs
[2026-06-20T17:00:14.507+0000] {taskinstance.py:1206} INFO - Marking task as SUCCESS. dag_id=credit_default_ml_pipeline, task_id=feature_pipeline.feature_silver_attributes, run_id=scheduled__2023-05-01T00:00:00+00:00, execution_date=20230501T000000, start_date=20260620T170000, end_date=20260620T170014
[2026-06-20T17:00:14.551+0000] {local_task_job_runner.py:243} INFO - Task exited with return code 0
[2026-06-20T17:00:14.591+0000] {taskinstance.py:3503} INFO - 0 downstream tasks scheduled from follow-on schedule check
[2026-06-20T17:00:14.606+0000] {local_task_job_runner.py:222} INFO - ::endgroup::
[2026-06-20T17:13:32.118+0000] {local_task_job_runner.py:120} INFO - ::group::Pre task execution logs
[2026-06-20T17:13:32.133+0000] {taskinstance.py:2076} INFO - Dependencies all met for dep_context=non-requeueable deps ti=<TaskInstance: credit_default_ml_pipeline.feature_pipeline.feature_silver_attributes scheduled__2023-05-01T00:00:00+00:00 [queued]>
[2026-06-20T17:13:32.138+0000] {taskinstance.py:2076} INFO - Dependencies all met for dep_context=requeueable deps ti=<TaskInstance: credit_default_ml_pipeline.feature_pipeline.feature_silver_attributes scheduled__2023-05-01T00:00:00+00:00 [queued]>
[2026-06-20T17:13:32.139+0000] {taskinstance.py:2306} INFO - Starting attempt 1 of 2
[2026-06-20T17:13:32.156+0000] {taskinstance.py:2330} INFO - Executing <Task(BashOperator): feature_pipeline.feature_silver_attributes> on 2023-05-01 00:00:00+00:00
[2026-06-20T17:13:32.161+0000] {logging_mixin.py:188} WARNING - /home/***/.local/lib/python3.12/site-packages/***/task/task_runner/standard_task_runner.py:62 DeprecationWarning: This process (pid=13268) is multi-threaded, use of fork() may lead to deadlocks in the child.
[2026-06-20T17:13:32.162+0000] {standard_task_runner.py:64} INFO - Started process 13271 to run task
[2026-06-20T17:13:32.162+0000] {standard_task_runner.py:90} INFO - Running: ['***', 'tasks', 'run', 'credit_default_ml_pipeline', 'feature_pipeline.feature_silver_attributes', 'scheduled__2023-05-01T00:00:00+00:00', '--job-id', '3063', '--raw', '--subdir', 'DAGS_FOLDER/dag.py', '--cfg-path', '/tmp/tmps62badvu']
[2026-06-20T17:13:32.164+0000] {standard_task_runner.py:91} INFO - Job 3063: Subtask feature_pipeline.feature_silver_attributes
[2026-06-20T17:13:32.305+0000] {task_command.py:426} INFO - Running <TaskInstance: credit_default_ml_pipeline.feature_pipeline.feature_silver_attributes scheduled__2023-05-01T00:00:00+00:00 [running]> on host 9cf341f51c89
[2026-06-20T17:13:32.335+0000] {taskinstance.py:2648} INFO - Exporting env vars: AIRFLOW_CTX_DAG_OWNER='***' AIRFLOW_CTX_DAG_ID='credit_default_ml_pipeline' AIRFLOW_CTX_TASK_ID='feature_pipeline.feature_silver_attributes' AIRFLOW_CTX_EXECUTION_DATE='2023-05-01T00:00:00+00:00' AIRFLOW_CTX_TRY_NUMBER='1' AIRFLOW_CTX_DAG_RUN_ID='scheduled__2023-05-01T00:00:00+00:00'
[2026-06-20T17:13:32.336+0000] {taskinstance.py:430} INFO - ::endgroup::
[2026-06-20T17:13:32.341+0000] {subprocess.py:63} INFO - Tmp dir root location: /tmp
[2026-06-20T17:13:32.342+0000] {subprocess.py:75} INFO - Running command: ['/usr/bin/bash', '-c', 'cd /opt/***/scripts && python3 silver_processing.py --snapshotdate "2023-05-01" --source attributes']
[2026-06-20T17:13:32.348+0000] {subprocess.py:86} INFO - Output:
[2026-06-20T17:13:33.612+0000] {subprocess.py:93} INFO - Setting default log level to "WARN".
[2026-06-20T17:13:33.613+0000] {subprocess.py:93} INFO - To adjust logging level use sc.setLogLevel(newLevel). For SparkR, use setLogLevel(newLevel).
[2026-06-20T17:13:33.778+0000] {subprocess.py:93} INFO - 26/06/20 17:13:33 WARN NativeCodeLoader: Unable to load native-hadoop library for your platform... using builtin-java classes where applicable
[2026-06-20T17:13:34.469+0000] {subprocess.py:93} INFO - 26/06/20 17:13:34 WARN Utils: Service 'SparkUI' could not bind on port 4040. Attempting port 4041.
[2026-06-20T17:13:41.407+0000] {subprocess.py:93} INFO - [Stage 5:>                                                          (0 + 1) / 1]
[2026-06-20T17:13:41.409+0000] {subprocess.py:93} INFO - --- silver attributes 2023-05-01 ---
[2026-06-20T17:13:41.410+0000] {subprocess.py:93} INFO - 
[2026-06-20T17:13:41.411+0000] {subprocess.py:93} INFO - [silver:attributes] loaded datamart/bronze/attributes/bronze_attributes_2023_05_01.csv rows: 521
[2026-06-20T17:13:41.412+0000] {subprocess.py:93} INFO - [silver:attributes] saved to: datamart/silver/attributes/2023_05_01.parquet
[2026-06-20T17:13:41.416+0000] {subprocess.py:93} INFO - 
[2026-06-20T17:13:41.418+0000] {subprocess.py:93} INFO - --- done ---
[2026-06-20T17:13:41.419+0000] {subprocess.py:93} INFO - 
[2026-06-20T17:13:41.837+0000] {subprocess.py:97} INFO - Command exited with return code 0
[2026-06-20T17:13:41.841+0000] {taskinstance.py:441} INFO - ::group::Post task execution logs
[2026-06-20T17:13:41.870+0000] {taskinstance.py:1206} INFO - Marking task as SUCCESS. dag_id=credit_default_ml_pipeline, task_id=feature_pipeline.feature_silver_attributes, run_id=scheduled__2023-05-01T00:00:00+00:00, execution_date=20230501T000000, start_date=20260620T171332, end_date=20260620T171341
[2026-06-20T17:13:41.893+0000] {local_task_job_runner.py:243} INFO - Task exited with return code 0
[2026-06-20T17:13:41.927+0000] {taskinstance.py:3503} INFO - 0 downstream tasks scheduled from follow-on schedule check
[2026-06-20T17:13:41.934+0000] {local_task_job_runner.py:222} INFO - ::endgroup::
[2026-06-21T01:39:12.101+0000] {local_task_job_runner.py:120} INFO - ::group::Pre task execution logs
[2026-06-21T01:39:12.116+0000] {taskinstance.py:2076} INFO - Dependencies all met for dep_context=non-requeueable deps ti=<TaskInstance: credit_default_ml_pipeline.feature_pipeline.feature_silver_attributes scheduled__2023-05-01T00:00:00+00:00 [queued]>
[2026-06-21T01:39:12.121+0000] {taskinstance.py:2076} INFO - Dependencies all met for dep_context=requeueable deps ti=<TaskInstance: credit_default_ml_pipeline.feature_pipeline.feature_silver_attributes scheduled__2023-05-01T00:00:00+00:00 [queued]>
[2026-06-21T01:39:12.122+0000] {taskinstance.py:2306} INFO - Starting attempt 1 of 2
[2026-06-21T01:39:12.131+0000] {taskinstance.py:2330} INFO - Executing <Task(BashOperator): feature_pipeline.feature_silver_attributes> on 2023-05-01 00:00:00+00:00
[2026-06-21T01:39:12.136+0000] {logging_mixin.py:188} WARNING - /home/***/.local/lib/python3.12/site-packages/***/task/task_runner/standard_task_runner.py:62 DeprecationWarning: This process (pid=13889) is multi-threaded, use of fork() may lead to deadlocks in the child.
[2026-06-21T01:39:12.136+0000] {standard_task_runner.py:90} INFO - Running: ['***', 'tasks', 'run', 'credit_default_ml_pipeline', 'feature_pipeline.feature_silver_attributes', 'scheduled__2023-05-01T00:00:00+00:00', '--job-id', '3527', '--raw', '--subdir', 'DAGS_FOLDER/dag.py', '--cfg-path', '/tmp/tmp5n9_8ld0']
[2026-06-21T01:39:12.139+0000] {standard_task_runner.py:64} INFO - Started process 13893 to run task
[2026-06-21T01:39:12.139+0000] {standard_task_runner.py:91} INFO - Job 3527: Subtask feature_pipeline.feature_silver_attributes
[2026-06-21T01:39:12.164+0000] {task_command.py:426} INFO - Running <TaskInstance: credit_default_ml_pipeline.feature_pipeline.feature_silver_attributes scheduled__2023-05-01T00:00:00+00:00 [running]> on host f6e9e2801916
[2026-06-21T01:39:12.299+0000] {taskinstance.py:2648} INFO - Exporting env vars: AIRFLOW_CTX_DAG_OWNER='***' AIRFLOW_CTX_DAG_ID='credit_default_ml_pipeline' AIRFLOW_CTX_TASK_ID='feature_pipeline.feature_silver_attributes' AIRFLOW_CTX_EXECUTION_DATE='2023-05-01T00:00:00+00:00' AIRFLOW_CTX_TRY_NUMBER='1' AIRFLOW_CTX_DAG_RUN_ID='scheduled__2023-05-01T00:00:00+00:00'
[2026-06-21T01:39:12.301+0000] {taskinstance.py:430} INFO - ::endgroup::
[2026-06-21T01:39:12.306+0000] {subprocess.py:63} INFO - Tmp dir root location: /tmp
[2026-06-21T01:39:12.307+0000] {subprocess.py:75} INFO - Running command: ['/usr/bin/bash', '-c', 'cd /opt/***/scripts && python3 silver_processing.py --snapshotdate "2023-05-01" --source attributes']
[2026-06-21T01:39:12.312+0000] {subprocess.py:86} INFO - Output:
[2026-06-21T01:39:13.667+0000] {subprocess.py:93} INFO - Setting default log level to "WARN".
[2026-06-21T01:39:13.670+0000] {subprocess.py:93} INFO - To adjust logging level use sc.setLogLevel(newLevel). For SparkR, use setLogLevel(newLevel).
[2026-06-21T01:39:13.854+0000] {subprocess.py:93} INFO - 26/06/21 01:39:13 WARN NativeCodeLoader: Unable to load native-hadoop library for your platform... using builtin-java classes where applicable
[2026-06-21T01:39:14.572+0000] {subprocess.py:93} INFO - 26/06/21 01:39:14 WARN Utils: Service 'SparkUI' could not bind on port 4040. Attempting port 4041.
[2026-06-21T01:39:21.393+0000] {subprocess.py:93} INFO - [Stage 5:>                                                          (0 + 1) / 1]
[2026-06-21T01:39:21.396+0000] {subprocess.py:93} INFO - --- silver attributes 2023-05-01 ---
[2026-06-21T01:39:21.398+0000] {subprocess.py:93} INFO - 
[2026-06-21T01:39:21.400+0000] {subprocess.py:93} INFO - [silver:attributes] loaded datamart/bronze/attributes/bronze_attributes_2023_05_01.csv rows: 521
[2026-06-21T01:39:21.401+0000] {subprocess.py:93} INFO - [silver:attributes] saved to: datamart/silver/attributes/2023_05_01.parquet
[2026-06-21T01:39:21.402+0000] {subprocess.py:93} INFO - 
[2026-06-21T01:39:21.403+0000] {subprocess.py:93} INFO - --- done ---
[2026-06-21T01:39:21.404+0000] {subprocess.py:93} INFO - 
[2026-06-21T01:39:21.838+0000] {subprocess.py:97} INFO - Command exited with return code 0
[2026-06-21T01:39:21.842+0000] {taskinstance.py:441} INFO - ::group::Post task execution logs
[2026-06-21T01:39:21.876+0000] {taskinstance.py:1206} INFO - Marking task as SUCCESS. dag_id=credit_default_ml_pipeline, task_id=feature_pipeline.feature_silver_attributes, run_id=scheduled__2023-05-01T00:00:00+00:00, execution_date=20230501T000000, start_date=20260621T013912, end_date=20260621T013921
[2026-06-21T01:39:21.925+0000] {local_task_job_runner.py:243} INFO - Task exited with return code 0
[2026-06-21T01:39:22.103+0000] {taskinstance.py:3503} INFO - 0 downstream tasks scheduled from follow-on schedule check
[2026-06-21T01:39:22.106+0000] {local_task_job_runner.py:222} INFO - ::endgroup::
[2026-06-21T05:33:37.813+0000] {local_task_job_runner.py:120} INFO - ::group::Pre task execution logs
[2026-06-21T05:33:37.827+0000] {taskinstance.py:2076} INFO - Dependencies all met for dep_context=non-requeueable deps ti=<TaskInstance: credit_default_ml_pipeline.feature_pipeline.feature_silver_attributes scheduled__2023-05-01T00:00:00+00:00 [queued]>
[2026-06-21T05:33:37.832+0000] {taskinstance.py:2076} INFO - Dependencies all met for dep_context=requeueable deps ti=<TaskInstance: credit_default_ml_pipeline.feature_pipeline.feature_silver_attributes scheduled__2023-05-01T00:00:00+00:00 [queued]>
[2026-06-21T05:33:37.832+0000] {taskinstance.py:2306} INFO - Starting attempt 1 of 2
[2026-06-21T05:33:37.840+0000] {taskinstance.py:2330} INFO - Executing <Task(BashOperator): feature_pipeline.feature_silver_attributes> on 2023-05-01 00:00:00+00:00
[2026-06-21T05:33:37.844+0000] {logging_mixin.py:188} WARNING - /home/***/.local/lib/python3.12/site-packages/***/task/task_runner/standard_task_runner.py:62 DeprecationWarning: This process (pid=13608) is multi-threaded, use of fork() may lead to deadlocks in the child.
[2026-06-21T05:33:37.845+0000] {standard_task_runner.py:64} INFO - Started process 13615 to run task
[2026-06-21T05:33:37.845+0000] {standard_task_runner.py:90} INFO - Running: ['***', 'tasks', 'run', 'credit_default_ml_pipeline', 'feature_pipeline.feature_silver_attributes', 'scheduled__2023-05-01T00:00:00+00:00', '--job-id', '3991', '--raw', '--subdir', 'DAGS_FOLDER/dag.py', '--cfg-path', '/tmp/tmp5xcd6a9p']
[2026-06-21T05:33:37.847+0000] {standard_task_runner.py:91} INFO - Job 3991: Subtask feature_pipeline.feature_silver_attributes
[2026-06-21T05:33:37.990+0000] {task_command.py:426} INFO - Running <TaskInstance: credit_default_ml_pipeline.feature_pipeline.feature_silver_attributes scheduled__2023-05-01T00:00:00+00:00 [running]> on host 9377a3f0491f
[2026-06-21T05:33:38.027+0000] {taskinstance.py:2648} INFO - Exporting env vars: AIRFLOW_CTX_DAG_OWNER='***' AIRFLOW_CTX_DAG_ID='credit_default_ml_pipeline' AIRFLOW_CTX_TASK_ID='feature_pipeline.feature_silver_attributes' AIRFLOW_CTX_EXECUTION_DATE='2023-05-01T00:00:00+00:00' AIRFLOW_CTX_TRY_NUMBER='1' AIRFLOW_CTX_DAG_RUN_ID='scheduled__2023-05-01T00:00:00+00:00'
[2026-06-21T05:33:38.028+0000] {taskinstance.py:430} INFO - ::endgroup::
[2026-06-21T05:33:38.034+0000] {subprocess.py:63} INFO - Tmp dir root location: /tmp
[2026-06-21T05:33:38.035+0000] {subprocess.py:75} INFO - Running command: ['/usr/bin/bash', '-c', 'cd /opt/***/scripts && python3 silver_processing.py --snapshotdate "2023-05-01" --source attributes']
[2026-06-21T05:33:38.040+0000] {subprocess.py:86} INFO - Output:
[2026-06-21T05:33:39.963+0000] {subprocess.py:93} INFO - Setting default log level to "WARN".
[2026-06-21T05:33:39.964+0000] {subprocess.py:93} INFO - To adjust logging level use sc.setLogLevel(newLevel). For SparkR, use setLogLevel(newLevel).
[2026-06-21T05:33:40.251+0000] {subprocess.py:93} INFO - 26/06/21 05:33:40 WARN NativeCodeLoader: Unable to load native-hadoop library for your platform... using builtin-java classes where applicable
[2026-06-21T05:33:40.984+0000] {subprocess.py:93} INFO - 26/06/21 05:33:40 WARN Utils: Service 'SparkUI' could not bind on port 4040. Attempting port 4041.
[2026-06-21T05:33:40.986+0000] {subprocess.py:93} INFO - 26/06/21 05:33:40 WARN Utils: Service 'SparkUI' could not bind on port 4041. Attempting port 4042.
[2026-06-21T05:33:48.901+0000] {subprocess.py:93} INFO - [Stage 5:>                                                          (0 + 1) / 1]
[2026-06-21T05:33:48.904+0000] {subprocess.py:93} INFO - --- silver attributes 2023-05-01 ---
[2026-06-21T05:33:48.907+0000] {subprocess.py:93} INFO - 
[2026-06-21T05:33:48.909+0000] {subprocess.py:93} INFO - [silver:attributes] loaded datamart/bronze/attributes/bronze_attributes_2023_05_01.csv rows: 521
[2026-06-21T05:33:48.913+0000] {subprocess.py:93} INFO - [silver:attributes] saved to: datamart/silver/attributes/2023_05_01.parquet
[2026-06-21T05:33:48.914+0000] {subprocess.py:93} INFO - 
[2026-06-21T05:33:48.915+0000] {subprocess.py:93} INFO - --- done ---
[2026-06-21T05:33:48.916+0000] {subprocess.py:93} INFO - 
[2026-06-21T05:33:49.340+0000] {subprocess.py:97} INFO - Command exited with return code 0
[2026-06-21T05:33:49.341+0000] {taskinstance.py:441} INFO - ::group::Post task execution logs
[2026-06-21T05:33:49.364+0000] {taskinstance.py:1206} INFO - Marking task as SUCCESS. dag_id=credit_default_ml_pipeline, task_id=feature_pipeline.feature_silver_attributes, run_id=scheduled__2023-05-01T00:00:00+00:00, execution_date=20230501T000000, start_date=20260621T053337, end_date=20260621T053349
[2026-06-21T05:33:49.414+0000] {local_task_job_runner.py:243} INFO - Task exited with return code 0
[2026-06-21T05:33:49.450+0000] {taskinstance.py:3503} INFO - 0 downstream tasks scheduled from follow-on schedule check
[2026-06-21T05:33:49.452+0000] {local_task_job_runner.py:222} INFO - ::endgroup::
