[2026-06-18T04:13:32.456+0000] {local_task_job_runner.py:120} INFO - ::group::Pre task execution logs
[2026-06-18T04:13:32.470+0000] {taskinstance.py:2076} INFO - Dependencies all met for dep_context=non-requeueable deps ti=<TaskInstance: credit_default_ml_pipeline.label_pipeline.label_silver_lms scheduled__2024-02-01T00:00:00+00:00 [queued]>
[2026-06-18T04:13:32.474+0000] {taskinstance.py:2076} INFO - Dependencies all met for dep_context=requeueable deps ti=<TaskInstance: credit_default_ml_pipeline.label_pipeline.label_silver_lms scheduled__2024-02-01T00:00:00+00:00 [queued]>
[2026-06-18T04:13:32.475+0000] {taskinstance.py:2306} INFO - Starting attempt 6 of 6
[2026-06-18T04:13:32.480+0000] {taskinstance.py:2330} INFO - Executing <Task(BashOperator): label_pipeline.label_silver_lms> on 2024-02-01 00:00:00+00:00
[2026-06-18T04:13:32.484+0000] {logging_mixin.py:188} WARNING - /home/***/.local/lib/python3.12/site-packages/***/task/task_runner/standard_task_runner.py:62 DeprecationWarning: This process (pid=68549) is multi-threaded, use of fork() may lead to deadlocks in the child.
[2026-06-18T04:13:32.485+0000] {standard_task_runner.py:64} INFO - Started process 68551 to run task
[2026-06-18T04:13:32.484+0000] {standard_task_runner.py:90} INFO - Running: ['***', 'tasks', 'run', 'credit_default_ml_pipeline', 'label_pipeline.label_silver_lms', 'scheduled__2024-02-01T00:00:00+00:00', '--job-id', '1149', '--raw', '--subdir', 'DAGS_FOLDER/dag.py', '--cfg-path', '/tmp/tmpsmqnfpnt']
[2026-06-18T04:13:32.486+0000] {standard_task_runner.py:91} INFO - Job 1149: Subtask label_pipeline.label_silver_lms
[2026-06-18T04:13:32.504+0000] {task_command.py:426} INFO - Running <TaskInstance: credit_default_ml_pipeline.label_pipeline.label_silver_lms scheduled__2024-02-01T00:00:00+00:00 [running]> on host bfbc24b887a5
[2026-06-18T04:13:32.615+0000] {taskinstance.py:2648} INFO - Exporting env vars: AIRFLOW_CTX_DAG_OWNER='***' AIRFLOW_CTX_DAG_ID='credit_default_ml_pipeline' AIRFLOW_CTX_TASK_ID='label_pipeline.label_silver_lms' AIRFLOW_CTX_EXECUTION_DATE='2024-02-01T00:00:00+00:00' AIRFLOW_CTX_TRY_NUMBER='6' AIRFLOW_CTX_DAG_RUN_ID='scheduled__2024-02-01T00:00:00+00:00'
[2026-06-18T04:13:32.616+0000] {taskinstance.py:430} INFO - ::endgroup::
[2026-06-18T04:13:32.620+0000] {subprocess.py:63} INFO - Tmp dir root location: /tmp
[2026-06-18T04:13:32.621+0000] {subprocess.py:75} INFO - Running command: ['/usr/bin/bash', '-c', 'cd /opt/***/scripts && python3 silver_processing.py --snapshotdate "2024-02-01" --source lms']
[2026-06-18T04:13:32.625+0000] {subprocess.py:86} INFO - Output:
[2026-06-18T04:13:33.515+0000] {subprocess.py:93} INFO - Setting default log level to "WARN".
[2026-06-18T04:13:33.516+0000] {subprocess.py:93} INFO - To adjust logging level use sc.setLogLevel(newLevel). For SparkR, use setLogLevel(newLevel).
[2026-06-18T04:13:33.668+0000] {subprocess.py:93} INFO - 26/06/18 04:13:33 WARN NativeCodeLoader: Unable to load native-hadoop library for your platform... using builtin-java classes where applicable
[2026-06-18T04:13:37.566+0000] {subprocess.py:93} INFO - [Stage 5:>                                                          (0 + 1) / 1]
[2026-06-18T04:13:37.568+0000] {subprocess.py:93} INFO - --- silver lms 2024-02-01 ---
[2026-06-18T04:13:37.568+0000] {subprocess.py:93} INFO - 
[2026-06-18T04:13:37.570+0000] {subprocess.py:93} INFO - [silver:lms] loaded datamart/bronze/lms/bronze_lms_2024_02_01.csv rows: 5424
[2026-06-18T04:13:37.571+0000] {subprocess.py:93} INFO - [silver:lms] saved to: datamart/silver/lms/2024_02_01.parquet
[2026-06-18T04:13:37.572+0000] {subprocess.py:93} INFO - 
[2026-06-18T04:13:37.573+0000] {subprocess.py:93} INFO - --- done ---
[2026-06-18T04:13:37.573+0000] {subprocess.py:93} INFO - 
[2026-06-18T04:13:38.086+0000] {subprocess.py:97} INFO - Command exited with return code 0
[2026-06-18T04:13:38.088+0000] {taskinstance.py:441} INFO - ::group::Post task execution logs
[2026-06-18T04:13:38.107+0000] {taskinstance.py:1206} INFO - Marking task as SUCCESS. dag_id=credit_default_ml_pipeline, task_id=label_pipeline.label_silver_lms, run_id=scheduled__2024-02-01T00:00:00+00:00, execution_date=20240201T000000, start_date=20260618T041332, end_date=20260618T041338
[2026-06-18T04:13:38.136+0000] {local_task_job_runner.py:243} INFO - Task exited with return code 0
[2026-06-18T04:13:38.288+0000] {taskinstance.py:3503} INFO - 1 downstream tasks scheduled from follow-on schedule check
[2026-06-18T04:13:38.290+0000] {local_task_job_runner.py:222} INFO - ::endgroup::
