[2026-06-16T15:33:29.765+0000] {local_task_job_runner.py:120} INFO - ::group::Pre task execution logs
[2026-06-16T15:33:29.777+0000] {taskinstance.py:2076} INFO - Dependencies all met for dep_context=non-requeueable deps ti=<TaskInstance: credit_default_ml_pipeline.label_pipeline.label_silver_lms scheduled__2024-02-01T00:00:00+00:00 [queued]>
[2026-06-16T15:33:29.780+0000] {taskinstance.py:2076} INFO - Dependencies all met for dep_context=requeueable deps ti=<TaskInstance: credit_default_ml_pipeline.label_pipeline.label_silver_lms scheduled__2024-02-01T00:00:00+00:00 [queued]>
[2026-06-16T15:33:29.780+0000] {taskinstance.py:2306} INFO - Starting attempt 2 of 2
[2026-06-16T15:33:29.784+0000] {taskinstance.py:2330} INFO - Executing <Task(BashOperator): label_pipeline.label_silver_lms> on 2024-02-01 00:00:00+00:00
[2026-06-16T15:33:29.788+0000] {logging_mixin.py:188} WARNING - /home/***/.local/lib/python3.12/site-packages/***/task/task_runner/standard_task_runner.py:62 DeprecationWarning: This process (pid=3157) is multi-threaded, use of fork() may lead to deadlocks in the child.
[2026-06-16T15:33:29.787+0000] {standard_task_runner.py:90} INFO - Running: ['***', 'tasks', 'run', 'credit_default_ml_pipeline', 'label_pipeline.label_silver_lms', 'scheduled__2024-02-01T00:00:00+00:00', '--job-id', '265', '--raw', '--subdir', 'DAGS_FOLDER/dag.py', '--cfg-path', '/tmp/tmptc4wma5y']
[2026-06-16T15:33:29.789+0000] {standard_task_runner.py:64} INFO - Started process 3158 to run task
[2026-06-16T15:33:29.789+0000] {standard_task_runner.py:91} INFO - Job 265: Subtask label_pipeline.label_silver_lms
[2026-06-16T15:33:29.814+0000] {task_command.py:426} INFO - Running <TaskInstance: credit_default_ml_pipeline.label_pipeline.label_silver_lms scheduled__2024-02-01T00:00:00+00:00 [running]> on host 2b9b50b7433d
[2026-06-16T15:33:29.838+0000] {taskinstance.py:2648} INFO - Exporting env vars: AIRFLOW_CTX_DAG_OWNER='***' AIRFLOW_CTX_DAG_ID='credit_default_ml_pipeline' AIRFLOW_CTX_TASK_ID='label_pipeline.label_silver_lms' AIRFLOW_CTX_EXECUTION_DATE='2024-02-01T00:00:00+00:00' AIRFLOW_CTX_TRY_NUMBER='2' AIRFLOW_CTX_DAG_RUN_ID='scheduled__2024-02-01T00:00:00+00:00'
[2026-06-16T15:33:29.840+0000] {taskinstance.py:430} INFO - ::endgroup::
[2026-06-16T15:33:29.845+0000] {subprocess.py:63} INFO - Tmp dir root location: /tmp
[2026-06-16T15:33:29.845+0000] {subprocess.py:75} INFO - Running command: ['/usr/bin/bash', '-c', 'cd /opt/***/scripts && python3 silver_processing.py --snapshotdate "2024-02-01" --source lms']
[2026-06-16T15:33:29.848+0000] {subprocess.py:86} INFO - Output:
[2026-06-16T15:33:30.726+0000] {subprocess.py:93} INFO - Setting default log level to "WARN".
[2026-06-16T15:33:30.727+0000] {subprocess.py:93} INFO - To adjust logging level use sc.setLogLevel(newLevel). For SparkR, use setLogLevel(newLevel).
[2026-06-16T15:33:30.794+0000] {subprocess.py:93} INFO - 26/06/16 15:33:30 WARN NativeCodeLoader: Unable to load native-hadoop library for your platform... using builtin-java classes where applicable
[2026-06-16T15:33:33.668+0000] {subprocess.py:93} INFO - 
[2026-06-16T15:33:33.669+0000] {subprocess.py:93} INFO - --- silver lms 2024-02-01 ---
[2026-06-16T15:33:33.669+0000] {subprocess.py:93} INFO - 
[2026-06-16T15:33:33.670+0000] {subprocess.py:93} INFO - [silver:lms] loaded datamart/bronze/lms/bronze_lms_2024_02_01.csv rows: 5424
[2026-06-16T15:33:33.670+0000] {subprocess.py:93} INFO - [silver:lms] saved to: datamart/silver/lms/2024_02_01.parquet
[2026-06-16T15:33:33.671+0000] {subprocess.py:93} INFO - 
[2026-06-16T15:33:33.672+0000] {subprocess.py:93} INFO - --- done ---
[2026-06-16T15:33:33.673+0000] {subprocess.py:93} INFO - 
[2026-06-16T15:33:34.102+0000] {subprocess.py:97} INFO - Command exited with return code 0
[2026-06-16T15:33:34.104+0000] {taskinstance.py:441} INFO - ::group::Post task execution logs
[2026-06-16T15:33:34.115+0000] {taskinstance.py:1206} INFO - Marking task as SUCCESS. dag_id=credit_default_ml_pipeline, task_id=label_pipeline.label_silver_lms, run_id=scheduled__2024-02-01T00:00:00+00:00, execution_date=20240201T000000, start_date=20260616T153329, end_date=20260616T153334
[2026-06-16T15:33:34.166+0000] {local_task_job_runner.py:243} INFO - Task exited with return code 0
[2026-06-16T15:33:34.186+0000] {taskinstance.py:3503} INFO - 1 downstream tasks scheduled from follow-on schedule check
[2026-06-16T15:33:34.188+0000] {local_task_job_runner.py:222} INFO - ::endgroup::
[2026-06-20T17:43:29.717+0000] {local_task_job_runner.py:120} INFO - ::group::Pre task execution logs
[2026-06-20T17:43:29.729+0000] {taskinstance.py:2076} INFO - Dependencies all met for dep_context=non-requeueable deps ti=<TaskInstance: credit_default_ml_pipeline.label_pipeline.label_silver_lms scheduled__2024-02-01T00:00:00+00:00 [queued]>
[2026-06-20T17:43:29.733+0000] {taskinstance.py:2076} INFO - Dependencies all met for dep_context=requeueable deps ti=<TaskInstance: credit_default_ml_pipeline.label_pipeline.label_silver_lms scheduled__2024-02-01T00:00:00+00:00 [queued]>
[2026-06-20T17:43:29.733+0000] {taskinstance.py:2306} INFO - Starting attempt 2 of 2
[2026-06-20T17:43:29.738+0000] {taskinstance.py:2330} INFO - Executing <Task(BashOperator): label_pipeline.label_silver_lms> on 2024-02-01 00:00:00+00:00
[2026-06-20T17:43:29.742+0000] {logging_mixin.py:188} WARNING - /home/***/.local/lib/python3.12/site-packages/***/task/task_runner/standard_task_runner.py:62 DeprecationWarning: This process (pid=44223) is multi-threaded, use of fork() may lead to deadlocks in the child.
[2026-06-20T17:43:29.743+0000] {standard_task_runner.py:64} INFO - Started process 44225 to run task
[2026-06-20T17:43:29.743+0000] {standard_task_runner.py:90} INFO - Running: ['***', 'tasks', 'run', 'credit_default_ml_pipeline', 'label_pipeline.label_silver_lms', 'scheduled__2024-02-01T00:00:00+00:00', '--job-id', '3239', '--raw', '--subdir', 'DAGS_FOLDER/dag.py', '--cfg-path', '/tmp/tmp7xekr8mj']
[2026-06-20T17:43:29.744+0000] {standard_task_runner.py:91} INFO - Job 3239: Subtask label_pipeline.label_silver_lms
[2026-06-20T17:43:29.849+0000] {task_command.py:426} INFO - Running <TaskInstance: credit_default_ml_pipeline.label_pipeline.label_silver_lms scheduled__2024-02-01T00:00:00+00:00 [running]> on host 9cf341f51c89
[2026-06-20T17:43:29.874+0000] {taskinstance.py:2648} INFO - Exporting env vars: AIRFLOW_CTX_DAG_OWNER='***' AIRFLOW_CTX_DAG_ID='credit_default_ml_pipeline' AIRFLOW_CTX_TASK_ID='label_pipeline.label_silver_lms' AIRFLOW_CTX_EXECUTION_DATE='2024-02-01T00:00:00+00:00' AIRFLOW_CTX_TRY_NUMBER='2' AIRFLOW_CTX_DAG_RUN_ID='scheduled__2024-02-01T00:00:00+00:00'
[2026-06-20T17:43:29.876+0000] {taskinstance.py:430} INFO - ::endgroup::
[2026-06-20T17:43:29.880+0000] {subprocess.py:63} INFO - Tmp dir root location: /tmp
[2026-06-20T17:43:29.881+0000] {subprocess.py:75} INFO - Running command: ['/usr/bin/bash', '-c', 'cd /opt/***/scripts && python3 silver_processing.py --snapshotdate "2024-02-01" --source lms']
[2026-06-20T17:43:29.884+0000] {subprocess.py:86} INFO - Output:
[2026-06-20T17:43:30.712+0000] {subprocess.py:93} INFO - Setting default log level to "WARN".
[2026-06-20T17:43:30.714+0000] {subprocess.py:93} INFO - To adjust logging level use sc.setLogLevel(newLevel). For SparkR, use setLogLevel(newLevel).
[2026-06-20T17:43:30.826+0000] {subprocess.py:93} INFO - 26/06/20 17:43:30 WARN NativeCodeLoader: Unable to load native-hadoop library for your platform... using builtin-java classes where applicable
[2026-06-20T17:43:35.748+0000] {subprocess.py:93} INFO - [Stage 5:>                                                          (0 + 1) / 1]
[2026-06-20T17:43:35.750+0000] {subprocess.py:93} INFO - --- silver lms 2024-02-01 ---
[2026-06-20T17:43:35.751+0000] {subprocess.py:93} INFO - 
[2026-06-20T17:43:35.752+0000] {subprocess.py:93} INFO - [silver:lms] loaded datamart/bronze/lms/bronze_lms_2024_02_01.csv rows: 5424
[2026-06-20T17:43:35.753+0000] {subprocess.py:93} INFO - [silver:lms] cleared stale partition: datamart/silver/lms/2024_02_01.parquet
[2026-06-20T17:43:35.753+0000] {subprocess.py:93} INFO - [silver:lms] saved to: datamart/silver/lms/2024_02_01.parquet
[2026-06-20T17:43:35.754+0000] {subprocess.py:93} INFO - 
[2026-06-20T17:43:35.755+0000] {subprocess.py:93} INFO - --- done ---
[2026-06-20T17:43:35.756+0000] {subprocess.py:93} INFO - 
[2026-06-20T17:43:36.268+0000] {subprocess.py:97} INFO - Command exited with return code 0
[2026-06-20T17:43:36.270+0000] {taskinstance.py:441} INFO - ::group::Post task execution logs
[2026-06-20T17:43:36.289+0000] {taskinstance.py:1206} INFO - Marking task as SUCCESS. dag_id=credit_default_ml_pipeline, task_id=label_pipeline.label_silver_lms, run_id=scheduled__2024-02-01T00:00:00+00:00, execution_date=20240201T000000, start_date=20260620T174329, end_date=20260620T174336
[2026-06-20T17:43:36.335+0000] {local_task_job_runner.py:243} INFO - Task exited with return code 0
[2026-06-20T17:43:36.342+0000] {local_task_job_runner.py:222} INFO - ::endgroup::
[2026-06-25T17:58:31.521+0000] {local_task_job_runner.py:120} INFO - ::group::Pre task execution logs
[2026-06-25T17:58:31.533+0000] {taskinstance.py:2076} INFO - Dependencies all met for dep_context=non-requeueable deps ti=<TaskInstance: credit_default_ml_pipeline.label_pipeline.label_silver_lms scheduled__2024-02-01T00:00:00+00:00 [queued]>
[2026-06-25T17:58:31.537+0000] {taskinstance.py:2076} INFO - Dependencies all met for dep_context=requeueable deps ti=<TaskInstance: credit_default_ml_pipeline.label_pipeline.label_silver_lms scheduled__2024-02-01T00:00:00+00:00 [queued]>
[2026-06-25T17:58:31.537+0000] {taskinstance.py:2306} INFO - Starting attempt 2 of 2
[2026-06-25T17:58:31.541+0000] {taskinstance.py:2330} INFO - Executing <Task(BashOperator): label_pipeline.label_silver_lms> on 2024-02-01 00:00:00+00:00
[2026-06-25T17:58:31.544+0000] {logging_mixin.py:188} WARNING - /home/***/.local/lib/python3.12/site-packages/***/task/task_runner/standard_task_runner.py:62 DeprecationWarning: This process (pid=44585) is multi-threaded, use of fork() may lead to deadlocks in the child.
[2026-06-25T17:58:31.545+0000] {standard_task_runner.py:90} INFO - Running: ['***', 'tasks', 'run', 'credit_default_ml_pipeline', 'label_pipeline.label_silver_lms', 'scheduled__2024-02-01T00:00:00+00:00', '--job-id', '4627', '--raw', '--subdir', 'DAGS_FOLDER/dag.py', '--cfg-path', '/tmp/tmpk9ltp7js']
[2026-06-25T17:58:31.546+0000] {standard_task_runner.py:64} INFO - Started process 44587 to run task
[2026-06-25T17:58:31.547+0000] {standard_task_runner.py:91} INFO - Job 4627: Subtask label_pipeline.label_silver_lms
[2026-06-25T17:58:31.565+0000] {task_command.py:426} INFO - Running <TaskInstance: credit_default_ml_pipeline.label_pipeline.label_silver_lms scheduled__2024-02-01T00:00:00+00:00 [running]> on host b54b2be331ab
[2026-06-25T17:58:31.662+0000] {taskinstance.py:2648} INFO - Exporting env vars: AIRFLOW_CTX_DAG_OWNER='***' AIRFLOW_CTX_DAG_ID='credit_default_ml_pipeline' AIRFLOW_CTX_TASK_ID='label_pipeline.label_silver_lms' AIRFLOW_CTX_EXECUTION_DATE='2024-02-01T00:00:00+00:00' AIRFLOW_CTX_TRY_NUMBER='2' AIRFLOW_CTX_DAG_RUN_ID='scheduled__2024-02-01T00:00:00+00:00'
[2026-06-25T17:58:31.663+0000] {taskinstance.py:430} INFO - ::endgroup::
[2026-06-25T17:58:31.668+0000] {subprocess.py:63} INFO - Tmp dir root location: /tmp
[2026-06-25T17:58:31.668+0000] {subprocess.py:75} INFO - Running command: ['/usr/bin/bash', '-c', 'cd /opt/***/scripts && python3 silver_processing.py --snapshotdate "2024-02-01" --source lms']
[2026-06-25T17:58:31.672+0000] {subprocess.py:86} INFO - Output:
[2026-06-25T17:58:32.556+0000] {subprocess.py:93} INFO - Setting default log level to "WARN".
[2026-06-25T17:58:32.558+0000] {subprocess.py:93} INFO - To adjust logging level use sc.setLogLevel(newLevel). For SparkR, use setLogLevel(newLevel).
[2026-06-25T17:58:32.644+0000] {subprocess.py:93} INFO - 26/06/25 17:58:32 WARN NativeCodeLoader: Unable to load native-hadoop library for your platform... using builtin-java classes where applicable
[2026-06-25T17:58:35.520+0000] {subprocess.py:93} INFO - 
[2026-06-25T17:58:35.520+0000] {subprocess.py:93} INFO - --- silver lms 2024-02-01 ---
[2026-06-25T17:58:35.521+0000] {subprocess.py:93} INFO - 
[2026-06-25T17:58:35.522+0000] {subprocess.py:93} INFO - [silver:lms] loaded datamart/bronze/lms/bronze_lms_2024_02_01.csv rows: 5424
[2026-06-25T17:58:35.522+0000] {subprocess.py:93} INFO - [silver:lms] cleared stale partition: datamart/silver/lms/2024_02_01.parquet
[2026-06-25T17:58:35.523+0000] {subprocess.py:93} INFO - [silver:lms] saved to: datamart/silver/lms/2024_02_01.parquet
[2026-06-25T17:58:35.523+0000] {subprocess.py:93} INFO - 
[2026-06-25T17:58:35.524+0000] {subprocess.py:93} INFO - --- done ---
[2026-06-25T17:58:35.524+0000] {subprocess.py:93} INFO - 
[2026-06-25T17:58:36.013+0000] {subprocess.py:97} INFO - Command exited with return code 0
[2026-06-25T17:58:36.015+0000] {taskinstance.py:441} INFO - ::group::Post task execution logs
[2026-06-25T17:58:36.032+0000] {taskinstance.py:1206} INFO - Marking task as SUCCESS. dag_id=credit_default_ml_pipeline, task_id=label_pipeline.label_silver_lms, run_id=scheduled__2024-02-01T00:00:00+00:00, execution_date=20240201T000000, start_date=20260625T175831, end_date=20260625T175836
[2026-06-25T17:58:36.062+0000] {local_task_job_runner.py:243} INFO - Task exited with return code 0
[2026-06-25T17:58:36.082+0000] {taskinstance.py:3503} INFO - 1 downstream tasks scheduled from follow-on schedule check
[2026-06-25T17:58:36.083+0000] {local_task_job_runner.py:222} INFO - ::endgroup::
