[2026-06-20T08:09:06.687+0000] {local_task_job_runner.py:120} INFO - ::group::Pre task execution logs
[2026-06-20T08:09:06.702+0000] {taskinstance.py:2076} INFO - Dependencies all met for dep_context=non-requeueable deps ti=<TaskInstance: credit_default_ml_pipeline.monitoring.xgb_monitor scheduled__2024-08-01T00:00:00+00:00 [queued]>
[2026-06-20T08:09:06.710+0000] {taskinstance.py:2076} INFO - Dependencies all met for dep_context=requeueable deps ti=<TaskInstance: credit_default_ml_pipeline.monitoring.xgb_monitor scheduled__2024-08-01T00:00:00+00:00 [queued]>
[2026-06-20T08:09:06.710+0000] {taskinstance.py:2306} INFO - Starting attempt 1 of 2
[2026-06-20T08:09:06.807+0000] {taskinstance.py:2330} INFO - Executing <Task(BashOperator): monitoring.xgb_monitor> on 2024-08-01 00:00:00+00:00
[2026-06-20T08:09:06.810+0000] {logging_mixin.py:188} WARNING - /home/***/.local/lib/python3.12/site-packages/***/task/task_runner/standard_task_runner.py:62 DeprecationWarning: This process (pid=59339) is multi-threaded, use of fork() may lead to deadlocks in the child.
[2026-06-20T08:09:06.811+0000] {standard_task_runner.py:64} INFO - Started process 59344 to run task
[2026-06-20T08:09:06.811+0000] {standard_task_runner.py:90} INFO - Running: ['***', 'tasks', 'run', 'credit_default_ml_pipeline', 'monitoring.xgb_monitor', 'scheduled__2024-08-01T00:00:00+00:00', '--job-id', '2310', '--raw', '--subdir', 'DAGS_FOLDER/dag.py', '--cfg-path', '/tmp/tmpy3tmhutl']
[2026-06-20T08:09:06.813+0000] {standard_task_runner.py:91} INFO - Job 2310: Subtask monitoring.xgb_monitor
[2026-06-20T08:09:06.835+0000] {task_command.py:426} INFO - Running <TaskInstance: credit_default_ml_pipeline.monitoring.xgb_monitor scheduled__2024-08-01T00:00:00+00:00 [running]> on host 9cf341f51c89
[2026-06-20T08:09:06.865+0000] {taskinstance.py:2648} INFO - Exporting env vars: AIRFLOW_CTX_DAG_OWNER='***' AIRFLOW_CTX_DAG_ID='credit_default_ml_pipeline' AIRFLOW_CTX_TASK_ID='monitoring.xgb_monitor' AIRFLOW_CTX_EXECUTION_DATE='2024-08-01T00:00:00+00:00' AIRFLOW_CTX_TRY_NUMBER='1' AIRFLOW_CTX_DAG_RUN_ID='scheduled__2024-08-01T00:00:00+00:00'
[2026-06-20T08:09:06.866+0000] {taskinstance.py:430} INFO - ::endgroup::
[2026-06-20T08:09:06.871+0000] {subprocess.py:63} INFO - Tmp dir root location: /tmp
[2026-06-20T08:09:06.872+0000] {subprocess.py:75} INFO - Running command: ['/usr/bin/bash', '-c', 'cd /opt/***/scripts && if [ ! -f model_bank/champion.txt ]; then echo \'[SKIP] no champion.txt for 2024-08-01\'; exit 0; fi && CHAMP=$(cat model_bank/champion.txt | tr -d \'\\n\') && python3 model_monitor.py --snapshotdate "2024-08-01" --modelname "$CHAMP"']
[2026-06-20T08:09:06.876+0000] {subprocess.py:86} INFO - Output:
[2026-06-20T08:09:06.878+0000] {subprocess.py:93} INFO - [SKIP] no champion.txt for 2024-08-01
[2026-06-20T08:09:06.879+0000] {subprocess.py:97} INFO - Command exited with return code 0
[2026-06-20T08:09:06.879+0000] {taskinstance.py:441} INFO - ::group::Post task execution logs
[2026-06-20T08:09:06.890+0000] {taskinstance.py:1206} INFO - Marking task as SUCCESS. dag_id=credit_default_ml_pipeline, task_id=monitoring.xgb_monitor, run_id=scheduled__2024-08-01T00:00:00+00:00, execution_date=20240801T000000, start_date=20260620T080906, end_date=20260620T080906
[2026-06-20T08:09:06.912+0000] {local_task_job_runner.py:243} INFO - Task exited with return code 0
[2026-06-20T08:09:06.921+0000] {taskinstance.py:3503} INFO - 0 downstream tasks scheduled from follow-on schedule check
[2026-06-20T08:09:06.922+0000] {local_task_job_runner.py:222} INFO - ::endgroup::
[2026-06-20T16:05:55.000+0000] {local_task_job_runner.py:120} INFO - ::group::Pre task execution logs
[2026-06-20T16:05:55.014+0000] {taskinstance.py:2076} INFO - Dependencies all met for dep_context=non-requeueable deps ti=<TaskInstance: credit_default_ml_pipeline.monitoring.xgb_monitor scheduled__2024-08-01T00:00:00+00:00 [queued]>
[2026-06-20T16:05:55.017+0000] {taskinstance.py:2076} INFO - Dependencies all met for dep_context=requeueable deps ti=<TaskInstance: credit_default_ml_pipeline.monitoring.xgb_monitor scheduled__2024-08-01T00:00:00+00:00 [queued]>
[2026-06-20T16:05:55.019+0000] {taskinstance.py:2306} INFO - Starting attempt 1 of 2
[2026-06-20T16:05:55.101+0000] {taskinstance.py:2330} INFO - Executing <Task(BashOperator): monitoring.xgb_monitor> on 2024-08-01 00:00:00+00:00
[2026-06-20T16:05:55.105+0000] {logging_mixin.py:188} WARNING - /home/***/.local/lib/python3.12/site-packages/***/task/task_runner/standard_task_runner.py:62 DeprecationWarning: This process (pid=45586) is multi-threaded, use of fork() may lead to deadlocks in the child.
[2026-06-20T16:05:55.105+0000] {standard_task_runner.py:90} INFO - Running: ['***', 'tasks', 'run', 'credit_default_ml_pipeline', 'monitoring.xgb_monitor', 'scheduled__2024-08-01T00:00:00+00:00', '--job-id', '2784', '--raw', '--subdir', 'DAGS_FOLDER/dag.py', '--cfg-path', '/tmp/tmpp9ymf6ac']
[2026-06-20T16:05:55.107+0000] {standard_task_runner.py:64} INFO - Started process 45592 to run task
[2026-06-20T16:05:55.108+0000] {standard_task_runner.py:91} INFO - Job 2784: Subtask monitoring.xgb_monitor
[2026-06-20T16:05:55.133+0000] {task_command.py:426} INFO - Running <TaskInstance: credit_default_ml_pipeline.monitoring.xgb_monitor scheduled__2024-08-01T00:00:00+00:00 [running]> on host 9cf341f51c89
[2026-06-20T16:05:55.162+0000] {taskinstance.py:2648} INFO - Exporting env vars: AIRFLOW_CTX_DAG_OWNER='***' AIRFLOW_CTX_DAG_ID='credit_default_ml_pipeline' AIRFLOW_CTX_TASK_ID='monitoring.xgb_monitor' AIRFLOW_CTX_EXECUTION_DATE='2024-08-01T00:00:00+00:00' AIRFLOW_CTX_TRY_NUMBER='1' AIRFLOW_CTX_DAG_RUN_ID='scheduled__2024-08-01T00:00:00+00:00'
[2026-06-20T16:05:55.163+0000] {taskinstance.py:430} INFO - ::endgroup::
[2026-06-20T16:05:55.168+0000] {subprocess.py:63} INFO - Tmp dir root location: /tmp
[2026-06-20T16:05:55.169+0000] {subprocess.py:75} INFO - Running command: ['/usr/bin/bash', '-c', 'cd /opt/***/scripts && if [ ! -f model_bank/champion.txt ]; then echo \'[SKIP] no champion.txt for 2024-08-01\'; exit 0; fi && CHAMP=$(cat model_bank/champion.txt | tr -d \'\\n\') && python3 model_monitor.py --snapshotdate "2024-08-01" --modelname "$CHAMP"']
[2026-06-20T16:05:55.173+0000] {subprocess.py:86} INFO - Output:
[2026-06-20T16:05:55.175+0000] {subprocess.py:93} INFO - [SKIP] no champion.txt for 2024-08-01
[2026-06-20T16:05:55.176+0000] {subprocess.py:97} INFO - Command exited with return code 0
[2026-06-20T16:05:55.176+0000] {taskinstance.py:441} INFO - ::group::Post task execution logs
[2026-06-20T16:05:55.186+0000] {taskinstance.py:1206} INFO - Marking task as SUCCESS. dag_id=credit_default_ml_pipeline, task_id=monitoring.xgb_monitor, run_id=scheduled__2024-08-01T00:00:00+00:00, execution_date=20240801T000000, start_date=20260620T160555, end_date=20260620T160555
[2026-06-20T16:05:55.208+0000] {local_task_job_runner.py:243} INFO - Task exited with return code 0
[2026-06-20T16:05:55.217+0000] {taskinstance.py:3503} INFO - 0 downstream tasks scheduled from follow-on schedule check
[2026-06-20T16:05:55.218+0000] {local_task_job_runner.py:222} INFO - ::endgroup::
[2026-06-20T18:02:39.014+0000] {local_task_job_runner.py:120} INFO - ::group::Pre task execution logs
[2026-06-20T18:02:39.028+0000] {taskinstance.py:2076} INFO - Dependencies all met for dep_context=non-requeueable deps ti=<TaskInstance: credit_default_ml_pipeline.monitoring.xgb_monitor scheduled__2024-08-01T00:00:00+00:00 [queued]>
[2026-06-20T18:02:39.034+0000] {taskinstance.py:2076} INFO - Dependencies all met for dep_context=requeueable deps ti=<TaskInstance: credit_default_ml_pipeline.monitoring.xgb_monitor scheduled__2024-08-01T00:00:00+00:00 [queued]>
[2026-06-20T18:02:39.034+0000] {taskinstance.py:2306} INFO - Starting attempt 1 of 2
[2026-06-20T18:02:39.124+0000] {taskinstance.py:2330} INFO - Executing <Task(BashOperator): monitoring.xgb_monitor> on 2024-08-01 00:00:00+00:00
[2026-06-20T18:02:39.130+0000] {logging_mixin.py:188} WARNING - /home/***/.local/lib/python3.12/site-packages/***/task/task_runner/standard_task_runner.py:62 DeprecationWarning: This process (pid=64148) is multi-threaded, use of fork() may lead to deadlocks in the child.
[2026-06-20T18:02:39.131+0000] {standard_task_runner.py:90} INFO - Running: ['***', 'tasks', 'run', 'credit_default_ml_pipeline', 'monitoring.xgb_monitor', 'scheduled__2024-08-01T00:00:00+00:00', '--job-id', '3358', '--raw', '--subdir', 'DAGS_FOLDER/dag.py', '--cfg-path', '/tmp/tmp81_05294']
[2026-06-20T18:02:39.132+0000] {standard_task_runner.py:64} INFO - Started process 64154 to run task
[2026-06-20T18:02:39.132+0000] {standard_task_runner.py:91} INFO - Job 3358: Subtask monitoring.xgb_monitor
[2026-06-20T18:02:39.155+0000] {task_command.py:426} INFO - Running <TaskInstance: credit_default_ml_pipeline.monitoring.xgb_monitor scheduled__2024-08-01T00:00:00+00:00 [running]> on host 9cf341f51c89
[2026-06-20T18:02:39.184+0000] {taskinstance.py:2648} INFO - Exporting env vars: AIRFLOW_CTX_DAG_OWNER='***' AIRFLOW_CTX_DAG_ID='credit_default_ml_pipeline' AIRFLOW_CTX_TASK_ID='monitoring.xgb_monitor' AIRFLOW_CTX_EXECUTION_DATE='2024-08-01T00:00:00+00:00' AIRFLOW_CTX_TRY_NUMBER='1' AIRFLOW_CTX_DAG_RUN_ID='scheduled__2024-08-01T00:00:00+00:00'
[2026-06-20T18:02:39.185+0000] {taskinstance.py:430} INFO - ::endgroup::
[2026-06-20T18:02:39.190+0000] {subprocess.py:63} INFO - Tmp dir root location: /tmp
[2026-06-20T18:02:39.191+0000] {subprocess.py:75} INFO - Running command: ['/usr/bin/bash', '-c', 'cd /opt/***/scripts && if [ ! -f model_bank/champion.txt ]; then echo \'[SKIP] no champion.txt for 2024-08-01\'; exit 0; fi && CHAMP=$(cat model_bank/champion.txt | tr -d \'\\n\') && python3 model_monitor.py --snapshotdate "2024-08-01" --modelname "$CHAMP"']
[2026-06-20T18:02:39.196+0000] {subprocess.py:86} INFO - Output:
[2026-06-20T18:02:39.197+0000] {subprocess.py:93} INFO - [SKIP] no champion.txt for 2024-08-01
[2026-06-20T18:02:39.198+0000] {subprocess.py:97} INFO - Command exited with return code 0
[2026-06-20T18:02:39.198+0000] {taskinstance.py:441} INFO - ::group::Post task execution logs
[2026-06-20T18:02:39.210+0000] {taskinstance.py:1206} INFO - Marking task as SUCCESS. dag_id=credit_default_ml_pipeline, task_id=monitoring.xgb_monitor, run_id=scheduled__2024-08-01T00:00:00+00:00, execution_date=20240801T000000, start_date=20260620T180239, end_date=20260620T180239
[2026-06-20T18:02:39.232+0000] {local_task_job_runner.py:243} INFO - Task exited with return code 0
[2026-06-20T18:02:39.241+0000] {taskinstance.py:3503} INFO - 0 downstream tasks scheduled from follow-on schedule check
[2026-06-20T18:02:39.244+0000] {local_task_job_runner.py:222} INFO - ::endgroup::
[2026-06-21T02:57:24.032+0000] {local_task_job_runner.py:120} INFO - ::group::Pre task execution logs
[2026-06-21T02:57:24.045+0000] {taskinstance.py:2076} INFO - Dependencies all met for dep_context=non-requeueable deps ti=<TaskInstance: credit_default_ml_pipeline.monitoring.xgb_monitor scheduled__2024-08-01T00:00:00+00:00 [queued]>
[2026-06-21T02:57:24.048+0000] {taskinstance.py:2076} INFO - Dependencies all met for dep_context=requeueable deps ti=<TaskInstance: credit_default_ml_pipeline.monitoring.xgb_monitor scheduled__2024-08-01T00:00:00+00:00 [queued]>
[2026-06-21T02:57:24.049+0000] {taskinstance.py:2306} INFO - Starting attempt 1 of 2
[2026-06-21T02:57:24.059+0000] {taskinstance.py:2330} INFO - Executing <Task(BashOperator): monitoring.xgb_monitor> on 2024-08-01 00:00:00+00:00
[2026-06-21T02:57:24.063+0000] {logging_mixin.py:188} WARNING - /home/***/.local/lib/python3.12/site-packages/***/task/task_runner/standard_task_runner.py:62 DeprecationWarning: This process (pid=63092) is multi-threaded, use of fork() may lead to deadlocks in the child.
[2026-06-21T02:57:24.064+0000] {standard_task_runner.py:64} INFO - Started process 63098 to run task
[2026-06-21T02:57:24.063+0000] {standard_task_runner.py:90} INFO - Running: ['***', 'tasks', 'run', 'credit_default_ml_pipeline', 'monitoring.xgb_monitor', 'scheduled__2024-08-01T00:00:00+00:00', '--job-id', '3826', '--raw', '--subdir', 'DAGS_FOLDER/dag.py', '--cfg-path', '/tmp/tmpi29iatrn']
[2026-06-21T02:57:24.066+0000] {standard_task_runner.py:91} INFO - Job 3826: Subtask monitoring.xgb_monitor
[2026-06-21T02:57:24.090+0000] {task_command.py:426} INFO - Running <TaskInstance: credit_default_ml_pipeline.monitoring.xgb_monitor scheduled__2024-08-01T00:00:00+00:00 [running]> on host f6e9e2801916
[2026-06-21T02:57:24.237+0000] {taskinstance.py:2648} INFO - Exporting env vars: AIRFLOW_CTX_DAG_OWNER='***' AIRFLOW_CTX_DAG_ID='credit_default_ml_pipeline' AIRFLOW_CTX_TASK_ID='monitoring.xgb_monitor' AIRFLOW_CTX_EXECUTION_DATE='2024-08-01T00:00:00+00:00' AIRFLOW_CTX_TRY_NUMBER='1' AIRFLOW_CTX_DAG_RUN_ID='scheduled__2024-08-01T00:00:00+00:00'
[2026-06-21T02:57:24.237+0000] {taskinstance.py:430} INFO - ::endgroup::
[2026-06-21T02:57:24.242+0000] {subprocess.py:63} INFO - Tmp dir root location: /tmp
[2026-06-21T02:57:24.243+0000] {subprocess.py:75} INFO - Running command: ['/usr/bin/bash', '-c', 'cd /opt/***/scripts && if [ ! -f model_bank/champion.txt ]; then echo \'[SKIP] no champion.txt for 2024-08-01\'; exit 0; fi && CHAMP=$(cat model_bank/champion.txt | tr -d \'\\n\') && python3 model_monitor.py --snapshotdate "2024-08-01" --modelname "$CHAMP"']
[2026-06-21T02:57:24.247+0000] {subprocess.py:86} INFO - Output:
[2026-06-21T02:57:24.248+0000] {subprocess.py:93} INFO - [SKIP] no champion.txt for 2024-08-01
[2026-06-21T02:57:24.249+0000] {subprocess.py:97} INFO - Command exited with return code 0
[2026-06-21T02:57:24.250+0000] {taskinstance.py:441} INFO - ::group::Post task execution logs
[2026-06-21T02:57:24.262+0000] {taskinstance.py:1206} INFO - Marking task as SUCCESS. dag_id=credit_default_ml_pipeline, task_id=monitoring.xgb_monitor, run_id=scheduled__2024-08-01T00:00:00+00:00, execution_date=20240801T000000, start_date=20260621T025724, end_date=20260621T025724
[2026-06-21T02:57:24.288+0000] {local_task_job_runner.py:243} INFO - Task exited with return code 0
[2026-06-21T02:57:24.293+0000] {local_task_job_runner.py:222} INFO - ::endgroup::
[2026-06-21T06:23:53.650+0000] {local_task_job_runner.py:120} INFO - ::group::Pre task execution logs
[2026-06-21T06:23:53.664+0000] {taskinstance.py:2076} INFO - Dependencies all met for dep_context=non-requeueable deps ti=<TaskInstance: credit_default_ml_pipeline.monitoring.xgb_monitor scheduled__2024-08-01T00:00:00+00:00 [queued]>
[2026-06-21T06:23:53.668+0000] {taskinstance.py:2076} INFO - Dependencies all met for dep_context=requeueable deps ti=<TaskInstance: credit_default_ml_pipeline.monitoring.xgb_monitor scheduled__2024-08-01T00:00:00+00:00 [queued]>
[2026-06-21T06:23:53.669+0000] {taskinstance.py:2306} INFO - Starting attempt 1 of 2
[2026-06-21T06:23:53.758+0000] {taskinstance.py:2330} INFO - Executing <Task(BashOperator): monitoring.xgb_monitor> on 2024-08-01 00:00:00+00:00
[2026-06-21T06:23:53.762+0000] {logging_mixin.py:188} WARNING - /home/***/.local/lib/python3.12/site-packages/***/task/task_runner/standard_task_runner.py:62 DeprecationWarning: This process (pid=64937) is multi-threaded, use of fork() may lead to deadlocks in the child.
[2026-06-21T06:23:53.763+0000] {standard_task_runner.py:64} INFO - Started process 64942 to run task
[2026-06-21T06:23:53.762+0000] {standard_task_runner.py:90} INFO - Running: ['***', 'tasks', 'run', 'credit_default_ml_pipeline', 'monitoring.xgb_monitor', 'scheduled__2024-08-01T00:00:00+00:00', '--job-id', '4286', '--raw', '--subdir', 'DAGS_FOLDER/dag.py', '--cfg-path', '/tmp/tmph4lln6hk']
[2026-06-21T06:23:53.765+0000] {standard_task_runner.py:91} INFO - Job 4286: Subtask monitoring.xgb_monitor
[2026-06-21T06:23:53.787+0000] {task_command.py:426} INFO - Running <TaskInstance: credit_default_ml_pipeline.monitoring.xgb_monitor scheduled__2024-08-01T00:00:00+00:00 [running]> on host 9377a3f0491f
[2026-06-21T06:23:53.820+0000] {taskinstance.py:2648} INFO - Exporting env vars: AIRFLOW_CTX_DAG_OWNER='***' AIRFLOW_CTX_DAG_ID='credit_default_ml_pipeline' AIRFLOW_CTX_TASK_ID='monitoring.xgb_monitor' AIRFLOW_CTX_EXECUTION_DATE='2024-08-01T00:00:00+00:00' AIRFLOW_CTX_TRY_NUMBER='1' AIRFLOW_CTX_DAG_RUN_ID='scheduled__2024-08-01T00:00:00+00:00'
[2026-06-21T06:23:53.821+0000] {taskinstance.py:430} INFO - ::endgroup::
[2026-06-21T06:23:53.827+0000] {subprocess.py:63} INFO - Tmp dir root location: /tmp
[2026-06-21T06:23:53.829+0000] {subprocess.py:75} INFO - Running command: ['/usr/bin/bash', '-c', 'cd /opt/***/scripts && if [ ! -f model_bank/champion.txt ]; then echo \'[SKIP] no champion.txt for 2024-08-01\'; exit 0; fi && CHAMP=$(cat model_bank/champion.txt | tr -d \'\\n\') && python3 model_monitor.py --snapshotdate "2024-08-01" --modelname "$CHAMP"']
[2026-06-21T06:23:53.835+0000] {subprocess.py:86} INFO - Output:
[2026-06-21T06:23:53.836+0000] {subprocess.py:93} INFO - [SKIP] no champion.txt for 2024-08-01
[2026-06-21T06:23:53.837+0000] {subprocess.py:97} INFO - Command exited with return code 0
[2026-06-21T06:23:53.837+0000] {taskinstance.py:441} INFO - ::group::Post task execution logs
[2026-06-21T06:23:53.849+0000] {taskinstance.py:1206} INFO - Marking task as SUCCESS. dag_id=credit_default_ml_pipeline, task_id=monitoring.xgb_monitor, run_id=scheduled__2024-08-01T00:00:00+00:00, execution_date=20240801T000000, start_date=20260621T062353, end_date=20260621T062353
[2026-06-21T06:23:53.861+0000] {local_task_job_runner.py:243} INFO - Task exited with return code 0
[2026-06-21T06:23:53.872+0000] {taskinstance.py:3503} INFO - 0 downstream tasks scheduled from follow-on schedule check
[2026-06-21T06:23:53.873+0000] {local_task_job_runner.py:222} INFO - ::endgroup::
