[2026-06-18T04:00:21.501+0000] {local_task_job_runner.py:120} INFO - ::group::Pre task execution logs
[2026-06-18T04:00:21.529+0000] {taskinstance.py:2076} INFO - Dependencies all met for dep_context=non-requeueable deps ti=<TaskInstance: credit_default_ml_pipeline.feature_pipeline.feature_silver_clickstream scheduled__2023-10-01T00:00:00+00:00 [queued]>
[2026-06-18T04:00:21.538+0000] {taskinstance.py:2076} INFO - Dependencies all met for dep_context=requeueable deps ti=<TaskInstance: credit_default_ml_pipeline.feature_pipeline.feature_silver_clickstream scheduled__2023-10-01T00:00:00+00:00 [queued]>
[2026-06-18T04:00:21.539+0000] {taskinstance.py:2306} INFO - Starting attempt 3 of 4
[2026-06-18T04:00:21.550+0000] {taskinstance.py:2330} INFO - Executing <Task(BashOperator): feature_pipeline.feature_silver_clickstream> on 2023-10-01 00:00:00+00:00
[2026-06-18T04:00:21.558+0000] {logging_mixin.py:188} WARNING - /home/***/.local/lib/python3.12/site-packages/***/task/task_runner/standard_task_runner.py:62 DeprecationWarning: This process (pid=53803) is multi-threaded, use of fork() may lead to deadlocks in the child.
[2026-06-18T04:00:21.558+0000] {standard_task_runner.py:90} INFO - Running: ['***', 'tasks', 'run', 'credit_default_ml_pipeline', 'feature_pipeline.feature_silver_clickstream', 'scheduled__2023-10-01T00:00:00+00:00', '--job-id', '1075', '--raw', '--subdir', 'DAGS_FOLDER/dag.py', '--cfg-path', '/tmp/tmpq_s8sp5a']
[2026-06-18T04:00:21.560+0000] {standard_task_runner.py:64} INFO - Started process 53827 to run task
[2026-06-18T04:00:21.561+0000] {standard_task_runner.py:91} INFO - Job 1075: Subtask feature_pipeline.feature_silver_clickstream
[2026-06-18T04:00:21.617+0000] {task_command.py:426} INFO - Running <TaskInstance: credit_default_ml_pipeline.feature_pipeline.feature_silver_clickstream scheduled__2023-10-01T00:00:00+00:00 [running]> on host bfbc24b887a5
[2026-06-18T04:00:21.950+0000] {taskinstance.py:2648} INFO - Exporting env vars: AIRFLOW_CTX_DAG_OWNER='***' AIRFLOW_CTX_DAG_ID='credit_default_ml_pipeline' AIRFLOW_CTX_TASK_ID='feature_pipeline.feature_silver_clickstream' AIRFLOW_CTX_EXECUTION_DATE='2023-10-01T00:00:00+00:00' AIRFLOW_CTX_TRY_NUMBER='3' AIRFLOW_CTX_DAG_RUN_ID='scheduled__2023-10-01T00:00:00+00:00'
[2026-06-18T04:00:21.952+0000] {taskinstance.py:430} INFO - ::endgroup::
[2026-06-18T04:00:21.964+0000] {subprocess.py:63} INFO - Tmp dir root location: /tmp
[2026-06-18T04:00:21.966+0000] {subprocess.py:75} INFO - Running command: ['/usr/bin/bash', '-c', 'cd /opt/***/scripts && python3 silver_processing.py --snapshotdate "2023-10-01" --source clickstream']
[2026-06-18T04:00:21.980+0000] {subprocess.py:86} INFO - Output:
[2026-06-18T04:00:25.262+0000] {subprocess.py:93} INFO - Setting default log level to "WARN".
[2026-06-18T04:00:25.263+0000] {subprocess.py:93} INFO - To adjust logging level use sc.setLogLevel(newLevel). For SparkR, use setLogLevel(newLevel).
[2026-06-18T04:00:25.566+0000] {subprocess.py:93} INFO - 26/06/18 04:00:25 WARN NativeCodeLoader: Unable to load native-hadoop library for your platform... using builtin-java classes where applicable
[2026-06-18T04:00:26.661+0000] {subprocess.py:93} INFO - 26/06/18 04:00:26 WARN Utils: Service 'SparkUI' could not bind on port 4040. Attempting port 4041.
[2026-06-18T04:00:26.665+0000] {subprocess.py:93} INFO - 26/06/18 04:00:26 WARN Utils: Service 'SparkUI' could not bind on port 4041. Attempting port 4042.
[2026-06-18T04:00:26.668+0000] {subprocess.py:93} INFO - 26/06/18 04:00:26 WARN Utils: Service 'SparkUI' could not bind on port 4042. Attempting port 4043.
[2026-06-18T04:00:26.670+0000] {subprocess.py:93} INFO - 26/06/18 04:00:26 WARN Utils: Service 'SparkUI' could not bind on port 4043. Attempting port 4044.
[2026-06-18T04:00:38.279+0000] {subprocess.py:93} INFO - [Stage 5:>                                                          (0 + 1) / 1]
[2026-06-18T04:00:38.282+0000] {subprocess.py:93} INFO - --- silver clickstream 2023-10-01 ---
[2026-06-18T04:00:38.284+0000] {subprocess.py:93} INFO - 
[2026-06-18T04:00:38.284+0000] {subprocess.py:93} INFO - [silver:clickstream] loaded datamart/bronze/clickstream/bronze_clickstream_2023_10_01.csv rows: 8974
[2026-06-18T04:00:38.286+0000] {subprocess.py:93} INFO - [silver:clickstream] saved to: datamart/silver/clickstream/2023_10_01.parquet
[2026-06-18T04:00:38.287+0000] {subprocess.py:93} INFO - 
[2026-06-18T04:00:38.287+0000] {subprocess.py:93} INFO - --- done ---
[2026-06-18T04:00:38.288+0000] {subprocess.py:93} INFO - 
[2026-06-18T04:00:38.722+0000] {subprocess.py:97} INFO - Command exited with return code 0
[2026-06-18T04:00:38.724+0000] {taskinstance.py:441} INFO - ::group::Post task execution logs
[2026-06-18T04:00:38.752+0000] {taskinstance.py:1206} INFO - Marking task as SUCCESS. dag_id=credit_default_ml_pipeline, task_id=feature_pipeline.feature_silver_clickstream, run_id=scheduled__2023-10-01T00:00:00+00:00, execution_date=20231001T000000, start_date=20260618T040021, end_date=20260618T040038
[2026-06-18T04:00:38.796+0000] {local_task_job_runner.py:243} INFO - Task exited with return code 0
[2026-06-18T04:00:38.988+0000] {taskinstance.py:3503} INFO - 0 downstream tasks scheduled from follow-on schedule check
[2026-06-18T04:00:38.990+0000] {local_task_job_runner.py:222} INFO - ::endgroup::
