[2026-06-16T11:20:10.067+0000] {local_task_job_runner.py:120} INFO - ::group::Pre task execution logs
[2026-06-16T11:20:10.089+0000] {taskinstance.py:2076} INFO - Dependencies all met for dep_context=non-requeueable deps ti=<TaskInstance: credit_default_ml_pipeline.label_bronze_lms scheduled__2023-01-01T00:00:00+00:00 [queued]>
[2026-06-16T11:20:10.102+0000] {taskinstance.py:2076} INFO - Dependencies all met for dep_context=requeueable deps ti=<TaskInstance: credit_default_ml_pipeline.label_bronze_lms scheduled__2023-01-01T00:00:00+00:00 [queued]>
[2026-06-16T11:20:10.104+0000] {taskinstance.py:2306} INFO - Starting attempt 1 of 2
[2026-06-16T11:20:10.115+0000] {taskinstance.py:2330} INFO - Executing <Task(BashOperator): label_bronze_lms> on 2023-01-01 00:00:00+00:00
[2026-06-16T11:20:10.120+0000] {standard_task_runner.py:90} INFO - Running: ['***', 'tasks', 'run', 'credit_default_ml_pipeline', 'label_bronze_lms', 'scheduled__2023-01-01T00:00:00+00:00', '--job-id', '3', '--raw', '--subdir', 'DAGS_FOLDER/dag.py', '--cfg-path', '/tmp/tmpjw8gd87k']
[2026-06-16T11:20:10.123+0000] {standard_task_runner.py:91} INFO - Job 3: Subtask label_bronze_lms
[2026-06-16T11:20:10.123+0000] {logging_mixin.py:188} WARNING - /home/***/.local/lib/python3.12/site-packages/***/task/task_runner/standard_task_runner.py:62 DeprecationWarning: This process (pid=169) is multi-threaded, use of fork() may lead to deadlocks in the child.
[2026-06-16T11:20:10.125+0000] {standard_task_runner.py:64} INFO - Started process 176 to run task
[2026-06-16T11:20:10.160+0000] {task_command.py:426} INFO - Running <TaskInstance: credit_default_ml_pipeline.label_bronze_lms scheduled__2023-01-01T00:00:00+00:00 [running]> on host 1cab6e97738a
[2026-06-16T11:20:10.217+0000] {taskinstance.py:2648} INFO - Exporting env vars: AIRFLOW_CTX_DAG_OWNER='***' AIRFLOW_CTX_DAG_ID='credit_default_ml_pipeline' AIRFLOW_CTX_TASK_ID='label_bronze_lms' AIRFLOW_CTX_EXECUTION_DATE='2023-01-01T00:00:00+00:00' AIRFLOW_CTX_TRY_NUMBER='1' AIRFLOW_CTX_DAG_RUN_ID='scheduled__2023-01-01T00:00:00+00:00'
[2026-06-16T11:20:10.218+0000] {taskinstance.py:430} INFO - ::endgroup::
[2026-06-16T11:20:10.230+0000] {subprocess.py:63} INFO - Tmp dir root location: /tmp
[2026-06-16T11:20:10.231+0000] {subprocess.py:75} INFO - Running command: ['/usr/bin/bash', '-c', 'cd /opt/***/scripts && python3 bronze_processing.py --snapshotdate "2023-01-01" --source lms']
[2026-06-16T11:20:10.236+0000] {subprocess.py:86} INFO - Output:
[2026-06-16T11:20:12.166+0000] {subprocess.py:93} INFO - Setting default log level to "WARN".
[2026-06-16T11:20:12.171+0000] {subprocess.py:93} INFO - To adjust logging level use sc.setLogLevel(newLevel). For SparkR, use setLogLevel(newLevel).
[2026-06-16T11:20:12.361+0000] {subprocess.py:93} INFO - 26/06/16 11:20:12 WARN NativeCodeLoader: Unable to load native-hadoop library for your platform... using builtin-java classes where applicable
[2026-06-16T11:20:20.349+0000] {subprocess.py:93} INFO - [Stage 1:>                                                          (0 + 3) / 3]
[2026-06-16T11:20:20.351+0000] {subprocess.py:93} INFO - --- bronze lms 2023-01-01 ---
[2026-06-16T11:20:20.352+0000] {subprocess.py:93} INFO - 
[2026-06-16T11:20:20.352+0000] {subprocess.py:93} INFO - [bronze:lms] 2023-01-01 row count: 530
[2026-06-16T11:20:20.354+0000] {subprocess.py:93} INFO - [bronze:lms] saved to: datamart/bronze/lms/bronze_lms_2023_01_01.csv
[2026-06-16T11:20:20.355+0000] {subprocess.py:93} INFO - 
[2026-06-16T11:20:20.355+0000] {subprocess.py:93} INFO - --- done ---
[2026-06-16T11:20:20.356+0000] {subprocess.py:93} INFO - 
[2026-06-16T11:20:20.807+0000] {subprocess.py:97} INFO - Command exited with return code 0
[2026-06-16T11:20:20.808+0000] {taskinstance.py:441} INFO - ::group::Post task execution logs
[2026-06-16T11:20:20.825+0000] {taskinstance.py:1206} INFO - Marking task as SUCCESS. dag_id=credit_default_ml_pipeline, task_id=label_bronze_lms, run_id=scheduled__2023-01-01T00:00:00+00:00, execution_date=20230101T000000, start_date=20260616T112010, end_date=20260616T112020
[2026-06-16T11:20:20.841+0000] {local_task_job_runner.py:243} INFO - Task exited with return code 0
[2026-06-16T11:20:20.861+0000] {taskinstance.py:3503} INFO - 2 downstream tasks scheduled from follow-on schedule check
[2026-06-16T11:20:20.862+0000] {local_task_job_runner.py:222} INFO - ::endgroup::
