[2026-06-18T04:14:16.087+0000] {local_task_job_runner.py:120} INFO - ::group::Pre task execution logs
[2026-06-18T04:14:16.118+0000] {taskinstance.py:2076} INFO - Dependencies all met for dep_context=non-requeueable deps ti=<TaskInstance: credit_default_ml_pipeline.feature_pipeline.feature_silver_attributes scheduled__2024-03-01T00:00:00+00:00 [queued]>
[2026-06-18T04:14:16.127+0000] {taskinstance.py:2076} INFO - Dependencies all met for dep_context=requeueable deps ti=<TaskInstance: credit_default_ml_pipeline.feature_pipeline.feature_silver_attributes scheduled__2024-03-01T00:00:00+00:00 [queued]>
[2026-06-18T04:14:16.128+0000] {taskinstance.py:2306} INFO - Starting attempt 3 of 4
[2026-06-18T04:14:16.143+0000] {taskinstance.py:2330} INFO - Executing <Task(BashOperator): feature_pipeline.feature_silver_attributes> on 2024-03-01 00:00:00+00:00
[2026-06-18T04:14:16.151+0000] {logging_mixin.py:188} WARNING - /home/***/.local/lib/python3.12/site-packages/***/task/task_runner/standard_task_runner.py:62 DeprecationWarning: This process (pid=69911) is multi-threaded, use of fork() may lead to deadlocks in the child.
[2026-06-18T04:14:16.153+0000] {standard_task_runner.py:64} INFO - Started process 69919 to run task
[2026-06-18T04:14:16.152+0000] {standard_task_runner.py:90} INFO - Running: ['***', 'tasks', 'run', 'credit_default_ml_pipeline', 'feature_pipeline.feature_silver_attributes', 'scheduled__2024-03-01T00:00:00+00:00', '--job-id', '1163', '--raw', '--subdir', 'DAGS_FOLDER/dag.py', '--cfg-path', '/tmp/tmpim6cic_x']
[2026-06-18T04:14:16.154+0000] {standard_task_runner.py:91} INFO - Job 1163: Subtask feature_pipeline.feature_silver_attributes
[2026-06-18T04:14:16.196+0000] {task_command.py:426} INFO - Running <TaskInstance: credit_default_ml_pipeline.feature_pipeline.feature_silver_attributes scheduled__2024-03-01T00:00:00+00:00 [running]> on host bfbc24b887a5
[2026-06-18T04:14:16.468+0000] {taskinstance.py:2648} INFO - Exporting env vars: AIRFLOW_CTX_DAG_OWNER='***' AIRFLOW_CTX_DAG_ID='credit_default_ml_pipeline' AIRFLOW_CTX_TASK_ID='feature_pipeline.feature_silver_attributes' AIRFLOW_CTX_EXECUTION_DATE='2024-03-01T00:00:00+00:00' AIRFLOW_CTX_TRY_NUMBER='3' AIRFLOW_CTX_DAG_RUN_ID='scheduled__2024-03-01T00:00:00+00:00'
[2026-06-18T04:14:16.469+0000] {taskinstance.py:430} INFO - ::endgroup::
[2026-06-18T04:14:16.481+0000] {subprocess.py:63} INFO - Tmp dir root location: /tmp
[2026-06-18T04:14:16.483+0000] {subprocess.py:75} INFO - Running command: ['/usr/bin/bash', '-c', 'cd /opt/***/scripts && python3 silver_processing.py --snapshotdate "2024-03-01" --source attributes']
[2026-06-18T04:14:16.492+0000] {subprocess.py:86} INFO - Output:
[2026-06-18T04:14:20.127+0000] {subprocess.py:93} INFO - Setting default log level to "WARN".
[2026-06-18T04:14:20.129+0000] {subprocess.py:93} INFO - To adjust logging level use sc.setLogLevel(newLevel). For SparkR, use setLogLevel(newLevel).
[2026-06-18T04:14:20.486+0000] {subprocess.py:93} INFO - 26/06/18 04:14:20 WARN NativeCodeLoader: Unable to load native-hadoop library for your platform... using builtin-java classes where applicable
[2026-06-18T04:14:21.865+0000] {subprocess.py:93} INFO - 26/06/18 04:14:21 WARN Utils: Service 'SparkUI' could not bind on port 4040. Attempting port 4041.
[2026-06-18T04:14:21.870+0000] {subprocess.py:93} INFO - 26/06/18 04:14:21 WARN Utils: Service 'SparkUI' could not bind on port 4041. Attempting port 4042.
[2026-06-18T04:14:21.872+0000] {subprocess.py:93} INFO - 26/06/18 04:14:21 WARN Utils: Service 'SparkUI' could not bind on port 4042. Attempting port 4043.
[2026-06-18T04:14:33.881+0000] {subprocess.py:93} INFO - [Stage 5:>                                                          (0 + 1) / 1]
[2026-06-18T04:14:33.891+0000] {subprocess.py:93} INFO - --- silver attributes 2024-03-01 ---
[2026-06-18T04:14:33.898+0000] {subprocess.py:93} INFO - 
[2026-06-18T04:14:33.901+0000] {subprocess.py:93} INFO - [silver:attributes] loaded datamart/bronze/attributes/bronze_attributes_2024_03_01.csv rows: 511
[2026-06-18T04:14:33.904+0000] {subprocess.py:93} INFO - [silver:attributes] saved to: datamart/silver/attributes/2024_03_01.parquet
[2026-06-18T04:14:33.909+0000] {subprocess.py:93} INFO - 
[2026-06-18T04:14:33.911+0000] {subprocess.py:93} INFO - --- done ---
[2026-06-18T04:14:33.914+0000] {subprocess.py:93} INFO - 
[2026-06-18T04:14:34.454+0000] {subprocess.py:97} INFO - Command exited with return code 0
[2026-06-18T04:14:34.460+0000] {taskinstance.py:441} INFO - ::group::Post task execution logs
[2026-06-18T04:14:34.541+0000] {taskinstance.py:1206} INFO - Marking task as SUCCESS. dag_id=credit_default_ml_pipeline, task_id=feature_pipeline.feature_silver_attributes, run_id=scheduled__2024-03-01T00:00:00+00:00, execution_date=20240301T000000, start_date=20260618T041416, end_date=20260618T041434
[2026-06-18T04:14:34.639+0000] {local_task_job_runner.py:243} INFO - Task exited with return code 0
[2026-06-18T04:14:35.135+0000] {taskinstance.py:3503} INFO - 0 downstream tasks scheduled from follow-on schedule check
[2026-06-18T04:14:35.140+0000] {local_task_job_runner.py:222} INFO - ::endgroup::
