[2026-06-18T04:17:24.718+0000] {local_task_job_runner.py:120} INFO - ::group::Pre task execution logs
[2026-06-18T04:17:24.784+0000] {taskinstance.py:2076} INFO - Dependencies all met for dep_context=non-requeueable deps ti=<TaskInstance: credit_default_ml_pipeline.feature_pipeline.feature_silver_clickstream scheduled__2024-04-01T00:00:00+00:00 [queued]>
[2026-06-18T04:17:24.796+0000] {taskinstance.py:2076} INFO - Dependencies all met for dep_context=requeueable deps ti=<TaskInstance: credit_default_ml_pipeline.feature_pipeline.feature_silver_clickstream scheduled__2024-04-01T00:00:00+00:00 [queued]>
[2026-06-18T04:17:24.798+0000] {taskinstance.py:2306} INFO - Starting attempt 3 of 4
[2026-06-18T04:17:24.819+0000] {taskinstance.py:2330} INFO - Executing <Task(BashOperator): feature_pipeline.feature_silver_clickstream> on 2024-04-01 00:00:00+00:00
[2026-06-18T04:17:24.835+0000] {logging_mixin.py:188} WARNING - /home/***/.local/lib/python3.12/site-packages/***/task/task_runner/standard_task_runner.py:62 DeprecationWarning: This process (pid=73236) is multi-threaded, use of fork() may lead to deadlocks in the child.
[2026-06-18T04:17:24.838+0000] {standard_task_runner.py:64} INFO - Started process 73337 to run task
[2026-06-18T04:17:24.837+0000] {standard_task_runner.py:90} INFO - Running: ['***', 'tasks', 'run', 'credit_default_ml_pipeline', 'feature_pipeline.feature_silver_clickstream', 'scheduled__2024-04-01T00:00:00+00:00', '--job-id', '1182', '--raw', '--subdir', 'DAGS_FOLDER/dag.py', '--cfg-path', '/tmp/tmp6sqvvipi']
[2026-06-18T04:17:24.841+0000] {standard_task_runner.py:91} INFO - Job 1182: Subtask feature_pipeline.feature_silver_clickstream
[2026-06-18T04:17:24.916+0000] {task_command.py:426} INFO - Running <TaskInstance: credit_default_ml_pipeline.feature_pipeline.feature_silver_clickstream scheduled__2024-04-01T00:00:00+00:00 [running]> on host bfbc24b887a5
[2026-06-18T04:17:25.341+0000] {taskinstance.py:2648} INFO - Exporting env vars: AIRFLOW_CTX_DAG_OWNER='***' AIRFLOW_CTX_DAG_ID='credit_default_ml_pipeline' AIRFLOW_CTX_TASK_ID='feature_pipeline.feature_silver_clickstream' AIRFLOW_CTX_EXECUTION_DATE='2024-04-01T00:00:00+00:00' AIRFLOW_CTX_TRY_NUMBER='3' AIRFLOW_CTX_DAG_RUN_ID='scheduled__2024-04-01T00:00:00+00:00'
[2026-06-18T04:17:25.345+0000] {taskinstance.py:430} INFO - ::endgroup::
[2026-06-18T04:17:25.359+0000] {subprocess.py:63} INFO - Tmp dir root location: /tmp
[2026-06-18T04:17:25.363+0000] {subprocess.py:75} INFO - Running command: ['/usr/bin/bash', '-c', 'cd /opt/***/scripts && python3 silver_processing.py --snapshotdate "2024-04-01" --source clickstream']
[2026-06-18T04:17:25.382+0000] {subprocess.py:86} INFO - Output:
[2026-06-18T04:17:29.436+0000] {subprocess.py:93} INFO - Setting default log level to "WARN".
[2026-06-18T04:17:29.449+0000] {subprocess.py:93} INFO - To adjust logging level use sc.setLogLevel(newLevel). For SparkR, use setLogLevel(newLevel).
[2026-06-18T04:17:29.885+0000] {subprocess.py:93} INFO - 26/06/18 04:17:29 WARN NativeCodeLoader: Unable to load native-hadoop library for your platform... using builtin-java classes where applicable
[2026-06-18T04:17:31.228+0000] {subprocess.py:93} INFO - 26/06/18 04:17:31 WARN Utils: Service 'SparkUI' could not bind on port 4040. Attempting port 4041.
[2026-06-18T04:17:31.235+0000] {subprocess.py:93} INFO - 26/06/18 04:17:31 WARN Utils: Service 'SparkUI' could not bind on port 4041. Attempting port 4042.
[2026-06-18T04:17:31.239+0000] {subprocess.py:93} INFO - 26/06/18 04:17:31 WARN Utils: Service 'SparkUI' could not bind on port 4042. Attempting port 4043.
[2026-06-18T04:17:31.242+0000] {subprocess.py:93} INFO - 26/06/18 04:17:31 WARN Utils: Service 'SparkUI' could not bind on port 4043. Attempting port 4044.
[2026-06-18T04:17:45.376+0000] {subprocess.py:93} INFO - [Stage 1:>                                                          (0 + 1) / 1]                                                                                [Stage 5:>                                                          (0 + 1) / 1]
[2026-06-18T04:17:45.380+0000] {subprocess.py:93} INFO - --- silver clickstream 2024-04-01 ---
[2026-06-18T04:17:45.383+0000] {subprocess.py:93} INFO - 
[2026-06-18T04:17:45.384+0000] {subprocess.py:93} INFO - [silver:clickstream] loaded datamart/bronze/clickstream/bronze_clickstream_2024_04_01.csv rows: 8974
[2026-06-18T04:17:45.385+0000] {subprocess.py:93} INFO - [silver:clickstream] saved to: datamart/silver/clickstream/2024_04_01.parquet
[2026-06-18T04:17:45.387+0000] {subprocess.py:93} INFO - 
[2026-06-18T04:17:45.388+0000] {subprocess.py:93} INFO - --- done ---
[2026-06-18T04:17:45.389+0000] {subprocess.py:93} INFO - 
[2026-06-18T04:17:45.847+0000] {subprocess.py:97} INFO - Command exited with return code 0
[2026-06-18T04:17:45.852+0000] {taskinstance.py:441} INFO - ::group::Post task execution logs
[2026-06-18T04:17:45.897+0000] {taskinstance.py:1206} INFO - Marking task as SUCCESS. dag_id=credit_default_ml_pipeline, task_id=feature_pipeline.feature_silver_clickstream, run_id=scheduled__2024-04-01T00:00:00+00:00, execution_date=20240401T000000, start_date=20260618T041724, end_date=20260618T041745
[2026-06-18T04:17:45.963+0000] {local_task_job_runner.py:243} INFO - Task exited with return code 0
[2026-06-18T04:17:46.253+0000] {taskinstance.py:3503} INFO - 0 downstream tasks scheduled from follow-on schedule check
[2026-06-18T04:17:46.256+0000] {local_task_job_runner.py:222} INFO - ::endgroup::
