[2026-06-16T15:07:44.348+0000] {local_task_job_runner.py:120} INFO - ::group::Pre task execution logs
[2026-06-16T15:07:44.366+0000] {taskinstance.py:2076} INFO - Dependencies all met for dep_context=non-requeueable deps ti=<TaskInstance: credit_default_ml_pipeline.feature_pipeline.feature_silver_attributes scheduled__2023-08-01T00:00:00+00:00 [queued]>
[2026-06-16T15:07:44.370+0000] {taskinstance.py:2076} INFO - Dependencies all met for dep_context=requeueable deps ti=<TaskInstance: credit_default_ml_pipeline.feature_pipeline.feature_silver_attributes scheduled__2023-08-01T00:00:00+00:00 [queued]>
[2026-06-16T15:07:44.370+0000] {taskinstance.py:2306} INFO - Starting attempt 1 of 2
[2026-06-16T15:07:44.377+0000] {taskinstance.py:2330} INFO - Executing <Task(BashOperator): feature_pipeline.feature_silver_attributes> on 2023-08-01 00:00:00+00:00
[2026-06-16T15:07:44.387+0000] {logging_mixin.py:188} WARNING - /home/***/.local/lib/python3.12/site-packages/***/task/task_runner/standard_task_runner.py:62 DeprecationWarning: This process (pid=40220) is multi-threaded, use of fork() may lead to deadlocks in the child.
[2026-06-16T15:07:44.387+0000] {standard_task_runner.py:90} INFO - Running: ['***', 'tasks', 'run', 'credit_default_ml_pipeline', 'feature_pipeline.feature_silver_attributes', 'scheduled__2023-08-01T00:00:00+00:00', '--job-id', '183', '--raw', '--subdir', 'DAGS_FOLDER/dag.py', '--cfg-path', '/tmp/tmpe5ykupi4']
[2026-06-16T15:07:44.389+0000] {standard_task_runner.py:64} INFO - Started process 40222 to run task
[2026-06-16T15:07:44.389+0000] {standard_task_runner.py:91} INFO - Job 183: Subtask feature_pipeline.feature_silver_attributes
[2026-06-16T15:07:44.411+0000] {task_command.py:426} INFO - Running <TaskInstance: credit_default_ml_pipeline.feature_pipeline.feature_silver_attributes scheduled__2023-08-01T00:00:00+00:00 [running]> on host 1cab6e97738a
[2026-06-16T15:07:44.438+0000] {taskinstance.py:2648} INFO - Exporting env vars: AIRFLOW_CTX_DAG_OWNER='***' AIRFLOW_CTX_DAG_ID='credit_default_ml_pipeline' AIRFLOW_CTX_TASK_ID='feature_pipeline.feature_silver_attributes' AIRFLOW_CTX_EXECUTION_DATE='2023-08-01T00:00:00+00:00' AIRFLOW_CTX_TRY_NUMBER='1' AIRFLOW_CTX_DAG_RUN_ID='scheduled__2023-08-01T00:00:00+00:00'
[2026-06-16T15:07:44.440+0000] {taskinstance.py:430} INFO - ::endgroup::
[2026-06-16T15:07:44.446+0000] {subprocess.py:63} INFO - Tmp dir root location: /tmp
[2026-06-16T15:07:44.446+0000] {subprocess.py:75} INFO - Running command: ['/usr/bin/bash', '-c', 'cd /opt/***/scripts && python3 silver_processing.py --snapshotdate "2023-08-01" --source attributes']
[2026-06-16T15:07:44.450+0000] {subprocess.py:86} INFO - Output:
[2026-06-16T15:07:45.470+0000] {subprocess.py:93} INFO - Setting default log level to "WARN".
[2026-06-16T15:07:45.471+0000] {subprocess.py:93} INFO - To adjust logging level use sc.setLogLevel(newLevel). For SparkR, use setLogLevel(newLevel).
[2026-06-16T15:07:45.627+0000] {subprocess.py:93} INFO - 26/06/16 15:07:45 WARN NativeCodeLoader: Unable to load native-hadoop library for your platform... using builtin-java classes where applicable
[2026-06-16T15:07:46.303+0000] {subprocess.py:93} INFO - 26/06/16 15:07:46 WARN Utils: Service 'SparkUI' could not bind on port 4040. Attempting port 4041.
[2026-06-16T15:07:53.173+0000] {subprocess.py:93} INFO - [Stage 5:>                                                          (0 + 1) / 1]
[2026-06-16T15:07:53.177+0000] {subprocess.py:93} INFO - --- silver attributes 2023-08-01 ---
[2026-06-16T15:07:53.179+0000] {subprocess.py:93} INFO - 
[2026-06-16T15:07:53.180+0000] {subprocess.py:93} INFO - [silver:attributes] loaded datamart/bronze/attributes/bronze_attributes_2023_08_01.csv rows: 481
[2026-06-16T15:07:53.180+0000] {subprocess.py:93} INFO - [silver:attributes] saved to: datamart/silver/attributes/2023_08_01.parquet
[2026-06-16T15:07:53.181+0000] {subprocess.py:93} INFO - 
[2026-06-16T15:07:53.182+0000] {subprocess.py:93} INFO - --- done ---
[2026-06-16T15:07:53.183+0000] {subprocess.py:93} INFO - 
[2026-06-16T15:07:53.672+0000] {subprocess.py:97} INFO - Command exited with return code 0
[2026-06-16T15:07:53.676+0000] {taskinstance.py:441} INFO - ::group::Post task execution logs
[2026-06-16T15:07:53.711+0000] {taskinstance.py:1206} INFO - Marking task as SUCCESS. dag_id=credit_default_ml_pipeline, task_id=feature_pipeline.feature_silver_attributes, run_id=scheduled__2023-08-01T00:00:00+00:00, execution_date=20230801T000000, start_date=20260616T150744, end_date=20260616T150753
[2026-06-16T15:07:53.726+0000] {local_task_job_runner.py:243} INFO - Task exited with return code 0
[2026-06-16T15:07:53.750+0000] {taskinstance.py:3503} INFO - 0 downstream tasks scheduled from follow-on schedule check
[2026-06-16T15:07:53.753+0000] {local_task_job_runner.py:222} INFO - ::endgroup::
[2026-06-20T05:53:33.624+0000] {local_task_job_runner.py:120} INFO - ::group::Pre task execution logs
[2026-06-20T05:53:33.637+0000] {taskinstance.py:2076} INFO - Dependencies all met for dep_context=non-requeueable deps ti=<TaskInstance: credit_default_ml_pipeline.feature_pipeline.feature_silver_attributes scheduled__2023-08-01T00:00:00+00:00 [queued]>
[2026-06-20T05:53:33.644+0000] {taskinstance.py:2076} INFO - Dependencies all met for dep_context=requeueable deps ti=<TaskInstance: credit_default_ml_pipeline.feature_pipeline.feature_silver_attributes scheduled__2023-08-01T00:00:00+00:00 [queued]>
[2026-06-20T05:53:33.645+0000] {taskinstance.py:2306} INFO - Starting attempt 1 of 2
[2026-06-20T05:53:33.750+0000] {taskinstance.py:2330} INFO - Executing <Task(BashOperator): feature_pipeline.feature_silver_attributes> on 2023-08-01 00:00:00+00:00
[2026-06-20T05:53:33.754+0000] {logging_mixin.py:188} WARNING - /home/***/.local/lib/python3.12/site-packages/***/task/task_runner/standard_task_runner.py:62 DeprecationWarning: This process (pid=33546) is multi-threaded, use of fork() may lead to deadlocks in the child.
[2026-06-20T05:53:33.755+0000] {standard_task_runner.py:90} INFO - Running: ['***', 'tasks', 'run', 'credit_default_ml_pipeline', 'feature_pipeline.feature_silver_attributes', 'scheduled__2023-08-01T00:00:00+00:00', '--job-id', '1578', '--raw', '--subdir', 'DAGS_FOLDER/dag.py', '--cfg-path', '/tmp/tmpkq_jh4kn']
[2026-06-20T05:53:33.756+0000] {standard_task_runner.py:64} INFO - Started process 33560 to run task
[2026-06-20T05:53:33.757+0000] {standard_task_runner.py:91} INFO - Job 1578: Subtask feature_pipeline.feature_silver_attributes
[2026-06-20T05:53:33.776+0000] {task_command.py:426} INFO - Running <TaskInstance: credit_default_ml_pipeline.feature_pipeline.feature_silver_attributes scheduled__2023-08-01T00:00:00+00:00 [running]> on host 9cf341f51c89
[2026-06-20T05:53:33.806+0000] {taskinstance.py:2648} INFO - Exporting env vars: AIRFLOW_CTX_DAG_OWNER='***' AIRFLOW_CTX_DAG_ID='credit_default_ml_pipeline' AIRFLOW_CTX_TASK_ID='feature_pipeline.feature_silver_attributes' AIRFLOW_CTX_EXECUTION_DATE='2023-08-01T00:00:00+00:00' AIRFLOW_CTX_TRY_NUMBER='1' AIRFLOW_CTX_DAG_RUN_ID='scheduled__2023-08-01T00:00:00+00:00'
[2026-06-20T05:53:33.807+0000] {taskinstance.py:430} INFO - ::endgroup::
[2026-06-20T05:53:33.813+0000] {subprocess.py:63} INFO - Tmp dir root location: /tmp
[2026-06-20T05:53:33.814+0000] {subprocess.py:75} INFO - Running command: ['/usr/bin/bash', '-c', 'cd /opt/***/scripts && python3 silver_processing.py --snapshotdate "2023-08-01" --source attributes']
[2026-06-20T05:53:33.819+0000] {subprocess.py:86} INFO - Output:
[2026-06-20T05:53:35.388+0000] {subprocess.py:93} INFO - Setting default log level to "WARN".
[2026-06-20T05:53:35.400+0000] {subprocess.py:93} INFO - To adjust logging level use sc.setLogLevel(newLevel). For SparkR, use setLogLevel(newLevel).
[2026-06-20T05:53:35.637+0000] {subprocess.py:93} INFO - 26/06/20 05:53:35 WARN NativeCodeLoader: Unable to load native-hadoop library for your platform... using builtin-java classes where applicable
[2026-06-20T05:53:36.291+0000] {subprocess.py:93} INFO - 26/06/20 05:53:36 WARN Utils: Service 'SparkUI' could not bind on port 4040. Attempting port 4041.
[2026-06-20T05:53:36.293+0000] {subprocess.py:93} INFO - 26/06/20 05:53:36 WARN Utils: Service 'SparkUI' could not bind on port 4041. Attempting port 4042.
[2026-06-20T05:53:42.610+0000] {subprocess.py:93} INFO - [Stage 5:>                                                          (0 + 1) / 1]
[2026-06-20T05:53:42.610+0000] {subprocess.py:93} INFO - --- silver attributes 2023-08-01 ---
[2026-06-20T05:53:42.611+0000] {subprocess.py:93} INFO - 
[2026-06-20T05:53:42.612+0000] {subprocess.py:93} INFO - [silver:attributes] loaded datamart/bronze/attributes/bronze_attributes_2023_08_01.csv rows: 481
[2026-06-20T05:53:42.613+0000] {subprocess.py:93} INFO - [silver:attributes] saved to: datamart/silver/attributes/2023_08_01.parquet
[2026-06-20T05:53:42.614+0000] {subprocess.py:93} INFO - 
[2026-06-20T05:53:42.615+0000] {subprocess.py:93} INFO - --- done ---
[2026-06-20T05:53:42.617+0000] {subprocess.py:93} INFO - 
[2026-06-20T05:53:43.045+0000] {subprocess.py:97} INFO - Command exited with return code 0
[2026-06-20T05:53:43.047+0000] {taskinstance.py:441} INFO - ::group::Post task execution logs
[2026-06-20T05:53:43.071+0000] {taskinstance.py:1206} INFO - Marking task as SUCCESS. dag_id=credit_default_ml_pipeline, task_id=feature_pipeline.feature_silver_attributes, run_id=scheduled__2023-08-01T00:00:00+00:00, execution_date=20230801T000000, start_date=20260620T055333, end_date=20260620T055343
[2026-06-20T05:53:43.120+0000] {local_task_job_runner.py:243} INFO - Task exited with return code 0
[2026-06-20T05:53:43.140+0000] {taskinstance.py:3503} INFO - 0 downstream tasks scheduled from follow-on schedule check
[2026-06-20T05:53:43.142+0000] {local_task_job_runner.py:222} INFO - ::endgroup::
[2026-06-20T07:01:22.962+0000] {local_task_job_runner.py:120} INFO - ::group::Pre task execution logs
[2026-06-20T07:01:22.985+0000] {taskinstance.py:2076} INFO - Dependencies all met for dep_context=non-requeueable deps ti=<TaskInstance: credit_default_ml_pipeline.feature_pipeline.feature_silver_attributes scheduled__2023-08-01T00:00:00+00:00 [queued]>
[2026-06-20T07:01:22.991+0000] {taskinstance.py:2076} INFO - Dependencies all met for dep_context=requeueable deps ti=<TaskInstance: credit_default_ml_pipeline.feature_pipeline.feature_silver_attributes scheduled__2023-08-01T00:00:00+00:00 [queued]>
[2026-06-20T07:01:22.991+0000] {taskinstance.py:2306} INFO - Starting attempt 1 of 2
[2026-06-20T07:01:23.001+0000] {taskinstance.py:2330} INFO - Executing <Task(BashOperator): feature_pipeline.feature_silver_attributes> on 2023-08-01 00:00:00+00:00
[2026-06-20T07:01:23.006+0000] {logging_mixin.py:188} WARNING - /home/***/.local/lib/python3.12/site-packages/***/task/task_runner/standard_task_runner.py:62 DeprecationWarning: This process (pid=86482) is multi-threaded, use of fork() may lead to deadlocks in the child.
[2026-06-20T07:01:23.007+0000] {standard_task_runner.py:64} INFO - Started process 86496 to run task
[2026-06-20T07:01:23.006+0000] {standard_task_runner.py:90} INFO - Running: ['***', 'tasks', 'run', 'credit_default_ml_pipeline', 'feature_pipeline.feature_silver_attributes', 'scheduled__2023-08-01T00:00:00+00:00', '--job-id', '1890', '--raw', '--subdir', 'DAGS_FOLDER/dag.py', '--cfg-path', '/tmp/tmpj4n2nkh9']
[2026-06-20T07:01:23.008+0000] {standard_task_runner.py:91} INFO - Job 1890: Subtask feature_pipeline.feature_silver_attributes
[2026-06-20T07:01:23.197+0000] {task_command.py:426} INFO - Running <TaskInstance: credit_default_ml_pipeline.feature_pipeline.feature_silver_attributes scheduled__2023-08-01T00:00:00+00:00 [running]> on host 9cf341f51c89
[2026-06-20T07:01:23.245+0000] {taskinstance.py:2648} INFO - Exporting env vars: AIRFLOW_CTX_DAG_OWNER='***' AIRFLOW_CTX_DAG_ID='credit_default_ml_pipeline' AIRFLOW_CTX_TASK_ID='feature_pipeline.feature_silver_attributes' AIRFLOW_CTX_EXECUTION_DATE='2023-08-01T00:00:00+00:00' AIRFLOW_CTX_TRY_NUMBER='1' AIRFLOW_CTX_DAG_RUN_ID='scheduled__2023-08-01T00:00:00+00:00'
[2026-06-20T07:01:23.246+0000] {taskinstance.py:430} INFO - ::endgroup::
[2026-06-20T07:01:23.253+0000] {subprocess.py:63} INFO - Tmp dir root location: /tmp
[2026-06-20T07:01:23.254+0000] {subprocess.py:75} INFO - Running command: ['/usr/bin/bash', '-c', 'cd /opt/***/scripts && python3 silver_processing.py --snapshotdate "2023-08-01" --source attributes']
[2026-06-20T07:01:23.260+0000] {subprocess.py:86} INFO - Output:
[2026-06-20T07:01:25.635+0000] {subprocess.py:93} INFO - Setting default log level to "WARN".
[2026-06-20T07:01:25.638+0000] {subprocess.py:93} INFO - To adjust logging level use sc.setLogLevel(newLevel). For SparkR, use setLogLevel(newLevel).
[2026-06-20T07:01:26.345+0000] {subprocess.py:93} INFO - 26/06/20 07:01:26 WARN NativeCodeLoader: Unable to load native-hadoop library for your platform... using builtin-java classes where applicable
[2026-06-20T07:01:38.607+0000] {subprocess.py:93} INFO - [Stage 5:>                                                          (0 + 1) / 1]
[2026-06-20T07:01:38.623+0000] {subprocess.py:93} INFO - --- silver attributes 2023-08-01 ---
[2026-06-20T07:01:38.631+0000] {subprocess.py:93} INFO - 
[2026-06-20T07:01:38.635+0000] {subprocess.py:93} INFO - [silver:attributes] loaded datamart/bronze/attributes/bronze_attributes_2023_08_01.csv rows: 481
[2026-06-20T07:01:38.642+0000] {subprocess.py:93} INFO - [silver:attributes] saved to: datamart/silver/attributes/2023_08_01.parquet
[2026-06-20T07:01:38.646+0000] {subprocess.py:93} INFO - 
[2026-06-20T07:01:38.650+0000] {subprocess.py:93} INFO - --- done ---
[2026-06-20T07:01:38.651+0000] {subprocess.py:93} INFO - 
[2026-06-20T07:01:39.248+0000] {subprocess.py:97} INFO - Command exited with return code 0
[2026-06-20T07:01:39.254+0000] {taskinstance.py:441} INFO - ::group::Post task execution logs
[2026-06-20T07:01:39.313+0000] {taskinstance.py:1206} INFO - Marking task as SUCCESS. dag_id=credit_default_ml_pipeline, task_id=feature_pipeline.feature_silver_attributes, run_id=scheduled__2023-08-01T00:00:00+00:00, execution_date=20230801T000000, start_date=20260620T070122, end_date=20260620T070139
[2026-06-20T07:01:39.377+0000] {local_task_job_runner.py:243} INFO - Task exited with return code 0
[2026-06-20T07:01:39.427+0000] {taskinstance.py:3503} INFO - 0 downstream tasks scheduled from follow-on schedule check
[2026-06-20T07:01:39.436+0000] {local_task_job_runner.py:222} INFO - ::endgroup::
[2026-06-20T07:29:57.630+0000] {local_task_job_runner.py:120} INFO - ::group::Pre task execution logs
[2026-06-20T07:29:57.655+0000] {taskinstance.py:2076} INFO - Dependencies all met for dep_context=non-requeueable deps ti=<TaskInstance: credit_default_ml_pipeline.feature_pipeline.feature_silver_attributes scheduled__2023-08-01T00:00:00+00:00 [queued]>
[2026-06-20T07:29:57.662+0000] {taskinstance.py:2076} INFO - Dependencies all met for dep_context=requeueable deps ti=<TaskInstance: credit_default_ml_pipeline.feature_pipeline.feature_silver_attributes scheduled__2023-08-01T00:00:00+00:00 [queued]>
[2026-06-20T07:29:57.663+0000] {taskinstance.py:2306} INFO - Starting attempt 1 of 2
[2026-06-20T07:29:57.695+0000] {taskinstance.py:2330} INFO - Executing <Task(BashOperator): feature_pipeline.feature_silver_attributes> on 2023-08-01 00:00:00+00:00
[2026-06-20T07:29:57.702+0000] {logging_mixin.py:188} WARNING - /home/***/.local/lib/python3.12/site-packages/***/task/task_runner/standard_task_runner.py:62 DeprecationWarning: This process (pid=18155) is multi-threaded, use of fork() may lead to deadlocks in the child.
[2026-06-20T07:29:57.704+0000] {standard_task_runner.py:64} INFO - Started process 18163 to run task
[2026-06-20T07:29:57.702+0000] {standard_task_runner.py:90} INFO - Running: ['***', 'tasks', 'run', 'credit_default_ml_pipeline', 'feature_pipeline.feature_silver_attributes', 'scheduled__2023-08-01T00:00:00+00:00', '--job-id', '2071', '--raw', '--subdir', 'DAGS_FOLDER/dag.py', '--cfg-path', '/tmp/tmpx5oyrymg']
[2026-06-20T07:29:57.708+0000] {standard_task_runner.py:91} INFO - Job 2071: Subtask feature_pipeline.feature_silver_attributes
[2026-06-20T07:29:57.898+0000] {task_command.py:426} INFO - Running <TaskInstance: credit_default_ml_pipeline.feature_pipeline.feature_silver_attributes scheduled__2023-08-01T00:00:00+00:00 [running]> on host 9cf341f51c89
[2026-06-20T07:29:57.963+0000] {taskinstance.py:2648} INFO - Exporting env vars: AIRFLOW_CTX_DAG_OWNER='***' AIRFLOW_CTX_DAG_ID='credit_default_ml_pipeline' AIRFLOW_CTX_TASK_ID='feature_pipeline.feature_silver_attributes' AIRFLOW_CTX_EXECUTION_DATE='2023-08-01T00:00:00+00:00' AIRFLOW_CTX_TRY_NUMBER='1' AIRFLOW_CTX_DAG_RUN_ID='scheduled__2023-08-01T00:00:00+00:00'
[2026-06-20T07:29:57.966+0000] {taskinstance.py:430} INFO - ::endgroup::
[2026-06-20T07:29:57.975+0000] {subprocess.py:63} INFO - Tmp dir root location: /tmp
[2026-06-20T07:29:57.976+0000] {subprocess.py:75} INFO - Running command: ['/usr/bin/bash', '-c', 'cd /opt/***/scripts && python3 silver_processing.py --snapshotdate "2023-08-01" --source attributes']
[2026-06-20T07:29:57.987+0000] {subprocess.py:86} INFO - Output:
[2026-06-20T07:30:00.705+0000] {subprocess.py:93} INFO - Setting default log level to "WARN".
[2026-06-20T07:30:00.708+0000] {subprocess.py:93} INFO - To adjust logging level use sc.setLogLevel(newLevel). For SparkR, use setLogLevel(newLevel).
[2026-06-20T07:30:01.064+0000] {subprocess.py:93} INFO - 26/06/20 07:30:01 WARN NativeCodeLoader: Unable to load native-hadoop library for your platform... using builtin-java classes where applicable
[2026-06-20T07:30:13.164+0000] {subprocess.py:93} INFO - [Stage 5:>                                                          (0 + 1) / 1]
[2026-06-20T07:30:13.171+0000] {subprocess.py:93} INFO - --- silver attributes 2023-08-01 ---
[2026-06-20T07:30:13.174+0000] {subprocess.py:93} INFO - 
[2026-06-20T07:30:13.176+0000] {subprocess.py:93} INFO - [silver:attributes] loaded datamart/bronze/attributes/bronze_attributes_2023_08_01.csv rows: 481
[2026-06-20T07:30:13.180+0000] {subprocess.py:93} INFO - [silver:attributes] saved to: datamart/silver/attributes/2023_08_01.parquet
[2026-06-20T07:30:13.187+0000] {subprocess.py:93} INFO - 
[2026-06-20T07:30:13.190+0000] {subprocess.py:93} INFO - --- done ---
[2026-06-20T07:30:13.191+0000] {subprocess.py:93} INFO - 
[2026-06-20T07:30:13.688+0000] {subprocess.py:97} INFO - Command exited with return code 0
[2026-06-20T07:30:13.693+0000] {taskinstance.py:441} INFO - ::group::Post task execution logs
[2026-06-20T07:30:13.755+0000] {taskinstance.py:1206} INFO - Marking task as SUCCESS. dag_id=credit_default_ml_pipeline, task_id=feature_pipeline.feature_silver_attributes, run_id=scheduled__2023-08-01T00:00:00+00:00, execution_date=20230801T000000, start_date=20260620T072957, end_date=20260620T073013
[2026-06-20T07:30:13.788+0000] {local_task_job_runner.py:243} INFO - Task exited with return code 0
[2026-06-20T07:30:13.825+0000] {taskinstance.py:3503} INFO - 0 downstream tasks scheduled from follow-on schedule check
[2026-06-20T07:30:13.830+0000] {local_task_job_runner.py:222} INFO - ::endgroup::
[2026-06-20T15:29:33.851+0000] {local_task_job_runner.py:120} INFO - ::group::Pre task execution logs
[2026-06-20T15:29:33.867+0000] {taskinstance.py:2076} INFO - Dependencies all met for dep_context=non-requeueable deps ti=<TaskInstance: credit_default_ml_pipeline.feature_pipeline.feature_silver_attributes scheduled__2023-08-01T00:00:00+00:00 [queued]>
[2026-06-20T15:29:33.877+0000] {taskinstance.py:2076} INFO - Dependencies all met for dep_context=requeueable deps ti=<TaskInstance: credit_default_ml_pipeline.feature_pipeline.feature_silver_attributes scheduled__2023-08-01T00:00:00+00:00 [queued]>
[2026-06-20T15:29:33.878+0000] {taskinstance.py:2306} INFO - Starting attempt 1 of 2
[2026-06-20T15:29:33.892+0000] {taskinstance.py:2330} INFO - Executing <Task(BashOperator): feature_pipeline.feature_silver_attributes> on 2023-08-01 00:00:00+00:00
[2026-06-20T15:29:33.900+0000] {logging_mixin.py:188} WARNING - /home/***/.local/lib/python3.12/site-packages/***/task/task_runner/standard_task_runner.py:62 DeprecationWarning: This process (pid=4907) is multi-threaded, use of fork() may lead to deadlocks in the child.
[2026-06-20T15:29:33.900+0000] {standard_task_runner.py:90} INFO - Running: ['***', 'tasks', 'run', 'credit_default_ml_pipeline', 'feature_pipeline.feature_silver_attributes', 'scheduled__2023-08-01T00:00:00+00:00', '--job-id', '2545', '--raw', '--subdir', 'DAGS_FOLDER/dag.py', '--cfg-path', '/tmp/tmp1_pf2jxv']
[2026-06-20T15:29:33.902+0000] {standard_task_runner.py:64} INFO - Started process 4920 to run task
[2026-06-20T15:29:33.904+0000] {standard_task_runner.py:91} INFO - Job 2545: Subtask feature_pipeline.feature_silver_attributes
[2026-06-20T15:29:34.046+0000] {task_command.py:426} INFO - Running <TaskInstance: credit_default_ml_pipeline.feature_pipeline.feature_silver_attributes scheduled__2023-08-01T00:00:00+00:00 [running]> on host 9cf341f51c89
[2026-06-20T15:29:34.091+0000] {taskinstance.py:2648} INFO - Exporting env vars: AIRFLOW_CTX_DAG_OWNER='***' AIRFLOW_CTX_DAG_ID='credit_default_ml_pipeline' AIRFLOW_CTX_TASK_ID='feature_pipeline.feature_silver_attributes' AIRFLOW_CTX_EXECUTION_DATE='2023-08-01T00:00:00+00:00' AIRFLOW_CTX_TRY_NUMBER='1' AIRFLOW_CTX_DAG_RUN_ID='scheduled__2023-08-01T00:00:00+00:00'
[2026-06-20T15:29:34.092+0000] {taskinstance.py:430} INFO - ::endgroup::
[2026-06-20T15:29:34.101+0000] {subprocess.py:63} INFO - Tmp dir root location: /tmp
[2026-06-20T15:29:34.103+0000] {subprocess.py:75} INFO - Running command: ['/usr/bin/bash', '-c', 'cd /opt/***/scripts && python3 silver_processing.py --snapshotdate "2023-08-01" --source attributes']
[2026-06-20T15:29:34.113+0000] {subprocess.py:86} INFO - Output:
[2026-06-20T15:29:35.992+0000] {subprocess.py:93} INFO - Setting default log level to "WARN".
[2026-06-20T15:29:35.998+0000] {subprocess.py:93} INFO - To adjust logging level use sc.setLogLevel(newLevel). For SparkR, use setLogLevel(newLevel).
[2026-06-20T15:29:36.227+0000] {subprocess.py:93} INFO - 26/06/20 15:29:36 WARN NativeCodeLoader: Unable to load native-hadoop library for your platform... using builtin-java classes where applicable
[2026-06-20T15:29:36.932+0000] {subprocess.py:93} INFO - 26/06/20 15:29:36 WARN Utils: Service 'SparkUI' could not bind on port 4040. Attempting port 4041.
[2026-06-20T15:29:36.933+0000] {subprocess.py:93} INFO - 26/06/20 15:29:36 WARN Utils: Service 'SparkUI' could not bind on port 4041. Attempting port 4042.
[2026-06-20T15:29:36.936+0000] {subprocess.py:93} INFO - 26/06/20 15:29:36 WARN Utils: Service 'SparkUI' could not bind on port 4042. Attempting port 4043.
[2026-06-20T15:29:44.285+0000] {subprocess.py:93} INFO - [Stage 5:>                                                          (0 + 1) / 1]
[2026-06-20T15:29:44.286+0000] {subprocess.py:93} INFO - --- silver attributes 2023-08-01 ---
[2026-06-20T15:29:44.287+0000] {subprocess.py:93} INFO - 
[2026-06-20T15:29:44.288+0000] {subprocess.py:93} INFO - [silver:attributes] loaded datamart/bronze/attributes/bronze_attributes_2023_08_01.csv rows: 481
[2026-06-20T15:29:44.290+0000] {subprocess.py:93} INFO - [silver:attributes] saved to: datamart/silver/attributes/2023_08_01.parquet
[2026-06-20T15:29:44.291+0000] {subprocess.py:93} INFO - 
[2026-06-20T15:29:44.292+0000] {subprocess.py:93} INFO - --- done ---
[2026-06-20T15:29:44.292+0000] {subprocess.py:93} INFO - 
[2026-06-20T15:29:44.708+0000] {subprocess.py:97} INFO - Command exited with return code 0
[2026-06-20T15:29:44.709+0000] {taskinstance.py:441} INFO - ::group::Post task execution logs
[2026-06-20T15:29:44.722+0000] {taskinstance.py:1206} INFO - Marking task as SUCCESS. dag_id=credit_default_ml_pipeline, task_id=feature_pipeline.feature_silver_attributes, run_id=scheduled__2023-08-01T00:00:00+00:00, execution_date=20230801T000000, start_date=20260620T152933, end_date=20260620T152944
[2026-06-20T15:29:44.761+0000] {local_task_job_runner.py:243} INFO - Task exited with return code 0
[2026-06-20T15:29:44.775+0000] {taskinstance.py:3503} INFO - 0 downstream tasks scheduled from follow-on schedule check
[2026-06-20T15:29:44.776+0000] {local_task_job_runner.py:222} INFO - ::endgroup::
[2026-06-20T17:22:17.637+0000] {local_task_job_runner.py:120} INFO - ::group::Pre task execution logs
[2026-06-20T17:22:17.660+0000] {taskinstance.py:2076} INFO - Dependencies all met for dep_context=non-requeueable deps ti=<TaskInstance: credit_default_ml_pipeline.feature_pipeline.feature_silver_attributes scheduled__2023-08-01T00:00:00+00:00 [queued]>
[2026-06-20T17:22:17.668+0000] {taskinstance.py:2076} INFO - Dependencies all met for dep_context=requeueable deps ti=<TaskInstance: credit_default_ml_pipeline.feature_pipeline.feature_silver_attributes scheduled__2023-08-01T00:00:00+00:00 [queued]>
[2026-06-20T17:22:17.668+0000] {taskinstance.py:2306} INFO - Starting attempt 1 of 2
[2026-06-20T17:22:17.678+0000] {taskinstance.py:2330} INFO - Executing <Task(BashOperator): feature_pipeline.feature_silver_attributes> on 2023-08-01 00:00:00+00:00
[2026-06-20T17:22:17.685+0000] {logging_mixin.py:188} WARNING - /home/***/.local/lib/python3.12/site-packages/***/task/task_runner/standard_task_runner.py:62 DeprecationWarning: This process (pid=22800) is multi-threaded, use of fork() may lead to deadlocks in the child.
[2026-06-20T17:22:17.687+0000] {standard_task_runner.py:64} INFO - Started process 22842 to run task
[2026-06-20T17:22:17.686+0000] {standard_task_runner.py:90} INFO - Running: ['***', 'tasks', 'run', 'credit_default_ml_pipeline', 'feature_pipeline.feature_silver_attributes', 'scheduled__2023-08-01T00:00:00+00:00', '--job-id', '3119', '--raw', '--subdir', 'DAGS_FOLDER/dag.py', '--cfg-path', '/tmp/tmp2qqeqahh']
[2026-06-20T17:22:17.688+0000] {standard_task_runner.py:91} INFO - Job 3119: Subtask feature_pipeline.feature_silver_attributes
[2026-06-20T17:22:17.895+0000] {task_command.py:426} INFO - Running <TaskInstance: credit_default_ml_pipeline.feature_pipeline.feature_silver_attributes scheduled__2023-08-01T00:00:00+00:00 [running]> on host 9cf341f51c89
[2026-06-20T17:22:17.943+0000] {taskinstance.py:2648} INFO - Exporting env vars: AIRFLOW_CTX_DAG_OWNER='***' AIRFLOW_CTX_DAG_ID='credit_default_ml_pipeline' AIRFLOW_CTX_TASK_ID='feature_pipeline.feature_silver_attributes' AIRFLOW_CTX_EXECUTION_DATE='2023-08-01T00:00:00+00:00' AIRFLOW_CTX_TRY_NUMBER='1' AIRFLOW_CTX_DAG_RUN_ID='scheduled__2023-08-01T00:00:00+00:00'
[2026-06-20T17:22:17.944+0000] {taskinstance.py:430} INFO - ::endgroup::
[2026-06-20T17:22:17.952+0000] {subprocess.py:63} INFO - Tmp dir root location: /tmp
[2026-06-20T17:22:17.953+0000] {subprocess.py:75} INFO - Running command: ['/usr/bin/bash', '-c', 'cd /opt/***/scripts && python3 silver_processing.py --snapshotdate "2023-08-01" --source attributes']
[2026-06-20T17:22:17.961+0000] {subprocess.py:86} INFO - Output:
[2026-06-20T17:22:20.271+0000] {subprocess.py:93} INFO - Setting default log level to "WARN".
[2026-06-20T17:22:20.274+0000] {subprocess.py:93} INFO - To adjust logging level use sc.setLogLevel(newLevel). For SparkR, use setLogLevel(newLevel).
[2026-06-20T17:22:20.628+0000] {subprocess.py:93} INFO - 26/06/20 17:22:20 WARN NativeCodeLoader: Unable to load native-hadoop library for your platform... using builtin-java classes where applicable
[2026-06-20T17:22:33.010+0000] {subprocess.py:93} INFO - [Stage 5:>                                                          (0 + 1) / 1]
[2026-06-20T17:22:33.016+0000] {subprocess.py:93} INFO - --- silver attributes 2023-08-01 ---
[2026-06-20T17:22:33.018+0000] {subprocess.py:93} INFO - 
[2026-06-20T17:22:33.024+0000] {subprocess.py:93} INFO - [silver:attributes] loaded datamart/bronze/attributes/bronze_attributes_2023_08_01.csv rows: 481
[2026-06-20T17:22:33.029+0000] {subprocess.py:93} INFO - [silver:attributes] saved to: datamart/silver/attributes/2023_08_01.parquet
[2026-06-20T17:22:33.031+0000] {subprocess.py:93} INFO - 
[2026-06-20T17:22:33.032+0000] {subprocess.py:93} INFO - --- done ---
[2026-06-20T17:22:33.034+0000] {subprocess.py:93} INFO - 
[2026-06-20T17:22:33.552+0000] {subprocess.py:97} INFO - Command exited with return code 0
[2026-06-20T17:22:33.558+0000] {taskinstance.py:441} INFO - ::group::Post task execution logs
[2026-06-20T17:22:33.638+0000] {taskinstance.py:1206} INFO - Marking task as SUCCESS. dag_id=credit_default_ml_pipeline, task_id=feature_pipeline.feature_silver_attributes, run_id=scheduled__2023-08-01T00:00:00+00:00, execution_date=20230801T000000, start_date=20260620T172217, end_date=20260620T172233
[2026-06-20T17:22:33.711+0000] {local_task_job_runner.py:243} INFO - Task exited with return code 0
[2026-06-20T17:22:33.755+0000] {taskinstance.py:3503} INFO - 0 downstream tasks scheduled from follow-on schedule check
[2026-06-20T17:22:33.763+0000] {local_task_job_runner.py:222} INFO - ::endgroup::
[2026-06-21T01:47:21.201+0000] {local_task_job_runner.py:120} INFO - ::group::Pre task execution logs
[2026-06-21T01:47:21.222+0000] {taskinstance.py:2076} INFO - Dependencies all met for dep_context=non-requeueable deps ti=<TaskInstance: credit_default_ml_pipeline.feature_pipeline.feature_silver_attributes scheduled__2023-08-01T00:00:00+00:00 [queued]>
[2026-06-21T01:47:21.229+0000] {taskinstance.py:2076} INFO - Dependencies all met for dep_context=requeueable deps ti=<TaskInstance: credit_default_ml_pipeline.feature_pipeline.feature_silver_attributes scheduled__2023-08-01T00:00:00+00:00 [queued]>
[2026-06-21T01:47:21.229+0000] {taskinstance.py:2306} INFO - Starting attempt 1 of 2
[2026-06-21T01:47:21.236+0000] {taskinstance.py:2330} INFO - Executing <Task(BashOperator): feature_pipeline.feature_silver_attributes> on 2023-08-01 00:00:00+00:00
[2026-06-21T01:47:21.241+0000] {logging_mixin.py:188} WARNING - /home/***/.local/lib/python3.12/site-packages/***/task/task_runner/standard_task_runner.py:62 DeprecationWarning: This process (pid=23075) is multi-threaded, use of fork() may lead to deadlocks in the child.
[2026-06-21T01:47:21.241+0000] {standard_task_runner.py:64} INFO - Started process 23080 to run task
[2026-06-21T01:47:21.241+0000] {standard_task_runner.py:90} INFO - Running: ['***', 'tasks', 'run', 'credit_default_ml_pipeline', 'feature_pipeline.feature_silver_attributes', 'scheduled__2023-08-01T00:00:00+00:00', '--job-id', '3583', '--raw', '--subdir', 'DAGS_FOLDER/dag.py', '--cfg-path', '/tmp/tmpnnsnmcz9']
[2026-06-21T01:47:21.243+0000] {standard_task_runner.py:91} INFO - Job 3583: Subtask feature_pipeline.feature_silver_attributes
[2026-06-21T01:47:21.268+0000] {task_command.py:426} INFO - Running <TaskInstance: credit_default_ml_pipeline.feature_pipeline.feature_silver_attributes scheduled__2023-08-01T00:00:00+00:00 [running]> on host f6e9e2801916
[2026-06-21T01:47:21.408+0000] {taskinstance.py:2648} INFO - Exporting env vars: AIRFLOW_CTX_DAG_OWNER='***' AIRFLOW_CTX_DAG_ID='credit_default_ml_pipeline' AIRFLOW_CTX_TASK_ID='feature_pipeline.feature_silver_attributes' AIRFLOW_CTX_EXECUTION_DATE='2023-08-01T00:00:00+00:00' AIRFLOW_CTX_TRY_NUMBER='1' AIRFLOW_CTX_DAG_RUN_ID='scheduled__2023-08-01T00:00:00+00:00'
[2026-06-21T01:47:21.409+0000] {taskinstance.py:430} INFO - ::endgroup::
[2026-06-21T01:47:21.414+0000] {subprocess.py:63} INFO - Tmp dir root location: /tmp
[2026-06-21T01:47:21.415+0000] {subprocess.py:75} INFO - Running command: ['/usr/bin/bash', '-c', 'cd /opt/***/scripts && python3 silver_processing.py --snapshotdate "2023-08-01" --source attributes']
[2026-06-21T01:47:21.420+0000] {subprocess.py:86} INFO - Output:
[2026-06-21T01:47:23.070+0000] {subprocess.py:93} INFO - Setting default log level to "WARN".
[2026-06-21T01:47:23.073+0000] {subprocess.py:93} INFO - To adjust logging level use sc.setLogLevel(newLevel). For SparkR, use setLogLevel(newLevel).
[2026-06-21T01:47:23.319+0000] {subprocess.py:93} INFO - 26/06/21 01:47:23 WARN NativeCodeLoader: Unable to load native-hadoop library for your platform... using builtin-java classes where applicable
[2026-06-21T01:47:24.271+0000] {subprocess.py:93} INFO - 26/06/21 01:47:24 WARN Utils: Service 'SparkUI' could not bind on port 4040. Attempting port 4041.
[2026-06-21T01:47:32.703+0000] {subprocess.py:93} INFO - [Stage 5:>                                                          (0 + 1) / 1]
[2026-06-21T01:47:32.711+0000] {subprocess.py:93} INFO - --- silver attributes 2023-08-01 ---
[2026-06-21T01:47:32.712+0000] {subprocess.py:93} INFO - 
[2026-06-21T01:47:32.713+0000] {subprocess.py:93} INFO - [silver:attributes] loaded datamart/bronze/attributes/bronze_attributes_2023_08_01.csv rows: 481
[2026-06-21T01:47:32.714+0000] {subprocess.py:93} INFO - [silver:attributes] saved to: datamart/silver/attributes/2023_08_01.parquet
[2026-06-21T01:47:32.716+0000] {subprocess.py:93} INFO - 
[2026-06-21T01:47:32.719+0000] {subprocess.py:93} INFO - --- done ---
[2026-06-21T01:47:32.723+0000] {subprocess.py:93} INFO - 
[2026-06-21T01:47:33.247+0000] {subprocess.py:97} INFO - Command exited with return code 0
[2026-06-21T01:47:33.250+0000] {taskinstance.py:441} INFO - ::group::Post task execution logs
[2026-06-21T01:47:33.302+0000] {taskinstance.py:1206} INFO - Marking task as SUCCESS. dag_id=credit_default_ml_pipeline, task_id=feature_pipeline.feature_silver_attributes, run_id=scheduled__2023-08-01T00:00:00+00:00, execution_date=20230801T000000, start_date=20260621T014721, end_date=20260621T014733
[2026-06-21T01:47:33.372+0000] {local_task_job_runner.py:243} INFO - Task exited with return code 0
[2026-06-21T01:47:33.767+0000] {taskinstance.py:3503} INFO - 0 downstream tasks scheduled from follow-on schedule check
[2026-06-21T01:47:33.774+0000] {local_task_job_runner.py:222} INFO - ::endgroup::
[2026-06-21T05:43:22.622+0000] {local_task_job_runner.py:120} INFO - ::group::Pre task execution logs
[2026-06-21T05:43:22.662+0000] {taskinstance.py:2076} INFO - Dependencies all met for dep_context=non-requeueable deps ti=<TaskInstance: credit_default_ml_pipeline.feature_pipeline.feature_silver_attributes scheduled__2023-08-01T00:00:00+00:00 [queued]>
[2026-06-21T05:43:22.670+0000] {taskinstance.py:2076} INFO - Dependencies all met for dep_context=requeueable deps ti=<TaskInstance: credit_default_ml_pipeline.feature_pipeline.feature_silver_attributes scheduled__2023-08-01T00:00:00+00:00 [queued]>
[2026-06-21T05:43:22.671+0000] {taskinstance.py:2306} INFO - Starting attempt 1 of 2
[2026-06-21T05:43:22.687+0000] {taskinstance.py:2330} INFO - Executing <Task(BashOperator): feature_pipeline.feature_silver_attributes> on 2023-08-01 00:00:00+00:00
[2026-06-21T05:43:22.694+0000] {logging_mixin.py:188} WARNING - /home/***/.local/lib/python3.12/site-packages/***/task/task_runner/standard_task_runner.py:62 DeprecationWarning: This process (pid=23300) is multi-threaded, use of fork() may lead to deadlocks in the child.
[2026-06-21T05:43:22.694+0000] {standard_task_runner.py:90} INFO - Running: ['***', 'tasks', 'run', 'credit_default_ml_pipeline', 'feature_pipeline.feature_silver_attributes', 'scheduled__2023-08-01T00:00:00+00:00', '--job-id', '4048', '--raw', '--subdir', 'DAGS_FOLDER/dag.py', '--cfg-path', '/tmp/tmp2s1hhof_']
[2026-06-21T05:43:22.696+0000] {standard_task_runner.py:64} INFO - Started process 23310 to run task
[2026-06-21T05:43:22.698+0000] {standard_task_runner.py:91} INFO - Job 4048: Subtask feature_pipeline.feature_silver_attributes
[2026-06-21T05:43:22.927+0000] {task_command.py:426} INFO - Running <TaskInstance: credit_default_ml_pipeline.feature_pipeline.feature_silver_attributes scheduled__2023-08-01T00:00:00+00:00 [running]> on host 9377a3f0491f
[2026-06-21T05:43:22.994+0000] {taskinstance.py:2648} INFO - Exporting env vars: AIRFLOW_CTX_DAG_OWNER='***' AIRFLOW_CTX_DAG_ID='credit_default_ml_pipeline' AIRFLOW_CTX_TASK_ID='feature_pipeline.feature_silver_attributes' AIRFLOW_CTX_EXECUTION_DATE='2023-08-01T00:00:00+00:00' AIRFLOW_CTX_TRY_NUMBER='1' AIRFLOW_CTX_DAG_RUN_ID='scheduled__2023-08-01T00:00:00+00:00'
[2026-06-21T05:43:22.995+0000] {taskinstance.py:430} INFO - ::endgroup::
[2026-06-21T05:43:23.007+0000] {subprocess.py:63} INFO - Tmp dir root location: /tmp
[2026-06-21T05:43:23.009+0000] {subprocess.py:75} INFO - Running command: ['/usr/bin/bash', '-c', 'cd /opt/***/scripts && python3 silver_processing.py --snapshotdate "2023-08-01" --source attributes']
[2026-06-21T05:43:23.018+0000] {subprocess.py:86} INFO - Output:
[2026-06-21T05:43:26.289+0000] {subprocess.py:93} INFO - Setting default log level to "WARN".
[2026-06-21T05:43:26.295+0000] {subprocess.py:93} INFO - To adjust logging level use sc.setLogLevel(newLevel). For SparkR, use setLogLevel(newLevel).
[2026-06-21T05:43:26.648+0000] {subprocess.py:93} INFO - 26/06/21 05:43:26 WARN NativeCodeLoader: Unable to load native-hadoop library for your platform... using builtin-java classes where applicable
[2026-06-21T05:43:41.521+0000] {subprocess.py:93} INFO - [Stage 1:>                                                          (0 + 1) / 1]                                                                                [Stage 5:>                                                          (0 + 1) / 1]
[2026-06-21T05:43:41.530+0000] {subprocess.py:93} INFO - --- silver attributes 2023-08-01 ---
[2026-06-21T05:43:41.540+0000] {subprocess.py:93} INFO - 
[2026-06-21T05:43:41.565+0000] {subprocess.py:93} INFO - [silver:attributes] loaded datamart/bronze/attributes/bronze_attributes_2023_08_01.csv rows: 481
[2026-06-21T05:43:41.578+0000] {subprocess.py:93} INFO - [silver:attributes] saved to: datamart/silver/attributes/2023_08_01.parquet
[2026-06-21T05:43:41.588+0000] {subprocess.py:93} INFO - 
[2026-06-21T05:43:41.599+0000] {subprocess.py:93} INFO - --- done ---
[2026-06-21T05:43:41.609+0000] {subprocess.py:93} INFO - 
[2026-06-21T05:43:42.135+0000] {subprocess.py:97} INFO - Command exited with return code 0
[2026-06-21T05:43:42.140+0000] {taskinstance.py:441} INFO - ::group::Post task execution logs
[2026-06-21T05:43:42.202+0000] {taskinstance.py:1206} INFO - Marking task as SUCCESS. dag_id=credit_default_ml_pipeline, task_id=feature_pipeline.feature_silver_attributes, run_id=scheduled__2023-08-01T00:00:00+00:00, execution_date=20230801T000000, start_date=20260621T054322, end_date=20260621T054342
[2026-06-21T05:43:42.284+0000] {local_task_job_runner.py:243} INFO - Task exited with return code 0
[2026-06-21T05:43:42.334+0000] {taskinstance.py:3503} INFO - 0 downstream tasks scheduled from follow-on schedule check
[2026-06-21T05:43:42.337+0000] {local_task_job_runner.py:222} INFO - ::endgroup::
