[2026-06-18T03:54:10.656+0000] {local_task_job_runner.py:120} INFO - ::group::Pre task execution logs
[2026-06-18T03:54:10.683+0000] {taskinstance.py:2076} INFO - Dependencies all met for dep_context=non-requeueable deps ti=<TaskInstance: credit_default_ml_pipeline.feature_pipeline.feature_silver_attributes scheduled__2023-08-01T00:00:00+00:00 [queued]>
[2026-06-18T03:54:10.691+0000] {taskinstance.py:2076} INFO - Dependencies all met for dep_context=requeueable deps ti=<TaskInstance: credit_default_ml_pipeline.feature_pipeline.feature_silver_attributes scheduled__2023-08-01T00:00:00+00:00 [queued]>
[2026-06-18T03:54:10.692+0000] {taskinstance.py:2306} INFO - Starting attempt 3 of 4
[2026-06-18T03:54:10.703+0000] {taskinstance.py:2330} INFO - Executing <Task(BashOperator): feature_pipeline.feature_silver_attributes> on 2023-08-01 00:00:00+00:00
[2026-06-18T03:54:10.710+0000] {logging_mixin.py:188} WARNING - /home/***/.local/lib/python3.12/site-packages/***/task/task_runner/standard_task_runner.py:62 DeprecationWarning: This process (pid=47323) is multi-threaded, use of fork() may lead to deadlocks in the child.
[2026-06-18T03:54:10.712+0000] {standard_task_runner.py:64} INFO - Started process 47331 to run task
[2026-06-18T03:54:10.712+0000] {standard_task_runner.py:90} INFO - Running: ['***', 'tasks', 'run', 'credit_default_ml_pipeline', 'feature_pipeline.feature_silver_attributes', 'scheduled__2023-08-01T00:00:00+00:00', '--job-id', '1036', '--raw', '--subdir', 'DAGS_FOLDER/dag.py', '--cfg-path', '/tmp/tmpzd8yr88y']
[2026-06-18T03:54:10.714+0000] {standard_task_runner.py:91} INFO - Job 1036: Subtask feature_pipeline.feature_silver_attributes
[2026-06-18T03:54:10.753+0000] {task_command.py:426} INFO - Running <TaskInstance: credit_default_ml_pipeline.feature_pipeline.feature_silver_attributes scheduled__2023-08-01T00:00:00+00:00 [running]> on host bfbc24b887a5
[2026-06-18T03:54:10.985+0000] {taskinstance.py:2648} INFO - Exporting env vars: AIRFLOW_CTX_DAG_OWNER='***' AIRFLOW_CTX_DAG_ID='credit_default_ml_pipeline' AIRFLOW_CTX_TASK_ID='feature_pipeline.feature_silver_attributes' AIRFLOW_CTX_EXECUTION_DATE='2023-08-01T00:00:00+00:00' AIRFLOW_CTX_TRY_NUMBER='3' AIRFLOW_CTX_DAG_RUN_ID='scheduled__2023-08-01T00:00:00+00:00'
[2026-06-18T03:54:10.987+0000] {taskinstance.py:430} INFO - ::endgroup::
[2026-06-18T03:54:10.995+0000] {subprocess.py:63} INFO - Tmp dir root location: /tmp
[2026-06-18T03:54:10.996+0000] {subprocess.py:75} INFO - Running command: ['/usr/bin/bash', '-c', 'cd /opt/***/scripts && python3 silver_processing.py --snapshotdate "2023-08-01" --source attributes']
[2026-06-18T03:54:11.004+0000] {subprocess.py:86} INFO - Output:
[2026-06-18T03:54:13.790+0000] {subprocess.py:93} INFO - Setting default log level to "WARN".
[2026-06-18T03:54:13.792+0000] {subprocess.py:93} INFO - To adjust logging level use sc.setLogLevel(newLevel). For SparkR, use setLogLevel(newLevel).
[2026-06-18T03:54:14.030+0000] {subprocess.py:93} INFO - 26/06/18 03:54:14 WARN NativeCodeLoader: Unable to load native-hadoop library for your platform... using builtin-java classes where applicable
[2026-06-18T03:54:25.569+0000] {subprocess.py:93} INFO - [Stage 5:>                                                          (0 + 1) / 1]
[2026-06-18T03:54:25.576+0000] {subprocess.py:93} INFO - --- silver attributes 2023-08-01 ---
[2026-06-18T03:54:25.580+0000] {subprocess.py:93} INFO - 
[2026-06-18T03:54:25.587+0000] {subprocess.py:93} INFO - [silver:attributes] loaded datamart/bronze/attributes/bronze_attributes_2023_08_01.csv rows: 481
[2026-06-18T03:54:25.591+0000] {subprocess.py:93} INFO - [silver:attributes] saved to: datamart/silver/attributes/2023_08_01.parquet
[2026-06-18T03:54:25.593+0000] {subprocess.py:93} INFO - 
[2026-06-18T03:54:25.594+0000] {subprocess.py:93} INFO - --- done ---
[2026-06-18T03:54:25.595+0000] {subprocess.py:93} INFO - 
[2026-06-18T03:54:26.107+0000] {subprocess.py:97} INFO - Command exited with return code 0
[2026-06-18T03:54:26.120+0000] {taskinstance.py:441} INFO - ::group::Post task execution logs
[2026-06-18T03:54:26.172+0000] {taskinstance.py:1206} INFO - Marking task as SUCCESS. dag_id=credit_default_ml_pipeline, task_id=feature_pipeline.feature_silver_attributes, run_id=scheduled__2023-08-01T00:00:00+00:00, execution_date=20230801T000000, start_date=20260618T035410, end_date=20260618T035426
[2026-06-18T03:54:26.222+0000] {local_task_job_runner.py:243} INFO - Task exited with return code 0
[2026-06-18T03:54:26.501+0000] {taskinstance.py:3503} INFO - 0 downstream tasks scheduled from follow-on schedule check
[2026-06-18T03:54:26.504+0000] {local_task_job_runner.py:222} INFO - ::endgroup::
