[2026-06-20T08:23:40.001+0000] {local_task_job_runner.py:120} INFO - ::group::Pre task execution logs
[2026-06-20T08:23:40.018+0000] {taskinstance.py:2076} INFO - Dependencies all met for dep_context=non-requeueable deps ti=<TaskInstance: credit_default_ml_pipeline.inference.xgb_inference scheduled__2024-12-01T00:00:00+00:00 [queued]>
[2026-06-20T08:23:40.024+0000] {taskinstance.py:2076} INFO - Dependencies all met for dep_context=requeueable deps ti=<TaskInstance: credit_default_ml_pipeline.inference.xgb_inference scheduled__2024-12-01T00:00:00+00:00 [queued]>
[2026-06-20T08:23:40.024+0000] {taskinstance.py:2306} INFO - Starting attempt 1 of 2
[2026-06-20T08:23:40.122+0000] {taskinstance.py:2330} INFO - Executing <Task(BashOperator): inference.xgb_inference> on 2024-12-01 00:00:00+00:00
[2026-06-20T08:23:40.129+0000] {logging_mixin.py:188} WARNING - /home/***/.local/lib/python3.12/site-packages/***/task/task_runner/standard_task_runner.py:62 DeprecationWarning: This process (pid=76333) is multi-threaded, use of fork() may lead to deadlocks in the child.
[2026-06-20T08:23:40.130+0000] {standard_task_runner.py:64} INFO - Started process 76340 to run task
[2026-06-20T08:23:40.129+0000] {standard_task_runner.py:90} INFO - Running: ['***', 'tasks', 'run', 'credit_default_ml_pipeline', 'inference.xgb_inference', 'scheduled__2024-12-01T00:00:00+00:00', '--job-id', '2399', '--raw', '--subdir', 'DAGS_FOLDER/dag.py', '--cfg-path', '/tmp/tmpu8cff5bk']
[2026-06-20T08:23:40.131+0000] {standard_task_runner.py:91} INFO - Job 2399: Subtask inference.xgb_inference
[2026-06-20T08:23:40.154+0000] {task_command.py:426} INFO - Running <TaskInstance: credit_default_ml_pipeline.inference.xgb_inference scheduled__2024-12-01T00:00:00+00:00 [running]> on host 9cf341f51c89
[2026-06-20T08:23:40.189+0000] {taskinstance.py:2648} INFO - Exporting env vars: AIRFLOW_CTX_DAG_OWNER='***' AIRFLOW_CTX_DAG_ID='credit_default_ml_pipeline' AIRFLOW_CTX_TASK_ID='inference.xgb_inference' AIRFLOW_CTX_EXECUTION_DATE='2024-12-01T00:00:00+00:00' AIRFLOW_CTX_TRY_NUMBER='1' AIRFLOW_CTX_DAG_RUN_ID='scheduled__2024-12-01T00:00:00+00:00'
[2026-06-20T08:23:40.192+0000] {taskinstance.py:430} INFO - ::endgroup::
[2026-06-20T08:23:40.198+0000] {subprocess.py:63} INFO - Tmp dir root location: /tmp
[2026-06-20T08:23:40.199+0000] {subprocess.py:75} INFO - Running command: ['/usr/bin/bash', '-c', 'cd /opt/***/scripts && if [ ! -f model_bank/champion.txt ]; then echo \'[SKIP] no champion.txt for 2024-12-01\'; exit 0; fi && CHAMP=$(cat model_bank/champion.txt | tr -d \'\\n\') && python3 model_inference.py --snapshotdate "2024-12-01" --modelname "$CHAMP"']
[2026-06-20T08:23:40.203+0000] {subprocess.py:86} INFO - Output:
[2026-06-20T08:23:42.503+0000] {subprocess.py:93} INFO - Setting default log level to "WARN".
[2026-06-20T08:23:42.504+0000] {subprocess.py:93} INFO - To adjust logging level use sc.setLogLevel(newLevel). For SparkR, use setLogLevel(newLevel).
[2026-06-20T08:23:42.753+0000] {subprocess.py:93} INFO - 26/06/20 08:23:42 WARN NativeCodeLoader: Unable to load native-hadoop library for your platform... using builtin-java classes where applicable
[2026-06-20T08:23:43.332+0000] {subprocess.py:93} INFO - 26/06/20 08:23:43 WARN Utils: Service 'SparkUI' could not bind on port 4040. Attempting port 4041.
[2026-06-20T08:23:47.685+0000] {subprocess.py:93} INFO - 
[2026-06-20T08:23:47.687+0000] {subprocess.py:93} INFO - --- inference 2024-12-01 (label date: 2024-12-01) / credit_xgb_2024_12_01.pkl ---
[2026-06-20T08:23:47.688+0000] {subprocess.py:93} INFO - 
[2026-06-20T08:23:47.689+0000] {subprocess.py:93} INFO - loaded model: model_bank/credit_xgb_2024_12_01.pkl
[2026-06-20T08:23:47.690+0000] {subprocess.py:93} INFO - using CALIBRATED probabilities (Platt-scaled)
[2026-06-20T08:23:47.691+0000] {subprocess.py:93} INFO - predicted defaults: 51 / 515 (9.9%) at threshold=0.5
[2026-06-20T08:23:47.692+0000] {subprocess.py:93} INFO - saved predictions: datamart/gold/model_predictions/credit_xgb_2024_12_01/credit_xgb_2024_12_01_predictions_2024_12_01.parquet (515 rows, mean_score=0.1715)
[2026-06-20T08:23:47.694+0000] {subprocess.py:93} INFO - 
[2026-06-20T08:23:47.694+0000] {subprocess.py:93} INFO - --- done ---
[2026-06-20T08:23:47.696+0000] {subprocess.py:93} INFO - 
[2026-06-20T08:23:48.401+0000] {subprocess.py:97} INFO - Command exited with return code 0
[2026-06-20T08:23:48.404+0000] {taskinstance.py:441} INFO - ::group::Post task execution logs
[2026-06-20T08:23:48.426+0000] {taskinstance.py:1206} INFO - Marking task as SUCCESS. dag_id=credit_default_ml_pipeline, task_id=inference.xgb_inference, run_id=scheduled__2024-12-01T00:00:00+00:00, execution_date=20241201T000000, start_date=20260620T082340, end_date=20260620T082348
[2026-06-20T08:23:48.464+0000] {local_task_job_runner.py:243} INFO - Task exited with return code 0
[2026-06-20T08:23:48.481+0000] {taskinstance.py:3503} INFO - 0 downstream tasks scheduled from follow-on schedule check
[2026-06-20T08:23:48.483+0000] {local_task_job_runner.py:222} INFO - ::endgroup::
[2026-06-20T16:21:06.464+0000] {local_task_job_runner.py:120} INFO - ::group::Pre task execution logs
[2026-06-20T16:21:06.476+0000] {taskinstance.py:2076} INFO - Dependencies all met for dep_context=non-requeueable deps ti=<TaskInstance: credit_default_ml_pipeline.inference.xgb_inference scheduled__2024-12-01T00:00:00+00:00 [queued]>
[2026-06-20T16:21:06.481+0000] {taskinstance.py:2076} INFO - Dependencies all met for dep_context=requeueable deps ti=<TaskInstance: credit_default_ml_pipeline.inference.xgb_inference scheduled__2024-12-01T00:00:00+00:00 [queued]>
[2026-06-20T16:21:06.482+0000] {taskinstance.py:2306} INFO - Starting attempt 1 of 2
[2026-06-20T16:21:06.559+0000] {taskinstance.py:2330} INFO - Executing <Task(BashOperator): inference.xgb_inference> on 2024-12-01 00:00:00+00:00
[2026-06-20T16:21:06.563+0000] {logging_mixin.py:188} WARNING - /home/***/.local/lib/python3.12/site-packages/***/task/task_runner/standard_task_runner.py:62 DeprecationWarning: This process (pid=59469) is multi-threaded, use of fork() may lead to deadlocks in the child.
[2026-06-20T16:21:06.566+0000] {standard_task_runner.py:64} INFO - Started process 59473 to run task
[2026-06-20T16:21:06.564+0000] {standard_task_runner.py:90} INFO - Running: ['***', 'tasks', 'run', 'credit_default_ml_pipeline', 'inference.xgb_inference', 'scheduled__2024-12-01T00:00:00+00:00', '--job-id', '2861', '--raw', '--subdir', 'DAGS_FOLDER/dag.py', '--cfg-path', '/tmp/tmpr5ihzvjq']
[2026-06-20T16:21:06.569+0000] {standard_task_runner.py:91} INFO - Job 2861: Subtask inference.xgb_inference
[2026-06-20T16:21:06.589+0000] {task_command.py:426} INFO - Running <TaskInstance: credit_default_ml_pipeline.inference.xgb_inference scheduled__2024-12-01T00:00:00+00:00 [running]> on host 9cf341f51c89
[2026-06-20T16:21:06.617+0000] {taskinstance.py:2648} INFO - Exporting env vars: AIRFLOW_CTX_DAG_OWNER='***' AIRFLOW_CTX_DAG_ID='credit_default_ml_pipeline' AIRFLOW_CTX_TASK_ID='inference.xgb_inference' AIRFLOW_CTX_EXECUTION_DATE='2024-12-01T00:00:00+00:00' AIRFLOW_CTX_TRY_NUMBER='1' AIRFLOW_CTX_DAG_RUN_ID='scheduled__2024-12-01T00:00:00+00:00'
[2026-06-20T16:21:06.618+0000] {taskinstance.py:430} INFO - ::endgroup::
[2026-06-20T16:21:06.623+0000] {subprocess.py:63} INFO - Tmp dir root location: /tmp
[2026-06-20T16:21:06.624+0000] {subprocess.py:75} INFO - Running command: ['/usr/bin/bash', '-c', 'cd /opt/***/scripts && if [ ! -f model_bank/champion.txt ]; then echo \'[SKIP] no champion.txt for 2024-12-01\'; exit 0; fi && CHAMP=$(cat model_bank/champion.txt | tr -d \'\\n\') && python3 model_inference.py --snapshotdate "2024-12-01" --modelname "$CHAMP"']
[2026-06-20T16:21:06.628+0000] {subprocess.py:86} INFO - Output:
[2026-06-20T16:21:06.629+0000] {subprocess.py:93} INFO - [SKIP] no champion.txt for 2024-12-01
[2026-06-20T16:21:06.630+0000] {subprocess.py:97} INFO - Command exited with return code 0
[2026-06-20T16:21:06.630+0000] {taskinstance.py:441} INFO - ::group::Post task execution logs
[2026-06-20T16:21:06.640+0000] {taskinstance.py:1206} INFO - Marking task as SUCCESS. dag_id=credit_default_ml_pipeline, task_id=inference.xgb_inference, run_id=scheduled__2024-12-01T00:00:00+00:00, execution_date=20241201T000000, start_date=20260620T162106, end_date=20260620T162106
[2026-06-20T16:21:06.665+0000] {local_task_job_runner.py:243} INFO - Task exited with return code 0
[2026-06-20T16:21:06.675+0000] {taskinstance.py:3503} INFO - 0 downstream tasks scheduled from follow-on schedule check
[2026-06-20T16:21:06.676+0000] {local_task_job_runner.py:222} INFO - ::endgroup::
[2026-06-20T18:16:29.319+0000] {local_task_job_runner.py:120} INFO - ::group::Pre task execution logs
[2026-06-20T18:16:29.341+0000] {taskinstance.py:2076} INFO - Dependencies all met for dep_context=non-requeueable deps ti=<TaskInstance: credit_default_ml_pipeline.inference.xgb_inference scheduled__2024-12-01T00:00:00+00:00 [queued]>
[2026-06-20T18:16:29.349+0000] {taskinstance.py:2076} INFO - Dependencies all met for dep_context=requeueable deps ti=<TaskInstance: credit_default_ml_pipeline.inference.xgb_inference scheduled__2024-12-01T00:00:00+00:00 [queued]>
[2026-06-20T18:16:29.349+0000] {taskinstance.py:2306} INFO - Starting attempt 1 of 2
[2026-06-20T18:16:29.452+0000] {taskinstance.py:2330} INFO - Executing <Task(BashOperator): inference.xgb_inference> on 2024-12-01 00:00:00+00:00
[2026-06-20T18:16:29.457+0000] {logging_mixin.py:188} WARNING - /home/***/.local/lib/python3.12/site-packages/***/task/task_runner/standard_task_runner.py:62 DeprecationWarning: This process (pid=79517) is multi-threaded, use of fork() may lead to deadlocks in the child.
[2026-06-20T18:16:29.459+0000] {standard_task_runner.py:64} INFO - Started process 79521 to run task
[2026-06-20T18:16:29.458+0000] {standard_task_runner.py:90} INFO - Running: ['***', 'tasks', 'run', 'credit_default_ml_pipeline', 'inference.xgb_inference', 'scheduled__2024-12-01T00:00:00+00:00', '--job-id', '3437', '--raw', '--subdir', 'DAGS_FOLDER/dag.py', '--cfg-path', '/tmp/tmp3r2rfhqs']
[2026-06-20T18:16:29.461+0000] {standard_task_runner.py:91} INFO - Job 3437: Subtask inference.xgb_inference
[2026-06-20T18:16:29.491+0000] {task_command.py:426} INFO - Running <TaskInstance: credit_default_ml_pipeline.inference.xgb_inference scheduled__2024-12-01T00:00:00+00:00 [running]> on host 9cf341f51c89
[2026-06-20T18:16:29.536+0000] {taskinstance.py:2648} INFO - Exporting env vars: AIRFLOW_CTX_DAG_OWNER='***' AIRFLOW_CTX_DAG_ID='credit_default_ml_pipeline' AIRFLOW_CTX_TASK_ID='inference.xgb_inference' AIRFLOW_CTX_EXECUTION_DATE='2024-12-01T00:00:00+00:00' AIRFLOW_CTX_TRY_NUMBER='1' AIRFLOW_CTX_DAG_RUN_ID='scheduled__2024-12-01T00:00:00+00:00'
[2026-06-20T18:16:29.538+0000] {taskinstance.py:430} INFO - ::endgroup::
[2026-06-20T18:16:29.545+0000] {subprocess.py:63} INFO - Tmp dir root location: /tmp
[2026-06-20T18:16:29.547+0000] {subprocess.py:75} INFO - Running command: ['/usr/bin/bash', '-c', 'cd /opt/***/scripts && if [ ! -f model_bank/champion.txt ]; then echo \'[SKIP] no champion.txt for 2024-12-01\'; exit 0; fi && CHAMP=$(cat model_bank/champion.txt | tr -d \'\\n\') && python3 model_inference.py --snapshotdate "2024-12-01" --modelname "$CHAMP"']
[2026-06-20T18:16:29.555+0000] {subprocess.py:86} INFO - Output:
[2026-06-20T18:16:32.045+0000] {subprocess.py:93} INFO - Setting default log level to "WARN".
[2026-06-20T18:16:32.047+0000] {subprocess.py:93} INFO - To adjust logging level use sc.setLogLevel(newLevel). For SparkR, use setLogLevel(newLevel).
[2026-06-20T18:16:32.235+0000] {subprocess.py:93} INFO - 26/06/20 18:16:32 WARN NativeCodeLoader: Unable to load native-hadoop library for your platform... using builtin-java classes where applicable
[2026-06-20T18:16:32.835+0000] {subprocess.py:93} INFO - 26/06/20 18:16:32 WARN Utils: Service 'SparkUI' could not bind on port 4040. Attempting port 4041.
[2026-06-20T18:16:37.197+0000] {subprocess.py:93} INFO - 
[2026-06-20T18:16:37.199+0000] {subprocess.py:93} INFO - --- inference 2024-12-01 (label date: 2024-12-01) / credit_xgb_2024_09_01.pkl ---
[2026-06-20T18:16:37.200+0000] {subprocess.py:93} INFO - 
[2026-06-20T18:16:37.200+0000] {subprocess.py:93} INFO - loaded model: model_bank/credit_xgb_2024_09_01.pkl
[2026-06-20T18:16:37.203+0000] {subprocess.py:93} INFO - using CALIBRATED probabilities (Platt-scaled)
[2026-06-20T18:16:37.204+0000] {subprocess.py:93} INFO - predicted defaults: 61 / 515 (11.8%) at threshold=0.5
[2026-06-20T18:16:37.204+0000] {subprocess.py:93} INFO - saved predictions: datamart/gold/model_predictions/credit_xgb_2024_09_01/credit_xgb_2024_09_01_predictions_2024_12_01.parquet (515 rows, mean_score=0.2006)
[2026-06-20T18:16:37.205+0000] {subprocess.py:93} INFO - 
[2026-06-20T18:16:37.206+0000] {subprocess.py:93} INFO - --- done ---
[2026-06-20T18:16:37.207+0000] {subprocess.py:93} INFO - 
[2026-06-20T18:16:37.921+0000] {subprocess.py:97} INFO - Command exited with return code 0
[2026-06-20T18:16:37.922+0000] {taskinstance.py:441} INFO - ::group::Post task execution logs
[2026-06-20T18:16:37.937+0000] {taskinstance.py:1206} INFO - Marking task as SUCCESS. dag_id=credit_default_ml_pipeline, task_id=inference.xgb_inference, run_id=scheduled__2024-12-01T00:00:00+00:00, execution_date=20241201T000000, start_date=20260620T181629, end_date=20260620T181637
[2026-06-20T18:16:37.964+0000] {local_task_job_runner.py:243} INFO - Task exited with return code 0
[2026-06-20T18:16:37.979+0000] {taskinstance.py:3503} INFO - 0 downstream tasks scheduled from follow-on schedule check
[2026-06-20T18:16:37.980+0000] {local_task_job_runner.py:222} INFO - ::endgroup::
[2026-06-21T03:09:41.790+0000] {local_task_job_runner.py:120} INFO - ::group::Pre task execution logs
[2026-06-21T03:09:41.805+0000] {taskinstance.py:2076} INFO - Dependencies all met for dep_context=non-requeueable deps ti=<TaskInstance: credit_default_ml_pipeline.inference.xgb_inference scheduled__2024-12-01T00:00:00+00:00 [queued]>
[2026-06-21T03:09:41.810+0000] {taskinstance.py:2076} INFO - Dependencies all met for dep_context=requeueable deps ti=<TaskInstance: credit_default_ml_pipeline.inference.xgb_inference scheduled__2024-12-01T00:00:00+00:00 [queued]>
[2026-06-21T03:09:41.811+0000] {taskinstance.py:2306} INFO - Starting attempt 1 of 2
[2026-06-21T03:09:41.818+0000] {taskinstance.py:2330} INFO - Executing <Task(BashOperator): inference.xgb_inference> on 2024-12-01 00:00:00+00:00
[2026-06-21T03:09:41.822+0000] {logging_mixin.py:188} WARNING - /home/***/.local/lib/python3.12/site-packages/***/task/task_runner/standard_task_runner.py:62 DeprecationWarning: This process (pid=77709) is multi-threaded, use of fork() may lead to deadlocks in the child.
[2026-06-21T03:09:41.823+0000] {standard_task_runner.py:64} INFO - Started process 77714 to run task
[2026-06-21T03:09:41.823+0000] {standard_task_runner.py:90} INFO - Running: ['***', 'tasks', 'run', 'credit_default_ml_pipeline', 'inference.xgb_inference', 'scheduled__2024-12-01T00:00:00+00:00', '--job-id', '3902', '--raw', '--subdir', 'DAGS_FOLDER/dag.py', '--cfg-path', '/tmp/tmpyt8zv4bk']
[2026-06-21T03:09:41.824+0000] {standard_task_runner.py:91} INFO - Job 3902: Subtask inference.xgb_inference
[2026-06-21T03:09:41.845+0000] {task_command.py:426} INFO - Running <TaskInstance: credit_default_ml_pipeline.inference.xgb_inference scheduled__2024-12-01T00:00:00+00:00 [running]> on host f6e9e2801916
[2026-06-21T03:09:41.982+0000] {taskinstance.py:2648} INFO - Exporting env vars: AIRFLOW_CTX_DAG_OWNER='***' AIRFLOW_CTX_DAG_ID='credit_default_ml_pipeline' AIRFLOW_CTX_TASK_ID='inference.xgb_inference' AIRFLOW_CTX_EXECUTION_DATE='2024-12-01T00:00:00+00:00' AIRFLOW_CTX_TRY_NUMBER='1' AIRFLOW_CTX_DAG_RUN_ID='scheduled__2024-12-01T00:00:00+00:00'
[2026-06-21T03:09:41.983+0000] {taskinstance.py:430} INFO - ::endgroup::
[2026-06-21T03:09:41.988+0000] {subprocess.py:63} INFO - Tmp dir root location: /tmp
[2026-06-21T03:09:41.989+0000] {subprocess.py:75} INFO - Running command: ['/usr/bin/bash', '-c', 'cd /opt/***/scripts && if [ ! -f model_bank/champion.txt ]; then   echo \'[SKIP] no champion.txt for 2024-12-01\'; exit 0; fi && CHAMP=$(cat model_bank/champion.txt | tr -d \'\\\\n\') && APP_DATE=$(python3 app_date_helper.py \'2024-12-01\') && python3 model_inference.py --snapshotdate "$APP_DATE" --labeldate "2024-12-01" --modelname "$CHAMP"']
[2026-06-21T03:09:41.994+0000] {subprocess.py:86} INFO - Output:
[2026-06-21T03:09:42.907+0000] {subprocess.py:93} INFO - 
[2026-06-21T03:09:42.908+0000] {subprocess.py:93} INFO - --- inference 2024-06-01 (label date: 2024-12-01) / credit_xgb_2024_09_01.pkl ---
[2026-06-21T03:09:42.909+0000] {subprocess.py:93} INFO - 
[2026-06-21T03:09:42.909+0000] {subprocess.py:93} INFO - loaded model: model_bank/credit_xgb_2024_09_01.pkl
[2026-06-21T03:09:42.909+0000] {subprocess.py:93} INFO - no feature partition for 2024-06-01, nothing to score.
[2026-06-21T03:09:42.998+0000] {subprocess.py:97} INFO - Command exited with return code 0
[2026-06-21T03:09:42.998+0000] {taskinstance.py:441} INFO - ::group::Post task execution logs
[2026-06-21T03:09:43.009+0000] {taskinstance.py:1206} INFO - Marking task as SUCCESS. dag_id=credit_default_ml_pipeline, task_id=inference.xgb_inference, run_id=scheduled__2024-12-01T00:00:00+00:00, execution_date=20241201T000000, start_date=20260621T030941, end_date=20260621T030943
[2026-06-21T03:09:43.046+0000] {local_task_job_runner.py:243} INFO - Task exited with return code 0
[2026-06-21T03:09:43.058+0000] {taskinstance.py:3503} INFO - 0 downstream tasks scheduled from follow-on schedule check
[2026-06-21T03:09:43.058+0000] {local_task_job_runner.py:222} INFO - ::endgroup::
[2026-06-21T06:37:30.919+0000] {local_task_job_runner.py:120} INFO - ::group::Pre task execution logs
[2026-06-21T06:37:30.931+0000] {taskinstance.py:2076} INFO - Dependencies all met for dep_context=non-requeueable deps ti=<TaskInstance: credit_default_ml_pipeline.inference.xgb_inference scheduled__2024-12-01T00:00:00+00:00 [queued]>
[2026-06-21T06:37:30.935+0000] {taskinstance.py:2076} INFO - Dependencies all met for dep_context=requeueable deps ti=<TaskInstance: credit_default_ml_pipeline.inference.xgb_inference scheduled__2024-12-01T00:00:00+00:00 [queued]>
[2026-06-21T06:37:30.936+0000] {taskinstance.py:2306} INFO - Starting attempt 1 of 2
[2026-06-21T06:37:31.021+0000] {taskinstance.py:2330} INFO - Executing <Task(BashOperator): inference.xgb_inference> on 2024-12-01 00:00:00+00:00
[2026-06-21T06:37:31.025+0000] {standard_task_runner.py:90} INFO - Running: ['***', 'tasks', 'run', 'credit_default_ml_pipeline', 'inference.xgb_inference', 'scheduled__2024-12-01T00:00:00+00:00', '--job-id', '4362', '--raw', '--subdir', 'DAGS_FOLDER/dag.py', '--cfg-path', '/tmp/tmpqqzhmf64']
[2026-06-21T06:37:31.025+0000] {logging_mixin.py:188} WARNING - /home/***/.local/lib/python3.12/site-packages/***/task/task_runner/standard_task_runner.py:62 DeprecationWarning: This process (pid=80109) is multi-threaded, use of fork() may lead to deadlocks in the child.
[2026-06-21T06:37:31.026+0000] {standard_task_runner.py:91} INFO - Job 4362: Subtask inference.xgb_inference
[2026-06-21T06:37:31.027+0000] {standard_task_runner.py:64} INFO - Started process 80113 to run task
[2026-06-21T06:37:31.047+0000] {task_command.py:426} INFO - Running <TaskInstance: credit_default_ml_pipeline.inference.xgb_inference scheduled__2024-12-01T00:00:00+00:00 [running]> on host 9377a3f0491f
[2026-06-21T06:37:31.076+0000] {taskinstance.py:2648} INFO - Exporting env vars: AIRFLOW_CTX_DAG_OWNER='***' AIRFLOW_CTX_DAG_ID='credit_default_ml_pipeline' AIRFLOW_CTX_TASK_ID='inference.xgb_inference' AIRFLOW_CTX_EXECUTION_DATE='2024-12-01T00:00:00+00:00' AIRFLOW_CTX_TRY_NUMBER='1' AIRFLOW_CTX_DAG_RUN_ID='scheduled__2024-12-01T00:00:00+00:00'
[2026-06-21T06:37:31.077+0000] {taskinstance.py:430} INFO - ::endgroup::
[2026-06-21T06:37:31.082+0000] {subprocess.py:63} INFO - Tmp dir root location: /tmp
[2026-06-21T06:37:31.083+0000] {subprocess.py:75} INFO - Running command: ['/usr/bin/bash', '-c', 'cd /opt/***/scripts && if [ ! -f model_bank/champion.txt ]; then   echo \'[SKIP] no champion.txt for 2024-12-01\'; exit 0; fi && CHAMP=$(cat model_bank/champion.txt | tr -d \'\\\\n\') && APP_DATE=$(python3 app_date_helper.py \'2024-12-01\') && python3 model_inference.py --snapshotdate "$APP_DATE" --labeldate "2024-12-01" --modelname "$CHAMP"']
[2026-06-21T06:37:31.089+0000] {subprocess.py:86} INFO - Output:
[2026-06-21T06:37:32.594+0000] {subprocess.py:93} INFO - Setting default log level to "WARN".
[2026-06-21T06:37:32.595+0000] {subprocess.py:93} INFO - To adjust logging level use sc.setLogLevel(newLevel). For SparkR, use setLogLevel(newLevel).
[2026-06-21T06:37:32.746+0000] {subprocess.py:93} INFO - 26/06/21 06:37:32 WARN NativeCodeLoader: Unable to load native-hadoop library for your platform... using builtin-java classes where applicable
[2026-06-21T06:37:33.202+0000] {subprocess.py:93} INFO - 26/06/21 06:37:33 WARN Utils: Service 'SparkUI' could not bind on port 4040. Attempting port 4041.
[2026-06-21T06:37:37.491+0000] {subprocess.py:93} INFO - 
[2026-06-21T06:37:37.492+0000] {subprocess.py:93} INFO - --- inference 2024-06-01 (label date: 2024-12-01) / credit_xgb_2024_09_01.pkl ---
[2026-06-21T06:37:37.494+0000] {subprocess.py:93} INFO - 
[2026-06-21T06:37:37.495+0000] {subprocess.py:93} INFO - loaded model: model_bank/credit_xgb_2024_09_01.pkl
[2026-06-21T06:37:37.495+0000] {subprocess.py:93} INFO - using CALIBRATED probabilities (Platt-scaled)
[2026-06-21T06:37:37.495+0000] {subprocess.py:93} INFO - predicted defaults: 124 / 498 (24.9%) at threshold=0.5
[2026-06-21T06:37:37.496+0000] {subprocess.py:93} INFO - saved predictions: datamart/gold/model_predictions/credit_xgb_2024_09_01/credit_xgb_2024_09_01_predictions_2024_12_01.parquet (498 rows, mean_score=0.296)
[2026-06-21T06:37:37.496+0000] {subprocess.py:93} INFO - 
[2026-06-21T06:37:37.497+0000] {subprocess.py:93} INFO - --- done ---
[2026-06-21T06:37:37.497+0000] {subprocess.py:93} INFO - 
[2026-06-21T06:37:38.104+0000] {subprocess.py:97} INFO - Command exited with return code 0
[2026-06-21T06:37:38.105+0000] {taskinstance.py:441} INFO - ::group::Post task execution logs
[2026-06-21T06:37:38.121+0000] {taskinstance.py:1206} INFO - Marking task as SUCCESS. dag_id=credit_default_ml_pipeline, task_id=inference.xgb_inference, run_id=scheduled__2024-12-01T00:00:00+00:00, execution_date=20241201T000000, start_date=20260621T063730, end_date=20260621T063738
[2026-06-21T06:37:38.170+0000] {local_task_job_runner.py:243} INFO - Task exited with return code 0
[2026-06-21T06:37:38.185+0000] {taskinstance.py:3503} INFO - 0 downstream tasks scheduled from follow-on schedule check
[2026-06-21T06:37:38.187+0000] {local_task_job_runner.py:222} INFO - ::endgroup::
[2026-06-25T18:33:45.454+0000] {local_task_job_runner.py:120} INFO - ::group::Pre task execution logs
[2026-06-25T18:33:45.471+0000] {taskinstance.py:2076} INFO - Dependencies all met for dep_context=non-requeueable deps ti=<TaskInstance: credit_default_ml_pipeline.inference.xgb_inference scheduled__2024-12-01T00:00:00+00:00 [queued]>
[2026-06-25T18:33:45.476+0000] {taskinstance.py:2076} INFO - Dependencies all met for dep_context=requeueable deps ti=<TaskInstance: credit_default_ml_pipeline.inference.xgb_inference scheduled__2024-12-01T00:00:00+00:00 [queued]>
[2026-06-25T18:33:45.477+0000] {taskinstance.py:2306} INFO - Starting attempt 1 of 2
[2026-06-25T18:33:45.483+0000] {taskinstance.py:2330} INFO - Executing <Task(BashOperator): inference.xgb_inference> on 2024-12-01 00:00:00+00:00
[2026-06-25T18:33:45.486+0000] {logging_mixin.py:188} WARNING - /home/***/.local/lib/python3.12/site-packages/***/task/task_runner/standard_task_runner.py:62 DeprecationWarning: This process (pid=79009) is multi-threaded, use of fork() may lead to deadlocks in the child.
[2026-06-25T18:33:45.487+0000] {standard_task_runner.py:64} INFO - Started process 79012 to run task
[2026-06-25T18:33:45.487+0000] {standard_task_runner.py:90} INFO - Running: ['***', 'tasks', 'run', 'credit_default_ml_pipeline', 'inference.xgb_inference', 'scheduled__2024-12-01T00:00:00+00:00', '--job-id', '4824', '--raw', '--subdir', 'DAGS_FOLDER/dag.py', '--cfg-path', '/tmp/tmp6oyk3tzq']
[2026-06-25T18:33:45.488+0000] {standard_task_runner.py:91} INFO - Job 4824: Subtask inference.xgb_inference
[2026-06-25T18:33:45.507+0000] {task_command.py:426} INFO - Running <TaskInstance: credit_default_ml_pipeline.inference.xgb_inference scheduled__2024-12-01T00:00:00+00:00 [running]> on host b54b2be331ab
[2026-06-25T18:33:45.616+0000] {taskinstance.py:2648} INFO - Exporting env vars: AIRFLOW_CTX_DAG_OWNER='***' AIRFLOW_CTX_DAG_ID='credit_default_ml_pipeline' AIRFLOW_CTX_TASK_ID='inference.xgb_inference' AIRFLOW_CTX_EXECUTION_DATE='2024-12-01T00:00:00+00:00' AIRFLOW_CTX_TRY_NUMBER='1' AIRFLOW_CTX_DAG_RUN_ID='scheduled__2024-12-01T00:00:00+00:00'
[2026-06-25T18:33:45.617+0000] {taskinstance.py:430} INFO - ::endgroup::
[2026-06-25T18:33:45.621+0000] {subprocess.py:63} INFO - Tmp dir root location: /tmp
[2026-06-25T18:33:45.622+0000] {subprocess.py:75} INFO - Running command: ['/usr/bin/bash', '-c', 'cd /opt/***/scripts && if [ ! -f model_bank/champion.txt ]; then   echo \'[SKIP] no champion.txt for 2024-12-01\'; exit 0; fi && CHAMP=$(cat model_bank/champion.txt | tr -d \'\\\\n\') && APP_DATE=$(python3 app_date_helper.py \'2024-12-01\') && python3 model_inference.py --snapshotdate "$APP_DATE" --labeldate "2024-12-01" --modelname "$CHAMP"']
[2026-06-25T18:33:45.627+0000] {subprocess.py:86} INFO - Output:
[2026-06-25T18:33:47.774+0000] {subprocess.py:93} INFO - Setting default log level to "WARN".
[2026-06-25T18:33:47.775+0000] {subprocess.py:93} INFO - To adjust logging level use sc.setLogLevel(newLevel). For SparkR, use setLogLevel(newLevel).
[2026-06-25T18:33:47.989+0000] {subprocess.py:93} INFO - 26/06/25 18:33:47 WARN NativeCodeLoader: Unable to load native-hadoop library for your platform... using builtin-java classes where applicable
[2026-06-25T18:33:48.815+0000] {subprocess.py:93} INFO - 26/06/25 18:33:48 WARN Utils: Service 'SparkUI' could not bind on port 4040. Attempting port 4041.
[2026-06-25T18:33:53.277+0000] {subprocess.py:93} INFO - 
[2026-06-25T18:33:53.278+0000] {subprocess.py:93} INFO - --- inference 2024-06-01 (label date: 2024-12-01) / credit_xgb_2024_09_01.pkl ---
[2026-06-25T18:33:53.279+0000] {subprocess.py:93} INFO - 
[2026-06-25T18:33:53.280+0000] {subprocess.py:93} INFO - loaded model: model_bank/credit_xgb_2024_09_01.pkl
[2026-06-25T18:33:53.281+0000] {subprocess.py:93} INFO - using CALIBRATED probabilities (Platt-scaled)
[2026-06-25T18:33:53.282+0000] {subprocess.py:93} INFO - predicted defaults: 120 / 498 (24.1%) at threshold=0.5
[2026-06-25T18:33:53.282+0000] {subprocess.py:93} INFO - saved predictions: datamart/gold/model_predictions/credit_xgb_2024_09_01/credit_xgb_2024_09_01_predictions_2024_12_01.parquet (498 rows, mean_score=0.2917)
[2026-06-25T18:33:53.283+0000] {subprocess.py:93} INFO - 
[2026-06-25T18:33:53.284+0000] {subprocess.py:93} INFO - --- done ---
[2026-06-25T18:33:53.284+0000] {subprocess.py:93} INFO - 
[2026-06-25T18:33:53.947+0000] {subprocess.py:97} INFO - Command exited with return code 0
[2026-06-25T18:33:53.948+0000] {taskinstance.py:441} INFO - ::group::Post task execution logs
[2026-06-25T18:33:53.961+0000] {taskinstance.py:1206} INFO - Marking task as SUCCESS. dag_id=credit_default_ml_pipeline, task_id=inference.xgb_inference, run_id=scheduled__2024-12-01T00:00:00+00:00, execution_date=20241201T000000, start_date=20260625T183345, end_date=20260625T183353
[2026-06-25T18:33:53.981+0000] {local_task_job_runner.py:243} INFO - Task exited with return code 0
[2026-06-25T18:33:53.997+0000] {taskinstance.py:3503} INFO - 0 downstream tasks scheduled from follow-on schedule check
[2026-06-25T18:33:53.998+0000] {local_task_job_runner.py:222} INFO - ::endgroup::
