[2026-06-17T00:33:27.339+0000] {local_task_job_runner.py:120} INFO - ::group::Pre task execution logs
[2026-06-17T00:33:27.359+0000] {taskinstance.py:2076} INFO - Dependencies all met for dep_context=non-requeueable deps ti=<TaskInstance: credit_default_ml_pipeline.label_pipeline.label_silver_lms scheduled__2023-02-01T00:00:00+00:00 [queued]>
[2026-06-17T00:33:27.366+0000] {taskinstance.py:2076} INFO - Dependencies all met for dep_context=requeueable deps ti=<TaskInstance: credit_default_ml_pipeline.label_pipeline.label_silver_lms scheduled__2023-02-01T00:00:00+00:00 [queued]>
[2026-06-17T00:33:27.367+0000] {taskinstance.py:2306} INFO - Starting attempt 2 of 3
[2026-06-17T00:33:27.376+0000] {taskinstance.py:2330} INFO - Executing <Task(BashOperator): label_pipeline.label_silver_lms> on 2023-02-01 00:00:00+00:00
[2026-06-17T00:33:27.382+0000] {logging_mixin.py:188} WARNING - /home/***/.local/lib/python3.12/site-packages/***/task/task_runner/standard_task_runner.py:62 DeprecationWarning: This process (pid=43290) is multi-threaded, use of fork() may lead to deadlocks in the child.
[2026-06-17T00:33:27.382+0000] {standard_task_runner.py:90} INFO - Running: ['***', 'tasks', 'run', 'credit_default_ml_pipeline', 'label_pipeline.label_silver_lms', 'scheduled__2023-02-01T00:00:00+00:00', '--job-id', '434', '--raw', '--subdir', 'DAGS_FOLDER/dag.py', '--cfg-path', '/tmp/tmphri_qku8']
[2026-06-17T00:33:27.385+0000] {standard_task_runner.py:64} INFO - Started process 43293 to run task
[2026-06-17T00:33:27.385+0000] {standard_task_runner.py:91} INFO - Job 434: Subtask label_pipeline.label_silver_lms
[2026-06-17T00:33:27.420+0000] {task_command.py:426} INFO - Running <TaskInstance: credit_default_ml_pipeline.label_pipeline.label_silver_lms scheduled__2023-02-01T00:00:00+00:00 [running]> on host 2b9b50b7433d
[2026-06-17T00:33:27.471+0000] {taskinstance.py:2648} INFO - Exporting env vars: AIRFLOW_CTX_DAG_OWNER='***' AIRFLOW_CTX_DAG_ID='credit_default_ml_pipeline' AIRFLOW_CTX_TASK_ID='label_pipeline.label_silver_lms' AIRFLOW_CTX_EXECUTION_DATE='2023-02-01T00:00:00+00:00' AIRFLOW_CTX_TRY_NUMBER='2' AIRFLOW_CTX_DAG_RUN_ID='scheduled__2023-02-01T00:00:00+00:00'
[2026-06-17T00:33:27.472+0000] {taskinstance.py:430} INFO - ::endgroup::
[2026-06-17T00:33:27.479+0000] {subprocess.py:63} INFO - Tmp dir root location: /tmp
[2026-06-17T00:33:27.480+0000] {subprocess.py:75} INFO - Running command: ['/usr/bin/bash', '-c', 'cd /opt/***/scripts && python3 silver_processing.py --snapshotdate "2023-02-01" --source lms']
[2026-06-17T00:33:27.484+0000] {subprocess.py:86} INFO - Output:
[2026-06-17T00:33:29.236+0000] {subprocess.py:93} INFO - Setting default log level to "WARN".
[2026-06-17T00:33:29.237+0000] {subprocess.py:93} INFO - To adjust logging level use sc.setLogLevel(newLevel). For SparkR, use setLogLevel(newLevel).
[2026-06-17T00:33:29.497+0000] {subprocess.py:93} INFO - 26/06/17 00:33:29 WARN NativeCodeLoader: Unable to load native-hadoop library for your platform... using builtin-java classes where applicable
[2026-06-17T00:33:30.182+0000] {subprocess.py:93} INFO - 26/06/17 00:33:30 WARN Utils: Service 'SparkUI' could not bind on port 4040. Attempting port 4041.
[2026-06-17T00:33:38.040+0000] {subprocess.py:93} INFO - [Stage 5:>                                                          (0 + 1) / 1]
[2026-06-17T00:33:38.044+0000] {subprocess.py:93} INFO - --- silver lms 2023-02-01 ---
[2026-06-17T00:33:38.045+0000] {subprocess.py:93} INFO - 
[2026-06-17T00:33:38.045+0000] {subprocess.py:93} INFO - [silver:lms] loaded datamart/bronze/lms/bronze_lms_2023_02_01.csv rows: 1031
[2026-06-17T00:33:38.047+0000] {subprocess.py:93} INFO - [silver:lms] saved to: datamart/silver/lms/2023_02_01.parquet
[2026-06-17T00:33:38.048+0000] {subprocess.py:93} INFO - 
[2026-06-17T00:33:38.048+0000] {subprocess.py:93} INFO - --- done ---
[2026-06-17T00:33:38.049+0000] {subprocess.py:93} INFO - 
[2026-06-17T00:33:38.490+0000] {subprocess.py:97} INFO - Command exited with return code 0
[2026-06-17T00:33:38.492+0000] {taskinstance.py:441} INFO - ::group::Post task execution logs
[2026-06-17T00:33:38.519+0000] {taskinstance.py:1206} INFO - Marking task as SUCCESS. dag_id=credit_default_ml_pipeline, task_id=label_pipeline.label_silver_lms, run_id=scheduled__2023-02-01T00:00:00+00:00, execution_date=20230201T000000, start_date=20260617T003327, end_date=20260617T003338
[2026-06-17T00:33:38.561+0000] {local_task_job_runner.py:243} INFO - Task exited with return code 0
[2026-06-17T00:33:38.573+0000] {local_task_job_runner.py:222} INFO - ::endgroup::
[2026-06-20T05:39:21.322+0000] {local_task_job_runner.py:120} INFO - ::group::Pre task execution logs
[2026-06-20T05:39:21.335+0000] {taskinstance.py:2076} INFO - Dependencies all met for dep_context=non-requeueable deps ti=<TaskInstance: credit_default_ml_pipeline.label_pipeline.label_silver_lms scheduled__2023-02-01T00:00:00+00:00 [queued]>
[2026-06-20T05:39:21.339+0000] {taskinstance.py:2076} INFO - Dependencies all met for dep_context=requeueable deps ti=<TaskInstance: credit_default_ml_pipeline.label_pipeline.label_silver_lms scheduled__2023-02-01T00:00:00+00:00 [queued]>
[2026-06-20T05:39:21.339+0000] {taskinstance.py:2306} INFO - Starting attempt 2 of 2
[2026-06-20T05:39:21.344+0000] {taskinstance.py:2330} INFO - Executing <Task(BashOperator): label_pipeline.label_silver_lms> on 2023-02-01 00:00:00+00:00
[2026-06-20T05:39:21.349+0000] {logging_mixin.py:188} WARNING - /home/***/.local/lib/python3.12/site-packages/***/task/task_runner/standard_task_runner.py:62 DeprecationWarning: This process (pid=16478) is multi-threaded, use of fork() may lead to deadlocks in the child.
[2026-06-20T05:39:21.350+0000] {standard_task_runner.py:64} INFO - Started process 16480 to run task
[2026-06-20T05:39:21.349+0000] {standard_task_runner.py:90} INFO - Running: ['***', 'tasks', 'run', 'credit_default_ml_pipeline', 'label_pipeline.label_silver_lms', 'scheduled__2023-02-01T00:00:00+00:00', '--job-id', '1470', '--raw', '--subdir', 'DAGS_FOLDER/dag.py', '--cfg-path', '/tmp/tmp2346ocxa']
[2026-06-20T05:39:21.350+0000] {standard_task_runner.py:91} INFO - Job 1470: Subtask label_pipeline.label_silver_lms
[2026-06-20T05:39:21.441+0000] {task_command.py:426} INFO - Running <TaskInstance: credit_default_ml_pipeline.label_pipeline.label_silver_lms scheduled__2023-02-01T00:00:00+00:00 [running]> on host 9cf341f51c89
[2026-06-20T05:39:21.466+0000] {taskinstance.py:2648} INFO - Exporting env vars: AIRFLOW_CTX_DAG_OWNER='***' AIRFLOW_CTX_DAG_ID='credit_default_ml_pipeline' AIRFLOW_CTX_TASK_ID='label_pipeline.label_silver_lms' AIRFLOW_CTX_EXECUTION_DATE='2023-02-01T00:00:00+00:00' AIRFLOW_CTX_TRY_NUMBER='2' AIRFLOW_CTX_DAG_RUN_ID='scheduled__2023-02-01T00:00:00+00:00'
[2026-06-20T05:39:21.468+0000] {taskinstance.py:430} INFO - ::endgroup::
[2026-06-20T05:39:21.472+0000] {subprocess.py:63} INFO - Tmp dir root location: /tmp
[2026-06-20T05:39:21.473+0000] {subprocess.py:75} INFO - Running command: ['/usr/bin/bash', '-c', 'cd /opt/***/scripts && python3 silver_processing.py --snapshotdate "2023-02-01" --source lms']
[2026-06-20T05:39:21.477+0000] {subprocess.py:86} INFO - Output:
[2026-06-20T05:39:22.292+0000] {subprocess.py:93} INFO - Setting default log level to "WARN".
[2026-06-20T05:39:22.293+0000] {subprocess.py:93} INFO - To adjust logging level use sc.setLogLevel(newLevel). For SparkR, use setLogLevel(newLevel).
[2026-06-20T05:39:22.409+0000] {subprocess.py:93} INFO - 26/06/20 05:39:22 WARN NativeCodeLoader: Unable to load native-hadoop library for your platform... using builtin-java classes where applicable
[2026-06-20T05:39:25.280+0000] {subprocess.py:93} INFO - 
[2026-06-20T05:39:25.282+0000] {subprocess.py:93} INFO - --- silver lms 2023-02-01 ---
[2026-06-20T05:39:25.282+0000] {subprocess.py:93} INFO - 
[2026-06-20T05:39:25.283+0000] {subprocess.py:93} INFO - [silver:lms] loaded datamart/bronze/lms/bronze_lms_2023_02_01.csv rows: 1031
[2026-06-20T05:39:25.283+0000] {subprocess.py:93} INFO - [silver:lms] saved to: datamart/silver/lms/2023_02_01.parquet
[2026-06-20T05:39:25.284+0000] {subprocess.py:93} INFO - 
[2026-06-20T05:39:25.284+0000] {subprocess.py:93} INFO - --- done ---
[2026-06-20T05:39:25.285+0000] {subprocess.py:93} INFO - 
[2026-06-20T05:39:25.704+0000] {subprocess.py:97} INFO - Command exited with return code 0
[2026-06-20T05:39:25.706+0000] {taskinstance.py:441} INFO - ::group::Post task execution logs
[2026-06-20T05:39:25.727+0000] {taskinstance.py:1206} INFO - Marking task as SUCCESS. dag_id=credit_default_ml_pipeline, task_id=label_pipeline.label_silver_lms, run_id=scheduled__2023-02-01T00:00:00+00:00, execution_date=20230201T000000, start_date=20260620T053921, end_date=20260620T053925
[2026-06-20T05:39:25.778+0000] {local_task_job_runner.py:243} INFO - Task exited with return code 0
[2026-06-20T05:39:25.874+0000] {taskinstance.py:3503} INFO - 1 downstream tasks scheduled from follow-on schedule check
[2026-06-20T05:39:25.875+0000] {local_task_job_runner.py:222} INFO - ::endgroup::
[2026-06-20T16:55:01.993+0000] {local_task_job_runner.py:120} INFO - ::group::Pre task execution logs
[2026-06-20T16:55:02.007+0000] {taskinstance.py:2076} INFO - Dependencies all met for dep_context=non-requeueable deps ti=<TaskInstance: credit_default_ml_pipeline.label_pipeline.label_silver_lms scheduled__2023-02-01T00:00:00+00:00 [queued]>
[2026-06-20T16:55:02.011+0000] {taskinstance.py:2076} INFO - Dependencies all met for dep_context=requeueable deps ti=<TaskInstance: credit_default_ml_pipeline.label_pipeline.label_silver_lms scheduled__2023-02-01T00:00:00+00:00 [queued]>
[2026-06-20T16:55:02.012+0000] {taskinstance.py:2306} INFO - Starting attempt 2 of 2
[2026-06-20T16:55:02.016+0000] {taskinstance.py:2330} INFO - Executing <Task(BashOperator): label_pipeline.label_silver_lms> on 2023-02-01 00:00:00+00:00
[2026-06-20T16:55:02.021+0000] {logging_mixin.py:188} WARNING - /home/***/.local/lib/python3.12/site-packages/***/task/task_runner/standard_task_runner.py:62 DeprecationWarning: This process (pid=71682) is multi-threaded, use of fork() may lead to deadlocks in the child.
[2026-06-20T16:55:02.021+0000] {standard_task_runner.py:90} INFO - Running: ['***', 'tasks', 'run', 'credit_default_ml_pipeline', 'label_pipeline.label_silver_lms', 'scheduled__2023-02-01T00:00:00+00:00', '--job-id', '2922', '--raw', '--subdir', 'DAGS_FOLDER/dag.py', '--cfg-path', '/tmp/tmp6xk10f7m']
[2026-06-20T16:55:02.022+0000] {standard_task_runner.py:64} INFO - Started process 71684 to run task
[2026-06-20T16:55:02.022+0000] {standard_task_runner.py:91} INFO - Job 2922: Subtask label_pipeline.label_silver_lms
[2026-06-20T16:55:02.156+0000] {task_command.py:426} INFO - Running <TaskInstance: credit_default_ml_pipeline.label_pipeline.label_silver_lms scheduled__2023-02-01T00:00:00+00:00 [running]> on host 9cf341f51c89
[2026-06-20T16:55:02.182+0000] {taskinstance.py:2648} INFO - Exporting env vars: AIRFLOW_CTX_DAG_OWNER='***' AIRFLOW_CTX_DAG_ID='credit_default_ml_pipeline' AIRFLOW_CTX_TASK_ID='label_pipeline.label_silver_lms' AIRFLOW_CTX_EXECUTION_DATE='2023-02-01T00:00:00+00:00' AIRFLOW_CTX_TRY_NUMBER='2' AIRFLOW_CTX_DAG_RUN_ID='scheduled__2023-02-01T00:00:00+00:00'
[2026-06-20T16:55:02.183+0000] {taskinstance.py:430} INFO - ::endgroup::
[2026-06-20T16:55:02.187+0000] {subprocess.py:63} INFO - Tmp dir root location: /tmp
[2026-06-20T16:55:02.188+0000] {subprocess.py:75} INFO - Running command: ['/usr/bin/bash', '-c', 'cd /opt/***/scripts && python3 silver_processing.py --snapshotdate "2023-02-01" --source lms']
[2026-06-20T16:55:02.193+0000] {subprocess.py:86} INFO - Output:
[2026-06-20T16:55:03.165+0000] {subprocess.py:93} INFO - Setting default log level to "WARN".
[2026-06-20T16:55:03.166+0000] {subprocess.py:93} INFO - To adjust logging level use sc.setLogLevel(newLevel). For SparkR, use setLogLevel(newLevel).
[2026-06-20T16:55:03.249+0000] {subprocess.py:93} INFO - 26/06/20 16:55:03 WARN NativeCodeLoader: Unable to load native-hadoop library for your platform... using builtin-java classes where applicable
[2026-06-20T16:55:06.162+0000] {subprocess.py:93} INFO - 
[2026-06-20T16:55:06.163+0000] {subprocess.py:93} INFO - --- silver lms 2023-02-01 ---
[2026-06-20T16:55:06.165+0000] {subprocess.py:93} INFO - 
[2026-06-20T16:55:06.165+0000] {subprocess.py:93} INFO - [silver:lms] loaded datamart/bronze/lms/bronze_lms_2023_02_01.csv rows: 1031
[2026-06-20T16:55:06.166+0000] {subprocess.py:93} INFO - [silver:lms] cleared stale partition: datamart/silver/lms/2023_02_01.parquet
[2026-06-20T16:55:06.166+0000] {subprocess.py:93} INFO - [silver:lms] saved to: datamart/silver/lms/2023_02_01.parquet
[2026-06-20T16:55:06.166+0000] {subprocess.py:93} INFO - 
[2026-06-20T16:55:06.167+0000] {subprocess.py:93} INFO - --- done ---
[2026-06-20T16:55:06.167+0000] {subprocess.py:93} INFO - 
[2026-06-20T16:55:06.600+0000] {subprocess.py:97} INFO - Command exited with return code 0
[2026-06-20T16:55:06.602+0000] {taskinstance.py:441} INFO - ::group::Post task execution logs
[2026-06-20T16:55:06.622+0000] {taskinstance.py:1206} INFO - Marking task as SUCCESS. dag_id=credit_default_ml_pipeline, task_id=label_pipeline.label_silver_lms, run_id=scheduled__2023-02-01T00:00:00+00:00, execution_date=20230201T000000, start_date=20260620T165502, end_date=20260620T165506
[2026-06-20T16:55:06.650+0000] {local_task_job_runner.py:243} INFO - Task exited with return code 0
[2026-06-20T16:55:06.758+0000] {taskinstance.py:3503} INFO - 1 downstream tasks scheduled from follow-on schedule check
[2026-06-20T16:55:06.759+0000] {local_task_job_runner.py:222} INFO - ::endgroup::
[2026-06-20T17:07:29.708+0000] {local_task_job_runner.py:120} INFO - ::group::Pre task execution logs
[2026-06-20T17:07:29.720+0000] {taskinstance.py:2076} INFO - Dependencies all met for dep_context=non-requeueable deps ti=<TaskInstance: credit_default_ml_pipeline.label_pipeline.label_silver_lms scheduled__2023-02-01T00:00:00+00:00 [queued]>
[2026-06-20T17:07:29.723+0000] {taskinstance.py:2076} INFO - Dependencies all met for dep_context=requeueable deps ti=<TaskInstance: credit_default_ml_pipeline.label_pipeline.label_silver_lms scheduled__2023-02-01T00:00:00+00:00 [queued]>
[2026-06-20T17:07:29.723+0000] {taskinstance.py:2306} INFO - Starting attempt 2 of 2
[2026-06-20T17:07:29.728+0000] {taskinstance.py:2330} INFO - Executing <Task(BashOperator): label_pipeline.label_silver_lms> on 2023-02-01 00:00:00+00:00
[2026-06-20T17:07:29.731+0000] {logging_mixin.py:188} WARNING - /home/***/.local/lib/python3.12/site-packages/***/task/task_runner/standard_task_runner.py:62 DeprecationWarning: This process (pid=5682) is multi-threaded, use of fork() may lead to deadlocks in the child.
[2026-06-20T17:07:29.732+0000] {standard_task_runner.py:64} INFO - Started process 5684 to run task
[2026-06-20T17:07:29.731+0000] {standard_task_runner.py:90} INFO - Running: ['***', 'tasks', 'run', 'credit_default_ml_pipeline', 'label_pipeline.label_silver_lms', 'scheduled__2023-02-01T00:00:00+00:00', '--job-id', '3011', '--raw', '--subdir', 'DAGS_FOLDER/dag.py', '--cfg-path', '/tmp/tmp5z08hhgq']
[2026-06-20T17:07:29.734+0000] {standard_task_runner.py:91} INFO - Job 3011: Subtask label_pipeline.label_silver_lms
[2026-06-20T17:07:29.828+0000] {task_command.py:426} INFO - Running <TaskInstance: credit_default_ml_pipeline.label_pipeline.label_silver_lms scheduled__2023-02-01T00:00:00+00:00 [running]> on host 9cf341f51c89
[2026-06-20T17:07:29.850+0000] {taskinstance.py:2648} INFO - Exporting env vars: AIRFLOW_CTX_DAG_OWNER='***' AIRFLOW_CTX_DAG_ID='credit_default_ml_pipeline' AIRFLOW_CTX_TASK_ID='label_pipeline.label_silver_lms' AIRFLOW_CTX_EXECUTION_DATE='2023-02-01T00:00:00+00:00' AIRFLOW_CTX_TRY_NUMBER='2' AIRFLOW_CTX_DAG_RUN_ID='scheduled__2023-02-01T00:00:00+00:00'
[2026-06-20T17:07:29.852+0000] {taskinstance.py:430} INFO - ::endgroup::
[2026-06-20T17:07:29.856+0000] {subprocess.py:63} INFO - Tmp dir root location: /tmp
[2026-06-20T17:07:29.857+0000] {subprocess.py:75} INFO - Running command: ['/usr/bin/bash', '-c', 'cd /opt/***/scripts && python3 silver_processing.py --snapshotdate "2023-02-01" --source lms']
[2026-06-20T17:07:29.860+0000] {subprocess.py:86} INFO - Output:
[2026-06-20T17:07:30.684+0000] {subprocess.py:93} INFO - Setting default log level to "WARN".
[2026-06-20T17:07:30.685+0000] {subprocess.py:93} INFO - To adjust logging level use sc.setLogLevel(newLevel). For SparkR, use setLogLevel(newLevel).
[2026-06-20T17:07:30.787+0000] {subprocess.py:93} INFO - 26/06/20 17:07:30 WARN NativeCodeLoader: Unable to load native-hadoop library for your platform... using builtin-java classes where applicable
[2026-06-20T17:07:33.654+0000] {subprocess.py:93} INFO - 
[2026-06-20T17:07:33.655+0000] {subprocess.py:93} INFO - --- silver lms 2023-02-01 ---
[2026-06-20T17:07:33.655+0000] {subprocess.py:93} INFO - 
[2026-06-20T17:07:33.656+0000] {subprocess.py:93} INFO - [silver:lms] loaded datamart/bronze/lms/bronze_lms_2023_02_01.csv rows: 1031
[2026-06-20T17:07:33.657+0000] {subprocess.py:93} INFO - [silver:lms] cleared stale partition: datamart/silver/lms/2023_02_01.parquet
[2026-06-20T17:07:33.657+0000] {subprocess.py:93} INFO - [silver:lms] saved to: datamart/silver/lms/2023_02_01.parquet
[2026-06-20T17:07:33.657+0000] {subprocess.py:93} INFO - 
[2026-06-20T17:07:33.658+0000] {subprocess.py:93} INFO - --- done ---
[2026-06-20T17:07:33.658+0000] {subprocess.py:93} INFO - 
[2026-06-20T17:07:34.085+0000] {subprocess.py:97} INFO - Command exited with return code 0
[2026-06-20T17:07:34.087+0000] {taskinstance.py:441} INFO - ::group::Post task execution logs
[2026-06-20T17:07:34.108+0000] {taskinstance.py:1206} INFO - Marking task as SUCCESS. dag_id=credit_default_ml_pipeline, task_id=label_pipeline.label_silver_lms, run_id=scheduled__2023-02-01T00:00:00+00:00, execution_date=20230201T000000, start_date=20260620T170729, end_date=20260620T170734
[2026-06-20T17:07:34.148+0000] {local_task_job_runner.py:243} INFO - Task exited with return code 0
[2026-06-20T17:07:34.243+0000] {taskinstance.py:3503} INFO - 1 downstream tasks scheduled from follow-on schedule check
[2026-06-20T17:07:34.245+0000] {local_task_job_runner.py:222} INFO - ::endgroup::
[2026-06-21T01:32:56.175+0000] {local_task_job_runner.py:120} INFO - ::group::Pre task execution logs
[2026-06-21T01:32:56.193+0000] {taskinstance.py:2076} INFO - Dependencies all met for dep_context=non-requeueable deps ti=<TaskInstance: credit_default_ml_pipeline.label_pipeline.label_silver_lms scheduled__2023-02-01T00:00:00+00:00 [queued]>
[2026-06-21T01:32:56.197+0000] {taskinstance.py:2076} INFO - Dependencies all met for dep_context=requeueable deps ti=<TaskInstance: credit_default_ml_pipeline.label_pipeline.label_silver_lms scheduled__2023-02-01T00:00:00+00:00 [queued]>
[2026-06-21T01:32:56.198+0000] {taskinstance.py:2306} INFO - Starting attempt 2 of 2
[2026-06-21T01:32:56.202+0000] {taskinstance.py:2330} INFO - Executing <Task(BashOperator): label_pipeline.label_silver_lms> on 2023-02-01 00:00:00+00:00
[2026-06-21T01:32:56.205+0000] {logging_mixin.py:188} WARNING - /home/***/.local/lib/python3.12/site-packages/***/task/task_runner/standard_task_runner.py:62 DeprecationWarning: This process (pid=6254) is multi-threaded, use of fork() may lead to deadlocks in the child.
[2026-06-21T01:32:56.206+0000] {standard_task_runner.py:64} INFO - Started process 6256 to run task
[2026-06-21T01:32:56.206+0000] {standard_task_runner.py:90} INFO - Running: ['***', 'tasks', 'run', 'credit_default_ml_pipeline', 'label_pipeline.label_silver_lms', 'scheduled__2023-02-01T00:00:00+00:00', '--job-id', '3475', '--raw', '--subdir', 'DAGS_FOLDER/dag.py', '--cfg-path', '/tmp/tmpram_rj4r']
[2026-06-21T01:32:56.207+0000] {standard_task_runner.py:91} INFO - Job 3475: Subtask label_pipeline.label_silver_lms
[2026-06-21T01:32:56.231+0000] {task_command.py:426} INFO - Running <TaskInstance: credit_default_ml_pipeline.label_pipeline.label_silver_lms scheduled__2023-02-01T00:00:00+00:00 [running]> on host f6e9e2801916
[2026-06-21T01:32:56.345+0000] {taskinstance.py:2648} INFO - Exporting env vars: AIRFLOW_CTX_DAG_OWNER='***' AIRFLOW_CTX_DAG_ID='credit_default_ml_pipeline' AIRFLOW_CTX_TASK_ID='label_pipeline.label_silver_lms' AIRFLOW_CTX_EXECUTION_DATE='2023-02-01T00:00:00+00:00' AIRFLOW_CTX_TRY_NUMBER='2' AIRFLOW_CTX_DAG_RUN_ID='scheduled__2023-02-01T00:00:00+00:00'
[2026-06-21T01:32:56.347+0000] {taskinstance.py:430} INFO - ::endgroup::
[2026-06-21T01:32:56.351+0000] {subprocess.py:63} INFO - Tmp dir root location: /tmp
[2026-06-21T01:32:56.352+0000] {subprocess.py:75} INFO - Running command: ['/usr/bin/bash', '-c', 'cd /opt/***/scripts && python3 silver_processing.py --snapshotdate "2023-02-01" --source lms']
[2026-06-21T01:32:56.356+0000] {subprocess.py:86} INFO - Output:
[2026-06-21T01:32:57.226+0000] {subprocess.py:93} INFO - Setting default log level to "WARN".
[2026-06-21T01:32:57.227+0000] {subprocess.py:93} INFO - To adjust logging level use sc.setLogLevel(newLevel). For SparkR, use setLogLevel(newLevel).
[2026-06-21T01:32:57.299+0000] {subprocess.py:93} INFO - 26/06/21 01:32:57 WARN NativeCodeLoader: Unable to load native-hadoop library for your platform... using builtin-java classes where applicable
[2026-06-21T01:33:00.177+0000] {subprocess.py:93} INFO - 
[2026-06-21T01:33:00.177+0000] {subprocess.py:93} INFO - --- silver lms 2023-02-01 ---
[2026-06-21T01:33:00.178+0000] {subprocess.py:93} INFO - 
[2026-06-21T01:33:00.179+0000] {subprocess.py:93} INFO - [silver:lms] loaded datamart/bronze/lms/bronze_lms_2023_02_01.csv rows: 1031
[2026-06-21T01:33:00.179+0000] {subprocess.py:93} INFO - [silver:lms] cleared stale partition: datamart/silver/lms/2023_02_01.parquet
[2026-06-21T01:33:00.180+0000] {subprocess.py:93} INFO - [silver:lms] saved to: datamart/silver/lms/2023_02_01.parquet
[2026-06-21T01:33:00.180+0000] {subprocess.py:93} INFO - 
[2026-06-21T01:33:00.181+0000] {subprocess.py:93} INFO - --- done ---
[2026-06-21T01:33:00.182+0000] {subprocess.py:93} INFO - 
[2026-06-21T01:33:00.614+0000] {subprocess.py:97} INFO - Command exited with return code 0
[2026-06-21T01:33:00.616+0000] {taskinstance.py:441} INFO - ::group::Post task execution logs
[2026-06-21T01:33:00.633+0000] {taskinstance.py:1206} INFO - Marking task as SUCCESS. dag_id=credit_default_ml_pipeline, task_id=label_pipeline.label_silver_lms, run_id=scheduled__2023-02-01T00:00:00+00:00, execution_date=20230201T000000, start_date=20260621T013256, end_date=20260621T013300
[2026-06-21T01:33:00.668+0000] {local_task_job_runner.py:243} INFO - Task exited with return code 0
[2026-06-21T01:33:00.687+0000] {taskinstance.py:3503} INFO - 1 downstream tasks scheduled from follow-on schedule check
[2026-06-21T01:33:00.689+0000] {local_task_job_runner.py:222} INFO - ::endgroup::
[2026-06-21T05:29:23.304+0000] {local_task_job_runner.py:120} INFO - ::group::Pre task execution logs
[2026-06-21T05:29:23.316+0000] {taskinstance.py:2076} INFO - Dependencies all met for dep_context=non-requeueable deps ti=<TaskInstance: credit_default_ml_pipeline.label_pipeline.label_silver_lms scheduled__2023-02-01T00:00:00+00:00 [queued]>
[2026-06-21T05:29:23.320+0000] {taskinstance.py:2076} INFO - Dependencies all met for dep_context=requeueable deps ti=<TaskInstance: credit_default_ml_pipeline.label_pipeline.label_silver_lms scheduled__2023-02-01T00:00:00+00:00 [queued]>
[2026-06-21T05:29:23.320+0000] {taskinstance.py:2306} INFO - Starting attempt 2 of 2
[2026-06-21T05:29:23.326+0000] {taskinstance.py:2330} INFO - Executing <Task(BashOperator): label_pipeline.label_silver_lms> on 2023-02-01 00:00:00+00:00
[2026-06-21T05:29:23.329+0000] {logging_mixin.py:188} WARNING - /home/***/.local/lib/python3.12/site-packages/***/task/task_runner/standard_task_runner.py:62 DeprecationWarning: This process (pid=6236) is multi-threaded, use of fork() may lead to deadlocks in the child.
[2026-06-21T05:29:23.330+0000] {standard_task_runner.py:64} INFO - Started process 6238 to run task
[2026-06-21T05:29:23.329+0000] {standard_task_runner.py:90} INFO - Running: ['***', 'tasks', 'run', 'credit_default_ml_pipeline', 'label_pipeline.label_silver_lms', 'scheduled__2023-02-01T00:00:00+00:00', '--job-id', '3940', '--raw', '--subdir', 'DAGS_FOLDER/dag.py', '--cfg-path', '/tmp/tmpdyo1al5o']
[2026-06-21T05:29:23.331+0000] {standard_task_runner.py:91} INFO - Job 3940: Subtask label_pipeline.label_silver_lms
[2026-06-21T05:29:23.430+0000] {task_command.py:426} INFO - Running <TaskInstance: credit_default_ml_pipeline.label_pipeline.label_silver_lms scheduled__2023-02-01T00:00:00+00:00 [running]> on host 9377a3f0491f
[2026-06-21T05:29:23.455+0000] {taskinstance.py:2648} INFO - Exporting env vars: AIRFLOW_CTX_DAG_OWNER='***' AIRFLOW_CTX_DAG_ID='credit_default_ml_pipeline' AIRFLOW_CTX_TASK_ID='label_pipeline.label_silver_lms' AIRFLOW_CTX_EXECUTION_DATE='2023-02-01T00:00:00+00:00' AIRFLOW_CTX_TRY_NUMBER='2' AIRFLOW_CTX_DAG_RUN_ID='scheduled__2023-02-01T00:00:00+00:00'
[2026-06-21T05:29:23.456+0000] {taskinstance.py:430} INFO - ::endgroup::
[2026-06-21T05:29:23.461+0000] {subprocess.py:63} INFO - Tmp dir root location: /tmp
[2026-06-21T05:29:23.461+0000] {subprocess.py:75} INFO - Running command: ['/usr/bin/bash', '-c', 'cd /opt/***/scripts && python3 silver_processing.py --snapshotdate "2023-02-01" --source lms']
[2026-06-21T05:29:23.465+0000] {subprocess.py:86} INFO - Output:
[2026-06-21T05:29:24.295+0000] {subprocess.py:93} INFO - Setting default log level to "WARN".
[2026-06-21T05:29:24.296+0000] {subprocess.py:93} INFO - To adjust logging level use sc.setLogLevel(newLevel). For SparkR, use setLogLevel(newLevel).
[2026-06-21T05:29:24.391+0000] {subprocess.py:93} INFO - 26/06/21 05:29:24 WARN NativeCodeLoader: Unable to load native-hadoop library for your platform... using builtin-java classes where applicable
[2026-06-21T05:29:27.263+0000] {subprocess.py:93} INFO - 
[2026-06-21T05:29:27.264+0000] {subprocess.py:93} INFO - --- silver lms 2023-02-01 ---
[2026-06-21T05:29:27.264+0000] {subprocess.py:93} INFO - 
[2026-06-21T05:29:27.265+0000] {subprocess.py:93} INFO - [silver:lms] loaded datamart/bronze/lms/bronze_lms_2023_02_01.csv rows: 1031
[2026-06-21T05:29:27.266+0000] {subprocess.py:93} INFO - [silver:lms] cleared stale partition: datamart/silver/lms/2023_02_01.parquet
[2026-06-21T05:29:27.266+0000] {subprocess.py:93} INFO - [silver:lms] saved to: datamart/silver/lms/2023_02_01.parquet
[2026-06-21T05:29:27.267+0000] {subprocess.py:93} INFO - 
[2026-06-21T05:29:27.267+0000] {subprocess.py:93} INFO - --- done ---
[2026-06-21T05:29:27.268+0000] {subprocess.py:93} INFO - 
[2026-06-21T05:29:27.696+0000] {subprocess.py:97} INFO - Command exited with return code 0
[2026-06-21T05:29:27.698+0000] {taskinstance.py:441} INFO - ::group::Post task execution logs
[2026-06-21T05:29:27.717+0000] {taskinstance.py:1206} INFO - Marking task as SUCCESS. dag_id=credit_default_ml_pipeline, task_id=label_pipeline.label_silver_lms, run_id=scheduled__2023-02-01T00:00:00+00:00, execution_date=20230201T000000, start_date=20260621T052923, end_date=20260621T052927
[2026-06-21T05:29:27.744+0000] {local_task_job_runner.py:243} INFO - Task exited with return code 0
[2026-06-21T05:29:27.839+0000] {taskinstance.py:3503} INFO - 1 downstream tasks scheduled from follow-on schedule check
[2026-06-21T05:29:27.840+0000] {local_task_job_runner.py:222} INFO - ::endgroup::
