[2026-06-17T01:04:24.383+0000] {local_task_job_runner.py:120} INFO - ::group::Pre task execution logs
[2026-06-17T01:04:24.398+0000] {taskinstance.py:2076} INFO - Dependencies all met for dep_context=non-requeueable deps ti=<TaskInstance: credit_default_ml_pipeline.monitoring.champion_monitor scheduled__2023-12-01T00:00:00+00:00 [queued]>
[2026-06-17T01:04:24.404+0000] {taskinstance.py:2076} INFO - Dependencies all met for dep_context=requeueable deps ti=<TaskInstance: credit_default_ml_pipeline.monitoring.champion_monitor scheduled__2023-12-01T00:00:00+00:00 [queued]>
[2026-06-17T01:04:24.405+0000] {taskinstance.py:2306} INFO - Starting attempt 1 of 2
[2026-06-17T01:04:24.411+0000] {taskinstance.py:2330} INFO - Executing <Task(BashOperator): monitoring.champion_monitor> on 2023-12-01 00:00:00+00:00
[2026-06-17T01:04:24.415+0000] {logging_mixin.py:188} WARNING - /home/***/.local/lib/python3.12/site-packages/***/task/task_runner/standard_task_runner.py:62 DeprecationWarning: This process (pid=77872) is multi-threaded, use of fork() may lead to deadlocks in the child.
[2026-06-17T01:04:24.415+0000] {standard_task_runner.py:90} INFO - Running: ['***', 'tasks', 'run', 'credit_default_ml_pipeline', 'monitoring.champion_monitor', 'scheduled__2023-12-01T00:00:00+00:00', '--job-id', '613', '--raw', '--subdir', 'DAGS_FOLDER/dag.py', '--cfg-path', '/tmp/tmp9hg257d5']
[2026-06-17T01:04:24.416+0000] {standard_task_runner.py:64} INFO - Started process 77873 to run task
[2026-06-17T01:04:24.417+0000] {standard_task_runner.py:91} INFO - Job 613: Subtask monitoring.champion_monitor
[2026-06-17T01:04:24.438+0000] {task_command.py:426} INFO - Running <TaskInstance: credit_default_ml_pipeline.monitoring.champion_monitor scheduled__2023-12-01T00:00:00+00:00 [running]> on host 2b9b50b7433d
[2026-06-17T01:04:24.468+0000] {taskinstance.py:2648} INFO - Exporting env vars: AIRFLOW_CTX_DAG_OWNER='***' AIRFLOW_CTX_DAG_ID='credit_default_ml_pipeline' AIRFLOW_CTX_TASK_ID='monitoring.champion_monitor' AIRFLOW_CTX_EXECUTION_DATE='2023-12-01T00:00:00+00:00' AIRFLOW_CTX_TRY_NUMBER='1' AIRFLOW_CTX_DAG_RUN_ID='scheduled__2023-12-01T00:00:00+00:00'
[2026-06-17T01:04:24.469+0000] {taskinstance.py:430} INFO - ::endgroup::
[2026-06-17T01:04:24.473+0000] {subprocess.py:63} INFO - Tmp dir root location: /tmp
[2026-06-17T01:04:24.475+0000] {subprocess.py:75} INFO - Running command: ['/usr/bin/bash', '-c', 'cd /opt/***/scripts && python3 model_monitor.py --snapshotdate "2023-12-01" --modelname "credit_xgb_2024_09_01.pkl"']
[2026-06-17T01:04:24.479+0000] {subprocess.py:86} INFO - Output:
[2026-06-17T01:04:25.226+0000] {subprocess.py:93} INFO - 
[2026-06-17T01:04:25.226+0000] {subprocess.py:93} INFO - --- monitoring credit_xgb_2024_09_01.pkl ---
[2026-06-17T01:04:25.227+0000] {subprocess.py:93} INFO - 
[2026-06-17T01:04:25.227+0000] {subprocess.py:93} INFO - model credit_xgb_2024_09_01.pkl not in bank yet; skipping monitoring.
[2026-06-17T01:04:25.334+0000] {subprocess.py:97} INFO - Command exited with return code 0
[2026-06-17T01:04:25.335+0000] {taskinstance.py:441} INFO - ::group::Post task execution logs
[2026-06-17T01:04:25.348+0000] {taskinstance.py:1206} INFO - Marking task as SUCCESS. dag_id=credit_default_ml_pipeline, task_id=monitoring.champion_monitor, run_id=scheduled__2023-12-01T00:00:00+00:00, execution_date=20231201T000000, start_date=20260617T010424, end_date=20260617T010425
[2026-06-17T01:04:25.381+0000] {local_task_job_runner.py:243} INFO - Task exited with return code 0
[2026-06-17T01:04:25.390+0000] {local_task_job_runner.py:222} INFO - ::endgroup::
