[2026-06-20T05:50:30.916+0000] {local_task_job_runner.py:120} INFO - ::group::Pre task execution logs
[2026-06-20T05:50:30.930+0000] {taskinstance.py:2076} INFO - Dependencies all met for dep_context=non-requeueable deps ti=<TaskInstance: credit_default_ml_pipeline.monitoring.logreg_monitor scheduled__2023-06-01T00:00:00+00:00 [queued]>
[2026-06-20T05:50:30.934+0000] {taskinstance.py:2076} INFO - Dependencies all met for dep_context=requeueable deps ti=<TaskInstance: credit_default_ml_pipeline.monitoring.logreg_monitor scheduled__2023-06-01T00:00:00+00:00 [queued]>
[2026-06-20T05:50:30.934+0000] {taskinstance.py:2306} INFO - Starting attempt 1 of 2
[2026-06-20T05:50:31.023+0000] {taskinstance.py:2330} INFO - Executing <Task(BashOperator): monitoring.logreg_monitor> on 2023-06-01 00:00:00+00:00
[2026-06-20T05:50:31.027+0000] {logging_mixin.py:188} WARNING - /home/***/.local/lib/python3.12/site-packages/***/task/task_runner/standard_task_runner.py:62 DeprecationWarning: This process (pid=29503) is multi-threaded, use of fork() may lead to deadlocks in the child.
[2026-06-20T05:50:31.028+0000] {standard_task_runner.py:64} INFO - Started process 29511 to run task
[2026-06-20T05:50:31.027+0000] {standard_task_runner.py:90} INFO - Running: ['***', 'tasks', 'run', 'credit_default_ml_pipeline', 'monitoring.logreg_monitor', 'scheduled__2023-06-01T00:00:00+00:00', '--job-id', '1552', '--raw', '--subdir', 'DAGS_FOLDER/dag.py', '--cfg-path', '/tmp/tmpdyr6znrs']
[2026-06-20T05:50:31.029+0000] {standard_task_runner.py:91} INFO - Job 1552: Subtask monitoring.logreg_monitor
[2026-06-20T05:50:31.050+0000] {task_command.py:426} INFO - Running <TaskInstance: credit_default_ml_pipeline.monitoring.logreg_monitor scheduled__2023-06-01T00:00:00+00:00 [running]> on host 9cf341f51c89
[2026-06-20T05:50:31.077+0000] {taskinstance.py:2648} INFO - Exporting env vars: AIRFLOW_CTX_DAG_OWNER='***' AIRFLOW_CTX_DAG_ID='credit_default_ml_pipeline' AIRFLOW_CTX_TASK_ID='monitoring.logreg_monitor' AIRFLOW_CTX_EXECUTION_DATE='2023-06-01T00:00:00+00:00' AIRFLOW_CTX_TRY_NUMBER='1' AIRFLOW_CTX_DAG_RUN_ID='scheduled__2023-06-01T00:00:00+00:00'
[2026-06-20T05:50:31.078+0000] {taskinstance.py:430} INFO - ::endgroup::
[2026-06-20T05:50:31.082+0000] {subprocess.py:63} INFO - Tmp dir root location: /tmp
[2026-06-20T05:50:31.083+0000] {subprocess.py:75} INFO - Running command: ['/usr/bin/bash', '-c', 'cd /opt/***/scripts && if [ ! -f model_bank/champion.txt ]; then echo \'[SKIP] no champion.txt for 2023-06-01\'; exit 0; fi && python3 model_monitor.py --snapshotdate "2023-06-01" --modelname "credit_logreg_2024_09_01.pkl"']
[2026-06-20T05:50:31.086+0000] {subprocess.py:86} INFO - Output:
[2026-06-20T05:50:31.088+0000] {subprocess.py:93} INFO - [SKIP] no champion.txt for 2023-06-01
[2026-06-20T05:50:31.088+0000] {subprocess.py:97} INFO - Command exited with return code 0
[2026-06-20T05:50:31.089+0000] {taskinstance.py:441} INFO - ::group::Post task execution logs
[2026-06-20T05:50:31.099+0000] {taskinstance.py:1206} INFO - Marking task as SUCCESS. dag_id=credit_default_ml_pipeline, task_id=monitoring.logreg_monitor, run_id=scheduled__2023-06-01T00:00:00+00:00, execution_date=20230601T000000, start_date=20260620T055030, end_date=20260620T055031
[2026-06-20T05:50:31.126+0000] {local_task_job_runner.py:243} INFO - Task exited with return code 0
[2026-06-20T05:50:31.131+0000] {local_task_job_runner.py:222} INFO - ::endgroup::
[2026-06-20T06:58:04.666+0000] {local_task_job_runner.py:120} INFO - ::group::Pre task execution logs
[2026-06-20T06:58:04.697+0000] {taskinstance.py:2076} INFO - Dependencies all met for dep_context=non-requeueable deps ti=<TaskInstance: credit_default_ml_pipeline.monitoring.logreg_monitor scheduled__2023-06-01T00:00:00+00:00 [queued]>
[2026-06-20T06:58:04.708+0000] {taskinstance.py:2076} INFO - Dependencies all met for dep_context=requeueable deps ti=<TaskInstance: credit_default_ml_pipeline.monitoring.logreg_monitor scheduled__2023-06-01T00:00:00+00:00 [queued]>
[2026-06-20T06:58:04.709+0000] {taskinstance.py:2306} INFO - Starting attempt 1 of 2
[2026-06-20T06:58:04.883+0000] {taskinstance.py:2330} INFO - Executing <Task(BashOperator): monitoring.logreg_monitor> on 2023-06-01 00:00:00+00:00
[2026-06-20T06:58:04.893+0000] {logging_mixin.py:188} WARNING - /home/***/.local/lib/python3.12/site-packages/***/task/task_runner/standard_task_runner.py:62 DeprecationWarning: This process (pid=82342) is multi-threaded, use of fork() may lead to deadlocks in the child.
[2026-06-20T06:58:04.896+0000] {standard_task_runner.py:64} INFO - Started process 82348 to run task
[2026-06-20T06:58:04.894+0000] {standard_task_runner.py:90} INFO - Running: ['***', 'tasks', 'run', 'credit_default_ml_pipeline', 'monitoring.logreg_monitor', 'scheduled__2023-06-01T00:00:00+00:00', '--job-id', '1864', '--raw', '--subdir', 'DAGS_FOLDER/dag.py', '--cfg-path', '/tmp/tmp5d8ncxej']
[2026-06-20T06:58:04.898+0000] {standard_task_runner.py:91} INFO - Job 1864: Subtask monitoring.logreg_monitor
[2026-06-20T06:58:04.940+0000] {task_command.py:426} INFO - Running <TaskInstance: credit_default_ml_pipeline.monitoring.logreg_monitor scheduled__2023-06-01T00:00:00+00:00 [running]> on host 9cf341f51c89
[2026-06-20T06:58:05.010+0000] {taskinstance.py:2648} INFO - Exporting env vars: AIRFLOW_CTX_DAG_OWNER='***' AIRFLOW_CTX_DAG_ID='credit_default_ml_pipeline' AIRFLOW_CTX_TASK_ID='monitoring.logreg_monitor' AIRFLOW_CTX_EXECUTION_DATE='2023-06-01T00:00:00+00:00' AIRFLOW_CTX_TRY_NUMBER='1' AIRFLOW_CTX_DAG_RUN_ID='scheduled__2023-06-01T00:00:00+00:00'
[2026-06-20T06:58:05.011+0000] {taskinstance.py:430} INFO - ::endgroup::
[2026-06-20T06:58:05.022+0000] {subprocess.py:63} INFO - Tmp dir root location: /tmp
[2026-06-20T06:58:05.023+0000] {subprocess.py:75} INFO - Running command: ['/usr/bin/bash', '-c', 'cd /opt/***/scripts && if [ ! -f model_bank/champion.txt ]; then echo \'[SKIP] no champion.txt for 2023-06-01\'; exit 0; fi && python3 model_monitor.py --snapshotdate "2023-06-01" --modelname "credit_logreg_2024_09_01.pkl"']
[2026-06-20T06:58:05.031+0000] {subprocess.py:86} INFO - Output:
[2026-06-20T06:58:05.033+0000] {subprocess.py:93} INFO - [SKIP] no champion.txt for 2023-06-01
[2026-06-20T06:58:05.034+0000] {subprocess.py:97} INFO - Command exited with return code 0
[2026-06-20T06:58:05.035+0000] {taskinstance.py:441} INFO - ::group::Post task execution logs
[2026-06-20T06:58:05.055+0000] {taskinstance.py:1206} INFO - Marking task as SUCCESS. dag_id=credit_default_ml_pipeline, task_id=monitoring.logreg_monitor, run_id=scheduled__2023-06-01T00:00:00+00:00, execution_date=20230601T000000, start_date=20260620T065804, end_date=20260620T065805
[2026-06-20T06:58:05.078+0000] {local_task_job_runner.py:243} INFO - Task exited with return code 0
[2026-06-20T06:58:05.102+0000] {taskinstance.py:3503} INFO - 0 downstream tasks scheduled from follow-on schedule check
[2026-06-20T06:58:05.104+0000] {local_task_job_runner.py:222} INFO - ::endgroup::
[2026-06-20T07:26:33.410+0000] {local_task_job_runner.py:120} INFO - ::group::Pre task execution logs
[2026-06-20T07:26:33.424+0000] {taskinstance.py:2076} INFO - Dependencies all met for dep_context=non-requeueable deps ti=<TaskInstance: credit_default_ml_pipeline.monitoring.logreg_monitor scheduled__2023-06-01T00:00:00+00:00 [queued]>
[2026-06-20T07:26:33.429+0000] {taskinstance.py:2076} INFO - Dependencies all met for dep_context=requeueable deps ti=<TaskInstance: credit_default_ml_pipeline.monitoring.logreg_monitor scheduled__2023-06-01T00:00:00+00:00 [queued]>
[2026-06-20T07:26:33.429+0000] {taskinstance.py:2306} INFO - Starting attempt 1 of 2
[2026-06-20T07:26:33.513+0000] {taskinstance.py:2330} INFO - Executing <Task(BashOperator): monitoring.logreg_monitor> on 2023-06-01 00:00:00+00:00
[2026-06-20T07:26:33.517+0000] {logging_mixin.py:188} WARNING - /home/***/.local/lib/python3.12/site-packages/***/task/task_runner/standard_task_runner.py:62 DeprecationWarning: This process (pid=14055) is multi-threaded, use of fork() may lead to deadlocks in the child.
[2026-06-20T07:26:33.518+0000] {standard_task_runner.py:64} INFO - Started process 14060 to run task
[2026-06-20T07:26:33.517+0000] {standard_task_runner.py:90} INFO - Running: ['***', 'tasks', 'run', 'credit_default_ml_pipeline', 'monitoring.logreg_monitor', 'scheduled__2023-06-01T00:00:00+00:00', '--job-id', '2046', '--raw', '--subdir', 'DAGS_FOLDER/dag.py', '--cfg-path', '/tmp/tmpsp9167c2']
[2026-06-20T07:26:33.519+0000] {standard_task_runner.py:91} INFO - Job 2046: Subtask monitoring.logreg_monitor
[2026-06-20T07:26:33.543+0000] {task_command.py:426} INFO - Running <TaskInstance: credit_default_ml_pipeline.monitoring.logreg_monitor scheduled__2023-06-01T00:00:00+00:00 [running]> on host 9cf341f51c89
[2026-06-20T07:26:33.577+0000] {taskinstance.py:2648} INFO - Exporting env vars: AIRFLOW_CTX_DAG_OWNER='***' AIRFLOW_CTX_DAG_ID='credit_default_ml_pipeline' AIRFLOW_CTX_TASK_ID='monitoring.logreg_monitor' AIRFLOW_CTX_EXECUTION_DATE='2023-06-01T00:00:00+00:00' AIRFLOW_CTX_TRY_NUMBER='1' AIRFLOW_CTX_DAG_RUN_ID='scheduled__2023-06-01T00:00:00+00:00'
[2026-06-20T07:26:33.579+0000] {taskinstance.py:430} INFO - ::endgroup::
[2026-06-20T07:26:33.584+0000] {subprocess.py:63} INFO - Tmp dir root location: /tmp
[2026-06-20T07:26:33.585+0000] {subprocess.py:75} INFO - Running command: ['/usr/bin/bash', '-c', 'cd /opt/***/scripts && if [ ! -f model_bank/champion.txt ]; then echo \'[SKIP] no champion.txt for 2023-06-01\'; exit 0; fi && python3 model_monitor.py --snapshotdate "2023-06-01" --modelname "credit_logreg_2024_09_01.pkl"']
[2026-06-20T07:26:33.589+0000] {subprocess.py:86} INFO - Output:
[2026-06-20T07:26:33.591+0000] {subprocess.py:93} INFO - [SKIP] no champion.txt for 2023-06-01
[2026-06-20T07:26:33.592+0000] {subprocess.py:97} INFO - Command exited with return code 0
[2026-06-20T07:26:33.592+0000] {taskinstance.py:441} INFO - ::group::Post task execution logs
[2026-06-20T07:26:33.603+0000] {taskinstance.py:1206} INFO - Marking task as SUCCESS. dag_id=credit_default_ml_pipeline, task_id=monitoring.logreg_monitor, run_id=scheduled__2023-06-01T00:00:00+00:00, execution_date=20230601T000000, start_date=20260620T072633, end_date=20260620T072633
[2026-06-20T07:26:33.616+0000] {local_task_job_runner.py:243} INFO - Task exited with return code 0
[2026-06-20T07:26:33.627+0000] {taskinstance.py:3503} INFO - 0 downstream tasks scheduled from follow-on schedule check
[2026-06-20T07:26:33.628+0000] {local_task_job_runner.py:222} INFO - ::endgroup::
[2026-06-20T15:26:24.881+0000] {local_task_job_runner.py:120} INFO - ::group::Pre task execution logs
[2026-06-20T15:26:24.894+0000] {taskinstance.py:2076} INFO - Dependencies all met for dep_context=non-requeueable deps ti=<TaskInstance: credit_default_ml_pipeline.monitoring.logreg_monitor scheduled__2023-06-01T00:00:00+00:00 [queued]>
[2026-06-20T15:26:24.902+0000] {taskinstance.py:2076} INFO - Dependencies all met for dep_context=requeueable deps ti=<TaskInstance: credit_default_ml_pipeline.monitoring.logreg_monitor scheduled__2023-06-01T00:00:00+00:00 [queued]>
[2026-06-20T15:26:24.904+0000] {taskinstance.py:2306} INFO - Starting attempt 1 of 2
[2026-06-20T15:26:24.999+0000] {taskinstance.py:2330} INFO - Executing <Task(BashOperator): monitoring.logreg_monitor> on 2023-06-01 00:00:00+00:00
[2026-06-20T15:26:25.003+0000] {logging_mixin.py:188} WARNING - /home/***/.local/lib/python3.12/site-packages/***/task/task_runner/standard_task_runner.py:62 DeprecationWarning: This process (pid=858) is multi-threaded, use of fork() may lead to deadlocks in the child.
[2026-06-20T15:26:25.004+0000] {standard_task_runner.py:64} INFO - Started process 863 to run task
[2026-06-20T15:26:25.003+0000] {standard_task_runner.py:90} INFO - Running: ['***', 'tasks', 'run', 'credit_default_ml_pipeline', 'monitoring.logreg_monitor', 'scheduled__2023-06-01T00:00:00+00:00', '--job-id', '2514', '--raw', '--subdir', 'DAGS_FOLDER/dag.py', '--cfg-path', '/tmp/tmprf9uhaom']
[2026-06-20T15:26:25.005+0000] {standard_task_runner.py:91} INFO - Job 2514: Subtask monitoring.logreg_monitor
[2026-06-20T15:26:25.028+0000] {task_command.py:426} INFO - Running <TaskInstance: credit_default_ml_pipeline.monitoring.logreg_monitor scheduled__2023-06-01T00:00:00+00:00 [running]> on host 9cf341f51c89
[2026-06-20T15:26:25.059+0000] {taskinstance.py:2648} INFO - Exporting env vars: AIRFLOW_CTX_DAG_OWNER='***' AIRFLOW_CTX_DAG_ID='credit_default_ml_pipeline' AIRFLOW_CTX_TASK_ID='monitoring.logreg_monitor' AIRFLOW_CTX_EXECUTION_DATE='2023-06-01T00:00:00+00:00' AIRFLOW_CTX_TRY_NUMBER='1' AIRFLOW_CTX_DAG_RUN_ID='scheduled__2023-06-01T00:00:00+00:00'
[2026-06-20T15:26:25.060+0000] {taskinstance.py:430} INFO - ::endgroup::
[2026-06-20T15:26:25.065+0000] {subprocess.py:63} INFO - Tmp dir root location: /tmp
[2026-06-20T15:26:25.066+0000] {subprocess.py:75} INFO - Running command: ['/usr/bin/bash', '-c', 'cd /opt/***/scripts && if [ ! -f model_bank/champion.txt ]; then echo \'[SKIP] no champion.txt for 2023-06-01\'; exit 0; fi && python3 model_monitor.py --snapshotdate "2023-06-01" --modelname "credit_logreg_2024_09_01.pkl"']
[2026-06-20T15:26:25.070+0000] {subprocess.py:86} INFO - Output:
[2026-06-20T15:26:25.072+0000] {subprocess.py:93} INFO - [SKIP] no champion.txt for 2023-06-01
[2026-06-20T15:26:25.072+0000] {subprocess.py:97} INFO - Command exited with return code 0
[2026-06-20T15:26:25.072+0000] {taskinstance.py:441} INFO - ::group::Post task execution logs
[2026-06-20T15:26:25.086+0000] {taskinstance.py:1206} INFO - Marking task as SUCCESS. dag_id=credit_default_ml_pipeline, task_id=monitoring.logreg_monitor, run_id=scheduled__2023-06-01T00:00:00+00:00, execution_date=20230601T000000, start_date=20260620T152624, end_date=20260620T152625
[2026-06-20T15:26:25.103+0000] {local_task_job_runner.py:243} INFO - Task exited with return code 0
[2026-06-20T15:26:25.113+0000] {taskinstance.py:3503} INFO - 0 downstream tasks scheduled from follow-on schedule check
[2026-06-20T15:26:25.116+0000] {local_task_job_runner.py:222} INFO - ::endgroup::
[2026-06-20T17:19:07.519+0000] {local_task_job_runner.py:120} INFO - ::group::Pre task execution logs
[2026-06-20T17:19:07.535+0000] {taskinstance.py:2076} INFO - Dependencies all met for dep_context=non-requeueable deps ti=<TaskInstance: credit_default_ml_pipeline.monitoring.logreg_monitor scheduled__2023-06-01T00:00:00+00:00 [queued]>
[2026-06-20T17:19:07.540+0000] {taskinstance.py:2076} INFO - Dependencies all met for dep_context=requeueable deps ti=<TaskInstance: credit_default_ml_pipeline.monitoring.logreg_monitor scheduled__2023-06-01T00:00:00+00:00 [queued]>
[2026-06-20T17:19:07.541+0000] {taskinstance.py:2306} INFO - Starting attempt 1 of 2
[2026-06-20T17:19:07.624+0000] {taskinstance.py:2330} INFO - Executing <Task(BashOperator): monitoring.logreg_monitor> on 2023-06-01 00:00:00+00:00
[2026-06-20T17:19:07.628+0000] {logging_mixin.py:188} WARNING - /home/***/.local/lib/python3.12/site-packages/***/task/task_runner/standard_task_runner.py:62 DeprecationWarning: This process (pid=18756) is multi-threaded, use of fork() may lead to deadlocks in the child.
[2026-06-20T17:19:07.629+0000] {standard_task_runner.py:64} INFO - Started process 18762 to run task
[2026-06-20T17:19:07.629+0000] {standard_task_runner.py:90} INFO - Running: ['***', 'tasks', 'run', 'credit_default_ml_pipeline', 'monitoring.logreg_monitor', 'scheduled__2023-06-01T00:00:00+00:00', '--job-id', '3093', '--raw', '--subdir', 'DAGS_FOLDER/dag.py', '--cfg-path', '/tmp/tmp3mjdir2v']
[2026-06-20T17:19:07.631+0000] {standard_task_runner.py:91} INFO - Job 3093: Subtask monitoring.logreg_monitor
[2026-06-20T17:19:07.654+0000] {task_command.py:426} INFO - Running <TaskInstance: credit_default_ml_pipeline.monitoring.logreg_monitor scheduled__2023-06-01T00:00:00+00:00 [running]> on host 9cf341f51c89
[2026-06-20T17:19:07.686+0000] {taskinstance.py:2648} INFO - Exporting env vars: AIRFLOW_CTX_DAG_OWNER='***' AIRFLOW_CTX_DAG_ID='credit_default_ml_pipeline' AIRFLOW_CTX_TASK_ID='monitoring.logreg_monitor' AIRFLOW_CTX_EXECUTION_DATE='2023-06-01T00:00:00+00:00' AIRFLOW_CTX_TRY_NUMBER='1' AIRFLOW_CTX_DAG_RUN_ID='scheduled__2023-06-01T00:00:00+00:00'
[2026-06-20T17:19:07.688+0000] {taskinstance.py:430} INFO - ::endgroup::
[2026-06-20T17:19:07.693+0000] {subprocess.py:63} INFO - Tmp dir root location: /tmp
[2026-06-20T17:19:07.694+0000] {subprocess.py:75} INFO - Running command: ['/usr/bin/bash', '-c', 'cd /opt/***/scripts && if [ ! -f model_bank/champion.txt ]; then echo \'[SKIP] no champion.txt for 2023-06-01\'; exit 0; fi && python3 model_monitor.py --snapshotdate "2023-06-01" --modelname "credit_logreg_2024_09_01.pkl"']
[2026-06-20T17:19:07.699+0000] {subprocess.py:86} INFO - Output:
[2026-06-20T17:19:07.701+0000] {subprocess.py:93} INFO - [SKIP] no champion.txt for 2023-06-01
[2026-06-20T17:19:07.702+0000] {subprocess.py:97} INFO - Command exited with return code 0
[2026-06-20T17:19:07.702+0000] {taskinstance.py:441} INFO - ::group::Post task execution logs
[2026-06-20T17:19:07.712+0000] {taskinstance.py:1206} INFO - Marking task as SUCCESS. dag_id=credit_default_ml_pipeline, task_id=monitoring.logreg_monitor, run_id=scheduled__2023-06-01T00:00:00+00:00, execution_date=20230601T000000, start_date=20260620T171907, end_date=20260620T171907
[2026-06-20T17:19:07.727+0000] {local_task_job_runner.py:243} INFO - Task exited with return code 0
[2026-06-20T17:19:07.737+0000] {taskinstance.py:3503} INFO - 0 downstream tasks scheduled from follow-on schedule check
[2026-06-20T17:19:07.739+0000] {local_task_job_runner.py:222} INFO - ::endgroup::
[2026-06-21T01:44:26.242+0000] {local_task_job_runner.py:120} INFO - ::group::Pre task execution logs
[2026-06-21T01:44:26.255+0000] {taskinstance.py:2076} INFO - Dependencies all met for dep_context=non-requeueable deps ti=<TaskInstance: credit_default_ml_pipeline.monitoring.logreg_monitor scheduled__2023-06-01T00:00:00+00:00 [queued]>
[2026-06-21T01:44:26.260+0000] {taskinstance.py:2076} INFO - Dependencies all met for dep_context=requeueable deps ti=<TaskInstance: credit_default_ml_pipeline.monitoring.logreg_monitor scheduled__2023-06-01T00:00:00+00:00 [queued]>
[2026-06-21T01:44:26.260+0000] {taskinstance.py:2306} INFO - Starting attempt 1 of 2
[2026-06-21T01:44:26.265+0000] {taskinstance.py:2330} INFO - Executing <Task(BashOperator): monitoring.logreg_monitor> on 2023-06-01 00:00:00+00:00
[2026-06-21T01:44:26.268+0000] {logging_mixin.py:188} WARNING - /home/***/.local/lib/python3.12/site-packages/***/task/task_runner/standard_task_runner.py:62 DeprecationWarning: This process (pid=18994) is multi-threaded, use of fork() may lead to deadlocks in the child.
[2026-06-21T01:44:26.269+0000] {standard_task_runner.py:90} INFO - Running: ['***', 'tasks', 'run', 'credit_default_ml_pipeline', 'monitoring.logreg_monitor', 'scheduled__2023-06-01T00:00:00+00:00', '--job-id', '3557', '--raw', '--subdir', 'DAGS_FOLDER/dag.py', '--cfg-path', '/tmp/tmp7f89xb5p']
[2026-06-21T01:44:26.271+0000] {standard_task_runner.py:64} INFO - Started process 19001 to run task
[2026-06-21T01:44:26.272+0000] {standard_task_runner.py:91} INFO - Job 3557: Subtask monitoring.logreg_monitor
[2026-06-21T01:44:26.294+0000] {task_command.py:426} INFO - Running <TaskInstance: credit_default_ml_pipeline.monitoring.logreg_monitor scheduled__2023-06-01T00:00:00+00:00 [running]> on host f6e9e2801916
[2026-06-21T01:44:26.417+0000] {taskinstance.py:2648} INFO - Exporting env vars: AIRFLOW_CTX_DAG_OWNER='***' AIRFLOW_CTX_DAG_ID='credit_default_ml_pipeline' AIRFLOW_CTX_TASK_ID='monitoring.logreg_monitor' AIRFLOW_CTX_EXECUTION_DATE='2023-06-01T00:00:00+00:00' AIRFLOW_CTX_TRY_NUMBER='1' AIRFLOW_CTX_DAG_RUN_ID='scheduled__2023-06-01T00:00:00+00:00'
[2026-06-21T01:44:26.418+0000] {taskinstance.py:430} INFO - ::endgroup::
[2026-06-21T01:44:26.422+0000] {subprocess.py:63} INFO - Tmp dir root location: /tmp
[2026-06-21T01:44:26.423+0000] {subprocess.py:75} INFO - Running command: ['/usr/bin/bash', '-c', 'cd /opt/***/scripts && if [ ! -f model_bank/champion.txt ]; then echo \'[SKIP] no champion.txt for 2023-06-01\'; exit 0; fi && python3 model_monitor.py --snapshotdate "2023-06-01" --modelname "credit_logreg_2024_09_01.pkl"']
[2026-06-21T01:44:26.429+0000] {subprocess.py:86} INFO - Output:
[2026-06-21T01:44:26.431+0000] {subprocess.py:93} INFO - [SKIP] no champion.txt for 2023-06-01
[2026-06-21T01:44:26.432+0000] {subprocess.py:97} INFO - Command exited with return code 0
[2026-06-21T01:44:26.432+0000] {taskinstance.py:441} INFO - ::group::Post task execution logs
[2026-06-21T01:44:26.441+0000] {taskinstance.py:1206} INFO - Marking task as SUCCESS. dag_id=credit_default_ml_pipeline, task_id=monitoring.logreg_monitor, run_id=scheduled__2023-06-01T00:00:00+00:00, execution_date=20230601T000000, start_date=20260621T014426, end_date=20260621T014426
[2026-06-21T01:44:26.458+0000] {local_task_job_runner.py:243} INFO - Task exited with return code 0
[2026-06-21T01:44:26.462+0000] {local_task_job_runner.py:222} INFO - ::endgroup::
[2026-06-21T05:39:28.314+0000] {local_task_job_runner.py:120} INFO - ::group::Pre task execution logs
[2026-06-21T05:39:28.338+0000] {taskinstance.py:2076} INFO - Dependencies all met for dep_context=non-requeueable deps ti=<TaskInstance: credit_default_ml_pipeline.monitoring.logreg_monitor scheduled__2023-06-01T00:00:00+00:00 [queued]>
[2026-06-21T05:39:28.344+0000] {taskinstance.py:2076} INFO - Dependencies all met for dep_context=requeueable deps ti=<TaskInstance: credit_default_ml_pipeline.monitoring.logreg_monitor scheduled__2023-06-01T00:00:00+00:00 [queued]>
[2026-06-21T05:39:28.345+0000] {taskinstance.py:2306} INFO - Starting attempt 1 of 2
[2026-06-21T05:39:28.462+0000] {taskinstance.py:2330} INFO - Executing <Task(BashOperator): monitoring.logreg_monitor> on 2023-06-01 00:00:00+00:00
[2026-06-21T05:39:28.467+0000] {logging_mixin.py:188} WARNING - /home/***/.local/lib/python3.12/site-packages/***/task/task_runner/standard_task_runner.py:62 DeprecationWarning: This process (pid=19146) is multi-threaded, use of fork() may lead to deadlocks in the child.
[2026-06-21T05:39:28.469+0000] {standard_task_runner.py:64} INFO - Started process 19152 to run task
[2026-06-21T05:39:28.468+0000] {standard_task_runner.py:90} INFO - Running: ['***', 'tasks', 'run', 'credit_default_ml_pipeline', 'monitoring.logreg_monitor', 'scheduled__2023-06-01T00:00:00+00:00', '--job-id', '4021', '--raw', '--subdir', 'DAGS_FOLDER/dag.py', '--cfg-path', '/tmp/tmp56vsspmc']
[2026-06-21T05:39:28.470+0000] {standard_task_runner.py:91} INFO - Job 4021: Subtask monitoring.logreg_monitor
[2026-06-21T05:39:28.500+0000] {task_command.py:426} INFO - Running <TaskInstance: credit_default_ml_pipeline.monitoring.logreg_monitor scheduled__2023-06-01T00:00:00+00:00 [running]> on host 9377a3f0491f
[2026-06-21T05:39:28.552+0000] {taskinstance.py:2648} INFO - Exporting env vars: AIRFLOW_CTX_DAG_OWNER='***' AIRFLOW_CTX_DAG_ID='credit_default_ml_pipeline' AIRFLOW_CTX_TASK_ID='monitoring.logreg_monitor' AIRFLOW_CTX_EXECUTION_DATE='2023-06-01T00:00:00+00:00' AIRFLOW_CTX_TRY_NUMBER='1' AIRFLOW_CTX_DAG_RUN_ID='scheduled__2023-06-01T00:00:00+00:00'
[2026-06-21T05:39:28.553+0000] {taskinstance.py:430} INFO - ::endgroup::
[2026-06-21T05:39:28.562+0000] {subprocess.py:63} INFO - Tmp dir root location: /tmp
[2026-06-21T05:39:28.564+0000] {subprocess.py:75} INFO - Running command: ['/usr/bin/bash', '-c', 'cd /opt/***/scripts && if [ ! -f model_bank/champion.txt ]; then echo \'[SKIP] no champion.txt for 2023-06-01\'; exit 0; fi && python3 model_monitor.py --snapshotdate "2023-06-01" --modelname "credit_logreg_2024_09_01.pkl"']
[2026-06-21T05:39:28.570+0000] {subprocess.py:86} INFO - Output:
[2026-06-21T05:39:28.572+0000] {subprocess.py:93} INFO - [SKIP] no champion.txt for 2023-06-01
[2026-06-21T05:39:28.573+0000] {subprocess.py:97} INFO - Command exited with return code 0
[2026-06-21T05:39:28.574+0000] {taskinstance.py:441} INFO - ::group::Post task execution logs
[2026-06-21T05:39:28.594+0000] {taskinstance.py:1206} INFO - Marking task as SUCCESS. dag_id=credit_default_ml_pipeline, task_id=monitoring.logreg_monitor, run_id=scheduled__2023-06-01T00:00:00+00:00, execution_date=20230601T000000, start_date=20260621T053928, end_date=20260621T053928
[2026-06-21T05:39:28.609+0000] {local_task_job_runner.py:243} INFO - Task exited with return code 0
[2026-06-21T05:39:28.624+0000] {taskinstance.py:3503} INFO - 0 downstream tasks scheduled from follow-on schedule check
[2026-06-21T05:39:28.626+0000] {local_task_job_runner.py:222} INFO - ::endgroup::
[2026-06-25T17:32:44.111+0000] {local_task_job_runner.py:120} INFO - ::group::Pre task execution logs
[2026-06-25T17:32:44.145+0000] {taskinstance.py:2076} INFO - Dependencies all met for dep_context=non-requeueable deps ti=<TaskInstance: credit_default_ml_pipeline.monitoring.logreg_monitor scheduled__2023-06-01T00:00:00+00:00 [queued]>
[2026-06-25T17:32:44.156+0000] {taskinstance.py:2076} INFO - Dependencies all met for dep_context=requeueable deps ti=<TaskInstance: credit_default_ml_pipeline.monitoring.logreg_monitor scheduled__2023-06-01T00:00:00+00:00 [queued]>
[2026-06-25T17:32:44.158+0000] {taskinstance.py:2306} INFO - Starting attempt 1 of 2
[2026-06-25T17:32:44.169+0000] {taskinstance.py:2330} INFO - Executing <Task(BashOperator): monitoring.logreg_monitor> on 2023-06-01 00:00:00+00:00
[2026-06-25T17:32:44.176+0000] {logging_mixin.py:188} WARNING - /home/***/.local/lib/python3.12/site-packages/***/task/task_runner/standard_task_runner.py:62 DeprecationWarning: This process (pid=19152) is multi-threaded, use of fork() may lead to deadlocks in the child.
[2026-06-25T17:32:44.178+0000] {standard_task_runner.py:64} INFO - Started process 19158 to run task
[2026-06-25T17:32:44.177+0000] {standard_task_runner.py:90} INFO - Running: ['***', 'tasks', 'run', 'credit_default_ml_pipeline', 'monitoring.logreg_monitor', 'scheduled__2023-06-01T00:00:00+00:00', '--job-id', '4480', '--raw', '--subdir', 'DAGS_FOLDER/dag.py', '--cfg-path', '/tmp/tmposfhthaq']
[2026-06-25T17:32:44.180+0000] {standard_task_runner.py:91} INFO - Job 4480: Subtask monitoring.logreg_monitor
[2026-06-25T17:32:44.233+0000] {task_command.py:426} INFO - Running <TaskInstance: credit_default_ml_pipeline.monitoring.logreg_monitor scheduled__2023-06-01T00:00:00+00:00 [running]> on host b54b2be331ab
[2026-06-25T17:32:44.533+0000] {taskinstance.py:2648} INFO - Exporting env vars: AIRFLOW_CTX_DAG_OWNER='***' AIRFLOW_CTX_DAG_ID='credit_default_ml_pipeline' AIRFLOW_CTX_TASK_ID='monitoring.logreg_monitor' AIRFLOW_CTX_EXECUTION_DATE='2023-06-01T00:00:00+00:00' AIRFLOW_CTX_TRY_NUMBER='1' AIRFLOW_CTX_DAG_RUN_ID='scheduled__2023-06-01T00:00:00+00:00'
[2026-06-25T17:32:44.535+0000] {taskinstance.py:430} INFO - ::endgroup::
[2026-06-25T17:32:44.547+0000] {subprocess.py:63} INFO - Tmp dir root location: /tmp
[2026-06-25T17:32:44.550+0000] {subprocess.py:75} INFO - Running command: ['/usr/bin/bash', '-c', 'cd /opt/***/scripts && if [ ! -f model_bank/champion.txt ]; then echo \'[SKIP] no champion.txt for 2023-06-01\'; exit 0; fi && python3 model_monitor.py --snapshotdate "2023-06-01" --modelname "credit_logreg_2024_09_01.pkl"']
[2026-06-25T17:32:44.561+0000] {subprocess.py:86} INFO - Output:
[2026-06-25T17:32:44.564+0000] {subprocess.py:93} INFO - [SKIP] no champion.txt for 2023-06-01
[2026-06-25T17:32:44.565+0000] {subprocess.py:97} INFO - Command exited with return code 0
[2026-06-25T17:32:44.566+0000] {taskinstance.py:441} INFO - ::group::Post task execution logs
[2026-06-25T17:32:44.592+0000] {taskinstance.py:1206} INFO - Marking task as SUCCESS. dag_id=credit_default_ml_pipeline, task_id=monitoring.logreg_monitor, run_id=scheduled__2023-06-01T00:00:00+00:00, execution_date=20230601T000000, start_date=20260625T173244, end_date=20260625T173244
[2026-06-25T17:32:44.650+0000] {local_task_job_runner.py:243} INFO - Task exited with return code 0
[2026-06-25T17:32:44.665+0000] {local_task_job_runner.py:222} INFO - ::endgroup::
