[2026-06-18T04:20:23.318+0000] {local_task_job_runner.py:120} INFO - ::group::Pre task execution logs
[2026-06-18T04:20:23.339+0000] {taskinstance.py:2076} INFO - Dependencies all met for dep_context=non-requeueable deps ti=<TaskInstance: credit_default_ml_pipeline.monitoring.evidently_drift_report scheduled__2024-04-01T00:00:00+00:00 [queued]>
[2026-06-18T04:20:23.345+0000] {taskinstance.py:2076} INFO - Dependencies all met for dep_context=requeueable deps ti=<TaskInstance: credit_default_ml_pipeline.monitoring.evidently_drift_report scheduled__2024-04-01T00:00:00+00:00 [queued]>
[2026-06-18T04:20:23.348+0000] {taskinstance.py:2306} INFO - Starting attempt 1 of 2
[2026-06-18T04:20:23.355+0000] {taskinstance.py:2330} INFO - Executing <Task(BashOperator): monitoring.evidently_drift_report> on 2024-04-01 00:00:00+00:00
[2026-06-18T04:20:23.361+0000] {standard_task_runner.py:90} INFO - Running: ['***', 'tasks', 'run', 'credit_default_ml_pipeline', 'monitoring.evidently_drift_report', 'scheduled__2024-04-01T00:00:00+00:00', '--job-id', '1190', '--raw', '--subdir', 'DAGS_FOLDER/dag.py', '--cfg-path', '/tmp/tmptq1zj5c3']
[2026-06-18T04:20:23.361+0000] {logging_mixin.py:188} WARNING - /home/***/.local/lib/python3.12/site-packages/***/task/task_runner/standard_task_runner.py:62 DeprecationWarning: This process (pid=75599) is multi-threaded, use of fork() may lead to deadlocks in the child.
[2026-06-18T04:20:23.363+0000] {standard_task_runner.py:91} INFO - Job 1190: Subtask monitoring.evidently_drift_report
[2026-06-18T04:20:23.363+0000] {standard_task_runner.py:64} INFO - Started process 75603 to run task
[2026-06-18T04:20:23.397+0000] {task_command.py:426} INFO - Running <TaskInstance: credit_default_ml_pipeline.monitoring.evidently_drift_report scheduled__2024-04-01T00:00:00+00:00 [running]> on host bfbc24b887a5
[2026-06-18T04:20:23.604+0000] {taskinstance.py:2648} INFO - Exporting env vars: AIRFLOW_CTX_DAG_OWNER='***' AIRFLOW_CTX_DAG_ID='credit_default_ml_pipeline' AIRFLOW_CTX_TASK_ID='monitoring.evidently_drift_report' AIRFLOW_CTX_EXECUTION_DATE='2024-04-01T00:00:00+00:00' AIRFLOW_CTX_TRY_NUMBER='1' AIRFLOW_CTX_DAG_RUN_ID='scheduled__2024-04-01T00:00:00+00:00'
[2026-06-18T04:20:23.606+0000] {taskinstance.py:430} INFO - ::endgroup::
[2026-06-18T04:20:23.615+0000] {subprocess.py:63} INFO - Tmp dir root location: /tmp
[2026-06-18T04:20:23.617+0000] {subprocess.py:75} INFO - Running command: ['/usr/bin/bash', '-c', 'cd /opt/***/scripts && if [ -f model_bank/champion.txt ]; then CHAMPION=$(cat model_bank/champion.txt) && python3 evidently_drift_report.py --baseline "2024-09-01" --current "2024-04-01" --modelname "$CHAMPION"; else echo "[skip] champion.txt not found yet - no model deployed as of 2024-04-01"; fi']
[2026-06-18T04:20:23.626+0000] {subprocess.py:86} INFO - Output:
[2026-06-18T04:20:23.629+0000] {subprocess.py:93} INFO - [skip] champion.txt not found yet - no model deployed as of 2024-04-01
[2026-06-18T04:20:23.630+0000] {subprocess.py:97} INFO - Command exited with return code 0
[2026-06-18T04:20:23.631+0000] {taskinstance.py:441} INFO - ::group::Post task execution logs
[2026-06-18T04:20:23.650+0000] {taskinstance.py:1206} INFO - Marking task as SUCCESS. dag_id=credit_default_ml_pipeline, task_id=monitoring.evidently_drift_report, run_id=scheduled__2024-04-01T00:00:00+00:00, execution_date=20240401T000000, start_date=20260618T042023, end_date=20260618T042023
[2026-06-18T04:20:23.669+0000] {local_task_job_runner.py:243} INFO - Task exited with return code 0
[2026-06-18T04:20:23.684+0000] {taskinstance.py:3503} INFO - 0 downstream tasks scheduled from follow-on schedule check
[2026-06-18T04:20:23.686+0000] {local_task_job_runner.py:222} INFO - ::endgroup::
[2026-06-20T06:36:40.084+0000] {local_task_job_runner.py:120} INFO - ::group::Pre task execution logs
[2026-06-20T06:36:40.102+0000] {taskinstance.py:2076} INFO - Dependencies all met for dep_context=non-requeueable deps ti=<TaskInstance: credit_default_ml_pipeline.monitoring.evidently_drift_report scheduled__2024-04-01T00:00:00+00:00 [queued]>
[2026-06-20T06:36:40.107+0000] {taskinstance.py:2076} INFO - Dependencies all met for dep_context=requeueable deps ti=<TaskInstance: credit_default_ml_pipeline.monitoring.evidently_drift_report scheduled__2024-04-01T00:00:00+00:00 [queued]>
[2026-06-20T06:36:40.108+0000] {taskinstance.py:2306} INFO - Starting attempt 1 of 2
[2026-06-20T06:36:40.204+0000] {taskinstance.py:2330} INFO - Executing <Task(BashOperator): monitoring.evidently_drift_report> on 2024-04-01 00:00:00+00:00
[2026-06-20T06:36:40.208+0000] {logging_mixin.py:188} WARNING - /home/***/.local/lib/python3.12/site-packages/***/task/task_runner/standard_task_runner.py:62 DeprecationWarning: This process (pid=60759) is multi-threaded, use of fork() may lead to deadlocks in the child.
[2026-06-20T06:36:40.208+0000] {standard_task_runner.py:90} INFO - Running: ['***', 'tasks', 'run', 'credit_default_ml_pipeline', 'monitoring.evidently_drift_report', 'scheduled__2024-04-01T00:00:00+00:00', '--job-id', '1739', '--raw', '--subdir', 'DAGS_FOLDER/dag.py', '--cfg-path', '/tmp/tmpcd0bktgf']
[2026-06-20T06:36:40.210+0000] {standard_task_runner.py:64} INFO - Started process 60764 to run task
[2026-06-20T06:36:40.210+0000] {standard_task_runner.py:91} INFO - Job 1739: Subtask monitoring.evidently_drift_report
[2026-06-20T06:36:40.235+0000] {task_command.py:426} INFO - Running <TaskInstance: credit_default_ml_pipeline.monitoring.evidently_drift_report scheduled__2024-04-01T00:00:00+00:00 [running]> on host 9cf341f51c89
[2026-06-20T06:36:40.263+0000] {taskinstance.py:2648} INFO - Exporting env vars: AIRFLOW_CTX_DAG_OWNER='***' AIRFLOW_CTX_DAG_ID='credit_default_ml_pipeline' AIRFLOW_CTX_TASK_ID='monitoring.evidently_drift_report' AIRFLOW_CTX_EXECUTION_DATE='2024-04-01T00:00:00+00:00' AIRFLOW_CTX_TRY_NUMBER='1' AIRFLOW_CTX_DAG_RUN_ID='scheduled__2024-04-01T00:00:00+00:00'
[2026-06-20T06:36:40.264+0000] {taskinstance.py:430} INFO - ::endgroup::
[2026-06-20T06:36:40.269+0000] {subprocess.py:63} INFO - Tmp dir root location: /tmp
[2026-06-20T06:36:40.270+0000] {subprocess.py:75} INFO - Running command: ['/usr/bin/bash', '-c', 'cd /opt/***/scripts && if [ ! -f model_bank/champion.txt ]; then echo \'[SKIP] no champion.txt for 2024-04-01\'; exit 0; fi && CHAMP=$(cat model_bank/champion.txt | tr -d \'\\n\') && python3 evidently_drift_report.py --baseline "2024-09-01" --current "2024-04-01" --modelname "$CHAMP"']
[2026-06-20T06:36:40.274+0000] {subprocess.py:86} INFO - Output:
[2026-06-20T06:36:40.275+0000] {subprocess.py:93} INFO - [SKIP] no champion.txt for 2024-04-01
[2026-06-20T06:36:40.275+0000] {subprocess.py:97} INFO - Command exited with return code 0
[2026-06-20T06:36:40.276+0000] {taskinstance.py:441} INFO - ::group::Post task execution logs
[2026-06-20T06:36:40.286+0000] {taskinstance.py:1206} INFO - Marking task as SUCCESS. dag_id=credit_default_ml_pipeline, task_id=monitoring.evidently_drift_report, run_id=scheduled__2024-04-01T00:00:00+00:00, execution_date=20240401T000000, start_date=20260620T063640, end_date=20260620T063640
[2026-06-20T06:36:40.310+0000] {local_task_job_runner.py:243} INFO - Task exited with return code 0
[2026-06-20T06:36:40.319+0000] {taskinstance.py:3503} INFO - 0 downstream tasks scheduled from follow-on schedule check
[2026-06-20T06:36:40.320+0000] {local_task_job_runner.py:222} INFO - ::endgroup::
[2026-06-20T07:57:19.873+0000] {local_task_job_runner.py:120} INFO - ::group::Pre task execution logs
[2026-06-20T07:57:19.886+0000] {taskinstance.py:2076} INFO - Dependencies all met for dep_context=non-requeueable deps ti=<TaskInstance: credit_default_ml_pipeline.monitoring.evidently_drift_report scheduled__2024-04-01T00:00:00+00:00 [queued]>
[2026-06-20T07:57:19.890+0000] {taskinstance.py:2076} INFO - Dependencies all met for dep_context=requeueable deps ti=<TaskInstance: credit_default_ml_pipeline.monitoring.evidently_drift_report scheduled__2024-04-01T00:00:00+00:00 [queued]>
[2026-06-20T07:57:19.892+0000] {taskinstance.py:2306} INFO - Starting attempt 1 of 2
[2026-06-20T07:57:19.975+0000] {taskinstance.py:2330} INFO - Executing <Task(BashOperator): monitoring.evidently_drift_report> on 2024-04-01 00:00:00+00:00
[2026-06-20T07:57:19.980+0000] {logging_mixin.py:188} WARNING - /home/***/.local/lib/python3.12/site-packages/***/task/task_runner/standard_task_runner.py:62 DeprecationWarning: This process (pid=46425) is multi-threaded, use of fork() may lead to deadlocks in the child.
[2026-06-20T07:57:19.980+0000] {standard_task_runner.py:64} INFO - Started process 46431 to run task
[2026-06-20T07:57:19.980+0000] {standard_task_runner.py:90} INFO - Running: ['***', 'tasks', 'run', 'credit_default_ml_pipeline', 'monitoring.evidently_drift_report', 'scheduled__2024-04-01T00:00:00+00:00', '--job-id', '2235', '--raw', '--subdir', 'DAGS_FOLDER/dag.py', '--cfg-path', '/tmp/tmpno8aia6s']
[2026-06-20T07:57:19.982+0000] {standard_task_runner.py:91} INFO - Job 2235: Subtask monitoring.evidently_drift_report
[2026-06-20T07:57:20.002+0000] {task_command.py:426} INFO - Running <TaskInstance: credit_default_ml_pipeline.monitoring.evidently_drift_report scheduled__2024-04-01T00:00:00+00:00 [running]> on host 9cf341f51c89
[2026-06-20T07:57:20.032+0000] {taskinstance.py:2648} INFO - Exporting env vars: AIRFLOW_CTX_DAG_OWNER='***' AIRFLOW_CTX_DAG_ID='credit_default_ml_pipeline' AIRFLOW_CTX_TASK_ID='monitoring.evidently_drift_report' AIRFLOW_CTX_EXECUTION_DATE='2024-04-01T00:00:00+00:00' AIRFLOW_CTX_TRY_NUMBER='1' AIRFLOW_CTX_DAG_RUN_ID='scheduled__2024-04-01T00:00:00+00:00'
[2026-06-20T07:57:20.034+0000] {taskinstance.py:430} INFO - ::endgroup::
[2026-06-20T07:57:20.040+0000] {subprocess.py:63} INFO - Tmp dir root location: /tmp
[2026-06-20T07:57:20.041+0000] {subprocess.py:75} INFO - Running command: ['/usr/bin/bash', '-c', 'cd /opt/***/scripts && if [ ! -f model_bank/champion.txt ]; then echo \'[SKIP] no champion.txt for 2024-04-01\'; exit 0; fi && CHAMP=$(cat model_bank/champion.txt | tr -d \'\\n\') && python3 evidently_drift_report.py --baseline "2024-09-01" --current "2024-04-01" --modelname "$CHAMP"']
[2026-06-20T07:57:20.046+0000] {subprocess.py:86} INFO - Output:
[2026-06-20T07:57:20.048+0000] {subprocess.py:93} INFO - [SKIP] no champion.txt for 2024-04-01
[2026-06-20T07:57:20.048+0000] {subprocess.py:97} INFO - Command exited with return code 0
[2026-06-20T07:57:20.049+0000] {taskinstance.py:441} INFO - ::group::Post task execution logs
[2026-06-20T07:57:20.059+0000] {taskinstance.py:1206} INFO - Marking task as SUCCESS. dag_id=credit_default_ml_pipeline, task_id=monitoring.evidently_drift_report, run_id=scheduled__2024-04-01T00:00:00+00:00, execution_date=20240401T000000, start_date=20260620T075719, end_date=20260620T075720
[2026-06-20T07:57:20.079+0000] {local_task_job_runner.py:243} INFO - Task exited with return code 0
[2026-06-20T07:57:20.088+0000] {taskinstance.py:3503} INFO - 0 downstream tasks scheduled from follow-on schedule check
[2026-06-20T07:57:20.090+0000] {local_task_job_runner.py:222} INFO - ::endgroup::
[2026-06-20T15:54:45.873+0000] {local_task_job_runner.py:120} INFO - ::group::Pre task execution logs
[2026-06-20T15:54:45.889+0000] {taskinstance.py:2076} INFO - Dependencies all met for dep_context=non-requeueable deps ti=<TaskInstance: credit_default_ml_pipeline.monitoring.evidently_drift_report scheduled__2024-04-01T00:00:00+00:00 [queued]>
[2026-06-20T15:54:45.894+0000] {taskinstance.py:2076} INFO - Dependencies all met for dep_context=requeueable deps ti=<TaskInstance: credit_default_ml_pipeline.monitoring.evidently_drift_report scheduled__2024-04-01T00:00:00+00:00 [queued]>
[2026-06-20T15:54:45.896+0000] {taskinstance.py:2306} INFO - Starting attempt 1 of 2
[2026-06-20T15:54:45.981+0000] {taskinstance.py:2330} INFO - Executing <Task(BashOperator): monitoring.evidently_drift_report> on 2024-04-01 00:00:00+00:00
[2026-06-20T15:54:45.985+0000] {logging_mixin.py:188} WARNING - /home/***/.local/lib/python3.12/site-packages/***/task/task_runner/standard_task_runner.py:62 DeprecationWarning: This process (pid=32687) is multi-threaded, use of fork() may lead to deadlocks in the child.
[2026-06-20T15:54:45.987+0000] {standard_task_runner.py:64} INFO - Started process 32694 to run task
[2026-06-20T15:54:45.986+0000] {standard_task_runner.py:90} INFO - Running: ['***', 'tasks', 'run', 'credit_default_ml_pipeline', 'monitoring.evidently_drift_report', 'scheduled__2024-04-01T00:00:00+00:00', '--job-id', '2705', '--raw', '--subdir', 'DAGS_FOLDER/dag.py', '--cfg-path', '/tmp/tmpjxhbspgx']
[2026-06-20T15:54:45.989+0000] {standard_task_runner.py:91} INFO - Job 2705: Subtask monitoring.evidently_drift_report
[2026-06-20T15:54:46.010+0000] {task_command.py:426} INFO - Running <TaskInstance: credit_default_ml_pipeline.monitoring.evidently_drift_report scheduled__2024-04-01T00:00:00+00:00 [running]> on host 9cf341f51c89
[2026-06-20T15:54:46.040+0000] {taskinstance.py:2648} INFO - Exporting env vars: AIRFLOW_CTX_DAG_OWNER='***' AIRFLOW_CTX_DAG_ID='credit_default_ml_pipeline' AIRFLOW_CTX_TASK_ID='monitoring.evidently_drift_report' AIRFLOW_CTX_EXECUTION_DATE='2024-04-01T00:00:00+00:00' AIRFLOW_CTX_TRY_NUMBER='1' AIRFLOW_CTX_DAG_RUN_ID='scheduled__2024-04-01T00:00:00+00:00'
[2026-06-20T15:54:46.041+0000] {taskinstance.py:430} INFO - ::endgroup::
[2026-06-20T15:54:46.046+0000] {subprocess.py:63} INFO - Tmp dir root location: /tmp
[2026-06-20T15:54:46.047+0000] {subprocess.py:75} INFO - Running command: ['/usr/bin/bash', '-c', 'cd /opt/***/scripts && if [ ! -f model_bank/champion.txt ]; then echo \'[SKIP] no champion.txt for 2024-04-01\'; exit 0; fi && CHAMP=$(cat model_bank/champion.txt | tr -d \'\\n\') && python3 evidently_drift_report.py --baseline "2024-09-01" --current "2024-04-01" --modelname "$CHAMP"']
[2026-06-20T15:54:46.052+0000] {subprocess.py:86} INFO - Output:
[2026-06-20T15:54:46.054+0000] {subprocess.py:93} INFO - [SKIP] no champion.txt for 2024-04-01
[2026-06-20T15:54:46.055+0000] {subprocess.py:97} INFO - Command exited with return code 0
[2026-06-20T15:54:46.055+0000] {taskinstance.py:441} INFO - ::group::Post task execution logs
[2026-06-20T15:54:46.064+0000] {taskinstance.py:1206} INFO - Marking task as SUCCESS. dag_id=credit_default_ml_pipeline, task_id=monitoring.evidently_drift_report, run_id=scheduled__2024-04-01T00:00:00+00:00, execution_date=20240401T000000, start_date=20260620T155445, end_date=20260620T155446
[2026-06-20T15:54:46.086+0000] {local_task_job_runner.py:243} INFO - Task exited with return code 0
[2026-06-20T15:54:46.091+0000] {local_task_job_runner.py:222} INFO - ::endgroup::
[2026-06-20T17:49:57.359+0000] {local_task_job_runner.py:120} INFO - ::group::Pre task execution logs
[2026-06-20T17:49:57.375+0000] {taskinstance.py:2076} INFO - Dependencies all met for dep_context=non-requeueable deps ti=<TaskInstance: credit_default_ml_pipeline.monitoring.evidently_drift_report scheduled__2024-04-01T00:00:00+00:00 [queued]>
[2026-06-20T17:49:57.378+0000] {taskinstance.py:2076} INFO - Dependencies all met for dep_context=requeueable deps ti=<TaskInstance: credit_default_ml_pipeline.monitoring.evidently_drift_report scheduled__2024-04-01T00:00:00+00:00 [queued]>
[2026-06-20T17:49:57.379+0000] {taskinstance.py:2306} INFO - Starting attempt 1 of 2
[2026-06-20T17:49:57.473+0000] {taskinstance.py:2330} INFO - Executing <Task(BashOperator): monitoring.evidently_drift_report> on 2024-04-01 00:00:00+00:00
[2026-06-20T17:49:57.478+0000] {logging_mixin.py:188} WARNING - /home/***/.local/lib/python3.12/site-packages/***/task/task_runner/standard_task_runner.py:62 DeprecationWarning: This process (pid=51134) is multi-threaded, use of fork() may lead to deadlocks in the child.
[2026-06-20T17:49:57.479+0000] {standard_task_runner.py:64} INFO - Started process 51140 to run task
[2026-06-20T17:49:57.478+0000] {standard_task_runner.py:90} INFO - Running: ['***', 'tasks', 'run', 'credit_default_ml_pipeline', 'monitoring.evidently_drift_report', 'scheduled__2024-04-01T00:00:00+00:00', '--job-id', '3282', '--raw', '--subdir', 'DAGS_FOLDER/dag.py', '--cfg-path', '/tmp/tmpw15d9g63']
[2026-06-20T17:49:57.480+0000] {standard_task_runner.py:91} INFO - Job 3282: Subtask monitoring.evidently_drift_report
[2026-06-20T17:49:57.502+0000] {task_command.py:426} INFO - Running <TaskInstance: credit_default_ml_pipeline.monitoring.evidently_drift_report scheduled__2024-04-01T00:00:00+00:00 [running]> on host 9cf341f51c89
[2026-06-20T17:49:57.534+0000] {taskinstance.py:2648} INFO - Exporting env vars: AIRFLOW_CTX_DAG_OWNER='***' AIRFLOW_CTX_DAG_ID='credit_default_ml_pipeline' AIRFLOW_CTX_TASK_ID='monitoring.evidently_drift_report' AIRFLOW_CTX_EXECUTION_DATE='2024-04-01T00:00:00+00:00' AIRFLOW_CTX_TRY_NUMBER='1' AIRFLOW_CTX_DAG_RUN_ID='scheduled__2024-04-01T00:00:00+00:00'
[2026-06-20T17:49:57.536+0000] {taskinstance.py:430} INFO - ::endgroup::
[2026-06-20T17:49:57.541+0000] {subprocess.py:63} INFO - Tmp dir root location: /tmp
[2026-06-20T17:49:57.541+0000] {subprocess.py:75} INFO - Running command: ['/usr/bin/bash', '-c', 'cd /opt/***/scripts && if [ ! -f model_bank/champion.txt ]; then echo \'[SKIP] no champion.txt for 2024-04-01\'; exit 0; fi && CHAMP=$(cat model_bank/champion.txt | tr -d \'\\n\') && python3 evidently_drift_report.py --baseline "2024-09-01" --current "2024-04-01" --modelname "$CHAMP"']
[2026-06-20T17:49:57.547+0000] {subprocess.py:86} INFO - Output:
[2026-06-20T17:49:57.548+0000] {subprocess.py:93} INFO - [SKIP] no champion.txt for 2024-04-01
[2026-06-20T17:49:57.548+0000] {subprocess.py:97} INFO - Command exited with return code 0
[2026-06-20T17:49:57.550+0000] {taskinstance.py:441} INFO - ::group::Post task execution logs
[2026-06-20T17:49:57.561+0000] {taskinstance.py:1206} INFO - Marking task as SUCCESS. dag_id=credit_default_ml_pipeline, task_id=monitoring.evidently_drift_report, run_id=scheduled__2024-04-01T00:00:00+00:00, execution_date=20240401T000000, start_date=20260620T174957, end_date=20260620T174957
[2026-06-20T17:49:57.578+0000] {local_task_job_runner.py:243} INFO - Task exited with return code 0
[2026-06-20T17:49:57.587+0000] {taskinstance.py:3503} INFO - 0 downstream tasks scheduled from follow-on schedule check
[2026-06-20T17:49:57.587+0000] {local_task_job_runner.py:222} INFO - ::endgroup::
[2026-06-21T02:45:39.538+0000] {local_task_job_runner.py:120} INFO - ::group::Pre task execution logs
[2026-06-21T02:45:39.555+0000] {taskinstance.py:2076} INFO - Dependencies all met for dep_context=non-requeueable deps ti=<TaskInstance: credit_default_ml_pipeline.monitoring.evidently_drift_report scheduled__2024-04-01T00:00:00+00:00 [queued]>
[2026-06-21T02:45:39.563+0000] {taskinstance.py:2076} INFO - Dependencies all met for dep_context=requeueable deps ti=<TaskInstance: credit_default_ml_pipeline.monitoring.evidently_drift_report scheduled__2024-04-01T00:00:00+00:00 [queued]>
[2026-06-21T02:45:39.564+0000] {taskinstance.py:2306} INFO - Starting attempt 1 of 2
[2026-06-21T02:45:39.571+0000] {taskinstance.py:2330} INFO - Executing <Task(BashOperator): monitoring.evidently_drift_report> on 2024-04-01 00:00:00+00:00
[2026-06-21T02:45:39.576+0000] {logging_mixin.py:188} WARNING - /home/***/.local/lib/python3.12/site-packages/***/task/task_runner/standard_task_runner.py:62 DeprecationWarning: This process (pid=50538) is multi-threaded, use of fork() may lead to deadlocks in the child.
[2026-06-21T02:45:39.577+0000] {standard_task_runner.py:64} INFO - Started process 50543 to run task
[2026-06-21T02:45:39.576+0000] {standard_task_runner.py:90} INFO - Running: ['***', 'tasks', 'run', 'credit_default_ml_pipeline', 'monitoring.evidently_drift_report', 'scheduled__2024-04-01T00:00:00+00:00', '--job-id', '3747', '--raw', '--subdir', 'DAGS_FOLDER/dag.py', '--cfg-path', '/tmp/tmpf_kk7xs9']
[2026-06-21T02:45:39.578+0000] {standard_task_runner.py:91} INFO - Job 3747: Subtask monitoring.evidently_drift_report
[2026-06-21T02:45:39.602+0000] {task_command.py:426} INFO - Running <TaskInstance: credit_default_ml_pipeline.monitoring.evidently_drift_report scheduled__2024-04-01T00:00:00+00:00 [running]> on host f6e9e2801916
[2026-06-21T02:45:39.723+0000] {taskinstance.py:2648} INFO - Exporting env vars: AIRFLOW_CTX_DAG_OWNER='***' AIRFLOW_CTX_DAG_ID='credit_default_ml_pipeline' AIRFLOW_CTX_TASK_ID='monitoring.evidently_drift_report' AIRFLOW_CTX_EXECUTION_DATE='2024-04-01T00:00:00+00:00' AIRFLOW_CTX_TRY_NUMBER='1' AIRFLOW_CTX_DAG_RUN_ID='scheduled__2024-04-01T00:00:00+00:00'
[2026-06-21T02:45:39.724+0000] {taskinstance.py:430} INFO - ::endgroup::
[2026-06-21T02:45:39.729+0000] {subprocess.py:63} INFO - Tmp dir root location: /tmp
[2026-06-21T02:45:39.730+0000] {subprocess.py:75} INFO - Running command: ['/usr/bin/bash', '-c', 'cd /opt/***/scripts && if [ ! -f model_bank/champion.txt ]; then echo \'[SKIP] no champion.txt for 2024-04-01\'; exit 0; fi && CHAMP=$(cat model_bank/champion.txt | tr -d \'\\n\') && python3 evidently_drift_report.py --baseline "2024-09-01" --current "2024-04-01" --modelname "$CHAMP"']
[2026-06-21T02:45:39.734+0000] {subprocess.py:86} INFO - Output:
[2026-06-21T02:45:39.737+0000] {subprocess.py:93} INFO - [SKIP] no champion.txt for 2024-04-01
[2026-06-21T02:45:39.737+0000] {subprocess.py:97} INFO - Command exited with return code 0
[2026-06-21T02:45:39.738+0000] {taskinstance.py:441} INFO - ::group::Post task execution logs
[2026-06-21T02:45:39.747+0000] {taskinstance.py:1206} INFO - Marking task as SUCCESS. dag_id=credit_default_ml_pipeline, task_id=monitoring.evidently_drift_report, run_id=scheduled__2024-04-01T00:00:00+00:00, execution_date=20240401T000000, start_date=20260621T024539, end_date=20260621T024539
[2026-06-21T02:45:39.758+0000] {local_task_job_runner.py:243} INFO - Task exited with return code 0
[2026-06-21T02:45:39.771+0000] {taskinstance.py:3503} INFO - 0 downstream tasks scheduled from follow-on schedule check
[2026-06-21T02:45:39.772+0000] {local_task_job_runner.py:222} INFO - ::endgroup::
[2026-06-21T06:11:19.644+0000] {local_task_job_runner.py:120} INFO - ::group::Pre task execution logs
[2026-06-21T06:11:19.662+0000] {taskinstance.py:2076} INFO - Dependencies all met for dep_context=non-requeueable deps ti=<TaskInstance: credit_default_ml_pipeline.monitoring.evidently_drift_report scheduled__2024-04-01T00:00:00+00:00 [queued]>
[2026-06-21T06:11:19.667+0000] {taskinstance.py:2076} INFO - Dependencies all met for dep_context=requeueable deps ti=<TaskInstance: credit_default_ml_pipeline.monitoring.evidently_drift_report scheduled__2024-04-01T00:00:00+00:00 [queued]>
[2026-06-21T06:11:19.667+0000] {taskinstance.py:2306} INFO - Starting attempt 1 of 2
[2026-06-21T06:11:19.765+0000] {taskinstance.py:2330} INFO - Executing <Task(BashOperator): monitoring.evidently_drift_report> on 2024-04-01 00:00:00+00:00
[2026-06-21T06:11:19.772+0000] {logging_mixin.py:188} WARNING - /home/***/.local/lib/python3.12/site-packages/***/task/task_runner/standard_task_runner.py:62 DeprecationWarning: This process (pid=51855) is multi-threaded, use of fork() may lead to deadlocks in the child.
[2026-06-21T06:11:19.772+0000] {standard_task_runner.py:64} INFO - Started process 51861 to run task
[2026-06-21T06:11:19.772+0000] {standard_task_runner.py:90} INFO - Running: ['***', 'tasks', 'run', 'credit_default_ml_pipeline', 'monitoring.evidently_drift_report', 'scheduled__2024-04-01T00:00:00+00:00', '--job-id', '4209', '--raw', '--subdir', 'DAGS_FOLDER/dag.py', '--cfg-path', '/tmp/tmpttsh11t4']
[2026-06-21T06:11:19.773+0000] {standard_task_runner.py:91} INFO - Job 4209: Subtask monitoring.evidently_drift_report
[2026-06-21T06:11:19.798+0000] {task_command.py:426} INFO - Running <TaskInstance: credit_default_ml_pipeline.monitoring.evidently_drift_report scheduled__2024-04-01T00:00:00+00:00 [running]> on host 9377a3f0491f
[2026-06-21T06:11:19.833+0000] {taskinstance.py:2648} INFO - Exporting env vars: AIRFLOW_CTX_DAG_OWNER='***' AIRFLOW_CTX_DAG_ID='credit_default_ml_pipeline' AIRFLOW_CTX_TASK_ID='monitoring.evidently_drift_report' AIRFLOW_CTX_EXECUTION_DATE='2024-04-01T00:00:00+00:00' AIRFLOW_CTX_TRY_NUMBER='1' AIRFLOW_CTX_DAG_RUN_ID='scheduled__2024-04-01T00:00:00+00:00'
[2026-06-21T06:11:19.834+0000] {taskinstance.py:430} INFO - ::endgroup::
[2026-06-21T06:11:19.839+0000] {subprocess.py:63} INFO - Tmp dir root location: /tmp
[2026-06-21T06:11:19.840+0000] {subprocess.py:75} INFO - Running command: ['/usr/bin/bash', '-c', 'cd /opt/***/scripts && if [ ! -f model_bank/champion.txt ]; then echo \'[SKIP] no champion.txt for 2024-04-01\'; exit 0; fi && CHAMP=$(cat model_bank/champion.txt | tr -d \'\\n\') && python3 evidently_drift_report.py --baseline "2024-09-01" --current "2024-04-01" --modelname "$CHAMP"']
[2026-06-21T06:11:19.845+0000] {subprocess.py:86} INFO - Output:
[2026-06-21T06:11:19.846+0000] {subprocess.py:93} INFO - [SKIP] no champion.txt for 2024-04-01
[2026-06-21T06:11:19.847+0000] {subprocess.py:97} INFO - Command exited with return code 0
[2026-06-21T06:11:19.847+0000] {taskinstance.py:441} INFO - ::group::Post task execution logs
[2026-06-21T06:11:19.860+0000] {taskinstance.py:1206} INFO - Marking task as SUCCESS. dag_id=credit_default_ml_pipeline, task_id=monitoring.evidently_drift_report, run_id=scheduled__2024-04-01T00:00:00+00:00, execution_date=20240401T000000, start_date=20260621T061119, end_date=20260621T061119
[2026-06-21T06:11:19.872+0000] {local_task_job_runner.py:243} INFO - Task exited with return code 0
[2026-06-21T06:11:19.882+0000] {taskinstance.py:3503} INFO - 0 downstream tasks scheduled from follow-on schedule check
[2026-06-21T06:11:19.883+0000] {local_task_job_runner.py:222} INFO - ::endgroup::
[2026-06-25T18:05:14.610+0000] {local_task_job_runner.py:120} INFO - ::group::Pre task execution logs
[2026-06-25T18:05:14.626+0000] {taskinstance.py:2076} INFO - Dependencies all met for dep_context=non-requeueable deps ti=<TaskInstance: credit_default_ml_pipeline.monitoring.evidently_drift_report scheduled__2024-04-01T00:00:00+00:00 [queued]>
[2026-06-25T18:05:14.632+0000] {taskinstance.py:2076} INFO - Dependencies all met for dep_context=requeueable deps ti=<TaskInstance: credit_default_ml_pipeline.monitoring.evidently_drift_report scheduled__2024-04-01T00:00:00+00:00 [queued]>
[2026-06-25T18:05:14.633+0000] {taskinstance.py:2306} INFO - Starting attempt 1 of 2
[2026-06-25T18:05:14.640+0000] {taskinstance.py:2330} INFO - Executing <Task(BashOperator): monitoring.evidently_drift_report> on 2024-04-01 00:00:00+00:00
[2026-06-25T18:05:14.644+0000] {logging_mixin.py:188} WARNING - /home/***/.local/lib/python3.12/site-packages/***/task/task_runner/standard_task_runner.py:62 DeprecationWarning: This process (pid=51225) is multi-threaded, use of fork() may lead to deadlocks in the child.
[2026-06-25T18:05:14.644+0000] {standard_task_runner.py:90} INFO - Running: ['***', 'tasks', 'run', 'credit_default_ml_pipeline', 'monitoring.evidently_drift_report', 'scheduled__2024-04-01T00:00:00+00:00', '--job-id', '4672', '--raw', '--subdir', 'DAGS_FOLDER/dag.py', '--cfg-path', '/tmp/tmpgmuwj4iu']
[2026-06-25T18:05:14.646+0000] {standard_task_runner.py:64} INFO - Started process 51233 to run task
[2026-06-25T18:05:14.646+0000] {standard_task_runner.py:91} INFO - Job 4672: Subtask monitoring.evidently_drift_report
[2026-06-25T18:05:14.670+0000] {task_command.py:426} INFO - Running <TaskInstance: credit_default_ml_pipeline.monitoring.evidently_drift_report scheduled__2024-04-01T00:00:00+00:00 [running]> on host b54b2be331ab
[2026-06-25T18:05:14.807+0000] {taskinstance.py:2648} INFO - Exporting env vars: AIRFLOW_CTX_DAG_OWNER='***' AIRFLOW_CTX_DAG_ID='credit_default_ml_pipeline' AIRFLOW_CTX_TASK_ID='monitoring.evidently_drift_report' AIRFLOW_CTX_EXECUTION_DATE='2024-04-01T00:00:00+00:00' AIRFLOW_CTX_TRY_NUMBER='1' AIRFLOW_CTX_DAG_RUN_ID='scheduled__2024-04-01T00:00:00+00:00'
[2026-06-25T18:05:14.808+0000] {taskinstance.py:430} INFO - ::endgroup::
[2026-06-25T18:05:14.813+0000] {subprocess.py:63} INFO - Tmp dir root location: /tmp
[2026-06-25T18:05:14.814+0000] {subprocess.py:75} INFO - Running command: ['/usr/bin/bash', '-c', 'cd /opt/***/scripts && if [ ! -f model_bank/champion.txt ]; then echo \'[SKIP] no champion.txt for 2024-04-01\'; exit 0; fi && CHAMP=$(cat model_bank/champion.txt | tr -d \'\\n\') && python3 evidently_drift_report.py --baseline "2024-09-01" --current "2024-04-01" --modelname "$CHAMP"']
[2026-06-25T18:05:14.819+0000] {subprocess.py:86} INFO - Output:
[2026-06-25T18:05:14.820+0000] {subprocess.py:93} INFO - [SKIP] no champion.txt for 2024-04-01
[2026-06-25T18:05:14.821+0000] {subprocess.py:97} INFO - Command exited with return code 0
[2026-06-25T18:05:14.821+0000] {taskinstance.py:441} INFO - ::group::Post task execution logs
[2026-06-25T18:05:14.832+0000] {taskinstance.py:1206} INFO - Marking task as SUCCESS. dag_id=credit_default_ml_pipeline, task_id=monitoring.evidently_drift_report, run_id=scheduled__2024-04-01T00:00:00+00:00, execution_date=20240401T000000, start_date=20260625T180514, end_date=20260625T180514
[2026-06-25T18:05:14.868+0000] {local_task_job_runner.py:243} INFO - Task exited with return code 0
[2026-06-25T18:05:14.880+0000] {taskinstance.py:3503} INFO - 0 downstream tasks scheduled from follow-on schedule check
[2026-06-25T18:05:14.882+0000] {local_task_job_runner.py:222} INFO - ::endgroup::
