[2026-06-18T04:13:54.399+0000] {local_task_job_runner.py:120} INFO - ::group::Pre task execution logs
[2026-06-18T04:13:54.412+0000] {taskinstance.py:2076} INFO - Dependencies all met for dep_context=non-requeueable deps ti=<TaskInstance: credit_default_ml_pipeline.monitoring.champion_monitor scheduled__2024-02-01T00:00:00+00:00 [queued]>
[2026-06-18T04:13:54.416+0000] {taskinstance.py:2076} INFO - Dependencies all met for dep_context=requeueable deps ti=<TaskInstance: credit_default_ml_pipeline.monitoring.champion_monitor scheduled__2024-02-01T00:00:00+00:00 [queued]>
[2026-06-18T04:13:54.417+0000] {taskinstance.py:2306} INFO - Starting attempt 2 of 3
[2026-06-18T04:13:54.422+0000] {taskinstance.py:2330} INFO - Executing <Task(BashOperator): monitoring.champion_monitor> on 2024-02-01 00:00:00+00:00
[2026-06-18T04:13:54.428+0000] {logging_mixin.py:188} WARNING - /home/***/.local/lib/python3.12/site-packages/***/task/task_runner/standard_task_runner.py:62 DeprecationWarning: This process (pid=69024) is multi-threaded, use of fork() may lead to deadlocks in the child.
[2026-06-18T04:13:54.428+0000] {standard_task_runner.py:90} INFO - Running: ['***', 'tasks', 'run', 'credit_default_ml_pipeline', 'monitoring.champion_monitor', 'scheduled__2024-02-01T00:00:00+00:00', '--job-id', '1156', '--raw', '--subdir', 'DAGS_FOLDER/dag.py', '--cfg-path', '/tmp/tmp31uk2p_5']
[2026-06-18T04:13:54.429+0000] {standard_task_runner.py:64} INFO - Started process 69029 to run task
[2026-06-18T04:13:54.430+0000] {standard_task_runner.py:91} INFO - Job 1156: Subtask monitoring.champion_monitor
[2026-06-18T04:13:54.461+0000] {task_command.py:426} INFO - Running <TaskInstance: credit_default_ml_pipeline.monitoring.champion_monitor scheduled__2024-02-01T00:00:00+00:00 [running]> on host bfbc24b887a5
[2026-06-18T04:13:54.629+0000] {taskinstance.py:2648} INFO - Exporting env vars: AIRFLOW_CTX_DAG_OWNER='***' AIRFLOW_CTX_DAG_ID='credit_default_ml_pipeline' AIRFLOW_CTX_TASK_ID='monitoring.champion_monitor' AIRFLOW_CTX_EXECUTION_DATE='2024-02-01T00:00:00+00:00' AIRFLOW_CTX_TRY_NUMBER='2' AIRFLOW_CTX_DAG_RUN_ID='scheduled__2024-02-01T00:00:00+00:00'
[2026-06-18T04:13:54.630+0000] {taskinstance.py:430} INFO - ::endgroup::
[2026-06-18T04:13:54.637+0000] {subprocess.py:63} INFO - Tmp dir root location: /tmp
[2026-06-18T04:13:54.638+0000] {subprocess.py:75} INFO - Running command: ['/usr/bin/bash', '-c', 'cd /opt/***/scripts && if [ -f model_bank/champion.txt ]; then CHAMPION=$(cat model_bank/champion.txt) && python3 model_monitor.py --snapshotdate "2024-02-01" --modelname "$CHAMPION"; else echo "[skip] champion.txt not found yet - no model deployed as of 2024-02-01"; fi']
[2026-06-18T04:13:54.644+0000] {subprocess.py:86} INFO - Output:
[2026-06-18T04:13:54.646+0000] {subprocess.py:93} INFO - [skip] champion.txt not found yet - no model deployed as of 2024-02-01
[2026-06-18T04:13:54.647+0000] {subprocess.py:97} INFO - Command exited with return code 0
[2026-06-18T04:13:54.649+0000] {taskinstance.py:441} INFO - ::group::Post task execution logs
[2026-06-18T04:13:54.667+0000] {taskinstance.py:1206} INFO - Marking task as SUCCESS. dag_id=credit_default_ml_pipeline, task_id=monitoring.champion_monitor, run_id=scheduled__2024-02-01T00:00:00+00:00, execution_date=20240201T000000, start_date=20260618T041354, end_date=20260618T041354
[2026-06-18T04:13:54.700+0000] {local_task_job_runner.py:243} INFO - Task exited with return code 0
[2026-06-18T04:13:54.707+0000] {local_task_job_runner.py:222} INFO - ::endgroup::
