[2026-06-18T04:20:46.989+0000] {local_task_job_runner.py:120} INFO - ::group::Pre task execution logs
[2026-06-18T04:20:47.028+0000] {taskinstance.py:2076} INFO - Dependencies all met for dep_context=non-requeueable deps ti=<TaskInstance: credit_default_ml_pipeline.feature_pipeline.feature_silver_attributes scheduled__2024-05-01T00:00:00+00:00 [queued]>
[2026-06-18T04:20:47.041+0000] {taskinstance.py:2076} INFO - Dependencies all met for dep_context=requeueable deps ti=<TaskInstance: credit_default_ml_pipeline.feature_pipeline.feature_silver_attributes scheduled__2024-05-01T00:00:00+00:00 [queued]>
[2026-06-18T04:20:47.043+0000] {taskinstance.py:2306} INFO - Starting attempt 3 of 4
[2026-06-18T04:20:47.060+0000] {taskinstance.py:2330} INFO - Executing <Task(BashOperator): feature_pipeline.feature_silver_attributes> on 2024-05-01 00:00:00+00:00
[2026-06-18T04:20:47.073+0000] {standard_task_runner.py:90} INFO - Running: ['***', 'tasks', 'run', 'credit_default_ml_pipeline', 'feature_pipeline.feature_silver_attributes', 'scheduled__2024-05-01T00:00:00+00:00', '--job-id', '1198', '--raw', '--subdir', 'DAGS_FOLDER/dag.py', '--cfg-path', '/tmp/tmp9fjru06w']
[2026-06-18T04:20:47.074+0000] {logging_mixin.py:188} WARNING - /home/***/.local/lib/python3.12/site-packages/***/task/task_runner/standard_task_runner.py:62 DeprecationWarning: This process (pid=76515) is multi-threaded, use of fork() may lead to deadlocks in the child.
[2026-06-18T04:20:47.077+0000] {standard_task_runner.py:91} INFO - Job 1198: Subtask feature_pipeline.feature_silver_attributes
[2026-06-18T04:20:47.078+0000] {standard_task_runner.py:64} INFO - Started process 76523 to run task
[2026-06-18T04:20:47.142+0000] {task_command.py:426} INFO - Running <TaskInstance: credit_default_ml_pipeline.feature_pipeline.feature_silver_attributes scheduled__2024-05-01T00:00:00+00:00 [running]> on host bfbc24b887a5
[2026-06-18T04:20:47.465+0000] {taskinstance.py:2648} INFO - Exporting env vars: AIRFLOW_CTX_DAG_OWNER='***' AIRFLOW_CTX_DAG_ID='credit_default_ml_pipeline' AIRFLOW_CTX_TASK_ID='feature_pipeline.feature_silver_attributes' AIRFLOW_CTX_EXECUTION_DATE='2024-05-01T00:00:00+00:00' AIRFLOW_CTX_TRY_NUMBER='3' AIRFLOW_CTX_DAG_RUN_ID='scheduled__2024-05-01T00:00:00+00:00'
[2026-06-18T04:20:47.467+0000] {taskinstance.py:430} INFO - ::endgroup::
[2026-06-18T04:20:47.480+0000] {subprocess.py:63} INFO - Tmp dir root location: /tmp
[2026-06-18T04:20:47.482+0000] {subprocess.py:75} INFO - Running command: ['/usr/bin/bash', '-c', 'cd /opt/***/scripts && python3 silver_processing.py --snapshotdate "2024-05-01" --source attributes']
[2026-06-18T04:20:47.492+0000] {subprocess.py:86} INFO - Output:
[2026-06-18T04:20:51.042+0000] {subprocess.py:93} INFO - Setting default log level to "WARN".
[2026-06-18T04:20:51.046+0000] {subprocess.py:93} INFO - To adjust logging level use sc.setLogLevel(newLevel). For SparkR, use setLogLevel(newLevel).
[2026-06-18T04:20:51.391+0000] {subprocess.py:93} INFO - 26/06/18 04:20:51 WARN NativeCodeLoader: Unable to load native-hadoop library for your platform... using builtin-java classes where applicable
[2026-06-18T04:20:52.653+0000] {subprocess.py:93} INFO - 26/06/18 04:20:52 WARN Utils: Service 'SparkUI' could not bind on port 4040. Attempting port 4041.
[2026-06-18T04:20:52.657+0000] {subprocess.py:93} INFO - 26/06/18 04:20:52 WARN Utils: Service 'SparkUI' could not bind on port 4041. Attempting port 4042.
[2026-06-18T04:20:52.660+0000] {subprocess.py:93} INFO - 26/06/18 04:20:52 WARN Utils: Service 'SparkUI' could not bind on port 4042. Attempting port 4043.
[2026-06-18T04:21:05.283+0000] {subprocess.py:93} INFO - [Stage 0:>                                                          (0 + 1) / 1]                                                                                [Stage 1:>                                                          (0 + 1) / 1]                                                                                [Stage 5:>                                                          (0 + 1) / 1]
[2026-06-18T04:21:05.288+0000] {subprocess.py:93} INFO - --- silver attributes 2024-05-01 ---
[2026-06-18T04:21:05.295+0000] {subprocess.py:93} INFO - 
[2026-06-18T04:21:05.298+0000] {subprocess.py:93} INFO - [silver:attributes] loaded datamart/bronze/attributes/bronze_attributes_2024_05_01.csv rows: 491
[2026-06-18T04:21:05.300+0000] {subprocess.py:93} INFO - [silver:attributes] saved to: datamart/silver/attributes/2024_05_01.parquet
[2026-06-18T04:21:05.301+0000] {subprocess.py:93} INFO - 
[2026-06-18T04:21:05.303+0000] {subprocess.py:93} INFO - --- done ---
[2026-06-18T04:21:05.305+0000] {subprocess.py:93} INFO - 
[2026-06-18T04:21:05.841+0000] {subprocess.py:97} INFO - Command exited with return code 0
[2026-06-18T04:21:05.851+0000] {taskinstance.py:441} INFO - ::group::Post task execution logs
[2026-06-18T04:21:05.892+0000] {taskinstance.py:1206} INFO - Marking task as SUCCESS. dag_id=credit_default_ml_pipeline, task_id=feature_pipeline.feature_silver_attributes, run_id=scheduled__2024-05-01T00:00:00+00:00, execution_date=20240501T000000, start_date=20260618T042047, end_date=20260618T042105
[2026-06-18T04:21:05.945+0000] {local_task_job_runner.py:243} INFO - Task exited with return code 0
[2026-06-18T04:21:06.204+0000] {taskinstance.py:3503} INFO - 0 downstream tasks scheduled from follow-on schedule check
[2026-06-18T04:21:06.207+0000] {local_task_job_runner.py:222} INFO - ::endgroup::
