[2026-06-18T04:40:29.981+0000] {local_task_job_runner.py:120} INFO - ::group::Pre task execution logs
[2026-06-18T04:40:30.007+0000] {taskinstance.py:2076} INFO - Dependencies all met for dep_context=non-requeueable deps ti=<TaskInstance: credit_default_ml_pipeline.feature_pipeline.feature_bronze_clickstream scheduled__2024-11-01T00:00:00+00:00 [queued]>
[2026-06-18T04:40:30.016+0000] {taskinstance.py:2076} INFO - Dependencies all met for dep_context=requeueable deps ti=<TaskInstance: credit_default_ml_pipeline.feature_pipeline.feature_bronze_clickstream scheduled__2024-11-01T00:00:00+00:00 [queued]>
[2026-06-18T04:40:30.017+0000] {taskinstance.py:2306} INFO - Starting attempt 3 of 4
[2026-06-18T04:40:30.028+0000] {taskinstance.py:2330} INFO - Executing <Task(BashOperator): feature_pipeline.feature_bronze_clickstream> on 2024-11-01 00:00:00+00:00
[2026-06-18T04:40:30.036+0000] {logging_mixin.py:188} WARNING - /home/***/.local/lib/python3.12/site-packages/***/task/task_runner/standard_task_runner.py:62 DeprecationWarning: This process (pid=96666) is multi-threaded, use of fork() may lead to deadlocks in the child.
[2026-06-18T04:40:30.038+0000] {standard_task_runner.py:64} INFO - Started process 96673 to run task
[2026-06-18T04:40:30.038+0000] {standard_task_runner.py:90} INFO - Running: ['***', 'tasks', 'run', 'credit_default_ml_pipeline', 'feature_pipeline.feature_bronze_clickstream', 'scheduled__2024-11-01T00:00:00+00:00', '--job-id', '1306', '--raw', '--subdir', 'DAGS_FOLDER/dag.py', '--cfg-path', '/tmp/tmpzy8jphon']
[2026-06-18T04:40:30.044+0000] {standard_task_runner.py:91} INFO - Job 1306: Subtask feature_pipeline.feature_bronze_clickstream
[2026-06-18T04:40:30.090+0000] {task_command.py:426} INFO - Running <TaskInstance: credit_default_ml_pipeline.feature_pipeline.feature_bronze_clickstream scheduled__2024-11-01T00:00:00+00:00 [running]> on host bfbc24b887a5
[2026-06-18T04:40:30.350+0000] {taskinstance.py:2648} INFO - Exporting env vars: AIRFLOW_CTX_DAG_OWNER='***' AIRFLOW_CTX_DAG_ID='credit_default_ml_pipeline' AIRFLOW_CTX_TASK_ID='feature_pipeline.feature_bronze_clickstream' AIRFLOW_CTX_EXECUTION_DATE='2024-11-01T00:00:00+00:00' AIRFLOW_CTX_TRY_NUMBER='3' AIRFLOW_CTX_DAG_RUN_ID='scheduled__2024-11-01T00:00:00+00:00'
[2026-06-18T04:40:30.351+0000] {taskinstance.py:430} INFO - ::endgroup::
[2026-06-18T04:40:30.359+0000] {subprocess.py:63} INFO - Tmp dir root location: /tmp
[2026-06-18T04:40:30.360+0000] {subprocess.py:75} INFO - Running command: ['/usr/bin/bash', '-c', 'cd /opt/***/scripts && python3 bronze_processing.py --snapshotdate "2024-11-01" --source clickstream']
[2026-06-18T04:40:30.370+0000] {subprocess.py:86} INFO - Output:
[2026-06-18T04:40:33.051+0000] {subprocess.py:93} INFO - Setting default log level to "WARN".
[2026-06-18T04:40:33.053+0000] {subprocess.py:93} INFO - To adjust logging level use sc.setLogLevel(newLevel). For SparkR, use setLogLevel(newLevel).
[2026-06-18T04:40:33.497+0000] {subprocess.py:93} INFO - 26/06/18 04:40:33 WARN NativeCodeLoader: Unable to load native-hadoop library for your platform... using builtin-java classes where applicable
[2026-06-18T04:40:34.613+0000] {subprocess.py:93} INFO - 26/06/18 04:40:34 WARN Utils: Service 'SparkUI' could not bind on port 4040. Attempting port 4041.
[2026-06-18T04:40:46.654+0000] {subprocess.py:93} INFO - [Stage 1:>                                                          (0 + 5) / 5]                                                                                [Stage 2:>                                                          (0 + 5) / 5]                                                                                [Stage 5:>                                                          (0 + 5) / 5][Stage 5:===============================================>           (4 + 1) / 5]
[2026-06-18T04:40:46.660+0000] {subprocess.py:93} INFO - --- bronze clickstream 2024-11-01 ---
[2026-06-18T04:40:46.662+0000] {subprocess.py:93} INFO - 
[2026-06-18T04:40:46.664+0000] {subprocess.py:93} INFO - [bronze:clickstream] 2024-11-01 row count: 8974
[2026-06-18T04:40:46.668+0000] {subprocess.py:93} INFO - [bronze:clickstream] saved to: datamart/bronze/clickstream/bronze_clickstream_2024_11_01.csv
[2026-06-18T04:40:46.669+0000] {subprocess.py:93} INFO - 
[2026-06-18T04:40:46.670+0000] {subprocess.py:93} INFO - --- done ---
[2026-06-18T04:40:46.672+0000] {subprocess.py:93} INFO - 
[2026-06-18T04:40:47.291+0000] {subprocess.py:97} INFO - Command exited with return code 0
[2026-06-18T04:40:47.294+0000] {taskinstance.py:441} INFO - ::group::Post task execution logs
[2026-06-18T04:40:47.326+0000] {taskinstance.py:1206} INFO - Marking task as SUCCESS. dag_id=credit_default_ml_pipeline, task_id=feature_pipeline.feature_bronze_clickstream, run_id=scheduled__2024-11-01T00:00:00+00:00, execution_date=20241101T000000, start_date=20260618T044030, end_date=20260618T044047
[2026-06-18T04:40:47.385+0000] {local_task_job_runner.py:243} INFO - Task exited with return code 0
[2026-06-18T04:40:47.624+0000] {taskinstance.py:3503} INFO - 1 downstream tasks scheduled from follow-on schedule check
[2026-06-18T04:40:47.625+0000] {local_task_job_runner.py:222} INFO - ::endgroup::
