[2026-06-18T04:00:05.208+0000] {local_task_job_runner.py:120} INFO - ::group::Pre task execution logs
[2026-06-18T04:00:05.223+0000] {taskinstance.py:2076} INFO - Dependencies all met for dep_context=non-requeueable deps ti=<TaskInstance: credit_default_ml_pipeline.feature_pipeline.feature_bronze_clickstream scheduled__2023-10-01T00:00:00+00:00 [queued]>
[2026-06-18T04:00:05.228+0000] {taskinstance.py:2076} INFO - Dependencies all met for dep_context=requeueable deps ti=<TaskInstance: credit_default_ml_pipeline.feature_pipeline.feature_bronze_clickstream scheduled__2023-10-01T00:00:00+00:00 [queued]>
[2026-06-18T04:00:05.229+0000] {taskinstance.py:2306} INFO - Starting attempt 3 of 4
[2026-06-18T04:00:05.239+0000] {taskinstance.py:2330} INFO - Executing <Task(BashOperator): feature_pipeline.feature_bronze_clickstream> on 2023-10-01 00:00:00+00:00
[2026-06-18T04:00:05.245+0000] {logging_mixin.py:188} WARNING - /home/***/.local/lib/python3.12/site-packages/***/task/task_runner/standard_task_runner.py:62 DeprecationWarning: This process (pid=52916) is multi-threaded, use of fork() may lead to deadlocks in the child.
[2026-06-18T04:00:05.246+0000] {standard_task_runner.py:64} INFO - Started process 52927 to run task
[2026-06-18T04:00:05.245+0000] {standard_task_runner.py:90} INFO - Running: ['***', 'tasks', 'run', 'credit_default_ml_pipeline', 'feature_pipeline.feature_bronze_clickstream', 'scheduled__2023-10-01T00:00:00+00:00', '--job-id', '1070', '--raw', '--subdir', 'DAGS_FOLDER/dag.py', '--cfg-path', '/tmp/tmpfmkygsdz']
[2026-06-18T04:00:05.247+0000] {standard_task_runner.py:91} INFO - Job 1070: Subtask feature_pipeline.feature_bronze_clickstream
[2026-06-18T04:00:05.284+0000] {task_command.py:426} INFO - Running <TaskInstance: credit_default_ml_pipeline.feature_pipeline.feature_bronze_clickstream scheduled__2023-10-01T00:00:00+00:00 [running]> on host bfbc24b887a5
[2026-06-18T04:00:05.487+0000] {taskinstance.py:2648} INFO - Exporting env vars: AIRFLOW_CTX_DAG_OWNER='***' AIRFLOW_CTX_DAG_ID='credit_default_ml_pipeline' AIRFLOW_CTX_TASK_ID='feature_pipeline.feature_bronze_clickstream' AIRFLOW_CTX_EXECUTION_DATE='2023-10-01T00:00:00+00:00' AIRFLOW_CTX_TRY_NUMBER='3' AIRFLOW_CTX_DAG_RUN_ID='scheduled__2023-10-01T00:00:00+00:00'
[2026-06-18T04:00:05.488+0000] {taskinstance.py:430} INFO - ::endgroup::
[2026-06-18T04:00:05.493+0000] {subprocess.py:63} INFO - Tmp dir root location: /tmp
[2026-06-18T04:00:05.494+0000] {subprocess.py:75} INFO - Running command: ['/usr/bin/bash', '-c', 'cd /opt/***/scripts && python3 bronze_processing.py --snapshotdate "2023-10-01" --source clickstream']
[2026-06-18T04:00:05.501+0000] {subprocess.py:86} INFO - Output:
[2026-06-18T04:00:07.500+0000] {subprocess.py:93} INFO - Setting default log level to "WARN".
[2026-06-18T04:00:07.501+0000] {subprocess.py:93} INFO - To adjust logging level use sc.setLogLevel(newLevel). For SparkR, use setLogLevel(newLevel).
[2026-06-18T04:00:07.743+0000] {subprocess.py:93} INFO - 26/06/18 04:00:07 WARN NativeCodeLoader: Unable to load native-hadoop library for your platform... using builtin-java classes where applicable
[2026-06-18T04:00:19.837+0000] {subprocess.py:93} INFO - [Stage 1:>                                                          (0 + 5) / 5][Stage 1:=======================>                                   (2 + 3) / 5]                                                                                [Stage 2:>                                                          (0 + 5) / 5]
[2026-06-18T04:00:19.844+0000] {subprocess.py:93} INFO - --- bronze clickstream 2023-10-01 ---
[2026-06-18T04:00:19.845+0000] {subprocess.py:93} INFO - 
[2026-06-18T04:00:19.845+0000] {subprocess.py:93} INFO - [bronze:clickstream] 2023-10-01 row count: 8974
[2026-06-18T04:00:19.846+0000] {subprocess.py:93} INFO - [bronze:clickstream] saved to: datamart/bronze/clickstream/bronze_clickstream_2023_10_01.csv
[2026-06-18T04:00:19.847+0000] {subprocess.py:93} INFO - 
[2026-06-18T04:00:19.848+0000] {subprocess.py:93} INFO - --- done ---
[2026-06-18T04:00:19.849+0000] {subprocess.py:93} INFO - 
[2026-06-18T04:00:20.392+0000] {subprocess.py:97} INFO - Command exited with return code 0
[2026-06-18T04:00:20.396+0000] {taskinstance.py:441} INFO - ::group::Post task execution logs
[2026-06-18T04:00:20.442+0000] {taskinstance.py:1206} INFO - Marking task as SUCCESS. dag_id=credit_default_ml_pipeline, task_id=feature_pipeline.feature_bronze_clickstream, run_id=scheduled__2023-10-01T00:00:00+00:00, execution_date=20231001T000000, start_date=20260618T040005, end_date=20260618T040020
[2026-06-18T04:00:20.472+0000] {local_task_job_runner.py:243} INFO - Task exited with return code 0
[2026-06-18T04:00:20.730+0000] {taskinstance.py:3503} INFO - 1 downstream tasks scheduled from follow-on schedule check
[2026-06-18T04:00:20.732+0000] {local_task_job_runner.py:222} INFO - ::endgroup::
