[2026-06-17T01:36:55.735+0000] {local_task_job_runner.py:120} INFO - ::group::Pre task execution logs
[2026-06-17T01:36:55.750+0000] {taskinstance.py:2076} INFO - Dependencies all met for dep_context=non-requeueable deps ti=<TaskInstance: credit_default_ml_pipeline.inference.challenger_inference scheduled__2024-12-01T00:00:00+00:00 [queued]>
[2026-06-17T01:36:55.757+0000] {taskinstance.py:2076} INFO - Dependencies all met for dep_context=requeueable deps ti=<TaskInstance: credit_default_ml_pipeline.inference.challenger_inference scheduled__2024-12-01T00:00:00+00:00 [queued]>
[2026-06-17T01:36:55.757+0000] {taskinstance.py:2306} INFO - Starting attempt 1 of 2
[2026-06-17T01:36:55.762+0000] {taskinstance.py:2330} INFO - Executing <Task(BashOperator): inference.challenger_inference> on 2024-12-01 00:00:00+00:00
[2026-06-17T01:36:55.765+0000] {logging_mixin.py:188} WARNING - /home/***/.local/lib/python3.12/site-packages/***/task/task_runner/standard_task_runner.py:62 DeprecationWarning: This process (pid=18046) is multi-threaded, use of fork() may lead to deadlocks in the child.
[2026-06-17T01:36:55.766+0000] {standard_task_runner.py:64} INFO - Started process 18048 to run task
[2026-06-17T01:36:55.765+0000] {standard_task_runner.py:90} INFO - Running: ['***', 'tasks', 'run', 'credit_default_ml_pipeline', 'inference.challenger_inference', 'scheduled__2024-12-01T00:00:00+00:00', '--job-id', '815', '--raw', '--subdir', 'DAGS_FOLDER/dag.py', '--cfg-path', '/tmp/tmp0it7ofcm']
[2026-06-17T01:36:55.767+0000] {standard_task_runner.py:91} INFO - Job 815: Subtask inference.challenger_inference
[2026-06-17T01:36:55.784+0000] {task_command.py:426} INFO - Running <TaskInstance: credit_default_ml_pipeline.inference.challenger_inference scheduled__2024-12-01T00:00:00+00:00 [running]> on host 2b9b50b7433d
[2026-06-17T01:36:55.812+0000] {taskinstance.py:2648} INFO - Exporting env vars: AIRFLOW_CTX_DAG_OWNER='***' AIRFLOW_CTX_DAG_ID='credit_default_ml_pipeline' AIRFLOW_CTX_TASK_ID='inference.challenger_inference' AIRFLOW_CTX_EXECUTION_DATE='2024-12-01T00:00:00+00:00' AIRFLOW_CTX_TRY_NUMBER='1' AIRFLOW_CTX_DAG_RUN_ID='scheduled__2024-12-01T00:00:00+00:00'
[2026-06-17T01:36:55.812+0000] {taskinstance.py:430} INFO - ::endgroup::
[2026-06-17T01:36:55.818+0000] {subprocess.py:63} INFO - Tmp dir root location: /tmp
[2026-06-17T01:36:55.819+0000] {subprocess.py:75} INFO - Running command: ['/usr/bin/bash', '-c', 'cd /opt/***/scripts && python3 model_inference.py --snapshotdate "2024-12-01" --modelname "credit_logreg_2024_09_01.pkl"']
[2026-06-17T01:36:55.822+0000] {subprocess.py:86} INFO - Output:
[2026-06-17T01:36:57.151+0000] {subprocess.py:93} INFO - Setting default log level to "WARN".
[2026-06-17T01:36:57.153+0000] {subprocess.py:93} INFO - To adjust logging level use sc.setLogLevel(newLevel). For SparkR, use setLogLevel(newLevel).
[2026-06-17T01:36:57.319+0000] {subprocess.py:93} INFO - 26/06/17 01:36:57 WARN NativeCodeLoader: Unable to load native-hadoop library for your platform... using builtin-java classes where applicable
[2026-06-17T01:36:57.606+0000] {subprocess.py:93} INFO - 26/06/17 01:36:57 WARN Utils: Service 'SparkUI' could not bind on port 4040. Attempting port 4041.
[2026-06-17T01:37:00.339+0000] {subprocess.py:93} INFO - 
[2026-06-17T01:37:00.342+0000] {subprocess.py:93} INFO - --- inference 2024-12-01 / credit_logreg_2024_09_01.pkl ---
[2026-06-17T01:37:00.344+0000] {subprocess.py:93} INFO - 
[2026-06-17T01:37:00.348+0000] {subprocess.py:93} INFO - loaded model: model_bank/credit_logreg_2024_09_01.pkl
[2026-06-17T01:37:00.349+0000] {subprocess.py:93} INFO - saved predictions: datamart/gold/model_predictions/credit_logreg_2024_09_01/credit_logreg_2024_09_01_predictions_2024_12_01.parquet (515 rows, mean_score=0.3816)
[2026-06-17T01:37:00.350+0000] {subprocess.py:93} INFO - 
[2026-06-17T01:37:00.351+0000] {subprocess.py:93} INFO - --- done ---
[2026-06-17T01:37:00.351+0000] {subprocess.py:93} INFO - 
[2026-06-17T01:37:00.840+0000] {subprocess.py:97} INFO - Command exited with return code 0
[2026-06-17T01:37:00.841+0000] {taskinstance.py:441} INFO - ::group::Post task execution logs
[2026-06-17T01:37:00.851+0000] {taskinstance.py:1206} INFO - Marking task as SUCCESS. dag_id=credit_default_ml_pipeline, task_id=inference.challenger_inference, run_id=scheduled__2024-12-01T00:00:00+00:00, execution_date=20241201T000000, start_date=20260617T013655, end_date=20260617T013700
[2026-06-17T01:37:00.861+0000] {local_task_job_runner.py:243} INFO - Task exited with return code 0
[2026-06-17T01:37:00.869+0000] {taskinstance.py:3503} INFO - 0 downstream tasks scheduled from follow-on schedule check
[2026-06-17T01:37:00.870+0000] {local_task_job_runner.py:222} INFO - ::endgroup::
