[2026-06-18T03:43:27.220+0000] {local_task_job_runner.py:120} INFO - ::group::Pre task execution logs
[2026-06-18T03:43:27.244+0000] {taskinstance.py:2076} INFO - Dependencies all met for dep_context=non-requeueable deps ti=<TaskInstance: credit_default_ml_pipeline.feature_pipeline.feature_silver_attributes scheduled__2023-03-01T00:00:00+00:00 [queued]>
[2026-06-18T03:43:27.251+0000] {taskinstance.py:2076} INFO - Dependencies all met for dep_context=requeueable deps ti=<TaskInstance: credit_default_ml_pipeline.feature_pipeline.feature_silver_attributes scheduled__2023-03-01T00:00:00+00:00 [queued]>
[2026-06-18T03:43:27.252+0000] {taskinstance.py:2306} INFO - Starting attempt 4 of 5
[2026-06-18T03:43:27.262+0000] {taskinstance.py:2330} INFO - Executing <Task(BashOperator): feature_pipeline.feature_silver_attributes> on 2023-03-01 00:00:00+00:00
[2026-06-18T03:43:27.269+0000] {logging_mixin.py:188} WARNING - /home/***/.local/lib/python3.12/site-packages/***/task/task_runner/standard_task_runner.py:62 DeprecationWarning: This process (pid=34546) is multi-threaded, use of fork() may lead to deadlocks in the child.
[2026-06-18T03:43:27.271+0000] {standard_task_runner.py:64} INFO - Started process 34554 to run task
[2026-06-18T03:43:27.270+0000] {standard_task_runner.py:90} INFO - Running: ['***', 'tasks', 'run', 'credit_default_ml_pipeline', 'feature_pipeline.feature_silver_attributes', 'scheduled__2023-03-01T00:00:00+00:00', '--job-id', '965', '--raw', '--subdir', 'DAGS_FOLDER/dag.py', '--cfg-path', '/tmp/tmpowhfiy4f']
[2026-06-18T03:43:27.273+0000] {standard_task_runner.py:91} INFO - Job 965: Subtask feature_pipeline.feature_silver_attributes
[2026-06-18T03:43:27.325+0000] {task_command.py:426} INFO - Running <TaskInstance: credit_default_ml_pipeline.feature_pipeline.feature_silver_attributes scheduled__2023-03-01T00:00:00+00:00 [running]> on host bfbc24b887a5
[2026-06-18T03:43:27.540+0000] {taskinstance.py:2648} INFO - Exporting env vars: AIRFLOW_CTX_DAG_OWNER='***' AIRFLOW_CTX_DAG_ID='credit_default_ml_pipeline' AIRFLOW_CTX_TASK_ID='feature_pipeline.feature_silver_attributes' AIRFLOW_CTX_EXECUTION_DATE='2023-03-01T00:00:00+00:00' AIRFLOW_CTX_TRY_NUMBER='4' AIRFLOW_CTX_DAG_RUN_ID='scheduled__2023-03-01T00:00:00+00:00'
[2026-06-18T03:43:27.542+0000] {taskinstance.py:430} INFO - ::endgroup::
[2026-06-18T03:43:27.550+0000] {subprocess.py:63} INFO - Tmp dir root location: /tmp
[2026-06-18T03:43:27.551+0000] {subprocess.py:75} INFO - Running command: ['/usr/bin/bash', '-c', 'cd /opt/***/scripts && python3 silver_processing.py --snapshotdate "2023-03-01" --source attributes']
[2026-06-18T03:43:27.559+0000] {subprocess.py:86} INFO - Output:
[2026-06-18T03:43:30.602+0000] {subprocess.py:93} INFO - Setting default log level to "WARN".
[2026-06-18T03:43:30.604+0000] {subprocess.py:93} INFO - To adjust logging level use sc.setLogLevel(newLevel). For SparkR, use setLogLevel(newLevel).
[2026-06-18T03:43:30.930+0000] {subprocess.py:93} INFO - 26/06/18 03:43:30 WARN NativeCodeLoader: Unable to load native-hadoop library for your platform... using builtin-java classes where applicable
[2026-06-18T03:43:32.015+0000] {subprocess.py:93} INFO - 26/06/18 03:43:32 WARN Utils: Service 'SparkUI' could not bind on port 4040. Attempting port 4041.
[2026-06-18T03:43:43.628+0000] {subprocess.py:93} INFO - [Stage 5:>                                                          (0 + 1) / 1]
[2026-06-18T03:43:43.631+0000] {subprocess.py:93} INFO - --- silver attributes 2023-03-01 ---
[2026-06-18T03:43:43.632+0000] {subprocess.py:93} INFO - 
[2026-06-18T03:43:43.633+0000] {subprocess.py:93} INFO - [silver:attributes] loaded datamart/bronze/attributes/bronze_attributes_2023_03_01.csv rows: 506
[2026-06-18T03:43:43.634+0000] {subprocess.py:93} INFO - [silver:attributes] saved to: datamart/silver/attributes/2023_03_01.parquet
[2026-06-18T03:43:43.635+0000] {subprocess.py:93} INFO - 
[2026-06-18T03:43:43.636+0000] {subprocess.py:93} INFO - --- done ---
[2026-06-18T03:43:43.636+0000] {subprocess.py:93} INFO - 
[2026-06-18T03:43:44.096+0000] {subprocess.py:97} INFO - Command exited with return code 0
[2026-06-18T03:43:44.101+0000] {taskinstance.py:441} INFO - ::group::Post task execution logs
[2026-06-18T03:43:44.140+0000] {taskinstance.py:1206} INFO - Marking task as SUCCESS. dag_id=credit_default_ml_pipeline, task_id=feature_pipeline.feature_silver_attributes, run_id=scheduled__2023-03-01T00:00:00+00:00, execution_date=20230301T000000, start_date=20260618T034327, end_date=20260618T034344
[2026-06-18T03:43:44.179+0000] {local_task_job_runner.py:243} INFO - Task exited with return code 0
[2026-06-18T03:43:44.191+0000] {local_task_job_runner.py:222} INFO - ::endgroup::
