[2026-06-17T01:12:43.057+0000] {local_task_job_runner.py:120} INFO - ::group::Pre task execution logs
[2026-06-17T01:12:43.083+0000] {taskinstance.py:2076} INFO - Dependencies all met for dep_context=non-requeueable deps ti=<TaskInstance: credit_default_ml_pipeline.label_pipeline.label_silver_lms scheduled__2024-04-01T00:00:00+00:00 [queued]>
[2026-06-17T01:12:43.094+0000] {taskinstance.py:2076} INFO - Dependencies all met for dep_context=requeueable deps ti=<TaskInstance: credit_default_ml_pipeline.label_pipeline.label_silver_lms scheduled__2024-04-01T00:00:00+00:00 [queued]>
[2026-06-17T01:12:43.095+0000] {taskinstance.py:2306} INFO - Starting attempt 2 of 3
[2026-06-17T01:12:43.102+0000] {taskinstance.py:2330} INFO - Executing <Task(BashOperator): label_pipeline.label_silver_lms> on 2024-04-01 00:00:00+00:00
[2026-06-17T01:12:43.109+0000] {logging_mixin.py:188} WARNING - /home/***/.local/lib/python3.12/site-packages/***/task/task_runner/standard_task_runner.py:62 DeprecationWarning: This process (pid=88389) is multi-threaded, use of fork() may lead to deadlocks in the child.
[2026-06-17T01:12:43.108+0000] {standard_task_runner.py:90} INFO - Running: ['***', 'tasks', 'run', 'credit_default_ml_pipeline', 'label_pipeline.label_silver_lms', 'scheduled__2024-04-01T00:00:00+00:00', '--job-id', '670', '--raw', '--subdir', 'DAGS_FOLDER/dag.py', '--cfg-path', '/tmp/tmptes_ii6i']
[2026-06-17T01:12:43.111+0000] {standard_task_runner.py:64} INFO - Started process 88391 to run task
[2026-06-17T01:12:43.111+0000] {standard_task_runner.py:91} INFO - Job 670: Subtask label_pipeline.label_silver_lms
[2026-06-17T01:12:43.144+0000] {task_command.py:426} INFO - Running <TaskInstance: credit_default_ml_pipeline.label_pipeline.label_silver_lms scheduled__2024-04-01T00:00:00+00:00 [running]> on host 2b9b50b7433d
[2026-06-17T01:12:43.190+0000] {taskinstance.py:2648} INFO - Exporting env vars: AIRFLOW_CTX_DAG_OWNER='***' AIRFLOW_CTX_DAG_ID='credit_default_ml_pipeline' AIRFLOW_CTX_TASK_ID='label_pipeline.label_silver_lms' AIRFLOW_CTX_EXECUTION_DATE='2024-04-01T00:00:00+00:00' AIRFLOW_CTX_TRY_NUMBER='2' AIRFLOW_CTX_DAG_RUN_ID='scheduled__2024-04-01T00:00:00+00:00'
[2026-06-17T01:12:43.192+0000] {taskinstance.py:430} INFO - ::endgroup::
[2026-06-17T01:12:43.202+0000] {subprocess.py:63} INFO - Tmp dir root location: /tmp
[2026-06-17T01:12:43.203+0000] {subprocess.py:75} INFO - Running command: ['/usr/bin/bash', '-c', 'cd /opt/***/scripts && python3 silver_processing.py --snapshotdate "2024-04-01" --source lms']
[2026-06-17T01:12:43.211+0000] {subprocess.py:86} INFO - Output:
[2026-06-17T01:12:44.969+0000] {subprocess.py:93} INFO - Setting default log level to "WARN".
[2026-06-17T01:12:44.971+0000] {subprocess.py:93} INFO - To adjust logging level use sc.setLogLevel(newLevel). For SparkR, use setLogLevel(newLevel).
[2026-06-17T01:12:45.278+0000] {subprocess.py:93} INFO - 26/06/17 01:12:45 WARN NativeCodeLoader: Unable to load native-hadoop library for your platform... using builtin-java classes where applicable
[2026-06-17T01:12:45.972+0000] {subprocess.py:93} INFO - 26/06/17 01:12:45 WARN Utils: Service 'SparkUI' could not bind on port 4040. Attempting port 4041.
[2026-06-17T01:12:45.974+0000] {subprocess.py:93} INFO - 26/06/17 01:12:45 WARN Utils: Service 'SparkUI' could not bind on port 4041. Attempting port 4042.
[2026-06-17T01:12:52.459+0000] {subprocess.py:93} INFO - [Stage 5:>                                                          (0 + 1) / 1]                                                                                26/06/17 01:12:52 ERROR FileFormatWriter: Aborting job 4363129d-c7bc-4386-aacd-132d6c963e86.
[2026-06-17T01:12:52.462+0000] {subprocess.py:93} INFO - java.io.FileNotFoundException: File file:/opt/***/scripts/datamart/silver/lms/2024_04_01.parquet/_temporary/0 does not exist
[2026-06-17T01:12:52.463+0000] {subprocess.py:93} INFO - 	at org.apache.hadoop.fs.RawLocalFileSystem.listStatus(RawLocalFileSystem.java:597)
[2026-06-17T01:12:52.468+0000] {subprocess.py:93} INFO - 	at org.apache.hadoop.fs.FileSystem.listStatus(FileSystem.java:1972)
[2026-06-17T01:12:52.474+0000] {subprocess.py:93} INFO - 	at org.apache.hadoop.fs.FileSystem.listStatus(FileSystem.java:2014)
[2026-06-17T01:12:52.476+0000] {subprocess.py:93} INFO - 	at org.apache.hadoop.fs.ChecksumFileSystem.listStatus(ChecksumFileSystem.java:761)
[2026-06-17T01:12:52.478+0000] {subprocess.py:93} INFO - 	at org.apache.hadoop.fs.FileSystem.listStatus(FileSystem.java:1972)
[2026-06-17T01:12:52.479+0000] {subprocess.py:93} INFO - 	at org.apache.hadoop.fs.FileSystem.listStatus(FileSystem.java:2014)
[2026-06-17T01:12:52.480+0000] {subprocess.py:93} INFO - 	at org.apache.hadoop.mapreduce.lib.output.FileOutputCommitter.getAllCommittedTaskPaths(FileOutputCommitter.java:334)
[2026-06-17T01:12:52.481+0000] {subprocess.py:93} INFO - 	at org.apache.hadoop.mapreduce.lib.output.FileOutputCommitter.commitJobInternal(FileOutputCommitter.java:404)
[2026-06-17T01:12:52.483+0000] {subprocess.py:93} INFO - 	at org.apache.hadoop.mapreduce.lib.output.FileOutputCommitter.commitJob(FileOutputCommitter.java:377)
[2026-06-17T01:12:52.485+0000] {subprocess.py:93} INFO - 	at org.apache.parquet.hadoop.ParquetOutputCommitter.commitJob(ParquetOutputCommitter.java:48)
[2026-06-17T01:12:52.487+0000] {subprocess.py:93} INFO - 	at org.apache.spark.internal.io.HadoopMapReduceCommitProtocol.commitJob(HadoopMapReduceCommitProtocol.scala:192)
[2026-06-17T01:12:52.488+0000] {subprocess.py:93} INFO - 	at org.apache.spark.sql.execution.datasources.FileFormatWriter$.$anonfun$writeAndCommit$3(FileFormatWriter.scala:275)
[2026-06-17T01:12:52.489+0000] {subprocess.py:93} INFO - 	at scala.runtime.java8.JFunction0$mcV$sp.apply(JFunction0$mcV$sp.java:23)
[2026-06-17T01:12:52.490+0000] {subprocess.py:93} INFO - 	at org.apache.spark.util.Utils$.timeTakenMs(Utils.scala:552)
[2026-06-17T01:12:52.492+0000] {subprocess.py:93} INFO - 	at org.apache.spark.sql.execution.datasources.FileFormatWriter$.writeAndCommit(FileFormatWriter.scala:275)
[2026-06-17T01:12:52.494+0000] {subprocess.py:93} INFO - 	at org.apache.spark.sql.execution.datasources.FileFormatWriter$.executeWrite(FileFormatWriter.scala:304)
[2026-06-17T01:12:52.496+0000] {subprocess.py:93} INFO - 	at org.apache.spark.sql.execution.datasources.FileFormatWriter$.write(FileFormatWriter.scala:190)
[2026-06-17T01:12:52.497+0000] {subprocess.py:93} INFO - 	at org.apache.spark.sql.execution.datasources.InsertIntoHadoopFsRelationCommand.run(InsertIntoHadoopFsRelationCommand.scala:190)
[2026-06-17T01:12:52.499+0000] {subprocess.py:93} INFO - 	at org.apache.spark.sql.execution.command.DataWritingCommandExec.sideEffectResult$lzycompute(commands.scala:113)
[2026-06-17T01:12:52.500+0000] {subprocess.py:93} INFO - 	at org.apache.spark.sql.execution.command.DataWritingCommandExec.sideEffectResult(commands.scala:111)
[2026-06-17T01:12:52.502+0000] {subprocess.py:93} INFO - 	at org.apache.spark.sql.execution.command.DataWritingCommandExec.executeCollect(commands.scala:125)
[2026-06-17T01:12:52.504+0000] {subprocess.py:93} INFO - 	at org.apache.spark.sql.execution.QueryExecution$$anonfun$eagerlyExecuteCommands$1.$anonfun$applyOrElse$1(QueryExecution.scala:107)
[2026-06-17T01:12:52.506+0000] {subprocess.py:93} INFO - 	at org.apache.spark.sql.execution.SQLExecution$.$anonfun$withNewExecutionId$6(SQLExecution.scala:125)
[2026-06-17T01:12:52.507+0000] {subprocess.py:93} INFO - 	at org.apache.spark.sql.execution.SQLExecution$.withSQLConfPropagated(SQLExecution.scala:201)
[2026-06-17T01:12:52.508+0000] {subprocess.py:93} INFO - 	at org.apache.spark.sql.execution.SQLExecution$.$anonfun$withNewExecutionId$1(SQLExecution.scala:108)
[2026-06-17T01:12:52.510+0000] {subprocess.py:93} INFO - 	at org.apache.spark.sql.SparkSession.withActive(SparkSession.scala:900)
[2026-06-17T01:12:52.511+0000] {subprocess.py:93} INFO - 	at org.apache.spark.sql.execution.SQLExecution$.withNewExecutionId(SQLExecution.scala:66)
[2026-06-17T01:12:52.513+0000] {subprocess.py:93} INFO - 	at org.apache.spark.sql.execution.QueryExecution$$anonfun$eagerlyExecuteCommands$1.applyOrElse(QueryExecution.scala:107)
[2026-06-17T01:12:52.516+0000] {subprocess.py:93} INFO - 	at org.apache.spark.sql.execution.QueryExecution$$anonfun$eagerlyExecuteCommands$1.applyOrElse(QueryExecution.scala:98)
[2026-06-17T01:12:52.519+0000] {subprocess.py:93} INFO - 	at org.apache.spark.sql.catalyst.trees.TreeNode.$anonfun$transformDownWithPruning$1(TreeNode.scala:461)
[2026-06-17T01:12:52.520+0000] {subprocess.py:93} INFO - 	at org.apache.spark.sql.catalyst.trees.CurrentOrigin$.withOrigin(origin.scala:76)
[2026-06-17T01:12:52.520+0000] {subprocess.py:93} INFO - 	at org.apache.spark.sql.catalyst.trees.TreeNode.transformDownWithPruning(TreeNode.scala:461)
[2026-06-17T01:12:52.521+0000] {subprocess.py:93} INFO - 	at org.apache.spark.sql.catalyst.plans.logical.LogicalPlan.org$apache$spark$sql$catalyst$plans$logical$AnalysisHelper$$super$transformDownWithPruning(LogicalPlan.scala:32)
[2026-06-17T01:12:52.521+0000] {subprocess.py:93} INFO - 	at org.apache.spark.sql.catalyst.plans.logical.AnalysisHelper.transformDownWithPruning(AnalysisHelper.scala:267)
[2026-06-17T01:12:52.524+0000] {subprocess.py:93} INFO - 	at org.apache.spark.sql.catalyst.plans.logical.AnalysisHelper.transformDownWithPruning$(AnalysisHelper.scala:263)
[2026-06-17T01:12:52.528+0000] {subprocess.py:93} INFO - 	at org.apache.spark.sql.catalyst.plans.logical.LogicalPlan.transformDownWithPruning(LogicalPlan.scala:32)
[2026-06-17T01:12:52.530+0000] {subprocess.py:93} INFO - 	at org.apache.spark.sql.catalyst.plans.logical.LogicalPlan.transformDownWithPruning(LogicalPlan.scala:32)
[2026-06-17T01:12:52.534+0000] {subprocess.py:93} INFO - 	at org.apache.spark.sql.catalyst.trees.TreeNode.transformDown(TreeNode.scala:437)
[2026-06-17T01:12:52.541+0000] {subprocess.py:93} INFO - 	at org.apache.spark.sql.execution.QueryExecution.eagerlyExecuteCommands(QueryExecution.scala:98)
[2026-06-17T01:12:52.543+0000] {subprocess.py:93} INFO - 	at org.apache.spark.sql.execution.QueryExecution.commandExecuted$lzycompute(QueryExecution.scala:85)
[2026-06-17T01:12:52.544+0000] {subprocess.py:93} INFO - 	at org.apache.spark.sql.execution.QueryExecution.commandExecuted(QueryExecution.scala:83)
[2026-06-17T01:12:52.546+0000] {subprocess.py:93} INFO - 	at org.apache.spark.sql.execution.QueryExecution.assertCommandExecuted(QueryExecution.scala:142)
[2026-06-17T01:12:52.547+0000] {subprocess.py:93} INFO - 	at org.apache.spark.sql.DataFrameWriter.runCommand(DataFrameWriter.scala:859)
[2026-06-17T01:12:52.548+0000] {subprocess.py:93} INFO - 	at org.apache.spark.sql.DataFrameWriter.saveToV1Source(DataFrameWriter.scala:388)
[2026-06-17T01:12:52.549+0000] {subprocess.py:93} INFO - 	at org.apache.spark.sql.DataFrameWriter.saveInternal(DataFrameWriter.scala:361)
[2026-06-17T01:12:52.549+0000] {subprocess.py:93} INFO - 	at org.apache.spark.sql.DataFrameWriter.save(DataFrameWriter.scala:240)
[2026-06-17T01:12:52.551+0000] {subprocess.py:93} INFO - 	at org.apache.spark.sql.DataFrameWriter.parquet(DataFrameWriter.scala:792)
[2026-06-17T01:12:52.552+0000] {subprocess.py:93} INFO - 	at java.base/jdk.internal.reflect.NativeMethodAccessorImpl.invoke0(Native Method)
[2026-06-17T01:12:52.553+0000] {subprocess.py:93} INFO - 	at java.base/jdk.internal.reflect.NativeMethodAccessorImpl.invoke(NativeMethodAccessorImpl.java:77)
[2026-06-17T01:12:52.555+0000] {subprocess.py:93} INFO - 	at java.base/jdk.internal.reflect.DelegatingMethodAccessorImpl.invoke(DelegatingMethodAccessorImpl.java:43)
[2026-06-17T01:12:52.556+0000] {subprocess.py:93} INFO - 	at java.base/java.lang.reflect.Method.invoke(Method.java:569)
[2026-06-17T01:12:52.557+0000] {subprocess.py:93} INFO - 	at py4j.reflection.MethodInvoker.invoke(MethodInvoker.java:244)
[2026-06-17T01:12:52.557+0000] {subprocess.py:93} INFO - 	at py4j.reflection.ReflectionEngine.invoke(ReflectionEngine.java:374)
[2026-06-17T01:12:52.559+0000] {subprocess.py:93} INFO - 	at py4j.Gateway.invoke(Gateway.java:282)
[2026-06-17T01:12:52.560+0000] {subprocess.py:93} INFO - 	at py4j.commands.AbstractCommand.invokeMethod(AbstractCommand.java:132)
[2026-06-17T01:12:52.561+0000] {subprocess.py:93} INFO - 	at py4j.commands.CallCommand.execute(CallCommand.java:79)
[2026-06-17T01:12:52.563+0000] {subprocess.py:93} INFO - 	at py4j.ClientServerConnection.waitForCommands(ClientServerConnection.java:182)
[2026-06-17T01:12:52.564+0000] {subprocess.py:93} INFO - 	at py4j.ClientServerConnection.run(ClientServerConnection.java:106)
[2026-06-17T01:12:52.566+0000] {subprocess.py:93} INFO - 	at java.base/java.lang.Thread.run(Thread.java:840)
[2026-06-17T01:12:52.567+0000] {subprocess.py:93} INFO - 
[2026-06-17T01:12:52.570+0000] {subprocess.py:93} INFO - --- silver lms 2024-04-01 ---
[2026-06-17T01:12:52.571+0000] {subprocess.py:93} INFO - 
[2026-06-17T01:12:52.571+0000] {subprocess.py:93} INFO - [silver:lms] loaded datamart/bronze/lms/bronze_lms_2024_04_01.csv rows: 5417
[2026-06-17T01:12:52.573+0000] {subprocess.py:93} INFO - Traceback (most recent call last):
[2026-06-17T01:12:52.574+0000] {subprocess.py:93} INFO -   File "/opt/***/scripts/silver_processing.py", line 25, in <module>
[2026-06-17T01:12:52.575+0000] {subprocess.py:93} INFO -     main(a.snapshotdate, a.source)
[2026-06-17T01:12:52.576+0000] {subprocess.py:93} INFO -   File "/opt/***/scripts/silver_processing.py", line 13, in main
[2026-06-17T01:12:52.577+0000] {subprocess.py:93} INFO -     silver.process_silver_table(source, snapshotdate,
[2026-06-17T01:12:52.578+0000] {subprocess.py:93} INFO -   File "/opt/***/scripts/utils/data_processing_silver_table.py", line 251, in process_silver_table
[2026-06-17T01:12:52.580+0000] {subprocess.py:93} INFO -     df.write.mode("overwrite").parquet(part)
[2026-06-17T01:12:52.581+0000] {subprocess.py:93} INFO -   File "/home/***/.local/lib/python3.12/site-packages/pyspark/sql/readwriter.py", line 1721, in parquet
[2026-06-17T01:12:52.582+0000] {subprocess.py:93} INFO -     self._jwrite.parquet(path)
[2026-06-17T01:12:52.583+0000] {subprocess.py:93} INFO -   File "/home/***/.local/lib/python3.12/site-packages/py4j/java_gateway.py", line 1322, in __call__
[2026-06-17T01:12:52.584+0000] {subprocess.py:93} INFO -     return_value = get_return_value(
[2026-06-17T01:12:52.586+0000] {subprocess.py:93} INFO -                    ^^^^^^^^^^^^^^^^^
[2026-06-17T01:12:52.586+0000] {subprocess.py:93} INFO -   File "/home/***/.local/lib/python3.12/site-packages/pyspark/errors/exceptions/captured.py", line 179, in deco
[2026-06-17T01:12:52.588+0000] {subprocess.py:93} INFO -     return f(*a, **kw)
[2026-06-17T01:12:52.589+0000] {subprocess.py:93} INFO -            ^^^^^^^^^^^
[2026-06-17T01:12:52.590+0000] {subprocess.py:93} INFO -   File "/home/***/.local/lib/python3.12/site-packages/py4j/protocol.py", line 326, in get_return_value
[2026-06-17T01:12:52.591+0000] {subprocess.py:93} INFO -     raise Py4JJavaError(
[2026-06-17T01:12:52.593+0000] {subprocess.py:93} INFO - py4j.protocol.Py4JJavaError: An error occurred while calling o191.parquet.
[2026-06-17T01:12:52.594+0000] {subprocess.py:93} INFO - : java.io.FileNotFoundException: File file:/opt/***/scripts/datamart/silver/lms/2024_04_01.parquet/_temporary/0 does not exist
[2026-06-17T01:12:52.596+0000] {subprocess.py:93} INFO - 	at org.apache.hadoop.fs.RawLocalFileSystem.listStatus(RawLocalFileSystem.java:597)
[2026-06-17T01:12:52.597+0000] {subprocess.py:93} INFO - 	at org.apache.hadoop.fs.FileSystem.listStatus(FileSystem.java:1972)
[2026-06-17T01:12:52.598+0000] {subprocess.py:93} INFO - 	at org.apache.hadoop.fs.FileSystem.listStatus(FileSystem.java:2014)
[2026-06-17T01:12:52.599+0000] {subprocess.py:93} INFO - 	at org.apache.hadoop.fs.ChecksumFileSystem.listStatus(ChecksumFileSystem.java:761)
[2026-06-17T01:12:52.600+0000] {subprocess.py:93} INFO - 	at org.apache.hadoop.fs.FileSystem.listStatus(FileSystem.java:1972)
[2026-06-17T01:12:52.601+0000] {subprocess.py:93} INFO - 	at org.apache.hadoop.fs.FileSystem.listStatus(FileSystem.java:2014)
[2026-06-17T01:12:52.602+0000] {subprocess.py:93} INFO - 	at org.apache.hadoop.mapreduce.lib.output.FileOutputCommitter.getAllCommittedTaskPaths(FileOutputCommitter.java:334)
[2026-06-17T01:12:52.603+0000] {subprocess.py:93} INFO - 	at org.apache.hadoop.mapreduce.lib.output.FileOutputCommitter.commitJobInternal(FileOutputCommitter.java:404)
[2026-06-17T01:12:52.604+0000] {subprocess.py:93} INFO - 	at org.apache.hadoop.mapreduce.lib.output.FileOutputCommitter.commitJob(FileOutputCommitter.java:377)
[2026-06-17T01:12:52.605+0000] {subprocess.py:93} INFO - 	at org.apache.parquet.hadoop.ParquetOutputCommitter.commitJob(ParquetOutputCommitter.java:48)
[2026-06-17T01:12:52.606+0000] {subprocess.py:93} INFO - 	at org.apache.spark.internal.io.HadoopMapReduceCommitProtocol.commitJob(HadoopMapReduceCommitProtocol.scala:192)
[2026-06-17T01:12:52.607+0000] {subprocess.py:93} INFO - 	at org.apache.spark.sql.execution.datasources.FileFormatWriter$.$anonfun$writeAndCommit$3(FileFormatWriter.scala:275)
[2026-06-17T01:12:52.608+0000] {subprocess.py:93} INFO - 	at scala.runtime.java8.JFunction0$mcV$sp.apply(JFunction0$mcV$sp.java:23)
[2026-06-17T01:12:52.609+0000] {subprocess.py:93} INFO - 	at org.apache.spark.util.Utils$.timeTakenMs(Utils.scala:552)
[2026-06-17T01:12:52.610+0000] {subprocess.py:93} INFO - 	at org.apache.spark.sql.execution.datasources.FileFormatWriter$.writeAndCommit(FileFormatWriter.scala:275)
[2026-06-17T01:12:52.610+0000] {subprocess.py:93} INFO - 	at org.apache.spark.sql.execution.datasources.FileFormatWriter$.executeWrite(FileFormatWriter.scala:304)
[2026-06-17T01:12:52.612+0000] {subprocess.py:93} INFO - 	at org.apache.spark.sql.execution.datasources.FileFormatWriter$.write(FileFormatWriter.scala:190)
[2026-06-17T01:12:52.614+0000] {subprocess.py:93} INFO - 	at org.apache.spark.sql.execution.datasources.InsertIntoHadoopFsRelationCommand.run(InsertIntoHadoopFsRelationCommand.scala:190)
[2026-06-17T01:12:52.615+0000] {subprocess.py:93} INFO - 	at org.apache.spark.sql.execution.command.DataWritingCommandExec.sideEffectResult$lzycompute(commands.scala:113)
[2026-06-17T01:12:52.616+0000] {subprocess.py:93} INFO - 	at org.apache.spark.sql.execution.command.DataWritingCommandExec.sideEffectResult(commands.scala:111)
[2026-06-17T01:12:52.617+0000] {subprocess.py:93} INFO - 	at org.apache.spark.sql.execution.command.DataWritingCommandExec.executeCollect(commands.scala:125)
[2026-06-17T01:12:52.618+0000] {subprocess.py:93} INFO - 	at org.apache.spark.sql.execution.QueryExecution$$anonfun$eagerlyExecuteCommands$1.$anonfun$applyOrElse$1(QueryExecution.scala:107)
[2026-06-17T01:12:52.619+0000] {subprocess.py:93} INFO - 	at org.apache.spark.sql.execution.SQLExecution$.$anonfun$withNewExecutionId$6(SQLExecution.scala:125)
[2026-06-17T01:12:52.619+0000] {subprocess.py:93} INFO - 	at org.apache.spark.sql.execution.SQLExecution$.withSQLConfPropagated(SQLExecution.scala:201)
[2026-06-17T01:12:52.620+0000] {subprocess.py:93} INFO - 	at org.apache.spark.sql.execution.SQLExecution$.$anonfun$withNewExecutionId$1(SQLExecution.scala:108)
[2026-06-17T01:12:52.620+0000] {subprocess.py:93} INFO - 	at org.apache.spark.sql.SparkSession.withActive(SparkSession.scala:900)
[2026-06-17T01:12:52.621+0000] {subprocess.py:93} INFO - 	at org.apache.spark.sql.execution.SQLExecution$.withNewExecutionId(SQLExecution.scala:66)
[2026-06-17T01:12:52.621+0000] {subprocess.py:93} INFO - 	at org.apache.spark.sql.execution.QueryExecution$$anonfun$eagerlyExecuteCommands$1.applyOrElse(QueryExecution.scala:107)
[2026-06-17T01:12:52.622+0000] {subprocess.py:93} INFO - 	at org.apache.spark.sql.execution.QueryExecution$$anonfun$eagerlyExecuteCommands$1.applyOrElse(QueryExecution.scala:98)
[2026-06-17T01:12:52.623+0000] {subprocess.py:93} INFO - 	at org.apache.spark.sql.catalyst.trees.TreeNode.$anonfun$transformDownWithPruning$1(TreeNode.scala:461)
[2026-06-17T01:12:52.624+0000] {subprocess.py:93} INFO - 	at org.apache.spark.sql.catalyst.trees.CurrentOrigin$.withOrigin(origin.scala:76)
[2026-06-17T01:12:52.625+0000] {subprocess.py:93} INFO - 	at org.apache.spark.sql.catalyst.trees.TreeNode.transformDownWithPruning(TreeNode.scala:461)
[2026-06-17T01:12:52.626+0000] {subprocess.py:93} INFO - 	at org.apache.spark.sql.catalyst.plans.logical.LogicalPlan.org$apache$spark$sql$catalyst$plans$logical$AnalysisHelper$$super$transformDownWithPruning(LogicalPlan.scala:32)
[2026-06-17T01:12:52.628+0000] {subprocess.py:93} INFO - 	at org.apache.spark.sql.catalyst.plans.logical.AnalysisHelper.transformDownWithPruning(AnalysisHelper.scala:267)
[2026-06-17T01:12:52.630+0000] {subprocess.py:93} INFO - 	at org.apache.spark.sql.catalyst.plans.logical.AnalysisHelper.transformDownWithPruning$(AnalysisHelper.scala:263)
[2026-06-17T01:12:52.631+0000] {subprocess.py:93} INFO - 	at org.apache.spark.sql.catalyst.plans.logical.LogicalPlan.transformDownWithPruning(LogicalPlan.scala:32)
[2026-06-17T01:12:52.632+0000] {subprocess.py:93} INFO - 	at org.apache.spark.sql.catalyst.plans.logical.LogicalPlan.transformDownWithPruning(LogicalPlan.scala:32)
[2026-06-17T01:12:52.633+0000] {subprocess.py:93} INFO - 	at org.apache.spark.sql.catalyst.trees.TreeNode.transformDown(TreeNode.scala:437)
[2026-06-17T01:12:52.634+0000] {subprocess.py:93} INFO - 	at org.apache.spark.sql.execution.QueryExecution.eagerlyExecuteCommands(QueryExecution.scala:98)
[2026-06-17T01:12:52.636+0000] {subprocess.py:93} INFO - 	at org.apache.spark.sql.execution.QueryExecution.commandExecuted$lzycompute(QueryExecution.scala:85)
[2026-06-17T01:12:52.636+0000] {subprocess.py:93} INFO - 	at org.apache.spark.sql.execution.QueryExecution.commandExecuted(QueryExecution.scala:83)
[2026-06-17T01:12:52.638+0000] {subprocess.py:93} INFO - 	at org.apache.spark.sql.execution.QueryExecution.assertCommandExecuted(QueryExecution.scala:142)
[2026-06-17T01:12:52.638+0000] {subprocess.py:93} INFO - 	at org.apache.spark.sql.DataFrameWriter.runCommand(DataFrameWriter.scala:859)
[2026-06-17T01:12:52.639+0000] {subprocess.py:93} INFO - 	at org.apache.spark.sql.DataFrameWriter.saveToV1Source(DataFrameWriter.scala:388)
[2026-06-17T01:12:52.639+0000] {subprocess.py:93} INFO - 	at org.apache.spark.sql.DataFrameWriter.saveInternal(DataFrameWriter.scala:361)
[2026-06-17T01:12:52.640+0000] {subprocess.py:93} INFO - 	at org.apache.spark.sql.DataFrameWriter.save(DataFrameWriter.scala:240)
[2026-06-17T01:12:52.640+0000] {subprocess.py:93} INFO - 	at org.apache.spark.sql.DataFrameWriter.parquet(DataFrameWriter.scala:792)
[2026-06-17T01:12:52.641+0000] {subprocess.py:93} INFO - 	at java.base/jdk.internal.reflect.NativeMethodAccessorImpl.invoke0(Native Method)
[2026-06-17T01:12:52.642+0000] {subprocess.py:93} INFO - 	at java.base/jdk.internal.reflect.NativeMethodAccessorImpl.invoke(NativeMethodAccessorImpl.java:77)
[2026-06-17T01:12:52.644+0000] {subprocess.py:93} INFO - 	at java.base/jdk.internal.reflect.DelegatingMethodAccessorImpl.invoke(DelegatingMethodAccessorImpl.java:43)
[2026-06-17T01:12:52.645+0000] {subprocess.py:93} INFO - 	at java.base/java.lang.reflect.Method.invoke(Method.java:569)
[2026-06-17T01:12:52.645+0000] {subprocess.py:93} INFO - 	at py4j.reflection.MethodInvoker.invoke(MethodInvoker.java:244)
[2026-06-17T01:12:52.646+0000] {subprocess.py:93} INFO - 	at py4j.reflection.ReflectionEngine.invoke(ReflectionEngine.java:374)
[2026-06-17T01:12:52.647+0000] {subprocess.py:93} INFO - 	at py4j.Gateway.invoke(Gateway.java:282)
[2026-06-17T01:12:52.648+0000] {subprocess.py:93} INFO - 	at py4j.commands.AbstractCommand.invokeMethod(AbstractCommand.java:132)
[2026-06-17T01:12:52.649+0000] {subprocess.py:93} INFO - 	at py4j.commands.CallCommand.execute(CallCommand.java:79)
[2026-06-17T01:12:52.649+0000] {subprocess.py:93} INFO - 	at py4j.ClientServerConnection.waitForCommands(ClientServerConnection.java:182)
[2026-06-17T01:12:52.650+0000] {subprocess.py:93} INFO - 	at py4j.ClientServerConnection.run(ClientServerConnection.java:106)
[2026-06-17T01:12:52.651+0000] {subprocess.py:93} INFO - 	at java.base/java.lang.Thread.run(Thread.java:840)
[2026-06-17T01:12:52.651+0000] {subprocess.py:93} INFO - 
[2026-06-17T01:12:52.994+0000] {subprocess.py:97} INFO - Command exited with return code 1
[2026-06-17T01:12:52.997+0000] {taskinstance.py:441} INFO - ::group::Post task execution logs
[2026-06-17T01:12:53.013+0000] {taskinstance.py:2905} ERROR - Task failed with exception
Traceback (most recent call last):
  File "/home/airflow/.local/lib/python3.12/site-packages/airflow/models/taskinstance.py", line 465, in _execute_task
    result = _execute_callable(context=context, **execute_callable_kwargs)
             ^^^^^^^^^^^^^^^^^^^^^^^^^^^^^^^^^^^^^^^^^^^^^^^^^^^^^^^^^^^^^
  File "/home/airflow/.local/lib/python3.12/site-packages/airflow/models/taskinstance.py", line 432, in _execute_callable
    return execute_callable(context=context, **execute_callable_kwargs)
           ^^^^^^^^^^^^^^^^^^^^^^^^^^^^^^^^^^^^^^^^^^^^^^^^^^^^^^^^^^^^
  File "/home/airflow/.local/lib/python3.12/site-packages/airflow/models/baseoperator.py", line 401, in wrapper
    return func(self, *args, **kwargs)
           ^^^^^^^^^^^^^^^^^^^^^^^^^^^
  File "/home/airflow/.local/lib/python3.12/site-packages/airflow/operators/bash.py", line 243, in execute
    raise AirflowException(
airflow.exceptions.AirflowException: Bash command failed. The command returned a non-zero exit code 1.
[2026-06-17T01:12:53.021+0000] {taskinstance.py:1206} INFO - Marking task as UP_FOR_RETRY. dag_id=credit_default_ml_pipeline, task_id=label_pipeline.label_silver_lms, run_id=scheduled__2024-04-01T00:00:00+00:00, execution_date=20240401T000000, start_date=20260617T011243, end_date=20260617T011253
[2026-06-17T01:12:53.035+0000] {standard_task_runner.py:110} ERROR - Failed to execute job 670 for task label_pipeline.label_silver_lms (Bash command failed. The command returned a non-zero exit code 1.; 88391)
[2026-06-17T01:12:53.070+0000] {local_task_job_runner.py:243} INFO - Task exited with return code 1
[2026-06-17T01:12:53.129+0000] {taskinstance.py:3503} INFO - 0 downstream tasks scheduled from follow-on schedule check
[2026-06-17T01:12:53.134+0000] {local_task_job_runner.py:222} INFO - ::endgroup::
[2026-06-20T06:36:19.694+0000] {local_task_job_runner.py:120} INFO - ::group::Pre task execution logs
[2026-06-20T06:36:19.708+0000] {taskinstance.py:2076} INFO - Dependencies all met for dep_context=non-requeueable deps ti=<TaskInstance: credit_default_ml_pipeline.label_pipeline.label_silver_lms scheduled__2024-04-01T00:00:00+00:00 [queued]>
[2026-06-20T06:36:19.712+0000] {taskinstance.py:2076} INFO - Dependencies all met for dep_context=requeueable deps ti=<TaskInstance: credit_default_ml_pipeline.label_pipeline.label_silver_lms scheduled__2024-04-01T00:00:00+00:00 [queued]>
[2026-06-20T06:36:19.712+0000] {taskinstance.py:2306} INFO - Starting attempt 2 of 2
[2026-06-20T06:36:19.830+0000] {taskinstance.py:2330} INFO - Executing <Task(BashOperator): label_pipeline.label_silver_lms> on 2024-04-01 00:00:00+00:00
[2026-06-20T06:36:19.834+0000] {logging_mixin.py:188} WARNING - /home/***/.local/lib/python3.12/site-packages/***/task/task_runner/standard_task_runner.py:62 DeprecationWarning: This process (pid=60296) is multi-threaded, use of fork() may lead to deadlocks in the child.
[2026-06-20T06:36:19.835+0000] {standard_task_runner.py:64} INFO - Started process 60298 to run task
[2026-06-20T06:36:19.834+0000] {standard_task_runner.py:90} INFO - Running: ['***', 'tasks', 'run', 'credit_default_ml_pipeline', 'label_pipeline.label_silver_lms', 'scheduled__2024-04-01T00:00:00+00:00', '--job-id', '1734', '--raw', '--subdir', 'DAGS_FOLDER/dag.py', '--cfg-path', '/tmp/tmpa0or6ak5']
[2026-06-20T06:36:19.836+0000] {standard_task_runner.py:91} INFO - Job 1734: Subtask label_pipeline.label_silver_lms
[2026-06-20T06:36:19.859+0000] {task_command.py:426} INFO - Running <TaskInstance: credit_default_ml_pipeline.label_pipeline.label_silver_lms scheduled__2024-04-01T00:00:00+00:00 [running]> on host 9cf341f51c89
[2026-06-20T06:36:19.888+0000] {taskinstance.py:2648} INFO - Exporting env vars: AIRFLOW_CTX_DAG_OWNER='***' AIRFLOW_CTX_DAG_ID='credit_default_ml_pipeline' AIRFLOW_CTX_TASK_ID='label_pipeline.label_silver_lms' AIRFLOW_CTX_EXECUTION_DATE='2024-04-01T00:00:00+00:00' AIRFLOW_CTX_TRY_NUMBER='2' AIRFLOW_CTX_DAG_RUN_ID='scheduled__2024-04-01T00:00:00+00:00'
[2026-06-20T06:36:19.890+0000] {taskinstance.py:430} INFO - ::endgroup::
[2026-06-20T06:36:19.895+0000] {subprocess.py:63} INFO - Tmp dir root location: /tmp
[2026-06-20T06:36:19.895+0000] {subprocess.py:75} INFO - Running command: ['/usr/bin/bash', '-c', 'cd /opt/***/scripts && python3 silver_processing.py --snapshotdate "2024-04-01" --source lms']
[2026-06-20T06:36:19.900+0000] {subprocess.py:86} INFO - Output:
[2026-06-20T06:36:20.782+0000] {subprocess.py:93} INFO - Setting default log level to "WARN".
[2026-06-20T06:36:20.783+0000] {subprocess.py:93} INFO - To adjust logging level use sc.setLogLevel(newLevel). For SparkR, use setLogLevel(newLevel).
[2026-06-20T06:36:20.946+0000] {subprocess.py:93} INFO - 26/06/20 06:36:20 WARN NativeCodeLoader: Unable to load native-hadoop library for your platform... using builtin-java classes where applicable
[2026-06-20T06:36:25.890+0000] {subprocess.py:93} INFO - [Stage 5:>                                                          (0 + 1) / 1]
[2026-06-20T06:36:25.891+0000] {subprocess.py:93} INFO - --- silver lms 2024-04-01 ---
[2026-06-20T06:36:25.892+0000] {subprocess.py:93} INFO - 
[2026-06-20T06:36:25.893+0000] {subprocess.py:93} INFO - [silver:lms] loaded datamart/bronze/lms/bronze_lms_2024_04_01.csv rows: 5417
[2026-06-20T06:36:25.894+0000] {subprocess.py:93} INFO - [silver:lms] saved to: datamart/silver/lms/2024_04_01.parquet
[2026-06-20T06:36:25.895+0000] {subprocess.py:93} INFO - 
[2026-06-20T06:36:25.896+0000] {subprocess.py:93} INFO - --- done ---
[2026-06-20T06:36:25.896+0000] {subprocess.py:93} INFO - 
[2026-06-20T06:36:26.352+0000] {subprocess.py:97} INFO - Command exited with return code 0
[2026-06-20T06:36:26.353+0000] {taskinstance.py:441} INFO - ::group::Post task execution logs
[2026-06-20T06:36:26.370+0000] {taskinstance.py:1206} INFO - Marking task as SUCCESS. dag_id=credit_default_ml_pipeline, task_id=label_pipeline.label_silver_lms, run_id=scheduled__2024-04-01T00:00:00+00:00, execution_date=20240401T000000, start_date=20260620T063619, end_date=20260620T063626
[2026-06-20T06:36:26.397+0000] {local_task_job_runner.py:243} INFO - Task exited with return code 0
[2026-06-20T06:36:26.416+0000] {taskinstance.py:3503} INFO - 1 downstream tasks scheduled from follow-on schedule check
[2026-06-20T06:36:26.417+0000] {local_task_job_runner.py:222} INFO - ::endgroup::
[2026-06-20T07:56:57.660+0000] {local_task_job_runner.py:120} INFO - ::group::Pre task execution logs
[2026-06-20T07:56:57.676+0000] {taskinstance.py:2076} INFO - Dependencies all met for dep_context=non-requeueable deps ti=<TaskInstance: credit_default_ml_pipeline.label_pipeline.label_silver_lms scheduled__2024-04-01T00:00:00+00:00 [queued]>
[2026-06-20T07:56:57.683+0000] {taskinstance.py:2076} INFO - Dependencies all met for dep_context=requeueable deps ti=<TaskInstance: credit_default_ml_pipeline.label_pipeline.label_silver_lms scheduled__2024-04-01T00:00:00+00:00 [queued]>
[2026-06-20T07:56:57.684+0000] {taskinstance.py:2306} INFO - Starting attempt 2 of 2
[2026-06-20T07:56:57.691+0000] {taskinstance.py:2330} INFO - Executing <Task(BashOperator): label_pipeline.label_silver_lms> on 2024-04-01 00:00:00+00:00
[2026-06-20T07:56:57.698+0000] {logging_mixin.py:188} WARNING - /home/***/.local/lib/python3.12/site-packages/***/task/task_runner/standard_task_runner.py:62 DeprecationWarning: This process (pid=45965) is multi-threaded, use of fork() may lead to deadlocks in the child.
[2026-06-20T07:56:57.697+0000] {standard_task_runner.py:90} INFO - Running: ['***', 'tasks', 'run', 'credit_default_ml_pipeline', 'label_pipeline.label_silver_lms', 'scheduled__2024-04-01T00:00:00+00:00', '--job-id', '2229', '--raw', '--subdir', 'DAGS_FOLDER/dag.py', '--cfg-path', '/tmp/tmpq6_n9m8q']
[2026-06-20T07:56:57.699+0000] {standard_task_runner.py:64} INFO - Started process 45967 to run task
[2026-06-20T07:56:57.700+0000] {standard_task_runner.py:91} INFO - Job 2229: Subtask label_pipeline.label_silver_lms
[2026-06-20T07:56:57.900+0000] {task_command.py:426} INFO - Running <TaskInstance: credit_default_ml_pipeline.label_pipeline.label_silver_lms scheduled__2024-04-01T00:00:00+00:00 [running]> on host 9cf341f51c89
[2026-06-20T07:56:57.933+0000] {taskinstance.py:2648} INFO - Exporting env vars: AIRFLOW_CTX_DAG_OWNER='***' AIRFLOW_CTX_DAG_ID='credit_default_ml_pipeline' AIRFLOW_CTX_TASK_ID='label_pipeline.label_silver_lms' AIRFLOW_CTX_EXECUTION_DATE='2024-04-01T00:00:00+00:00' AIRFLOW_CTX_TRY_NUMBER='2' AIRFLOW_CTX_DAG_RUN_ID='scheduled__2024-04-01T00:00:00+00:00'
[2026-06-20T07:56:57.935+0000] {taskinstance.py:430} INFO - ::endgroup::
[2026-06-20T07:56:57.940+0000] {subprocess.py:63} INFO - Tmp dir root location: /tmp
[2026-06-20T07:56:57.941+0000] {subprocess.py:75} INFO - Running command: ['/usr/bin/bash', '-c', 'cd /opt/***/scripts && python3 silver_processing.py --snapshotdate "2024-04-01" --source lms']
[2026-06-20T07:56:57.948+0000] {subprocess.py:86} INFO - Output:
[2026-06-20T07:56:58.896+0000] {subprocess.py:93} INFO - Setting default log level to "WARN".
[2026-06-20T07:56:58.898+0000] {subprocess.py:93} INFO - To adjust logging level use sc.setLogLevel(newLevel). For SparkR, use setLogLevel(newLevel).
[2026-06-20T07:56:59.013+0000] {subprocess.py:93} INFO - 26/06/20 07:56:59 WARN NativeCodeLoader: Unable to load native-hadoop library for your platform... using builtin-java classes where applicable
[2026-06-20T07:57:04.571+0000] {subprocess.py:93} INFO - [Stage 5:>                                                          (0 + 1) / 1]
[2026-06-20T07:57:04.572+0000] {subprocess.py:93} INFO - --- silver lms 2024-04-01 ---
[2026-06-20T07:57:04.573+0000] {subprocess.py:93} INFO - 
[2026-06-20T07:57:04.574+0000] {subprocess.py:93} INFO - [silver:lms] loaded datamart/bronze/lms/bronze_lms_2024_04_01.csv rows: 5417
[2026-06-20T07:57:04.574+0000] {subprocess.py:93} INFO - [silver:lms] cleared stale partition: datamart/silver/lms/2024_04_01.parquet
[2026-06-20T07:57:04.575+0000] {subprocess.py:93} INFO - [silver:lms] saved to: datamart/silver/lms/2024_04_01.parquet
[2026-06-20T07:57:04.575+0000] {subprocess.py:93} INFO - 
[2026-06-20T07:57:04.576+0000] {subprocess.py:93} INFO - --- done ---
[2026-06-20T07:57:04.576+0000] {subprocess.py:93} INFO - 
[2026-06-20T07:57:05.025+0000] {subprocess.py:97} INFO - Command exited with return code 0
[2026-06-20T07:57:05.026+0000] {taskinstance.py:441} INFO - ::group::Post task execution logs
[2026-06-20T07:57:05.043+0000] {taskinstance.py:1206} INFO - Marking task as SUCCESS. dag_id=credit_default_ml_pipeline, task_id=label_pipeline.label_silver_lms, run_id=scheduled__2024-04-01T00:00:00+00:00, execution_date=20240401T000000, start_date=20260620T075657, end_date=20260620T075705
[2026-06-20T07:57:05.055+0000] {local_task_job_runner.py:243} INFO - Task exited with return code 0
[2026-06-20T07:57:05.069+0000] {taskinstance.py:3503} INFO - 1 downstream tasks scheduled from follow-on schedule check
[2026-06-20T07:57:05.070+0000] {local_task_job_runner.py:222} INFO - ::endgroup::
[2026-06-21T02:45:20.402+0000] {local_task_job_runner.py:120} INFO - ::group::Pre task execution logs
[2026-06-21T02:45:20.416+0000] {taskinstance.py:2076} INFO - Dependencies all met for dep_context=non-requeueable deps ti=<TaskInstance: credit_default_ml_pipeline.label_pipeline.label_silver_lms scheduled__2024-04-01T00:00:00+00:00 [queued]>
[2026-06-21T02:45:20.420+0000] {taskinstance.py:2076} INFO - Dependencies all met for dep_context=requeueable deps ti=<TaskInstance: credit_default_ml_pipeline.label_pipeline.label_silver_lms scheduled__2024-04-01T00:00:00+00:00 [queued]>
[2026-06-21T02:45:20.420+0000] {taskinstance.py:2306} INFO - Starting attempt 2 of 2
[2026-06-21T02:45:20.425+0000] {taskinstance.py:2330} INFO - Executing <Task(BashOperator): label_pipeline.label_silver_lms> on 2024-04-01 00:00:00+00:00
[2026-06-21T02:45:20.429+0000] {logging_mixin.py:188} WARNING - /home/***/.local/lib/python3.12/site-packages/***/task/task_runner/standard_task_runner.py:62 DeprecationWarning: This process (pid=50084) is multi-threaded, use of fork() may lead to deadlocks in the child.
[2026-06-21T02:45:20.430+0000] {standard_task_runner.py:64} INFO - Started process 50086 to run task
[2026-06-21T02:45:20.429+0000] {standard_task_runner.py:90} INFO - Running: ['***', 'tasks', 'run', 'credit_default_ml_pipeline', 'label_pipeline.label_silver_lms', 'scheduled__2024-04-01T00:00:00+00:00', '--job-id', '3742', '--raw', '--subdir', 'DAGS_FOLDER/dag.py', '--cfg-path', '/tmp/tmp2qo38if1']
[2026-06-21T02:45:20.431+0000] {standard_task_runner.py:91} INFO - Job 3742: Subtask label_pipeline.label_silver_lms
[2026-06-21T02:45:20.450+0000] {task_command.py:426} INFO - Running <TaskInstance: credit_default_ml_pipeline.label_pipeline.label_silver_lms scheduled__2024-04-01T00:00:00+00:00 [running]> on host f6e9e2801916
[2026-06-21T02:45:20.561+0000] {taskinstance.py:2648} INFO - Exporting env vars: AIRFLOW_CTX_DAG_OWNER='***' AIRFLOW_CTX_DAG_ID='credit_default_ml_pipeline' AIRFLOW_CTX_TASK_ID='label_pipeline.label_silver_lms' AIRFLOW_CTX_EXECUTION_DATE='2024-04-01T00:00:00+00:00' AIRFLOW_CTX_TRY_NUMBER='2' AIRFLOW_CTX_DAG_RUN_ID='scheduled__2024-04-01T00:00:00+00:00'
[2026-06-21T02:45:20.562+0000] {taskinstance.py:430} INFO - ::endgroup::
[2026-06-21T02:45:20.567+0000] {subprocess.py:63} INFO - Tmp dir root location: /tmp
[2026-06-21T02:45:20.567+0000] {subprocess.py:75} INFO - Running command: ['/usr/bin/bash', '-c', 'cd /opt/***/scripts && python3 silver_processing.py --snapshotdate "2024-04-01" --source lms']
[2026-06-21T02:45:20.571+0000] {subprocess.py:86} INFO - Output:
[2026-06-21T02:45:21.439+0000] {subprocess.py:93} INFO - Setting default log level to "WARN".
[2026-06-21T02:45:21.440+0000] {subprocess.py:93} INFO - To adjust logging level use sc.setLogLevel(newLevel). For SparkR, use setLogLevel(newLevel).
[2026-06-21T02:45:21.527+0000] {subprocess.py:93} INFO - 26/06/21 02:45:21 WARN NativeCodeLoader: Unable to load native-hadoop library for your platform... using builtin-java classes where applicable
[2026-06-21T02:45:24.924+0000] {subprocess.py:93} INFO - 
[2026-06-21T02:45:24.926+0000] {subprocess.py:93} INFO - --- silver lms 2024-04-01 ---
[2026-06-21T02:45:24.927+0000] {subprocess.py:93} INFO - 
[2026-06-21T02:45:24.928+0000] {subprocess.py:93} INFO - [silver:lms] loaded datamart/bronze/lms/bronze_lms_2024_04_01.csv rows: 5417
[2026-06-21T02:45:24.928+0000] {subprocess.py:93} INFO - [silver:lms] cleared stale partition: datamart/silver/lms/2024_04_01.parquet
[2026-06-21T02:45:24.929+0000] {subprocess.py:93} INFO - [silver:lms] saved to: datamart/silver/lms/2024_04_01.parquet
[2026-06-21T02:45:24.930+0000] {subprocess.py:93} INFO - 
[2026-06-21T02:45:24.930+0000] {subprocess.py:93} INFO - --- done ---
[2026-06-21T02:45:24.931+0000] {subprocess.py:93} INFO - 
[2026-06-21T02:45:25.383+0000] {subprocess.py:97} INFO - Command exited with return code 0
[2026-06-21T02:45:25.385+0000] {taskinstance.py:441} INFO - ::group::Post task execution logs
[2026-06-21T02:45:25.408+0000] {taskinstance.py:1206} INFO - Marking task as SUCCESS. dag_id=credit_default_ml_pipeline, task_id=label_pipeline.label_silver_lms, run_id=scheduled__2024-04-01T00:00:00+00:00, execution_date=20240401T000000, start_date=20260621T024520, end_date=20260621T024525
[2026-06-21T02:45:25.446+0000] {local_task_job_runner.py:243} INFO - Task exited with return code 0
[2026-06-21T02:45:25.469+0000] {taskinstance.py:3503} INFO - 1 downstream tasks scheduled from follow-on schedule check
[2026-06-21T02:45:25.471+0000] {local_task_job_runner.py:222} INFO - ::endgroup::
[2026-06-21T06:10:57.322+0000] {local_task_job_runner.py:120} INFO - ::group::Pre task execution logs
[2026-06-21T06:10:57.335+0000] {taskinstance.py:2076} INFO - Dependencies all met for dep_context=non-requeueable deps ti=<TaskInstance: credit_default_ml_pipeline.label_pipeline.label_silver_lms scheduled__2024-04-01T00:00:00+00:00 [queued]>
[2026-06-21T06:10:57.338+0000] {taskinstance.py:2076} INFO - Dependencies all met for dep_context=requeueable deps ti=<TaskInstance: credit_default_ml_pipeline.label_pipeline.label_silver_lms scheduled__2024-04-01T00:00:00+00:00 [queued]>
[2026-06-21T06:10:57.339+0000] {taskinstance.py:2306} INFO - Starting attempt 2 of 2
[2026-06-21T06:10:57.344+0000] {taskinstance.py:2330} INFO - Executing <Task(BashOperator): label_pipeline.label_silver_lms> on 2024-04-01 00:00:00+00:00
[2026-06-21T06:10:57.347+0000] {logging_mixin.py:188} WARNING - /home/***/.local/lib/python3.12/site-packages/***/task/task_runner/standard_task_runner.py:62 DeprecationWarning: This process (pid=51389) is multi-threaded, use of fork() may lead to deadlocks in the child.
[2026-06-21T06:10:57.348+0000] {standard_task_runner.py:64} INFO - Started process 51391 to run task
[2026-06-21T06:10:57.348+0000] {standard_task_runner.py:90} INFO - Running: ['***', 'tasks', 'run', 'credit_default_ml_pipeline', 'label_pipeline.label_silver_lms', 'scheduled__2024-04-01T00:00:00+00:00', '--job-id', '4204', '--raw', '--subdir', 'DAGS_FOLDER/dag.py', '--cfg-path', '/tmp/tmpizjhqjp8']
[2026-06-21T06:10:57.350+0000] {standard_task_runner.py:91} INFO - Job 4204: Subtask label_pipeline.label_silver_lms
[2026-06-21T06:10:57.458+0000] {task_command.py:426} INFO - Running <TaskInstance: credit_default_ml_pipeline.label_pipeline.label_silver_lms scheduled__2024-04-01T00:00:00+00:00 [running]> on host 9377a3f0491f
[2026-06-21T06:10:57.486+0000] {taskinstance.py:2648} INFO - Exporting env vars: AIRFLOW_CTX_DAG_OWNER='***' AIRFLOW_CTX_DAG_ID='credit_default_ml_pipeline' AIRFLOW_CTX_TASK_ID='label_pipeline.label_silver_lms' AIRFLOW_CTX_EXECUTION_DATE='2024-04-01T00:00:00+00:00' AIRFLOW_CTX_TRY_NUMBER='2' AIRFLOW_CTX_DAG_RUN_ID='scheduled__2024-04-01T00:00:00+00:00'
[2026-06-21T06:10:57.487+0000] {taskinstance.py:430} INFO - ::endgroup::
[2026-06-21T06:10:57.492+0000] {subprocess.py:63} INFO - Tmp dir root location: /tmp
[2026-06-21T06:10:57.493+0000] {subprocess.py:75} INFO - Running command: ['/usr/bin/bash', '-c', 'cd /opt/***/scripts && python3 silver_processing.py --snapshotdate "2024-04-01" --source lms']
[2026-06-21T06:10:57.498+0000] {subprocess.py:86} INFO - Output:
[2026-06-21T06:10:58.339+0000] {subprocess.py:93} INFO - Setting default log level to "WARN".
[2026-06-21T06:10:58.340+0000] {subprocess.py:93} INFO - To adjust logging level use sc.setLogLevel(newLevel). For SparkR, use setLogLevel(newLevel).
[2026-06-21T06:10:58.432+0000] {subprocess.py:93} INFO - 26/06/21 06:10:58 WARN NativeCodeLoader: Unable to load native-hadoop library for your platform... using builtin-java classes where applicable
[2026-06-21T06:11:01.826+0000] {subprocess.py:93} INFO - 
[2026-06-21T06:11:01.827+0000] {subprocess.py:93} INFO - --- silver lms 2024-04-01 ---
[2026-06-21T06:11:01.828+0000] {subprocess.py:93} INFO - 
[2026-06-21T06:11:01.828+0000] {subprocess.py:93} INFO - [silver:lms] loaded datamart/bronze/lms/bronze_lms_2024_04_01.csv rows: 5417
[2026-06-21T06:11:01.830+0000] {subprocess.py:93} INFO - [silver:lms] cleared stale partition: datamart/silver/lms/2024_04_01.parquet
[2026-06-21T06:11:01.831+0000] {subprocess.py:93} INFO - [silver:lms] saved to: datamart/silver/lms/2024_04_01.parquet
[2026-06-21T06:11:01.832+0000] {subprocess.py:93} INFO - 
[2026-06-21T06:11:01.832+0000] {subprocess.py:93} INFO - --- done ---
[2026-06-21T06:11:01.833+0000] {subprocess.py:93} INFO - 
[2026-06-21T06:11:02.318+0000] {subprocess.py:97} INFO - Command exited with return code 0
[2026-06-21T06:11:02.320+0000] {taskinstance.py:441} INFO - ::group::Post task execution logs
[2026-06-21T06:11:02.336+0000] {taskinstance.py:1206} INFO - Marking task as SUCCESS. dag_id=credit_default_ml_pipeline, task_id=label_pipeline.label_silver_lms, run_id=scheduled__2024-04-01T00:00:00+00:00, execution_date=20240401T000000, start_date=20260621T061057, end_date=20260621T061102
[2026-06-21T06:11:02.358+0000] {local_task_job_runner.py:243} INFO - Task exited with return code 0
[2026-06-21T06:11:02.467+0000] {taskinstance.py:3503} INFO - 1 downstream tasks scheduled from follow-on schedule check
[2026-06-21T06:11:02.470+0000] {local_task_job_runner.py:222} INFO - ::endgroup::
[2026-06-25T18:04:52.933+0000] {local_task_job_runner.py:120} INFO - ::group::Pre task execution logs
[2026-06-25T18:04:52.947+0000] {taskinstance.py:2076} INFO - Dependencies all met for dep_context=non-requeueable deps ti=<TaskInstance: credit_default_ml_pipeline.label_pipeline.label_silver_lms scheduled__2024-04-01T00:00:00+00:00 [queued]>
[2026-06-25T18:04:52.952+0000] {taskinstance.py:2076} INFO - Dependencies all met for dep_context=requeueable deps ti=<TaskInstance: credit_default_ml_pipeline.label_pipeline.label_silver_lms scheduled__2024-04-01T00:00:00+00:00 [queued]>
[2026-06-25T18:04:52.952+0000] {taskinstance.py:2306} INFO - Starting attempt 2 of 2
[2026-06-25T18:04:52.957+0000] {taskinstance.py:2330} INFO - Executing <Task(BashOperator): label_pipeline.label_silver_lms> on 2024-04-01 00:00:00+00:00
[2026-06-25T18:04:52.961+0000] {logging_mixin.py:188} WARNING - /home/***/.local/lib/python3.12/site-packages/***/task/task_runner/standard_task_runner.py:62 DeprecationWarning: This process (pid=50759) is multi-threaded, use of fork() may lead to deadlocks in the child.
[2026-06-25T18:04:52.962+0000] {standard_task_runner.py:64} INFO - Started process 50761 to run task
[2026-06-25T18:04:52.962+0000] {standard_task_runner.py:90} INFO - Running: ['***', 'tasks', 'run', 'credit_default_ml_pipeline', 'label_pipeline.label_silver_lms', 'scheduled__2024-04-01T00:00:00+00:00', '--job-id', '4665', '--raw', '--subdir', 'DAGS_FOLDER/dag.py', '--cfg-path', '/tmp/tmpthy9fb5p']
[2026-06-25T18:04:52.963+0000] {standard_task_runner.py:91} INFO - Job 4665: Subtask label_pipeline.label_silver_lms
[2026-06-25T18:04:52.983+0000] {task_command.py:426} INFO - Running <TaskInstance: credit_default_ml_pipeline.label_pipeline.label_silver_lms scheduled__2024-04-01T00:00:00+00:00 [running]> on host b54b2be331ab
[2026-06-25T18:04:53.093+0000] {taskinstance.py:2648} INFO - Exporting env vars: AIRFLOW_CTX_DAG_OWNER='***' AIRFLOW_CTX_DAG_ID='credit_default_ml_pipeline' AIRFLOW_CTX_TASK_ID='label_pipeline.label_silver_lms' AIRFLOW_CTX_EXECUTION_DATE='2024-04-01T00:00:00+00:00' AIRFLOW_CTX_TRY_NUMBER='2' AIRFLOW_CTX_DAG_RUN_ID='scheduled__2024-04-01T00:00:00+00:00'
[2026-06-25T18:04:53.094+0000] {taskinstance.py:430} INFO - ::endgroup::
[2026-06-25T18:04:53.099+0000] {subprocess.py:63} INFO - Tmp dir root location: /tmp
[2026-06-25T18:04:53.100+0000] {subprocess.py:75} INFO - Running command: ['/usr/bin/bash', '-c', 'cd /opt/***/scripts && python3 silver_processing.py --snapshotdate "2024-04-01" --source lms']
[2026-06-25T18:04:53.104+0000] {subprocess.py:86} INFO - Output:
[2026-06-25T18:04:53.951+0000] {subprocess.py:93} INFO - Setting default log level to "WARN".
[2026-06-25T18:04:53.952+0000] {subprocess.py:93} INFO - To adjust logging level use sc.setLogLevel(newLevel). For SparkR, use setLogLevel(newLevel).
[2026-06-25T18:04:54.042+0000] {subprocess.py:93} INFO - 26/06/25 18:04:54 WARN NativeCodeLoader: Unable to load native-hadoop library for your platform... using builtin-java classes where applicable
[2026-06-25T18:04:59.115+0000] {subprocess.py:93} INFO - [Stage 5:>                                                          (0 + 1) / 1]
[2026-06-25T18:04:59.117+0000] {subprocess.py:93} INFO - --- silver lms 2024-04-01 ---
[2026-06-25T18:04:59.118+0000] {subprocess.py:93} INFO - 
[2026-06-25T18:04:59.119+0000] {subprocess.py:93} INFO - [silver:lms] loaded datamart/bronze/lms/bronze_lms_2024_04_01.csv rows: 5417
[2026-06-25T18:04:59.121+0000] {subprocess.py:93} INFO - [silver:lms] cleared stale partition: datamart/silver/lms/2024_04_01.parquet
[2026-06-25T18:04:59.122+0000] {subprocess.py:93} INFO - [silver:lms] saved to: datamart/silver/lms/2024_04_01.parquet
[2026-06-25T18:04:59.123+0000] {subprocess.py:93} INFO - 
[2026-06-25T18:04:59.124+0000] {subprocess.py:93} INFO - --- done ---
[2026-06-25T18:04:59.124+0000] {subprocess.py:93} INFO - 
[2026-06-25T18:04:59.639+0000] {subprocess.py:97} INFO - Command exited with return code 0
[2026-06-25T18:04:59.641+0000] {taskinstance.py:441} INFO - ::group::Post task execution logs
[2026-06-25T18:04:59.657+0000] {taskinstance.py:1206} INFO - Marking task as SUCCESS. dag_id=credit_default_ml_pipeline, task_id=label_pipeline.label_silver_lms, run_id=scheduled__2024-04-01T00:00:00+00:00, execution_date=20240401T000000, start_date=20260625T180452, end_date=20260625T180459
[2026-06-25T18:04:59.705+0000] {local_task_job_runner.py:243} INFO - Task exited with return code 0
[2026-06-25T18:04:59.808+0000] {taskinstance.py:3503} INFO - 1 downstream tasks scheduled from follow-on schedule check
[2026-06-25T18:04:59.810+0000] {local_task_job_runner.py:222} INFO - ::endgroup::
