[2026-06-18T03:37:20.505+0000] {local_task_job_runner.py:120} INFO - ::group::Pre task execution logs
[2026-06-18T03:37:20.523+0000] {taskinstance.py:2076} INFO - Dependencies all met for dep_context=non-requeueable deps ti=<TaskInstance: credit_default_ml_pipeline.feature_pipeline.feature_bronze_attributes scheduled__2023-01-01T00:00:00+00:00 [queued]>
[2026-06-18T03:37:20.529+0000] {taskinstance.py:2076} INFO - Dependencies all met for dep_context=requeueable deps ti=<TaskInstance: credit_default_ml_pipeline.feature_pipeline.feature_bronze_attributes scheduled__2023-01-01T00:00:00+00:00 [queued]>
[2026-06-18T03:37:20.530+0000] {taskinstance.py:2306} INFO - Starting attempt 4 of 5
[2026-06-18T03:37:20.538+0000] {taskinstance.py:2330} INFO - Executing <Task(BashOperator): feature_pipeline.feature_bronze_attributes> on 2023-01-01 00:00:00+00:00
[2026-06-18T03:37:20.543+0000] {logging_mixin.py:188} WARNING - /home/***/.local/lib/python3.12/site-packages/***/task/task_runner/standard_task_runner.py:62 DeprecationWarning: This process (pid=27248) is multi-threaded, use of fork() may lead to deadlocks in the child.
[2026-06-18T03:37:20.544+0000] {standard_task_runner.py:64} INFO - Started process 27256 to run task
[2026-06-18T03:37:20.544+0000] {standard_task_runner.py:90} INFO - Running: ['***', 'tasks', 'run', 'credit_default_ml_pipeline', 'feature_pipeline.feature_bronze_attributes', 'scheduled__2023-01-01T00:00:00+00:00', '--job-id', '926', '--raw', '--subdir', 'DAGS_FOLDER/dag.py', '--cfg-path', '/tmp/tmp2ugw86gz']
[2026-06-18T03:37:20.546+0000] {standard_task_runner.py:91} INFO - Job 926: Subtask feature_pipeline.feature_bronze_attributes
[2026-06-18T03:37:20.573+0000] {task_command.py:426} INFO - Running <TaskInstance: credit_default_ml_pipeline.feature_pipeline.feature_bronze_attributes scheduled__2023-01-01T00:00:00+00:00 [running]> on host bfbc24b887a5
[2026-06-18T03:37:20.753+0000] {taskinstance.py:2648} INFO - Exporting env vars: AIRFLOW_CTX_DAG_OWNER='***' AIRFLOW_CTX_DAG_ID='credit_default_ml_pipeline' AIRFLOW_CTX_TASK_ID='feature_pipeline.feature_bronze_attributes' AIRFLOW_CTX_EXECUTION_DATE='2023-01-01T00:00:00+00:00' AIRFLOW_CTX_TRY_NUMBER='4' AIRFLOW_CTX_DAG_RUN_ID='scheduled__2023-01-01T00:00:00+00:00'
[2026-06-18T03:37:20.756+0000] {taskinstance.py:430} INFO - ::endgroup::
[2026-06-18T03:37:20.764+0000] {subprocess.py:63} INFO - Tmp dir root location: /tmp
[2026-06-18T03:37:20.766+0000] {subprocess.py:75} INFO - Running command: ['/usr/bin/bash', '-c', 'cd /opt/***/scripts && python3 bronze_processing.py --snapshotdate "2023-01-01" --source attributes']
[2026-06-18T03:37:20.776+0000] {subprocess.py:86} INFO - Output:
[2026-06-18T03:37:22.697+0000] {subprocess.py:93} INFO - Setting default log level to "WARN".
[2026-06-18T03:37:22.699+0000] {subprocess.py:93} INFO - To adjust logging level use sc.setLogLevel(newLevel). For SparkR, use setLogLevel(newLevel).
[2026-06-18T03:37:22.954+0000] {subprocess.py:93} INFO - 26/06/18 03:37:22 WARN NativeCodeLoader: Unable to load native-hadoop library for your platform... using builtin-java classes where applicable
[2026-06-18T03:37:23.607+0000] {subprocess.py:93} INFO - 26/06/18 03:37:23 WARN Utils: Service 'SparkUI' could not bind on port 4040. Attempting port 4041.
[2026-06-18T03:37:23.610+0000] {subprocess.py:93} INFO - 26/06/18 03:37:23 WARN Utils: Service 'SparkUI' could not bind on port 4041. Attempting port 4042.
[2026-06-18T03:37:23.612+0000] {subprocess.py:93} INFO - 26/06/18 03:37:23 WARN Utils: Service 'SparkUI' could not bind on port 4042. Attempting port 4043.
[2026-06-18T03:37:31.969+0000] {subprocess.py:93} INFO - [Stage 1:>                                                          (0 + 1) / 1]
[2026-06-18T03:37:31.975+0000] {subprocess.py:93} INFO - --- bronze attributes 2023-01-01 ---
[2026-06-18T03:37:31.976+0000] {subprocess.py:93} INFO - 
[2026-06-18T03:37:31.979+0000] {subprocess.py:93} INFO - [bronze:attributes] 2023-01-01 row count: 530
[2026-06-18T03:37:31.982+0000] {subprocess.py:93} INFO - [bronze:attributes] saved to: datamart/bronze/attributes/bronze_attributes_2023_01_01.csv
[2026-06-18T03:37:31.988+0000] {subprocess.py:93} INFO - 
[2026-06-18T03:37:31.993+0000] {subprocess.py:93} INFO - --- done ---
[2026-06-18T03:37:31.995+0000] {subprocess.py:93} INFO - 
[2026-06-18T03:37:32.508+0000] {subprocess.py:97} INFO - Command exited with return code 0
[2026-06-18T03:37:32.510+0000] {taskinstance.py:441} INFO - ::group::Post task execution logs
[2026-06-18T03:37:32.537+0000] {taskinstance.py:1206} INFO - Marking task as SUCCESS. dag_id=credit_default_ml_pipeline, task_id=feature_pipeline.feature_bronze_attributes, run_id=scheduled__2023-01-01T00:00:00+00:00, execution_date=20230101T000000, start_date=20260618T033720, end_date=20260618T033732
[2026-06-18T03:37:32.586+0000] {local_task_job_runner.py:243} INFO - Task exited with return code 0
[2026-06-18T03:37:32.613+0000] {taskinstance.py:3503} INFO - 1 downstream tasks scheduled from follow-on schedule check
[2026-06-18T03:37:32.614+0000] {local_task_job_runner.py:222} INFO - ::endgroup::
