[2026-06-20T08:06:12.381+0000] {local_task_job_runner.py:120} INFO - ::group::Pre task execution logs
[2026-06-20T08:06:12.394+0000] {taskinstance.py:2076} INFO - Dependencies all met for dep_context=non-requeueable deps ti=<TaskInstance: credit_default_ml_pipeline.inference.logreg_inference scheduled__2024-07-01T00:00:00+00:00 [queued]>
[2026-06-20T08:06:12.401+0000] {taskinstance.py:2076} INFO - Dependencies all met for dep_context=requeueable deps ti=<TaskInstance: credit_default_ml_pipeline.inference.logreg_inference scheduled__2024-07-01T00:00:00+00:00 [queued]>
[2026-06-20T08:06:12.401+0000] {taskinstance.py:2306} INFO - Starting attempt 1 of 2
[2026-06-20T08:06:12.483+0000] {taskinstance.py:2330} INFO - Executing <Task(BashOperator): inference.logreg_inference> on 2024-07-01 00:00:00+00:00
[2026-06-20T08:06:12.486+0000] {logging_mixin.py:188} WARNING - /home/***/.local/lib/python3.12/site-packages/***/task/task_runner/standard_task_runner.py:62 DeprecationWarning: This process (pid=56093) is multi-threaded, use of fork() may lead to deadlocks in the child.
[2026-06-20T08:06:12.487+0000] {standard_task_runner.py:64} INFO - Started process 56096 to run task
[2026-06-20T08:06:12.486+0000] {standard_task_runner.py:90} INFO - Running: ['***', 'tasks', 'run', 'credit_default_ml_pipeline', 'inference.logreg_inference', 'scheduled__2024-07-01T00:00:00+00:00', '--job-id', '2289', '--raw', '--subdir', 'DAGS_FOLDER/dag.py', '--cfg-path', '/tmp/tmp1x9d3fkv']
[2026-06-20T08:06:12.488+0000] {standard_task_runner.py:91} INFO - Job 2289: Subtask inference.logreg_inference
[2026-06-20T08:06:12.508+0000] {task_command.py:426} INFO - Running <TaskInstance: credit_default_ml_pipeline.inference.logreg_inference scheduled__2024-07-01T00:00:00+00:00 [running]> on host 9cf341f51c89
[2026-06-20T08:06:12.536+0000] {taskinstance.py:2648} INFO - Exporting env vars: AIRFLOW_CTX_DAG_OWNER='***' AIRFLOW_CTX_DAG_ID='credit_default_ml_pipeline' AIRFLOW_CTX_TASK_ID='inference.logreg_inference' AIRFLOW_CTX_EXECUTION_DATE='2024-07-01T00:00:00+00:00' AIRFLOW_CTX_TRY_NUMBER='1' AIRFLOW_CTX_DAG_RUN_ID='scheduled__2024-07-01T00:00:00+00:00'
[2026-06-20T08:06:12.537+0000] {taskinstance.py:430} INFO - ::endgroup::
[2026-06-20T08:06:12.542+0000] {subprocess.py:63} INFO - Tmp dir root location: /tmp
[2026-06-20T08:06:12.542+0000] {subprocess.py:75} INFO - Running command: ['/usr/bin/bash', '-c', 'cd /opt/***/scripts && if [ ! -f model_bank/champion.txt ]; then echo \'[SKIP] no champion.txt for 2024-07-01\'; exit 0; fi && python3 model_inference.py --snapshotdate "2024-07-01" --modelname "credit_logreg_2024_09_01.pkl"']
[2026-06-20T08:06:12.546+0000] {subprocess.py:86} INFO - Output:
[2026-06-20T08:06:12.547+0000] {subprocess.py:93} INFO - [SKIP] no champion.txt for 2024-07-01
[2026-06-20T08:06:12.547+0000] {subprocess.py:97} INFO - Command exited with return code 0
[2026-06-20T08:06:12.548+0000] {taskinstance.py:441} INFO - ::group::Post task execution logs
[2026-06-20T08:06:12.557+0000] {taskinstance.py:1206} INFO - Marking task as SUCCESS. dag_id=credit_default_ml_pipeline, task_id=inference.logreg_inference, run_id=scheduled__2024-07-01T00:00:00+00:00, execution_date=20240701T000000, start_date=20260620T080612, end_date=20260620T080612
[2026-06-20T08:06:12.586+0000] {local_task_job_runner.py:243} INFO - Task exited with return code 0
[2026-06-20T08:06:12.594+0000] {local_task_job_runner.py:222} INFO - ::endgroup::
[2026-06-20T16:03:09.564+0000] {local_task_job_runner.py:120} INFO - ::group::Pre task execution logs
[2026-06-20T16:03:09.581+0000] {taskinstance.py:2076} INFO - Dependencies all met for dep_context=non-requeueable deps ti=<TaskInstance: credit_default_ml_pipeline.inference.logreg_inference scheduled__2024-07-01T00:00:00+00:00 [queued]>
[2026-06-20T16:03:09.585+0000] {taskinstance.py:2076} INFO - Dependencies all met for dep_context=requeueable deps ti=<TaskInstance: credit_default_ml_pipeline.inference.logreg_inference scheduled__2024-07-01T00:00:00+00:00 [queued]>
[2026-06-20T16:03:09.586+0000] {taskinstance.py:2306} INFO - Starting attempt 1 of 2
[2026-06-20T16:03:09.665+0000] {taskinstance.py:2330} INFO - Executing <Task(BashOperator): inference.logreg_inference> on 2024-07-01 00:00:00+00:00
[2026-06-20T16:03:09.670+0000] {logging_mixin.py:188} WARNING - /home/***/.local/lib/python3.12/site-packages/***/task/task_runner/standard_task_runner.py:62 DeprecationWarning: This process (pid=42419) is multi-threaded, use of fork() may lead to deadlocks in the child.
[2026-06-20T16:03:09.671+0000] {standard_task_runner.py:64} INFO - Started process 42424 to run task
[2026-06-20T16:03:09.671+0000] {standard_task_runner.py:90} INFO - Running: ['***', 'tasks', 'run', 'credit_default_ml_pipeline', 'inference.logreg_inference', 'scheduled__2024-07-01T00:00:00+00:00', '--job-id', '2762', '--raw', '--subdir', 'DAGS_FOLDER/dag.py', '--cfg-path', '/tmp/tmpfv2rtwku']
[2026-06-20T16:03:09.673+0000] {standard_task_runner.py:91} INFO - Job 2762: Subtask inference.logreg_inference
[2026-06-20T16:03:09.693+0000] {task_command.py:426} INFO - Running <TaskInstance: credit_default_ml_pipeline.inference.logreg_inference scheduled__2024-07-01T00:00:00+00:00 [running]> on host 9cf341f51c89
[2026-06-20T16:03:09.722+0000] {taskinstance.py:2648} INFO - Exporting env vars: AIRFLOW_CTX_DAG_OWNER='***' AIRFLOW_CTX_DAG_ID='credit_default_ml_pipeline' AIRFLOW_CTX_TASK_ID='inference.logreg_inference' AIRFLOW_CTX_EXECUTION_DATE='2024-07-01T00:00:00+00:00' AIRFLOW_CTX_TRY_NUMBER='1' AIRFLOW_CTX_DAG_RUN_ID='scheduled__2024-07-01T00:00:00+00:00'
[2026-06-20T16:03:09.723+0000] {taskinstance.py:430} INFO - ::endgroup::
[2026-06-20T16:03:09.728+0000] {subprocess.py:63} INFO - Tmp dir root location: /tmp
[2026-06-20T16:03:09.729+0000] {subprocess.py:75} INFO - Running command: ['/usr/bin/bash', '-c', 'cd /opt/***/scripts && if [ ! -f model_bank/champion.txt ]; then echo \'[SKIP] no champion.txt for 2024-07-01\'; exit 0; fi && python3 model_inference.py --snapshotdate "2024-07-01" --modelname "credit_logreg_2024_09_01.pkl"']
[2026-06-20T16:03:09.733+0000] {subprocess.py:86} INFO - Output:
[2026-06-20T16:03:09.735+0000] {subprocess.py:93} INFO - [SKIP] no champion.txt for 2024-07-01
[2026-06-20T16:03:09.736+0000] {subprocess.py:97} INFO - Command exited with return code 0
[2026-06-20T16:03:09.736+0000] {taskinstance.py:441} INFO - ::group::Post task execution logs
[2026-06-20T16:03:09.746+0000] {taskinstance.py:1206} INFO - Marking task as SUCCESS. dag_id=credit_default_ml_pipeline, task_id=inference.logreg_inference, run_id=scheduled__2024-07-01T00:00:00+00:00, execution_date=20240701T000000, start_date=20260620T160309, end_date=20260620T160309
[2026-06-20T16:03:09.773+0000] {local_task_job_runner.py:243} INFO - Task exited with return code 0
[2026-06-20T16:03:09.785+0000] {taskinstance.py:3503} INFO - 0 downstream tasks scheduled from follow-on schedule check
[2026-06-20T16:03:09.786+0000] {local_task_job_runner.py:222} INFO - ::endgroup::
[2026-06-20T17:59:38.343+0000] {local_task_job_runner.py:120} INFO - ::group::Pre task execution logs
[2026-06-20T17:59:38.357+0000] {taskinstance.py:2076} INFO - Dependencies all met for dep_context=non-requeueable deps ti=<TaskInstance: credit_default_ml_pipeline.inference.logreg_inference scheduled__2024-07-01T00:00:00+00:00 [queued]>
[2026-06-20T17:59:38.361+0000] {taskinstance.py:2076} INFO - Dependencies all met for dep_context=requeueable deps ti=<TaskInstance: credit_default_ml_pipeline.inference.logreg_inference scheduled__2024-07-01T00:00:00+00:00 [queued]>
[2026-06-20T17:59:38.361+0000] {taskinstance.py:2306} INFO - Starting attempt 1 of 2
[2026-06-20T17:59:38.446+0000] {taskinstance.py:2330} INFO - Executing <Task(BashOperator): inference.logreg_inference> on 2024-07-01 00:00:00+00:00
[2026-06-20T17:59:38.450+0000] {standard_task_runner.py:90} INFO - Running: ['***', 'tasks', 'run', 'credit_default_ml_pipeline', 'inference.logreg_inference', 'scheduled__2024-07-01T00:00:00+00:00', '--job-id', '3338', '--raw', '--subdir', 'DAGS_FOLDER/dag.py', '--cfg-path', '/tmp/tmpbvwlrbeb']
[2026-06-20T17:59:38.450+0000] {logging_mixin.py:188} WARNING - /home/***/.local/lib/python3.12/site-packages/***/task/task_runner/standard_task_runner.py:62 DeprecationWarning: This process (pid=60887) is multi-threaded, use of fork() may lead to deadlocks in the child.
[2026-06-20T17:59:38.452+0000] {standard_task_runner.py:91} INFO - Job 3338: Subtask inference.logreg_inference
[2026-06-20T17:59:38.453+0000] {standard_task_runner.py:64} INFO - Started process 60891 to run task
[2026-06-20T17:59:38.477+0000] {task_command.py:426} INFO - Running <TaskInstance: credit_default_ml_pipeline.inference.logreg_inference scheduled__2024-07-01T00:00:00+00:00 [running]> on host 9cf341f51c89
[2026-06-20T17:59:38.513+0000] {taskinstance.py:2648} INFO - Exporting env vars: AIRFLOW_CTX_DAG_OWNER='***' AIRFLOW_CTX_DAG_ID='credit_default_ml_pipeline' AIRFLOW_CTX_TASK_ID='inference.logreg_inference' AIRFLOW_CTX_EXECUTION_DATE='2024-07-01T00:00:00+00:00' AIRFLOW_CTX_TRY_NUMBER='1' AIRFLOW_CTX_DAG_RUN_ID='scheduled__2024-07-01T00:00:00+00:00'
[2026-06-20T17:59:38.515+0000] {taskinstance.py:430} INFO - ::endgroup::
[2026-06-20T17:59:38.520+0000] {subprocess.py:63} INFO - Tmp dir root location: /tmp
[2026-06-20T17:59:38.522+0000] {subprocess.py:75} INFO - Running command: ['/usr/bin/bash', '-c', 'cd /opt/***/scripts && if [ ! -f model_bank/champion.txt ]; then echo \'[SKIP] no champion.txt for 2024-07-01\'; exit 0; fi && python3 model_inference.py --snapshotdate "2024-07-01" --modelname "credit_logreg_2024_09_01.pkl"']
[2026-06-20T17:59:38.529+0000] {subprocess.py:86} INFO - Output:
[2026-06-20T17:59:38.531+0000] {subprocess.py:93} INFO - [SKIP] no champion.txt for 2024-07-01
[2026-06-20T17:59:38.532+0000] {subprocess.py:97} INFO - Command exited with return code 0
[2026-06-20T17:59:38.533+0000] {taskinstance.py:441} INFO - ::group::Post task execution logs
[2026-06-20T17:59:38.545+0000] {taskinstance.py:1206} INFO - Marking task as SUCCESS. dag_id=credit_default_ml_pipeline, task_id=inference.logreg_inference, run_id=scheduled__2024-07-01T00:00:00+00:00, execution_date=20240701T000000, start_date=20260620T175938, end_date=20260620T175938
[2026-06-20T17:59:38.593+0000] {local_task_job_runner.py:243} INFO - Task exited with return code 0
[2026-06-20T17:59:38.605+0000] {taskinstance.py:3503} INFO - 0 downstream tasks scheduled from follow-on schedule check
[2026-06-20T17:59:38.606+0000] {local_task_job_runner.py:222} INFO - ::endgroup::
[2026-06-21T02:54:21.148+0000] {local_task_job_runner.py:120} INFO - ::group::Pre task execution logs
[2026-06-21T02:54:21.161+0000] {taskinstance.py:2076} INFO - Dependencies all met for dep_context=non-requeueable deps ti=<TaskInstance: credit_default_ml_pipeline.inference.logreg_inference scheduled__2024-07-01T00:00:00+00:00 [queued]>
[2026-06-21T02:54:21.165+0000] {taskinstance.py:2076} INFO - Dependencies all met for dep_context=requeueable deps ti=<TaskInstance: credit_default_ml_pipeline.inference.logreg_inference scheduled__2024-07-01T00:00:00+00:00 [queued]>
[2026-06-21T02:54:21.166+0000] {taskinstance.py:2306} INFO - Starting attempt 1 of 2
[2026-06-21T02:54:21.171+0000] {taskinstance.py:2330} INFO - Executing <Task(BashOperator): inference.logreg_inference> on 2024-07-01 00:00:00+00:00
[2026-06-21T02:54:21.176+0000] {logging_mixin.py:188} WARNING - /home/***/.local/lib/python3.12/site-packages/***/task/task_runner/standard_task_runner.py:62 DeprecationWarning: This process (pid=59910) is multi-threaded, use of fork() may lead to deadlocks in the child.
[2026-06-21T02:54:21.177+0000] {standard_task_runner.py:64} INFO - Started process 59914 to run task
[2026-06-21T02:54:21.176+0000] {standard_task_runner.py:90} INFO - Running: ['***', 'tasks', 'run', 'credit_default_ml_pipeline', 'inference.logreg_inference', 'scheduled__2024-07-01T00:00:00+00:00', '--job-id', '3804', '--raw', '--subdir', 'DAGS_FOLDER/dag.py', '--cfg-path', '/tmp/tmp5ixxberx']
[2026-06-21T02:54:21.178+0000] {standard_task_runner.py:91} INFO - Job 3804: Subtask inference.logreg_inference
[2026-06-21T02:54:21.202+0000] {task_command.py:426} INFO - Running <TaskInstance: credit_default_ml_pipeline.inference.logreg_inference scheduled__2024-07-01T00:00:00+00:00 [running]> on host f6e9e2801916
[2026-06-21T02:54:21.334+0000] {taskinstance.py:2648} INFO - Exporting env vars: AIRFLOW_CTX_DAG_OWNER='***' AIRFLOW_CTX_DAG_ID='credit_default_ml_pipeline' AIRFLOW_CTX_TASK_ID='inference.logreg_inference' AIRFLOW_CTX_EXECUTION_DATE='2024-07-01T00:00:00+00:00' AIRFLOW_CTX_TRY_NUMBER='1' AIRFLOW_CTX_DAG_RUN_ID='scheduled__2024-07-01T00:00:00+00:00'
[2026-06-21T02:54:21.335+0000] {taskinstance.py:430} INFO - ::endgroup::
[2026-06-21T02:54:21.340+0000] {subprocess.py:63} INFO - Tmp dir root location: /tmp
[2026-06-21T02:54:21.340+0000] {subprocess.py:75} INFO - Running command: ['/usr/bin/bash', '-c', 'cd /opt/***/scripts && if [ ! -f model_bank/champion.txt ]; then   echo \'[SKIP] no champion.txt for 2024-07-01\'; exit 0; fi && APP_DATE=$(python3 app_date_helper.py \'2024-07-01\') && python3 model_inference.py --snapshotdate "$APP_DATE" --labeldate "2024-07-01" --modelname "credit_logreg_2024_09_01.pkl"']
[2026-06-21T02:54:21.345+0000] {subprocess.py:86} INFO - Output:
[2026-06-21T02:54:21.347+0000] {subprocess.py:93} INFO - [SKIP] no champion.txt for 2024-07-01
[2026-06-21T02:54:21.348+0000] {subprocess.py:97} INFO - Command exited with return code 0
[2026-06-21T02:54:21.348+0000] {taskinstance.py:441} INFO - ::group::Post task execution logs
[2026-06-21T02:54:21.358+0000] {taskinstance.py:1206} INFO - Marking task as SUCCESS. dag_id=credit_default_ml_pipeline, task_id=inference.logreg_inference, run_id=scheduled__2024-07-01T00:00:00+00:00, execution_date=20240701T000000, start_date=20260621T025421, end_date=20260621T025421
[2026-06-21T02:54:21.402+0000] {local_task_job_runner.py:243} INFO - Task exited with return code 0
[2026-06-21T02:54:21.409+0000] {local_task_job_runner.py:222} INFO - ::endgroup::
[2026-06-21T06:20:44.177+0000] {local_task_job_runner.py:120} INFO - ::group::Pre task execution logs
[2026-06-21T06:20:44.196+0000] {taskinstance.py:2076} INFO - Dependencies all met for dep_context=non-requeueable deps ti=<TaskInstance: credit_default_ml_pipeline.inference.logreg_inference scheduled__2024-07-01T00:00:00+00:00 [queued]>
[2026-06-21T06:20:44.202+0000] {taskinstance.py:2076} INFO - Dependencies all met for dep_context=requeueable deps ti=<TaskInstance: credit_default_ml_pipeline.inference.logreg_inference scheduled__2024-07-01T00:00:00+00:00 [queued]>
[2026-06-21T06:20:44.203+0000] {taskinstance.py:2306} INFO - Starting attempt 1 of 2
[2026-06-21T06:20:44.288+0000] {taskinstance.py:2330} INFO - Executing <Task(BashOperator): inference.logreg_inference> on 2024-07-01 00:00:00+00:00
[2026-06-21T06:20:44.293+0000] {logging_mixin.py:188} WARNING - /home/***/.local/lib/python3.12/site-packages/***/task/task_runner/standard_task_runner.py:62 DeprecationWarning: This process (pid=61672) is multi-threaded, use of fork() may lead to deadlocks in the child.
[2026-06-21T06:20:44.294+0000] {standard_task_runner.py:64} INFO - Started process 61677 to run task
[2026-06-21T06:20:44.294+0000] {standard_task_runner.py:90} INFO - Running: ['***', 'tasks', 'run', 'credit_default_ml_pipeline', 'inference.logreg_inference', 'scheduled__2024-07-01T00:00:00+00:00', '--job-id', '4265', '--raw', '--subdir', 'DAGS_FOLDER/dag.py', '--cfg-path', '/tmp/tmpijdb0su1']
[2026-06-21T06:20:44.295+0000] {standard_task_runner.py:91} INFO - Job 4265: Subtask inference.logreg_inference
[2026-06-21T06:20:44.320+0000] {task_command.py:426} INFO - Running <TaskInstance: credit_default_ml_pipeline.inference.logreg_inference scheduled__2024-07-01T00:00:00+00:00 [running]> on host 9377a3f0491f
[2026-06-21T06:20:44.356+0000] {taskinstance.py:2648} INFO - Exporting env vars: AIRFLOW_CTX_DAG_OWNER='***' AIRFLOW_CTX_DAG_ID='credit_default_ml_pipeline' AIRFLOW_CTX_TASK_ID='inference.logreg_inference' AIRFLOW_CTX_EXECUTION_DATE='2024-07-01T00:00:00+00:00' AIRFLOW_CTX_TRY_NUMBER='1' AIRFLOW_CTX_DAG_RUN_ID='scheduled__2024-07-01T00:00:00+00:00'
[2026-06-21T06:20:44.358+0000] {taskinstance.py:430} INFO - ::endgroup::
[2026-06-21T06:20:44.363+0000] {subprocess.py:63} INFO - Tmp dir root location: /tmp
[2026-06-21T06:20:44.365+0000] {subprocess.py:75} INFO - Running command: ['/usr/bin/bash', '-c', 'cd /opt/***/scripts && if [ ! -f model_bank/champion.txt ]; then   echo \'[SKIP] no champion.txt for 2024-07-01\'; exit 0; fi && APP_DATE=$(python3 app_date_helper.py \'2024-07-01\') && python3 model_inference.py --snapshotdate "$APP_DATE" --labeldate "2024-07-01" --modelname "credit_logreg_2024_09_01.pkl"']
[2026-06-21T06:20:44.370+0000] {subprocess.py:86} INFO - Output:
[2026-06-21T06:20:44.372+0000] {subprocess.py:93} INFO - [SKIP] no champion.txt for 2024-07-01
[2026-06-21T06:20:44.372+0000] {subprocess.py:97} INFO - Command exited with return code 0
[2026-06-21T06:20:44.373+0000] {taskinstance.py:441} INFO - ::group::Post task execution logs
[2026-06-21T06:20:44.386+0000] {taskinstance.py:1206} INFO - Marking task as SUCCESS. dag_id=credit_default_ml_pipeline, task_id=inference.logreg_inference, run_id=scheduled__2024-07-01T00:00:00+00:00, execution_date=20240701T000000, start_date=20260621T062044, end_date=20260621T062044
[2026-06-21T06:20:44.396+0000] {local_task_job_runner.py:243} INFO - Task exited with return code 0
[2026-06-21T06:20:44.411+0000] {taskinstance.py:3503} INFO - 0 downstream tasks scheduled from follow-on schedule check
[2026-06-21T06:20:44.412+0000] {local_task_job_runner.py:222} INFO - ::endgroup::
