[2026-06-18T04:32:52.159+0000] {local_task_job_runner.py:120} INFO - ::group::Pre task execution logs
[2026-06-18T04:32:52.178+0000] {taskinstance.py:2076} INFO - Dependencies all met for dep_context=non-requeueable deps ti=<TaskInstance: credit_default_ml_pipeline.training.branch_should_train scheduled__2024-08-01T00:00:00+00:00 [queued]>
[2026-06-18T04:32:52.184+0000] {taskinstance.py:2076} INFO - Dependencies all met for dep_context=requeueable deps ti=<TaskInstance: credit_default_ml_pipeline.training.branch_should_train scheduled__2024-08-01T00:00:00+00:00 [queued]>
[2026-06-18T04:32:52.185+0000] {taskinstance.py:2306} INFO - Starting attempt 4 of 5
[2026-06-18T04:32:52.192+0000] {taskinstance.py:2330} INFO - Executing <Task(BranchPythonOperator): training.branch_should_train> on 2024-08-01 00:00:00+00:00
[2026-06-18T04:32:52.196+0000] {logging_mixin.py:188} WARNING - /home/***/.local/lib/python3.12/site-packages/***/task/task_runner/standard_task_runner.py:62 DeprecationWarning: This process (pid=88696) is multi-threaded, use of fork() may lead to deadlocks in the child.
[2026-06-18T04:32:52.198+0000] {standard_task_runner.py:64} INFO - Started process 88698 to run task
[2026-06-18T04:32:52.196+0000] {standard_task_runner.py:90} INFO - Running: ['***', 'tasks', 'run', 'credit_default_ml_pipeline', 'training.branch_should_train', 'scheduled__2024-08-01T00:00:00+00:00', '--job-id', '1259', '--raw', '--subdir', 'DAGS_FOLDER/dag.py', '--cfg-path', '/tmp/tmp8kx5e1_g']
[2026-06-18T04:32:52.199+0000] {standard_task_runner.py:91} INFO - Job 1259: Subtask training.branch_should_train
[2026-06-18T04:32:52.226+0000] {task_command.py:426} INFO - Running <TaskInstance: credit_default_ml_pipeline.training.branch_should_train scheduled__2024-08-01T00:00:00+00:00 [running]> on host bfbc24b887a5
[2026-06-18T04:32:52.379+0000] {taskinstance.py:2648} INFO - Exporting env vars: AIRFLOW_CTX_DAG_OWNER='***' AIRFLOW_CTX_DAG_ID='credit_default_ml_pipeline' AIRFLOW_CTX_TASK_ID='training.branch_should_train' AIRFLOW_CTX_EXECUTION_DATE='2024-08-01T00:00:00+00:00' AIRFLOW_CTX_TRY_NUMBER='4' AIRFLOW_CTX_DAG_RUN_ID='scheduled__2024-08-01T00:00:00+00:00'
[2026-06-18T04:32:52.380+0000] {taskinstance.py:430} INFO - ::endgroup::
[2026-06-18T04:32:52.387+0000] {baseoperator.py:400} WARNING - BranchPythonOperator.execute cannot be called outside TaskInstance!
[2026-06-18T04:32:52.388+0000] {logging_mixin.py:188} INFO - [retrain-trigger] no champion deployed yet as of 2024-08-01; skipping training.
[2026-06-18T04:32:52.388+0000] {python.py:237} INFO - Done. Returned value was: training.skip_training
[2026-06-18T04:32:52.389+0000] {branch.py:36} INFO - Branch into training.skip_training
[2026-06-18T04:32:52.389+0000] {skipmixin.py:178} INFO - Following branch training.skip_training
[2026-06-18T04:32:52.396+0000] {skipmixin.py:246} INFO - Skipping tasks [('training.model_train', -1)]
[2026-06-18T04:32:52.406+0000] {taskinstance.py:441} INFO - ::group::Post task execution logs
[2026-06-18T04:32:52.415+0000] {taskinstance.py:1206} INFO - Marking task as SUCCESS. dag_id=credit_default_ml_pipeline, task_id=training.branch_should_train, run_id=scheduled__2024-08-01T00:00:00+00:00, execution_date=20240801T000000, start_date=20260618T043252, end_date=20260618T043252
[2026-06-18T04:32:52.462+0000] {local_task_job_runner.py:243} INFO - Task exited with return code 0
[2026-06-18T04:32:52.480+0000] {taskinstance.py:3503} INFO - 0 downstream tasks scheduled from follow-on schedule check
[2026-06-18T04:32:52.483+0000] {local_task_job_runner.py:222} INFO - ::endgroup::
