[2026-06-16T15:40:51.931+0000] {local_task_job_runner.py:120} INFO - ::group::Pre task execution logs
[2026-06-16T15:40:51.952+0000] {taskinstance.py:2076} INFO - Dependencies all met for dep_context=non-requeueable deps ti=<TaskInstance: credit_default_ml_pipeline.label_pipeline.gold_label_store scheduled__2024-04-01T00:00:00+00:00 [queued]>
[2026-06-16T15:40:51.957+0000] {taskinstance.py:2076} INFO - Dependencies all met for dep_context=requeueable deps ti=<TaskInstance: credit_default_ml_pipeline.label_pipeline.gold_label_store scheduled__2024-04-01T00:00:00+00:00 [queued]>
[2026-06-16T15:40:51.957+0000] {taskinstance.py:2306} INFO - Starting attempt 1 of 2
[2026-06-16T15:40:51.965+0000] {taskinstance.py:2330} INFO - Executing <Task(BashOperator): label_pipeline.gold_label_store> on 2024-04-01 00:00:00+00:00
[2026-06-16T15:40:51.971+0000] {logging_mixin.py:188} WARNING - /home/***/.local/lib/python3.12/site-packages/***/task/task_runner/standard_task_runner.py:62 DeprecationWarning: This process (pid=9243) is multi-threaded, use of fork() may lead to deadlocks in the child.
[2026-06-16T15:40:51.970+0000] {standard_task_runner.py:90} INFO - Running: ['***', 'tasks', 'run', 'credit_default_ml_pipeline', 'label_pipeline.gold_label_store', 'scheduled__2024-04-01T00:00:00+00:00', '--job-id', '292', '--raw', '--subdir', 'DAGS_FOLDER/dag.py', '--cfg-path', '/tmp/tmpcge32in4']
[2026-06-16T15:40:51.972+0000] {standard_task_runner.py:64} INFO - Started process 9262 to run task
[2026-06-16T15:40:51.972+0000] {standard_task_runner.py:91} INFO - Job 292: Subtask label_pipeline.gold_label_store
[2026-06-16T15:40:52.002+0000] {task_command.py:426} INFO - Running <TaskInstance: credit_default_ml_pipeline.label_pipeline.gold_label_store scheduled__2024-04-01T00:00:00+00:00 [running]> on host 2b9b50b7433d
[2026-06-16T15:40:52.056+0000] {taskinstance.py:2648} INFO - Exporting env vars: AIRFLOW_CTX_DAG_OWNER='***' AIRFLOW_CTX_DAG_ID='credit_default_ml_pipeline' AIRFLOW_CTX_TASK_ID='label_pipeline.gold_label_store' AIRFLOW_CTX_EXECUTION_DATE='2024-04-01T00:00:00+00:00' AIRFLOW_CTX_TRY_NUMBER='1' AIRFLOW_CTX_DAG_RUN_ID='scheduled__2024-04-01T00:00:00+00:00'
[2026-06-16T15:40:52.057+0000] {taskinstance.py:430} INFO - ::endgroup::
[2026-06-16T15:40:52.066+0000] {subprocess.py:63} INFO - Tmp dir root location: /tmp
[2026-06-16T15:40:52.067+0000] {subprocess.py:75} INFO - Running command: ['/usr/bin/bash', '-c', 'cd /opt/***/scripts && python3 gold_label_store.py --snapshotdate "2024-04-01"']
[2026-06-16T15:40:52.073+0000] {subprocess.py:86} INFO - Output:
[2026-06-16T15:40:53.442+0000] {subprocess.py:93} INFO - Setting default log level to "WARN".
[2026-06-16T15:40:53.443+0000] {subprocess.py:93} INFO - To adjust logging level use sc.setLogLevel(newLevel). For SparkR, use setLogLevel(newLevel).
[2026-06-16T15:40:53.542+0000] {subprocess.py:93} INFO - 26/06/16 15:40:53 WARN NativeCodeLoader: Unable to load native-hadoop library for your platform... using builtin-java classes where applicable
[2026-06-16T15:40:55.958+0000] {subprocess.py:93} INFO - 
[2026-06-16T15:40:55.960+0000] {subprocess.py:93} INFO - --- gold label 2024-04-01 ---
[2026-06-16T15:40:55.961+0000] {subprocess.py:93} INFO - 
[2026-06-16T15:40:55.962+0000] {subprocess.py:93} INFO - [gold:label] loaded datamart/silver/lms/2024_04_01.parquet rows: 5417
[2026-06-16T15:40:55.963+0000] {subprocess.py:93} INFO - [gold:label] saved to: datamart/gold/label_store/gold_label_store_2024_04_01.parquet
[2026-06-16T15:40:55.964+0000] {subprocess.py:93} INFO - 
[2026-06-16T15:40:55.965+0000] {subprocess.py:93} INFO - --- done ---
[2026-06-16T15:40:55.966+0000] {subprocess.py:93} INFO - 
[2026-06-16T15:40:56.440+0000] {subprocess.py:97} INFO - Command exited with return code 0
[2026-06-16T15:40:56.442+0000] {taskinstance.py:441} INFO - ::group::Post task execution logs
[2026-06-16T15:40:56.460+0000] {taskinstance.py:1206} INFO - Marking task as SUCCESS. dag_id=credit_default_ml_pipeline, task_id=label_pipeline.gold_label_store, run_id=scheduled__2024-04-01T00:00:00+00:00, execution_date=20240401T000000, start_date=20260616T154051, end_date=20260616T154056
[2026-06-16T15:40:56.506+0000] {local_task_job_runner.py:243} INFO - Task exited with return code 0
[2026-06-16T15:40:56.522+0000] {taskinstance.py:3503} INFO - 0 downstream tasks scheduled from follow-on schedule check
[2026-06-16T15:40:56.524+0000] {local_task_job_runner.py:222} INFO - ::endgroup::
[2026-06-20T06:36:26.765+0000] {local_task_job_runner.py:120} INFO - ::group::Pre task execution logs
[2026-06-20T06:36:26.784+0000] {taskinstance.py:2076} INFO - Dependencies all met for dep_context=non-requeueable deps ti=<TaskInstance: credit_default_ml_pipeline.label_pipeline.gold_label_store scheduled__2024-04-01T00:00:00+00:00 [queued]>
[2026-06-20T06:36:26.791+0000] {taskinstance.py:2076} INFO - Dependencies all met for dep_context=requeueable deps ti=<TaskInstance: credit_default_ml_pipeline.label_pipeline.gold_label_store scheduled__2024-04-01T00:00:00+00:00 [queued]>
[2026-06-20T06:36:26.792+0000] {taskinstance.py:2306} INFO - Starting attempt 1 of 2
[2026-06-20T06:36:26.894+0000] {taskinstance.py:2330} INFO - Executing <Task(BashOperator): label_pipeline.gold_label_store> on 2024-04-01 00:00:00+00:00
[2026-06-20T06:36:26.899+0000] {logging_mixin.py:188} WARNING - /home/***/.local/lib/python3.12/site-packages/***/task/task_runner/standard_task_runner.py:62 DeprecationWarning: This process (pid=60523) is multi-threaded, use of fork() may lead to deadlocks in the child.
[2026-06-20T06:36:26.899+0000] {standard_task_runner.py:90} INFO - Running: ['***', 'tasks', 'run', 'credit_default_ml_pipeline', 'label_pipeline.gold_label_store', 'scheduled__2024-04-01T00:00:00+00:00', '--job-id', '1735', '--raw', '--subdir', 'DAGS_FOLDER/dag.py', '--cfg-path', '/tmp/tmp7iidra83']
[2026-06-20T06:36:26.901+0000] {standard_task_runner.py:64} INFO - Started process 60525 to run task
[2026-06-20T06:36:26.901+0000] {standard_task_runner.py:91} INFO - Job 1735: Subtask label_pipeline.gold_label_store
[2026-06-20T06:36:26.932+0000] {task_command.py:426} INFO - Running <TaskInstance: credit_default_ml_pipeline.label_pipeline.gold_label_store scheduled__2024-04-01T00:00:00+00:00 [running]> on host 9cf341f51c89
[2026-06-20T06:36:26.978+0000] {taskinstance.py:2648} INFO - Exporting env vars: AIRFLOW_CTX_DAG_OWNER='***' AIRFLOW_CTX_DAG_ID='credit_default_ml_pipeline' AIRFLOW_CTX_TASK_ID='label_pipeline.gold_label_store' AIRFLOW_CTX_EXECUTION_DATE='2024-04-01T00:00:00+00:00' AIRFLOW_CTX_TRY_NUMBER='1' AIRFLOW_CTX_DAG_RUN_ID='scheduled__2024-04-01T00:00:00+00:00'
[2026-06-20T06:36:26.980+0000] {taskinstance.py:430} INFO - ::endgroup::
[2026-06-20T06:36:26.987+0000] {subprocess.py:63} INFO - Tmp dir root location: /tmp
[2026-06-20T06:36:26.988+0000] {subprocess.py:75} INFO - Running command: ['/usr/bin/bash', '-c', 'cd /opt/***/scripts && python3 gold_label_store.py --snapshotdate "2024-04-01"']
[2026-06-20T06:36:26.995+0000] {subprocess.py:86} INFO - Output:
[2026-06-20T06:36:28.856+0000] {subprocess.py:93} INFO - Setting default log level to "WARN".
[2026-06-20T06:36:28.858+0000] {subprocess.py:93} INFO - To adjust logging level use sc.setLogLevel(newLevel). For SparkR, use setLogLevel(newLevel).
[2026-06-20T06:36:28.969+0000] {subprocess.py:93} INFO - 26/06/20 06:36:28 WARN NativeCodeLoader: Unable to load native-hadoop library for your platform... using builtin-java classes where applicable
[2026-06-20T06:36:32.669+0000] {subprocess.py:93} INFO - 
[2026-06-20T06:36:32.670+0000] {subprocess.py:93} INFO - --- gold label 2024-04-01 ---
[2026-06-20T06:36:32.671+0000] {subprocess.py:93} INFO - 
[2026-06-20T06:36:32.671+0000] {subprocess.py:93} INFO - [gold:label] loaded datamart/silver/lms/2024_04_01.parquet rows: 5417
[2026-06-20T06:36:32.672+0000] {subprocess.py:93} INFO - [gold:label] saved to: datamart/gold/label_store/gold_label_store_2024_04_01.parquet
[2026-06-20T06:36:32.672+0000] {subprocess.py:93} INFO - 
[2026-06-20T06:36:32.674+0000] {subprocess.py:93} INFO - --- done ---
[2026-06-20T06:36:32.674+0000] {subprocess.py:93} INFO - 
[2026-06-20T06:36:33.159+0000] {subprocess.py:97} INFO - Command exited with return code 0
[2026-06-20T06:36:33.160+0000] {taskinstance.py:441} INFO - ::group::Post task execution logs
[2026-06-20T06:36:33.175+0000] {taskinstance.py:1206} INFO - Marking task as SUCCESS. dag_id=credit_default_ml_pipeline, task_id=label_pipeline.gold_label_store, run_id=scheduled__2024-04-01T00:00:00+00:00, execution_date=20240401T000000, start_date=20260620T063626, end_date=20260620T063633
[2026-06-20T06:36:33.211+0000] {local_task_job_runner.py:243} INFO - Task exited with return code 0
[2026-06-20T06:36:33.226+0000] {taskinstance.py:3503} INFO - 0 downstream tasks scheduled from follow-on schedule check
[2026-06-20T06:36:33.227+0000] {local_task_job_runner.py:222} INFO - ::endgroup::
[2026-06-20T07:57:05.545+0000] {local_task_job_runner.py:120} INFO - ::group::Pre task execution logs
[2026-06-20T07:57:05.564+0000] {taskinstance.py:2076} INFO - Dependencies all met for dep_context=non-requeueable deps ti=<TaskInstance: credit_default_ml_pipeline.label_pipeline.gold_label_store scheduled__2024-04-01T00:00:00+00:00 [queued]>
[2026-06-20T07:57:05.570+0000] {taskinstance.py:2076} INFO - Dependencies all met for dep_context=requeueable deps ti=<TaskInstance: credit_default_ml_pipeline.label_pipeline.gold_label_store scheduled__2024-04-01T00:00:00+00:00 [queued]>
[2026-06-20T07:57:05.571+0000] {taskinstance.py:2306} INFO - Starting attempt 1 of 2
[2026-06-20T07:57:05.579+0000] {taskinstance.py:2330} INFO - Executing <Task(BashOperator): label_pipeline.gold_label_store> on 2024-04-01 00:00:00+00:00
[2026-06-20T07:57:05.585+0000] {logging_mixin.py:188} WARNING - /home/***/.local/lib/python3.12/site-packages/***/task/task_runner/standard_task_runner.py:62 DeprecationWarning: This process (pid=46190) is multi-threaded, use of fork() may lead to deadlocks in the child.
[2026-06-20T07:57:05.586+0000] {standard_task_runner.py:64} INFO - Started process 46192 to run task
[2026-06-20T07:57:05.585+0000] {standard_task_runner.py:90} INFO - Running: ['***', 'tasks', 'run', 'credit_default_ml_pipeline', 'label_pipeline.gold_label_store', 'scheduled__2024-04-01T00:00:00+00:00', '--job-id', '2230', '--raw', '--subdir', 'DAGS_FOLDER/dag.py', '--cfg-path', '/tmp/tmp4kk_l6nq']
[2026-06-20T07:57:05.588+0000] {standard_task_runner.py:91} INFO - Job 2230: Subtask label_pipeline.gold_label_store
[2026-06-20T07:57:05.707+0000] {task_command.py:426} INFO - Running <TaskInstance: credit_default_ml_pipeline.label_pipeline.gold_label_store scheduled__2024-04-01T00:00:00+00:00 [running]> on host 9cf341f51c89
[2026-06-20T07:57:05.746+0000] {taskinstance.py:2648} INFO - Exporting env vars: AIRFLOW_CTX_DAG_OWNER='***' AIRFLOW_CTX_DAG_ID='credit_default_ml_pipeline' AIRFLOW_CTX_TASK_ID='label_pipeline.gold_label_store' AIRFLOW_CTX_EXECUTION_DATE='2024-04-01T00:00:00+00:00' AIRFLOW_CTX_TRY_NUMBER='1' AIRFLOW_CTX_DAG_RUN_ID='scheduled__2024-04-01T00:00:00+00:00'
[2026-06-20T07:57:05.748+0000] {taskinstance.py:430} INFO - ::endgroup::
[2026-06-20T07:57:05.754+0000] {subprocess.py:63} INFO - Tmp dir root location: /tmp
[2026-06-20T07:57:05.754+0000] {subprocess.py:75} INFO - Running command: ['/usr/bin/bash', '-c', 'cd /opt/***/scripts && python3 gold_label_store.py --snapshotdate "2024-04-01"']
[2026-06-20T07:57:05.760+0000] {subprocess.py:86} INFO - Output:
[2026-06-20T07:57:07.358+0000] {subprocess.py:93} INFO - Setting default log level to "WARN".
[2026-06-20T07:57:07.361+0000] {subprocess.py:93} INFO - To adjust logging level use sc.setLogLevel(newLevel). For SparkR, use setLogLevel(newLevel).
[2026-06-20T07:57:07.554+0000] {subprocess.py:93} INFO - 26/06/20 07:57:07 WARN NativeCodeLoader: Unable to load native-hadoop library for your platform... using builtin-java classes where applicable
[2026-06-20T07:57:11.681+0000] {subprocess.py:93} INFO - 
[2026-06-20T07:57:11.682+0000] {subprocess.py:93} INFO - --- gold label 2024-04-01 ---
[2026-06-20T07:57:11.684+0000] {subprocess.py:93} INFO - 
[2026-06-20T07:57:11.685+0000] {subprocess.py:93} INFO - [gold:label] loaded datamart/silver/lms/2024_04_01.parquet rows: 5417
[2026-06-20T07:57:11.685+0000] {subprocess.py:93} INFO - [gold:label] saved to: datamart/gold/label_store/gold_label_store_2024_04_01.parquet
[2026-06-20T07:57:11.686+0000] {subprocess.py:93} INFO - 
[2026-06-20T07:57:11.687+0000] {subprocess.py:93} INFO - --- done ---
[2026-06-20T07:57:11.690+0000] {subprocess.py:93} INFO - 
[2026-06-20T07:57:12.174+0000] {subprocess.py:97} INFO - Command exited with return code 0
[2026-06-20T07:57:12.176+0000] {taskinstance.py:441} INFO - ::group::Post task execution logs
[2026-06-20T07:57:12.193+0000] {taskinstance.py:1206} INFO - Marking task as SUCCESS. dag_id=credit_default_ml_pipeline, task_id=label_pipeline.gold_label_store, run_id=scheduled__2024-04-01T00:00:00+00:00, execution_date=20240401T000000, start_date=20260620T075705, end_date=20260620T075712
[2026-06-20T07:57:12.242+0000] {local_task_job_runner.py:243} INFO - Task exited with return code 0
[2026-06-20T07:57:12.256+0000] {taskinstance.py:3503} INFO - 0 downstream tasks scheduled from follow-on schedule check
[2026-06-20T07:57:12.257+0000] {local_task_job_runner.py:222} INFO - ::endgroup::
[2026-06-20T15:52:21.597+0000] {local_task_job_runner.py:120} INFO - ::group::Pre task execution logs
[2026-06-20T15:52:21.614+0000] {taskinstance.py:2076} INFO - Dependencies all met for dep_context=non-requeueable deps ti=<TaskInstance: credit_default_ml_pipeline.label_pipeline.gold_label_store scheduled__2024-04-01T00:00:00+00:00 [queued]>
[2026-06-20T15:52:21.619+0000] {taskinstance.py:2076} INFO - Dependencies all met for dep_context=requeueable deps ti=<TaskInstance: credit_default_ml_pipeline.label_pipeline.gold_label_store scheduled__2024-04-01T00:00:00+00:00 [queued]>
[2026-06-20T15:52:21.620+0000] {taskinstance.py:2306} INFO - Starting attempt 1 of 2
[2026-06-20T15:52:21.628+0000] {taskinstance.py:2330} INFO - Executing <Task(BashOperator): label_pipeline.gold_label_store> on 2024-04-01 00:00:00+00:00
[2026-06-20T15:52:21.633+0000] {logging_mixin.py:188} WARNING - /home/***/.local/lib/python3.12/site-packages/***/task/task_runner/standard_task_runner.py:62 DeprecationWarning: This process (pid=31548) is multi-threaded, use of fork() may lead to deadlocks in the child.
[2026-06-20T15:52:21.635+0000] {standard_task_runner.py:64} INFO - Started process 31561 to run task
[2026-06-20T15:52:21.634+0000] {standard_task_runner.py:90} INFO - Running: ['***', 'tasks', 'run', 'credit_default_ml_pipeline', 'label_pipeline.gold_label_store', 'scheduled__2024-04-01T00:00:00+00:00', '--job-id', '2699', '--raw', '--subdir', 'DAGS_FOLDER/dag.py', '--cfg-path', '/tmp/tmpk9s7pfln']
[2026-06-20T15:52:21.637+0000] {standard_task_runner.py:91} INFO - Job 2699: Subtask label_pipeline.gold_label_store
[2026-06-20T15:52:21.781+0000] {task_command.py:426} INFO - Running <TaskInstance: credit_default_ml_pipeline.label_pipeline.gold_label_store scheduled__2024-04-01T00:00:00+00:00 [running]> on host 9cf341f51c89
[2026-06-20T15:52:21.817+0000] {taskinstance.py:2648} INFO - Exporting env vars: AIRFLOW_CTX_DAG_OWNER='***' AIRFLOW_CTX_DAG_ID='credit_default_ml_pipeline' AIRFLOW_CTX_TASK_ID='label_pipeline.gold_label_store' AIRFLOW_CTX_EXECUTION_DATE='2024-04-01T00:00:00+00:00' AIRFLOW_CTX_TRY_NUMBER='1' AIRFLOW_CTX_DAG_RUN_ID='scheduled__2024-04-01T00:00:00+00:00'
[2026-06-20T15:52:21.818+0000] {taskinstance.py:430} INFO - ::endgroup::
[2026-06-20T15:52:21.823+0000] {subprocess.py:63} INFO - Tmp dir root location: /tmp
[2026-06-20T15:52:21.824+0000] {subprocess.py:75} INFO - Running command: ['/usr/bin/bash', '-c', 'cd /opt/***/scripts && python3 gold_label_store.py --snapshotdate "2024-04-01"']
[2026-06-20T15:52:21.828+0000] {subprocess.py:86} INFO - Output:
[2026-06-20T15:52:23.283+0000] {subprocess.py:93} INFO - Setting default log level to "WARN".
[2026-06-20T15:52:23.285+0000] {subprocess.py:93} INFO - To adjust logging level use sc.setLogLevel(newLevel). For SparkR, use setLogLevel(newLevel).
[2026-06-20T15:52:23.405+0000] {subprocess.py:93} INFO - 26/06/20 15:52:23 WARN NativeCodeLoader: Unable to load native-hadoop library for your platform... using builtin-java classes where applicable
[2026-06-20T15:52:26.389+0000] {subprocess.py:93} INFO - 
[2026-06-20T15:52:26.390+0000] {subprocess.py:93} INFO - --- gold label 2024-04-01 ---
[2026-06-20T15:52:26.390+0000] {subprocess.py:93} INFO - 
[2026-06-20T15:52:26.392+0000] {subprocess.py:93} INFO - [gold:label] loaded datamart/silver/lms/2024_04_01.parquet rows: 5417
[2026-06-20T15:52:26.393+0000] {subprocess.py:93} INFO - [gold:label] saved to: datamart/gold/label_store/gold_label_store_2024_04_01.parquet
[2026-06-20T15:52:26.394+0000] {subprocess.py:93} INFO - 
[2026-06-20T15:52:26.394+0000] {subprocess.py:93} INFO - --- done ---
[2026-06-20T15:52:26.395+0000] {subprocess.py:93} INFO - 
[2026-06-20T15:52:26.860+0000] {subprocess.py:97} INFO - Command exited with return code 0
[2026-06-20T15:52:26.861+0000] {taskinstance.py:441} INFO - ::group::Post task execution logs
[2026-06-20T15:52:26.872+0000] {taskinstance.py:1206} INFO - Marking task as SUCCESS. dag_id=credit_default_ml_pipeline, task_id=label_pipeline.gold_label_store, run_id=scheduled__2024-04-01T00:00:00+00:00, execution_date=20240401T000000, start_date=20260620T155221, end_date=20260620T155226
[2026-06-20T15:52:26.890+0000] {local_task_job_runner.py:243} INFO - Task exited with return code 0
[2026-06-20T15:52:26.903+0000] {taskinstance.py:3503} INFO - 0 downstream tasks scheduled from follow-on schedule check
[2026-06-20T15:52:26.904+0000] {local_task_job_runner.py:222} INFO - ::endgroup::
[2026-06-20T17:47:22.844+0000] {local_task_job_runner.py:120} INFO - ::group::Pre task execution logs
[2026-06-20T17:47:22.870+0000] {taskinstance.py:2076} INFO - Dependencies all met for dep_context=non-requeueable deps ti=<TaskInstance: credit_default_ml_pipeline.label_pipeline.gold_label_store scheduled__2024-04-01T00:00:00+00:00 [queued]>
[2026-06-20T17:47:22.880+0000] {taskinstance.py:2076} INFO - Dependencies all met for dep_context=requeueable deps ti=<TaskInstance: credit_default_ml_pipeline.label_pipeline.gold_label_store scheduled__2024-04-01T00:00:00+00:00 [queued]>
[2026-06-20T17:47:22.881+0000] {taskinstance.py:2306} INFO - Starting attempt 1 of 2
[2026-06-20T17:47:22.893+0000] {taskinstance.py:2330} INFO - Executing <Task(BashOperator): label_pipeline.gold_label_store> on 2024-04-01 00:00:00+00:00
[2026-06-20T17:47:22.902+0000] {logging_mixin.py:188} WARNING - /home/***/.local/lib/python3.12/site-packages/***/task/task_runner/standard_task_runner.py:62 DeprecationWarning: This process (pid=49933) is multi-threaded, use of fork() may lead to deadlocks in the child.
[2026-06-20T17:47:22.903+0000] {standard_task_runner.py:64} INFO - Started process 49935 to run task
[2026-06-20T17:47:22.902+0000] {standard_task_runner.py:90} INFO - Running: ['***', 'tasks', 'run', 'credit_default_ml_pipeline', 'label_pipeline.gold_label_store', 'scheduled__2024-04-01T00:00:00+00:00', '--job-id', '3276', '--raw', '--subdir', 'DAGS_FOLDER/dag.py', '--cfg-path', '/tmp/tmpm96foq35']
[2026-06-20T17:47:22.905+0000] {standard_task_runner.py:91} INFO - Job 3276: Subtask label_pipeline.gold_label_store
[2026-06-20T17:47:23.108+0000] {task_command.py:426} INFO - Running <TaskInstance: credit_default_ml_pipeline.label_pipeline.gold_label_store scheduled__2024-04-01T00:00:00+00:00 [running]> on host 9cf341f51c89
[2026-06-20T17:47:23.168+0000] {taskinstance.py:2648} INFO - Exporting env vars: AIRFLOW_CTX_DAG_OWNER='***' AIRFLOW_CTX_DAG_ID='credit_default_ml_pipeline' AIRFLOW_CTX_TASK_ID='label_pipeline.gold_label_store' AIRFLOW_CTX_EXECUTION_DATE='2024-04-01T00:00:00+00:00' AIRFLOW_CTX_TRY_NUMBER='1' AIRFLOW_CTX_DAG_RUN_ID='scheduled__2024-04-01T00:00:00+00:00'
[2026-06-20T17:47:23.169+0000] {taskinstance.py:430} INFO - ::endgroup::
[2026-06-20T17:47:23.179+0000] {subprocess.py:63} INFO - Tmp dir root location: /tmp
[2026-06-20T17:47:23.180+0000] {subprocess.py:75} INFO - Running command: ['/usr/bin/bash', '-c', 'cd /opt/***/scripts && python3 gold_label_store.py --snapshotdate "2024-04-01"']
[2026-06-20T17:47:23.188+0000] {subprocess.py:86} INFO - Output:
[2026-06-20T17:47:25.613+0000] {subprocess.py:93} INFO - Setting default log level to "WARN".
[2026-06-20T17:47:25.615+0000] {subprocess.py:93} INFO - To adjust logging level use sc.setLogLevel(newLevel). For SparkR, use setLogLevel(newLevel).
[2026-06-20T17:47:25.821+0000] {subprocess.py:93} INFO - 26/06/20 17:47:25 WARN NativeCodeLoader: Unable to load native-hadoop library for your platform... using builtin-java classes where applicable
[2026-06-20T17:47:30.613+0000] {subprocess.py:93} INFO - 
[2026-06-20T17:47:30.615+0000] {subprocess.py:93} INFO - --- gold label 2024-04-01 ---
[2026-06-20T17:47:30.616+0000] {subprocess.py:93} INFO - 
[2026-06-20T17:47:30.617+0000] {subprocess.py:93} INFO - [gold:label] loaded datamart/silver/lms/2024_04_01.parquet rows: 5417
[2026-06-20T17:47:30.618+0000] {subprocess.py:93} INFO - [gold:label] saved to: datamart/gold/label_store/gold_label_store_2024_04_01.parquet
[2026-06-20T17:47:30.619+0000] {subprocess.py:93} INFO - 
[2026-06-20T17:47:30.619+0000] {subprocess.py:93} INFO - --- done ---
[2026-06-20T17:47:30.620+0000] {subprocess.py:93} INFO - 
[2026-06-20T17:47:31.177+0000] {subprocess.py:97} INFO - Command exited with return code 0
[2026-06-20T17:47:31.178+0000] {taskinstance.py:441} INFO - ::group::Post task execution logs
[2026-06-20T17:47:31.193+0000] {taskinstance.py:1206} INFO - Marking task as SUCCESS. dag_id=credit_default_ml_pipeline, task_id=label_pipeline.gold_label_store, run_id=scheduled__2024-04-01T00:00:00+00:00, execution_date=20240401T000000, start_date=20260620T174722, end_date=20260620T174731
[2026-06-20T17:47:31.223+0000] {local_task_job_runner.py:243} INFO - Task exited with return code 0
[2026-06-20T17:47:31.238+0000] {taskinstance.py:3503} INFO - 0 downstream tasks scheduled from follow-on schedule check
[2026-06-20T17:47:31.240+0000] {local_task_job_runner.py:222} INFO - ::endgroup::
[2026-06-21T02:45:26.517+0000] {local_task_job_runner.py:120} INFO - ::group::Pre task execution logs
[2026-06-21T02:45:26.530+0000] {taskinstance.py:2076} INFO - Dependencies all met for dep_context=non-requeueable deps ti=<TaskInstance: credit_default_ml_pipeline.label_pipeline.gold_label_store scheduled__2024-04-01T00:00:00+00:00 [queued]>
[2026-06-21T02:45:26.535+0000] {taskinstance.py:2076} INFO - Dependencies all met for dep_context=requeueable deps ti=<TaskInstance: credit_default_ml_pipeline.label_pipeline.gold_label_store scheduled__2024-04-01T00:00:00+00:00 [queued]>
[2026-06-21T02:45:26.536+0000] {taskinstance.py:2306} INFO - Starting attempt 1 of 2
[2026-06-21T02:45:26.541+0000] {taskinstance.py:2330} INFO - Executing <Task(BashOperator): label_pipeline.gold_label_store> on 2024-04-01 00:00:00+00:00
[2026-06-21T02:45:26.544+0000] {logging_mixin.py:188} WARNING - /home/***/.local/lib/python3.12/site-packages/***/task/task_runner/standard_task_runner.py:62 DeprecationWarning: This process (pid=50308) is multi-threaded, use of fork() may lead to deadlocks in the child.
[2026-06-21T02:45:26.545+0000] {standard_task_runner.py:64} INFO - Started process 50310 to run task
[2026-06-21T02:45:26.545+0000] {standard_task_runner.py:90} INFO - Running: ['***', 'tasks', 'run', 'credit_default_ml_pipeline', 'label_pipeline.gold_label_store', 'scheduled__2024-04-01T00:00:00+00:00', '--job-id', '3743', '--raw', '--subdir', 'DAGS_FOLDER/dag.py', '--cfg-path', '/tmp/tmpag8hir8d']
[2026-06-21T02:45:26.546+0000] {standard_task_runner.py:91} INFO - Job 3743: Subtask label_pipeline.gold_label_store
[2026-06-21T02:45:26.568+0000] {task_command.py:426} INFO - Running <TaskInstance: credit_default_ml_pipeline.label_pipeline.gold_label_store scheduled__2024-04-01T00:00:00+00:00 [running]> on host f6e9e2801916
[2026-06-21T02:45:26.677+0000] {taskinstance.py:2648} INFO - Exporting env vars: AIRFLOW_CTX_DAG_OWNER='***' AIRFLOW_CTX_DAG_ID='credit_default_ml_pipeline' AIRFLOW_CTX_TASK_ID='label_pipeline.gold_label_store' AIRFLOW_CTX_EXECUTION_DATE='2024-04-01T00:00:00+00:00' AIRFLOW_CTX_TRY_NUMBER='1' AIRFLOW_CTX_DAG_RUN_ID='scheduled__2024-04-01T00:00:00+00:00'
[2026-06-21T02:45:26.679+0000] {taskinstance.py:430} INFO - ::endgroup::
[2026-06-21T02:45:26.683+0000] {subprocess.py:63} INFO - Tmp dir root location: /tmp
[2026-06-21T02:45:26.684+0000] {subprocess.py:75} INFO - Running command: ['/usr/bin/bash', '-c', 'cd /opt/***/scripts && python3 gold_label_store.py --snapshotdate "2024-04-01"']
[2026-06-21T02:45:26.688+0000] {subprocess.py:86} INFO - Output:
[2026-06-21T02:45:27.809+0000] {subprocess.py:93} INFO - Setting default log level to "WARN".
[2026-06-21T02:45:27.810+0000] {subprocess.py:93} INFO - To adjust logging level use sc.setLogLevel(newLevel). For SparkR, use setLogLevel(newLevel).
[2026-06-21T02:45:27.927+0000] {subprocess.py:93} INFO - 26/06/21 02:45:27 WARN NativeCodeLoader: Unable to load native-hadoop library for your platform... using builtin-java classes where applicable
[2026-06-21T02:45:30.284+0000] {subprocess.py:93} INFO - 
[2026-06-21T02:45:30.284+0000] {subprocess.py:93} INFO - --- gold label 2024-04-01 ---
[2026-06-21T02:45:30.285+0000] {subprocess.py:93} INFO - 
[2026-06-21T02:45:30.285+0000] {subprocess.py:93} INFO - [gold:label] loaded datamart/silver/lms/2024_04_01.parquet rows: 5417
[2026-06-21T02:45:30.286+0000] {subprocess.py:93} INFO - [gold:label] saved to: datamart/gold/label_store/gold_label_store_2024_04_01.parquet
[2026-06-21T02:45:30.287+0000] {subprocess.py:93} INFO - 
[2026-06-21T02:45:30.288+0000] {subprocess.py:93} INFO - --- done ---
[2026-06-21T02:45:30.289+0000] {subprocess.py:93} INFO - 
[2026-06-21T02:45:30.757+0000] {subprocess.py:97} INFO - Command exited with return code 0
[2026-06-21T02:45:30.758+0000] {taskinstance.py:441} INFO - ::group::Post task execution logs
[2026-06-21T02:45:30.775+0000] {taskinstance.py:1206} INFO - Marking task as SUCCESS. dag_id=credit_default_ml_pipeline, task_id=label_pipeline.gold_label_store, run_id=scheduled__2024-04-01T00:00:00+00:00, execution_date=20240401T000000, start_date=20260621T024526, end_date=20260621T024530
[2026-06-21T02:45:30.822+0000] {local_task_job_runner.py:243} INFO - Task exited with return code 0
[2026-06-21T02:45:30.841+0000] {taskinstance.py:3503} INFO - 0 downstream tasks scheduled from follow-on schedule check
[2026-06-21T02:45:30.842+0000] {local_task_job_runner.py:222} INFO - ::endgroup::
[2026-06-21T06:11:03.493+0000] {local_task_job_runner.py:120} INFO - ::group::Pre task execution logs
[2026-06-21T06:11:03.504+0000] {taskinstance.py:2076} INFO - Dependencies all met for dep_context=non-requeueable deps ti=<TaskInstance: credit_default_ml_pipeline.label_pipeline.gold_label_store scheduled__2024-04-01T00:00:00+00:00 [queued]>
[2026-06-21T06:11:03.508+0000] {taskinstance.py:2076} INFO - Dependencies all met for dep_context=requeueable deps ti=<TaskInstance: credit_default_ml_pipeline.label_pipeline.gold_label_store scheduled__2024-04-01T00:00:00+00:00 [queued]>
[2026-06-21T06:11:03.508+0000] {taskinstance.py:2306} INFO - Starting attempt 1 of 2
[2026-06-21T06:11:03.514+0000] {taskinstance.py:2330} INFO - Executing <Task(BashOperator): label_pipeline.gold_label_store> on 2024-04-01 00:00:00+00:00
[2026-06-21T06:11:03.517+0000] {logging_mixin.py:188} WARNING - /home/***/.local/lib/python3.12/site-packages/***/task/task_runner/standard_task_runner.py:62 DeprecationWarning: This process (pid=51616) is multi-threaded, use of fork() may lead to deadlocks in the child.
[2026-06-21T06:11:03.518+0000] {standard_task_runner.py:64} INFO - Started process 51618 to run task
[2026-06-21T06:11:03.518+0000] {standard_task_runner.py:90} INFO - Running: ['***', 'tasks', 'run', 'credit_default_ml_pipeline', 'label_pipeline.gold_label_store', 'scheduled__2024-04-01T00:00:00+00:00', '--job-id', '4205', '--raw', '--subdir', 'DAGS_FOLDER/dag.py', '--cfg-path', '/tmp/tmp1dsv_8uc']
[2026-06-21T06:11:03.519+0000] {standard_task_runner.py:91} INFO - Job 4205: Subtask label_pipeline.gold_label_store
[2026-06-21T06:11:03.612+0000] {task_command.py:426} INFO - Running <TaskInstance: credit_default_ml_pipeline.label_pipeline.gold_label_store scheduled__2024-04-01T00:00:00+00:00 [running]> on host 9377a3f0491f
[2026-06-21T06:11:03.635+0000] {taskinstance.py:2648} INFO - Exporting env vars: AIRFLOW_CTX_DAG_OWNER='***' AIRFLOW_CTX_DAG_ID='credit_default_ml_pipeline' AIRFLOW_CTX_TASK_ID='label_pipeline.gold_label_store' AIRFLOW_CTX_EXECUTION_DATE='2024-04-01T00:00:00+00:00' AIRFLOW_CTX_TRY_NUMBER='1' AIRFLOW_CTX_DAG_RUN_ID='scheduled__2024-04-01T00:00:00+00:00'
[2026-06-21T06:11:03.637+0000] {taskinstance.py:430} INFO - ::endgroup::
[2026-06-21T06:11:03.641+0000] {subprocess.py:63} INFO - Tmp dir root location: /tmp
[2026-06-21T06:11:03.641+0000] {subprocess.py:75} INFO - Running command: ['/usr/bin/bash', '-c', 'cd /opt/***/scripts && python3 gold_label_store.py --snapshotdate "2024-04-01"']
[2026-06-21T06:11:03.645+0000] {subprocess.py:86} INFO - Output:
[2026-06-21T06:11:04.949+0000] {subprocess.py:93} INFO - Setting default log level to "WARN".
[2026-06-21T06:11:04.950+0000] {subprocess.py:93} INFO - To adjust logging level use sc.setLogLevel(newLevel). For SparkR, use setLogLevel(newLevel).
[2026-06-21T06:11:05.141+0000] {subprocess.py:93} INFO - 26/06/21 06:11:05 WARN NativeCodeLoader: Unable to load native-hadoop library for your platform... using builtin-java classes where applicable
[2026-06-21T06:11:09.957+0000] {subprocess.py:93} INFO - 
[2026-06-21T06:11:09.958+0000] {subprocess.py:93} INFO - --- gold label 2024-04-01 ---
[2026-06-21T06:11:09.959+0000] {subprocess.py:93} INFO - 
[2026-06-21T06:11:09.960+0000] {subprocess.py:93} INFO - [gold:label] loaded datamart/silver/lms/2024_04_01.parquet rows: 5417
[2026-06-21T06:11:09.961+0000] {subprocess.py:93} INFO - [gold:label] saved to: datamart/gold/label_store/gold_label_store_2024_04_01.parquet
[2026-06-21T06:11:09.962+0000] {subprocess.py:93} INFO - 
[2026-06-21T06:11:09.963+0000] {subprocess.py:93} INFO - --- done ---
[2026-06-21T06:11:09.963+0000] {subprocess.py:93} INFO - 
[2026-06-21T06:11:10.497+0000] {subprocess.py:97} INFO - Command exited with return code 0
[2026-06-21T06:11:10.498+0000] {taskinstance.py:441} INFO - ::group::Post task execution logs
[2026-06-21T06:11:10.512+0000] {taskinstance.py:1206} INFO - Marking task as SUCCESS. dag_id=credit_default_ml_pipeline, task_id=label_pipeline.gold_label_store, run_id=scheduled__2024-04-01T00:00:00+00:00, execution_date=20240401T000000, start_date=20260621T061103, end_date=20260621T061110
[2026-06-21T06:11:10.561+0000] {local_task_job_runner.py:243} INFO - Task exited with return code 0
[2026-06-21T06:11:10.576+0000] {taskinstance.py:3503} INFO - 0 downstream tasks scheduled from follow-on schedule check
[2026-06-21T06:11:10.578+0000] {local_task_job_runner.py:222} INFO - ::endgroup::
