[2026-06-16T14:53:37.893+0000] {local_task_job_runner.py:120} INFO - ::group::Pre task execution logs
[2026-06-16T14:53:37.923+0000] {taskinstance.py:2076} INFO - Dependencies all met for dep_context=non-requeueable deps ti=<TaskInstance: credit_default_ml_pipeline.label_pipeline.gold_label_store scheduled__2023-05-01T00:00:00+00:00 [queued]>
[2026-06-16T14:53:37.931+0000] {taskinstance.py:2076} INFO - Dependencies all met for dep_context=requeueable deps ti=<TaskInstance: credit_default_ml_pipeline.label_pipeline.gold_label_store scheduled__2023-05-01T00:00:00+00:00 [queued]>
[2026-06-16T14:53:37.932+0000] {taskinstance.py:2306} INFO - Starting attempt 1 of 2
[2026-06-16T14:53:37.939+0000] {taskinstance.py:2330} INFO - Executing <Task(BashOperator): label_pipeline.gold_label_store> on 2023-05-01 00:00:00+00:00
[2026-06-16T14:53:37.943+0000] {logging_mixin.py:188} WARNING - /home/***/.local/lib/python3.12/site-packages/***/task/task_runner/standard_task_runner.py:62 DeprecationWarning: This process (pid=31876) is multi-threaded, use of fork() may lead to deadlocks in the child.
[2026-06-16T14:53:37.944+0000] {standard_task_runner.py:64} INFO - Started process 31883 to run task
[2026-06-16T14:53:37.943+0000] {standard_task_runner.py:90} INFO - Running: ['***', 'tasks', 'run', 'credit_default_ml_pipeline', 'label_pipeline.gold_label_store', 'scheduled__2023-05-01T00:00:00+00:00', '--job-id', '146', '--raw', '--subdir', 'DAGS_FOLDER/dag.py', '--cfg-path', '/tmp/tmpcswxdd89']
[2026-06-16T14:53:37.946+0000] {standard_task_runner.py:91} INFO - Job 146: Subtask label_pipeline.gold_label_store
[2026-06-16T14:53:37.988+0000] {task_command.py:426} INFO - Running <TaskInstance: credit_default_ml_pipeline.label_pipeline.gold_label_store scheduled__2023-05-01T00:00:00+00:00 [running]> on host 1cab6e97738a
[2026-06-16T14:53:38.027+0000] {taskinstance.py:2648} INFO - Exporting env vars: AIRFLOW_CTX_DAG_OWNER='***' AIRFLOW_CTX_DAG_ID='credit_default_ml_pipeline' AIRFLOW_CTX_TASK_ID='label_pipeline.gold_label_store' AIRFLOW_CTX_EXECUTION_DATE='2023-05-01T00:00:00+00:00' AIRFLOW_CTX_TRY_NUMBER='1' AIRFLOW_CTX_DAG_RUN_ID='scheduled__2023-05-01T00:00:00+00:00'
[2026-06-16T14:53:38.028+0000] {taskinstance.py:430} INFO - ::endgroup::
[2026-06-16T14:53:38.036+0000] {subprocess.py:63} INFO - Tmp dir root location: /tmp
[2026-06-16T14:53:38.037+0000] {subprocess.py:75} INFO - Running command: ['/usr/bin/bash', '-c', 'cd /opt/***/scripts && python3 gold_label_store.py --snapshotdate "2023-05-01"']
[2026-06-16T14:53:38.040+0000] {subprocess.py:86} INFO - Output:
[2026-06-16T14:53:39.393+0000] {subprocess.py:93} INFO - Setting default log level to "WARN".
[2026-06-16T14:53:39.394+0000] {subprocess.py:93} INFO - To adjust logging level use sc.setLogLevel(newLevel). For SparkR, use setLogLevel(newLevel).
[2026-06-16T14:53:39.542+0000] {subprocess.py:93} INFO - 26/06/16 14:53:39 WARN NativeCodeLoader: Unable to load native-hadoop library for your platform... using builtin-java classes where applicable
[2026-06-16T14:53:39.905+0000] {subprocess.py:93} INFO - 26/06/16 14:53:39 WARN Utils: Service 'SparkUI' could not bind on port 4040. Attempting port 4041.
[2026-06-16T14:53:42.152+0000] {subprocess.py:93} INFO - 
[2026-06-16T14:53:42.157+0000] {subprocess.py:93} INFO - --- gold label 2023-05-01 ---
[2026-06-16T14:53:42.160+0000] {subprocess.py:93} INFO - 
[2026-06-16T14:53:42.162+0000] {subprocess.py:93} INFO - [gold:label] loaded datamart/silver/lms/2023_05_01.parquet rows: 2568
[2026-06-16T14:53:42.163+0000] {subprocess.py:93} INFO - [gold:label] saved to: datamart/gold/label_store/gold_label_store_2023_05_01.parquet
[2026-06-16T14:53:42.163+0000] {subprocess.py:93} INFO - 
[2026-06-16T14:53:42.164+0000] {subprocess.py:93} INFO - --- done ---
[2026-06-16T14:53:42.165+0000] {subprocess.py:93} INFO - 
[2026-06-16T14:53:42.656+0000] {subprocess.py:97} INFO - Command exited with return code 0
[2026-06-16T14:53:42.658+0000] {taskinstance.py:441} INFO - ::group::Post task execution logs
[2026-06-16T14:53:42.676+0000] {taskinstance.py:1206} INFO - Marking task as SUCCESS. dag_id=credit_default_ml_pipeline, task_id=label_pipeline.gold_label_store, run_id=scheduled__2023-05-01T00:00:00+00:00, execution_date=20230501T000000, start_date=20260616T145337, end_date=20260616T145342
[2026-06-16T14:53:42.726+0000] {local_task_job_runner.py:243} INFO - Task exited with return code 0
[2026-06-16T14:53:42.740+0000] {taskinstance.py:3503} INFO - 0 downstream tasks scheduled from follow-on schedule check
[2026-06-16T14:53:42.741+0000] {local_task_job_runner.py:222} INFO - ::endgroup::
[2026-06-20T05:47:36.389+0000] {local_task_job_runner.py:120} INFO - ::group::Pre task execution logs
[2026-06-20T05:47:36.400+0000] {taskinstance.py:2076} INFO - Dependencies all met for dep_context=non-requeueable deps ti=<TaskInstance: credit_default_ml_pipeline.label_pipeline.gold_label_store scheduled__2023-05-01T00:00:00+00:00 [queued]>
[2026-06-20T05:47:36.404+0000] {taskinstance.py:2076} INFO - Dependencies all met for dep_context=requeueable deps ti=<TaskInstance: credit_default_ml_pipeline.label_pipeline.gold_label_store scheduled__2023-05-01T00:00:00+00:00 [queued]>
[2026-06-20T05:47:36.405+0000] {taskinstance.py:2306} INFO - Starting attempt 1 of 2
[2026-06-20T05:47:36.410+0000] {taskinstance.py:2330} INFO - Executing <Task(BashOperator): label_pipeline.gold_label_store> on 2023-05-01 00:00:00+00:00
[2026-06-20T05:47:36.413+0000] {logging_mixin.py:188} WARNING - /home/***/.local/lib/python3.12/site-packages/***/task/task_runner/standard_task_runner.py:62 DeprecationWarning: This process (pid=26111) is multi-threaded, use of fork() may lead to deadlocks in the child.
[2026-06-20T05:47:36.413+0000] {standard_task_runner.py:90} INFO - Running: ['***', 'tasks', 'run', 'credit_default_ml_pipeline', 'label_pipeline.gold_label_store', 'scheduled__2023-05-01T00:00:00+00:00', '--job-id', '1528', '--raw', '--subdir', 'DAGS_FOLDER/dag.py', '--cfg-path', '/tmp/tmp9myjre1a']
[2026-06-20T05:47:36.415+0000] {standard_task_runner.py:91} INFO - Job 1528: Subtask label_pipeline.gold_label_store
[2026-06-20T05:47:36.415+0000] {standard_task_runner.py:64} INFO - Started process 26113 to run task
[2026-06-20T05:47:36.502+0000] {task_command.py:426} INFO - Running <TaskInstance: credit_default_ml_pipeline.label_pipeline.gold_label_store scheduled__2023-05-01T00:00:00+00:00 [running]> on host 9cf341f51c89
[2026-06-20T05:47:36.525+0000] {taskinstance.py:2648} INFO - Exporting env vars: AIRFLOW_CTX_DAG_OWNER='***' AIRFLOW_CTX_DAG_ID='credit_default_ml_pipeline' AIRFLOW_CTX_TASK_ID='label_pipeline.gold_label_store' AIRFLOW_CTX_EXECUTION_DATE='2023-05-01T00:00:00+00:00' AIRFLOW_CTX_TRY_NUMBER='1' AIRFLOW_CTX_DAG_RUN_ID='scheduled__2023-05-01T00:00:00+00:00'
[2026-06-20T05:47:36.526+0000] {taskinstance.py:430} INFO - ::endgroup::
[2026-06-20T05:47:36.529+0000] {subprocess.py:63} INFO - Tmp dir root location: /tmp
[2026-06-20T05:47:36.530+0000] {subprocess.py:75} INFO - Running command: ['/usr/bin/bash', '-c', 'cd /opt/***/scripts && python3 gold_label_store.py --snapshotdate "2023-05-01"']
[2026-06-20T05:47:36.533+0000] {subprocess.py:86} INFO - Output:
[2026-06-20T05:47:37.539+0000] {subprocess.py:93} INFO - Setting default log level to "WARN".
[2026-06-20T05:47:37.540+0000] {subprocess.py:93} INFO - To adjust logging level use sc.setLogLevel(newLevel). For SparkR, use setLogLevel(newLevel).
[2026-06-20T05:47:37.698+0000] {subprocess.py:93} INFO - 26/06/20 05:47:37 WARN NativeCodeLoader: Unable to load native-hadoop library for your platform... using builtin-java classes where applicable
[2026-06-20T05:47:40.104+0000] {subprocess.py:93} INFO - 
[2026-06-20T05:47:40.106+0000] {subprocess.py:93} INFO - --- gold label 2023-05-01 ---
[2026-06-20T05:47:40.107+0000] {subprocess.py:93} INFO - 
[2026-06-20T05:47:40.107+0000] {subprocess.py:93} INFO - [gold:label] loaded datamart/silver/lms/2023_05_01.parquet rows: 2568
[2026-06-20T05:47:40.108+0000] {subprocess.py:93} INFO - [gold:label] saved to: datamart/gold/label_store/gold_label_store_2023_05_01.parquet
[2026-06-20T05:47:40.110+0000] {subprocess.py:93} INFO - 
[2026-06-20T05:47:40.111+0000] {subprocess.py:93} INFO - --- done ---
[2026-06-20T05:47:40.113+0000] {subprocess.py:93} INFO - 
[2026-06-20T05:47:40.610+0000] {subprocess.py:97} INFO - Command exited with return code 0
[2026-06-20T05:47:40.612+0000] {taskinstance.py:441} INFO - ::group::Post task execution logs
[2026-06-20T05:47:40.628+0000] {taskinstance.py:1206} INFO - Marking task as SUCCESS. dag_id=credit_default_ml_pipeline, task_id=label_pipeline.gold_label_store, run_id=scheduled__2023-05-01T00:00:00+00:00, execution_date=20230501T000000, start_date=20260620T054736, end_date=20260620T054740
[2026-06-20T05:47:40.652+0000] {local_task_job_runner.py:243} INFO - Task exited with return code 0
[2026-06-20T05:47:40.727+0000] {taskinstance.py:3503} INFO - 0 downstream tasks scheduled from follow-on schedule check
[2026-06-20T05:47:40.728+0000] {local_task_job_runner.py:222} INFO - ::endgroup::
[2026-06-20T06:52:28.747+0000] {local_task_job_runner.py:120} INFO - ::group::Pre task execution logs
[2026-06-20T06:52:28.767+0000] {taskinstance.py:2076} INFO - Dependencies all met for dep_context=non-requeueable deps ti=<TaskInstance: credit_default_ml_pipeline.label_pipeline.gold_label_store scheduled__2023-05-01T00:00:00+00:00 [queued]>
[2026-06-20T06:52:28.772+0000] {taskinstance.py:2076} INFO - Dependencies all met for dep_context=requeueable deps ti=<TaskInstance: credit_default_ml_pipeline.label_pipeline.gold_label_store scheduled__2023-05-01T00:00:00+00:00 [queued]>
[2026-06-20T06:52:28.773+0000] {taskinstance.py:2306} INFO - Starting attempt 1 of 2
[2026-06-20T06:52:28.868+0000] {taskinstance.py:2330} INFO - Executing <Task(BashOperator): label_pipeline.gold_label_store> on 2023-05-01 00:00:00+00:00
[2026-06-20T06:52:28.873+0000] {logging_mixin.py:188} WARNING - /home/***/.local/lib/python3.12/site-packages/***/task/task_runner/standard_task_runner.py:62 DeprecationWarning: This process (pid=77924) is multi-threaded, use of fork() may lead to deadlocks in the child.
[2026-06-20T06:52:28.875+0000] {standard_task_runner.py:64} INFO - Started process 77936 to run task
[2026-06-20T06:52:28.874+0000] {standard_task_runner.py:90} INFO - Running: ['***', 'tasks', 'run', 'credit_default_ml_pipeline', 'label_pipeline.gold_label_store', 'scheduled__2023-05-01T00:00:00+00:00', '--job-id', '1838', '--raw', '--subdir', 'DAGS_FOLDER/dag.py', '--cfg-path', '/tmp/tmpsl1i4cnm']
[2026-06-20T06:52:28.875+0000] {standard_task_runner.py:91} INFO - Job 1838: Subtask label_pipeline.gold_label_store
[2026-06-20T06:52:28.899+0000] {task_command.py:426} INFO - Running <TaskInstance: credit_default_ml_pipeline.label_pipeline.gold_label_store scheduled__2023-05-01T00:00:00+00:00 [running]> on host 9cf341f51c89
[2026-06-20T06:52:28.935+0000] {taskinstance.py:2648} INFO - Exporting env vars: AIRFLOW_CTX_DAG_OWNER='***' AIRFLOW_CTX_DAG_ID='credit_default_ml_pipeline' AIRFLOW_CTX_TASK_ID='label_pipeline.gold_label_store' AIRFLOW_CTX_EXECUTION_DATE='2023-05-01T00:00:00+00:00' AIRFLOW_CTX_TRY_NUMBER='1' AIRFLOW_CTX_DAG_RUN_ID='scheduled__2023-05-01T00:00:00+00:00'
[2026-06-20T06:52:28.936+0000] {taskinstance.py:430} INFO - ::endgroup::
[2026-06-20T06:52:28.943+0000] {subprocess.py:63} INFO - Tmp dir root location: /tmp
[2026-06-20T06:52:28.943+0000] {subprocess.py:75} INFO - Running command: ['/usr/bin/bash', '-c', 'cd /opt/***/scripts && python3 gold_label_store.py --snapshotdate "2023-05-01"']
[2026-06-20T06:52:28.948+0000] {subprocess.py:86} INFO - Output:
[2026-06-20T06:52:30.510+0000] {subprocess.py:93} INFO - Setting default log level to "WARN".
[2026-06-20T06:52:30.511+0000] {subprocess.py:93} INFO - To adjust logging level use sc.setLogLevel(newLevel). For SparkR, use setLogLevel(newLevel).
[2026-06-20T06:52:30.689+0000] {subprocess.py:93} INFO - 26/06/20 06:52:30 WARN NativeCodeLoader: Unable to load native-hadoop library for your platform... using builtin-java classes where applicable
[2026-06-20T06:52:33.796+0000] {subprocess.py:93} INFO - 
[2026-06-20T06:52:33.797+0000] {subprocess.py:93} INFO - --- gold label 2023-05-01 ---
[2026-06-20T06:52:33.797+0000] {subprocess.py:93} INFO - 
[2026-06-20T06:52:33.798+0000] {subprocess.py:93} INFO - [gold:label] loaded datamart/silver/lms/2023_05_01.parquet rows: 2568
[2026-06-20T06:52:33.799+0000] {subprocess.py:93} INFO - [gold:label] saved to: datamart/gold/label_store/gold_label_store_2023_05_01.parquet
[2026-06-20T06:52:33.800+0000] {subprocess.py:93} INFO - 
[2026-06-20T06:52:33.800+0000] {subprocess.py:93} INFO - --- done ---
[2026-06-20T06:52:33.802+0000] {subprocess.py:93} INFO - 
[2026-06-20T06:52:34.292+0000] {subprocess.py:97} INFO - Command exited with return code 0
[2026-06-20T06:52:34.294+0000] {taskinstance.py:441} INFO - ::group::Post task execution logs
[2026-06-20T06:52:34.311+0000] {taskinstance.py:1206} INFO - Marking task as SUCCESS. dag_id=credit_default_ml_pipeline, task_id=label_pipeline.gold_label_store, run_id=scheduled__2023-05-01T00:00:00+00:00, execution_date=20230501T000000, start_date=20260620T065228, end_date=20260620T065234
[2026-06-20T06:52:34.366+0000] {local_task_job_runner.py:243} INFO - Task exited with return code 0
[2026-06-20T06:52:34.382+0000] {taskinstance.py:3503} INFO - 0 downstream tasks scheduled from follow-on schedule check
[2026-06-20T06:52:34.383+0000] {local_task_job_runner.py:222} INFO - ::endgroup::
[2026-06-20T07:20:53.235+0000] {local_task_job_runner.py:120} INFO - ::group::Pre task execution logs
[2026-06-20T07:20:53.270+0000] {taskinstance.py:2076} INFO - Dependencies all met for dep_context=non-requeueable deps ti=<TaskInstance: credit_default_ml_pipeline.label_pipeline.gold_label_store scheduled__2023-05-01T00:00:00+00:00 [queued]>
[2026-06-20T07:20:53.280+0000] {taskinstance.py:2076} INFO - Dependencies all met for dep_context=requeueable deps ti=<TaskInstance: credit_default_ml_pipeline.label_pipeline.gold_label_store scheduled__2023-05-01T00:00:00+00:00 [queued]>
[2026-06-20T07:20:53.280+0000] {taskinstance.py:2306} INFO - Starting attempt 1 of 2
[2026-06-20T07:20:53.297+0000] {taskinstance.py:2330} INFO - Executing <Task(BashOperator): label_pipeline.gold_label_store> on 2023-05-01 00:00:00+00:00
[2026-06-20T07:20:53.307+0000] {logging_mixin.py:188} WARNING - /home/***/.local/lib/python3.12/site-packages/***/task/task_runner/standard_task_runner.py:62 DeprecationWarning: This process (pid=9474) is multi-threaded, use of fork() may lead to deadlocks in the child.
[2026-06-20T07:20:53.309+0000] {standard_task_runner.py:64} INFO - Started process 9526 to run task
[2026-06-20T07:20:53.308+0000] {standard_task_runner.py:90} INFO - Running: ['***', 'tasks', 'run', 'credit_default_ml_pipeline', 'label_pipeline.gold_label_store', 'scheduled__2023-05-01T00:00:00+00:00', '--job-id', '2018', '--raw', '--subdir', 'DAGS_FOLDER/dag.py', '--cfg-path', '/tmp/tmp2m2lkdvq']
[2026-06-20T07:20:53.311+0000] {standard_task_runner.py:91} INFO - Job 2018: Subtask label_pipeline.gold_label_store
[2026-06-20T07:20:53.534+0000] {task_command.py:426} INFO - Running <TaskInstance: credit_default_ml_pipeline.label_pipeline.gold_label_store scheduled__2023-05-01T00:00:00+00:00 [running]> on host 9cf341f51c89
[2026-06-20T07:20:53.597+0000] {taskinstance.py:2648} INFO - Exporting env vars: AIRFLOW_CTX_DAG_OWNER='***' AIRFLOW_CTX_DAG_ID='credit_default_ml_pipeline' AIRFLOW_CTX_TASK_ID='label_pipeline.gold_label_store' AIRFLOW_CTX_EXECUTION_DATE='2023-05-01T00:00:00+00:00' AIRFLOW_CTX_TRY_NUMBER='1' AIRFLOW_CTX_DAG_RUN_ID='scheduled__2023-05-01T00:00:00+00:00'
[2026-06-20T07:20:53.599+0000] {taskinstance.py:430} INFO - ::endgroup::
[2026-06-20T07:20:53.611+0000] {subprocess.py:63} INFO - Tmp dir root location: /tmp
[2026-06-20T07:20:53.612+0000] {subprocess.py:75} INFO - Running command: ['/usr/bin/bash', '-c', 'cd /opt/***/scripts && python3 gold_label_store.py --snapshotdate "2023-05-01"']
[2026-06-20T07:20:53.620+0000] {subprocess.py:86} INFO - Output:
[2026-06-20T07:20:55.754+0000] {subprocess.py:93} INFO - Setting default log level to "WARN".
[2026-06-20T07:20:55.757+0000] {subprocess.py:93} INFO - To adjust logging level use sc.setLogLevel(newLevel). For SparkR, use setLogLevel(newLevel).
[2026-06-20T07:20:55.909+0000] {subprocess.py:93} INFO - 26/06/20 07:20:55 WARN NativeCodeLoader: Unable to load native-hadoop library for your platform... using builtin-java classes where applicable
[2026-06-20T07:20:57.857+0000] {subprocess.py:93} INFO - 
[2026-06-20T07:20:57.858+0000] {subprocess.py:93} INFO - --- gold label 2023-05-01 ---
[2026-06-20T07:20:57.859+0000] {subprocess.py:93} INFO - 
[2026-06-20T07:20:57.862+0000] {subprocess.py:93} INFO - Traceback (most recent call last):
[2026-06-20T07:20:57.864+0000] {subprocess.py:93} INFO -   File "/opt/***/scripts/gold_label_store.py", line 25, in <module>
[2026-06-20T07:20:57.865+0000] {subprocess.py:93} INFO -     main(a.snapshotdate)
[2026-06-20T07:20:57.866+0000] {subprocess.py:93} INFO -   File "/opt/***/scripts/gold_label_store.py", line 13, in main
[2026-06-20T07:20:57.868+0000] {subprocess.py:93} INFO -     gold.process_labels_gold_table(
[2026-06-20T07:20:57.868+0000] {subprocess.py:93} INFO -   File "/opt/***/scripts/utils/data_processing_gold_table.py", line 76, in process_labels_gold_table
[2026-06-20T07:20:57.870+0000] {subprocess.py:93} INFO -     df = spark.read.parquet(part)
[2026-06-20T07:20:57.870+0000] {subprocess.py:93} INFO -          ^^^^^^^^^^^^^^^^^^^^^^^^
[2026-06-20T07:20:57.871+0000] {subprocess.py:93} INFO -   File "/home/***/.local/lib/python3.12/site-packages/pyspark/sql/readwriter.py", line 544, in parquet
[2026-06-20T07:20:57.871+0000] {subprocess.py:93} INFO -     return self._df(self._jreader.parquet(_to_seq(self._spark._sc, paths)))
[2026-06-20T07:20:57.872+0000] {subprocess.py:93} INFO -                     ^^^^^^^^^^^^^^^^^^^^^^^^^^^^^^^^^^^^^^^^^^^^^^^^^^^^^^
[2026-06-20T07:20:57.872+0000] {subprocess.py:93} INFO -   File "/home/***/.local/lib/python3.12/site-packages/py4j/java_gateway.py", line 1322, in __call__
[2026-06-20T07:20:57.873+0000] {subprocess.py:93} INFO -     return_value = get_return_value(
[2026-06-20T07:20:57.876+0000] {subprocess.py:93} INFO -                    ^^^^^^^^^^^^^^^^^
[2026-06-20T07:20:57.876+0000] {subprocess.py:93} INFO -   File "/home/***/.local/lib/python3.12/site-packages/pyspark/errors/exceptions/captured.py", line 185, in deco
[2026-06-20T07:20:57.877+0000] {subprocess.py:93} INFO -     raise converted from None
[2026-06-20T07:20:57.877+0000] {subprocess.py:93} INFO - pyspark.errors.exceptions.captured.AnalysisException: [UNABLE_TO_INFER_SCHEMA] Unable to infer schema for Parquet. It must be specified manually.
[2026-06-20T07:20:58.420+0000] {subprocess.py:97} INFO - Command exited with return code 1
[2026-06-20T07:20:58.422+0000] {taskinstance.py:441} INFO - ::group::Post task execution logs
[2026-06-20T07:20:58.430+0000] {taskinstance.py:2905} ERROR - Task failed with exception
Traceback (most recent call last):
  File "/home/airflow/.local/lib/python3.12/site-packages/airflow/models/taskinstance.py", line 465, in _execute_task
    result = _execute_callable(context=context, **execute_callable_kwargs)
             ^^^^^^^^^^^^^^^^^^^^^^^^^^^^^^^^^^^^^^^^^^^^^^^^^^^^^^^^^^^^^
  File "/home/airflow/.local/lib/python3.12/site-packages/airflow/models/taskinstance.py", line 432, in _execute_callable
    return execute_callable(context=context, **execute_callable_kwargs)
           ^^^^^^^^^^^^^^^^^^^^^^^^^^^^^^^^^^^^^^^^^^^^^^^^^^^^^^^^^^^^
  File "/home/airflow/.local/lib/python3.12/site-packages/airflow/models/baseoperator.py", line 401, in wrapper
    return func(self, *args, **kwargs)
           ^^^^^^^^^^^^^^^^^^^^^^^^^^^
  File "/home/airflow/.local/lib/python3.12/site-packages/airflow/operators/bash.py", line 243, in execute
    raise AirflowException(
airflow.exceptions.AirflowException: Bash command failed. The command returned a non-zero exit code 1.
[2026-06-20T07:20:58.436+0000] {taskinstance.py:1206} INFO - Marking task as UP_FOR_RETRY. dag_id=credit_default_ml_pipeline, task_id=label_pipeline.gold_label_store, run_id=scheduled__2023-05-01T00:00:00+00:00, execution_date=20230501T000000, start_date=20260620T072053, end_date=20260620T072058
[2026-06-20T07:20:58.445+0000] {standard_task_runner.py:110} ERROR - Failed to execute job 2018 for task label_pipeline.gold_label_store (Bash command failed. The command returned a non-zero exit code 1.; 9526)
[2026-06-20T07:20:58.460+0000] {local_task_job_runner.py:243} INFO - Task exited with return code 1
[2026-06-20T07:20:58.476+0000] {taskinstance.py:3503} INFO - 0 downstream tasks scheduled from follow-on schedule check
[2026-06-20T07:20:58.479+0000] {local_task_job_runner.py:222} INFO - ::endgroup::
[2026-06-20T15:23:11.159+0000] {local_task_job_runner.py:120} INFO - ::group::Pre task execution logs
[2026-06-20T15:23:11.177+0000] {taskinstance.py:2076} INFO - Dependencies all met for dep_context=non-requeueable deps ti=<TaskInstance: credit_default_ml_pipeline.label_pipeline.gold_label_store scheduled__2023-05-01T00:00:00+00:00 [queued]>
[2026-06-20T15:23:11.184+0000] {taskinstance.py:2076} INFO - Dependencies all met for dep_context=requeueable deps ti=<TaskInstance: credit_default_ml_pipeline.label_pipeline.gold_label_store scheduled__2023-05-01T00:00:00+00:00 [queued]>
[2026-06-20T15:23:11.185+0000] {taskinstance.py:2306} INFO - Starting attempt 1 of 2
[2026-06-20T15:23:11.191+0000] {taskinstance.py:2330} INFO - Executing <Task(BashOperator): label_pipeline.gold_label_store> on 2023-05-01 00:00:00+00:00
[2026-06-20T15:23:11.196+0000] {logging_mixin.py:188} WARNING - /home/***/.local/lib/python3.12/site-packages/***/task/task_runner/standard_task_runner.py:62 DeprecationWarning: This process (pid=96510) is multi-threaded, use of fork() may lead to deadlocks in the child.
[2026-06-20T15:23:11.196+0000] {standard_task_runner.py:90} INFO - Running: ['***', 'tasks', 'run', 'credit_default_ml_pipeline', 'label_pipeline.gold_label_store', 'scheduled__2023-05-01T00:00:00+00:00', '--job-id', '2490', '--raw', '--subdir', 'DAGS_FOLDER/dag.py', '--cfg-path', '/tmp/tmpgq6g_pqh']
[2026-06-20T15:23:11.198+0000] {standard_task_runner.py:64} INFO - Started process 96538 to run task
[2026-06-20T15:23:11.199+0000] {standard_task_runner.py:91} INFO - Job 2490: Subtask label_pipeline.gold_label_store
[2026-06-20T15:23:11.343+0000] {task_command.py:426} INFO - Running <TaskInstance: credit_default_ml_pipeline.label_pipeline.gold_label_store scheduled__2023-05-01T00:00:00+00:00 [running]> on host 9cf341f51c89
[2026-06-20T15:23:11.392+0000] {taskinstance.py:2648} INFO - Exporting env vars: AIRFLOW_CTX_DAG_OWNER='***' AIRFLOW_CTX_DAG_ID='credit_default_ml_pipeline' AIRFLOW_CTX_TASK_ID='label_pipeline.gold_label_store' AIRFLOW_CTX_EXECUTION_DATE='2023-05-01T00:00:00+00:00' AIRFLOW_CTX_TRY_NUMBER='1' AIRFLOW_CTX_DAG_RUN_ID='scheduled__2023-05-01T00:00:00+00:00'
[2026-06-20T15:23:11.394+0000] {taskinstance.py:430} INFO - ::endgroup::
[2026-06-20T15:23:11.407+0000] {subprocess.py:63} INFO - Tmp dir root location: /tmp
[2026-06-20T15:23:11.408+0000] {subprocess.py:75} INFO - Running command: ['/usr/bin/bash', '-c', 'cd /opt/***/scripts && python3 gold_label_store.py --snapshotdate "2023-05-01"']
[2026-06-20T15:23:11.416+0000] {subprocess.py:86} INFO - Output:
[2026-06-20T15:23:12.606+0000] {subprocess.py:93} INFO - Setting default log level to "WARN".
[2026-06-20T15:23:12.606+0000] {subprocess.py:93} INFO - To adjust logging level use sc.setLogLevel(newLevel). For SparkR, use setLogLevel(newLevel).
[2026-06-20T15:23:12.721+0000] {subprocess.py:93} INFO - 26/06/20 15:23:12 WARN NativeCodeLoader: Unable to load native-hadoop library for your platform... using builtin-java classes where applicable
[2026-06-20T15:23:15.665+0000] {subprocess.py:93} INFO - 
[2026-06-20T15:23:15.667+0000] {subprocess.py:93} INFO - --- gold label 2023-05-01 ---
[2026-06-20T15:23:15.668+0000] {subprocess.py:93} INFO - 
[2026-06-20T15:23:15.668+0000] {subprocess.py:93} INFO - [gold:label] loaded datamart/silver/lms/2023_05_01.parquet rows: 2568
[2026-06-20T15:23:15.669+0000] {subprocess.py:93} INFO - [gold:label] saved to: datamart/gold/label_store/gold_label_store_2023_05_01.parquet
[2026-06-20T15:23:15.670+0000] {subprocess.py:93} INFO - 
[2026-06-20T15:23:15.671+0000] {subprocess.py:93} INFO - --- done ---
[2026-06-20T15:23:15.671+0000] {subprocess.py:93} INFO - 
[2026-06-20T15:23:16.188+0000] {subprocess.py:97} INFO - Command exited with return code 0
[2026-06-20T15:23:16.190+0000] {taskinstance.py:441} INFO - ::group::Post task execution logs
[2026-06-20T15:23:16.201+0000] {taskinstance.py:1206} INFO - Marking task as SUCCESS. dag_id=credit_default_ml_pipeline, task_id=label_pipeline.gold_label_store, run_id=scheduled__2023-05-01T00:00:00+00:00, execution_date=20230501T000000, start_date=20260620T152311, end_date=20260620T152316
[2026-06-20T15:23:16.211+0000] {local_task_job_runner.py:243} INFO - Task exited with return code 0
[2026-06-20T15:23:16.292+0000] {taskinstance.py:3503} INFO - 0 downstream tasks scheduled from follow-on schedule check
[2026-06-20T15:23:16.293+0000] {local_task_job_runner.py:222} INFO - ::endgroup::
[2026-06-20T17:00:19.545+0000] {local_task_job_runner.py:120} INFO - ::group::Pre task execution logs
[2026-06-20T17:00:19.590+0000] {taskinstance.py:2076} INFO - Dependencies all met for dep_context=non-requeueable deps ti=<TaskInstance: credit_default_ml_pipeline.label_pipeline.gold_label_store scheduled__2023-05-01T00:00:00+00:00 [queued]>
[2026-06-20T17:00:19.600+0000] {taskinstance.py:2076} INFO - Dependencies all met for dep_context=requeueable deps ti=<TaskInstance: credit_default_ml_pipeline.label_pipeline.gold_label_store scheduled__2023-05-01T00:00:00+00:00 [queued]>
[2026-06-20T17:00:19.602+0000] {taskinstance.py:2306} INFO - Starting attempt 1 of 2
[2026-06-20T17:00:19.822+0000] {taskinstance.py:2330} INFO - Executing <Task(BashOperator): label_pipeline.gold_label_store> on 2023-05-01 00:00:00+00:00
[2026-06-20T17:00:19.829+0000] {logging_mixin.py:188} WARNING - /home/***/.local/lib/python3.12/site-packages/***/task/task_runner/standard_task_runner.py:62 DeprecationWarning: This process (pid=81346) is multi-threaded, use of fork() may lead to deadlocks in the child.
[2026-06-20T17:00:19.831+0000] {standard_task_runner.py:64} INFO - Started process 81369 to run task
[2026-06-20T17:00:19.830+0000] {standard_task_runner.py:90} INFO - Running: ['***', 'tasks', 'run', 'credit_default_ml_pipeline', 'label_pipeline.gold_label_store', 'scheduled__2023-05-01T00:00:00+00:00', '--job-id', '2979', '--raw', '--subdir', 'DAGS_FOLDER/dag.py', '--cfg-path', '/tmp/tmpehvibxu4']
[2026-06-20T17:00:19.834+0000] {standard_task_runner.py:91} INFO - Job 2979: Subtask label_pipeline.gold_label_store
[2026-06-20T17:00:19.898+0000] {task_command.py:426} INFO - Running <TaskInstance: credit_default_ml_pipeline.label_pipeline.gold_label_store scheduled__2023-05-01T00:00:00+00:00 [running]> on host 9cf341f51c89
[2026-06-20T17:00:19.991+0000] {taskinstance.py:2648} INFO - Exporting env vars: AIRFLOW_CTX_DAG_OWNER='***' AIRFLOW_CTX_DAG_ID='credit_default_ml_pipeline' AIRFLOW_CTX_TASK_ID='label_pipeline.gold_label_store' AIRFLOW_CTX_EXECUTION_DATE='2023-05-01T00:00:00+00:00' AIRFLOW_CTX_TRY_NUMBER='1' AIRFLOW_CTX_DAG_RUN_ID='scheduled__2023-05-01T00:00:00+00:00'
[2026-06-20T17:00:19.994+0000] {taskinstance.py:430} INFO - ::endgroup::
[2026-06-20T17:00:20.015+0000] {subprocess.py:63} INFO - Tmp dir root location: /tmp
[2026-06-20T17:00:20.017+0000] {subprocess.py:75} INFO - Running command: ['/usr/bin/bash', '-c', 'cd /opt/***/scripts && python3 gold_label_store.py --snapshotdate "2023-05-01"']
[2026-06-20T17:00:20.027+0000] {subprocess.py:86} INFO - Output:
[2026-06-20T17:00:22.355+0000] {subprocess.py:93} INFO - Setting default log level to "WARN".
[2026-06-20T17:00:22.356+0000] {subprocess.py:93} INFO - To adjust logging level use sc.setLogLevel(newLevel). For SparkR, use setLogLevel(newLevel).
[2026-06-20T17:00:22.558+0000] {subprocess.py:93} INFO - 26/06/20 17:00:22 WARN NativeCodeLoader: Unable to load native-hadoop library for your platform... using builtin-java classes where applicable
[2026-06-20T17:00:25.817+0000] {subprocess.py:93} INFO - 
[2026-06-20T17:00:25.818+0000] {subprocess.py:93} INFO - --- gold label 2023-05-01 ---
[2026-06-20T17:00:25.819+0000] {subprocess.py:93} INFO - 
[2026-06-20T17:00:25.820+0000] {subprocess.py:93} INFO - [gold:label] loaded datamart/silver/lms/2023_05_01.parquet rows: 2568
[2026-06-20T17:00:25.821+0000] {subprocess.py:93} INFO - [gold:label] saved to: datamart/gold/label_store/gold_label_store_2023_05_01.parquet
[2026-06-20T17:00:25.822+0000] {subprocess.py:93} INFO - 
[2026-06-20T17:00:25.822+0000] {subprocess.py:93} INFO - --- done ---
[2026-06-20T17:00:25.823+0000] {subprocess.py:93} INFO - 
[2026-06-20T17:00:26.313+0000] {subprocess.py:97} INFO - Command exited with return code 0
[2026-06-20T17:00:26.315+0000] {taskinstance.py:441} INFO - ::group::Post task execution logs
[2026-06-20T17:00:26.337+0000] {taskinstance.py:1206} INFO - Marking task as SUCCESS. dag_id=credit_default_ml_pipeline, task_id=label_pipeline.gold_label_store, run_id=scheduled__2023-05-01T00:00:00+00:00, execution_date=20230501T000000, start_date=20260620T170019, end_date=20260620T170026
[2026-06-20T17:00:26.370+0000] {local_task_job_runner.py:243} INFO - Task exited with return code 0
[2026-06-20T17:00:26.383+0000] {taskinstance.py:3503} INFO - 0 downstream tasks scheduled from follow-on schedule check
[2026-06-20T17:00:26.385+0000] {local_task_job_runner.py:222} INFO - ::endgroup::
[2026-06-20T17:13:44.343+0000] {local_task_job_runner.py:120} INFO - ::group::Pre task execution logs
[2026-06-20T17:13:44.368+0000] {taskinstance.py:2076} INFO - Dependencies all met for dep_context=non-requeueable deps ti=<TaskInstance: credit_default_ml_pipeline.label_pipeline.gold_label_store scheduled__2023-05-01T00:00:00+00:00 [queued]>
[2026-06-20T17:13:44.378+0000] {taskinstance.py:2076} INFO - Dependencies all met for dep_context=requeueable deps ti=<TaskInstance: credit_default_ml_pipeline.label_pipeline.gold_label_store scheduled__2023-05-01T00:00:00+00:00 [queued]>
[2026-06-20T17:13:44.379+0000] {taskinstance.py:2306} INFO - Starting attempt 1 of 2
[2026-06-20T17:13:44.395+0000] {taskinstance.py:2330} INFO - Executing <Task(BashOperator): label_pipeline.gold_label_store> on 2023-05-01 00:00:00+00:00
[2026-06-20T17:13:44.403+0000] {logging_mixin.py:188} WARNING - /home/***/.local/lib/python3.12/site-packages/***/task/task_runner/standard_task_runner.py:62 DeprecationWarning: This process (pid=14454) is multi-threaded, use of fork() may lead to deadlocks in the child.
[2026-06-20T17:13:44.405+0000] {standard_task_runner.py:64} INFO - Started process 14482 to run task
[2026-06-20T17:13:44.404+0000] {standard_task_runner.py:90} INFO - Running: ['***', 'tasks', 'run', 'credit_default_ml_pipeline', 'label_pipeline.gold_label_store', 'scheduled__2023-05-01T00:00:00+00:00', '--job-id', '3067', '--raw', '--subdir', 'DAGS_FOLDER/dag.py', '--cfg-path', '/tmp/tmptuqg8a9q']
[2026-06-20T17:13:44.406+0000] {standard_task_runner.py:91} INFO - Job 3067: Subtask label_pipeline.gold_label_store
[2026-06-20T17:13:44.545+0000] {task_command.py:426} INFO - Running <TaskInstance: credit_default_ml_pipeline.label_pipeline.gold_label_store scheduled__2023-05-01T00:00:00+00:00 [running]> on host 9cf341f51c89
[2026-06-20T17:13:44.575+0000] {taskinstance.py:2648} INFO - Exporting env vars: AIRFLOW_CTX_DAG_OWNER='***' AIRFLOW_CTX_DAG_ID='credit_default_ml_pipeline' AIRFLOW_CTX_TASK_ID='label_pipeline.gold_label_store' AIRFLOW_CTX_EXECUTION_DATE='2023-05-01T00:00:00+00:00' AIRFLOW_CTX_TRY_NUMBER='1' AIRFLOW_CTX_DAG_RUN_ID='scheduled__2023-05-01T00:00:00+00:00'
[2026-06-20T17:13:44.577+0000] {taskinstance.py:430} INFO - ::endgroup::
[2026-06-20T17:13:44.582+0000] {subprocess.py:63} INFO - Tmp dir root location: /tmp
[2026-06-20T17:13:44.582+0000] {subprocess.py:75} INFO - Running command: ['/usr/bin/bash', '-c', 'cd /opt/***/scripts && python3 gold_label_store.py --snapshotdate "2023-05-01"']
[2026-06-20T17:13:44.586+0000] {subprocess.py:86} INFO - Output:
[2026-06-20T17:13:45.804+0000] {subprocess.py:93} INFO - Setting default log level to "WARN".
[2026-06-20T17:13:45.805+0000] {subprocess.py:93} INFO - To adjust logging level use sc.setLogLevel(newLevel). For SparkR, use setLogLevel(newLevel).
[2026-06-20T17:13:45.912+0000] {subprocess.py:93} INFO - 26/06/20 17:13:45 WARN NativeCodeLoader: Unable to load native-hadoop library for your platform... using builtin-java classes where applicable
[2026-06-20T17:13:48.353+0000] {subprocess.py:93} INFO - 
[2026-06-20T17:13:48.355+0000] {subprocess.py:93} INFO - --- gold label 2023-05-01 ---
[2026-06-20T17:13:48.355+0000] {subprocess.py:93} INFO - 
[2026-06-20T17:13:48.355+0000] {subprocess.py:93} INFO - [gold:label] loaded datamart/silver/lms/2023_05_01.parquet rows: 2568
[2026-06-20T17:13:48.356+0000] {subprocess.py:93} INFO - [gold:label] saved to: datamart/gold/label_store/gold_label_store_2023_05_01.parquet
[2026-06-20T17:13:48.356+0000] {subprocess.py:93} INFO - 
[2026-06-20T17:13:48.356+0000] {subprocess.py:93} INFO - --- done ---
[2026-06-20T17:13:48.356+0000] {subprocess.py:93} INFO - 
[2026-06-20T17:13:48.886+0000] {subprocess.py:97} INFO - Command exited with return code 0
[2026-06-20T17:13:48.888+0000] {taskinstance.py:441} INFO - ::group::Post task execution logs
[2026-06-20T17:13:48.899+0000] {taskinstance.py:1206} INFO - Marking task as SUCCESS. dag_id=credit_default_ml_pipeline, task_id=label_pipeline.gold_label_store, run_id=scheduled__2023-05-01T00:00:00+00:00, execution_date=20230501T000000, start_date=20260620T171344, end_date=20260620T171348
[2026-06-20T17:13:48.946+0000] {local_task_job_runner.py:243} INFO - Task exited with return code 0
[2026-06-20T17:13:49.038+0000] {taskinstance.py:3503} INFO - 0 downstream tasks scheduled from follow-on schedule check
[2026-06-20T17:13:49.040+0000] {local_task_job_runner.py:222} INFO - ::endgroup::
[2026-06-21T01:41:28.450+0000] {local_task_job_runner.py:120} INFO - ::group::Pre task execution logs
[2026-06-21T01:41:28.462+0000] {taskinstance.py:2076} INFO - Dependencies all met for dep_context=non-requeueable deps ti=<TaskInstance: credit_default_ml_pipeline.label_pipeline.gold_label_store scheduled__2023-05-01T00:00:00+00:00 [queued]>
[2026-06-21T01:41:28.465+0000] {taskinstance.py:2076} INFO - Dependencies all met for dep_context=requeueable deps ti=<TaskInstance: credit_default_ml_pipeline.label_pipeline.gold_label_store scheduled__2023-05-01T00:00:00+00:00 [queued]>
[2026-06-21T01:41:28.465+0000] {taskinstance.py:2306} INFO - Starting attempt 1 of 2
[2026-06-21T01:41:28.469+0000] {taskinstance.py:2330} INFO - Executing <Task(BashOperator): label_pipeline.gold_label_store> on 2023-05-01 00:00:00+00:00
[2026-06-21T01:41:28.472+0000] {logging_mixin.py:188} WARNING - /home/***/.local/lib/python3.12/site-packages/***/task/task_runner/standard_task_runner.py:62 DeprecationWarning: This process (pid=15928) is multi-threaded, use of fork() may lead to deadlocks in the child.
[2026-06-21T01:41:28.473+0000] {standard_task_runner.py:64} INFO - Started process 15930 to run task
[2026-06-21T01:41:28.473+0000] {standard_task_runner.py:90} INFO - Running: ['***', 'tasks', 'run', 'credit_default_ml_pipeline', 'label_pipeline.gold_label_store', 'scheduled__2023-05-01T00:00:00+00:00', '--job-id', '3533', '--raw', '--subdir', 'DAGS_FOLDER/dag.py', '--cfg-path', '/tmp/tmp7l4grs67']
[2026-06-21T01:41:28.474+0000] {standard_task_runner.py:91} INFO - Job 3533: Subtask label_pipeline.gold_label_store
[2026-06-21T01:41:28.491+0000] {task_command.py:426} INFO - Running <TaskInstance: credit_default_ml_pipeline.label_pipeline.gold_label_store scheduled__2023-05-01T00:00:00+00:00 [running]> on host f6e9e2801916
[2026-06-21T01:41:28.591+0000] {taskinstance.py:2648} INFO - Exporting env vars: AIRFLOW_CTX_DAG_OWNER='***' AIRFLOW_CTX_DAG_ID='credit_default_ml_pipeline' AIRFLOW_CTX_TASK_ID='label_pipeline.gold_label_store' AIRFLOW_CTX_EXECUTION_DATE='2023-05-01T00:00:00+00:00' AIRFLOW_CTX_TRY_NUMBER='1' AIRFLOW_CTX_DAG_RUN_ID='scheduled__2023-05-01T00:00:00+00:00'
[2026-06-21T01:41:28.593+0000] {taskinstance.py:430} INFO - ::endgroup::
[2026-06-21T01:41:28.597+0000] {subprocess.py:63} INFO - Tmp dir root location: /tmp
[2026-06-21T01:41:28.597+0000] {subprocess.py:75} INFO - Running command: ['/usr/bin/bash', '-c', 'cd /opt/***/scripts && python3 gold_label_store.py --snapshotdate "2023-05-01"']
[2026-06-21T01:41:28.601+0000] {subprocess.py:86} INFO - Output:
[2026-06-21T01:41:29.639+0000] {subprocess.py:93} INFO - Setting default log level to "WARN".
[2026-06-21T01:41:29.640+0000] {subprocess.py:93} INFO - To adjust logging level use sc.setLogLevel(newLevel). For SparkR, use setLogLevel(newLevel).
[2026-06-21T01:41:29.762+0000] {subprocess.py:93} INFO - 26/06/21 01:41:29 WARN NativeCodeLoader: Unable to load native-hadoop library for your platform... using builtin-java classes where applicable
[2026-06-21T01:41:32.127+0000] {subprocess.py:93} INFO - 
[2026-06-21T01:41:32.129+0000] {subprocess.py:93} INFO - --- gold label 2023-05-01 ---
[2026-06-21T01:41:32.130+0000] {subprocess.py:93} INFO - 
[2026-06-21T01:41:32.130+0000] {subprocess.py:93} INFO - [gold:label] loaded datamart/silver/lms/2023_05_01.parquet rows: 2568
[2026-06-21T01:41:32.131+0000] {subprocess.py:93} INFO - [gold:label] saved to: datamart/gold/label_store/gold_label_store_2023_05_01.parquet
[2026-06-21T01:41:32.132+0000] {subprocess.py:93} INFO - 
[2026-06-21T01:41:32.132+0000] {subprocess.py:93} INFO - --- done ---
[2026-06-21T01:41:32.133+0000] {subprocess.py:93} INFO - 
[2026-06-21T01:41:32.663+0000] {subprocess.py:97} INFO - Command exited with return code 0
[2026-06-21T01:41:32.666+0000] {taskinstance.py:441} INFO - ::group::Post task execution logs
[2026-06-21T01:41:32.688+0000] {taskinstance.py:1206} INFO - Marking task as SUCCESS. dag_id=credit_default_ml_pipeline, task_id=label_pipeline.gold_label_store, run_id=scheduled__2023-05-01T00:00:00+00:00, execution_date=20230501T000000, start_date=20260621T014128, end_date=20260621T014132
[2026-06-21T01:41:32.735+0000] {local_task_job_runner.py:243} INFO - Task exited with return code 0
[2026-06-21T01:41:32.756+0000] {taskinstance.py:3503} INFO - 0 downstream tasks scheduled from follow-on schedule check
[2026-06-21T01:41:32.759+0000] {local_task_job_runner.py:222} INFO - ::endgroup::
[2026-06-21T05:35:55.977+0000] {local_task_job_runner.py:120} INFO - ::group::Pre task execution logs
[2026-06-21T05:35:55.993+0000] {taskinstance.py:2076} INFO - Dependencies all met for dep_context=non-requeueable deps ti=<TaskInstance: credit_default_ml_pipeline.label_pipeline.gold_label_store scheduled__2023-05-01T00:00:00+00:00 [queued]>
[2026-06-21T05:35:55.998+0000] {taskinstance.py:2076} INFO - Dependencies all met for dep_context=requeueable deps ti=<TaskInstance: credit_default_ml_pipeline.label_pipeline.gold_label_store scheduled__2023-05-01T00:00:00+00:00 [queued]>
[2026-06-21T05:35:55.999+0000] {taskinstance.py:2306} INFO - Starting attempt 1 of 2
[2026-06-21T05:35:56.007+0000] {taskinstance.py:2330} INFO - Executing <Task(BashOperator): label_pipeline.gold_label_store> on 2023-05-01 00:00:00+00:00
[2026-06-21T05:35:56.012+0000] {logging_mixin.py:188} WARNING - /home/***/.local/lib/python3.12/site-packages/***/task/task_runner/standard_task_runner.py:62 DeprecationWarning: This process (pid=15647) is multi-threaded, use of fork() may lead to deadlocks in the child.
[2026-06-21T05:35:56.012+0000] {standard_task_runner.py:64} INFO - Started process 15649 to run task
[2026-06-21T05:35:56.012+0000] {standard_task_runner.py:90} INFO - Running: ['***', 'tasks', 'run', 'credit_default_ml_pipeline', 'label_pipeline.gold_label_store', 'scheduled__2023-05-01T00:00:00+00:00', '--job-id', '3997', '--raw', '--subdir', 'DAGS_FOLDER/dag.py', '--cfg-path', '/tmp/tmp13rurj5v']
[2026-06-21T05:35:56.013+0000] {standard_task_runner.py:91} INFO - Job 3997: Subtask label_pipeline.gold_label_store
[2026-06-21T05:35:56.127+0000] {task_command.py:426} INFO - Running <TaskInstance: credit_default_ml_pipeline.label_pipeline.gold_label_store scheduled__2023-05-01T00:00:00+00:00 [running]> on host 9377a3f0491f
[2026-06-21T05:35:56.162+0000] {taskinstance.py:2648} INFO - Exporting env vars: AIRFLOW_CTX_DAG_OWNER='***' AIRFLOW_CTX_DAG_ID='credit_default_ml_pipeline' AIRFLOW_CTX_TASK_ID='label_pipeline.gold_label_store' AIRFLOW_CTX_EXECUTION_DATE='2023-05-01T00:00:00+00:00' AIRFLOW_CTX_TRY_NUMBER='1' AIRFLOW_CTX_DAG_RUN_ID='scheduled__2023-05-01T00:00:00+00:00'
[2026-06-21T05:35:56.163+0000] {taskinstance.py:430} INFO - ::endgroup::
[2026-06-21T05:35:56.169+0000] {subprocess.py:63} INFO - Tmp dir root location: /tmp
[2026-06-21T05:35:56.169+0000] {subprocess.py:75} INFO - Running command: ['/usr/bin/bash', '-c', 'cd /opt/***/scripts && python3 gold_label_store.py --snapshotdate "2023-05-01"']
[2026-06-21T05:35:56.174+0000] {subprocess.py:86} INFO - Output:
[2026-06-21T05:35:57.666+0000] {subprocess.py:93} INFO - Setting default log level to "WARN".
[2026-06-21T05:35:57.667+0000] {subprocess.py:93} INFO - To adjust logging level use sc.setLogLevel(newLevel). For SparkR, use setLogLevel(newLevel).
[2026-06-21T05:35:57.802+0000] {subprocess.py:93} INFO - 26/06/21 05:35:57 WARN NativeCodeLoader: Unable to load native-hadoop library for your platform... using builtin-java classes where applicable
[2026-06-21T05:36:01.450+0000] {subprocess.py:93} INFO - 
[2026-06-21T05:36:01.451+0000] {subprocess.py:93} INFO - --- gold label 2023-05-01 ---
[2026-06-21T05:36:01.452+0000] {subprocess.py:93} INFO - 
[2026-06-21T05:36:01.453+0000] {subprocess.py:93} INFO - [gold:label] loaded datamart/silver/lms/2023_05_01.parquet rows: 2568
[2026-06-21T05:36:01.454+0000] {subprocess.py:93} INFO - [gold:label] saved to: datamart/gold/label_store/gold_label_store_2023_05_01.parquet
[2026-06-21T05:36:01.454+0000] {subprocess.py:93} INFO - 
[2026-06-21T05:36:01.455+0000] {subprocess.py:93} INFO - --- done ---
[2026-06-21T05:36:01.455+0000] {subprocess.py:93} INFO - 
[2026-06-21T05:36:01.953+0000] {subprocess.py:97} INFO - Command exited with return code 0
[2026-06-21T05:36:01.954+0000] {taskinstance.py:441} INFO - ::group::Post task execution logs
[2026-06-21T05:36:01.971+0000] {taskinstance.py:1206} INFO - Marking task as SUCCESS. dag_id=credit_default_ml_pipeline, task_id=label_pipeline.gold_label_store, run_id=scheduled__2023-05-01T00:00:00+00:00, execution_date=20230501T000000, start_date=20260621T053555, end_date=20260621T053601
[2026-06-21T05:36:01.991+0000] {local_task_job_runner.py:243} INFO - Task exited with return code 0
[2026-06-21T05:36:02.006+0000] {taskinstance.py:3503} INFO - 0 downstream tasks scheduled from follow-on schedule check
[2026-06-21T05:36:02.008+0000] {local_task_job_runner.py:222} INFO - ::endgroup::
[2026-06-25T17:28:44.921+0000] {local_task_job_runner.py:120} INFO - ::group::Pre task execution logs
[2026-06-25T17:28:44.942+0000] {taskinstance.py:2076} INFO - Dependencies all met for dep_context=non-requeueable deps ti=<TaskInstance: credit_default_ml_pipeline.label_pipeline.gold_label_store scheduled__2023-05-01T00:00:00+00:00 [queued]>
[2026-06-25T17:28:44.948+0000] {taskinstance.py:2076} INFO - Dependencies all met for dep_context=requeueable deps ti=<TaskInstance: credit_default_ml_pipeline.label_pipeline.gold_label_store scheduled__2023-05-01T00:00:00+00:00 [queued]>
[2026-06-25T17:28:44.949+0000] {taskinstance.py:2306} INFO - Starting attempt 1 of 2
[2026-06-25T17:28:44.956+0000] {taskinstance.py:2330} INFO - Executing <Task(BashOperator): label_pipeline.gold_label_store> on 2023-05-01 00:00:00+00:00
[2026-06-25T17:28:44.962+0000] {logging_mixin.py:188} WARNING - /home/***/.local/lib/python3.12/site-packages/***/task/task_runner/standard_task_runner.py:62 DeprecationWarning: This process (pid=15012) is multi-threaded, use of fork() may lead to deadlocks in the child.
[2026-06-25T17:28:44.963+0000] {standard_task_runner.py:64} INFO - Started process 15026 to run task
[2026-06-25T17:28:44.962+0000] {standard_task_runner.py:90} INFO - Running: ['***', 'tasks', 'run', 'credit_default_ml_pipeline', 'label_pipeline.gold_label_store', 'scheduled__2023-05-01T00:00:00+00:00', '--job-id', '4456', '--raw', '--subdir', 'DAGS_FOLDER/dag.py', '--cfg-path', '/tmp/tmp9btt2thw']
[2026-06-25T17:28:44.964+0000] {standard_task_runner.py:91} INFO - Job 4456: Subtask label_pipeline.gold_label_store
[2026-06-25T17:28:44.995+0000] {task_command.py:426} INFO - Running <TaskInstance: credit_default_ml_pipeline.label_pipeline.gold_label_store scheduled__2023-05-01T00:00:00+00:00 [running]> on host b54b2be331ab
[2026-06-25T17:28:45.147+0000] {taskinstance.py:2648} INFO - Exporting env vars: AIRFLOW_CTX_DAG_OWNER='***' AIRFLOW_CTX_DAG_ID='credit_default_ml_pipeline' AIRFLOW_CTX_TASK_ID='label_pipeline.gold_label_store' AIRFLOW_CTX_EXECUTION_DATE='2023-05-01T00:00:00+00:00' AIRFLOW_CTX_TRY_NUMBER='1' AIRFLOW_CTX_DAG_RUN_ID='scheduled__2023-05-01T00:00:00+00:00'
[2026-06-25T17:28:45.149+0000] {taskinstance.py:430} INFO - ::endgroup::
[2026-06-25T17:28:45.155+0000] {subprocess.py:63} INFO - Tmp dir root location: /tmp
[2026-06-25T17:28:45.156+0000] {subprocess.py:75} INFO - Running command: ['/usr/bin/bash', '-c', 'cd /opt/***/scripts && python3 gold_label_store.py --snapshotdate "2023-05-01"']
[2026-06-25T17:28:45.162+0000] {subprocess.py:86} INFO - Output:
[2026-06-25T17:28:47.302+0000] {subprocess.py:93} INFO - Setting default log level to "WARN".
[2026-06-25T17:28:47.304+0000] {subprocess.py:93} INFO - To adjust logging level use sc.setLogLevel(newLevel). For SparkR, use setLogLevel(newLevel).
[2026-06-25T17:28:47.477+0000] {subprocess.py:93} INFO - 26/06/25 17:28:47 WARN NativeCodeLoader: Unable to load native-hadoop library for your platform... using builtin-java classes where applicable
[2026-06-25T17:28:51.288+0000] {subprocess.py:93} INFO - 
[2026-06-25T17:28:51.289+0000] {subprocess.py:93} INFO - --- gold label 2023-05-01 ---
[2026-06-25T17:28:51.290+0000] {subprocess.py:93} INFO - 
[2026-06-25T17:28:51.291+0000] {subprocess.py:93} INFO - [gold:label] loaded datamart/silver/lms/2023_05_01.parquet rows: 5136
[2026-06-25T17:28:51.292+0000] {subprocess.py:93} INFO - [gold:label] saved to: datamart/gold/label_store/gold_label_store_2023_05_01.parquet
[2026-06-25T17:28:51.293+0000] {subprocess.py:93} INFO - 
[2026-06-25T17:28:51.294+0000] {subprocess.py:93} INFO - --- done ---
[2026-06-25T17:28:51.295+0000] {subprocess.py:93} INFO - 
[2026-06-25T17:28:51.759+0000] {subprocess.py:97} INFO - Command exited with return code 0
[2026-06-25T17:28:51.762+0000] {taskinstance.py:441} INFO - ::group::Post task execution logs
[2026-06-25T17:28:51.784+0000] {taskinstance.py:1206} INFO - Marking task as SUCCESS. dag_id=credit_default_ml_pipeline, task_id=label_pipeline.gold_label_store, run_id=scheduled__2023-05-01T00:00:00+00:00, execution_date=20230501T000000, start_date=20260625T172844, end_date=20260625T172851
[2026-06-25T17:28:51.827+0000] {local_task_job_runner.py:243} INFO - Task exited with return code 0
[2026-06-25T17:28:51.963+0000] {taskinstance.py:3503} INFO - 0 downstream tasks scheduled from follow-on schedule check
[2026-06-25T17:28:51.966+0000] {local_task_job_runner.py:222} INFO - ::endgroup::
[2026-06-26T01:35:37.178+0000] {local_task_job_runner.py:120} INFO - ::group::Pre task execution logs
[2026-06-26T01:35:37.192+0000] {taskinstance.py:2076} INFO - Dependencies all met for dep_context=non-requeueable deps ti=<TaskInstance: credit_default_ml_pipeline.label_pipeline.gold_label_store scheduled__2023-05-01T00:00:00+00:00 [queued]>
[2026-06-26T01:35:37.195+0000] {taskinstance.py:2076} INFO - Dependencies all met for dep_context=requeueable deps ti=<TaskInstance: credit_default_ml_pipeline.label_pipeline.gold_label_store scheduled__2023-05-01T00:00:00+00:00 [queued]>
[2026-06-26T01:35:37.195+0000] {taskinstance.py:2306} INFO - Starting attempt 1 of 2
[2026-06-26T01:35:37.199+0000] {taskinstance.py:2330} INFO - Executing <Task(BashOperator): label_pipeline.gold_label_store> on 2023-05-01 00:00:00+00:00
[2026-06-26T01:35:37.203+0000] {logging_mixin.py:188} WARNING - /home/***/.local/lib/python3.12/site-packages/***/task/task_runner/standard_task_runner.py:62 DeprecationWarning: This process (pid=99140) is multi-threaded, use of fork() may lead to deadlocks in the child.
[2026-06-26T01:35:37.204+0000] {standard_task_runner.py:64} INFO - Started process 99142 to run task
[2026-06-26T01:35:37.203+0000] {standard_task_runner.py:90} INFO - Running: ['***', 'tasks', 'run', 'credit_default_ml_pipeline', 'label_pipeline.gold_label_store', 'scheduled__2023-05-01T00:00:00+00:00', '--job-id', '4917', '--raw', '--subdir', 'DAGS_FOLDER/dag.py', '--cfg-path', '/tmp/tmplj5nbzri']
[2026-06-26T01:35:37.205+0000] {standard_task_runner.py:91} INFO - Job 4917: Subtask label_pipeline.gold_label_store
[2026-06-26T01:35:37.222+0000] {task_command.py:426} INFO - Running <TaskInstance: credit_default_ml_pipeline.label_pipeline.gold_label_store scheduled__2023-05-01T00:00:00+00:00 [running]> on host b54b2be331ab
[2026-06-26T01:35:37.315+0000] {taskinstance.py:2648} INFO - Exporting env vars: AIRFLOW_CTX_DAG_OWNER='***' AIRFLOW_CTX_DAG_ID='credit_default_ml_pipeline' AIRFLOW_CTX_TASK_ID='label_pipeline.gold_label_store' AIRFLOW_CTX_EXECUTION_DATE='2023-05-01T00:00:00+00:00' AIRFLOW_CTX_TRY_NUMBER='1' AIRFLOW_CTX_DAG_RUN_ID='scheduled__2023-05-01T00:00:00+00:00'
[2026-06-26T01:35:37.316+0000] {taskinstance.py:430} INFO - ::endgroup::
[2026-06-26T01:35:37.320+0000] {subprocess.py:63} INFO - Tmp dir root location: /tmp
[2026-06-26T01:35:37.321+0000] {subprocess.py:75} INFO - Running command: ['/usr/bin/bash', '-c', 'cd /opt/***/scripts && python3 gold_label_store.py --snapshotdate "2023-05-01"']
[2026-06-26T01:35:37.326+0000] {subprocess.py:86} INFO - Output:
[2026-06-26T01:35:38.387+0000] {subprocess.py:93} INFO - Setting default log level to "WARN".
[2026-06-26T01:35:38.388+0000] {subprocess.py:93} INFO - To adjust logging level use sc.setLogLevel(newLevel). For SparkR, use setLogLevel(newLevel).
[2026-06-26T01:35:38.491+0000] {subprocess.py:93} INFO - 26/06/26 01:35:38 WARN NativeCodeLoader: Unable to load native-hadoop library for your platform... using builtin-java classes where applicable
[2026-06-26T01:35:40.860+0000] {subprocess.py:93} INFO - 
[2026-06-26T01:35:40.861+0000] {subprocess.py:93} INFO - --- gold label 2023-05-01 ---
[2026-06-26T01:35:40.862+0000] {subprocess.py:93} INFO - 
[2026-06-26T01:35:40.863+0000] {subprocess.py:93} INFO - [gold:label] loaded datamart/silver/lms/2023_05_01.parquet rows: 2568
[2026-06-26T01:35:40.863+0000] {subprocess.py:93} INFO - [gold:label] saved to: datamart/gold/label_store/gold_label_store_2023_05_01.parquet
[2026-06-26T01:35:40.864+0000] {subprocess.py:93} INFO - 
[2026-06-26T01:35:40.864+0000] {subprocess.py:93} INFO - --- done ---
[2026-06-26T01:35:40.864+0000] {subprocess.py:93} INFO - 
[2026-06-26T01:35:41.442+0000] {subprocess.py:97} INFO - Command exited with return code 0
[2026-06-26T01:35:41.445+0000] {taskinstance.py:441} INFO - ::group::Post task execution logs
[2026-06-26T01:35:41.472+0000] {taskinstance.py:1206} INFO - Marking task as SUCCESS. dag_id=credit_default_ml_pipeline, task_id=label_pipeline.gold_label_store, run_id=scheduled__2023-05-01T00:00:00+00:00, execution_date=20230501T000000, start_date=20260626T013537, end_date=20260626T013541
[2026-06-26T01:35:41.505+0000] {local_task_job_runner.py:243} INFO - Task exited with return code 0
[2026-06-26T01:35:41.546+0000] {taskinstance.py:3503} INFO - 0 downstream tasks scheduled from follow-on schedule check
[2026-06-26T01:35:41.549+0000] {local_task_job_runner.py:222} INFO - ::endgroup::
