[2026-06-20T06:27:57.872+0000] {local_task_job_runner.py:120} INFO - ::group::Pre task execution logs
[2026-06-20T06:27:57.892+0000] {taskinstance.py:2076} INFO - Dependencies all met for dep_context=non-requeueable deps ti=<TaskInstance: credit_default_ml_pipeline.inference.logreg_inference scheduled__2024-01-01T00:00:00+00:00 [queued]>
[2026-06-20T06:27:57.898+0000] {taskinstance.py:2076} INFO - Dependencies all met for dep_context=requeueable deps ti=<TaskInstance: credit_default_ml_pipeline.inference.logreg_inference scheduled__2024-01-01T00:00:00+00:00 [queued]>
[2026-06-20T06:27:57.899+0000] {taskinstance.py:2306} INFO - Starting attempt 1 of 2
[2026-06-20T06:27:57.979+0000] {taskinstance.py:2330} INFO - Executing <Task(BashOperator): inference.logreg_inference> on 2024-01-01 00:00:00+00:00
[2026-06-20T06:27:57.982+0000] {logging_mixin.py:188} WARNING - /home/***/.local/lib/python3.12/site-packages/***/task/task_runner/standard_task_runner.py:62 DeprecationWarning: This process (pid=51172) is multi-threaded, use of fork() may lead to deadlocks in the child.
[2026-06-20T06:27:57.983+0000] {standard_task_runner.py:64} INFO - Started process 51177 to run task
[2026-06-20T06:27:57.983+0000] {standard_task_runner.py:90} INFO - Running: ['***', 'tasks', 'run', 'credit_default_ml_pipeline', 'inference.logreg_inference', 'scheduled__2024-01-01T00:00:00+00:00', '--job-id', '1680', '--raw', '--subdir', 'DAGS_FOLDER/dag.py', '--cfg-path', '/tmp/tmpb8fk9s1m']
[2026-06-20T06:27:57.985+0000] {standard_task_runner.py:91} INFO - Job 1680: Subtask inference.logreg_inference
[2026-06-20T06:27:58.003+0000] {task_command.py:426} INFO - Running <TaskInstance: credit_default_ml_pipeline.inference.logreg_inference scheduled__2024-01-01T00:00:00+00:00 [running]> on host 9cf341f51c89
[2026-06-20T06:27:58.032+0000] {taskinstance.py:2648} INFO - Exporting env vars: AIRFLOW_CTX_DAG_OWNER='***' AIRFLOW_CTX_DAG_ID='credit_default_ml_pipeline' AIRFLOW_CTX_TASK_ID='inference.logreg_inference' AIRFLOW_CTX_EXECUTION_DATE='2024-01-01T00:00:00+00:00' AIRFLOW_CTX_TRY_NUMBER='1' AIRFLOW_CTX_DAG_RUN_ID='scheduled__2024-01-01T00:00:00+00:00'
[2026-06-20T06:27:58.033+0000] {taskinstance.py:430} INFO - ::endgroup::
[2026-06-20T06:27:58.039+0000] {subprocess.py:63} INFO - Tmp dir root location: /tmp
[2026-06-20T06:27:58.040+0000] {subprocess.py:75} INFO - Running command: ['/usr/bin/bash', '-c', 'cd /opt/***/scripts && if [ ! -f model_bank/champion.txt ]; then echo \'[SKIP] no champion.txt for 2024-01-01\'; exit 0; fi && python3 model_inference.py --snapshotdate "2024-01-01" --modelname "credit_logreg_2024_09_01.pkl"']
[2026-06-20T06:27:58.044+0000] {subprocess.py:86} INFO - Output:
[2026-06-20T06:27:58.045+0000] {subprocess.py:93} INFO - [SKIP] no champion.txt for 2024-01-01
[2026-06-20T06:27:58.045+0000] {subprocess.py:97} INFO - Command exited with return code 0
[2026-06-20T06:27:58.046+0000] {taskinstance.py:441} INFO - ::group::Post task execution logs
[2026-06-20T06:27:58.055+0000] {taskinstance.py:1206} INFO - Marking task as SUCCESS. dag_id=credit_default_ml_pipeline, task_id=inference.logreg_inference, run_id=scheduled__2024-01-01T00:00:00+00:00, execution_date=20240101T000000, start_date=20260620T062757, end_date=20260620T062758
[2026-06-20T06:27:58.083+0000] {local_task_job_runner.py:243} INFO - Task exited with return code 0
[2026-06-20T06:27:58.093+0000] {taskinstance.py:3503} INFO - 0 downstream tasks scheduled from follow-on schedule check
[2026-06-20T06:27:58.095+0000] {local_task_job_runner.py:222} INFO - ::endgroup::
[2026-06-20T07:47:54.996+0000] {local_task_job_runner.py:120} INFO - ::group::Pre task execution logs
[2026-06-20T07:47:55.012+0000] {taskinstance.py:2076} INFO - Dependencies all met for dep_context=non-requeueable deps ti=<TaskInstance: credit_default_ml_pipeline.inference.logreg_inference scheduled__2024-01-01T00:00:00+00:00 [queued]>
[2026-06-20T07:47:55.019+0000] {taskinstance.py:2076} INFO - Dependencies all met for dep_context=requeueable deps ti=<TaskInstance: credit_default_ml_pipeline.inference.logreg_inference scheduled__2024-01-01T00:00:00+00:00 [queued]>
[2026-06-20T07:47:55.019+0000] {taskinstance.py:2306} INFO - Starting attempt 1 of 2
[2026-06-20T07:47:55.095+0000] {taskinstance.py:2330} INFO - Executing <Task(BashOperator): inference.logreg_inference> on 2024-01-01 00:00:00+00:00
[2026-06-20T07:47:55.098+0000] {logging_mixin.py:188} WARNING - /home/***/.local/lib/python3.12/site-packages/***/task/task_runner/standard_task_runner.py:62 DeprecationWarning: This process (pid=36678) is multi-threaded, use of fork() may lead to deadlocks in the child.
[2026-06-20T07:47:55.099+0000] {standard_task_runner.py:90} INFO - Running: ['***', 'tasks', 'run', 'credit_default_ml_pipeline', 'inference.logreg_inference', 'scheduled__2024-01-01T00:00:00+00:00', '--job-id', '2175', '--raw', '--subdir', 'DAGS_FOLDER/dag.py', '--cfg-path', '/tmp/tmp7ud2cnr3']
[2026-06-20T07:47:55.102+0000] {standard_task_runner.py:64} INFO - Started process 36682 to run task
[2026-06-20T07:47:55.103+0000] {standard_task_runner.py:91} INFO - Job 2175: Subtask inference.logreg_inference
[2026-06-20T07:47:55.122+0000] {task_command.py:426} INFO - Running <TaskInstance: credit_default_ml_pipeline.inference.logreg_inference scheduled__2024-01-01T00:00:00+00:00 [running]> on host 9cf341f51c89
[2026-06-20T07:47:55.150+0000] {taskinstance.py:2648} INFO - Exporting env vars: AIRFLOW_CTX_DAG_OWNER='***' AIRFLOW_CTX_DAG_ID='credit_default_ml_pipeline' AIRFLOW_CTX_TASK_ID='inference.logreg_inference' AIRFLOW_CTX_EXECUTION_DATE='2024-01-01T00:00:00+00:00' AIRFLOW_CTX_TRY_NUMBER='1' AIRFLOW_CTX_DAG_RUN_ID='scheduled__2024-01-01T00:00:00+00:00'
[2026-06-20T07:47:55.151+0000] {taskinstance.py:430} INFO - ::endgroup::
[2026-06-20T07:47:55.156+0000] {subprocess.py:63} INFO - Tmp dir root location: /tmp
[2026-06-20T07:47:55.156+0000] {subprocess.py:75} INFO - Running command: ['/usr/bin/bash', '-c', 'cd /opt/***/scripts && if [ ! -f model_bank/champion.txt ]; then echo \'[SKIP] no champion.txt for 2024-01-01\'; exit 0; fi && python3 model_inference.py --snapshotdate "2024-01-01" --modelname "credit_logreg_2024_09_01.pkl"']
[2026-06-20T07:47:55.160+0000] {subprocess.py:86} INFO - Output:
[2026-06-20T07:47:55.161+0000] {subprocess.py:93} INFO - [SKIP] no champion.txt for 2024-01-01
[2026-06-20T07:47:55.161+0000] {subprocess.py:97} INFO - Command exited with return code 0
[2026-06-20T07:47:55.163+0000] {taskinstance.py:441} INFO - ::group::Post task execution logs
[2026-06-20T07:47:55.172+0000] {taskinstance.py:1206} INFO - Marking task as SUCCESS. dag_id=credit_default_ml_pipeline, task_id=inference.logreg_inference, run_id=scheduled__2024-01-01T00:00:00+00:00, execution_date=20240101T000000, start_date=20260620T074755, end_date=20260620T074755
[2026-06-20T07:47:55.203+0000] {local_task_job_runner.py:243} INFO - Task exited with return code 0
[2026-06-20T07:47:55.210+0000] {local_task_job_runner.py:222} INFO - ::endgroup::
[2026-06-20T15:46:03.772+0000] {local_task_job_runner.py:120} INFO - ::group::Pre task execution logs
[2026-06-20T15:46:03.787+0000] {taskinstance.py:2076} INFO - Dependencies all met for dep_context=non-requeueable deps ti=<TaskInstance: credit_default_ml_pipeline.inference.logreg_inference scheduled__2024-01-01T00:00:00+00:00 [queued]>
[2026-06-20T15:46:03.793+0000] {taskinstance.py:2076} INFO - Dependencies all met for dep_context=requeueable deps ti=<TaskInstance: credit_default_ml_pipeline.inference.logreg_inference scheduled__2024-01-01T00:00:00+00:00 [queued]>
[2026-06-20T15:46:03.793+0000] {taskinstance.py:2306} INFO - Starting attempt 1 of 2
[2026-06-20T15:46:03.864+0000] {taskinstance.py:2330} INFO - Executing <Task(BashOperator): inference.logreg_inference> on 2024-01-01 00:00:00+00:00
[2026-06-20T15:46:03.869+0000] {logging_mixin.py:188} WARNING - /home/***/.local/lib/python3.12/site-packages/***/task/task_runner/standard_task_runner.py:62 DeprecationWarning: This process (pid=23007) is multi-threaded, use of fork() may lead to deadlocks in the child.
[2026-06-20T15:46:03.869+0000] {standard_task_runner.py:64} INFO - Started process 23010 to run task
[2026-06-20T15:46:03.869+0000] {standard_task_runner.py:90} INFO - Running: ['***', 'tasks', 'run', 'credit_default_ml_pipeline', 'inference.logreg_inference', 'scheduled__2024-01-01T00:00:00+00:00', '--job-id', '2645', '--raw', '--subdir', 'DAGS_FOLDER/dag.py', '--cfg-path', '/tmp/tmpigabgxn_']
[2026-06-20T15:46:03.871+0000] {standard_task_runner.py:91} INFO - Job 2645: Subtask inference.logreg_inference
[2026-06-20T15:46:03.889+0000] {task_command.py:426} INFO - Running <TaskInstance: credit_default_ml_pipeline.inference.logreg_inference scheduled__2024-01-01T00:00:00+00:00 [running]> on host 9cf341f51c89
[2026-06-20T15:46:03.916+0000] {taskinstance.py:2648} INFO - Exporting env vars: AIRFLOW_CTX_DAG_OWNER='***' AIRFLOW_CTX_DAG_ID='credit_default_ml_pipeline' AIRFLOW_CTX_TASK_ID='inference.logreg_inference' AIRFLOW_CTX_EXECUTION_DATE='2024-01-01T00:00:00+00:00' AIRFLOW_CTX_TRY_NUMBER='1' AIRFLOW_CTX_DAG_RUN_ID='scheduled__2024-01-01T00:00:00+00:00'
[2026-06-20T15:46:03.917+0000] {taskinstance.py:430} INFO - ::endgroup::
[2026-06-20T15:46:03.922+0000] {subprocess.py:63} INFO - Tmp dir root location: /tmp
[2026-06-20T15:46:03.923+0000] {subprocess.py:75} INFO - Running command: ['/usr/bin/bash', '-c', 'cd /opt/***/scripts && if [ ! -f model_bank/champion.txt ]; then echo \'[SKIP] no champion.txt for 2024-01-01\'; exit 0; fi && python3 model_inference.py --snapshotdate "2024-01-01" --modelname "credit_logreg_2024_09_01.pkl"']
[2026-06-20T15:46:03.927+0000] {subprocess.py:86} INFO - Output:
[2026-06-20T15:46:03.929+0000] {subprocess.py:93} INFO - [SKIP] no champion.txt for 2024-01-01
[2026-06-20T15:46:03.929+0000] {subprocess.py:97} INFO - Command exited with return code 0
[2026-06-20T15:46:03.930+0000] {taskinstance.py:441} INFO - ::group::Post task execution logs
[2026-06-20T15:46:03.939+0000] {taskinstance.py:1206} INFO - Marking task as SUCCESS. dag_id=credit_default_ml_pipeline, task_id=inference.logreg_inference, run_id=scheduled__2024-01-01T00:00:00+00:00, execution_date=20240101T000000, start_date=20260620T154603, end_date=20260620T154603
[2026-06-20T15:46:03.969+0000] {local_task_job_runner.py:243} INFO - Task exited with return code 0
[2026-06-20T15:46:03.975+0000] {local_task_job_runner.py:222} INFO - ::endgroup::
[2026-06-20T17:40:51.066+0000] {local_task_job_runner.py:120} INFO - ::group::Pre task execution logs
[2026-06-20T17:40:51.079+0000] {taskinstance.py:2076} INFO - Dependencies all met for dep_context=non-requeueable deps ti=<TaskInstance: credit_default_ml_pipeline.inference.logreg_inference scheduled__2024-01-01T00:00:00+00:00 [queued]>
[2026-06-20T17:40:51.085+0000] {taskinstance.py:2076} INFO - Dependencies all met for dep_context=requeueable deps ti=<TaskInstance: credit_default_ml_pipeline.inference.logreg_inference scheduled__2024-01-01T00:00:00+00:00 [queued]>
[2026-06-20T17:40:51.085+0000] {taskinstance.py:2306} INFO - Starting attempt 1 of 2
[2026-06-20T17:40:51.170+0000] {taskinstance.py:2330} INFO - Executing <Task(BashOperator): inference.logreg_inference> on 2024-01-01 00:00:00+00:00
[2026-06-20T17:40:51.174+0000] {logging_mixin.py:188} WARNING - /home/***/.local/lib/python3.12/site-packages/***/task/task_runner/standard_task_runner.py:62 DeprecationWarning: This process (pid=41440) is multi-threaded, use of fork() may lead to deadlocks in the child.
[2026-06-20T17:40:51.174+0000] {standard_task_runner.py:90} INFO - Running: ['***', 'tasks', 'run', 'credit_default_ml_pipeline', 'inference.logreg_inference', 'scheduled__2024-01-01T00:00:00+00:00', '--job-id', '3224', '--raw', '--subdir', 'DAGS_FOLDER/dag.py', '--cfg-path', '/tmp/tmp8jnrvihq']
[2026-06-20T17:40:51.176+0000] {standard_task_runner.py:64} INFO - Started process 41444 to run task
[2026-06-20T17:40:51.176+0000] {standard_task_runner.py:91} INFO - Job 3224: Subtask inference.logreg_inference
[2026-06-20T17:40:51.200+0000] {task_command.py:426} INFO - Running <TaskInstance: credit_default_ml_pipeline.inference.logreg_inference scheduled__2024-01-01T00:00:00+00:00 [running]> on host 9cf341f51c89
[2026-06-20T17:40:51.230+0000] {taskinstance.py:2648} INFO - Exporting env vars: AIRFLOW_CTX_DAG_OWNER='***' AIRFLOW_CTX_DAG_ID='credit_default_ml_pipeline' AIRFLOW_CTX_TASK_ID='inference.logreg_inference' AIRFLOW_CTX_EXECUTION_DATE='2024-01-01T00:00:00+00:00' AIRFLOW_CTX_TRY_NUMBER='1' AIRFLOW_CTX_DAG_RUN_ID='scheduled__2024-01-01T00:00:00+00:00'
[2026-06-20T17:40:51.232+0000] {taskinstance.py:430} INFO - ::endgroup::
[2026-06-20T17:40:51.237+0000] {subprocess.py:63} INFO - Tmp dir root location: /tmp
[2026-06-20T17:40:51.237+0000] {subprocess.py:75} INFO - Running command: ['/usr/bin/bash', '-c', 'cd /opt/***/scripts && if [ ! -f model_bank/champion.txt ]; then echo \'[SKIP] no champion.txt for 2024-01-01\'; exit 0; fi && python3 model_inference.py --snapshotdate "2024-01-01" --modelname "credit_logreg_2024_09_01.pkl"']
[2026-06-20T17:40:51.243+0000] {subprocess.py:86} INFO - Output:
[2026-06-20T17:40:51.244+0000] {subprocess.py:93} INFO - [SKIP] no champion.txt for 2024-01-01
[2026-06-20T17:40:51.245+0000] {subprocess.py:97} INFO - Command exited with return code 0
[2026-06-20T17:40:51.245+0000] {taskinstance.py:441} INFO - ::group::Post task execution logs
[2026-06-20T17:40:51.256+0000] {taskinstance.py:1206} INFO - Marking task as SUCCESS. dag_id=credit_default_ml_pipeline, task_id=inference.logreg_inference, run_id=scheduled__2024-01-01T00:00:00+00:00, execution_date=20240101T000000, start_date=20260620T174051, end_date=20260620T174051
[2026-06-20T17:40:51.275+0000] {local_task_job_runner.py:243} INFO - Task exited with return code 0
[2026-06-20T17:40:51.282+0000] {local_task_job_runner.py:222} INFO - ::endgroup::
[2026-06-21T02:37:06.022+0000] {local_task_job_runner.py:120} INFO - ::group::Pre task execution logs
[2026-06-21T02:37:06.035+0000] {taskinstance.py:2076} INFO - Dependencies all met for dep_context=non-requeueable deps ti=<TaskInstance: credit_default_ml_pipeline.inference.logreg_inference scheduled__2024-01-01T00:00:00+00:00 [queued]>
[2026-06-21T02:37:06.039+0000] {taskinstance.py:2076} INFO - Dependencies all met for dep_context=requeueable deps ti=<TaskInstance: credit_default_ml_pipeline.inference.logreg_inference scheduled__2024-01-01T00:00:00+00:00 [queued]>
[2026-06-21T02:37:06.040+0000] {taskinstance.py:2306} INFO - Starting attempt 1 of 2
[2026-06-21T02:37:06.046+0000] {taskinstance.py:2330} INFO - Executing <Task(BashOperator): inference.logreg_inference> on 2024-01-01 00:00:00+00:00
[2026-06-21T02:37:06.049+0000] {logging_mixin.py:188} WARNING - /home/***/.local/lib/python3.12/site-packages/***/task/task_runner/standard_task_runner.py:62 DeprecationWarning: This process (pid=41289) is multi-threaded, use of fork() may lead to deadlocks in the child.
[2026-06-21T02:37:06.051+0000] {standard_task_runner.py:64} INFO - Started process 41292 to run task
[2026-06-21T02:37:06.050+0000] {standard_task_runner.py:90} INFO - Running: ['***', 'tasks', 'run', 'credit_default_ml_pipeline', 'inference.logreg_inference', 'scheduled__2024-01-01T00:00:00+00:00', '--job-id', '3689', '--raw', '--subdir', 'DAGS_FOLDER/dag.py', '--cfg-path', '/tmp/tmp6r8wphz_']
[2026-06-21T02:37:06.052+0000] {standard_task_runner.py:91} INFO - Job 3689: Subtask inference.logreg_inference
[2026-06-21T02:37:06.071+0000] {task_command.py:426} INFO - Running <TaskInstance: credit_default_ml_pipeline.inference.logreg_inference scheduled__2024-01-01T00:00:00+00:00 [running]> on host f6e9e2801916
[2026-06-21T02:37:06.188+0000] {taskinstance.py:2648} INFO - Exporting env vars: AIRFLOW_CTX_DAG_OWNER='***' AIRFLOW_CTX_DAG_ID='credit_default_ml_pipeline' AIRFLOW_CTX_TASK_ID='inference.logreg_inference' AIRFLOW_CTX_EXECUTION_DATE='2024-01-01T00:00:00+00:00' AIRFLOW_CTX_TRY_NUMBER='1' AIRFLOW_CTX_DAG_RUN_ID='scheduled__2024-01-01T00:00:00+00:00'
[2026-06-21T02:37:06.189+0000] {taskinstance.py:430} INFO - ::endgroup::
[2026-06-21T02:37:06.194+0000] {subprocess.py:63} INFO - Tmp dir root location: /tmp
[2026-06-21T02:37:06.194+0000] {subprocess.py:75} INFO - Running command: ['/usr/bin/bash', '-c', 'cd /opt/***/scripts && if [ ! -f model_bank/champion.txt ]; then   echo \'[SKIP] no champion.txt for 2024-01-01\'; exit 0; fi && APP_DATE=$(python3 app_date_helper.py \'2024-01-01\') && python3 model_inference.py --snapshotdate "$APP_DATE" --labeldate "2024-01-01" --modelname "credit_logreg_2024_09_01.pkl"']
[2026-06-21T02:37:06.199+0000] {subprocess.py:86} INFO - Output:
[2026-06-21T02:37:06.200+0000] {subprocess.py:93} INFO - [SKIP] no champion.txt for 2024-01-01
[2026-06-21T02:37:06.200+0000] {subprocess.py:97} INFO - Command exited with return code 0
[2026-06-21T02:37:06.201+0000] {taskinstance.py:441} INFO - ::group::Post task execution logs
[2026-06-21T02:37:06.211+0000] {taskinstance.py:1206} INFO - Marking task as SUCCESS. dag_id=credit_default_ml_pipeline, task_id=inference.logreg_inference, run_id=scheduled__2024-01-01T00:00:00+00:00, execution_date=20240101T000000, start_date=20260621T023706, end_date=20260621T023706
[2026-06-21T02:37:06.234+0000] {local_task_job_runner.py:243} INFO - Task exited with return code 0
[2026-06-21T02:37:06.242+0000] {local_task_job_runner.py:222} INFO - ::endgroup::
[2026-06-21T06:03:20.485+0000] {local_task_job_runner.py:120} INFO - ::group::Pre task execution logs
[2026-06-21T06:03:20.504+0000] {taskinstance.py:2076} INFO - Dependencies all met for dep_context=non-requeueable deps ti=<TaskInstance: credit_default_ml_pipeline.inference.logreg_inference scheduled__2024-01-01T00:00:00+00:00 [queued]>
[2026-06-21T06:03:20.512+0000] {taskinstance.py:2076} INFO - Dependencies all met for dep_context=requeueable deps ti=<TaskInstance: credit_default_ml_pipeline.inference.logreg_inference scheduled__2024-01-01T00:00:00+00:00 [queued]>
[2026-06-21T06:03:20.512+0000] {taskinstance.py:2306} INFO - Starting attempt 1 of 2
[2026-06-21T06:03:20.708+0000] {taskinstance.py:2330} INFO - Executing <Task(BashOperator): inference.logreg_inference> on 2024-01-01 00:00:00+00:00
[2026-06-21T06:03:20.714+0000] {logging_mixin.py:188} WARNING - /home/***/.local/lib/python3.12/site-packages/***/task/task_runner/standard_task_runner.py:62 DeprecationWarning: This process (pid=42212) is multi-threaded, use of fork() may lead to deadlocks in the child.
[2026-06-21T06:03:20.715+0000] {standard_task_runner.py:64} INFO - Started process 42218 to run task
[2026-06-21T06:03:20.714+0000] {standard_task_runner.py:90} INFO - Running: ['***', 'tasks', 'run', 'credit_default_ml_pipeline', 'inference.logreg_inference', 'scheduled__2024-01-01T00:00:00+00:00', '--job-id', '4151', '--raw', '--subdir', 'DAGS_FOLDER/dag.py', '--cfg-path', '/tmp/tmpht13w2e2']
[2026-06-21T06:03:20.716+0000] {standard_task_runner.py:91} INFO - Job 4151: Subtask inference.logreg_inference
[2026-06-21T06:03:20.744+0000] {task_command.py:426} INFO - Running <TaskInstance: credit_default_ml_pipeline.inference.logreg_inference scheduled__2024-01-01T00:00:00+00:00 [running]> on host 9377a3f0491f
[2026-06-21T06:03:20.788+0000] {taskinstance.py:2648} INFO - Exporting env vars: AIRFLOW_CTX_DAG_OWNER='***' AIRFLOW_CTX_DAG_ID='credit_default_ml_pipeline' AIRFLOW_CTX_TASK_ID='inference.logreg_inference' AIRFLOW_CTX_EXECUTION_DATE='2024-01-01T00:00:00+00:00' AIRFLOW_CTX_TRY_NUMBER='1' AIRFLOW_CTX_DAG_RUN_ID='scheduled__2024-01-01T00:00:00+00:00'
[2026-06-21T06:03:20.790+0000] {taskinstance.py:430} INFO - ::endgroup::
[2026-06-21T06:03:20.797+0000] {subprocess.py:63} INFO - Tmp dir root location: /tmp
[2026-06-21T06:03:20.798+0000] {subprocess.py:75} INFO - Running command: ['/usr/bin/bash', '-c', 'cd /opt/***/scripts && if [ ! -f model_bank/champion.txt ]; then   echo \'[SKIP] no champion.txt for 2024-01-01\'; exit 0; fi && APP_DATE=$(python3 app_date_helper.py \'2024-01-01\') && python3 model_inference.py --snapshotdate "$APP_DATE" --labeldate "2024-01-01" --modelname "credit_logreg_2024_09_01.pkl"']
[2026-06-21T06:03:20.803+0000] {subprocess.py:86} INFO - Output:
[2026-06-21T06:03:20.805+0000] {subprocess.py:93} INFO - [SKIP] no champion.txt for 2024-01-01
[2026-06-21T06:03:20.805+0000] {subprocess.py:97} INFO - Command exited with return code 0
[2026-06-21T06:03:20.806+0000] {taskinstance.py:441} INFO - ::group::Post task execution logs
[2026-06-21T06:03:20.820+0000] {taskinstance.py:1206} INFO - Marking task as SUCCESS. dag_id=credit_default_ml_pipeline, task_id=inference.logreg_inference, run_id=scheduled__2024-01-01T00:00:00+00:00, execution_date=20240101T000000, start_date=20260621T060320, end_date=20260621T060320
[2026-06-21T06:03:20.858+0000] {local_task_job_runner.py:243} INFO - Task exited with return code 0
[2026-06-21T06:03:20.873+0000] {taskinstance.py:3503} INFO - 0 downstream tasks scheduled from follow-on schedule check
[2026-06-21T06:03:20.875+0000] {local_task_job_runner.py:222} INFO - ::endgroup::
