[2026-06-20T08:20:09.794+0000] {local_task_job_runner.py:120} INFO - ::group::Pre task execution logs
[2026-06-20T08:20:09.818+0000] {taskinstance.py:2076} INFO - Dependencies all met for dep_context=non-requeueable deps ti=<TaskInstance: credit_default_ml_pipeline.monitoring.check_drift_alert scheduled__2024-11-01T00:00:00+00:00 [queued]>
[2026-06-20T08:20:09.825+0000] {taskinstance.py:2076} INFO - Dependencies all met for dep_context=requeueable deps ti=<TaskInstance: credit_default_ml_pipeline.monitoring.check_drift_alert scheduled__2024-11-01T00:00:00+00:00 [queued]>
[2026-06-20T08:20:09.826+0000] {taskinstance.py:2306} INFO - Starting attempt 1 of 2
[2026-06-20T08:20:09.923+0000] {taskinstance.py:2330} INFO - Executing <Task(ShortCircuitOperator): monitoring.check_drift_alert> on 2024-11-01 00:00:00+00:00
[2026-06-20T08:20:09.928+0000] {logging_mixin.py:188} WARNING - /home/***/.local/lib/python3.12/site-packages/***/task/task_runner/standard_task_runner.py:62 DeprecationWarning: This process (pid=72508) is multi-threaded, use of fork() may lead to deadlocks in the child.
[2026-06-20T08:20:09.928+0000] {standard_task_runner.py:90} INFO - Running: ['***', 'tasks', 'run', 'credit_default_ml_pipeline', 'monitoring.check_drift_alert', 'scheduled__2024-11-01T00:00:00+00:00', '--job-id', '2380', '--raw', '--subdir', 'DAGS_FOLDER/dag.py', '--cfg-path', '/tmp/tmpgezptaxp']
[2026-06-20T08:20:09.930+0000] {standard_task_runner.py:64} INFO - Started process 72510 to run task
[2026-06-20T08:20:09.930+0000] {standard_task_runner.py:91} INFO - Job 2380: Subtask monitoring.check_drift_alert
[2026-06-20T08:20:09.958+0000] {task_command.py:426} INFO - Running <TaskInstance: credit_default_ml_pipeline.monitoring.check_drift_alert scheduled__2024-11-01T00:00:00+00:00 [running]> on host 9cf341f51c89
[2026-06-20T08:20:10.001+0000] {taskinstance.py:2648} INFO - Exporting env vars: AIRFLOW_CTX_DAG_OWNER='***' AIRFLOW_CTX_DAG_ID='credit_default_ml_pipeline' AIRFLOW_CTX_TASK_ID='monitoring.check_drift_alert' AIRFLOW_CTX_EXECUTION_DATE='2024-11-01T00:00:00+00:00' AIRFLOW_CTX_TRY_NUMBER='1' AIRFLOW_CTX_DAG_RUN_ID='scheduled__2024-11-01T00:00:00+00:00'
[2026-06-20T08:20:10.002+0000] {taskinstance.py:430} INFO - ::endgroup::
[2026-06-20T08:20:10.010+0000] {baseoperator.py:400} WARNING - ShortCircuitOperator.execute cannot be called outside TaskInstance!
[2026-06-20T08:20:10.038+0000] {logging_mixin.py:188} INFO - [ALERT] drift breach confirmed — PSI=1.2987 CSI_max=0.0748 — notifying data science team
[2026-06-20T08:20:10.038+0000] {python.py:237} INFO - Done. Returned value was: True
[2026-06-20T08:20:10.040+0000] {python.py:304} INFO - Condition result is True
[2026-06-20T08:20:10.040+0000] {python.py:307} INFO - Proceeding with downstream tasks...
[2026-06-20T08:20:10.041+0000] {taskinstance.py:441} INFO - ::group::Post task execution logs
[2026-06-20T08:20:10.052+0000] {taskinstance.py:1206} INFO - Marking task as SUCCESS. dag_id=credit_default_ml_pipeline, task_id=monitoring.check_drift_alert, run_id=scheduled__2024-11-01T00:00:00+00:00, execution_date=20241101T000000, start_date=20260620T082009, end_date=20260620T082010
[2026-06-20T08:20:10.072+0000] {local_task_job_runner.py:243} INFO - Task exited with return code 0
[2026-06-20T08:20:10.086+0000] {taskinstance.py:3503} INFO - 1 downstream tasks scheduled from follow-on schedule check
[2026-06-20T08:20:10.087+0000] {local_task_job_runner.py:222} INFO - ::endgroup::
[2026-06-20T16:18:28.934+0000] {local_task_job_runner.py:120} INFO - ::group::Pre task execution logs
[2026-06-20T16:18:28.945+0000] {taskinstance.py:2076} INFO - Dependencies all met for dep_context=non-requeueable deps ti=<TaskInstance: credit_default_ml_pipeline.monitoring.check_drift_alert scheduled__2024-11-01T00:00:00+00:00 [queued]>
[2026-06-20T16:18:28.949+0000] {taskinstance.py:2076} INFO - Dependencies all met for dep_context=requeueable deps ti=<TaskInstance: credit_default_ml_pipeline.monitoring.check_drift_alert scheduled__2024-11-01T00:00:00+00:00 [queued]>
[2026-06-20T16:18:28.949+0000] {taskinstance.py:2306} INFO - Starting attempt 1 of 2
[2026-06-20T16:18:29.009+0000] {taskinstance.py:2330} INFO - Executing <Task(ShortCircuitOperator): monitoring.check_drift_alert> on 2024-11-01 00:00:00+00:00
[2026-06-20T16:18:29.012+0000] {logging_mixin.py:188} WARNING - /home/***/.local/lib/python3.12/site-packages/***/task/task_runner/standard_task_runner.py:62 DeprecationWarning: This process (pid=56318) is multi-threaded, use of fork() may lead to deadlocks in the child.
[2026-06-20T16:18:29.013+0000] {standard_task_runner.py:64} INFO - Started process 56320 to run task
[2026-06-20T16:18:29.013+0000] {standard_task_runner.py:90} INFO - Running: ['***', 'tasks', 'run', 'credit_default_ml_pipeline', 'monitoring.check_drift_alert', 'scheduled__2024-11-01T00:00:00+00:00', '--job-id', '2847', '--raw', '--subdir', 'DAGS_FOLDER/dag.py', '--cfg-path', '/tmp/tmpwggw3nn4']
[2026-06-20T16:18:29.014+0000] {standard_task_runner.py:91} INFO - Job 2847: Subtask monitoring.check_drift_alert
[2026-06-20T16:18:29.030+0000] {task_command.py:426} INFO - Running <TaskInstance: credit_default_ml_pipeline.monitoring.check_drift_alert scheduled__2024-11-01T00:00:00+00:00 [running]> on host 9cf341f51c89
[2026-06-20T16:18:29.054+0000] {taskinstance.py:2648} INFO - Exporting env vars: AIRFLOW_CTX_DAG_OWNER='***' AIRFLOW_CTX_DAG_ID='credit_default_ml_pipeline' AIRFLOW_CTX_TASK_ID='monitoring.check_drift_alert' AIRFLOW_CTX_EXECUTION_DATE='2024-11-01T00:00:00+00:00' AIRFLOW_CTX_TRY_NUMBER='1' AIRFLOW_CTX_DAG_RUN_ID='scheduled__2024-11-01T00:00:00+00:00'
[2026-06-20T16:18:29.055+0000] {taskinstance.py:430} INFO - ::endgroup::
[2026-06-20T16:18:29.059+0000] {baseoperator.py:400} WARNING - ShortCircuitOperator.execute cannot be called outside TaskInstance!
[2026-06-20T16:18:29.060+0000] {python.py:237} INFO - Done. Returned value was: False
[2026-06-20T16:18:29.060+0000] {python.py:304} INFO - Condition result is False
[2026-06-20T16:18:29.060+0000] {python.py:331} INFO - Skipping downstream tasks
[2026-06-20T16:18:29.067+0000] {python.py:339} INFO - Done.
[2026-06-20T16:18:29.067+0000] {taskinstance.py:441} INFO - ::group::Post task execution logs
[2026-06-20T16:18:29.072+0000] {taskinstance.py:1206} INFO - Marking task as SUCCESS. dag_id=credit_default_ml_pipeline, task_id=monitoring.check_drift_alert, run_id=scheduled__2024-11-01T00:00:00+00:00, execution_date=20241101T000000, start_date=20260620T161828, end_date=20260620T161829
[2026-06-20T16:18:29.116+0000] {local_task_job_runner.py:243} INFO - Task exited with return code 0
[2026-06-20T16:18:29.124+0000] {taskinstance.py:3503} INFO - 0 downstream tasks scheduled from follow-on schedule check
[2026-06-20T16:18:29.125+0000] {local_task_job_runner.py:222} INFO - ::endgroup::
[2026-06-20T18:13:14.128+0000] {local_task_job_runner.py:120} INFO - ::group::Pre task execution logs
[2026-06-20T18:13:14.147+0000] {taskinstance.py:2076} INFO - Dependencies all met for dep_context=non-requeueable deps ti=<TaskInstance: credit_default_ml_pipeline.monitoring.check_drift_alert scheduled__2024-11-01T00:00:00+00:00 [queued]>
[2026-06-20T18:13:14.152+0000] {taskinstance.py:2076} INFO - Dependencies all met for dep_context=requeueable deps ti=<TaskInstance: credit_default_ml_pipeline.monitoring.check_drift_alert scheduled__2024-11-01T00:00:00+00:00 [queued]>
[2026-06-20T18:13:14.153+0000] {taskinstance.py:2306} INFO - Starting attempt 1 of 2
[2026-06-20T18:13:14.249+0000] {taskinstance.py:2330} INFO - Executing <Task(ShortCircuitOperator): monitoring.check_drift_alert> on 2024-11-01 00:00:00+00:00
[2026-06-20T18:13:14.254+0000] {logging_mixin.py:188} WARNING - /home/***/.local/lib/python3.12/site-packages/***/task/task_runner/standard_task_runner.py:62 DeprecationWarning: This process (pid=76237) is multi-threaded, use of fork() may lead to deadlocks in the child.
[2026-06-20T18:13:14.255+0000] {standard_task_runner.py:64} INFO - Started process 76239 to run task
[2026-06-20T18:13:14.254+0000] {standard_task_runner.py:90} INFO - Running: ['***', 'tasks', 'run', 'credit_default_ml_pipeline', 'monitoring.check_drift_alert', 'scheduled__2024-11-01T00:00:00+00:00', '--job-id', '3422', '--raw', '--subdir', 'DAGS_FOLDER/dag.py', '--cfg-path', '/tmp/tmpgjbda6z2']
[2026-06-20T18:13:14.257+0000] {standard_task_runner.py:91} INFO - Job 3422: Subtask monitoring.check_drift_alert
[2026-06-20T18:13:14.284+0000] {task_command.py:426} INFO - Running <TaskInstance: credit_default_ml_pipeline.monitoring.check_drift_alert scheduled__2024-11-01T00:00:00+00:00 [running]> on host 9cf341f51c89
[2026-06-20T18:13:14.326+0000] {taskinstance.py:2648} INFO - Exporting env vars: AIRFLOW_CTX_DAG_OWNER='***' AIRFLOW_CTX_DAG_ID='credit_default_ml_pipeline' AIRFLOW_CTX_TASK_ID='monitoring.check_drift_alert' AIRFLOW_CTX_EXECUTION_DATE='2024-11-01T00:00:00+00:00' AIRFLOW_CTX_TRY_NUMBER='1' AIRFLOW_CTX_DAG_RUN_ID='scheduled__2024-11-01T00:00:00+00:00'
[2026-06-20T18:13:14.327+0000] {taskinstance.py:430} INFO - ::endgroup::
[2026-06-20T18:13:14.334+0000] {baseoperator.py:400} WARNING - ShortCircuitOperator.execute cannot be called outside TaskInstance!
[2026-06-20T18:13:14.359+0000] {logging_mixin.py:188} INFO - [ALERT] drift breach confirmed — PSI=0.7267 CSI_max=0.0800 — notifying data science team
[2026-06-20T18:13:14.361+0000] {python.py:237} INFO - Done. Returned value was: True
[2026-06-20T18:13:14.362+0000] {python.py:304} INFO - Condition result is True
[2026-06-20T18:13:14.362+0000] {python.py:307} INFO - Proceeding with downstream tasks...
[2026-06-20T18:13:14.362+0000] {taskinstance.py:441} INFO - ::group::Post task execution logs
[2026-06-20T18:13:14.374+0000] {taskinstance.py:1206} INFO - Marking task as SUCCESS. dag_id=credit_default_ml_pipeline, task_id=monitoring.check_drift_alert, run_id=scheduled__2024-11-01T00:00:00+00:00, execution_date=20241101T000000, start_date=20260620T181314, end_date=20260620T181314
[2026-06-20T18:13:14.400+0000] {local_task_job_runner.py:243} INFO - Task exited with return code 0
[2026-06-20T18:13:14.415+0000] {taskinstance.py:3503} INFO - 1 downstream tasks scheduled from follow-on schedule check
[2026-06-20T18:13:14.416+0000] {local_task_job_runner.py:222} INFO - ::endgroup::
[2026-06-21T03:06:53.666+0000] {local_task_job_runner.py:120} INFO - ::group::Pre task execution logs
[2026-06-21T03:06:53.681+0000] {taskinstance.py:2076} INFO - Dependencies all met for dep_context=non-requeueable deps ti=<TaskInstance: credit_default_ml_pipeline.monitoring.check_drift_alert scheduled__2024-11-01T00:00:00+00:00 [queued]>
[2026-06-21T03:06:53.685+0000] {taskinstance.py:2076} INFO - Dependencies all met for dep_context=requeueable deps ti=<TaskInstance: credit_default_ml_pipeline.monitoring.check_drift_alert scheduled__2024-11-01T00:00:00+00:00 [queued]>
[2026-06-21T03:06:53.685+0000] {taskinstance.py:2306} INFO - Starting attempt 1 of 2
[2026-06-21T03:06:53.691+0000] {taskinstance.py:2330} INFO - Executing <Task(ShortCircuitOperator): monitoring.check_drift_alert> on 2024-11-01 00:00:00+00:00
[2026-06-21T03:06:53.696+0000] {logging_mixin.py:188} WARNING - /home/***/.local/lib/python3.12/site-packages/***/task/task_runner/standard_task_runner.py:62 DeprecationWarning: This process (pid=74530) is multi-threaded, use of fork() may lead to deadlocks in the child.
[2026-06-21T03:06:53.697+0000] {standard_task_runner.py:64} INFO - Started process 74532 to run task
[2026-06-21T03:06:53.696+0000] {standard_task_runner.py:90} INFO - Running: ['***', 'tasks', 'run', 'credit_default_ml_pipeline', 'monitoring.check_drift_alert', 'scheduled__2024-11-01T00:00:00+00:00', '--job-id', '3887', '--raw', '--subdir', 'DAGS_FOLDER/dag.py', '--cfg-path', '/tmp/tmp_5cu3sxd']
[2026-06-21T03:06:53.698+0000] {standard_task_runner.py:91} INFO - Job 3887: Subtask monitoring.check_drift_alert
[2026-06-21T03:06:53.716+0000] {task_command.py:426} INFO - Running <TaskInstance: credit_default_ml_pipeline.monitoring.check_drift_alert scheduled__2024-11-01T00:00:00+00:00 [running]> on host f6e9e2801916
[2026-06-21T03:06:53.826+0000] {taskinstance.py:2648} INFO - Exporting env vars: AIRFLOW_CTX_DAG_OWNER='***' AIRFLOW_CTX_DAG_ID='credit_default_ml_pipeline' AIRFLOW_CTX_TASK_ID='monitoring.check_drift_alert' AIRFLOW_CTX_EXECUTION_DATE='2024-11-01T00:00:00+00:00' AIRFLOW_CTX_TRY_NUMBER='1' AIRFLOW_CTX_DAG_RUN_ID='scheduled__2024-11-01T00:00:00+00:00'
[2026-06-21T03:06:53.829+0000] {taskinstance.py:430} INFO - ::endgroup::
[2026-06-21T03:06:53.833+0000] {baseoperator.py:400} WARNING - ShortCircuitOperator.execute cannot be called outside TaskInstance!
[2026-06-21T03:06:53.849+0000] {python.py:237} INFO - Done. Returned value was: False
[2026-06-21T03:06:53.850+0000] {python.py:304} INFO - Condition result is False
[2026-06-21T03:06:53.850+0000] {python.py:331} INFO - Skipping downstream tasks
[2026-06-21T03:06:53.859+0000] {python.py:339} INFO - Done.
[2026-06-21T03:06:53.859+0000] {taskinstance.py:441} INFO - ::group::Post task execution logs
[2026-06-21T03:06:53.864+0000] {taskinstance.py:1206} INFO - Marking task as SUCCESS. dag_id=credit_default_ml_pipeline, task_id=monitoring.check_drift_alert, run_id=scheduled__2024-11-01T00:00:00+00:00, execution_date=20241101T000000, start_date=20260621T030653, end_date=20260621T030653
[2026-06-21T03:06:53.878+0000] {local_task_job_runner.py:243} INFO - Task exited with return code 0
[2026-06-21T03:06:53.884+0000] {taskinstance.py:3503} INFO - 0 downstream tasks scheduled from follow-on schedule check
[2026-06-21T03:06:53.885+0000] {local_task_job_runner.py:222} INFO - ::endgroup::
[2026-06-21T06:34:32.960+0000] {local_task_job_runner.py:120} INFO - ::group::Pre task execution logs
[2026-06-21T06:34:32.979+0000] {taskinstance.py:2076} INFO - Dependencies all met for dep_context=non-requeueable deps ti=<TaskInstance: credit_default_ml_pipeline.monitoring.check_drift_alert scheduled__2024-11-01T00:00:00+00:00 [queued]>
[2026-06-21T06:34:32.985+0000] {taskinstance.py:2076} INFO - Dependencies all met for dep_context=requeueable deps ti=<TaskInstance: credit_default_ml_pipeline.monitoring.check_drift_alert scheduled__2024-11-01T00:00:00+00:00 [queued]>
[2026-06-21T06:34:32.986+0000] {taskinstance.py:2306} INFO - Starting attempt 1 of 2
[2026-06-21T06:34:33.086+0000] {taskinstance.py:2330} INFO - Executing <Task(ShortCircuitOperator): monitoring.check_drift_alert> on 2024-11-01 00:00:00+00:00
[2026-06-21T06:34:33.092+0000] {logging_mixin.py:188} WARNING - /home/***/.local/lib/python3.12/site-packages/***/task/task_runner/standard_task_runner.py:62 DeprecationWarning: This process (pid=76864) is multi-threaded, use of fork() may lead to deadlocks in the child.
[2026-06-21T06:34:33.093+0000] {standard_task_runner.py:64} INFO - Started process 76866 to run task
[2026-06-21T06:34:33.093+0000] {standard_task_runner.py:90} INFO - Running: ['***', 'tasks', 'run', 'credit_default_ml_pipeline', 'monitoring.check_drift_alert', 'scheduled__2024-11-01T00:00:00+00:00', '--job-id', '4348', '--raw', '--subdir', 'DAGS_FOLDER/dag.py', '--cfg-path', '/tmp/tmpa5ro4pdc']
[2026-06-21T06:34:33.095+0000] {standard_task_runner.py:91} INFO - Job 4348: Subtask monitoring.check_drift_alert
[2026-06-21T06:34:33.124+0000] {task_command.py:426} INFO - Running <TaskInstance: credit_default_ml_pipeline.monitoring.check_drift_alert scheduled__2024-11-01T00:00:00+00:00 [running]> on host 9377a3f0491f
[2026-06-21T06:34:33.169+0000] {taskinstance.py:2648} INFO - Exporting env vars: AIRFLOW_CTX_DAG_OWNER='***' AIRFLOW_CTX_DAG_ID='credit_default_ml_pipeline' AIRFLOW_CTX_TASK_ID='monitoring.check_drift_alert' AIRFLOW_CTX_EXECUTION_DATE='2024-11-01T00:00:00+00:00' AIRFLOW_CTX_TRY_NUMBER='1' AIRFLOW_CTX_DAG_RUN_ID='scheduled__2024-11-01T00:00:00+00:00'
[2026-06-21T06:34:33.171+0000] {taskinstance.py:430} INFO - ::endgroup::
[2026-06-21T06:34:33.179+0000] {baseoperator.py:400} WARNING - ShortCircuitOperator.execute cannot be called outside TaskInstance!
[2026-06-21T06:34:33.207+0000] {python.py:237} INFO - Done. Returned value was: False
[2026-06-21T06:34:33.208+0000] {python.py:304} INFO - Condition result is False
[2026-06-21T06:34:33.208+0000] {python.py:331} INFO - Skipping downstream tasks
[2026-06-21T06:34:33.220+0000] {python.py:339} INFO - Done.
[2026-06-21T06:34:33.221+0000] {taskinstance.py:441} INFO - ::group::Post task execution logs
[2026-06-21T06:34:33.230+0000] {taskinstance.py:1206} INFO - Marking task as SUCCESS. dag_id=credit_default_ml_pipeline, task_id=monitoring.check_drift_alert, run_id=scheduled__2024-11-01T00:00:00+00:00, execution_date=20241101T000000, start_date=20260621T063432, end_date=20260621T063433
[2026-06-21T06:34:33.277+0000] {local_task_job_runner.py:243} INFO - Task exited with return code 0
[2026-06-21T06:34:33.287+0000] {taskinstance.py:3503} INFO - 0 downstream tasks scheduled from follow-on schedule check
[2026-06-21T06:34:33.288+0000] {local_task_job_runner.py:222} INFO - ::endgroup::
[2026-06-25T18:30:47.345+0000] {local_task_job_runner.py:120} INFO - ::group::Pre task execution logs
[2026-06-25T18:30:47.372+0000] {taskinstance.py:2076} INFO - Dependencies all met for dep_context=non-requeueable deps ti=<TaskInstance: credit_default_ml_pipeline.monitoring.check_drift_alert scheduled__2024-11-01T00:00:00+00:00 [queued]>
[2026-06-25T18:30:47.380+0000] {taskinstance.py:2076} INFO - Dependencies all met for dep_context=requeueable deps ti=<TaskInstance: credit_default_ml_pipeline.monitoring.check_drift_alert scheduled__2024-11-01T00:00:00+00:00 [queued]>
[2026-06-25T18:30:47.381+0000] {taskinstance.py:2306} INFO - Starting attempt 1 of 2
[2026-06-25T18:30:47.389+0000] {taskinstance.py:2330} INFO - Executing <Task(ShortCircuitOperator): monitoring.check_drift_alert> on 2024-11-01 00:00:00+00:00
[2026-06-25T18:30:47.396+0000] {logging_mixin.py:188} WARNING - /home/***/.local/lib/python3.12/site-packages/***/task/task_runner/standard_task_runner.py:62 DeprecationWarning: This process (pid=75748) is multi-threaded, use of fork() may lead to deadlocks in the child.
[2026-06-25T18:30:47.397+0000] {standard_task_runner.py:64} INFO - Started process 75750 to run task
[2026-06-25T18:30:47.396+0000] {standard_task_runner.py:90} INFO - Running: ['***', 'tasks', 'run', 'credit_default_ml_pipeline', 'monitoring.check_drift_alert', 'scheduled__2024-11-01T00:00:00+00:00', '--job-id', '4810', '--raw', '--subdir', 'DAGS_FOLDER/dag.py', '--cfg-path', '/tmp/tmpn1fkw02m']
[2026-06-25T18:30:47.399+0000] {standard_task_runner.py:91} INFO - Job 4810: Subtask monitoring.check_drift_alert
[2026-06-25T18:30:47.439+0000] {task_command.py:426} INFO - Running <TaskInstance: credit_default_ml_pipeline.monitoring.check_drift_alert scheduled__2024-11-01T00:00:00+00:00 [running]> on host b54b2be331ab
[2026-06-25T18:30:47.654+0000] {taskinstance.py:2648} INFO - Exporting env vars: AIRFLOW_CTX_DAG_OWNER='***' AIRFLOW_CTX_DAG_ID='credit_default_ml_pipeline' AIRFLOW_CTX_TASK_ID='monitoring.check_drift_alert' AIRFLOW_CTX_EXECUTION_DATE='2024-11-01T00:00:00+00:00' AIRFLOW_CTX_TRY_NUMBER='1' AIRFLOW_CTX_DAG_RUN_ID='scheduled__2024-11-01T00:00:00+00:00'
[2026-06-25T18:30:47.656+0000] {taskinstance.py:430} INFO - ::endgroup::
[2026-06-25T18:30:47.664+0000] {baseoperator.py:400} WARNING - ShortCircuitOperator.execute cannot be called outside TaskInstance!
[2026-06-25T18:30:47.697+0000] {python.py:237} INFO - Done. Returned value was: False
[2026-06-25T18:30:47.698+0000] {python.py:304} INFO - Condition result is False
[2026-06-25T18:30:47.699+0000] {python.py:331} INFO - Skipping downstream tasks
[2026-06-25T18:30:47.716+0000] {python.py:339} INFO - Done.
[2026-06-25T18:30:47.718+0000] {taskinstance.py:441} INFO - ::group::Post task execution logs
[2026-06-25T18:30:47.733+0000] {taskinstance.py:1206} INFO - Marking task as SUCCESS. dag_id=credit_default_ml_pipeline, task_id=monitoring.check_drift_alert, run_id=scheduled__2024-11-01T00:00:00+00:00, execution_date=20241101T000000, start_date=20260625T183047, end_date=20260625T183047
[2026-06-25T18:30:47.748+0000] {local_task_job_runner.py:243} INFO - Task exited with return code 0
[2026-06-25T18:30:47.762+0000] {taskinstance.py:3503} INFO - 0 downstream tasks scheduled from follow-on schedule check
[2026-06-25T18:30:47.764+0000] {local_task_job_runner.py:222} INFO - ::endgroup::
