[2026-06-16T14:39:09.176+0000] {local_task_job_runner.py:120} INFO - ::group::Pre task execution logs
[2026-06-16T14:39:09.207+0000] {taskinstance.py:2076} INFO - Dependencies all met for dep_context=non-requeueable deps ti=<TaskInstance: credit_default_ml_pipeline.feature_pipeline.feature_silver_clickstream scheduled__2023-02-01T00:00:00+00:00 [queued]>
[2026-06-16T14:39:09.214+0000] {taskinstance.py:2076} INFO - Dependencies all met for dep_context=requeueable deps ti=<TaskInstance: credit_default_ml_pipeline.feature_pipeline.feature_silver_clickstream scheduled__2023-02-01T00:00:00+00:00 [queued]>
[2026-06-16T14:39:09.215+0000] {taskinstance.py:2306} INFO - Starting attempt 1 of 2
[2026-06-16T14:39:09.225+0000] {taskinstance.py:2330} INFO - Executing <Task(BashOperator): feature_pipeline.feature_silver_clickstream> on 2023-02-01 00:00:00+00:00
[2026-06-16T14:39:09.233+0000] {logging_mixin.py:188} WARNING - /home/***/.local/lib/python3.12/site-packages/***/task/task_runner/standard_task_runner.py:62 DeprecationWarning: This process (pid=21002) is multi-threaded, use of fork() may lead to deadlocks in the child.
[2026-06-16T14:39:09.237+0000] {standard_task_runner.py:64} INFO - Started process 21008 to run task
[2026-06-16T14:39:09.234+0000] {standard_task_runner.py:90} INFO - Running: ['***', 'tasks', 'run', 'credit_default_ml_pipeline', 'feature_pipeline.feature_silver_clickstream', 'scheduled__2023-02-01T00:00:00+00:00', '--job-id', '98', '--raw', '--subdir', 'DAGS_FOLDER/dag.py', '--cfg-path', '/tmp/tmpm_bj5lwm']
[2026-06-16T14:39:09.241+0000] {standard_task_runner.py:91} INFO - Job 98: Subtask feature_pipeline.feature_silver_clickstream
[2026-06-16T14:39:09.272+0000] {task_command.py:426} INFO - Running <TaskInstance: credit_default_ml_pipeline.feature_pipeline.feature_silver_clickstream scheduled__2023-02-01T00:00:00+00:00 [running]> on host 1cab6e97738a
[2026-06-16T14:39:09.310+0000] {taskinstance.py:2648} INFO - Exporting env vars: AIRFLOW_CTX_DAG_OWNER='***' AIRFLOW_CTX_DAG_ID='credit_default_ml_pipeline' AIRFLOW_CTX_TASK_ID='feature_pipeline.feature_silver_clickstream' AIRFLOW_CTX_EXECUTION_DATE='2023-02-01T00:00:00+00:00' AIRFLOW_CTX_TRY_NUMBER='1' AIRFLOW_CTX_DAG_RUN_ID='scheduled__2023-02-01T00:00:00+00:00'
[2026-06-16T14:39:09.312+0000] {taskinstance.py:430} INFO - ::endgroup::
[2026-06-16T14:39:09.319+0000] {subprocess.py:63} INFO - Tmp dir root location: /tmp
[2026-06-16T14:39:09.320+0000] {subprocess.py:75} INFO - Running command: ['/usr/bin/bash', '-c', 'cd /opt/***/scripts && python3 silver_processing.py --snapshotdate "2023-02-01" --source clickstream']
[2026-06-16T14:39:09.326+0000] {subprocess.py:86} INFO - Output:
[2026-06-16T14:39:11.011+0000] {subprocess.py:93} INFO - Setting default log level to "WARN".
[2026-06-16T14:39:11.014+0000] {subprocess.py:93} INFO - To adjust logging level use sc.setLogLevel(newLevel). For SparkR, use setLogLevel(newLevel).
[2026-06-16T14:39:11.164+0000] {subprocess.py:93} INFO - 26/06/16 14:39:11 WARN NativeCodeLoader: Unable to load native-hadoop library for your platform... using builtin-java classes where applicable
[2026-06-16T14:39:18.730+0000] {subprocess.py:93} INFO - [Stage 5:>                                                          (0 + 1) / 1]
[2026-06-16T14:39:18.731+0000] {subprocess.py:93} INFO - --- silver clickstream 2023-02-01 ---
[2026-06-16T14:39:18.732+0000] {subprocess.py:93} INFO - 
[2026-06-16T14:39:18.732+0000] {subprocess.py:93} INFO - [silver:clickstream] loaded datamart/bronze/clickstream/bronze_clickstream_2023_02_01.csv rows: 8974
[2026-06-16T14:39:18.733+0000] {subprocess.py:93} INFO - [silver:clickstream] saved to: datamart/silver/clickstream/2023_02_01.parquet
[2026-06-16T14:39:18.734+0000] {subprocess.py:93} INFO - 
[2026-06-16T14:39:18.734+0000] {subprocess.py:93} INFO - --- done ---
[2026-06-16T14:39:18.735+0000] {subprocess.py:93} INFO - 
[2026-06-16T14:39:19.135+0000] {subprocess.py:97} INFO - Command exited with return code 0
[2026-06-16T14:39:19.136+0000] {taskinstance.py:441} INFO - ::group::Post task execution logs
[2026-06-16T14:39:19.145+0000] {taskinstance.py:1206} INFO - Marking task as SUCCESS. dag_id=credit_default_ml_pipeline, task_id=feature_pipeline.feature_silver_clickstream, run_id=scheduled__2023-02-01T00:00:00+00:00, execution_date=20230201T000000, start_date=20260616T143909, end_date=20260616T143919
[2026-06-16T14:39:19.185+0000] {local_task_job_runner.py:243} INFO - Task exited with return code 0
[2026-06-16T14:39:19.196+0000] {taskinstance.py:3503} INFO - 0 downstream tasks scheduled from follow-on schedule check
[2026-06-16T14:39:19.197+0000] {local_task_job_runner.py:222} INFO - ::endgroup::
[2026-06-20T05:20:37.115+0000] {local_task_job_runner.py:120} INFO - ::group::Pre task execution logs
[2026-06-20T05:20:37.131+0000] {taskinstance.py:2076} INFO - Dependencies all met for dep_context=non-requeueable deps ti=<TaskInstance: credit_default_ml_pipeline.feature_pipeline.feature_silver_clickstream scheduled__2023-02-01T00:00:00+00:00 [queued]>
[2026-06-20T05:20:37.135+0000] {taskinstance.py:2076} INFO - Dependencies all met for dep_context=requeueable deps ti=<TaskInstance: credit_default_ml_pipeline.feature_pipeline.feature_silver_clickstream scheduled__2023-02-01T00:00:00+00:00 [queued]>
[2026-06-20T05:20:37.135+0000] {taskinstance.py:2306} INFO - Starting attempt 1 of 2
[2026-06-20T05:20:37.140+0000] {taskinstance.py:2330} INFO - Executing <Task(BashOperator): feature_pipeline.feature_silver_clickstream> on 2023-02-01 00:00:00+00:00
[2026-06-20T05:20:37.144+0000] {logging_mixin.py:188} WARNING - /home/***/.local/lib/python3.12/site-packages/***/task/task_runner/standard_task_runner.py:62 DeprecationWarning: This process (pid=2251) is multi-threaded, use of fork() may lead to deadlocks in the child.
[2026-06-20T05:20:37.145+0000] {standard_task_runner.py:64} INFO - Started process 2263 to run task
[2026-06-20T05:20:37.145+0000] {standard_task_runner.py:90} INFO - Running: ['***', 'tasks', 'run', 'credit_default_ml_pipeline', 'feature_pipeline.feature_silver_clickstream', 'scheduled__2023-02-01T00:00:00+00:00', '--job-id', '1401', '--raw', '--subdir', 'DAGS_FOLDER/dag.py', '--cfg-path', '/tmp/tmpzst40lio']
[2026-06-20T05:20:37.147+0000] {standard_task_runner.py:91} INFO - Job 1401: Subtask feature_pipeline.feature_silver_clickstream
[2026-06-20T05:20:37.305+0000] {task_command.py:426} INFO - Running <TaskInstance: credit_default_ml_pipeline.feature_pipeline.feature_silver_clickstream scheduled__2023-02-01T00:00:00+00:00 [running]> on host 9cf341f51c89
[2026-06-20T05:20:37.350+0000] {taskinstance.py:2648} INFO - Exporting env vars: AIRFLOW_CTX_DAG_OWNER='***' AIRFLOW_CTX_DAG_ID='credit_default_ml_pipeline' AIRFLOW_CTX_TASK_ID='feature_pipeline.feature_silver_clickstream' AIRFLOW_CTX_EXECUTION_DATE='2023-02-01T00:00:00+00:00' AIRFLOW_CTX_TRY_NUMBER='1' AIRFLOW_CTX_DAG_RUN_ID='scheduled__2023-02-01T00:00:00+00:00'
[2026-06-20T05:20:37.352+0000] {taskinstance.py:430} INFO - ::endgroup::
[2026-06-20T05:20:37.358+0000] {subprocess.py:63} INFO - Tmp dir root location: /tmp
[2026-06-20T05:20:37.360+0000] {subprocess.py:75} INFO - Running command: ['/usr/bin/bash', '-c', 'cd /opt/***/scripts && python3 silver_processing.py --snapshotdate "2023-02-01" --source clickstream']
[2026-06-20T05:20:37.367+0000] {subprocess.py:86} INFO - Output:
[2026-06-20T05:20:39.142+0000] {subprocess.py:93} INFO - Setting default log level to "WARN".
[2026-06-20T05:20:39.143+0000] {subprocess.py:93} INFO - To adjust logging level use sc.setLogLevel(newLevel). For SparkR, use setLogLevel(newLevel).
[2026-06-20T05:20:39.402+0000] {subprocess.py:93} INFO - 26/06/20 05:20:39 WARN NativeCodeLoader: Unable to load native-hadoop library for your platform... using builtin-java classes where applicable
[2026-06-20T05:20:39.979+0000] {subprocess.py:93} INFO - 26/06/20 05:20:39 WARN Utils: Service 'SparkUI' could not bind on port 4040. Attempting port 4041.
[2026-06-20T05:20:39.987+0000] {subprocess.py:93} INFO - 26/06/20 05:20:39 WARN Utils: Service 'SparkUI' could not bind on port 4041. Attempting port 4042.
[2026-06-20T05:20:39.990+0000] {subprocess.py:93} INFO - 26/06/20 05:20:39 WARN Utils: Service 'SparkUI' could not bind on port 4042. Attempting port 4043.
[2026-06-20T05:20:39.993+0000] {subprocess.py:93} INFO - 26/06/20 05:20:39 WARN Utils: Service 'SparkUI' could not bind on port 4043. Attempting port 4044.
[2026-06-20T05:20:46.766+0000] {subprocess.py:93} INFO - [Stage 5:>                                                          (0 + 1) / 1]
[2026-06-20T05:20:46.767+0000] {subprocess.py:93} INFO - --- silver clickstream 2023-02-01 ---
[2026-06-20T05:20:46.768+0000] {subprocess.py:93} INFO - 
[2026-06-20T05:20:46.769+0000] {subprocess.py:93} INFO - [silver:clickstream] loaded datamart/bronze/clickstream/bronze_clickstream_2023_02_01.csv rows: 8974
[2026-06-20T05:20:46.770+0000] {subprocess.py:93} INFO - [silver:clickstream] saved to: datamart/silver/clickstream/2023_02_01.parquet
[2026-06-20T05:20:46.770+0000] {subprocess.py:93} INFO - 
[2026-06-20T05:20:46.771+0000] {subprocess.py:93} INFO - --- done ---
[2026-06-20T05:20:46.771+0000] {subprocess.py:93} INFO - 
[2026-06-20T05:20:47.189+0000] {subprocess.py:97} INFO - Command exited with return code 0
[2026-06-20T05:20:47.191+0000] {taskinstance.py:441} INFO - ::group::Post task execution logs
[2026-06-20T05:20:47.208+0000] {taskinstance.py:1206} INFO - Marking task as SUCCESS. dag_id=credit_default_ml_pipeline, task_id=feature_pipeline.feature_silver_clickstream, run_id=scheduled__2023-02-01T00:00:00+00:00, execution_date=20230201T000000, start_date=20260620T052037, end_date=20260620T052047
[2026-06-20T05:20:47.249+0000] {local_task_job_runner.py:243} INFO - Task exited with return code 0
[2026-06-20T05:20:47.258+0000] {local_task_job_runner.py:222} INFO - ::endgroup::
[2026-06-20T05:37:11.839+0000] {local_task_job_runner.py:120} INFO - ::group::Pre task execution logs
[2026-06-20T05:37:11.859+0000] {taskinstance.py:2076} INFO - Dependencies all met for dep_context=non-requeueable deps ti=<TaskInstance: credit_default_ml_pipeline.feature_pipeline.feature_silver_clickstream scheduled__2023-02-01T00:00:00+00:00 [queued]>
[2026-06-20T05:37:11.866+0000] {taskinstance.py:2076} INFO - Dependencies all met for dep_context=requeueable deps ti=<TaskInstance: credit_default_ml_pipeline.feature_pipeline.feature_silver_clickstream scheduled__2023-02-01T00:00:00+00:00 [queued]>
[2026-06-20T05:37:11.866+0000] {taskinstance.py:2306} INFO - Starting attempt 1 of 2
[2026-06-20T05:37:11.874+0000] {taskinstance.py:2330} INFO - Executing <Task(BashOperator): feature_pipeline.feature_silver_clickstream> on 2023-02-01 00:00:00+00:00
[2026-06-20T05:37:11.883+0000] {logging_mixin.py:188} WARNING - /home/***/.local/lib/python3.12/site-packages/***/task/task_runner/standard_task_runner.py:62 DeprecationWarning: This process (pid=14878) is multi-threaded, use of fork() may lead to deadlocks in the child.
[2026-06-20T05:37:11.885+0000] {standard_task_runner.py:90} INFO - Running: ['***', 'tasks', 'run', 'credit_default_ml_pipeline', 'feature_pipeline.feature_silver_clickstream', 'scheduled__2023-02-01T00:00:00+00:00', '--job-id', '1468', '--raw', '--subdir', 'DAGS_FOLDER/dag.py', '--cfg-path', '/tmp/tmpwragjh36']
[2026-06-20T05:37:11.889+0000] {standard_task_runner.py:91} INFO - Job 1468: Subtask feature_pipeline.feature_silver_clickstream
[2026-06-20T05:37:11.888+0000] {standard_task_runner.py:64} INFO - Started process 14893 to run task
[2026-06-20T05:37:12.029+0000] {task_command.py:426} INFO - Running <TaskInstance: credit_default_ml_pipeline.feature_pipeline.feature_silver_clickstream scheduled__2023-02-01T00:00:00+00:00 [running]> on host 9cf341f51c89
[2026-06-20T05:37:12.088+0000] {taskinstance.py:2648} INFO - Exporting env vars: AIRFLOW_CTX_DAG_OWNER='***' AIRFLOW_CTX_DAG_ID='credit_default_ml_pipeline' AIRFLOW_CTX_TASK_ID='feature_pipeline.feature_silver_clickstream' AIRFLOW_CTX_EXECUTION_DATE='2023-02-01T00:00:00+00:00' AIRFLOW_CTX_TRY_NUMBER='1' AIRFLOW_CTX_DAG_RUN_ID='scheduled__2023-02-01T00:00:00+00:00'
[2026-06-20T05:37:12.090+0000] {taskinstance.py:430} INFO - ::endgroup::
[2026-06-20T05:37:12.100+0000] {subprocess.py:63} INFO - Tmp dir root location: /tmp
[2026-06-20T05:37:12.103+0000] {subprocess.py:75} INFO - Running command: ['/usr/bin/bash', '-c', 'cd /opt/***/scripts && python3 silver_processing.py --snapshotdate "2023-02-01" --source clickstream']
[2026-06-20T05:37:12.113+0000] {subprocess.py:86} INFO - Output:
[2026-06-20T05:37:13.987+0000] {subprocess.py:93} INFO - Setting default log level to "WARN".
[2026-06-20T05:37:13.988+0000] {subprocess.py:93} INFO - To adjust logging level use sc.setLogLevel(newLevel). For SparkR, use setLogLevel(newLevel).
[2026-06-20T05:37:14.135+0000] {subprocess.py:93} INFO - 26/06/20 05:37:14 WARN NativeCodeLoader: Unable to load native-hadoop library for your platform... using builtin-java classes where applicable
[2026-06-20T05:37:14.778+0000] {subprocess.py:93} INFO - 26/06/20 05:37:14 WARN Utils: Service 'SparkUI' could not bind on port 4040. Attempting port 4041.
[2026-06-20T05:37:14.779+0000] {subprocess.py:93} INFO - 26/06/20 05:37:14 WARN Utils: Service 'SparkUI' could not bind on port 4041. Attempting port 4042.
[2026-06-20T05:37:14.781+0000] {subprocess.py:93} INFO - 26/06/20 05:37:14 WARN Utils: Service 'SparkUI' could not bind on port 4042. Attempting port 4043.
[2026-06-20T05:37:14.782+0000] {subprocess.py:93} INFO - 26/06/20 05:37:14 WARN Utils: Service 'SparkUI' could not bind on port 4043. Attempting port 4044.
[2026-06-20T05:37:21.143+0000] {subprocess.py:93} INFO - 
[2026-06-20T05:37:21.143+0000] {subprocess.py:93} INFO - --- silver clickstream 2023-02-01 ---
[2026-06-20T05:37:21.144+0000] {subprocess.py:93} INFO - 
[2026-06-20T05:37:21.145+0000] {subprocess.py:93} INFO - [silver:clickstream] loaded datamart/bronze/clickstream/bronze_clickstream_2023_02_01.csv rows: 8974
[2026-06-20T05:37:21.145+0000] {subprocess.py:93} INFO - [silver:clickstream] saved to: datamart/silver/clickstream/2023_02_01.parquet
[2026-06-20T05:37:21.147+0000] {subprocess.py:93} INFO - 
[2026-06-20T05:37:21.147+0000] {subprocess.py:93} INFO - --- done ---
[2026-06-20T05:37:21.148+0000] {subprocess.py:93} INFO - 
[2026-06-20T05:37:21.571+0000] {subprocess.py:97} INFO - Command exited with return code 0
[2026-06-20T05:37:21.573+0000] {taskinstance.py:441} INFO - ::group::Post task execution logs
[2026-06-20T05:37:21.596+0000] {taskinstance.py:1206} INFO - Marking task as SUCCESS. dag_id=credit_default_ml_pipeline, task_id=feature_pipeline.feature_silver_clickstream, run_id=scheduled__2023-02-01T00:00:00+00:00, execution_date=20230201T000000, start_date=20260620T053711, end_date=20260620T053721
[2026-06-20T05:37:21.636+0000] {local_task_job_runner.py:243} INFO - Task exited with return code 0
[2026-06-20T05:37:21.649+0000] {taskinstance.py:3503} INFO - 0 downstream tasks scheduled from follow-on schedule check
[2026-06-20T05:37:21.651+0000] {local_task_job_runner.py:222} INFO - ::endgroup::
[2026-06-20T06:43:34.561+0000] {local_task_job_runner.py:120} INFO - ::group::Pre task execution logs
[2026-06-20T06:43:34.598+0000] {taskinstance.py:2076} INFO - Dependencies all met for dep_context=non-requeueable deps ti=<TaskInstance: credit_default_ml_pipeline.feature_pipeline.feature_silver_clickstream scheduled__2023-02-01T00:00:00+00:00 [queued]>
[2026-06-20T06:43:34.611+0000] {taskinstance.py:2076} INFO - Dependencies all met for dep_context=requeueable deps ti=<TaskInstance: credit_default_ml_pipeline.feature_pipeline.feature_silver_clickstream scheduled__2023-02-01T00:00:00+00:00 [queued]>
[2026-06-20T06:43:34.615+0000] {taskinstance.py:2306} INFO - Starting attempt 1 of 2
[2026-06-20T06:43:34.635+0000] {taskinstance.py:2330} INFO - Executing <Task(BashOperator): feature_pipeline.feature_silver_clickstream> on 2023-02-01 00:00:00+00:00
[2026-06-20T06:43:34.643+0000] {logging_mixin.py:188} WARNING - /home/***/.local/lib/python3.12/site-packages/***/task/task_runner/standard_task_runner.py:62 DeprecationWarning: This process (pid=67348) is multi-threaded, use of fork() may lead to deadlocks in the child.
[2026-06-20T06:43:34.647+0000] {standard_task_runner.py:64} INFO - Started process 67409 to run task
[2026-06-20T06:43:34.647+0000] {standard_task_runner.py:90} INFO - Running: ['***', 'tasks', 'run', 'credit_default_ml_pipeline', 'feature_pipeline.feature_silver_clickstream', 'scheduled__2023-02-01T00:00:00+00:00', '--job-id', '1780', '--raw', '--subdir', 'DAGS_FOLDER/dag.py', '--cfg-path', '/tmp/tmpoxq173y4']
[2026-06-20T06:43:34.655+0000] {standard_task_runner.py:91} INFO - Job 1780: Subtask feature_pipeline.feature_silver_clickstream
[2026-06-20T06:43:34.949+0000] {task_command.py:426} INFO - Running <TaskInstance: credit_default_ml_pipeline.feature_pipeline.feature_silver_clickstream scheduled__2023-02-01T00:00:00+00:00 [running]> on host 9cf341f51c89
[2026-06-20T06:43:35.064+0000] {taskinstance.py:2648} INFO - Exporting env vars: AIRFLOW_CTX_DAG_OWNER='***' AIRFLOW_CTX_DAG_ID='credit_default_ml_pipeline' AIRFLOW_CTX_TASK_ID='feature_pipeline.feature_silver_clickstream' AIRFLOW_CTX_EXECUTION_DATE='2023-02-01T00:00:00+00:00' AIRFLOW_CTX_TRY_NUMBER='1' AIRFLOW_CTX_DAG_RUN_ID='scheduled__2023-02-01T00:00:00+00:00'
[2026-06-20T06:43:35.070+0000] {taskinstance.py:430} INFO - ::endgroup::
[2026-06-20T06:43:35.082+0000] {subprocess.py:63} INFO - Tmp dir root location: /tmp
[2026-06-20T06:43:35.085+0000] {subprocess.py:75} INFO - Running command: ['/usr/bin/bash', '-c', 'cd /opt/***/scripts && python3 silver_processing.py --snapshotdate "2023-02-01" --source clickstream']
[2026-06-20T06:43:35.099+0000] {subprocess.py:86} INFO - Output:
[2026-06-20T06:43:38.841+0000] {subprocess.py:93} INFO - Setting default log level to "WARN".
[2026-06-20T06:43:38.857+0000] {subprocess.py:93} INFO - To adjust logging level use sc.setLogLevel(newLevel). For SparkR, use setLogLevel(newLevel).
[2026-06-20T06:43:39.339+0000] {subprocess.py:93} INFO - 26/06/20 06:43:39 WARN NativeCodeLoader: Unable to load native-hadoop library for your platform... using builtin-java classes where applicable
[2026-06-20T06:43:40.774+0000] {subprocess.py:93} INFO - 26/06/20 06:43:40 WARN Utils: Service 'SparkUI' could not bind on port 4040. Attempting port 4041.
[2026-06-20T06:43:40.775+0000] {subprocess.py:93} INFO - 26/06/20 06:43:40 WARN Utils: Service 'SparkUI' could not bind on port 4041. Attempting port 4042.
[2026-06-20T06:43:40.776+0000] {subprocess.py:93} INFO - 26/06/20 06:43:40 WARN Utils: Service 'SparkUI' could not bind on port 4042. Attempting port 4043.
[2026-06-20T06:43:40.777+0000] {subprocess.py:93} INFO - 26/06/20 06:43:40 WARN Utils: Service 'SparkUI' could not bind on port 4043. Attempting port 4044.
[2026-06-20T06:43:52.755+0000] {subprocess.py:93} INFO - [Stage 0:>                                                          (0 + 1) / 1]                                                                                [Stage 5:>                                                          (0 + 1) / 1]
[2026-06-20T06:43:52.763+0000] {subprocess.py:93} INFO - --- silver clickstream 2023-02-01 ---
[2026-06-20T06:43:52.772+0000] {subprocess.py:93} INFO - 
[2026-06-20T06:43:52.774+0000] {subprocess.py:93} INFO - [silver:clickstream] loaded datamart/bronze/clickstream/bronze_clickstream_2023_02_01.csv rows: 8974
[2026-06-20T06:43:52.775+0000] {subprocess.py:93} INFO - [silver:clickstream] saved to: datamart/silver/clickstream/2023_02_01.parquet
[2026-06-20T06:43:52.776+0000] {subprocess.py:93} INFO - 
[2026-06-20T06:43:52.777+0000] {subprocess.py:93} INFO - --- done ---
[2026-06-20T06:43:52.779+0000] {subprocess.py:93} INFO - 
[2026-06-20T06:43:53.250+0000] {subprocess.py:97} INFO - Command exited with return code 0
[2026-06-20T06:43:53.252+0000] {taskinstance.py:441} INFO - ::group::Post task execution logs
[2026-06-20T06:43:53.290+0000] {taskinstance.py:1206} INFO - Marking task as SUCCESS. dag_id=credit_default_ml_pipeline, task_id=feature_pipeline.feature_silver_clickstream, run_id=scheduled__2023-02-01T00:00:00+00:00, execution_date=20230201T000000, start_date=20260620T064334, end_date=20260620T064353
[2026-06-20T06:43:53.315+0000] {local_task_job_runner.py:243} INFO - Task exited with return code 0
[2026-06-20T06:43:53.342+0000] {taskinstance.py:3503} INFO - 0 downstream tasks scheduled from follow-on schedule check
[2026-06-20T06:43:53.345+0000] {local_task_job_runner.py:222} INFO - ::endgroup::
[2026-06-20T07:13:09.358+0000] {local_task_job_runner.py:120} INFO - ::group::Pre task execution logs
[2026-06-20T07:13:09.396+0000] {taskinstance.py:2076} INFO - Dependencies all met for dep_context=non-requeueable deps ti=<TaskInstance: credit_default_ml_pipeline.feature_pipeline.feature_silver_clickstream scheduled__2023-02-01T00:00:00+00:00 [queued]>
[2026-06-20T07:13:09.406+0000] {taskinstance.py:2076} INFO - Dependencies all met for dep_context=requeueable deps ti=<TaskInstance: credit_default_ml_pipeline.feature_pipeline.feature_silver_clickstream scheduled__2023-02-01T00:00:00+00:00 [queued]>
[2026-06-20T07:13:09.407+0000] {taskinstance.py:2306} INFO - Starting attempt 1 of 2
[2026-06-20T07:13:09.423+0000] {taskinstance.py:2330} INFO - Executing <Task(BashOperator): feature_pipeline.feature_silver_clickstream> on 2023-02-01 00:00:00+00:00
[2026-06-20T07:13:09.432+0000] {logging_mixin.py:188} WARNING - /home/***/.local/lib/python3.12/site-packages/***/task/task_runner/standard_task_runner.py:62 DeprecationWarning: This process (pid=98620) is multi-threaded, use of fork() may lead to deadlocks in the child.
[2026-06-20T07:13:09.434+0000] {standard_task_runner.py:64} INFO - Started process 98739 to run task
[2026-06-20T07:13:09.436+0000] {standard_task_runner.py:90} INFO - Running: ['***', 'tasks', 'run', 'credit_default_ml_pipeline', 'feature_pipeline.feature_silver_clickstream', 'scheduled__2023-02-01T00:00:00+00:00', '--job-id', '1960', '--raw', '--subdir', 'DAGS_FOLDER/dag.py', '--cfg-path', '/tmp/tmpeyg60vwf']
[2026-06-20T07:13:09.441+0000] {standard_task_runner.py:91} INFO - Job 1960: Subtask feature_pipeline.feature_silver_clickstream
[2026-06-20T07:13:09.695+0000] {task_command.py:426} INFO - Running <TaskInstance: credit_default_ml_pipeline.feature_pipeline.feature_silver_clickstream scheduled__2023-02-01T00:00:00+00:00 [running]> on host 9cf341f51c89
[2026-06-20T07:13:09.774+0000] {taskinstance.py:2648} INFO - Exporting env vars: AIRFLOW_CTX_DAG_OWNER='***' AIRFLOW_CTX_DAG_ID='credit_default_ml_pipeline' AIRFLOW_CTX_TASK_ID='feature_pipeline.feature_silver_clickstream' AIRFLOW_CTX_EXECUTION_DATE='2023-02-01T00:00:00+00:00' AIRFLOW_CTX_TRY_NUMBER='1' AIRFLOW_CTX_DAG_RUN_ID='scheduled__2023-02-01T00:00:00+00:00'
[2026-06-20T07:13:09.777+0000] {taskinstance.py:430} INFO - ::endgroup::
[2026-06-20T07:13:09.787+0000] {subprocess.py:63} INFO - Tmp dir root location: /tmp
[2026-06-20T07:13:09.789+0000] {subprocess.py:75} INFO - Running command: ['/usr/bin/bash', '-c', 'cd /opt/***/scripts && python3 silver_processing.py --snapshotdate "2023-02-01" --source clickstream']
[2026-06-20T07:13:09.806+0000] {subprocess.py:86} INFO - Output:
[2026-06-20T07:13:12.809+0000] {subprocess.py:93} INFO - Setting default log level to "WARN".
[2026-06-20T07:13:12.815+0000] {subprocess.py:93} INFO - To adjust logging level use sc.setLogLevel(newLevel). For SparkR, use setLogLevel(newLevel).
[2026-06-20T07:13:13.095+0000] {subprocess.py:93} INFO - 26/06/20 07:13:13 WARN NativeCodeLoader: Unable to load native-hadoop library for your platform... using builtin-java classes where applicable
[2026-06-20T07:13:14.356+0000] {subprocess.py:93} INFO - 26/06/20 07:13:14 WARN Utils: Service 'SparkUI' could not bind on port 4040. Attempting port 4041.
[2026-06-20T07:13:14.359+0000] {subprocess.py:93} INFO - 26/06/20 07:13:14 WARN Utils: Service 'SparkUI' could not bind on port 4041. Attempting port 4042.
[2026-06-20T07:13:26.934+0000] {subprocess.py:93} INFO - [Stage 1:>                                                          (0 + 1) / 1]                                                                                [Stage 5:>                                                          (0 + 1) / 1]
[2026-06-20T07:13:26.938+0000] {subprocess.py:93} INFO - --- silver clickstream 2023-02-01 ---
[2026-06-20T07:13:26.939+0000] {subprocess.py:93} INFO - 
[2026-06-20T07:13:26.941+0000] {subprocess.py:93} INFO - [silver:clickstream] loaded datamart/bronze/clickstream/bronze_clickstream_2023_02_01.csv rows: 8974
[2026-06-20T07:13:26.942+0000] {subprocess.py:93} INFO - [silver:clickstream] saved to: datamart/silver/clickstream/2023_02_01.parquet
[2026-06-20T07:13:26.943+0000] {subprocess.py:93} INFO - 
[2026-06-20T07:13:26.944+0000] {subprocess.py:93} INFO - --- done ---
[2026-06-20T07:13:26.945+0000] {subprocess.py:93} INFO - 
[2026-06-20T07:13:27.395+0000] {subprocess.py:97} INFO - Command exited with return code 0
[2026-06-20T07:13:27.397+0000] {taskinstance.py:441} INFO - ::group::Post task execution logs
[2026-06-20T07:13:27.452+0000] {taskinstance.py:1206} INFO - Marking task as SUCCESS. dag_id=credit_default_ml_pipeline, task_id=feature_pipeline.feature_silver_clickstream, run_id=scheduled__2023-02-01T00:00:00+00:00, execution_date=20230201T000000, start_date=20260620T071309, end_date=20260620T071327
[2026-06-20T07:13:27.491+0000] {local_task_job_runner.py:243} INFO - Task exited with return code 0
[2026-06-20T07:13:27.520+0000] {taskinstance.py:3503} INFO - 0 downstream tasks scheduled from follow-on schedule check
[2026-06-20T07:13:27.523+0000] {local_task_job_runner.py:222} INFO - ::endgroup::
[2026-06-20T15:14:45.529+0000] {local_task_job_runner.py:120} INFO - ::group::Pre task execution logs
[2026-06-20T15:14:45.545+0000] {taskinstance.py:2076} INFO - Dependencies all met for dep_context=non-requeueable deps ti=<TaskInstance: credit_default_ml_pipeline.feature_pipeline.feature_silver_clickstream scheduled__2023-02-01T00:00:00+00:00 [queued]>
[2026-06-20T15:14:45.550+0000] {taskinstance.py:2076} INFO - Dependencies all met for dep_context=requeueable deps ti=<TaskInstance: credit_default_ml_pipeline.feature_pipeline.feature_silver_clickstream scheduled__2023-02-01T00:00:00+00:00 [queued]>
[2026-06-20T15:14:45.551+0000] {taskinstance.py:2306} INFO - Starting attempt 1 of 2
[2026-06-20T15:14:45.560+0000] {taskinstance.py:2330} INFO - Executing <Task(BashOperator): feature_pipeline.feature_silver_clickstream> on 2023-02-01 00:00:00+00:00
[2026-06-20T15:14:45.570+0000] {logging_mixin.py:188} WARNING - /home/***/.local/lib/python3.12/site-packages/***/task/task_runner/standard_task_runner.py:62 DeprecationWarning: This process (pid=86014) is multi-threaded, use of fork() may lead to deadlocks in the child.
[2026-06-20T15:14:45.578+0000] {standard_task_runner.py:64} INFO - Started process 86035 to run task
[2026-06-20T15:14:45.572+0000] {standard_task_runner.py:90} INFO - Running: ['***', 'tasks', 'run', 'credit_default_ml_pipeline', 'feature_pipeline.feature_silver_clickstream', 'scheduled__2023-02-01T00:00:00+00:00', '--job-id', '2431', '--raw', '--subdir', 'DAGS_FOLDER/dag.py', '--cfg-path', '/tmp/tmpday8s23z']
[2026-06-20T15:14:45.584+0000] {standard_task_runner.py:91} INFO - Job 2431: Subtask feature_pipeline.feature_silver_clickstream
[2026-06-20T15:14:45.749+0000] {task_command.py:426} INFO - Running <TaskInstance: credit_default_ml_pipeline.feature_pipeline.feature_silver_clickstream scheduled__2023-02-01T00:00:00+00:00 [running]> on host 9cf341f51c89
[2026-06-20T15:14:45.798+0000] {taskinstance.py:2648} INFO - Exporting env vars: AIRFLOW_CTX_DAG_OWNER='***' AIRFLOW_CTX_DAG_ID='credit_default_ml_pipeline' AIRFLOW_CTX_TASK_ID='feature_pipeline.feature_silver_clickstream' AIRFLOW_CTX_EXECUTION_DATE='2023-02-01T00:00:00+00:00' AIRFLOW_CTX_TRY_NUMBER='1' AIRFLOW_CTX_DAG_RUN_ID='scheduled__2023-02-01T00:00:00+00:00'
[2026-06-20T15:14:45.800+0000] {taskinstance.py:430} INFO - ::endgroup::
[2026-06-20T15:14:45.811+0000] {subprocess.py:63} INFO - Tmp dir root location: /tmp
[2026-06-20T15:14:45.812+0000] {subprocess.py:75} INFO - Running command: ['/usr/bin/bash', '-c', 'cd /opt/***/scripts && python3 silver_processing.py --snapshotdate "2023-02-01" --source clickstream']
[2026-06-20T15:14:45.818+0000] {subprocess.py:86} INFO - Output:
[2026-06-20T15:14:47.622+0000] {subprocess.py:93} INFO - Setting default log level to "WARN".
[2026-06-20T15:14:47.624+0000] {subprocess.py:93} INFO - To adjust logging level use sc.setLogLevel(newLevel). For SparkR, use setLogLevel(newLevel).
[2026-06-20T15:14:47.823+0000] {subprocess.py:93} INFO - 26/06/20 15:14:47 WARN NativeCodeLoader: Unable to load native-hadoop library for your platform... using builtin-java classes where applicable
[2026-06-20T15:14:48.511+0000] {subprocess.py:93} INFO - 26/06/20 15:14:48 WARN Utils: Service 'SparkUI' could not bind on port 4040. Attempting port 4041.
[2026-06-20T15:14:48.512+0000] {subprocess.py:93} INFO - 26/06/20 15:14:48 WARN Utils: Service 'SparkUI' could not bind on port 4041. Attempting port 4042.
[2026-06-20T15:14:48.517+0000] {subprocess.py:93} INFO - 26/06/20 15:14:48 WARN Utils: Service 'SparkUI' could not bind on port 4042. Attempting port 4043.
[2026-06-20T15:14:55.354+0000] {subprocess.py:93} INFO - [Stage 5:>                                                          (0 + 1) / 1]
[2026-06-20T15:14:55.356+0000] {subprocess.py:93} INFO - --- silver clickstream 2023-02-01 ---
[2026-06-20T15:14:55.356+0000] {subprocess.py:93} INFO - 
[2026-06-20T15:14:55.357+0000] {subprocess.py:93} INFO - [silver:clickstream] loaded datamart/bronze/clickstream/bronze_clickstream_2023_02_01.csv rows: 8974
[2026-06-20T15:14:55.357+0000] {subprocess.py:93} INFO - [silver:clickstream] saved to: datamart/silver/clickstream/2023_02_01.parquet
[2026-06-20T15:14:55.357+0000] {subprocess.py:93} INFO - 
[2026-06-20T15:14:55.358+0000] {subprocess.py:93} INFO - --- done ---
[2026-06-20T15:14:55.358+0000] {subprocess.py:93} INFO - 
[2026-06-20T15:14:55.770+0000] {subprocess.py:97} INFO - Command exited with return code 0
[2026-06-20T15:14:55.771+0000] {taskinstance.py:441} INFO - ::group::Post task execution logs
[2026-06-20T15:14:55.786+0000] {taskinstance.py:1206} INFO - Marking task as SUCCESS. dag_id=credit_default_ml_pipeline, task_id=feature_pipeline.feature_silver_clickstream, run_id=scheduled__2023-02-01T00:00:00+00:00, execution_date=20230201T000000, start_date=20260620T151445, end_date=20260620T151455
[2026-06-20T15:14:55.796+0000] {local_task_job_runner.py:243} INFO - Task exited with return code 0
[2026-06-20T15:14:55.809+0000] {taskinstance.py:3503} INFO - 0 downstream tasks scheduled from follow-on schedule check
[2026-06-20T15:14:55.810+0000] {local_task_job_runner.py:222} INFO - ::endgroup::
[2026-06-20T16:52:50.805+0000] {local_task_job_runner.py:120} INFO - ::group::Pre task execution logs
[2026-06-20T16:52:50.825+0000] {taskinstance.py:2076} INFO - Dependencies all met for dep_context=non-requeueable deps ti=<TaskInstance: credit_default_ml_pipeline.feature_pipeline.feature_silver_clickstream scheduled__2023-02-01T00:00:00+00:00 [queued]>
[2026-06-20T16:52:50.834+0000] {taskinstance.py:2076} INFO - Dependencies all met for dep_context=requeueable deps ti=<TaskInstance: credit_default_ml_pipeline.feature_pipeline.feature_silver_clickstream scheduled__2023-02-01T00:00:00+00:00 [queued]>
[2026-06-20T16:52:50.835+0000] {taskinstance.py:2306} INFO - Starting attempt 1 of 2
[2026-06-20T16:52:50.847+0000] {taskinstance.py:2330} INFO - Executing <Task(BashOperator): feature_pipeline.feature_silver_clickstream> on 2023-02-01 00:00:00+00:00
[2026-06-20T16:52:50.852+0000] {logging_mixin.py:188} WARNING - /home/***/.local/lib/python3.12/site-packages/***/task/task_runner/standard_task_runner.py:62 DeprecationWarning: This process (pid=69934) is multi-threaded, use of fork() may lead to deadlocks in the child.
[2026-06-20T16:52:50.853+0000] {standard_task_runner.py:64} INFO - Started process 69940 to run task
[2026-06-20T16:52:50.852+0000] {standard_task_runner.py:90} INFO - Running: ['***', 'tasks', 'run', 'credit_default_ml_pipeline', 'feature_pipeline.feature_silver_clickstream', 'scheduled__2023-02-01T00:00:00+00:00', '--job-id', '2918', '--raw', '--subdir', 'DAGS_FOLDER/dag.py', '--cfg-path', '/tmp/tmp8gdxolqa']
[2026-06-20T16:52:50.855+0000] {standard_task_runner.py:91} INFO - Job 2918: Subtask feature_pipeline.feature_silver_clickstream
[2026-06-20T16:52:51.009+0000] {task_command.py:426} INFO - Running <TaskInstance: credit_default_ml_pipeline.feature_pipeline.feature_silver_clickstream scheduled__2023-02-01T00:00:00+00:00 [running]> on host 9cf341f51c89
[2026-06-20T16:52:51.060+0000] {taskinstance.py:2648} INFO - Exporting env vars: AIRFLOW_CTX_DAG_OWNER='***' AIRFLOW_CTX_DAG_ID='credit_default_ml_pipeline' AIRFLOW_CTX_TASK_ID='feature_pipeline.feature_silver_clickstream' AIRFLOW_CTX_EXECUTION_DATE='2023-02-01T00:00:00+00:00' AIRFLOW_CTX_TRY_NUMBER='1' AIRFLOW_CTX_DAG_RUN_ID='scheduled__2023-02-01T00:00:00+00:00'
[2026-06-20T16:52:51.062+0000] {taskinstance.py:430} INFO - ::endgroup::
[2026-06-20T16:52:51.071+0000] {subprocess.py:63} INFO - Tmp dir root location: /tmp
[2026-06-20T16:52:51.073+0000] {subprocess.py:75} INFO - Running command: ['/usr/bin/bash', '-c', 'cd /opt/***/scripts && python3 silver_processing.py --snapshotdate "2023-02-01" --source clickstream']
[2026-06-20T16:52:51.085+0000] {subprocess.py:86} INFO - Output:
[2026-06-20T16:52:52.857+0000] {subprocess.py:93} INFO - Setting default log level to "WARN".
[2026-06-20T16:52:52.860+0000] {subprocess.py:93} INFO - To adjust logging level use sc.setLogLevel(newLevel). For SparkR, use setLogLevel(newLevel).
[2026-06-20T16:52:53.120+0000] {subprocess.py:93} INFO - 26/06/20 16:52:53 WARN NativeCodeLoader: Unable to load native-hadoop library for your platform... using builtin-java classes where applicable
[2026-06-20T16:52:53.746+0000] {subprocess.py:93} INFO - 26/06/20 16:52:53 WARN Utils: Service 'SparkUI' could not bind on port 4040. Attempting port 4041.
[2026-06-20T16:52:53.748+0000] {subprocess.py:93} INFO - 26/06/20 16:52:53 WARN Utils: Service 'SparkUI' could not bind on port 4041. Attempting port 4042.
[2026-06-20T16:52:53.748+0000] {subprocess.py:93} INFO - 26/06/20 16:52:53 WARN Utils: Service 'SparkUI' could not bind on port 4042. Attempting port 4043.
[2026-06-20T16:52:53.749+0000] {subprocess.py:93} INFO - 26/06/20 16:52:53 WARN Utils: Service 'SparkUI' could not bind on port 4043. Attempting port 4044.
[2026-06-20T16:53:00.532+0000] {subprocess.py:93} INFO - [Stage 5:>                                                          (0 + 1) / 1]
[2026-06-20T16:53:00.533+0000] {subprocess.py:93} INFO - --- silver clickstream 2023-02-01 ---
[2026-06-20T16:53:00.534+0000] {subprocess.py:93} INFO - 
[2026-06-20T16:53:00.535+0000] {subprocess.py:93} INFO - [silver:clickstream] loaded datamart/bronze/clickstream/bronze_clickstream_2023_02_01.csv rows: 8974
[2026-06-20T16:53:00.535+0000] {subprocess.py:93} INFO - [silver:clickstream] cleared stale partition: datamart/silver/clickstream/2023_02_01.parquet
[2026-06-20T16:53:00.536+0000] {subprocess.py:93} INFO - [silver:clickstream] saved to: datamart/silver/clickstream/2023_02_01.parquet
[2026-06-20T16:53:00.536+0000] {subprocess.py:93} INFO - 
[2026-06-20T16:53:00.537+0000] {subprocess.py:93} INFO - --- done ---
[2026-06-20T16:53:00.537+0000] {subprocess.py:93} INFO - 
[2026-06-20T16:53:00.927+0000] {subprocess.py:97} INFO - Command exited with return code 0
[2026-06-20T16:53:00.929+0000] {taskinstance.py:441} INFO - ::group::Post task execution logs
[2026-06-20T16:53:00.952+0000] {taskinstance.py:1206} INFO - Marking task as SUCCESS. dag_id=credit_default_ml_pipeline, task_id=feature_pipeline.feature_silver_clickstream, run_id=scheduled__2023-02-01T00:00:00+00:00, execution_date=20230201T000000, start_date=20260620T165250, end_date=20260620T165300
[2026-06-20T16:53:00.973+0000] {local_task_job_runner.py:243} INFO - Task exited with return code 0
[2026-06-20T16:53:00.991+0000] {taskinstance.py:3503} INFO - 0 downstream tasks scheduled from follow-on schedule check
[2026-06-20T16:53:00.993+0000] {local_task_job_runner.py:222} INFO - ::endgroup::
[2026-06-20T17:05:18.971+0000] {local_task_job_runner.py:120} INFO - ::group::Pre task execution logs
[2026-06-20T17:05:18.989+0000] {taskinstance.py:2076} INFO - Dependencies all met for dep_context=non-requeueable deps ti=<TaskInstance: credit_default_ml_pipeline.feature_pipeline.feature_silver_clickstream scheduled__2023-02-01T00:00:00+00:00 [queued]>
[2026-06-20T17:05:18.993+0000] {taskinstance.py:2076} INFO - Dependencies all met for dep_context=requeueable deps ti=<TaskInstance: credit_default_ml_pipeline.feature_pipeline.feature_silver_clickstream scheduled__2023-02-01T00:00:00+00:00 [queued]>
[2026-06-20T17:05:18.994+0000] {taskinstance.py:2306} INFO - Starting attempt 1 of 2
[2026-06-20T17:05:19.004+0000] {taskinstance.py:2330} INFO - Executing <Task(BashOperator): feature_pipeline.feature_silver_clickstream> on 2023-02-01 00:00:00+00:00
[2026-06-20T17:05:19.008+0000] {logging_mixin.py:188} WARNING - /home/***/.local/lib/python3.12/site-packages/***/task/task_runner/standard_task_runner.py:62 DeprecationWarning: This process (pid=4178) is multi-threaded, use of fork() may lead to deadlocks in the child.
[2026-06-20T17:05:19.009+0000] {standard_task_runner.py:90} INFO - Running: ['***', 'tasks', 'run', 'credit_default_ml_pipeline', 'feature_pipeline.feature_silver_clickstream', 'scheduled__2023-02-01T00:00:00+00:00', '--job-id', '3008', '--raw', '--subdir', 'DAGS_FOLDER/dag.py', '--cfg-path', '/tmp/tmp6_l0n410']
[2026-06-20T17:05:19.009+0000] {standard_task_runner.py:64} INFO - Started process 4190 to run task
[2026-06-20T17:05:19.010+0000] {standard_task_runner.py:91} INFO - Job 3008: Subtask feature_pipeline.feature_silver_clickstream
[2026-06-20T17:05:19.157+0000] {task_command.py:426} INFO - Running <TaskInstance: credit_default_ml_pipeline.feature_pipeline.feature_silver_clickstream scheduled__2023-02-01T00:00:00+00:00 [running]> on host 9cf341f51c89
[2026-06-20T17:05:19.191+0000] {taskinstance.py:2648} INFO - Exporting env vars: AIRFLOW_CTX_DAG_OWNER='***' AIRFLOW_CTX_DAG_ID='credit_default_ml_pipeline' AIRFLOW_CTX_TASK_ID='feature_pipeline.feature_silver_clickstream' AIRFLOW_CTX_EXECUTION_DATE='2023-02-01T00:00:00+00:00' AIRFLOW_CTX_TRY_NUMBER='1' AIRFLOW_CTX_DAG_RUN_ID='scheduled__2023-02-01T00:00:00+00:00'
[2026-06-20T17:05:19.192+0000] {taskinstance.py:430} INFO - ::endgroup::
[2026-06-20T17:05:19.198+0000] {subprocess.py:63} INFO - Tmp dir root location: /tmp
[2026-06-20T17:05:19.199+0000] {subprocess.py:75} INFO - Running command: ['/usr/bin/bash', '-c', 'cd /opt/***/scripts && python3 silver_processing.py --snapshotdate "2023-02-01" --source clickstream']
[2026-06-20T17:05:19.204+0000] {subprocess.py:86} INFO - Output:
[2026-06-20T17:05:21.089+0000] {subprocess.py:93} INFO - Setting default log level to "WARN".
[2026-06-20T17:05:21.090+0000] {subprocess.py:93} INFO - To adjust logging level use sc.setLogLevel(newLevel). For SparkR, use setLogLevel(newLevel).
[2026-06-20T17:05:21.288+0000] {subprocess.py:93} INFO - 26/06/20 17:05:21 WARN NativeCodeLoader: Unable to load native-hadoop library for your platform... using builtin-java classes where applicable
[2026-06-20T17:05:21.952+0000] {subprocess.py:93} INFO - 26/06/20 17:05:21 WARN Utils: Service 'SparkUI' could not bind on port 4040. Attempting port 4041.
[2026-06-20T17:05:21.956+0000] {subprocess.py:93} INFO - 26/06/20 17:05:21 WARN Utils: Service 'SparkUI' could not bind on port 4041. Attempting port 4042.
[2026-06-20T17:05:21.959+0000] {subprocess.py:93} INFO - 26/06/20 17:05:21 WARN Utils: Service 'SparkUI' could not bind on port 4042. Attempting port 4043.
[2026-06-20T17:05:21.960+0000] {subprocess.py:93} INFO - 26/06/20 17:05:21 WARN Utils: Service 'SparkUI' could not bind on port 4043. Attempting port 4044.
[2026-06-20T17:05:29.247+0000] {subprocess.py:93} INFO - [Stage 5:>                                                          (0 + 1) / 1]
[2026-06-20T17:05:29.249+0000] {subprocess.py:93} INFO - --- silver clickstream 2023-02-01 ---
[2026-06-20T17:05:29.249+0000] {subprocess.py:93} INFO - 
[2026-06-20T17:05:29.250+0000] {subprocess.py:93} INFO - [silver:clickstream] loaded datamart/bronze/clickstream/bronze_clickstream_2023_02_01.csv rows: 8974
[2026-06-20T17:05:29.251+0000] {subprocess.py:93} INFO - [silver:clickstream] saved to: datamart/silver/clickstream/2023_02_01.parquet
[2026-06-20T17:05:29.253+0000] {subprocess.py:93} INFO - 
[2026-06-20T17:05:29.254+0000] {subprocess.py:93} INFO - --- done ---
[2026-06-20T17:05:29.254+0000] {subprocess.py:93} INFO - 
[2026-06-20T17:05:29.683+0000] {subprocess.py:97} INFO - Command exited with return code 0
[2026-06-20T17:05:29.685+0000] {taskinstance.py:441} INFO - ::group::Post task execution logs
[2026-06-20T17:05:29.699+0000] {taskinstance.py:1206} INFO - Marking task as SUCCESS. dag_id=credit_default_ml_pipeline, task_id=feature_pipeline.feature_silver_clickstream, run_id=scheduled__2023-02-01T00:00:00+00:00, execution_date=20230201T000000, start_date=20260620T170518, end_date=20260620T170529
[2026-06-20T17:05:29.738+0000] {local_task_job_runner.py:243} INFO - Task exited with return code 0
[2026-06-20T17:05:29.752+0000] {taskinstance.py:3503} INFO - 0 downstream tasks scheduled from follow-on schedule check
[2026-06-20T17:05:29.753+0000] {local_task_job_runner.py:222} INFO - ::endgroup::
[2026-06-21T01:30:45.442+0000] {local_task_job_runner.py:120} INFO - ::group::Pre task execution logs
[2026-06-21T01:30:45.466+0000] {taskinstance.py:2076} INFO - Dependencies all met for dep_context=non-requeueable deps ti=<TaskInstance: credit_default_ml_pipeline.feature_pipeline.feature_silver_clickstream scheduled__2023-02-01T00:00:00+00:00 [queued]>
[2026-06-21T01:30:45.471+0000] {taskinstance.py:2076} INFO - Dependencies all met for dep_context=requeueable deps ti=<TaskInstance: credit_default_ml_pipeline.feature_pipeline.feature_silver_clickstream scheduled__2023-02-01T00:00:00+00:00 [queued]>
[2026-06-21T01:30:45.472+0000] {taskinstance.py:2306} INFO - Starting attempt 1 of 2
[2026-06-21T01:30:45.484+0000] {taskinstance.py:2330} INFO - Executing <Task(BashOperator): feature_pipeline.feature_silver_clickstream> on 2023-02-01 00:00:00+00:00
[2026-06-21T01:30:45.490+0000] {logging_mixin.py:188} WARNING - /home/***/.local/lib/python3.12/site-packages/***/task/task_runner/standard_task_runner.py:62 DeprecationWarning: This process (pid=4415) is multi-threaded, use of fork() may lead to deadlocks in the child.
[2026-06-21T01:30:45.490+0000] {standard_task_runner.py:90} INFO - Running: ['***', 'tasks', 'run', 'credit_default_ml_pipeline', 'feature_pipeline.feature_silver_clickstream', 'scheduled__2023-02-01T00:00:00+00:00', '--job-id', '3469', '--raw', '--subdir', 'DAGS_FOLDER/dag.py', '--cfg-path', '/tmp/tmpcjd5rhw3']
[2026-06-21T01:30:45.491+0000] {standard_task_runner.py:64} INFO - Started process 4427 to run task
[2026-06-21T01:30:45.492+0000] {standard_task_runner.py:91} INFO - Job 3469: Subtask feature_pipeline.feature_silver_clickstream
[2026-06-21T01:30:45.521+0000] {task_command.py:426} INFO - Running <TaskInstance: credit_default_ml_pipeline.feature_pipeline.feature_silver_clickstream scheduled__2023-02-01T00:00:00+00:00 [running]> on host f6e9e2801916
[2026-06-21T01:30:45.676+0000] {taskinstance.py:2648} INFO - Exporting env vars: AIRFLOW_CTX_DAG_OWNER='***' AIRFLOW_CTX_DAG_ID='credit_default_ml_pipeline' AIRFLOW_CTX_TASK_ID='feature_pipeline.feature_silver_clickstream' AIRFLOW_CTX_EXECUTION_DATE='2023-02-01T00:00:00+00:00' AIRFLOW_CTX_TRY_NUMBER='1' AIRFLOW_CTX_DAG_RUN_ID='scheduled__2023-02-01T00:00:00+00:00'
[2026-06-21T01:30:45.678+0000] {taskinstance.py:430} INFO - ::endgroup::
[2026-06-21T01:30:45.683+0000] {subprocess.py:63} INFO - Tmp dir root location: /tmp
[2026-06-21T01:30:45.685+0000] {subprocess.py:75} INFO - Running command: ['/usr/bin/bash', '-c', 'cd /opt/***/scripts && python3 silver_processing.py --snapshotdate "2023-02-01" --source clickstream']
[2026-06-21T01:30:45.691+0000] {subprocess.py:86} INFO - Output:
[2026-06-21T01:30:47.525+0000] {subprocess.py:93} INFO - Setting default log level to "WARN".
[2026-06-21T01:30:47.526+0000] {subprocess.py:93} INFO - To adjust logging level use sc.setLogLevel(newLevel). For SparkR, use setLogLevel(newLevel).
[2026-06-21T01:30:47.706+0000] {subprocess.py:93} INFO - 26/06/21 01:30:47 WARN NativeCodeLoader: Unable to load native-hadoop library for your platform... using builtin-java classes where applicable
[2026-06-21T01:30:55.655+0000] {subprocess.py:93} INFO - [Stage 5:>                                                          (0 + 1) / 1]
[2026-06-21T01:30:55.657+0000] {subprocess.py:93} INFO - --- silver clickstream 2023-02-01 ---
[2026-06-21T01:30:55.663+0000] {subprocess.py:93} INFO - 
[2026-06-21T01:30:55.664+0000] {subprocess.py:93} INFO - [silver:clickstream] loaded datamart/bronze/clickstream/bronze_clickstream_2023_02_01.csv rows: 8974
[2026-06-21T01:30:55.665+0000] {subprocess.py:93} INFO - [silver:clickstream] saved to: datamart/silver/clickstream/2023_02_01.parquet
[2026-06-21T01:30:55.665+0000] {subprocess.py:93} INFO - 
[2026-06-21T01:30:55.666+0000] {subprocess.py:93} INFO - --- done ---
[2026-06-21T01:30:55.666+0000] {subprocess.py:93} INFO - 
[2026-06-21T01:30:56.063+0000] {subprocess.py:97} INFO - Command exited with return code 0
[2026-06-21T01:30:56.064+0000] {taskinstance.py:441} INFO - ::group::Post task execution logs
[2026-06-21T01:30:56.077+0000] {taskinstance.py:1206} INFO - Marking task as SUCCESS. dag_id=credit_default_ml_pipeline, task_id=feature_pipeline.feature_silver_clickstream, run_id=scheduled__2023-02-01T00:00:00+00:00, execution_date=20230201T000000, start_date=20260621T013045, end_date=20260621T013056
[2026-06-21T01:30:56.106+0000] {local_task_job_runner.py:243} INFO - Task exited with return code 0
[2026-06-21T01:30:56.210+0000] {taskinstance.py:3503} INFO - 0 downstream tasks scheduled from follow-on schedule check
[2026-06-21T01:30:56.211+0000] {local_task_job_runner.py:222} INFO - ::endgroup::
[2026-06-21T05:27:11.778+0000] {local_task_job_runner.py:120} INFO - ::group::Pre task execution logs
[2026-06-21T05:27:11.796+0000] {taskinstance.py:2076} INFO - Dependencies all met for dep_context=non-requeueable deps ti=<TaskInstance: credit_default_ml_pipeline.feature_pipeline.feature_silver_clickstream scheduled__2023-02-01T00:00:00+00:00 [queued]>
[2026-06-21T05:27:11.806+0000] {taskinstance.py:2076} INFO - Dependencies all met for dep_context=requeueable deps ti=<TaskInstance: credit_default_ml_pipeline.feature_pipeline.feature_silver_clickstream scheduled__2023-02-01T00:00:00+00:00 [queued]>
[2026-06-21T05:27:11.806+0000] {taskinstance.py:2306} INFO - Starting attempt 1 of 2
[2026-06-21T05:27:11.818+0000] {taskinstance.py:2330} INFO - Executing <Task(BashOperator): feature_pipeline.feature_silver_clickstream> on 2023-02-01 00:00:00+00:00
[2026-06-21T05:27:11.824+0000] {logging_mixin.py:188} WARNING - /home/***/.local/lib/python3.12/site-packages/***/task/task_runner/standard_task_runner.py:62 DeprecationWarning: This process (pid=4405) is multi-threaded, use of fork() may lead to deadlocks in the child.
[2026-06-21T05:27:11.824+0000] {standard_task_runner.py:90} INFO - Running: ['***', 'tasks', 'run', 'credit_default_ml_pipeline', 'feature_pipeline.feature_silver_clickstream', 'scheduled__2023-02-01T00:00:00+00:00', '--job-id', '3934', '--raw', '--subdir', 'DAGS_FOLDER/dag.py', '--cfg-path', '/tmp/tmphe8ibal8']
[2026-06-21T05:27:11.826+0000] {standard_task_runner.py:64} INFO - Started process 4413 to run task
[2026-06-21T05:27:11.827+0000] {standard_task_runner.py:91} INFO - Job 3934: Subtask feature_pipeline.feature_silver_clickstream
[2026-06-21T05:27:11.998+0000] {task_command.py:426} INFO - Running <TaskInstance: credit_default_ml_pipeline.feature_pipeline.feature_silver_clickstream scheduled__2023-02-01T00:00:00+00:00 [running]> on host 9377a3f0491f
[2026-06-21T05:27:12.044+0000] {taskinstance.py:2648} INFO - Exporting env vars: AIRFLOW_CTX_DAG_OWNER='***' AIRFLOW_CTX_DAG_ID='credit_default_ml_pipeline' AIRFLOW_CTX_TASK_ID='feature_pipeline.feature_silver_clickstream' AIRFLOW_CTX_EXECUTION_DATE='2023-02-01T00:00:00+00:00' AIRFLOW_CTX_TRY_NUMBER='1' AIRFLOW_CTX_DAG_RUN_ID='scheduled__2023-02-01T00:00:00+00:00'
[2026-06-21T05:27:12.046+0000] {taskinstance.py:430} INFO - ::endgroup::
[2026-06-21T05:27:12.053+0000] {subprocess.py:63} INFO - Tmp dir root location: /tmp
[2026-06-21T05:27:12.056+0000] {subprocess.py:75} INFO - Running command: ['/usr/bin/bash', '-c', 'cd /opt/***/scripts && python3 silver_processing.py --snapshotdate "2023-02-01" --source clickstream']
[2026-06-21T05:27:12.063+0000] {subprocess.py:86} INFO - Output:
[2026-06-21T05:27:14.041+0000] {subprocess.py:93} INFO - Setting default log level to "WARN".
[2026-06-21T05:27:14.043+0000] {subprocess.py:93} INFO - To adjust logging level use sc.setLogLevel(newLevel). For SparkR, use setLogLevel(newLevel).
[2026-06-21T05:27:14.215+0000] {subprocess.py:93} INFO - 26/06/21 05:27:14 WARN NativeCodeLoader: Unable to load native-hadoop library for your platform... using builtin-java classes where applicable
[2026-06-21T05:27:14.888+0000] {subprocess.py:93} INFO - 26/06/21 05:27:14 WARN Utils: Service 'SparkUI' could not bind on port 4040. Attempting port 4041.
[2026-06-21T05:27:14.889+0000] {subprocess.py:93} INFO - 26/06/21 05:27:14 WARN Utils: Service 'SparkUI' could not bind on port 4041. Attempting port 4042.
[2026-06-21T05:27:14.891+0000] {subprocess.py:93} INFO - 26/06/21 05:27:14 WARN Utils: Service 'SparkUI' could not bind on port 4042. Attempting port 4043.
[2026-06-21T05:27:22.215+0000] {subprocess.py:93} INFO - [Stage 5:>                                                          (0 + 1) / 1]
[2026-06-21T05:27:22.216+0000] {subprocess.py:93} INFO - --- silver clickstream 2023-02-01 ---
[2026-06-21T05:27:22.217+0000] {subprocess.py:93} INFO - 
[2026-06-21T05:27:22.218+0000] {subprocess.py:93} INFO - [silver:clickstream] loaded datamart/bronze/clickstream/bronze_clickstream_2023_02_01.csv rows: 8974
[2026-06-21T05:27:22.219+0000] {subprocess.py:93} INFO - [silver:clickstream] saved to: datamart/silver/clickstream/2023_02_01.parquet
[2026-06-21T05:27:22.219+0000] {subprocess.py:93} INFO - 
[2026-06-21T05:27:22.220+0000] {subprocess.py:93} INFO - --- done ---
[2026-06-21T05:27:22.221+0000] {subprocess.py:93} INFO - 
[2026-06-21T05:27:22.634+0000] {subprocess.py:97} INFO - Command exited with return code 0
[2026-06-21T05:27:22.636+0000] {taskinstance.py:441} INFO - ::group::Post task execution logs
[2026-06-21T05:27:22.650+0000] {taskinstance.py:1206} INFO - Marking task as SUCCESS. dag_id=credit_default_ml_pipeline, task_id=feature_pipeline.feature_silver_clickstream, run_id=scheduled__2023-02-01T00:00:00+00:00, execution_date=20230201T000000, start_date=20260621T052711, end_date=20260621T052722
[2026-06-21T05:27:22.662+0000] {local_task_job_runner.py:243} INFO - Task exited with return code 0
[2026-06-21T05:27:22.684+0000] {taskinstance.py:3503} INFO - 0 downstream tasks scheduled from follow-on schedule check
[2026-06-21T05:27:22.686+0000] {local_task_job_runner.py:222} INFO - ::endgroup::
[2026-06-25T17:20:05.195+0000] {local_task_job_runner.py:120} INFO - ::group::Pre task execution logs
[2026-06-25T17:20:05.215+0000] {taskinstance.py:2076} INFO - Dependencies all met for dep_context=non-requeueable deps ti=<TaskInstance: credit_default_ml_pipeline.feature_pipeline.feature_silver_clickstream scheduled__2023-02-01T00:00:00+00:00 [queued]>
[2026-06-25T17:20:05.220+0000] {taskinstance.py:2076} INFO - Dependencies all met for dep_context=requeueable deps ti=<TaskInstance: credit_default_ml_pipeline.feature_pipeline.feature_silver_clickstream scheduled__2023-02-01T00:00:00+00:00 [queued]>
[2026-06-25T17:20:05.221+0000] {taskinstance.py:2306} INFO - Starting attempt 1 of 2
[2026-06-25T17:20:05.230+0000] {taskinstance.py:2330} INFO - Executing <Task(BashOperator): feature_pipeline.feature_silver_clickstream> on 2023-02-01 00:00:00+00:00
[2026-06-25T17:20:05.238+0000] {logging_mixin.py:188} WARNING - /home/***/.local/lib/python3.12/site-packages/***/task/task_runner/standard_task_runner.py:62 DeprecationWarning: This process (pid=4376) is multi-threaded, use of fork() may lead to deadlocks in the child.
[2026-06-25T17:20:05.238+0000] {standard_task_runner.py:90} INFO - Running: ['***', 'tasks', 'run', 'credit_default_ml_pipeline', 'feature_pipeline.feature_silver_clickstream', 'scheduled__2023-02-01T00:00:00+00:00', '--job-id', '4397', '--raw', '--subdir', 'DAGS_FOLDER/dag.py', '--cfg-path', '/tmp/tmplp7lzge6']
[2026-06-25T17:20:05.240+0000] {standard_task_runner.py:64} INFO - Started process 4514 to run task
[2026-06-25T17:20:05.241+0000] {standard_task_runner.py:91} INFO - Job 4397: Subtask feature_pipeline.feature_silver_clickstream
[2026-06-25T17:20:05.283+0000] {task_command.py:426} INFO - Running <TaskInstance: credit_default_ml_pipeline.feature_pipeline.feature_silver_clickstream scheduled__2023-02-01T00:00:00+00:00 [running]> on host b54b2be331ab
[2026-06-25T17:20:05.483+0000] {taskinstance.py:2648} INFO - Exporting env vars: AIRFLOW_CTX_DAG_OWNER='***' AIRFLOW_CTX_DAG_ID='credit_default_ml_pipeline' AIRFLOW_CTX_TASK_ID='feature_pipeline.feature_silver_clickstream' AIRFLOW_CTX_EXECUTION_DATE='2023-02-01T00:00:00+00:00' AIRFLOW_CTX_TRY_NUMBER='1' AIRFLOW_CTX_DAG_RUN_ID='scheduled__2023-02-01T00:00:00+00:00'
[2026-06-25T17:20:05.485+0000] {taskinstance.py:430} INFO - ::endgroup::
[2026-06-25T17:20:05.502+0000] {subprocess.py:63} INFO - Tmp dir root location: /tmp
[2026-06-25T17:20:05.509+0000] {subprocess.py:75} INFO - Running command: ['/usr/bin/bash', '-c', 'cd /opt/***/scripts && python3 silver_processing.py --snapshotdate "2023-02-01" --source clickstream']
[2026-06-25T17:20:05.538+0000] {subprocess.py:86} INFO - Output:
[2026-06-25T17:20:07.727+0000] {subprocess.py:93} INFO - Setting default log level to "WARN".
[2026-06-25T17:20:07.730+0000] {subprocess.py:93} INFO - To adjust logging level use sc.setLogLevel(newLevel). For SparkR, use setLogLevel(newLevel).
[2026-06-25T17:20:07.866+0000] {subprocess.py:93} INFO - 26/06/25 17:20:07 WARN NativeCodeLoader: Unable to load native-hadoop library for your platform... using builtin-java classes where applicable
[2026-06-25T17:20:08.417+0000] {subprocess.py:93} INFO - 26/06/25 17:20:08 WARN Utils: Service 'SparkUI' could not bind on port 4040. Attempting port 4041.
[2026-06-25T17:20:08.418+0000] {subprocess.py:93} INFO - 26/06/25 17:20:08 WARN Utils: Service 'SparkUI' could not bind on port 4041. Attempting port 4042.
[2026-06-25T17:20:08.420+0000] {subprocess.py:93} INFO - 26/06/25 17:20:08 WARN Utils: Service 'SparkUI' could not bind on port 4042. Attempting port 4043.
[2026-06-25T17:20:08.421+0000] {subprocess.py:93} INFO - 26/06/25 17:20:08 WARN Utils: Service 'SparkUI' could not bind on port 4043. Attempting port 4044.
[2026-06-25T17:20:14.730+0000] {subprocess.py:93} INFO - [Stage 5:>                                                          (0 + 1) / 1]
[2026-06-25T17:20:14.733+0000] {subprocess.py:93} INFO - --- silver clickstream 2023-02-01 ---
[2026-06-25T17:20:14.734+0000] {subprocess.py:93} INFO - 
[2026-06-25T17:20:14.735+0000] {subprocess.py:93} INFO - [silver:clickstream] loaded datamart/bronze/clickstream/bronze_clickstream_2023_02_01.csv rows: 8974
[2026-06-25T17:20:14.736+0000] {subprocess.py:93} INFO - [silver:clickstream] saved to: datamart/silver/clickstream/2023_02_01.parquet
[2026-06-25T17:20:14.737+0000] {subprocess.py:93} INFO - 
[2026-06-25T17:20:14.737+0000] {subprocess.py:93} INFO - --- done ---
[2026-06-25T17:20:14.738+0000] {subprocess.py:93} INFO - 
[2026-06-25T17:20:15.141+0000] {subprocess.py:97} INFO - Command exited with return code 0
[2026-06-25T17:20:15.144+0000] {taskinstance.py:441} INFO - ::group::Post task execution logs
[2026-06-25T17:20:15.160+0000] {taskinstance.py:1206} INFO - Marking task as SUCCESS. dag_id=credit_default_ml_pipeline, task_id=feature_pipeline.feature_silver_clickstream, run_id=scheduled__2023-02-01T00:00:00+00:00, execution_date=20230201T000000, start_date=20260625T172005, end_date=20260625T172015
[2026-06-25T17:20:15.177+0000] {local_task_job_runner.py:243} INFO - Task exited with return code 0
[2026-06-25T17:20:15.279+0000] {taskinstance.py:3503} INFO - 0 downstream tasks scheduled from follow-on schedule check
[2026-06-25T17:20:15.281+0000] {local_task_job_runner.py:222} INFO - ::endgroup::
[2026-06-26T01:24:34.092+0000] {local_task_job_runner.py:120} INFO - ::group::Pre task execution logs
[2026-06-26T01:24:34.150+0000] {taskinstance.py:2076} INFO - Dependencies all met for dep_context=non-requeueable deps ti=<TaskInstance: credit_default_ml_pipeline.feature_pipeline.feature_silver_clickstream scheduled__2023-02-01T00:00:00+00:00 [queued]>
[2026-06-26T01:24:34.166+0000] {taskinstance.py:2076} INFO - Dependencies all met for dep_context=requeueable deps ti=<TaskInstance: credit_default_ml_pipeline.feature_pipeline.feature_silver_clickstream scheduled__2023-02-01T00:00:00+00:00 [queued]>
[2026-06-26T01:24:34.169+0000] {taskinstance.py:2306} INFO - Starting attempt 1 of 2
[2026-06-26T01:24:34.180+0000] {taskinstance.py:2330} INFO - Executing <Task(BashOperator): feature_pipeline.feature_silver_clickstream> on 2023-02-01 00:00:00+00:00
[2026-06-26T01:24:34.189+0000] {logging_mixin.py:188} WARNING - /home/***/.local/lib/python3.12/site-packages/***/task/task_runner/standard_task_runner.py:62 DeprecationWarning: This process (pid=88015) is multi-threaded, use of fork() may lead to deadlocks in the child.
[2026-06-26T01:24:34.191+0000] {standard_task_runner.py:64} INFO - Started process 88217 to run task
[2026-06-26T01:24:34.192+0000] {standard_task_runner.py:90} INFO - Running: ['***', 'tasks', 'run', 'credit_default_ml_pipeline', 'feature_pipeline.feature_silver_clickstream', 'scheduled__2023-02-01T00:00:00+00:00', '--job-id', '4857', '--raw', '--subdir', 'DAGS_FOLDER/dag.py', '--cfg-path', '/tmp/tmpizak8pt0']
[2026-06-26T01:24:34.197+0000] {standard_task_runner.py:91} INFO - Job 4857: Subtask feature_pipeline.feature_silver_clickstream
[2026-06-26T01:24:34.263+0000] {task_command.py:426} INFO - Running <TaskInstance: credit_default_ml_pipeline.feature_pipeline.feature_silver_clickstream scheduled__2023-02-01T00:00:00+00:00 [running]> on host b54b2be331ab
[2026-06-26T01:24:34.497+0000] {taskinstance.py:2648} INFO - Exporting env vars: AIRFLOW_CTX_DAG_OWNER='***' AIRFLOW_CTX_DAG_ID='credit_default_ml_pipeline' AIRFLOW_CTX_TASK_ID='feature_pipeline.feature_silver_clickstream' AIRFLOW_CTX_EXECUTION_DATE='2023-02-01T00:00:00+00:00' AIRFLOW_CTX_TRY_NUMBER='1' AIRFLOW_CTX_DAG_RUN_ID='scheduled__2023-02-01T00:00:00+00:00'
[2026-06-26T01:24:34.499+0000] {taskinstance.py:430} INFO - ::endgroup::
[2026-06-26T01:24:34.510+0000] {subprocess.py:63} INFO - Tmp dir root location: /tmp
[2026-06-26T01:24:34.515+0000] {subprocess.py:75} INFO - Running command: ['/usr/bin/bash', '-c', 'cd /opt/***/scripts && python3 silver_processing.py --snapshotdate "2023-02-01" --source clickstream']
[2026-06-26T01:24:34.533+0000] {subprocess.py:86} INFO - Output:
[2026-06-26T01:24:37.130+0000] {subprocess.py:93} INFO - Setting default log level to "WARN".
[2026-06-26T01:24:37.135+0000] {subprocess.py:93} INFO - To adjust logging level use sc.setLogLevel(newLevel). For SparkR, use setLogLevel(newLevel).
[2026-06-26T01:24:37.405+0000] {subprocess.py:93} INFO - 26/06/26 01:24:37 WARN NativeCodeLoader: Unable to load native-hadoop library for your platform... using builtin-java classes where applicable
[2026-06-26T01:24:38.311+0000] {subprocess.py:93} INFO - 26/06/26 01:24:38 WARN Utils: Service 'SparkUI' could not bind on port 4040. Attempting port 4041.
[2026-06-26T01:24:38.314+0000] {subprocess.py:93} INFO - 26/06/26 01:24:38 WARN Utils: Service 'SparkUI' could not bind on port 4041. Attempting port 4042.
[2026-06-26T01:24:38.318+0000] {subprocess.py:93} INFO - 26/06/26 01:24:38 WARN Utils: Service 'SparkUI' could not bind on port 4042. Attempting port 4043.
[2026-06-26T01:24:38.320+0000] {subprocess.py:93} INFO - 26/06/26 01:24:38 WARN Utils: Service 'SparkUI' could not bind on port 4043. Attempting port 4044.
[2026-06-26T01:24:47.351+0000] {subprocess.py:93} INFO - [Stage 0:>                                                          (0 + 1) / 1]                                                                                [Stage 5:>                                                          (0 + 1) / 1]
[2026-06-26T01:24:47.354+0000] {subprocess.py:93} INFO - --- silver clickstream 2023-02-01 ---
[2026-06-26T01:24:47.356+0000] {subprocess.py:93} INFO - 
[2026-06-26T01:24:47.357+0000] {subprocess.py:93} INFO - [silver:clickstream] loaded datamart/bronze/clickstream/bronze_clickstream_2023_02_01.csv rows: 8974
[2026-06-26T01:24:47.359+0000] {subprocess.py:93} INFO - [silver:clickstream] saved to: datamart/silver/clickstream/2023_02_01.parquet
[2026-06-26T01:24:47.360+0000] {subprocess.py:93} INFO - 
[2026-06-26T01:24:47.363+0000] {subprocess.py:93} INFO - --- done ---
[2026-06-26T01:24:47.365+0000] {subprocess.py:93} INFO - 
[2026-06-26T01:24:47.826+0000] {subprocess.py:97} INFO - Command exited with return code 0
[2026-06-26T01:24:47.828+0000] {taskinstance.py:441} INFO - ::group::Post task execution logs
[2026-06-26T01:24:47.860+0000] {taskinstance.py:1206} INFO - Marking task as SUCCESS. dag_id=credit_default_ml_pipeline, task_id=feature_pipeline.feature_silver_clickstream, run_id=scheduled__2023-02-01T00:00:00+00:00, execution_date=20230201T000000, start_date=20260626T012434, end_date=20260626T012447
[2026-06-26T01:24:47.885+0000] {local_task_job_runner.py:243} INFO - Task exited with return code 0
[2026-06-26T01:24:48.036+0000] {taskinstance.py:3503} INFO - 0 downstream tasks scheduled from follow-on schedule check
[2026-06-26T01:24:48.037+0000] {local_task_job_runner.py:222} INFO - ::endgroup::
