[2026-06-18T03:40:09.190+0000] {local_task_job_runner.py:120} INFO - ::group::Pre task execution logs
[2026-06-18T03:40:09.206+0000] {taskinstance.py:2076} INFO - Dependencies all met for dep_context=non-requeueable deps ti=<TaskInstance: credit_default_ml_pipeline.inference.champion_inference scheduled__2023-01-01T00:00:00+00:00 [queued]>
[2026-06-18T03:40:09.212+0000] {taskinstance.py:2076} INFO - Dependencies all met for dep_context=requeueable deps ti=<TaskInstance: credit_default_ml_pipeline.inference.champion_inference scheduled__2023-01-01T00:00:00+00:00 [queued]>
[2026-06-18T03:40:09.213+0000] {taskinstance.py:2306} INFO - Starting attempt 3 of 4
[2026-06-18T03:40:09.219+0000] {taskinstance.py:2330} INFO - Executing <Task(BashOperator): inference.champion_inference> on 2023-01-01 00:00:00+00:00
[2026-06-18T03:40:09.224+0000] {logging_mixin.py:188} WARNING - /home/***/.local/lib/python3.12/site-packages/***/task/task_runner/standard_task_runner.py:62 DeprecationWarning: This process (pid=30403) is multi-threaded, use of fork() may lead to deadlocks in the child.
[2026-06-18T03:40:09.224+0000] {standard_task_runner.py:64} INFO - Started process 30407 to run task
[2026-06-18T03:40:09.224+0000] {standard_task_runner.py:90} INFO - Running: ['***', 'tasks', 'run', 'credit_default_ml_pipeline', 'inference.champion_inference', 'scheduled__2023-01-01T00:00:00+00:00', '--job-id', '938', '--raw', '--subdir', 'DAGS_FOLDER/dag.py', '--cfg-path', '/tmp/tmplb1980kr']
[2026-06-18T03:40:09.225+0000] {standard_task_runner.py:91} INFO - Job 938: Subtask inference.champion_inference
[2026-06-18T03:40:09.247+0000] {task_command.py:426} INFO - Running <TaskInstance: credit_default_ml_pipeline.inference.champion_inference scheduled__2023-01-01T00:00:00+00:00 [running]> on host bfbc24b887a5
[2026-06-18T03:40:09.383+0000] {taskinstance.py:2648} INFO - Exporting env vars: AIRFLOW_CTX_DAG_OWNER='***' AIRFLOW_CTX_DAG_ID='credit_default_ml_pipeline' AIRFLOW_CTX_TASK_ID='inference.champion_inference' AIRFLOW_CTX_EXECUTION_DATE='2023-01-01T00:00:00+00:00' AIRFLOW_CTX_TRY_NUMBER='3' AIRFLOW_CTX_DAG_RUN_ID='scheduled__2023-01-01T00:00:00+00:00'
[2026-06-18T03:40:09.384+0000] {taskinstance.py:430} INFO - ::endgroup::
[2026-06-18T03:40:09.389+0000] {subprocess.py:63} INFO - Tmp dir root location: /tmp
[2026-06-18T03:40:09.389+0000] {subprocess.py:75} INFO - Running command: ['/usr/bin/bash', '-c', 'cd /opt/***/scripts && if [ -f model_bank/champion.txt ]; then CHAMPION=$(cat model_bank/champion.txt) && python3 model_inference.py --snapshotdate "2023-01-01" --modelname "$CHAMPION"; else echo "[skip] champion.txt not found yet - no model deployed as of 2023-01-01"; fi']
[2026-06-18T03:40:09.395+0000] {subprocess.py:86} INFO - Output:
[2026-06-18T03:40:09.396+0000] {subprocess.py:93} INFO - [skip] champion.txt not found yet - no model deployed as of 2023-01-01
[2026-06-18T03:40:09.397+0000] {subprocess.py:97} INFO - Command exited with return code 0
[2026-06-18T03:40:09.398+0000] {taskinstance.py:441} INFO - ::group::Post task execution logs
[2026-06-18T03:40:09.409+0000] {taskinstance.py:1206} INFO - Marking task as SUCCESS. dag_id=credit_default_ml_pipeline, task_id=inference.champion_inference, run_id=scheduled__2023-01-01T00:00:00+00:00, execution_date=20230101T000000, start_date=20260618T034009, end_date=20260618T034009
[2026-06-18T03:40:09.450+0000] {local_task_job_runner.py:243} INFO - Task exited with return code 0
[2026-06-18T03:40:09.464+0000] {taskinstance.py:3503} INFO - 0 downstream tasks scheduled from follow-on schedule check
[2026-06-18T03:40:09.465+0000] {local_task_job_runner.py:222} INFO - ::endgroup::
