[2026-06-18T04:04:18.472+0000] {local_task_job_runner.py:120} INFO - ::group::Pre task execution logs
[2026-06-18T04:04:18.492+0000] {taskinstance.py:2076} INFO - Dependencies all met for dep_context=non-requeueable deps ti=<TaskInstance: credit_default_ml_pipeline.feature_pipeline.feature_bronze_attributes scheduled__2023-12-01T00:00:00+00:00 [queued]>
[2026-06-18T04:04:18.500+0000] {taskinstance.py:2076} INFO - Dependencies all met for dep_context=requeueable deps ti=<TaskInstance: credit_default_ml_pipeline.feature_pipeline.feature_bronze_attributes scheduled__2023-12-01T00:00:00+00:00 [queued]>
[2026-06-18T04:04:18.501+0000] {taskinstance.py:2306} INFO - Starting attempt 4 of 5
[2026-06-18T04:04:18.514+0000] {taskinstance.py:2330} INFO - Executing <Task(BashOperator): feature_pipeline.feature_bronze_attributes> on 2023-12-01 00:00:00+00:00
[2026-06-18T04:04:18.520+0000] {logging_mixin.py:188} WARNING - /home/***/.local/lib/python3.12/site-packages/***/task/task_runner/standard_task_runner.py:62 DeprecationWarning: This process (pid=59186) is multi-threaded, use of fork() may lead to deadlocks in the child.
[2026-06-18T04:04:18.521+0000] {standard_task_runner.py:90} INFO - Running: ['***', 'tasks', 'run', 'credit_default_ml_pipeline', 'feature_pipeline.feature_bronze_attributes', 'scheduled__2023-12-01T00:00:00+00:00', '--job-id', '1106', '--raw', '--subdir', 'DAGS_FOLDER/dag.py', '--cfg-path', '/tmp/tmp28newes4']
[2026-06-18T04:04:18.523+0000] {standard_task_runner.py:64} INFO - Started process 59196 to run task
[2026-06-18T04:04:18.524+0000] {standard_task_runner.py:91} INFO - Job 1106: Subtask feature_pipeline.feature_bronze_attributes
[2026-06-18T04:04:18.564+0000] {task_command.py:426} INFO - Running <TaskInstance: credit_default_ml_pipeline.feature_pipeline.feature_bronze_attributes scheduled__2023-12-01T00:00:00+00:00 [running]> on host bfbc24b887a5
[2026-06-18T04:04:18.803+0000] {taskinstance.py:2648} INFO - Exporting env vars: AIRFLOW_CTX_DAG_OWNER='***' AIRFLOW_CTX_DAG_ID='credit_default_ml_pipeline' AIRFLOW_CTX_TASK_ID='feature_pipeline.feature_bronze_attributes' AIRFLOW_CTX_EXECUTION_DATE='2023-12-01T00:00:00+00:00' AIRFLOW_CTX_TRY_NUMBER='4' AIRFLOW_CTX_DAG_RUN_ID='scheduled__2023-12-01T00:00:00+00:00'
[2026-06-18T04:04:18.806+0000] {taskinstance.py:430} INFO - ::endgroup::
[2026-06-18T04:04:18.814+0000] {subprocess.py:63} INFO - Tmp dir root location: /tmp
[2026-06-18T04:04:18.816+0000] {subprocess.py:75} INFO - Running command: ['/usr/bin/bash', '-c', 'cd /opt/***/scripts && python3 bronze_processing.py --snapshotdate "2023-12-01" --source attributes']
[2026-06-18T04:04:18.825+0000] {subprocess.py:86} INFO - Output:
[2026-06-18T04:04:22.196+0000] {subprocess.py:93} INFO - Setting default log level to "WARN".
[2026-06-18T04:04:22.198+0000] {subprocess.py:93} INFO - To adjust logging level use sc.setLogLevel(newLevel). For SparkR, use setLogLevel(newLevel).
[2026-06-18T04:04:22.542+0000] {subprocess.py:93} INFO - 26/06/18 04:04:22 WARN NativeCodeLoader: Unable to load native-hadoop library for your platform... using builtin-java classes where applicable
[2026-06-18T04:04:23.653+0000] {subprocess.py:93} INFO - 26/06/18 04:04:23 WARN Utils: Service 'SparkUI' could not bind on port 4040. Attempting port 4041.
[2026-06-18T04:04:23.656+0000] {subprocess.py:93} INFO - 26/06/18 04:04:23 WARN Utils: Service 'SparkUI' could not bind on port 4041. Attempting port 4042.
[2026-06-18T04:04:35.193+0000] {subprocess.py:93} INFO - [Stage 0:>                                                          (0 + 1) / 1]                                                                                [Stage 1:>                                                          (0 + 1) / 1]
[2026-06-18T04:04:35.197+0000] {subprocess.py:93} INFO - --- bronze attributes 2023-12-01 ---
[2026-06-18T04:04:35.207+0000] {subprocess.py:93} INFO - 
[2026-06-18T04:04:35.211+0000] {subprocess.py:93} INFO - [bronze:attributes] 2023-12-01 row count: 489
[2026-06-18T04:04:35.213+0000] {subprocess.py:93} INFO - [bronze:attributes] saved to: datamart/bronze/attributes/bronze_attributes_2023_12_01.csv
[2026-06-18T04:04:35.216+0000] {subprocess.py:93} INFO - 
[2026-06-18T04:04:35.217+0000] {subprocess.py:93} INFO - --- done ---
[2026-06-18T04:04:35.219+0000] {subprocess.py:93} INFO - 
[2026-06-18T04:04:36.087+0000] {subprocess.py:97} INFO - Command exited with return code 0
[2026-06-18T04:04:36.092+0000] {taskinstance.py:441} INFO - ::group::Post task execution logs
[2026-06-18T04:04:36.142+0000] {taskinstance.py:1206} INFO - Marking task as SUCCESS. dag_id=credit_default_ml_pipeline, task_id=feature_pipeline.feature_bronze_attributes, run_id=scheduled__2023-12-01T00:00:00+00:00, execution_date=20231201T000000, start_date=20260618T040418, end_date=20260618T040436
[2026-06-18T04:04:36.205+0000] {local_task_job_runner.py:243} INFO - Task exited with return code 0
[2026-06-18T04:04:36.565+0000] {taskinstance.py:3503} INFO - 1 downstream tasks scheduled from follow-on schedule check
[2026-06-18T04:04:36.569+0000] {local_task_job_runner.py:222} INFO - ::endgroup::
