[2026-06-16T11:23:36.642+0000] {local_task_job_runner.py:120} INFO - ::group::Pre task execution logs
[2026-06-16T11:23:36.654+0000] {taskinstance.py:2076} INFO - Dependencies all met for dep_context=non-requeueable deps ti=<TaskInstance: credit_default_ml_pipeline.branch_should_train scheduled__2023-02-01T00:00:00+00:00 [queued]>
[2026-06-16T11:23:36.658+0000] {taskinstance.py:2076} INFO - Dependencies all met for dep_context=requeueable deps ti=<TaskInstance: credit_default_ml_pipeline.branch_should_train scheduled__2023-02-01T00:00:00+00:00 [queued]>
[2026-06-16T11:23:36.658+0000] {taskinstance.py:2306} INFO - Starting attempt 1 of 2
[2026-06-16T11:23:36.662+0000] {taskinstance.py:2330} INFO - Executing <Task(BranchPythonOperator): branch_should_train> on 2023-02-01 00:00:00+00:00
[2026-06-16T11:23:36.667+0000] {logging_mixin.py:188} WARNING - /home/***/.local/lib/python3.12/site-packages/***/task/task_runner/standard_task_runner.py:62 DeprecationWarning: This process (pid=6342) is multi-threaded, use of fork() may lead to deadlocks in the child.
[2026-06-16T11:23:36.666+0000] {standard_task_runner.py:90} INFO - Running: ['***', 'tasks', 'run', 'credit_default_ml_pipeline', 'branch_should_train', 'scheduled__2023-02-01T00:00:00+00:00', '--job-id', '31', '--raw', '--subdir', 'DAGS_FOLDER/dag.py', '--cfg-path', '/tmp/tmpgzcvnvb0']
[2026-06-16T11:23:36.667+0000] {standard_task_runner.py:64} INFO - Started process 6343 to run task
[2026-06-16T11:23:36.667+0000] {standard_task_runner.py:91} INFO - Job 31: Subtask branch_should_train
[2026-06-16T11:23:36.684+0000] {task_command.py:426} INFO - Running <TaskInstance: credit_default_ml_pipeline.branch_should_train scheduled__2023-02-01T00:00:00+00:00 [running]> on host 1cab6e97738a
[2026-06-16T11:23:36.709+0000] {taskinstance.py:2648} INFO - Exporting env vars: AIRFLOW_CTX_DAG_OWNER='***' AIRFLOW_CTX_DAG_ID='credit_default_ml_pipeline' AIRFLOW_CTX_TASK_ID='branch_should_train' AIRFLOW_CTX_EXECUTION_DATE='2023-02-01T00:00:00+00:00' AIRFLOW_CTX_TRY_NUMBER='1' AIRFLOW_CTX_DAG_RUN_ID='scheduled__2023-02-01T00:00:00+00:00'
[2026-06-16T11:23:36.711+0000] {taskinstance.py:430} INFO - ::endgroup::
[2026-06-16T11:23:36.715+0000] {baseoperator.py:400} WARNING - BranchPythonOperator.execute cannot be called outside TaskInstance!
[2026-06-16T11:23:36.716+0000] {python.py:237} INFO - Done. Returned value was: skip_training
[2026-06-16T11:23:36.716+0000] {branch.py:36} INFO - Branch into skip_training
[2026-06-16T11:23:36.717+0000] {skipmixin.py:178} INFO - Following branch skip_training
[2026-06-16T11:23:36.721+0000] {skipmixin.py:246} INFO - Skipping tasks [('model_train', -1)]
[2026-06-16T11:23:36.727+0000] {taskinstance.py:441} INFO - ::group::Post task execution logs
[2026-06-16T11:23:36.732+0000] {taskinstance.py:1206} INFO - Marking task as SUCCESS. dag_id=credit_default_ml_pipeline, task_id=branch_should_train, run_id=scheduled__2023-02-01T00:00:00+00:00, execution_date=20230201T000000, start_date=20260616T112336, end_date=20260616T112336
[2026-06-16T11:23:36.769+0000] {local_task_job_runner.py:243} INFO - Task exited with return code 0
[2026-06-16T11:23:36.781+0000] {taskinstance.py:3503} INFO - 0 downstream tasks scheduled from follow-on schedule check
[2026-06-16T11:23:36.782+0000] {local_task_job_runner.py:222} INFO - ::endgroup::
