[2026-06-18T04:32:28.216+0000] {local_task_job_runner.py:120} INFO - ::group::Pre task execution logs
[2026-06-18T04:32:28.229+0000] {taskinstance.py:2076} INFO - Dependencies all met for dep_context=non-requeueable deps ti=<TaskInstance: credit_default_ml_pipeline.feature_pipeline.gold_feature_store scheduled__2024-08-01T00:00:00+00:00 [queued]>
[2026-06-18T04:32:28.234+0000] {taskinstance.py:2076} INFO - Dependencies all met for dep_context=requeueable deps ti=<TaskInstance: credit_default_ml_pipeline.feature_pipeline.gold_feature_store scheduled__2024-08-01T00:00:00+00:00 [queued]>
[2026-06-18T04:32:28.235+0000] {taskinstance.py:2306} INFO - Starting attempt 3 of 4
[2026-06-18T04:32:28.240+0000] {taskinstance.py:2330} INFO - Executing <Task(BashOperator): feature_pipeline.gold_feature_store> on 2024-08-01 00:00:00+00:00
[2026-06-18T04:32:28.244+0000] {logging_mixin.py:188} WARNING - /home/***/.local/lib/python3.12/site-packages/***/task/task_runner/standard_task_runner.py:62 DeprecationWarning: This process (pid=88089) is multi-threaded, use of fork() may lead to deadlocks in the child.
[2026-06-18T04:32:28.245+0000] {standard_task_runner.py:64} INFO - Started process 88091 to run task
[2026-06-18T04:32:28.244+0000] {standard_task_runner.py:90} INFO - Running: ['***', 'tasks', 'run', 'credit_default_ml_pipeline', 'feature_pipeline.gold_feature_store', 'scheduled__2024-08-01T00:00:00+00:00', '--job-id', '1258', '--raw', '--subdir', 'DAGS_FOLDER/dag.py', '--cfg-path', '/tmp/tmpype4q0mg']
[2026-06-18T04:32:28.246+0000] {standard_task_runner.py:91} INFO - Job 1258: Subtask feature_pipeline.gold_feature_store
[2026-06-18T04:32:28.270+0000] {task_command.py:426} INFO - Running <TaskInstance: credit_default_ml_pipeline.feature_pipeline.gold_feature_store scheduled__2024-08-01T00:00:00+00:00 [running]> on host bfbc24b887a5
[2026-06-18T04:32:28.387+0000] {taskinstance.py:2648} INFO - Exporting env vars: AIRFLOW_CTX_DAG_OWNER='***' AIRFLOW_CTX_DAG_ID='credit_default_ml_pipeline' AIRFLOW_CTX_TASK_ID='feature_pipeline.gold_feature_store' AIRFLOW_CTX_EXECUTION_DATE='2024-08-01T00:00:00+00:00' AIRFLOW_CTX_TRY_NUMBER='3' AIRFLOW_CTX_DAG_RUN_ID='scheduled__2024-08-01T00:00:00+00:00'
[2026-06-18T04:32:28.388+0000] {taskinstance.py:430} INFO - ::endgroup::
[2026-06-18T04:32:28.392+0000] {subprocess.py:63} INFO - Tmp dir root location: /tmp
[2026-06-18T04:32:28.393+0000] {subprocess.py:75} INFO - Running command: ['/usr/bin/bash', '-c', 'cd /opt/***/scripts && python3 gold_feature_store.py --snapshotdate "2024-08-01"']
[2026-06-18T04:32:28.398+0000] {subprocess.py:86} INFO - Output:
[2026-06-18T04:32:29.788+0000] {subprocess.py:93} INFO - Setting default log level to "WARN".
[2026-06-18T04:32:29.789+0000] {subprocess.py:93} INFO - To adjust logging level use sc.setLogLevel(newLevel). For SparkR, use setLogLevel(newLevel).
[2026-06-18T04:32:29.970+0000] {subprocess.py:93} INFO - 26/06/18 04:32:29 WARN NativeCodeLoader: Unable to load native-hadoop library for your platform... using builtin-java classes where applicable
[2026-06-18T04:32:49.612+0000] {subprocess.py:93} INFO - [Stage 11:>                                                       (0 + 10) / 10]                                                                                [Stage 18:>                                                         (0 + 1) / 1]                                                                                [Stage 63:>                                                         (0 + 1) / 1]
[2026-06-18T04:32:49.616+0000] {subprocess.py:93} INFO - --- gold feature 2024-08-01 ---
[2026-06-18T04:32:49.617+0000] {subprocess.py:93} INFO - 
[2026-06-18T04:32:49.618+0000] {subprocess.py:93} INFO - [gold:feature] 2024-08-01 applications (mob=0): 543
[2026-06-18T04:32:49.619+0000] {subprocess.py:93} INFO - [gold:feature] saved to: datamart/gold/feature_store/gold_feature_store_2024_08_01.parquet (543 rows, 86 cols)
[2026-06-18T04:32:49.620+0000] {subprocess.py:93} INFO - 
[2026-06-18T04:32:49.620+0000] {subprocess.py:93} INFO - --- done ---
[2026-06-18T04:32:49.621+0000] {subprocess.py:93} INFO - 
[2026-06-18T04:32:50.247+0000] {subprocess.py:97} INFO - Command exited with return code 0
[2026-06-18T04:32:50.249+0000] {taskinstance.py:441} INFO - ::group::Post task execution logs
[2026-06-18T04:32:50.270+0000] {taskinstance.py:1206} INFO - Marking task as SUCCESS. dag_id=credit_default_ml_pipeline, task_id=feature_pipeline.gold_feature_store, run_id=scheduled__2024-08-01T00:00:00+00:00, execution_date=20240801T000000, start_date=20260618T043228, end_date=20260618T043250
[2026-06-18T04:32:50.327+0000] {local_task_job_runner.py:243} INFO - Task exited with return code 0
[2026-06-18T04:32:50.502+0000] {taskinstance.py:3503} INFO - 0 downstream tasks scheduled from follow-on schedule check
[2026-06-18T04:32:50.504+0000] {local_task_job_runner.py:222} INFO - ::endgroup::
