[2026-06-18T03:43:08.046+0000] {local_task_job_runner.py:120} INFO - ::group::Pre task execution logs
[2026-06-18T03:43:08.060+0000] {taskinstance.py:2076} INFO - Dependencies all met for dep_context=non-requeueable deps ti=<TaskInstance: credit_default_ml_pipeline.monitoring.champion_monitor scheduled__2023-02-01T00:00:00+00:00 [queued]>
[2026-06-18T03:43:08.065+0000] {taskinstance.py:2076} INFO - Dependencies all met for dep_context=requeueable deps ti=<TaskInstance: credit_default_ml_pipeline.monitoring.champion_monitor scheduled__2023-02-01T00:00:00+00:00 [queued]>
[2026-06-18T03:43:08.066+0000] {taskinstance.py:2306} INFO - Starting attempt 3 of 4
[2026-06-18T03:43:08.071+0000] {taskinstance.py:2330} INFO - Executing <Task(BashOperator): monitoring.champion_monitor> on 2023-02-01 00:00:00+00:00
[2026-06-18T03:43:08.075+0000] {logging_mixin.py:188} WARNING - /home/***/.local/lib/python3.12/site-packages/***/task/task_runner/standard_task_runner.py:62 DeprecationWarning: This process (pid=33663) is multi-threaded, use of fork() may lead to deadlocks in the child.
[2026-06-18T03:43:08.076+0000] {standard_task_runner.py:64} INFO - Started process 33669 to run task
[2026-06-18T03:43:08.076+0000] {standard_task_runner.py:90} INFO - Running: ['***', 'tasks', 'run', 'credit_default_ml_pipeline', 'monitoring.champion_monitor', 'scheduled__2023-02-01T00:00:00+00:00', '--job-id', '960', '--raw', '--subdir', 'DAGS_FOLDER/dag.py', '--cfg-path', '/tmp/tmp12jlhf2h']
[2026-06-18T03:43:08.078+0000] {standard_task_runner.py:91} INFO - Job 960: Subtask monitoring.champion_monitor
[2026-06-18T03:43:08.100+0000] {task_command.py:426} INFO - Running <TaskInstance: credit_default_ml_pipeline.monitoring.champion_monitor scheduled__2023-02-01T00:00:00+00:00 [running]> on host bfbc24b887a5
[2026-06-18T03:43:08.236+0000] {taskinstance.py:2648} INFO - Exporting env vars: AIRFLOW_CTX_DAG_OWNER='***' AIRFLOW_CTX_DAG_ID='credit_default_ml_pipeline' AIRFLOW_CTX_TASK_ID='monitoring.champion_monitor' AIRFLOW_CTX_EXECUTION_DATE='2023-02-01T00:00:00+00:00' AIRFLOW_CTX_TRY_NUMBER='3' AIRFLOW_CTX_DAG_RUN_ID='scheduled__2023-02-01T00:00:00+00:00'
[2026-06-18T03:43:08.237+0000] {taskinstance.py:430} INFO - ::endgroup::
[2026-06-18T03:43:08.242+0000] {subprocess.py:63} INFO - Tmp dir root location: /tmp
[2026-06-18T03:43:08.242+0000] {subprocess.py:75} INFO - Running command: ['/usr/bin/bash', '-c', 'cd /opt/***/scripts && if [ -f model_bank/champion.txt ]; then CHAMPION=$(cat model_bank/champion.txt) && python3 model_monitor.py --snapshotdate "2023-02-01" --modelname "$CHAMPION"; else echo "[skip] champion.txt not found yet - no model deployed as of 2023-02-01"; fi']
[2026-06-18T03:43:08.249+0000] {subprocess.py:86} INFO - Output:
[2026-06-18T03:43:08.250+0000] {subprocess.py:93} INFO - [skip] champion.txt not found yet - no model deployed as of 2023-02-01
[2026-06-18T03:43:08.251+0000] {subprocess.py:97} INFO - Command exited with return code 0
[2026-06-18T03:43:08.251+0000] {taskinstance.py:441} INFO - ::group::Post task execution logs
[2026-06-18T03:43:08.260+0000] {taskinstance.py:1206} INFO - Marking task as SUCCESS. dag_id=credit_default_ml_pipeline, task_id=monitoring.champion_monitor, run_id=scheduled__2023-02-01T00:00:00+00:00, execution_date=20230201T000000, start_date=20260618T034308, end_date=20260618T034308
[2026-06-18T03:43:08.296+0000] {local_task_job_runner.py:243} INFO - Task exited with return code 0
[2026-06-18T03:43:08.315+0000] {taskinstance.py:3503} INFO - 0 downstream tasks scheduled from follow-on schedule check
[2026-06-18T03:43:08.321+0000] {local_task_job_runner.py:222} INFO - ::endgroup::
