[2026-06-20T08:06:17.411+0000] {local_task_job_runner.py:120} INFO - ::group::Pre task execution logs
[2026-06-20T08:06:17.423+0000] {taskinstance.py:2076} INFO - Dependencies all met for dep_context=non-requeueable deps ti=<TaskInstance: credit_default_ml_pipeline.monitoring.check_drift_alert scheduled__2024-07-01T00:00:00+00:00 [queued]>
[2026-06-20T08:06:17.426+0000] {taskinstance.py:2076} INFO - Dependencies all met for dep_context=requeueable deps ti=<TaskInstance: credit_default_ml_pipeline.monitoring.check_drift_alert scheduled__2024-07-01T00:00:00+00:00 [queued]>
[2026-06-20T08:06:17.426+0000] {taskinstance.py:2306} INFO - Starting attempt 1 of 2
[2026-06-20T08:06:17.502+0000] {taskinstance.py:2330} INFO - Executing <Task(ShortCircuitOperator): monitoring.check_drift_alert> on 2024-07-01 00:00:00+00:00
[2026-06-20T08:06:17.506+0000] {logging_mixin.py:188} WARNING - /home/***/.local/lib/python3.12/site-packages/***/task/task_runner/standard_task_runner.py:62 DeprecationWarning: This process (pid=56112) is multi-threaded, use of fork() may lead to deadlocks in the child.
[2026-06-20T08:06:17.507+0000] {standard_task_runner.py:64} INFO - Started process 56114 to run task
[2026-06-20T08:06:17.507+0000] {standard_task_runner.py:90} INFO - Running: ['***', 'tasks', 'run', 'credit_default_ml_pipeline', 'monitoring.check_drift_alert', 'scheduled__2024-07-01T00:00:00+00:00', '--job-id', '2294', '--raw', '--subdir', 'DAGS_FOLDER/dag.py', '--cfg-path', '/tmp/tmphj2egr_i']
[2026-06-20T08:06:17.508+0000] {standard_task_runner.py:91} INFO - Job 2294: Subtask monitoring.check_drift_alert
[2026-06-20T08:06:17.525+0000] {task_command.py:426} INFO - Running <TaskInstance: credit_default_ml_pipeline.monitoring.check_drift_alert scheduled__2024-07-01T00:00:00+00:00 [running]> on host 9cf341f51c89
[2026-06-20T08:06:17.549+0000] {taskinstance.py:2648} INFO - Exporting env vars: AIRFLOW_CTX_DAG_OWNER='***' AIRFLOW_CTX_DAG_ID='credit_default_ml_pipeline' AIRFLOW_CTX_TASK_ID='monitoring.check_drift_alert' AIRFLOW_CTX_EXECUTION_DATE='2024-07-01T00:00:00+00:00' AIRFLOW_CTX_TRY_NUMBER='1' AIRFLOW_CTX_DAG_RUN_ID='scheduled__2024-07-01T00:00:00+00:00'
[2026-06-20T08:06:17.550+0000] {taskinstance.py:430} INFO - ::endgroup::
[2026-06-20T08:06:17.554+0000] {baseoperator.py:400} WARNING - ShortCircuitOperator.execute cannot be called outside TaskInstance!
[2026-06-20T08:06:17.555+0000] {python.py:237} INFO - Done. Returned value was: False
[2026-06-20T08:06:17.555+0000] {python.py:304} INFO - Condition result is False
[2026-06-20T08:06:17.556+0000] {python.py:331} INFO - Skipping downstream tasks
[2026-06-20T08:06:17.562+0000] {python.py:339} INFO - Done.
[2026-06-20T08:06:17.563+0000] {taskinstance.py:441} INFO - ::group::Post task execution logs
[2026-06-20T08:06:17.568+0000] {taskinstance.py:1206} INFO - Marking task as SUCCESS. dag_id=credit_default_ml_pipeline, task_id=monitoring.check_drift_alert, run_id=scheduled__2024-07-01T00:00:00+00:00, execution_date=20240701T000000, start_date=20260620T080617, end_date=20260620T080617
[2026-06-20T08:06:17.604+0000] {local_task_job_runner.py:243} INFO - Task exited with return code 0
[2026-06-20T08:06:17.612+0000] {taskinstance.py:3503} INFO - 0 downstream tasks scheduled from follow-on schedule check
[2026-06-20T08:06:17.612+0000] {local_task_job_runner.py:222} INFO - ::endgroup::
[2026-06-20T16:03:14.558+0000] {local_task_job_runner.py:120} INFO - ::group::Pre task execution logs
[2026-06-20T16:03:14.569+0000] {taskinstance.py:2076} INFO - Dependencies all met for dep_context=non-requeueable deps ti=<TaskInstance: credit_default_ml_pipeline.monitoring.check_drift_alert scheduled__2024-07-01T00:00:00+00:00 [queued]>
[2026-06-20T16:03:14.572+0000] {taskinstance.py:2076} INFO - Dependencies all met for dep_context=requeueable deps ti=<TaskInstance: credit_default_ml_pipeline.monitoring.check_drift_alert scheduled__2024-07-01T00:00:00+00:00 [queued]>
[2026-06-20T16:03:14.573+0000] {taskinstance.py:2306} INFO - Starting attempt 1 of 2
[2026-06-20T16:03:14.641+0000] {taskinstance.py:2330} INFO - Executing <Task(ShortCircuitOperator): monitoring.check_drift_alert> on 2024-07-01 00:00:00+00:00
[2026-06-20T16:03:14.644+0000] {logging_mixin.py:188} WARNING - /home/***/.local/lib/python3.12/site-packages/***/task/task_runner/standard_task_runner.py:62 DeprecationWarning: This process (pid=42439) is multi-threaded, use of fork() may lead to deadlocks in the child.
[2026-06-20T16:03:14.645+0000] {standard_task_runner.py:64} INFO - Started process 42441 to run task
[2026-06-20T16:03:14.645+0000] {standard_task_runner.py:90} INFO - Running: ['***', 'tasks', 'run', 'credit_default_ml_pipeline', 'monitoring.check_drift_alert', 'scheduled__2024-07-01T00:00:00+00:00', '--job-id', '2766', '--raw', '--subdir', 'DAGS_FOLDER/dag.py', '--cfg-path', '/tmp/tmps3tgv6lp']
[2026-06-20T16:03:14.646+0000] {standard_task_runner.py:91} INFO - Job 2766: Subtask monitoring.check_drift_alert
[2026-06-20T16:03:14.664+0000] {task_command.py:426} INFO - Running <TaskInstance: credit_default_ml_pipeline.monitoring.check_drift_alert scheduled__2024-07-01T00:00:00+00:00 [running]> on host 9cf341f51c89
[2026-06-20T16:03:14.689+0000] {taskinstance.py:2648} INFO - Exporting env vars: AIRFLOW_CTX_DAG_OWNER='***' AIRFLOW_CTX_DAG_ID='credit_default_ml_pipeline' AIRFLOW_CTX_TASK_ID='monitoring.check_drift_alert' AIRFLOW_CTX_EXECUTION_DATE='2024-07-01T00:00:00+00:00' AIRFLOW_CTX_TRY_NUMBER='1' AIRFLOW_CTX_DAG_RUN_ID='scheduled__2024-07-01T00:00:00+00:00'
[2026-06-20T16:03:14.690+0000] {taskinstance.py:430} INFO - ::endgroup::
[2026-06-20T16:03:14.694+0000] {baseoperator.py:400} WARNING - ShortCircuitOperator.execute cannot be called outside TaskInstance!
[2026-06-20T16:03:14.695+0000] {python.py:237} INFO - Done. Returned value was: False
[2026-06-20T16:03:14.695+0000] {python.py:304} INFO - Condition result is False
[2026-06-20T16:03:14.696+0000] {python.py:331} INFO - Skipping downstream tasks
[2026-06-20T16:03:14.703+0000] {python.py:339} INFO - Done.
[2026-06-20T16:03:14.704+0000] {taskinstance.py:441} INFO - ::group::Post task execution logs
[2026-06-20T16:03:14.709+0000] {taskinstance.py:1206} INFO - Marking task as SUCCESS. dag_id=credit_default_ml_pipeline, task_id=monitoring.check_drift_alert, run_id=scheduled__2024-07-01T00:00:00+00:00, execution_date=20240701T000000, start_date=20260620T160314, end_date=20260620T160314
[2026-06-20T16:03:14.745+0000] {local_task_job_runner.py:243} INFO - Task exited with return code 0
[2026-06-20T16:03:14.751+0000] {taskinstance.py:3503} INFO - 0 downstream tasks scheduled from follow-on schedule check
[2026-06-20T16:03:14.752+0000] {local_task_job_runner.py:222} INFO - ::endgroup::
[2026-06-20T17:59:43.393+0000] {local_task_job_runner.py:120} INFO - ::group::Pre task execution logs
[2026-06-20T17:59:43.404+0000] {taskinstance.py:2076} INFO - Dependencies all met for dep_context=non-requeueable deps ti=<TaskInstance: credit_default_ml_pipeline.monitoring.check_drift_alert scheduled__2024-07-01T00:00:00+00:00 [queued]>
[2026-06-20T17:59:43.407+0000] {taskinstance.py:2076} INFO - Dependencies all met for dep_context=requeueable deps ti=<TaskInstance: credit_default_ml_pipeline.monitoring.check_drift_alert scheduled__2024-07-01T00:00:00+00:00 [queued]>
[2026-06-20T17:59:43.408+0000] {taskinstance.py:2306} INFO - Starting attempt 1 of 2
[2026-06-20T17:59:43.478+0000] {taskinstance.py:2330} INFO - Executing <Task(ShortCircuitOperator): monitoring.check_drift_alert> on 2024-07-01 00:00:00+00:00
[2026-06-20T17:59:43.482+0000] {logging_mixin.py:188} WARNING - /home/***/.local/lib/python3.12/site-packages/***/task/task_runner/standard_task_runner.py:62 DeprecationWarning: This process (pid=60907) is multi-threaded, use of fork() may lead to deadlocks in the child.
[2026-06-20T17:59:43.483+0000] {standard_task_runner.py:64} INFO - Started process 60909 to run task
[2026-06-20T17:59:43.483+0000] {standard_task_runner.py:90} INFO - Running: ['***', 'tasks', 'run', 'credit_default_ml_pipeline', 'monitoring.check_drift_alert', 'scheduled__2024-07-01T00:00:00+00:00', '--job-id', '3342', '--raw', '--subdir', 'DAGS_FOLDER/dag.py', '--cfg-path', '/tmp/tmp0gtw3ekj']
[2026-06-20T17:59:43.484+0000] {standard_task_runner.py:91} INFO - Job 3342: Subtask monitoring.check_drift_alert
[2026-06-20T17:59:43.504+0000] {task_command.py:426} INFO - Running <TaskInstance: credit_default_ml_pipeline.monitoring.check_drift_alert scheduled__2024-07-01T00:00:00+00:00 [running]> on host 9cf341f51c89
[2026-06-20T17:59:43.533+0000] {taskinstance.py:2648} INFO - Exporting env vars: AIRFLOW_CTX_DAG_OWNER='***' AIRFLOW_CTX_DAG_ID='credit_default_ml_pipeline' AIRFLOW_CTX_TASK_ID='monitoring.check_drift_alert' AIRFLOW_CTX_EXECUTION_DATE='2024-07-01T00:00:00+00:00' AIRFLOW_CTX_TRY_NUMBER='1' AIRFLOW_CTX_DAG_RUN_ID='scheduled__2024-07-01T00:00:00+00:00'
[2026-06-20T17:59:43.534+0000] {taskinstance.py:430} INFO - ::endgroup::
[2026-06-20T17:59:43.538+0000] {baseoperator.py:400} WARNING - ShortCircuitOperator.execute cannot be called outside TaskInstance!
[2026-06-20T17:59:43.540+0000] {python.py:237} INFO - Done. Returned value was: False
[2026-06-20T17:59:43.541+0000] {python.py:304} INFO - Condition result is False
[2026-06-20T17:59:43.541+0000] {python.py:331} INFO - Skipping downstream tasks
[2026-06-20T17:59:43.550+0000] {python.py:339} INFO - Done.
[2026-06-20T17:59:43.551+0000] {taskinstance.py:441} INFO - ::group::Post task execution logs
[2026-06-20T17:59:43.556+0000] {taskinstance.py:1206} INFO - Marking task as SUCCESS. dag_id=credit_default_ml_pipeline, task_id=monitoring.check_drift_alert, run_id=scheduled__2024-07-01T00:00:00+00:00, execution_date=20240701T000000, start_date=20260620T175943, end_date=20260620T175943
[2026-06-20T17:59:43.582+0000] {local_task_job_runner.py:243} INFO - Task exited with return code 0
[2026-06-20T17:59:43.589+0000] {taskinstance.py:3503} INFO - 0 downstream tasks scheduled from follow-on schedule check
[2026-06-20T17:59:43.589+0000] {local_task_job_runner.py:222} INFO - ::endgroup::
[2026-06-21T02:54:25.996+0000] {local_task_job_runner.py:120} INFO - ::group::Pre task execution logs
[2026-06-21T02:54:26.011+0000] {taskinstance.py:2076} INFO - Dependencies all met for dep_context=non-requeueable deps ti=<TaskInstance: credit_default_ml_pipeline.monitoring.check_drift_alert scheduled__2024-07-01T00:00:00+00:00 [queued]>
[2026-06-21T02:54:26.015+0000] {taskinstance.py:2076} INFO - Dependencies all met for dep_context=requeueable deps ti=<TaskInstance: credit_default_ml_pipeline.monitoring.check_drift_alert scheduled__2024-07-01T00:00:00+00:00 [queued]>
[2026-06-21T02:54:26.016+0000] {taskinstance.py:2306} INFO - Starting attempt 1 of 2
[2026-06-21T02:54:26.020+0000] {taskinstance.py:2330} INFO - Executing <Task(ShortCircuitOperator): monitoring.check_drift_alert> on 2024-07-01 00:00:00+00:00
[2026-06-21T02:54:26.025+0000] {logging_mixin.py:188} WARNING - /home/***/.local/lib/python3.12/site-packages/***/task/task_runner/standard_task_runner.py:62 DeprecationWarning: This process (pid=59929) is multi-threaded, use of fork() may lead to deadlocks in the child.
[2026-06-21T02:54:26.025+0000] {standard_task_runner.py:90} INFO - Running: ['***', 'tasks', 'run', 'credit_default_ml_pipeline', 'monitoring.check_drift_alert', 'scheduled__2024-07-01T00:00:00+00:00', '--job-id', '3808', '--raw', '--subdir', 'DAGS_FOLDER/dag.py', '--cfg-path', '/tmp/tmp3s7wq1_c']
[2026-06-21T02:54:26.027+0000] {standard_task_runner.py:64} INFO - Started process 59931 to run task
[2026-06-21T02:54:26.028+0000] {standard_task_runner.py:91} INFO - Job 3808: Subtask monitoring.check_drift_alert
[2026-06-21T02:54:26.047+0000] {task_command.py:426} INFO - Running <TaskInstance: credit_default_ml_pipeline.monitoring.check_drift_alert scheduled__2024-07-01T00:00:00+00:00 [running]> on host f6e9e2801916
[2026-06-21T02:54:26.158+0000] {taskinstance.py:2648} INFO - Exporting env vars: AIRFLOW_CTX_DAG_OWNER='***' AIRFLOW_CTX_DAG_ID='credit_default_ml_pipeline' AIRFLOW_CTX_TASK_ID='monitoring.check_drift_alert' AIRFLOW_CTX_EXECUTION_DATE='2024-07-01T00:00:00+00:00' AIRFLOW_CTX_TRY_NUMBER='1' AIRFLOW_CTX_DAG_RUN_ID='scheduled__2024-07-01T00:00:00+00:00'
[2026-06-21T02:54:26.160+0000] {taskinstance.py:430} INFO - ::endgroup::
[2026-06-21T02:54:26.164+0000] {baseoperator.py:400} WARNING - ShortCircuitOperator.execute cannot be called outside TaskInstance!
[2026-06-21T02:54:26.164+0000] {python.py:237} INFO - Done. Returned value was: False
[2026-06-21T02:54:26.165+0000] {python.py:304} INFO - Condition result is False
[2026-06-21T02:54:26.165+0000] {python.py:331} INFO - Skipping downstream tasks
[2026-06-21T02:54:26.172+0000] {python.py:339} INFO - Done.
[2026-06-21T02:54:26.174+0000] {taskinstance.py:441} INFO - ::group::Post task execution logs
[2026-06-21T02:54:26.181+0000] {taskinstance.py:1206} INFO - Marking task as SUCCESS. dag_id=credit_default_ml_pipeline, task_id=monitoring.check_drift_alert, run_id=scheduled__2024-07-01T00:00:00+00:00, execution_date=20240701T000000, start_date=20260621T025426, end_date=20260621T025426
[2026-06-21T02:54:26.212+0000] {local_task_job_runner.py:243} INFO - Task exited with return code 0
[2026-06-21T02:54:26.221+0000] {taskinstance.py:3503} INFO - 0 downstream tasks scheduled from follow-on schedule check
[2026-06-21T02:54:26.222+0000] {local_task_job_runner.py:222} INFO - ::endgroup::
[2026-06-21T06:20:48.229+0000] {local_task_job_runner.py:120} INFO - ::group::Pre task execution logs
[2026-06-21T06:20:48.248+0000] {taskinstance.py:2076} INFO - Dependencies all met for dep_context=non-requeueable deps ti=<TaskInstance: credit_default_ml_pipeline.monitoring.check_drift_alert scheduled__2024-07-01T00:00:00+00:00 [queued]>
[2026-06-21T06:20:48.254+0000] {taskinstance.py:2076} INFO - Dependencies all met for dep_context=requeueable deps ti=<TaskInstance: credit_default_ml_pipeline.monitoring.check_drift_alert scheduled__2024-07-01T00:00:00+00:00 [queued]>
[2026-06-21T06:20:48.256+0000] {taskinstance.py:2306} INFO - Starting attempt 1 of 2
[2026-06-21T06:20:48.352+0000] {taskinstance.py:2330} INFO - Executing <Task(ShortCircuitOperator): monitoring.check_drift_alert> on 2024-07-01 00:00:00+00:00
[2026-06-21T06:20:48.358+0000] {logging_mixin.py:188} WARNING - /home/***/.local/lib/python3.12/site-packages/***/task/task_runner/standard_task_runner.py:62 DeprecationWarning: This process (pid=61692) is multi-threaded, use of fork() may lead to deadlocks in the child.
[2026-06-21T06:20:48.359+0000] {standard_task_runner.py:64} INFO - Started process 61694 to run task
[2026-06-21T06:20:48.358+0000] {standard_task_runner.py:90} INFO - Running: ['***', 'tasks', 'run', 'credit_default_ml_pipeline', 'monitoring.check_drift_alert', 'scheduled__2024-07-01T00:00:00+00:00', '--job-id', '4269', '--raw', '--subdir', 'DAGS_FOLDER/dag.py', '--cfg-path', '/tmp/tmp8_djxteq']
[2026-06-21T06:20:48.361+0000] {standard_task_runner.py:91} INFO - Job 4269: Subtask monitoring.check_drift_alert
[2026-06-21T06:20:48.391+0000] {task_command.py:426} INFO - Running <TaskInstance: credit_default_ml_pipeline.monitoring.check_drift_alert scheduled__2024-07-01T00:00:00+00:00 [running]> on host 9377a3f0491f
[2026-06-21T06:20:48.439+0000] {taskinstance.py:2648} INFO - Exporting env vars: AIRFLOW_CTX_DAG_OWNER='***' AIRFLOW_CTX_DAG_ID='credit_default_ml_pipeline' AIRFLOW_CTX_TASK_ID='monitoring.check_drift_alert' AIRFLOW_CTX_EXECUTION_DATE='2024-07-01T00:00:00+00:00' AIRFLOW_CTX_TRY_NUMBER='1' AIRFLOW_CTX_DAG_RUN_ID='scheduled__2024-07-01T00:00:00+00:00'
[2026-06-21T06:20:48.441+0000] {taskinstance.py:430} INFO - ::endgroup::
[2026-06-21T06:20:48.449+0000] {baseoperator.py:400} WARNING - ShortCircuitOperator.execute cannot be called outside TaskInstance!
[2026-06-21T06:20:48.450+0000] {python.py:237} INFO - Done. Returned value was: False
[2026-06-21T06:20:48.451+0000] {python.py:304} INFO - Condition result is False
[2026-06-21T06:20:48.452+0000] {python.py:331} INFO - Skipping downstream tasks
[2026-06-21T06:20:48.467+0000] {python.py:339} INFO - Done.
[2026-06-21T06:20:48.468+0000] {taskinstance.py:441} INFO - ::group::Post task execution logs
[2026-06-21T06:20:48.479+0000] {taskinstance.py:1206} INFO - Marking task as SUCCESS. dag_id=credit_default_ml_pipeline, task_id=monitoring.check_drift_alert, run_id=scheduled__2024-07-01T00:00:00+00:00, execution_date=20240701T000000, start_date=20260621T062048, end_date=20260621T062048
[2026-06-21T06:20:48.501+0000] {local_task_job_runner.py:243} INFO - Task exited with return code 0
[2026-06-21T06:20:48.515+0000] {taskinstance.py:3503} INFO - 0 downstream tasks scheduled from follow-on schedule check
[2026-06-21T06:20:48.517+0000] {local_task_job_runner.py:222} INFO - ::endgroup::
