[2026-06-17T01:24:59.426+0000] {local_task_job_runner.py:120} INFO - ::group::Pre task execution logs
[2026-06-17T01:24:59.440+0000] {taskinstance.py:2076} INFO - Dependencies all met for dep_context=non-requeueable deps ti=<TaskInstance: credit_default_ml_pipeline.inference.challenger_inference scheduled__2024-08-01T00:00:00+00:00 [queued]>
[2026-06-17T01:24:59.446+0000] {taskinstance.py:2076} INFO - Dependencies all met for dep_context=requeueable deps ti=<TaskInstance: credit_default_ml_pipeline.inference.challenger_inference scheduled__2024-08-01T00:00:00+00:00 [queued]>
[2026-06-17T01:24:59.446+0000] {taskinstance.py:2306} INFO - Starting attempt 1 of 2
[2026-06-17T01:24:59.455+0000] {taskinstance.py:2330} INFO - Executing <Task(BashOperator): inference.challenger_inference> on 2024-08-01 00:00:00+00:00
[2026-06-17T01:24:59.459+0000] {logging_mixin.py:188} WARNING - /home/***/.local/lib/python3.12/site-packages/***/task/task_runner/standard_task_runner.py:62 DeprecationWarning: This process (pid=3607) is multi-threaded, use of fork() may lead to deadlocks in the child.
[2026-06-17T01:24:59.460+0000] {standard_task_runner.py:64} INFO - Started process 3610 to run task
[2026-06-17T01:24:59.459+0000] {standard_task_runner.py:90} INFO - Running: ['***', 'tasks', 'run', 'credit_default_ml_pipeline', 'inference.challenger_inference', 'scheduled__2024-08-01T00:00:00+00:00', '--job-id', '746', '--raw', '--subdir', 'DAGS_FOLDER/dag.py', '--cfg-path', '/tmp/tmp8ixcnvmb']
[2026-06-17T01:24:59.462+0000] {standard_task_runner.py:91} INFO - Job 746: Subtask inference.challenger_inference
[2026-06-17T01:24:59.481+0000] {task_command.py:426} INFO - Running <TaskInstance: credit_default_ml_pipeline.inference.challenger_inference scheduled__2024-08-01T00:00:00+00:00 [running]> on host 2b9b50b7433d
[2026-06-17T01:24:59.511+0000] {taskinstance.py:2648} INFO - Exporting env vars: AIRFLOW_CTX_DAG_OWNER='***' AIRFLOW_CTX_DAG_ID='credit_default_ml_pipeline' AIRFLOW_CTX_TASK_ID='inference.challenger_inference' AIRFLOW_CTX_EXECUTION_DATE='2024-08-01T00:00:00+00:00' AIRFLOW_CTX_TRY_NUMBER='1' AIRFLOW_CTX_DAG_RUN_ID='scheduled__2024-08-01T00:00:00+00:00'
[2026-06-17T01:24:59.512+0000] {taskinstance.py:430} INFO - ::endgroup::
[2026-06-17T01:24:59.518+0000] {subprocess.py:63} INFO - Tmp dir root location: /tmp
[2026-06-17T01:24:59.518+0000] {subprocess.py:75} INFO - Running command: ['/usr/bin/bash', '-c', 'cd /opt/***/scripts && python3 model_inference.py --snapshotdate "2024-08-01" --modelname "credit_logreg_2024_09_01.pkl"']
[2026-06-17T01:24:59.522+0000] {subprocess.py:86} INFO - Output:
[2026-06-17T01:24:59.946+0000] {subprocess.py:93} INFO - 
[2026-06-17T01:24:59.947+0000] {subprocess.py:93} INFO - --- inference 2024-08-01 / credit_logreg_2024_09_01.pkl ---
[2026-06-17T01:24:59.947+0000] {subprocess.py:93} INFO - 
[2026-06-17T01:24:59.948+0000] {subprocess.py:93} INFO - model credit_logreg_2024_09_01.pkl not in bank yet (trained on a later month); skipping inference for 2024-08-01.
[2026-06-17T01:24:59.989+0000] {subprocess.py:97} INFO - Command exited with return code 0
[2026-06-17T01:24:59.990+0000] {taskinstance.py:441} INFO - ::group::Post task execution logs
[2026-06-17T01:24:59.998+0000] {taskinstance.py:1206} INFO - Marking task as SUCCESS. dag_id=credit_default_ml_pipeline, task_id=inference.challenger_inference, run_id=scheduled__2024-08-01T00:00:00+00:00, execution_date=20240801T000000, start_date=20260617T012459, end_date=20260617T012459
[2026-06-17T01:25:00.014+0000] {local_task_job_runner.py:243} INFO - Task exited with return code 0
[2026-06-17T01:25:00.026+0000] {taskinstance.py:3503} INFO - 0 downstream tasks scheduled from follow-on schedule check
[2026-06-17T01:25:00.027+0000] {local_task_job_runner.py:222} INFO - ::endgroup::
