[2026-06-20T05:45:08.970+0000] {local_task_job_runner.py:120} INFO - ::group::Pre task execution logs
[2026-06-20T05:45:08.981+0000] {taskinstance.py:2076} INFO - Dependencies all met for dep_context=non-requeueable deps ti=<TaskInstance: credit_default_ml_pipeline.monitoring.check_drift_alert scheduled__2023-04-01T00:00:00+00:00 [queued]>
[2026-06-20T05:45:08.984+0000] {taskinstance.py:2076} INFO - Dependencies all met for dep_context=requeueable deps ti=<TaskInstance: credit_default_ml_pipeline.monitoring.check_drift_alert scheduled__2023-04-01T00:00:00+00:00 [queued]>
[2026-06-20T05:45:08.984+0000] {taskinstance.py:2306} INFO - Starting attempt 1 of 2
[2026-06-20T05:45:09.053+0000] {taskinstance.py:2330} INFO - Executing <Task(ShortCircuitOperator): monitoring.check_drift_alert> on 2023-04-01 00:00:00+00:00
[2026-06-20T05:45:09.057+0000] {logging_mixin.py:188} WARNING - /home/***/.local/lib/python3.12/site-packages/***/task/task_runner/standard_task_runner.py:62 DeprecationWarning: This process (pid=23198) is multi-threaded, use of fork() may lead to deadlocks in the child.
[2026-06-20T05:45:09.057+0000] {standard_task_runner.py:64} INFO - Started process 23200 to run task
[2026-06-20T05:45:09.057+0000] {standard_task_runner.py:90} INFO - Running: ['***', 'tasks', 'run', 'credit_default_ml_pipeline', 'monitoring.check_drift_alert', 'scheduled__2023-04-01T00:00:00+00:00', '--job-id', '1516', '--raw', '--subdir', 'DAGS_FOLDER/dag.py', '--cfg-path', '/tmp/tmpurlezsh8']
[2026-06-20T05:45:09.058+0000] {standard_task_runner.py:91} INFO - Job 1516: Subtask monitoring.check_drift_alert
[2026-06-20T05:45:09.079+0000] {task_command.py:426} INFO - Running <TaskInstance: credit_default_ml_pipeline.monitoring.check_drift_alert scheduled__2023-04-01T00:00:00+00:00 [running]> on host 9cf341f51c89
[2026-06-20T05:45:09.103+0000] {taskinstance.py:2648} INFO - Exporting env vars: AIRFLOW_CTX_DAG_OWNER='***' AIRFLOW_CTX_DAG_ID='credit_default_ml_pipeline' AIRFLOW_CTX_TASK_ID='monitoring.check_drift_alert' AIRFLOW_CTX_EXECUTION_DATE='2023-04-01T00:00:00+00:00' AIRFLOW_CTX_TRY_NUMBER='1' AIRFLOW_CTX_DAG_RUN_ID='scheduled__2023-04-01T00:00:00+00:00'
[2026-06-20T05:45:09.105+0000] {taskinstance.py:430} INFO - ::endgroup::
[2026-06-20T05:45:09.109+0000] {baseoperator.py:400} WARNING - ShortCircuitOperator.execute cannot be called outside TaskInstance!
[2026-06-20T05:45:09.110+0000] {python.py:237} INFO - Done. Returned value was: False
[2026-06-20T05:45:09.110+0000] {python.py:304} INFO - Condition result is False
[2026-06-20T05:45:09.110+0000] {python.py:331} INFO - Skipping downstream tasks
[2026-06-20T05:45:09.117+0000] {python.py:339} INFO - Done.
[2026-06-20T05:45:09.117+0000] {taskinstance.py:441} INFO - ::group::Post task execution logs
[2026-06-20T05:45:09.122+0000] {taskinstance.py:1206} INFO - Marking task as SUCCESS. dag_id=credit_default_ml_pipeline, task_id=monitoring.check_drift_alert, run_id=scheduled__2023-04-01T00:00:00+00:00, execution_date=20230401T000000, start_date=20260620T054508, end_date=20260620T054509
[2026-06-20T05:45:09.159+0000] {local_task_job_runner.py:243} INFO - Task exited with return code 0
[2026-06-20T05:45:09.165+0000] {taskinstance.py:3503} INFO - 0 downstream tasks scheduled from follow-on schedule check
[2026-06-20T05:45:09.165+0000] {local_task_job_runner.py:222} INFO - ::endgroup::
[2026-06-20T06:52:04.072+0000] {local_task_job_runner.py:120} INFO - ::group::Pre task execution logs
[2026-06-20T06:52:04.083+0000] {taskinstance.py:2076} INFO - Dependencies all met for dep_context=non-requeueable deps ti=<TaskInstance: credit_default_ml_pipeline.monitoring.check_drift_alert scheduled__2023-04-01T00:00:00+00:00 [queued]>
[2026-06-20T06:52:04.087+0000] {taskinstance.py:2076} INFO - Dependencies all met for dep_context=requeueable deps ti=<TaskInstance: credit_default_ml_pipeline.monitoring.check_drift_alert scheduled__2023-04-01T00:00:00+00:00 [queued]>
[2026-06-20T06:52:04.087+0000] {taskinstance.py:2306} INFO - Starting attempt 1 of 2
[2026-06-20T06:52:04.151+0000] {taskinstance.py:2330} INFO - Executing <Task(ShortCircuitOperator): monitoring.check_drift_alert> on 2023-04-01 00:00:00+00:00
[2026-06-20T06:52:04.154+0000] {logging_mixin.py:188} WARNING - /home/***/.local/lib/python3.12/site-packages/***/task/task_runner/standard_task_runner.py:62 DeprecationWarning: This process (pid=75971) is multi-threaded, use of fork() may lead to deadlocks in the child.
[2026-06-20T06:52:04.155+0000] {standard_task_runner.py:64} INFO - Started process 75973 to run task
[2026-06-20T06:52:04.154+0000] {standard_task_runner.py:90} INFO - Running: ['***', 'tasks', 'run', 'credit_default_ml_pipeline', 'monitoring.check_drift_alert', 'scheduled__2023-04-01T00:00:00+00:00', '--job-id', '1828', '--raw', '--subdir', 'DAGS_FOLDER/dag.py', '--cfg-path', '/tmp/tmpyizno6v4']
[2026-06-20T06:52:04.156+0000] {standard_task_runner.py:91} INFO - Job 1828: Subtask monitoring.check_drift_alert
[2026-06-20T06:52:04.174+0000] {task_command.py:426} INFO - Running <TaskInstance: credit_default_ml_pipeline.monitoring.check_drift_alert scheduled__2023-04-01T00:00:00+00:00 [running]> on host 9cf341f51c89
[2026-06-20T06:52:04.200+0000] {taskinstance.py:2648} INFO - Exporting env vars: AIRFLOW_CTX_DAG_OWNER='***' AIRFLOW_CTX_DAG_ID='credit_default_ml_pipeline' AIRFLOW_CTX_TASK_ID='monitoring.check_drift_alert' AIRFLOW_CTX_EXECUTION_DATE='2023-04-01T00:00:00+00:00' AIRFLOW_CTX_TRY_NUMBER='1' AIRFLOW_CTX_DAG_RUN_ID='scheduled__2023-04-01T00:00:00+00:00'
[2026-06-20T06:52:04.202+0000] {taskinstance.py:430} INFO - ::endgroup::
[2026-06-20T06:52:04.206+0000] {baseoperator.py:400} WARNING - ShortCircuitOperator.execute cannot be called outside TaskInstance!
[2026-06-20T06:52:04.207+0000] {python.py:237} INFO - Done. Returned value was: False
[2026-06-20T06:52:04.208+0000] {python.py:304} INFO - Condition result is False
[2026-06-20T06:52:04.209+0000] {python.py:331} INFO - Skipping downstream tasks
[2026-06-20T06:52:04.215+0000] {python.py:339} INFO - Done.
[2026-06-20T06:52:04.215+0000] {taskinstance.py:441} INFO - ::group::Post task execution logs
[2026-06-20T06:52:04.220+0000] {taskinstance.py:1206} INFO - Marking task as SUCCESS. dag_id=credit_default_ml_pipeline, task_id=monitoring.check_drift_alert, run_id=scheduled__2023-04-01T00:00:00+00:00, execution_date=20230401T000000, start_date=20260620T065204, end_date=20260620T065204
[2026-06-20T06:52:04.254+0000] {local_task_job_runner.py:243} INFO - Task exited with return code 0
[2026-06-20T06:52:04.261+0000] {taskinstance.py:3503} INFO - 0 downstream tasks scheduled from follow-on schedule check
[2026-06-20T06:52:04.263+0000] {local_task_job_runner.py:222} INFO - ::endgroup::
[2026-06-20T07:20:21.636+0000] {local_task_job_runner.py:120} INFO - ::group::Pre task execution logs
[2026-06-20T07:20:21.648+0000] {taskinstance.py:2076} INFO - Dependencies all met for dep_context=non-requeueable deps ti=<TaskInstance: credit_default_ml_pipeline.monitoring.check_drift_alert scheduled__2023-04-01T00:00:00+00:00 [queued]>
[2026-06-20T07:20:21.651+0000] {taskinstance.py:2076} INFO - Dependencies all met for dep_context=requeueable deps ti=<TaskInstance: credit_default_ml_pipeline.monitoring.check_drift_alert scheduled__2023-04-01T00:00:00+00:00 [queued]>
[2026-06-20T07:20:21.651+0000] {taskinstance.py:2306} INFO - Starting attempt 1 of 2
[2026-06-20T07:20:21.719+0000] {taskinstance.py:2330} INFO - Executing <Task(ShortCircuitOperator): monitoring.check_drift_alert> on 2023-04-01 00:00:00+00:00
[2026-06-20T07:20:21.722+0000] {logging_mixin.py:188} WARNING - /home/***/.local/lib/python3.12/site-packages/***/task/task_runner/standard_task_runner.py:62 DeprecationWarning: This process (pid=7463) is multi-threaded, use of fork() may lead to deadlocks in the child.
[2026-06-20T07:20:21.723+0000] {standard_task_runner.py:90} INFO - Running: ['***', 'tasks', 'run', 'credit_default_ml_pipeline', 'monitoring.check_drift_alert', 'scheduled__2023-04-01T00:00:00+00:00', '--job-id', '2008', '--raw', '--subdir', 'DAGS_FOLDER/dag.py', '--cfg-path', '/tmp/tmp34mke5q2']
[2026-06-20T07:20:21.724+0000] {standard_task_runner.py:91} INFO - Job 2008: Subtask monitoring.check_drift_alert
[2026-06-20T07:20:21.724+0000] {standard_task_runner.py:64} INFO - Started process 7465 to run task
[2026-06-20T07:20:21.742+0000] {task_command.py:426} INFO - Running <TaskInstance: credit_default_ml_pipeline.monitoring.check_drift_alert scheduled__2023-04-01T00:00:00+00:00 [running]> on host 9cf341f51c89
[2026-06-20T07:20:21.769+0000] {taskinstance.py:2648} INFO - Exporting env vars: AIRFLOW_CTX_DAG_OWNER='***' AIRFLOW_CTX_DAG_ID='credit_default_ml_pipeline' AIRFLOW_CTX_TASK_ID='monitoring.check_drift_alert' AIRFLOW_CTX_EXECUTION_DATE='2023-04-01T00:00:00+00:00' AIRFLOW_CTX_TRY_NUMBER='1' AIRFLOW_CTX_DAG_RUN_ID='scheduled__2023-04-01T00:00:00+00:00'
[2026-06-20T07:20:21.770+0000] {taskinstance.py:430} INFO - ::endgroup::
[2026-06-20T07:20:21.774+0000] {baseoperator.py:400} WARNING - ShortCircuitOperator.execute cannot be called outside TaskInstance!
[2026-06-20T07:20:21.775+0000] {python.py:237} INFO - Done. Returned value was: False
[2026-06-20T07:20:21.775+0000] {python.py:304} INFO - Condition result is False
[2026-06-20T07:20:21.775+0000] {python.py:331} INFO - Skipping downstream tasks
[2026-06-20T07:20:21.783+0000] {python.py:339} INFO - Done.
[2026-06-20T07:20:21.783+0000] {taskinstance.py:441} INFO - ::group::Post task execution logs
[2026-06-20T07:20:21.789+0000] {taskinstance.py:1206} INFO - Marking task as SUCCESS. dag_id=credit_default_ml_pipeline, task_id=monitoring.check_drift_alert, run_id=scheduled__2023-04-01T00:00:00+00:00, execution_date=20230401T000000, start_date=20260620T072021, end_date=20260620T072021
[2026-06-20T07:20:21.822+0000] {local_task_job_runner.py:243} INFO - Task exited with return code 0
[2026-06-20T07:20:21.828+0000] {taskinstance.py:3503} INFO - 0 downstream tasks scheduled from follow-on schedule check
[2026-06-20T07:20:21.829+0000] {local_task_job_runner.py:222} INFO - ::endgroup::
[2026-06-20T15:22:47.587+0000] {local_task_job_runner.py:120} INFO - ::group::Pre task execution logs
[2026-06-20T15:22:47.599+0000] {taskinstance.py:2076} INFO - Dependencies all met for dep_context=non-requeueable deps ti=<TaskInstance: credit_default_ml_pipeline.monitoring.check_drift_alert scheduled__2023-04-01T00:00:00+00:00 [queued]>
[2026-06-20T15:22:47.602+0000] {taskinstance.py:2076} INFO - Dependencies all met for dep_context=requeueable deps ti=<TaskInstance: credit_default_ml_pipeline.monitoring.check_drift_alert scheduled__2023-04-01T00:00:00+00:00 [queued]>
[2026-06-20T15:22:47.604+0000] {taskinstance.py:2306} INFO - Starting attempt 1 of 2
[2026-06-20T15:22:47.667+0000] {taskinstance.py:2330} INFO - Executing <Task(ShortCircuitOperator): monitoring.check_drift_alert> on 2023-04-01 00:00:00+00:00
[2026-06-20T15:22:47.670+0000] {logging_mixin.py:188} WARNING - /home/***/.local/lib/python3.12/site-packages/***/task/task_runner/standard_task_runner.py:62 DeprecationWarning: This process (pid=94505) is multi-threaded, use of fork() may lead to deadlocks in the child.
[2026-06-20T15:22:47.670+0000] {standard_task_runner.py:90} INFO - Running: ['***', 'tasks', 'run', 'credit_default_ml_pipeline', 'monitoring.check_drift_alert', 'scheduled__2023-04-01T00:00:00+00:00', '--job-id', '2480', '--raw', '--subdir', 'DAGS_FOLDER/dag.py', '--cfg-path', '/tmp/tmpta3hdjzu']
[2026-06-20T15:22:47.672+0000] {standard_task_runner.py:64} INFO - Started process 94507 to run task
[2026-06-20T15:22:47.672+0000] {standard_task_runner.py:91} INFO - Job 2480: Subtask monitoring.check_drift_alert
[2026-06-20T15:22:47.692+0000] {task_command.py:426} INFO - Running <TaskInstance: credit_default_ml_pipeline.monitoring.check_drift_alert scheduled__2023-04-01T00:00:00+00:00 [running]> on host 9cf341f51c89
[2026-06-20T15:22:47.716+0000] {taskinstance.py:2648} INFO - Exporting env vars: AIRFLOW_CTX_DAG_OWNER='***' AIRFLOW_CTX_DAG_ID='credit_default_ml_pipeline' AIRFLOW_CTX_TASK_ID='monitoring.check_drift_alert' AIRFLOW_CTX_EXECUTION_DATE='2023-04-01T00:00:00+00:00' AIRFLOW_CTX_TRY_NUMBER='1' AIRFLOW_CTX_DAG_RUN_ID='scheduled__2023-04-01T00:00:00+00:00'
[2026-06-20T15:22:47.718+0000] {taskinstance.py:430} INFO - ::endgroup::
[2026-06-20T15:22:47.723+0000] {baseoperator.py:400} WARNING - ShortCircuitOperator.execute cannot be called outside TaskInstance!
[2026-06-20T15:22:47.724+0000] {python.py:237} INFO - Done. Returned value was: False
[2026-06-20T15:22:47.724+0000] {python.py:304} INFO - Condition result is False
[2026-06-20T15:22:47.724+0000] {python.py:331} INFO - Skipping downstream tasks
[2026-06-20T15:22:47.731+0000] {python.py:339} INFO - Done.
[2026-06-20T15:22:47.732+0000] {taskinstance.py:441} INFO - ::group::Post task execution logs
[2026-06-20T15:22:47.737+0000] {taskinstance.py:1206} INFO - Marking task as SUCCESS. dag_id=credit_default_ml_pipeline, task_id=monitoring.check_drift_alert, run_id=scheduled__2023-04-01T00:00:00+00:00, execution_date=20230401T000000, start_date=20260620T152247, end_date=20260620T152247
[2026-06-20T15:22:47.773+0000] {local_task_job_runner.py:243} INFO - Task exited with return code 0
[2026-06-20T15:22:47.781+0000] {taskinstance.py:3503} INFO - 0 downstream tasks scheduled from follow-on schedule check
[2026-06-20T15:22:47.782+0000] {local_task_job_runner.py:222} INFO - ::endgroup::
[2026-06-20T16:59:47.960+0000] {local_task_job_runner.py:120} INFO - ::group::Pre task execution logs
[2026-06-20T16:59:47.974+0000] {taskinstance.py:2076} INFO - Dependencies all met for dep_context=non-requeueable deps ti=<TaskInstance: credit_default_ml_pipeline.monitoring.check_drift_alert scheduled__2023-04-01T00:00:00+00:00 [queued]>
[2026-06-20T16:59:47.979+0000] {taskinstance.py:2076} INFO - Dependencies all met for dep_context=requeueable deps ti=<TaskInstance: credit_default_ml_pipeline.monitoring.check_drift_alert scheduled__2023-04-01T00:00:00+00:00 [queued]>
[2026-06-20T16:59:47.980+0000] {taskinstance.py:2306} INFO - Starting attempt 1 of 2
[2026-06-20T16:59:47.985+0000] {taskinstance.py:2330} INFO - Executing <Task(ShortCircuitOperator): monitoring.check_drift_alert> on 2023-04-01 00:00:00+00:00
[2026-06-20T16:59:47.989+0000] {logging_mixin.py:188} WARNING - /home/***/.local/lib/python3.12/site-packages/***/task/task_runner/standard_task_runner.py:62 DeprecationWarning: This process (pid=79329) is multi-threaded, use of fork() may lead to deadlocks in the child.
[2026-06-20T16:59:47.989+0000] {standard_task_runner.py:64} INFO - Started process 79331 to run task
[2026-06-20T16:59:47.989+0000] {standard_task_runner.py:90} INFO - Running: ['***', 'tasks', 'run', 'credit_default_ml_pipeline', 'monitoring.check_drift_alert', 'scheduled__2023-04-01T00:00:00+00:00', '--job-id', '2969', '--raw', '--subdir', 'DAGS_FOLDER/dag.py', '--cfg-path', '/tmp/tmp_b6_pleo']
[2026-06-20T16:59:47.991+0000] {standard_task_runner.py:91} INFO - Job 2969: Subtask monitoring.check_drift_alert
[2026-06-20T16:59:48.081+0000] {task_command.py:426} INFO - Running <TaskInstance: credit_default_ml_pipeline.monitoring.check_drift_alert scheduled__2023-04-01T00:00:00+00:00 [running]> on host 9cf341f51c89
[2026-06-20T16:59:48.102+0000] {taskinstance.py:2648} INFO - Exporting env vars: AIRFLOW_CTX_DAG_OWNER='***' AIRFLOW_CTX_DAG_ID='credit_default_ml_pipeline' AIRFLOW_CTX_TASK_ID='monitoring.check_drift_alert' AIRFLOW_CTX_EXECUTION_DATE='2023-04-01T00:00:00+00:00' AIRFLOW_CTX_TRY_NUMBER='1' AIRFLOW_CTX_DAG_RUN_ID='scheduled__2023-04-01T00:00:00+00:00'
[2026-06-20T16:59:48.103+0000] {taskinstance.py:430} INFO - ::endgroup::
[2026-06-20T16:59:48.107+0000] {baseoperator.py:400} WARNING - ShortCircuitOperator.execute cannot be called outside TaskInstance!
[2026-06-20T16:59:48.108+0000] {python.py:237} INFO - Done. Returned value was: False
[2026-06-20T16:59:48.109+0000] {python.py:304} INFO - Condition result is False
[2026-06-20T16:59:48.109+0000] {python.py:331} INFO - Skipping downstream tasks
[2026-06-20T16:59:48.115+0000] {python.py:339} INFO - Done.
[2026-06-20T16:59:48.116+0000] {taskinstance.py:441} INFO - ::group::Post task execution logs
[2026-06-20T16:59:48.121+0000] {taskinstance.py:1206} INFO - Marking task as SUCCESS. dag_id=credit_default_ml_pipeline, task_id=monitoring.check_drift_alert, run_id=scheduled__2023-04-01T00:00:00+00:00, execution_date=20230401T000000, start_date=20260620T165947, end_date=20260620T165948
[2026-06-20T16:59:48.129+0000] {local_task_job_runner.py:243} INFO - Task exited with return code 0
[2026-06-20T16:59:48.204+0000] {taskinstance.py:3503} INFO - 0 downstream tasks scheduled from follow-on schedule check
[2026-06-20T16:59:48.205+0000] {local_task_job_runner.py:222} INFO - ::endgroup::
[2026-06-20T17:13:20.934+0000] {local_task_job_runner.py:120} INFO - ::group::Pre task execution logs
[2026-06-20T17:13:20.946+0000] {taskinstance.py:2076} INFO - Dependencies all met for dep_context=non-requeueable deps ti=<TaskInstance: credit_default_ml_pipeline.monitoring.check_drift_alert scheduled__2023-04-01T00:00:00+00:00 [queued]>
[2026-06-20T17:13:20.949+0000] {taskinstance.py:2076} INFO - Dependencies all met for dep_context=requeueable deps ti=<TaskInstance: credit_default_ml_pipeline.monitoring.check_drift_alert scheduled__2023-04-01T00:00:00+00:00 [queued]>
[2026-06-20T17:13:20.950+0000] {taskinstance.py:2306} INFO - Starting attempt 1 of 2
[2026-06-20T17:13:21.025+0000] {taskinstance.py:2330} INFO - Executing <Task(ShortCircuitOperator): monitoring.check_drift_alert> on 2023-04-01 00:00:00+00:00
[2026-06-20T17:13:21.030+0000] {logging_mixin.py:188} WARNING - /home/***/.local/lib/python3.12/site-packages/***/task/task_runner/standard_task_runner.py:62 DeprecationWarning: This process (pid=12406) is multi-threaded, use of fork() may lead to deadlocks in the child.
[2026-06-20T17:13:21.030+0000] {standard_task_runner.py:64} INFO - Started process 12408 to run task
[2026-06-20T17:13:21.030+0000] {standard_task_runner.py:90} INFO - Running: ['***', 'tasks', 'run', 'credit_default_ml_pipeline', 'monitoring.check_drift_alert', 'scheduled__2023-04-01T00:00:00+00:00', '--job-id', '3057', '--raw', '--subdir', 'DAGS_FOLDER/dag.py', '--cfg-path', '/tmp/tmpq1rimetd']
[2026-06-20T17:13:21.031+0000] {standard_task_runner.py:91} INFO - Job 3057: Subtask monitoring.check_drift_alert
[2026-06-20T17:13:21.053+0000] {task_command.py:426} INFO - Running <TaskInstance: credit_default_ml_pipeline.monitoring.check_drift_alert scheduled__2023-04-01T00:00:00+00:00 [running]> on host 9cf341f51c89
[2026-06-20T17:13:21.080+0000] {taskinstance.py:2648} INFO - Exporting env vars: AIRFLOW_CTX_DAG_OWNER='***' AIRFLOW_CTX_DAG_ID='credit_default_ml_pipeline' AIRFLOW_CTX_TASK_ID='monitoring.check_drift_alert' AIRFLOW_CTX_EXECUTION_DATE='2023-04-01T00:00:00+00:00' AIRFLOW_CTX_TRY_NUMBER='1' AIRFLOW_CTX_DAG_RUN_ID='scheduled__2023-04-01T00:00:00+00:00'
[2026-06-20T17:13:21.082+0000] {taskinstance.py:430} INFO - ::endgroup::
[2026-06-20T17:13:21.086+0000] {baseoperator.py:400} WARNING - ShortCircuitOperator.execute cannot be called outside TaskInstance!
[2026-06-20T17:13:21.086+0000] {python.py:237} INFO - Done. Returned value was: False
[2026-06-20T17:13:21.087+0000] {python.py:304} INFO - Condition result is False
[2026-06-20T17:13:21.087+0000] {python.py:331} INFO - Skipping downstream tasks
[2026-06-20T17:13:21.094+0000] {python.py:339} INFO - Done.
[2026-06-20T17:13:21.095+0000] {taskinstance.py:441} INFO - ::group::Post task execution logs
[2026-06-20T17:13:21.100+0000] {taskinstance.py:1206} INFO - Marking task as SUCCESS. dag_id=credit_default_ml_pipeline, task_id=monitoring.check_drift_alert, run_id=scheduled__2023-04-01T00:00:00+00:00, execution_date=20230401T000000, start_date=20260620T171320, end_date=20260620T171321
[2026-06-20T17:13:21.140+0000] {local_task_job_runner.py:243} INFO - Task exited with return code 0
[2026-06-20T17:13:21.147+0000] {taskinstance.py:3503} INFO - 0 downstream tasks scheduled from follow-on schedule check
[2026-06-20T17:13:21.148+0000] {local_task_job_runner.py:222} INFO - ::endgroup::
[2026-06-21T01:39:00.781+0000] {local_task_job_runner.py:120} INFO - ::group::Pre task execution logs
[2026-06-21T01:39:00.800+0000] {taskinstance.py:2076} INFO - Dependencies all met for dep_context=non-requeueable deps ti=<TaskInstance: credit_default_ml_pipeline.monitoring.check_drift_alert scheduled__2023-04-01T00:00:00+00:00 [queued]>
[2026-06-21T01:39:00.804+0000] {taskinstance.py:2076} INFO - Dependencies all met for dep_context=requeueable deps ti=<TaskInstance: credit_default_ml_pipeline.monitoring.check_drift_alert scheduled__2023-04-01T00:00:00+00:00 [queued]>
[2026-06-21T01:39:00.804+0000] {taskinstance.py:2306} INFO - Starting attempt 1 of 2
[2026-06-21T01:39:00.810+0000] {taskinstance.py:2330} INFO - Executing <Task(ShortCircuitOperator): monitoring.check_drift_alert> on 2023-04-01 00:00:00+00:00
[2026-06-21T01:39:00.814+0000] {logging_mixin.py:188} WARNING - /home/***/.local/lib/python3.12/site-packages/***/task/task_runner/standard_task_runner.py:62 DeprecationWarning: This process (pid=13043) is multi-threaded, use of fork() may lead to deadlocks in the child.
[2026-06-21T01:39:00.814+0000] {standard_task_runner.py:64} INFO - Started process 13045 to run task
[2026-06-21T01:39:00.814+0000] {standard_task_runner.py:90} INFO - Running: ['***', 'tasks', 'run', 'credit_default_ml_pipeline', 'monitoring.check_drift_alert', 'scheduled__2023-04-01T00:00:00+00:00', '--job-id', '3521', '--raw', '--subdir', 'DAGS_FOLDER/dag.py', '--cfg-path', '/tmp/tmp1jwrut_c']
[2026-06-21T01:39:00.815+0000] {standard_task_runner.py:91} INFO - Job 3521: Subtask monitoring.check_drift_alert
[2026-06-21T01:39:00.832+0000] {task_command.py:426} INFO - Running <TaskInstance: credit_default_ml_pipeline.monitoring.check_drift_alert scheduled__2023-04-01T00:00:00+00:00 [running]> on host f6e9e2801916
[2026-06-21T01:39:00.942+0000] {taskinstance.py:2648} INFO - Exporting env vars: AIRFLOW_CTX_DAG_OWNER='***' AIRFLOW_CTX_DAG_ID='credit_default_ml_pipeline' AIRFLOW_CTX_TASK_ID='monitoring.check_drift_alert' AIRFLOW_CTX_EXECUTION_DATE='2023-04-01T00:00:00+00:00' AIRFLOW_CTX_TRY_NUMBER='1' AIRFLOW_CTX_DAG_RUN_ID='scheduled__2023-04-01T00:00:00+00:00'
[2026-06-21T01:39:00.944+0000] {taskinstance.py:430} INFO - ::endgroup::
[2026-06-21T01:39:00.948+0000] {baseoperator.py:400} WARNING - ShortCircuitOperator.execute cannot be called outside TaskInstance!
[2026-06-21T01:39:00.948+0000] {python.py:237} INFO - Done. Returned value was: False
[2026-06-21T01:39:00.949+0000] {python.py:304} INFO - Condition result is False
[2026-06-21T01:39:00.949+0000] {python.py:331} INFO - Skipping downstream tasks
[2026-06-21T01:39:00.956+0000] {python.py:339} INFO - Done.
[2026-06-21T01:39:00.957+0000] {taskinstance.py:441} INFO - ::group::Post task execution logs
[2026-06-21T01:39:00.961+0000] {taskinstance.py:1206} INFO - Marking task as SUCCESS. dag_id=credit_default_ml_pipeline, task_id=monitoring.check_drift_alert, run_id=scheduled__2023-04-01T00:00:00+00:00, execution_date=20230401T000000, start_date=20260621T013900, end_date=20260621T013900
[2026-06-21T01:39:00.998+0000] {local_task_job_runner.py:243} INFO - Task exited with return code 0
[2026-06-21T01:39:01.005+0000] {taskinstance.py:3503} INFO - 0 downstream tasks scheduled from follow-on schedule check
[2026-06-21T01:39:01.007+0000] {local_task_job_runner.py:222} INFO - ::endgroup::
[2026-06-21T05:33:25.333+0000] {local_task_job_runner.py:120} INFO - ::group::Pre task execution logs
[2026-06-21T05:33:25.345+0000] {taskinstance.py:2076} INFO - Dependencies all met for dep_context=non-requeueable deps ti=<TaskInstance: credit_default_ml_pipeline.monitoring.check_drift_alert scheduled__2023-04-01T00:00:00+00:00 [queued]>
[2026-06-21T05:33:25.349+0000] {taskinstance.py:2076} INFO - Dependencies all met for dep_context=requeueable deps ti=<TaskInstance: credit_default_ml_pipeline.monitoring.check_drift_alert scheduled__2023-04-01T00:00:00+00:00 [queued]>
[2026-06-21T05:33:25.349+0000] {taskinstance.py:2306} INFO - Starting attempt 1 of 2
[2026-06-21T05:33:25.413+0000] {taskinstance.py:2330} INFO - Executing <Task(ShortCircuitOperator): monitoring.check_drift_alert> on 2023-04-01 00:00:00+00:00
[2026-06-21T05:33:25.417+0000] {logging_mixin.py:188} WARNING - /home/***/.local/lib/python3.12/site-packages/***/task/task_runner/standard_task_runner.py:62 DeprecationWarning: This process (pid=12748) is multi-threaded, use of fork() may lead to deadlocks in the child.
[2026-06-21T05:33:25.418+0000] {standard_task_runner.py:64} INFO - Started process 12750 to run task
[2026-06-21T05:33:25.418+0000] {standard_task_runner.py:90} INFO - Running: ['***', 'tasks', 'run', 'credit_default_ml_pipeline', 'monitoring.check_drift_alert', 'scheduled__2023-04-01T00:00:00+00:00', '--job-id', '3985', '--raw', '--subdir', 'DAGS_FOLDER/dag.py', '--cfg-path', '/tmp/tmpykhlup1m']
[2026-06-21T05:33:25.419+0000] {standard_task_runner.py:91} INFO - Job 3985: Subtask monitoring.check_drift_alert
[2026-06-21T05:33:25.435+0000] {task_command.py:426} INFO - Running <TaskInstance: credit_default_ml_pipeline.monitoring.check_drift_alert scheduled__2023-04-01T00:00:00+00:00 [running]> on host 9377a3f0491f
[2026-06-21T05:33:25.459+0000] {taskinstance.py:2648} INFO - Exporting env vars: AIRFLOW_CTX_DAG_OWNER='***' AIRFLOW_CTX_DAG_ID='credit_default_ml_pipeline' AIRFLOW_CTX_TASK_ID='monitoring.check_drift_alert' AIRFLOW_CTX_EXECUTION_DATE='2023-04-01T00:00:00+00:00' AIRFLOW_CTX_TRY_NUMBER='1' AIRFLOW_CTX_DAG_RUN_ID='scheduled__2023-04-01T00:00:00+00:00'
[2026-06-21T05:33:25.460+0000] {taskinstance.py:430} INFO - ::endgroup::
[2026-06-21T05:33:25.465+0000] {baseoperator.py:400} WARNING - ShortCircuitOperator.execute cannot be called outside TaskInstance!
[2026-06-21T05:33:25.466+0000] {python.py:237} INFO - Done. Returned value was: False
[2026-06-21T05:33:25.466+0000] {python.py:304} INFO - Condition result is False
[2026-06-21T05:33:25.466+0000] {python.py:331} INFO - Skipping downstream tasks
[2026-06-21T05:33:25.473+0000] {python.py:339} INFO - Done.
[2026-06-21T05:33:25.473+0000] {taskinstance.py:441} INFO - ::group::Post task execution logs
[2026-06-21T05:33:25.478+0000] {taskinstance.py:1206} INFO - Marking task as SUCCESS. dag_id=credit_default_ml_pipeline, task_id=monitoring.check_drift_alert, run_id=scheduled__2023-04-01T00:00:00+00:00, execution_date=20230401T000000, start_date=20260621T053325, end_date=20260621T053325
[2026-06-21T05:33:25.519+0000] {local_task_job_runner.py:243} INFO - Task exited with return code 0
[2026-06-21T05:33:25.526+0000] {taskinstance.py:3503} INFO - 0 downstream tasks scheduled from follow-on schedule check
[2026-06-21T05:33:25.527+0000] {local_task_job_runner.py:222} INFO - ::endgroup::
