[2026-06-18T03:54:10.657+0000] {local_task_job_runner.py:120} INFO - ::group::Pre task execution logs
[2026-06-18T03:54:10.682+0000] {taskinstance.py:2076} INFO - Dependencies all met for dep_context=non-requeueable deps ti=<TaskInstance: credit_default_ml_pipeline.feature_pipeline.feature_silver_lms scheduled__2023-08-01T00:00:00+00:00 [queued]>
[2026-06-18T03:54:10.691+0000] {taskinstance.py:2076} INFO - Dependencies all met for dep_context=requeueable deps ti=<TaskInstance: credit_default_ml_pipeline.feature_pipeline.feature_silver_lms scheduled__2023-08-01T00:00:00+00:00 [queued]>
[2026-06-18T03:54:10.691+0000] {taskinstance.py:2306} INFO - Starting attempt 4 of 5
[2026-06-18T03:54:10.702+0000] {taskinstance.py:2330} INFO - Executing <Task(BashOperator): feature_pipeline.feature_silver_lms> on 2023-08-01 00:00:00+00:00
[2026-06-18T03:54:10.710+0000] {logging_mixin.py:188} WARNING - /home/***/.local/lib/python3.12/site-packages/***/task/task_runner/standard_task_runner.py:62 DeprecationWarning: This process (pid=47324) is multi-threaded, use of fork() may lead to deadlocks in the child.
[2026-06-18T03:54:10.711+0000] {standard_task_runner.py:64} INFO - Started process 47330 to run task
[2026-06-18T03:54:10.712+0000] {standard_task_runner.py:90} INFO - Running: ['***', 'tasks', 'run', 'credit_default_ml_pipeline', 'feature_pipeline.feature_silver_lms', 'scheduled__2023-08-01T00:00:00+00:00', '--job-id', '1037', '--raw', '--subdir', 'DAGS_FOLDER/dag.py', '--cfg-path', '/tmp/tmp2384fgoo']
[2026-06-18T03:54:10.714+0000] {standard_task_runner.py:91} INFO - Job 1037: Subtask feature_pipeline.feature_silver_lms
[2026-06-18T03:54:10.751+0000] {task_command.py:426} INFO - Running <TaskInstance: credit_default_ml_pipeline.feature_pipeline.feature_silver_lms scheduled__2023-08-01T00:00:00+00:00 [running]> on host bfbc24b887a5
[2026-06-18T03:54:10.983+0000] {taskinstance.py:2648} INFO - Exporting env vars: AIRFLOW_CTX_DAG_OWNER='***' AIRFLOW_CTX_DAG_ID='credit_default_ml_pipeline' AIRFLOW_CTX_TASK_ID='feature_pipeline.feature_silver_lms' AIRFLOW_CTX_EXECUTION_DATE='2023-08-01T00:00:00+00:00' AIRFLOW_CTX_TRY_NUMBER='4' AIRFLOW_CTX_DAG_RUN_ID='scheduled__2023-08-01T00:00:00+00:00'
[2026-06-18T03:54:10.985+0000] {taskinstance.py:430} INFO - ::endgroup::
[2026-06-18T03:54:10.994+0000] {subprocess.py:63} INFO - Tmp dir root location: /tmp
[2026-06-18T03:54:10.996+0000] {subprocess.py:75} INFO - Running command: ['/usr/bin/bash', '-c', 'cd /opt/***/scripts && python3 silver_processing.py --snapshotdate "2023-08-01" --source lms']
[2026-06-18T03:54:11.004+0000] {subprocess.py:86} INFO - Output:
[2026-06-18T03:54:14.105+0000] {subprocess.py:93} INFO - Setting default log level to "WARN".
[2026-06-18T03:54:14.108+0000] {subprocess.py:93} INFO - To adjust logging level use sc.setLogLevel(newLevel). For SparkR, use setLogLevel(newLevel).
[2026-06-18T03:54:14.401+0000] {subprocess.py:93} INFO - 26/06/18 03:54:14 WARN NativeCodeLoader: Unable to load native-hadoop library for your platform... using builtin-java classes where applicable
[2026-06-18T03:54:15.319+0000] {subprocess.py:93} INFO - 26/06/18 03:54:15 WARN Utils: Service 'SparkUI' could not bind on port 4040. Attempting port 4041.
[2026-06-18T03:54:15.326+0000] {subprocess.py:93} INFO - 26/06/18 03:54:15 WARN Utils: Service 'SparkUI' could not bind on port 4041. Attempting port 4042.
[2026-06-18T03:54:15.330+0000] {subprocess.py:93} INFO - 26/06/18 03:54:15 WARN Utils: Service 'SparkUI' could not bind on port 4042. Attempting port 4043.
[2026-06-18T03:54:25.774+0000] {subprocess.py:93} INFO - [Stage 5:>                                                          (0 + 1) / 1]                                                                                26/06/18 03:54:25 ERROR FileFormatWriter: Aborting job 791e6021-9715-43b6-8862-7fd2f88a5bb1.
[2026-06-18T03:54:25.779+0000] {subprocess.py:93} INFO - java.io.FileNotFoundException: File file:/opt/***/scripts/datamart/silver/lms/2023_08_01.parquet/_temporary/0 does not exist
[2026-06-18T03:54:25.781+0000] {subprocess.py:93} INFO - 	at org.apache.hadoop.fs.RawLocalFileSystem.listStatus(RawLocalFileSystem.java:597)
[2026-06-18T03:54:25.783+0000] {subprocess.py:93} INFO - 	at org.apache.hadoop.fs.FileSystem.listStatus(FileSystem.java:1972)
[2026-06-18T03:54:25.784+0000] {subprocess.py:93} INFO - 	at org.apache.hadoop.fs.FileSystem.listStatus(FileSystem.java:2014)
[2026-06-18T03:54:25.785+0000] {subprocess.py:93} INFO - 	at org.apache.hadoop.fs.ChecksumFileSystem.listStatus(ChecksumFileSystem.java:761)
[2026-06-18T03:54:25.788+0000] {subprocess.py:93} INFO - 	at org.apache.hadoop.fs.FileSystem.listStatus(FileSystem.java:1972)
[2026-06-18T03:54:25.791+0000] {subprocess.py:93} INFO - 	at org.apache.hadoop.fs.FileSystem.listStatus(FileSystem.java:2014)
[2026-06-18T03:54:25.793+0000] {subprocess.py:93} INFO - 	at org.apache.hadoop.mapreduce.lib.output.FileOutputCommitter.getAllCommittedTaskPaths(FileOutputCommitter.java:334)
[2026-06-18T03:54:25.795+0000] {subprocess.py:93} INFO - 	at org.apache.hadoop.mapreduce.lib.output.FileOutputCommitter.commitJobInternal(FileOutputCommitter.java:404)
[2026-06-18T03:54:25.797+0000] {subprocess.py:93} INFO - 	at org.apache.hadoop.mapreduce.lib.output.FileOutputCommitter.commitJob(FileOutputCommitter.java:377)
[2026-06-18T03:54:25.798+0000] {subprocess.py:93} INFO - 	at org.apache.parquet.hadoop.ParquetOutputCommitter.commitJob(ParquetOutputCommitter.java:48)
[2026-06-18T03:54:25.799+0000] {subprocess.py:93} INFO - 	at org.apache.spark.internal.io.HadoopMapReduceCommitProtocol.commitJob(HadoopMapReduceCommitProtocol.scala:192)
[2026-06-18T03:54:25.801+0000] {subprocess.py:93} INFO - 	at org.apache.spark.sql.execution.datasources.FileFormatWriter$.$anonfun$writeAndCommit$3(FileFormatWriter.scala:275)
[2026-06-18T03:54:25.805+0000] {subprocess.py:93} INFO - 	at scala.runtime.java8.JFunction0$mcV$sp.apply(JFunction0$mcV$sp.java:23)
[2026-06-18T03:54:25.809+0000] {subprocess.py:93} INFO - 	at org.apache.spark.util.Utils$.timeTakenMs(Utils.scala:552)
[2026-06-18T03:54:25.812+0000] {subprocess.py:93} INFO - 	at org.apache.spark.sql.execution.datasources.FileFormatWriter$.writeAndCommit(FileFormatWriter.scala:275)
[2026-06-18T03:54:25.814+0000] {subprocess.py:93} INFO - 	at org.apache.spark.sql.execution.datasources.FileFormatWriter$.executeWrite(FileFormatWriter.scala:304)
[2026-06-18T03:54:25.819+0000] {subprocess.py:93} INFO - 	at org.apache.spark.sql.execution.datasources.FileFormatWriter$.write(FileFormatWriter.scala:190)
[2026-06-18T03:54:25.821+0000] {subprocess.py:93} INFO - 	at org.apache.spark.sql.execution.datasources.InsertIntoHadoopFsRelationCommand.run(InsertIntoHadoopFsRelationCommand.scala:190)
[2026-06-18T03:54:25.822+0000] {subprocess.py:93} INFO - 	at org.apache.spark.sql.execution.command.DataWritingCommandExec.sideEffectResult$lzycompute(commands.scala:113)
[2026-06-18T03:54:25.824+0000] {subprocess.py:93} INFO - 	at org.apache.spark.sql.execution.command.DataWritingCommandExec.sideEffectResult(commands.scala:111)
[2026-06-18T03:54:25.829+0000] {subprocess.py:93} INFO - 	at org.apache.spark.sql.execution.command.DataWritingCommandExec.executeCollect(commands.scala:125)
[2026-06-18T03:54:25.830+0000] {subprocess.py:93} INFO - 	at org.apache.spark.sql.execution.QueryExecution$$anonfun$eagerlyExecuteCommands$1.$anonfun$applyOrElse$1(QueryExecution.scala:107)
[2026-06-18T03:54:25.831+0000] {subprocess.py:93} INFO - 	at org.apache.spark.sql.execution.SQLExecution$.$anonfun$withNewExecutionId$6(SQLExecution.scala:125)
[2026-06-18T03:54:25.831+0000] {subprocess.py:93} INFO - 	at org.apache.spark.sql.execution.SQLExecution$.withSQLConfPropagated(SQLExecution.scala:201)
[2026-06-18T03:54:25.833+0000] {subprocess.py:93} INFO - 	at org.apache.spark.sql.execution.SQLExecution$.$anonfun$withNewExecutionId$1(SQLExecution.scala:108)
[2026-06-18T03:54:25.835+0000] {subprocess.py:93} INFO - 	at org.apache.spark.sql.SparkSession.withActive(SparkSession.scala:900)
[2026-06-18T03:54:25.838+0000] {subprocess.py:93} INFO - 	at org.apache.spark.sql.execution.SQLExecution$.withNewExecutionId(SQLExecution.scala:66)
[2026-06-18T03:54:25.839+0000] {subprocess.py:93} INFO - 	at org.apache.spark.sql.execution.QueryExecution$$anonfun$eagerlyExecuteCommands$1.applyOrElse(QueryExecution.scala:107)
[2026-06-18T03:54:25.846+0000] {subprocess.py:93} INFO - 	at org.apache.spark.sql.execution.QueryExecution$$anonfun$eagerlyExecuteCommands$1.applyOrElse(QueryExecution.scala:98)
[2026-06-18T03:54:25.848+0000] {subprocess.py:93} INFO - 	at org.apache.spark.sql.catalyst.trees.TreeNode.$anonfun$transformDownWithPruning$1(TreeNode.scala:461)
[2026-06-18T03:54:25.853+0000] {subprocess.py:93} INFO - 	at org.apache.spark.sql.catalyst.trees.CurrentOrigin$.withOrigin(origin.scala:76)
[2026-06-18T03:54:25.854+0000] {subprocess.py:93} INFO - 	at org.apache.spark.sql.catalyst.trees.TreeNode.transformDownWithPruning(TreeNode.scala:461)
[2026-06-18T03:54:25.855+0000] {subprocess.py:93} INFO - 	at org.apache.spark.sql.catalyst.plans.logical.LogicalPlan.org$apache$spark$sql$catalyst$plans$logical$AnalysisHelper$$super$transformDownWithPruning(LogicalPlan.scala:32)
[2026-06-18T03:54:25.856+0000] {subprocess.py:93} INFO - 	at org.apache.spark.sql.catalyst.plans.logical.AnalysisHelper.transformDownWithPruning(AnalysisHelper.scala:267)
[2026-06-18T03:54:25.857+0000] {subprocess.py:93} INFO - 	at org.apache.spark.sql.catalyst.plans.logical.AnalysisHelper.transformDownWithPruning$(AnalysisHelper.scala:263)
[2026-06-18T03:54:25.858+0000] {subprocess.py:93} INFO - 	at org.apache.spark.sql.catalyst.plans.logical.LogicalPlan.transformDownWithPruning(LogicalPlan.scala:32)
[2026-06-18T03:54:25.859+0000] {subprocess.py:93} INFO - 	at org.apache.spark.sql.catalyst.plans.logical.LogicalPlan.transformDownWithPruning(LogicalPlan.scala:32)
[2026-06-18T03:54:25.862+0000] {subprocess.py:93} INFO - 	at org.apache.spark.sql.catalyst.trees.TreeNode.transformDown(TreeNode.scala:437)
[2026-06-18T03:54:25.864+0000] {subprocess.py:93} INFO - 	at org.apache.spark.sql.execution.QueryExecution.eagerlyExecuteCommands(QueryExecution.scala:98)
[2026-06-18T03:54:25.866+0000] {subprocess.py:93} INFO - 	at org.apache.spark.sql.execution.QueryExecution.commandExecuted$lzycompute(QueryExecution.scala:85)
[2026-06-18T03:54:25.867+0000] {subprocess.py:93} INFO - 	at org.apache.spark.sql.execution.QueryExecution.commandExecuted(QueryExecution.scala:83)
[2026-06-18T03:54:25.868+0000] {subprocess.py:93} INFO - 	at org.apache.spark.sql.execution.QueryExecution.assertCommandExecuted(QueryExecution.scala:142)
[2026-06-18T03:54:25.869+0000] {subprocess.py:93} INFO - 	at org.apache.spark.sql.DataFrameWriter.runCommand(DataFrameWriter.scala:859)
[2026-06-18T03:54:25.872+0000] {subprocess.py:93} INFO - 	at org.apache.spark.sql.DataFrameWriter.saveToV1Source(DataFrameWriter.scala:388)
[2026-06-18T03:54:25.874+0000] {subprocess.py:93} INFO - 	at org.apache.spark.sql.DataFrameWriter.saveInternal(DataFrameWriter.scala:361)
[2026-06-18T03:54:25.877+0000] {subprocess.py:93} INFO - 	at org.apache.spark.sql.DataFrameWriter.save(DataFrameWriter.scala:240)
[2026-06-18T03:54:25.880+0000] {subprocess.py:93} INFO - 	at org.apache.spark.sql.DataFrameWriter.parquet(DataFrameWriter.scala:792)
[2026-06-18T03:54:25.881+0000] {subprocess.py:93} INFO - 	at java.base/jdk.internal.reflect.NativeMethodAccessorImpl.invoke0(Native Method)
[2026-06-18T03:54:25.883+0000] {subprocess.py:93} INFO - 	at java.base/jdk.internal.reflect.NativeMethodAccessorImpl.invoke(NativeMethodAccessorImpl.java:77)
[2026-06-18T03:54:25.885+0000] {subprocess.py:93} INFO - 	at java.base/jdk.internal.reflect.DelegatingMethodAccessorImpl.invoke(DelegatingMethodAccessorImpl.java:43)
[2026-06-18T03:54:25.888+0000] {subprocess.py:93} INFO - 	at java.base/java.lang.reflect.Method.invoke(Method.java:569)
[2026-06-18T03:54:25.890+0000] {subprocess.py:93} INFO - 	at py4j.reflection.MethodInvoker.invoke(MethodInvoker.java:244)
[2026-06-18T03:54:25.892+0000] {subprocess.py:93} INFO - 	at py4j.reflection.ReflectionEngine.invoke(ReflectionEngine.java:374)
[2026-06-18T03:54:25.894+0000] {subprocess.py:93} INFO - 	at py4j.Gateway.invoke(Gateway.java:282)
[2026-06-18T03:54:25.896+0000] {subprocess.py:93} INFO - 	at py4j.commands.AbstractCommand.invokeMethod(AbstractCommand.java:132)
[2026-06-18T03:54:25.900+0000] {subprocess.py:93} INFO - 	at py4j.commands.CallCommand.execute(CallCommand.java:79)
[2026-06-18T03:54:25.901+0000] {subprocess.py:93} INFO - 	at py4j.ClientServerConnection.waitForCommands(ClientServerConnection.java:182)
[2026-06-18T03:54:25.904+0000] {subprocess.py:93} INFO - 	at py4j.ClientServerConnection.run(ClientServerConnection.java:106)
[2026-06-18T03:54:25.905+0000] {subprocess.py:93} INFO - 	at java.base/java.lang.Thread.run(Thread.java:840)
[2026-06-18T03:54:25.910+0000] {subprocess.py:93} INFO - 
[2026-06-18T03:54:25.913+0000] {subprocess.py:93} INFO - --- silver lms 2023-08-01 ---
[2026-06-18T03:54:25.915+0000] {subprocess.py:93} INFO - 
[2026-06-18T03:54:25.917+0000] {subprocess.py:93} INFO - [silver:lms] loaded datamart/bronze/lms/bronze_lms_2023_08_01.csv rows: 4037
[2026-06-18T03:54:25.918+0000] {subprocess.py:93} INFO - Traceback (most recent call last):
[2026-06-18T03:54:25.922+0000] {subprocess.py:93} INFO -   File "/opt/***/scripts/silver_processing.py", line 25, in <module>
[2026-06-18T03:54:25.925+0000] {subprocess.py:93} INFO -     main(a.snapshotdate, a.source)
[2026-06-18T03:54:25.928+0000] {subprocess.py:93} INFO -   File "/opt/***/scripts/silver_processing.py", line 13, in main
[2026-06-18T03:54:25.930+0000] {subprocess.py:93} INFO -     silver.process_silver_table(source, snapshotdate,
[2026-06-18T03:54:25.931+0000] {subprocess.py:93} INFO -   File "/opt/***/scripts/utils/data_processing_silver_table.py", line 251, in process_silver_table
[2026-06-18T03:54:25.932+0000] {subprocess.py:93} INFO -     df.write.mode("overwrite").parquet(part)
[2026-06-18T03:54:25.932+0000] {subprocess.py:93} INFO -   File "/home/***/.local/lib/python3.12/site-packages/pyspark/sql/readwriter.py", line 1721, in parquet
[2026-06-18T03:54:25.933+0000] {subprocess.py:93} INFO -     self._jwrite.parquet(path)
[2026-06-18T03:54:25.935+0000] {subprocess.py:93} INFO -   File "/home/***/.local/lib/python3.12/site-packages/py4j/java_gateway.py", line 1322, in __call__
[2026-06-18T03:54:25.936+0000] {subprocess.py:93} INFO -     return_value = get_return_value(
[2026-06-18T03:54:25.938+0000] {subprocess.py:93} INFO -                    ^^^^^^^^^^^^^^^^^
[2026-06-18T03:54:25.942+0000] {subprocess.py:93} INFO -   File "/home/***/.local/lib/python3.12/site-packages/pyspark/errors/exceptions/captured.py", line 179, in deco
[2026-06-18T03:54:25.943+0000] {subprocess.py:93} INFO -     return f(*a, **kw)
[2026-06-18T03:54:25.945+0000] {subprocess.py:93} INFO -            ^^^^^^^^^^^
[2026-06-18T03:54:25.947+0000] {subprocess.py:93} INFO -   File "/home/***/.local/lib/python3.12/site-packages/py4j/protocol.py", line 326, in get_return_value
[2026-06-18T03:54:25.948+0000] {subprocess.py:93} INFO -     raise Py4JJavaError(
[2026-06-18T03:54:25.949+0000] {subprocess.py:93} INFO - py4j.protocol.Py4JJavaError: An error occurred while calling o191.parquet.
[2026-06-18T03:54:25.950+0000] {subprocess.py:93} INFO - : java.io.FileNotFoundException: File file:/opt/***/scripts/datamart/silver/lms/2023_08_01.parquet/_temporary/0 does not exist
[2026-06-18T03:54:25.951+0000] {subprocess.py:93} INFO - 	at org.apache.hadoop.fs.RawLocalFileSystem.listStatus(RawLocalFileSystem.java:597)
[2026-06-18T03:54:25.953+0000] {subprocess.py:93} INFO - 	at org.apache.hadoop.fs.FileSystem.listStatus(FileSystem.java:1972)
[2026-06-18T03:54:25.955+0000] {subprocess.py:93} INFO - 	at org.apache.hadoop.fs.FileSystem.listStatus(FileSystem.java:2014)
[2026-06-18T03:54:25.957+0000] {subprocess.py:93} INFO - 	at org.apache.hadoop.fs.ChecksumFileSystem.listStatus(ChecksumFileSystem.java:761)
[2026-06-18T03:54:25.958+0000] {subprocess.py:93} INFO - 	at org.apache.hadoop.fs.FileSystem.listStatus(FileSystem.java:1972)
[2026-06-18T03:54:25.961+0000] {subprocess.py:93} INFO - 	at org.apache.hadoop.fs.FileSystem.listStatus(FileSystem.java:2014)
[2026-06-18T03:54:25.962+0000] {subprocess.py:93} INFO - 	at org.apache.hadoop.mapreduce.lib.output.FileOutputCommitter.getAllCommittedTaskPaths(FileOutputCommitter.java:334)
[2026-06-18T03:54:25.975+0000] {subprocess.py:93} INFO - 	at org.apache.hadoop.mapreduce.lib.output.FileOutputCommitter.commitJobInternal(FileOutputCommitter.java:404)
[2026-06-18T03:54:25.976+0000] {subprocess.py:93} INFO - 	at org.apache.hadoop.mapreduce.lib.output.FileOutputCommitter.commitJob(FileOutputCommitter.java:377)
[2026-06-18T03:54:25.978+0000] {subprocess.py:93} INFO - 	at org.apache.parquet.hadoop.ParquetOutputCommitter.commitJob(ParquetOutputCommitter.java:48)
[2026-06-18T03:54:25.980+0000] {subprocess.py:93} INFO - 	at org.apache.spark.internal.io.HadoopMapReduceCommitProtocol.commitJob(HadoopMapReduceCommitProtocol.scala:192)
[2026-06-18T03:54:25.982+0000] {subprocess.py:93} INFO - 	at org.apache.spark.sql.execution.datasources.FileFormatWriter$.$anonfun$writeAndCommit$3(FileFormatWriter.scala:275)
[2026-06-18T03:54:25.984+0000] {subprocess.py:93} INFO - 	at scala.runtime.java8.JFunction0$mcV$sp.apply(JFunction0$mcV$sp.java:23)
[2026-06-18T03:54:25.987+0000] {subprocess.py:93} INFO - 	at org.apache.spark.util.Utils$.timeTakenMs(Utils.scala:552)
[2026-06-18T03:54:25.990+0000] {subprocess.py:93} INFO - 	at org.apache.spark.sql.execution.datasources.FileFormatWriter$.writeAndCommit(FileFormatWriter.scala:275)
[2026-06-18T03:54:25.991+0000] {subprocess.py:93} INFO - 	at org.apache.spark.sql.execution.datasources.FileFormatWriter$.executeWrite(FileFormatWriter.scala:304)
[2026-06-18T03:54:25.992+0000] {subprocess.py:93} INFO - 	at org.apache.spark.sql.execution.datasources.FileFormatWriter$.write(FileFormatWriter.scala:190)
[2026-06-18T03:54:25.995+0000] {subprocess.py:93} INFO - 	at org.apache.spark.sql.execution.datasources.InsertIntoHadoopFsRelationCommand.run(InsertIntoHadoopFsRelationCommand.scala:190)
[2026-06-18T03:54:25.998+0000] {subprocess.py:93} INFO - 	at org.apache.spark.sql.execution.command.DataWritingCommandExec.sideEffectResult$lzycompute(commands.scala:113)
[2026-06-18T03:54:25.999+0000] {subprocess.py:93} INFO - 	at org.apache.spark.sql.execution.command.DataWritingCommandExec.sideEffectResult(commands.scala:111)
[2026-06-18T03:54:26.001+0000] {subprocess.py:93} INFO - 	at org.apache.spark.sql.execution.command.DataWritingCommandExec.executeCollect(commands.scala:125)
[2026-06-18T03:54:26.002+0000] {subprocess.py:93} INFO - 	at org.apache.spark.sql.execution.QueryExecution$$anonfun$eagerlyExecuteCommands$1.$anonfun$applyOrElse$1(QueryExecution.scala:107)
[2026-06-18T03:54:26.003+0000] {subprocess.py:93} INFO - 	at org.apache.spark.sql.execution.SQLExecution$.$anonfun$withNewExecutionId$6(SQLExecution.scala:125)
[2026-06-18T03:54:26.005+0000] {subprocess.py:93} INFO - 	at org.apache.spark.sql.execution.SQLExecution$.withSQLConfPropagated(SQLExecution.scala:201)
[2026-06-18T03:54:26.006+0000] {subprocess.py:93} INFO - 	at org.apache.spark.sql.execution.SQLExecution$.$anonfun$withNewExecutionId$1(SQLExecution.scala:108)
[2026-06-18T03:54:26.007+0000] {subprocess.py:93} INFO - 	at org.apache.spark.sql.SparkSession.withActive(SparkSession.scala:900)
[2026-06-18T03:54:26.008+0000] {subprocess.py:93} INFO - 	at org.apache.spark.sql.execution.SQLExecution$.withNewExecutionId(SQLExecution.scala:66)
[2026-06-18T03:54:26.009+0000] {subprocess.py:93} INFO - 	at org.apache.spark.sql.execution.QueryExecution$$anonfun$eagerlyExecuteCommands$1.applyOrElse(QueryExecution.scala:107)
[2026-06-18T03:54:26.011+0000] {subprocess.py:93} INFO - 	at org.apache.spark.sql.execution.QueryExecution$$anonfun$eagerlyExecuteCommands$1.applyOrElse(QueryExecution.scala:98)
[2026-06-18T03:54:26.012+0000] {subprocess.py:93} INFO - 	at org.apache.spark.sql.catalyst.trees.TreeNode.$anonfun$transformDownWithPruning$1(TreeNode.scala:461)
[2026-06-18T03:54:26.013+0000] {subprocess.py:93} INFO - 	at org.apache.spark.sql.catalyst.trees.CurrentOrigin$.withOrigin(origin.scala:76)
[2026-06-18T03:54:26.015+0000] {subprocess.py:93} INFO - 	at org.apache.spark.sql.catalyst.trees.TreeNode.transformDownWithPruning(TreeNode.scala:461)
[2026-06-18T03:54:26.017+0000] {subprocess.py:93} INFO - 	at org.apache.spark.sql.catalyst.plans.logical.LogicalPlan.org$apache$spark$sql$catalyst$plans$logical$AnalysisHelper$$super$transformDownWithPruning(LogicalPlan.scala:32)
[2026-06-18T03:54:26.019+0000] {subprocess.py:93} INFO - 	at org.apache.spark.sql.catalyst.plans.logical.AnalysisHelper.transformDownWithPruning(AnalysisHelper.scala:267)
[2026-06-18T03:54:26.020+0000] {subprocess.py:93} INFO - 	at org.apache.spark.sql.catalyst.plans.logical.AnalysisHelper.transformDownWithPruning$(AnalysisHelper.scala:263)
[2026-06-18T03:54:26.021+0000] {subprocess.py:93} INFO - 	at org.apache.spark.sql.catalyst.plans.logical.LogicalPlan.transformDownWithPruning(LogicalPlan.scala:32)
[2026-06-18T03:54:26.023+0000] {subprocess.py:93} INFO - 	at org.apache.spark.sql.catalyst.plans.logical.LogicalPlan.transformDownWithPruning(LogicalPlan.scala:32)
[2026-06-18T03:54:26.024+0000] {subprocess.py:93} INFO - 	at org.apache.spark.sql.catalyst.trees.TreeNode.transformDown(TreeNode.scala:437)
[2026-06-18T03:54:26.025+0000] {subprocess.py:93} INFO - 	at org.apache.spark.sql.execution.QueryExecution.eagerlyExecuteCommands(QueryExecution.scala:98)
[2026-06-18T03:54:26.027+0000] {subprocess.py:93} INFO - 	at org.apache.spark.sql.execution.QueryExecution.commandExecuted$lzycompute(QueryExecution.scala:85)
[2026-06-18T03:54:26.028+0000] {subprocess.py:93} INFO - 	at org.apache.spark.sql.execution.QueryExecution.commandExecuted(QueryExecution.scala:83)
[2026-06-18T03:54:26.029+0000] {subprocess.py:93} INFO - 	at org.apache.spark.sql.execution.QueryExecution.assertCommandExecuted(QueryExecution.scala:142)
[2026-06-18T03:54:26.030+0000] {subprocess.py:93} INFO - 	at org.apache.spark.sql.DataFrameWriter.runCommand(DataFrameWriter.scala:859)
[2026-06-18T03:54:26.031+0000] {subprocess.py:93} INFO - 	at org.apache.spark.sql.DataFrameWriter.saveToV1Source(DataFrameWriter.scala:388)
[2026-06-18T03:54:26.031+0000] {subprocess.py:93} INFO - 	at org.apache.spark.sql.DataFrameWriter.saveInternal(DataFrameWriter.scala:361)
[2026-06-18T03:54:26.033+0000] {subprocess.py:93} INFO - 	at org.apache.spark.sql.DataFrameWriter.save(DataFrameWriter.scala:240)
[2026-06-18T03:54:26.034+0000] {subprocess.py:93} INFO - 	at org.apache.spark.sql.DataFrameWriter.parquet(DataFrameWriter.scala:792)
[2026-06-18T03:54:26.039+0000] {subprocess.py:93} INFO - 	at java.base/jdk.internal.reflect.NativeMethodAccessorImpl.invoke0(Native Method)
[2026-06-18T03:54:26.040+0000] {subprocess.py:93} INFO - 	at java.base/jdk.internal.reflect.NativeMethodAccessorImpl.invoke(NativeMethodAccessorImpl.java:77)
[2026-06-18T03:54:26.043+0000] {subprocess.py:93} INFO - 	at java.base/jdk.internal.reflect.DelegatingMethodAccessorImpl.invoke(DelegatingMethodAccessorImpl.java:43)
[2026-06-18T03:54:26.044+0000] {subprocess.py:93} INFO - 	at java.base/java.lang.reflect.Method.invoke(Method.java:569)
[2026-06-18T03:54:26.045+0000] {subprocess.py:93} INFO - 	at py4j.reflection.MethodInvoker.invoke(MethodInvoker.java:244)
[2026-06-18T03:54:26.046+0000] {subprocess.py:93} INFO - 	at py4j.reflection.ReflectionEngine.invoke(ReflectionEngine.java:374)
[2026-06-18T03:54:26.047+0000] {subprocess.py:93} INFO - 	at py4j.Gateway.invoke(Gateway.java:282)
[2026-06-18T03:54:26.048+0000] {subprocess.py:93} INFO - 	at py4j.commands.AbstractCommand.invokeMethod(AbstractCommand.java:132)
[2026-06-18T03:54:26.049+0000] {subprocess.py:93} INFO - 	at py4j.commands.CallCommand.execute(CallCommand.java:79)
[2026-06-18T03:54:26.050+0000] {subprocess.py:93} INFO - 	at py4j.ClientServerConnection.waitForCommands(ClientServerConnection.java:182)
[2026-06-18T03:54:26.050+0000] {subprocess.py:93} INFO - 	at py4j.ClientServerConnection.run(ClientServerConnection.java:106)
[2026-06-18T03:54:26.051+0000] {subprocess.py:93} INFO - 	at java.base/java.lang.Thread.run(Thread.java:840)
[2026-06-18T03:54:26.051+0000] {subprocess.py:93} INFO - 
[2026-06-18T03:54:26.450+0000] {subprocess.py:97} INFO - Command exited with return code 1
[2026-06-18T03:54:26.454+0000] {taskinstance.py:441} INFO - ::group::Post task execution logs
[2026-06-18T03:54:26.477+0000] {taskinstance.py:2905} ERROR - Task failed with exception
Traceback (most recent call last):
  File "/home/airflow/.local/lib/python3.12/site-packages/airflow/models/taskinstance.py", line 465, in _execute_task
    result = _execute_callable(context=context, **execute_callable_kwargs)
             ^^^^^^^^^^^^^^^^^^^^^^^^^^^^^^^^^^^^^^^^^^^^^^^^^^^^^^^^^^^^^
  File "/home/airflow/.local/lib/python3.12/site-packages/airflow/models/taskinstance.py", line 432, in _execute_callable
    return execute_callable(context=context, **execute_callable_kwargs)
           ^^^^^^^^^^^^^^^^^^^^^^^^^^^^^^^^^^^^^^^^^^^^^^^^^^^^^^^^^^^^
  File "/home/airflow/.local/lib/python3.12/site-packages/airflow/models/baseoperator.py", line 401, in wrapper
    return func(self, *args, **kwargs)
           ^^^^^^^^^^^^^^^^^^^^^^^^^^^
  File "/home/airflow/.local/lib/python3.12/site-packages/airflow/operators/bash.py", line 243, in execute
    raise AirflowException(
airflow.exceptions.AirflowException: Bash command failed. The command returned a non-zero exit code 1.
[2026-06-18T03:54:26.489+0000] {taskinstance.py:1206} INFO - Marking task as UP_FOR_RETRY. dag_id=credit_default_ml_pipeline, task_id=feature_pipeline.feature_silver_lms, run_id=scheduled__2023-08-01T00:00:00+00:00, execution_date=20230801T000000, start_date=20260618T035410, end_date=20260618T035426
[2026-06-18T03:54:26.508+0000] {standard_task_runner.py:110} ERROR - Failed to execute job 1037 for task feature_pipeline.feature_silver_lms (Bash command failed. The command returned a non-zero exit code 1.; 47330)
[2026-06-18T03:54:26.528+0000] {local_task_job_runner.py:243} INFO - Task exited with return code 1
[2026-06-18T03:54:26.789+0000] {taskinstance.py:3503} INFO - 0 downstream tasks scheduled from follow-on schedule check
[2026-06-18T03:54:26.811+0000] {local_task_job_runner.py:222} INFO - ::endgroup::
