[2026-06-20T08:03:19.257+0000] {local_task_job_runner.py:120} INFO - ::group::Pre task execution logs
[2026-06-20T08:03:19.268+0000] {taskinstance.py:2076} INFO - Dependencies all met for dep_context=non-requeueable deps ti=<TaskInstance: credit_default_ml_pipeline.monitoring.check_drift_alert scheduled__2024-06-01T00:00:00+00:00 [queued]>
[2026-06-20T08:03:19.272+0000] {taskinstance.py:2076} INFO - Dependencies all met for dep_context=requeueable deps ti=<TaskInstance: credit_default_ml_pipeline.monitoring.check_drift_alert scheduled__2024-06-01T00:00:00+00:00 [queued]>
[2026-06-20T08:03:19.273+0000] {taskinstance.py:2306} INFO - Starting attempt 1 of 2
[2026-06-20T08:03:19.347+0000] {taskinstance.py:2330} INFO - Executing <Task(ShortCircuitOperator): monitoring.check_drift_alert> on 2024-06-01 00:00:00+00:00
[2026-06-20T08:03:19.351+0000] {logging_mixin.py:188} WARNING - /home/***/.local/lib/python3.12/site-packages/***/task/task_runner/standard_task_runner.py:62 DeprecationWarning: This process (pid=52916) is multi-threaded, use of fork() may lead to deadlocks in the child.
[2026-06-20T08:03:19.352+0000] {standard_task_runner.py:64} INFO - Started process 52920 to run task
[2026-06-20T08:03:19.351+0000] {standard_task_runner.py:90} INFO - Running: ['***', 'tasks', 'run', 'credit_default_ml_pipeline', 'monitoring.check_drift_alert', 'scheduled__2024-06-01T00:00:00+00:00', '--job-id', '2275', '--raw', '--subdir', 'DAGS_FOLDER/dag.py', '--cfg-path', '/tmp/tmpypwbbmrm']
[2026-06-20T08:03:19.352+0000] {standard_task_runner.py:91} INFO - Job 2275: Subtask monitoring.check_drift_alert
[2026-06-20T08:03:19.374+0000] {task_command.py:426} INFO - Running <TaskInstance: credit_default_ml_pipeline.monitoring.check_drift_alert scheduled__2024-06-01T00:00:00+00:00 [running]> on host 9cf341f51c89
[2026-06-20T08:03:19.407+0000] {taskinstance.py:2648} INFO - Exporting env vars: AIRFLOW_CTX_DAG_OWNER='***' AIRFLOW_CTX_DAG_ID='credit_default_ml_pipeline' AIRFLOW_CTX_TASK_ID='monitoring.check_drift_alert' AIRFLOW_CTX_EXECUTION_DATE='2024-06-01T00:00:00+00:00' AIRFLOW_CTX_TRY_NUMBER='1' AIRFLOW_CTX_DAG_RUN_ID='scheduled__2024-06-01T00:00:00+00:00'
[2026-06-20T08:03:19.408+0000] {taskinstance.py:430} INFO - ::endgroup::
[2026-06-20T08:03:19.413+0000] {baseoperator.py:400} WARNING - ShortCircuitOperator.execute cannot be called outside TaskInstance!
[2026-06-20T08:03:19.414+0000] {python.py:237} INFO - Done. Returned value was: False
[2026-06-20T08:03:19.414+0000] {python.py:304} INFO - Condition result is False
[2026-06-20T08:03:19.415+0000] {python.py:331} INFO - Skipping downstream tasks
[2026-06-20T08:03:19.424+0000] {python.py:339} INFO - Done.
[2026-06-20T08:03:19.425+0000] {taskinstance.py:441} INFO - ::group::Post task execution logs
[2026-06-20T08:03:19.432+0000] {taskinstance.py:1206} INFO - Marking task as SUCCESS. dag_id=credit_default_ml_pipeline, task_id=monitoring.check_drift_alert, run_id=scheduled__2024-06-01T00:00:00+00:00, execution_date=20240601T000000, start_date=20260620T080319, end_date=20260620T080319
[2026-06-20T08:03:19.452+0000] {local_task_job_runner.py:243} INFO - Task exited with return code 0
[2026-06-20T08:03:19.460+0000] {taskinstance.py:3503} INFO - 0 downstream tasks scheduled from follow-on schedule check
[2026-06-20T08:03:19.461+0000] {local_task_job_runner.py:222} INFO - ::endgroup::
[2026-06-20T16:00:32.109+0000] {local_task_job_runner.py:120} INFO - ::group::Pre task execution logs
[2026-06-20T16:00:32.122+0000] {taskinstance.py:2076} INFO - Dependencies all met for dep_context=non-requeueable deps ti=<TaskInstance: credit_default_ml_pipeline.monitoring.check_drift_alert scheduled__2024-06-01T00:00:00+00:00 [queued]>
[2026-06-20T16:00:32.126+0000] {taskinstance.py:2076} INFO - Dependencies all met for dep_context=requeueable deps ti=<TaskInstance: credit_default_ml_pipeline.monitoring.check_drift_alert scheduled__2024-06-01T00:00:00+00:00 [queued]>
[2026-06-20T16:00:32.127+0000] {taskinstance.py:2306} INFO - Starting attempt 1 of 2
[2026-06-20T16:00:32.197+0000] {taskinstance.py:2330} INFO - Executing <Task(ShortCircuitOperator): monitoring.check_drift_alert> on 2024-06-01 00:00:00+00:00
[2026-06-20T16:00:32.201+0000] {logging_mixin.py:188} WARNING - /home/***/.local/lib/python3.12/site-packages/***/task/task_runner/standard_task_runner.py:62 DeprecationWarning: This process (pid=39253) is multi-threaded, use of fork() may lead to deadlocks in the child.
[2026-06-20T16:00:32.201+0000] {standard_task_runner.py:64} INFO - Started process 39255 to run task
[2026-06-20T16:00:32.201+0000] {standard_task_runner.py:90} INFO - Running: ['***', 'tasks', 'run', 'credit_default_ml_pipeline', 'monitoring.check_drift_alert', 'scheduled__2024-06-01T00:00:00+00:00', '--job-id', '2747', '--raw', '--subdir', 'DAGS_FOLDER/dag.py', '--cfg-path', '/tmp/tmplyscfe9m']
[2026-06-20T16:00:32.202+0000] {standard_task_runner.py:91} INFO - Job 2747: Subtask monitoring.check_drift_alert
[2026-06-20T16:00:32.219+0000] {task_command.py:426} INFO - Running <TaskInstance: credit_default_ml_pipeline.monitoring.check_drift_alert scheduled__2024-06-01T00:00:00+00:00 [running]> on host 9cf341f51c89
[2026-06-20T16:00:32.244+0000] {taskinstance.py:2648} INFO - Exporting env vars: AIRFLOW_CTX_DAG_OWNER='***' AIRFLOW_CTX_DAG_ID='credit_default_ml_pipeline' AIRFLOW_CTX_TASK_ID='monitoring.check_drift_alert' AIRFLOW_CTX_EXECUTION_DATE='2024-06-01T00:00:00+00:00' AIRFLOW_CTX_TRY_NUMBER='1' AIRFLOW_CTX_DAG_RUN_ID='scheduled__2024-06-01T00:00:00+00:00'
[2026-06-20T16:00:32.245+0000] {taskinstance.py:430} INFO - ::endgroup::
[2026-06-20T16:00:32.250+0000] {baseoperator.py:400} WARNING - ShortCircuitOperator.execute cannot be called outside TaskInstance!
[2026-06-20T16:00:32.250+0000] {python.py:237} INFO - Done. Returned value was: False
[2026-06-20T16:00:32.251+0000] {python.py:304} INFO - Condition result is False
[2026-06-20T16:00:32.251+0000] {python.py:331} INFO - Skipping downstream tasks
[2026-06-20T16:00:32.258+0000] {python.py:339} INFO - Done.
[2026-06-20T16:00:32.258+0000] {taskinstance.py:441} INFO - ::group::Post task execution logs
[2026-06-20T16:00:32.263+0000] {taskinstance.py:1206} INFO - Marking task as SUCCESS. dag_id=credit_default_ml_pipeline, task_id=monitoring.check_drift_alert, run_id=scheduled__2024-06-01T00:00:00+00:00, execution_date=20240601T000000, start_date=20260620T160032, end_date=20260620T160032
[2026-06-20T16:00:32.299+0000] {local_task_job_runner.py:243} INFO - Task exited with return code 0
[2026-06-20T16:00:32.306+0000] {taskinstance.py:3503} INFO - 0 downstream tasks scheduled from follow-on schedule check
[2026-06-20T16:00:32.307+0000] {local_task_job_runner.py:222} INFO - ::endgroup::
[2026-06-20T17:56:27.510+0000] {local_task_job_runner.py:120} INFO - ::group::Pre task execution logs
[2026-06-20T17:56:27.530+0000] {taskinstance.py:2076} INFO - Dependencies all met for dep_context=non-requeueable deps ti=<TaskInstance: credit_default_ml_pipeline.monitoring.check_drift_alert scheduled__2024-06-01T00:00:00+00:00 [queued]>
[2026-06-20T17:56:27.536+0000] {taskinstance.py:2076} INFO - Dependencies all met for dep_context=requeueable deps ti=<TaskInstance: credit_default_ml_pipeline.monitoring.check_drift_alert scheduled__2024-06-01T00:00:00+00:00 [queued]>
[2026-06-20T17:56:27.536+0000] {taskinstance.py:2306} INFO - Starting attempt 1 of 2
[2026-06-20T17:56:27.635+0000] {taskinstance.py:2330} INFO - Executing <Task(ShortCircuitOperator): monitoring.check_drift_alert> on 2024-06-01 00:00:00+00:00
[2026-06-20T17:56:27.641+0000] {logging_mixin.py:188} WARNING - /home/***/.local/lib/python3.12/site-packages/***/task/task_runner/standard_task_runner.py:62 DeprecationWarning: This process (pid=57646) is multi-threaded, use of fork() may lead to deadlocks in the child.
[2026-06-20T17:56:27.642+0000] {standard_task_runner.py:64} INFO - Started process 57650 to run task
[2026-06-20T17:56:27.641+0000] {standard_task_runner.py:90} INFO - Running: ['***', 'tasks', 'run', 'credit_default_ml_pipeline', 'monitoring.check_drift_alert', 'scheduled__2024-06-01T00:00:00+00:00', '--job-id', '3323', '--raw', '--subdir', 'DAGS_FOLDER/dag.py', '--cfg-path', '/tmp/tmprv97bbbw']
[2026-06-20T17:56:27.643+0000] {standard_task_runner.py:91} INFO - Job 3323: Subtask monitoring.check_drift_alert
[2026-06-20T17:56:27.673+0000] {task_command.py:426} INFO - Running <TaskInstance: credit_default_ml_pipeline.monitoring.check_drift_alert scheduled__2024-06-01T00:00:00+00:00 [running]> on host 9cf341f51c89
[2026-06-20T17:56:27.717+0000] {taskinstance.py:2648} INFO - Exporting env vars: AIRFLOW_CTX_DAG_OWNER='***' AIRFLOW_CTX_DAG_ID='credit_default_ml_pipeline' AIRFLOW_CTX_TASK_ID='monitoring.check_drift_alert' AIRFLOW_CTX_EXECUTION_DATE='2024-06-01T00:00:00+00:00' AIRFLOW_CTX_TRY_NUMBER='1' AIRFLOW_CTX_DAG_RUN_ID='scheduled__2024-06-01T00:00:00+00:00'
[2026-06-20T17:56:27.719+0000] {taskinstance.py:430} INFO - ::endgroup::
[2026-06-20T17:56:27.726+0000] {baseoperator.py:400} WARNING - ShortCircuitOperator.execute cannot be called outside TaskInstance!
[2026-06-20T17:56:27.728+0000] {python.py:237} INFO - Done. Returned value was: False
[2026-06-20T17:56:27.728+0000] {python.py:304} INFO - Condition result is False
[2026-06-20T17:56:27.729+0000] {python.py:331} INFO - Skipping downstream tasks
[2026-06-20T17:56:27.741+0000] {python.py:339} INFO - Done.
[2026-06-20T17:56:27.742+0000] {taskinstance.py:441} INFO - ::group::Post task execution logs
[2026-06-20T17:56:27.752+0000] {taskinstance.py:1206} INFO - Marking task as SUCCESS. dag_id=credit_default_ml_pipeline, task_id=monitoring.check_drift_alert, run_id=scheduled__2024-06-01T00:00:00+00:00, execution_date=20240601T000000, start_date=20260620T175627, end_date=20260620T175627
[2026-06-20T17:56:27.783+0000] {local_task_job_runner.py:243} INFO - Task exited with return code 0
[2026-06-20T17:56:27.794+0000] {taskinstance.py:3503} INFO - 0 downstream tasks scheduled from follow-on schedule check
[2026-06-20T17:56:27.796+0000] {local_task_job_runner.py:222} INFO - ::endgroup::
[2026-06-21T02:51:24.454+0000] {local_task_job_runner.py:120} INFO - ::group::Pre task execution logs
[2026-06-21T02:51:24.466+0000] {taskinstance.py:2076} INFO - Dependencies all met for dep_context=non-requeueable deps ti=<TaskInstance: credit_default_ml_pipeline.monitoring.check_drift_alert scheduled__2024-06-01T00:00:00+00:00 [queued]>
[2026-06-21T02:51:24.471+0000] {taskinstance.py:2076} INFO - Dependencies all met for dep_context=requeueable deps ti=<TaskInstance: credit_default_ml_pipeline.monitoring.check_drift_alert scheduled__2024-06-01T00:00:00+00:00 [queued]>
[2026-06-21T02:51:24.471+0000] {taskinstance.py:2306} INFO - Starting attempt 1 of 2
[2026-06-21T02:51:24.475+0000] {taskinstance.py:2330} INFO - Executing <Task(ShortCircuitOperator): monitoring.check_drift_alert> on 2024-06-01 00:00:00+00:00
[2026-06-21T02:51:24.478+0000] {logging_mixin.py:188} WARNING - /home/***/.local/lib/python3.12/site-packages/***/task/task_runner/standard_task_runner.py:62 DeprecationWarning: This process (pid=56572) is multi-threaded, use of fork() may lead to deadlocks in the child.
[2026-06-21T02:51:24.479+0000] {standard_task_runner.py:64} INFO - Started process 56574 to run task
[2026-06-21T02:51:24.479+0000] {standard_task_runner.py:90} INFO - Running: ['***', 'tasks', 'run', 'credit_default_ml_pipeline', 'monitoring.check_drift_alert', 'scheduled__2024-06-01T00:00:00+00:00', '--job-id', '3788', '--raw', '--subdir', 'DAGS_FOLDER/dag.py', '--cfg-path', '/tmp/tmppse3k0su']
[2026-06-21T02:51:24.480+0000] {standard_task_runner.py:91} INFO - Job 3788: Subtask monitoring.check_drift_alert
[2026-06-21T02:51:24.497+0000] {task_command.py:426} INFO - Running <TaskInstance: credit_default_ml_pipeline.monitoring.check_drift_alert scheduled__2024-06-01T00:00:00+00:00 [running]> on host f6e9e2801916
[2026-06-21T02:51:24.600+0000] {taskinstance.py:2648} INFO - Exporting env vars: AIRFLOW_CTX_DAG_OWNER='***' AIRFLOW_CTX_DAG_ID='credit_default_ml_pipeline' AIRFLOW_CTX_TASK_ID='monitoring.check_drift_alert' AIRFLOW_CTX_EXECUTION_DATE='2024-06-01T00:00:00+00:00' AIRFLOW_CTX_TRY_NUMBER='1' AIRFLOW_CTX_DAG_RUN_ID='scheduled__2024-06-01T00:00:00+00:00'
[2026-06-21T02:51:24.601+0000] {taskinstance.py:430} INFO - ::endgroup::
[2026-06-21T02:51:24.605+0000] {baseoperator.py:400} WARNING - ShortCircuitOperator.execute cannot be called outside TaskInstance!
[2026-06-21T02:51:24.606+0000] {python.py:237} INFO - Done. Returned value was: False
[2026-06-21T02:51:24.606+0000] {python.py:304} INFO - Condition result is False
[2026-06-21T02:51:24.606+0000] {python.py:331} INFO - Skipping downstream tasks
[2026-06-21T02:51:24.613+0000] {python.py:339} INFO - Done.
[2026-06-21T02:51:24.614+0000] {taskinstance.py:441} INFO - ::group::Post task execution logs
[2026-06-21T02:51:24.620+0000] {taskinstance.py:1206} INFO - Marking task as SUCCESS. dag_id=credit_default_ml_pipeline, task_id=monitoring.check_drift_alert, run_id=scheduled__2024-06-01T00:00:00+00:00, execution_date=20240601T000000, start_date=20260621T025124, end_date=20260621T025124
[2026-06-21T02:51:24.664+0000] {local_task_job_runner.py:243} INFO - Task exited with return code 0
[2026-06-21T02:51:24.670+0000] {taskinstance.py:3503} INFO - 0 downstream tasks scheduled from follow-on schedule check
[2026-06-21T02:51:24.671+0000] {local_task_job_runner.py:222} INFO - ::endgroup::
[2026-06-21T06:17:29.152+0000] {local_task_job_runner.py:120} INFO - ::group::Pre task execution logs
[2026-06-21T06:17:29.170+0000] {taskinstance.py:2076} INFO - Dependencies all met for dep_context=non-requeueable deps ti=<TaskInstance: credit_default_ml_pipeline.monitoring.check_drift_alert scheduled__2024-06-01T00:00:00+00:00 [queued]>
[2026-06-21T06:17:29.175+0000] {taskinstance.py:2076} INFO - Dependencies all met for dep_context=requeueable deps ti=<TaskInstance: credit_default_ml_pipeline.monitoring.check_drift_alert scheduled__2024-06-01T00:00:00+00:00 [queued]>
[2026-06-21T06:17:29.176+0000] {taskinstance.py:2306} INFO - Starting attempt 1 of 2
[2026-06-21T06:17:29.268+0000] {taskinstance.py:2330} INFO - Executing <Task(ShortCircuitOperator): monitoring.check_drift_alert> on 2024-06-01 00:00:00+00:00
[2026-06-21T06:17:29.272+0000] {logging_mixin.py:188} WARNING - /home/***/.local/lib/python3.12/site-packages/***/task/task_runner/standard_task_runner.py:62 DeprecationWarning: This process (pid=58378) is multi-threaded, use of fork() may lead to deadlocks in the child.
[2026-06-21T06:17:29.273+0000] {standard_task_runner.py:64} INFO - Started process 58380 to run task
[2026-06-21T06:17:29.273+0000] {standard_task_runner.py:90} INFO - Running: ['***', 'tasks', 'run', 'credit_default_ml_pipeline', 'monitoring.check_drift_alert', 'scheduled__2024-06-01T00:00:00+00:00', '--job-id', '4250', '--raw', '--subdir', 'DAGS_FOLDER/dag.py', '--cfg-path', '/tmp/tmp6bpmiv5x']
[2026-06-21T06:17:29.275+0000] {standard_task_runner.py:91} INFO - Job 4250: Subtask monitoring.check_drift_alert
[2026-06-21T06:17:29.299+0000] {task_command.py:426} INFO - Running <TaskInstance: credit_default_ml_pipeline.monitoring.check_drift_alert scheduled__2024-06-01T00:00:00+00:00 [running]> on host 9377a3f0491f
[2026-06-21T06:17:29.340+0000] {taskinstance.py:2648} INFO - Exporting env vars: AIRFLOW_CTX_DAG_OWNER='***' AIRFLOW_CTX_DAG_ID='credit_default_ml_pipeline' AIRFLOW_CTX_TASK_ID='monitoring.check_drift_alert' AIRFLOW_CTX_EXECUTION_DATE='2024-06-01T00:00:00+00:00' AIRFLOW_CTX_TRY_NUMBER='1' AIRFLOW_CTX_DAG_RUN_ID='scheduled__2024-06-01T00:00:00+00:00'
[2026-06-21T06:17:29.342+0000] {taskinstance.py:430} INFO - ::endgroup::
[2026-06-21T06:17:29.349+0000] {baseoperator.py:400} WARNING - ShortCircuitOperator.execute cannot be called outside TaskInstance!
[2026-06-21T06:17:29.351+0000] {python.py:237} INFO - Done. Returned value was: False
[2026-06-21T06:17:29.351+0000] {python.py:304} INFO - Condition result is False
[2026-06-21T06:17:29.352+0000] {python.py:331} INFO - Skipping downstream tasks
[2026-06-21T06:17:29.364+0000] {python.py:339} INFO - Done.
[2026-06-21T06:17:29.365+0000] {taskinstance.py:441} INFO - ::group::Post task execution logs
[2026-06-21T06:17:29.374+0000] {taskinstance.py:1206} INFO - Marking task as SUCCESS. dag_id=credit_default_ml_pipeline, task_id=monitoring.check_drift_alert, run_id=scheduled__2024-06-01T00:00:00+00:00, execution_date=20240601T000000, start_date=20260621T061729, end_date=20260621T061729
[2026-06-21T06:17:29.414+0000] {local_task_job_runner.py:243} INFO - Task exited with return code 0
[2026-06-21T06:17:29.425+0000] {taskinstance.py:3503} INFO - 0 downstream tasks scheduled from follow-on schedule check
[2026-06-21T06:17:29.427+0000] {local_task_job_runner.py:222} INFO - ::endgroup::
