[2026-06-18T04:40:48.722+0000] {local_task_job_runner.py:120} INFO - ::group::Pre task execution logs
[2026-06-18T04:40:48.762+0000] {taskinstance.py:2076} INFO - Dependencies all met for dep_context=non-requeueable deps ti=<TaskInstance: credit_default_ml_pipeline.label_pipeline.label_silver_lms scheduled__2024-11-01T00:00:00+00:00 [queued]>
[2026-06-18T04:40:48.777+0000] {taskinstance.py:2076} INFO - Dependencies all met for dep_context=requeueable deps ti=<TaskInstance: credit_default_ml_pipeline.label_pipeline.label_silver_lms scheduled__2024-11-01T00:00:00+00:00 [queued]>
[2026-06-18T04:40:48.781+0000] {taskinstance.py:2306} INFO - Starting attempt 4 of 5
[2026-06-18T04:40:48.802+0000] {taskinstance.py:2330} INFO - Executing <Task(BashOperator): label_pipeline.label_silver_lms> on 2024-11-01 00:00:00+00:00
[2026-06-18T04:40:48.814+0000] {logging_mixin.py:188} WARNING - /home/***/.local/lib/python3.12/site-packages/***/task/task_runner/standard_task_runner.py:62 DeprecationWarning: This process (pid=97535) is multi-threaded, use of fork() may lead to deadlocks in the child.
[2026-06-18T04:40:48.815+0000] {standard_task_runner.py:90} INFO - Running: ['***', 'tasks', 'run', 'credit_default_ml_pipeline', 'label_pipeline.label_silver_lms', 'scheduled__2024-11-01T00:00:00+00:00', '--job-id', '1310', '--raw', '--subdir', 'DAGS_FOLDER/dag.py', '--cfg-path', '/tmp/tmpl8nu589c']
[2026-06-18T04:40:48.818+0000] {standard_task_runner.py:64} INFO - Started process 97649 to run task
[2026-06-18T04:40:48.820+0000] {standard_task_runner.py:91} INFO - Job 1310: Subtask label_pipeline.label_silver_lms
[2026-06-18T04:40:48.883+0000] {task_command.py:426} INFO - Running <TaskInstance: credit_default_ml_pipeline.label_pipeline.label_silver_lms scheduled__2024-11-01T00:00:00+00:00 [running]> on host bfbc24b887a5
[2026-06-18T04:40:49.257+0000] {taskinstance.py:2648} INFO - Exporting env vars: AIRFLOW_CTX_DAG_OWNER='***' AIRFLOW_CTX_DAG_ID='credit_default_ml_pipeline' AIRFLOW_CTX_TASK_ID='label_pipeline.label_silver_lms' AIRFLOW_CTX_EXECUTION_DATE='2024-11-01T00:00:00+00:00' AIRFLOW_CTX_TRY_NUMBER='4' AIRFLOW_CTX_DAG_RUN_ID='scheduled__2024-11-01T00:00:00+00:00'
[2026-06-18T04:40:49.259+0000] {taskinstance.py:430} INFO - ::endgroup::
[2026-06-18T04:40:49.275+0000] {subprocess.py:63} INFO - Tmp dir root location: /tmp
[2026-06-18T04:40:49.278+0000] {subprocess.py:75} INFO - Running command: ['/usr/bin/bash', '-c', 'cd /opt/***/scripts && python3 silver_processing.py --snapshotdate "2024-11-01" --source lms']
[2026-06-18T04:40:49.298+0000] {subprocess.py:86} INFO - Output:
[2026-06-18T04:40:52.855+0000] {subprocess.py:93} INFO - Setting default log level to "WARN".
[2026-06-18T04:40:52.860+0000] {subprocess.py:93} INFO - To adjust logging level use sc.setLogLevel(newLevel). For SparkR, use setLogLevel(newLevel).
[2026-06-18T04:40:53.223+0000] {subprocess.py:93} INFO - 26/06/18 04:40:53 WARN NativeCodeLoader: Unable to load native-hadoop library for your platform... using builtin-java classes where applicable
[2026-06-18T04:40:54.524+0000] {subprocess.py:93} INFO - 26/06/18 04:40:54 WARN Utils: Service 'SparkUI' could not bind on port 4040. Attempting port 4041.
[2026-06-18T04:40:54.527+0000] {subprocess.py:93} INFO - 26/06/18 04:40:54 WARN Utils: Service 'SparkUI' could not bind on port 4041. Attempting port 4042.
[2026-06-18T04:40:54.530+0000] {subprocess.py:93} INFO - 26/06/18 04:40:54 WARN Utils: Service 'SparkUI' could not bind on port 4042. Attempting port 4043.
[2026-06-18T04:41:07.322+0000] {subprocess.py:93} INFO - [Stage 0:>                                                          (0 + 1) / 1]                                                                                [Stage 5:>                                                          (0 + 1) / 1]
[2026-06-18T04:41:07.325+0000] {subprocess.py:93} INFO - --- silver lms 2024-11-01 ---
[2026-06-18T04:41:07.327+0000] {subprocess.py:93} INFO - 
[2026-06-18T04:41:07.328+0000] {subprocess.py:93} INFO - [silver:lms] loaded datamart/bronze/lms/bronze_lms_2024_11_01.csv rows: 5501
[2026-06-18T04:41:07.329+0000] {subprocess.py:93} INFO - [silver:lms] saved to: datamart/silver/lms/2024_11_01.parquet
[2026-06-18T04:41:07.330+0000] {subprocess.py:93} INFO - 
[2026-06-18T04:41:07.331+0000] {subprocess.py:93} INFO - --- done ---
[2026-06-18T04:41:07.335+0000] {subprocess.py:93} INFO - 
[2026-06-18T04:41:07.864+0000] {subprocess.py:97} INFO - Command exited with return code 0
[2026-06-18T04:41:07.867+0000] {taskinstance.py:441} INFO - ::group::Post task execution logs
[2026-06-18T04:41:07.917+0000] {taskinstance.py:1206} INFO - Marking task as SUCCESS. dag_id=credit_default_ml_pipeline, task_id=label_pipeline.label_silver_lms, run_id=scheduled__2024-11-01T00:00:00+00:00, execution_date=20241101T000000, start_date=20260618T044048, end_date=20260618T044107
[2026-06-18T04:41:07.963+0000] {local_task_job_runner.py:243} INFO - Task exited with return code 0
[2026-06-18T04:41:08.220+0000] {taskinstance.py:3503} INFO - 1 downstream tasks scheduled from follow-on schedule check
[2026-06-18T04:41:08.222+0000] {local_task_job_runner.py:222} INFO - ::endgroup::
