[2026-06-20T08:03:15.243+0000] {local_task_job_runner.py:120} INFO - ::group::Pre task execution logs
[2026-06-20T08:03:15.257+0000] {taskinstance.py:2076} INFO - Dependencies all met for dep_context=non-requeueable deps ti=<TaskInstance: credit_default_ml_pipeline.inference.xgb_inference scheduled__2024-06-01T00:00:00+00:00 [queued]>
[2026-06-20T08:03:15.261+0000] {taskinstance.py:2076} INFO - Dependencies all met for dep_context=requeueable deps ti=<TaskInstance: credit_default_ml_pipeline.inference.xgb_inference scheduled__2024-06-01T00:00:00+00:00 [queued]>
[2026-06-20T08:03:15.261+0000] {taskinstance.py:2306} INFO - Starting attempt 1 of 2
[2026-06-20T08:03:15.337+0000] {taskinstance.py:2330} INFO - Executing <Task(BashOperator): inference.xgb_inference> on 2024-06-01 00:00:00+00:00
[2026-06-20T08:03:15.341+0000] {logging_mixin.py:188} WARNING - /home/***/.local/lib/python3.12/site-packages/***/task/task_runner/standard_task_runner.py:62 DeprecationWarning: This process (pid=52892) is multi-threaded, use of fork() may lead to deadlocks in the child.
[2026-06-20T08:03:15.342+0000] {standard_task_runner.py:90} INFO - Running: ['***', 'tasks', 'run', 'credit_default_ml_pipeline', 'inference.xgb_inference', 'scheduled__2024-06-01T00:00:00+00:00', '--job-id', '2271', '--raw', '--subdir', 'DAGS_FOLDER/dag.py', '--cfg-path', '/tmp/tmpj5g7xgct']
[2026-06-20T08:03:15.343+0000] {standard_task_runner.py:91} INFO - Job 2271: Subtask inference.xgb_inference
[2026-06-20T08:03:15.343+0000] {standard_task_runner.py:64} INFO - Started process 52896 to run task
[2026-06-20T08:03:15.366+0000] {task_command.py:426} INFO - Running <TaskInstance: credit_default_ml_pipeline.inference.xgb_inference scheduled__2024-06-01T00:00:00+00:00 [running]> on host 9cf341f51c89
[2026-06-20T08:03:15.396+0000] {taskinstance.py:2648} INFO - Exporting env vars: AIRFLOW_CTX_DAG_OWNER='***' AIRFLOW_CTX_DAG_ID='credit_default_ml_pipeline' AIRFLOW_CTX_TASK_ID='inference.xgb_inference' AIRFLOW_CTX_EXECUTION_DATE='2024-06-01T00:00:00+00:00' AIRFLOW_CTX_TRY_NUMBER='1' AIRFLOW_CTX_DAG_RUN_ID='scheduled__2024-06-01T00:00:00+00:00'
[2026-06-20T08:03:15.397+0000] {taskinstance.py:430} INFO - ::endgroup::
[2026-06-20T08:03:15.403+0000] {subprocess.py:63} INFO - Tmp dir root location: /tmp
[2026-06-20T08:03:15.403+0000] {subprocess.py:75} INFO - Running command: ['/usr/bin/bash', '-c', 'cd /opt/***/scripts && if [ ! -f model_bank/champion.txt ]; then echo \'[SKIP] no champion.txt for 2024-06-01\'; exit 0; fi && CHAMP=$(cat model_bank/champion.txt | tr -d \'\\n\') && python3 model_inference.py --snapshotdate "2024-06-01" --modelname "$CHAMP"']
[2026-06-20T08:03:15.407+0000] {subprocess.py:86} INFO - Output:
[2026-06-20T08:03:15.409+0000] {subprocess.py:93} INFO - [SKIP] no champion.txt for 2024-06-01
[2026-06-20T08:03:15.410+0000] {subprocess.py:97} INFO - Command exited with return code 0
[2026-06-20T08:03:15.411+0000] {taskinstance.py:441} INFO - ::group::Post task execution logs
[2026-06-20T08:03:15.420+0000] {taskinstance.py:1206} INFO - Marking task as SUCCESS. dag_id=credit_default_ml_pipeline, task_id=inference.xgb_inference, run_id=scheduled__2024-06-01T00:00:00+00:00, execution_date=20240601T000000, start_date=20260620T080315, end_date=20260620T080315
[2026-06-20T08:03:15.443+0000] {local_task_job_runner.py:243} INFO - Task exited with return code 0
[2026-06-20T08:03:15.455+0000] {taskinstance.py:3503} INFO - 0 downstream tasks scheduled from follow-on schedule check
[2026-06-20T08:03:15.456+0000] {local_task_job_runner.py:222} INFO - ::endgroup::
[2026-06-20T16:00:27.338+0000] {local_task_job_runner.py:120} INFO - ::group::Pre task execution logs
[2026-06-20T16:00:27.355+0000] {taskinstance.py:2076} INFO - Dependencies all met for dep_context=non-requeueable deps ti=<TaskInstance: credit_default_ml_pipeline.inference.xgb_inference scheduled__2024-06-01T00:00:00+00:00 [queued]>
[2026-06-20T16:00:27.360+0000] {taskinstance.py:2076} INFO - Dependencies all met for dep_context=requeueable deps ti=<TaskInstance: credit_default_ml_pipeline.inference.xgb_inference scheduled__2024-06-01T00:00:00+00:00 [queued]>
[2026-06-20T16:00:27.362+0000] {taskinstance.py:2306} INFO - Starting attempt 1 of 2
[2026-06-20T16:00:27.439+0000] {taskinstance.py:2330} INFO - Executing <Task(BashOperator): inference.xgb_inference> on 2024-06-01 00:00:00+00:00
[2026-06-20T16:00:27.443+0000] {logging_mixin.py:188} WARNING - /home/***/.local/lib/python3.12/site-packages/***/task/task_runner/standard_task_runner.py:62 DeprecationWarning: This process (pid=39233) is multi-threaded, use of fork() may lead to deadlocks in the child.
[2026-06-20T16:00:27.443+0000] {standard_task_runner.py:64} INFO - Started process 39238 to run task
[2026-06-20T16:00:27.443+0000] {standard_task_runner.py:90} INFO - Running: ['***', 'tasks', 'run', 'credit_default_ml_pipeline', 'inference.xgb_inference', 'scheduled__2024-06-01T00:00:00+00:00', '--job-id', '2742', '--raw', '--subdir', 'DAGS_FOLDER/dag.py', '--cfg-path', '/tmp/tmpipuedqv0']
[2026-06-20T16:00:27.444+0000] {standard_task_runner.py:91} INFO - Job 2742: Subtask inference.xgb_inference
[2026-06-20T16:00:27.462+0000] {task_command.py:426} INFO - Running <TaskInstance: credit_default_ml_pipeline.inference.xgb_inference scheduled__2024-06-01T00:00:00+00:00 [running]> on host 9cf341f51c89
[2026-06-20T16:00:27.491+0000] {taskinstance.py:2648} INFO - Exporting env vars: AIRFLOW_CTX_DAG_OWNER='***' AIRFLOW_CTX_DAG_ID='credit_default_ml_pipeline' AIRFLOW_CTX_TASK_ID='inference.xgb_inference' AIRFLOW_CTX_EXECUTION_DATE='2024-06-01T00:00:00+00:00' AIRFLOW_CTX_TRY_NUMBER='1' AIRFLOW_CTX_DAG_RUN_ID='scheduled__2024-06-01T00:00:00+00:00'
[2026-06-20T16:00:27.491+0000] {taskinstance.py:430} INFO - ::endgroup::
[2026-06-20T16:00:27.496+0000] {subprocess.py:63} INFO - Tmp dir root location: /tmp
[2026-06-20T16:00:27.497+0000] {subprocess.py:75} INFO - Running command: ['/usr/bin/bash', '-c', 'cd /opt/***/scripts && if [ ! -f model_bank/champion.txt ]; then echo \'[SKIP] no champion.txt for 2024-06-01\'; exit 0; fi && CHAMP=$(cat model_bank/champion.txt | tr -d \'\\n\') && python3 model_inference.py --snapshotdate "2024-06-01" --modelname "$CHAMP"']
[2026-06-20T16:00:27.501+0000] {subprocess.py:86} INFO - Output:
[2026-06-20T16:00:27.502+0000] {subprocess.py:93} INFO - [SKIP] no champion.txt for 2024-06-01
[2026-06-20T16:00:27.502+0000] {subprocess.py:97} INFO - Command exited with return code 0
[2026-06-20T16:00:27.503+0000] {taskinstance.py:441} INFO - ::group::Post task execution logs
[2026-06-20T16:00:27.513+0000] {taskinstance.py:1206} INFO - Marking task as SUCCESS. dag_id=credit_default_ml_pipeline, task_id=inference.xgb_inference, run_id=scheduled__2024-06-01T00:00:00+00:00, execution_date=20240601T000000, start_date=20260620T160027, end_date=20260620T160027
[2026-06-20T16:00:27.542+0000] {local_task_job_runner.py:243} INFO - Task exited with return code 0
[2026-06-20T16:00:27.549+0000] {local_task_job_runner.py:222} INFO - ::endgroup::
[2026-06-20T17:56:22.625+0000] {local_task_job_runner.py:120} INFO - ::group::Pre task execution logs
[2026-06-20T17:56:22.646+0000] {taskinstance.py:2076} INFO - Dependencies all met for dep_context=non-requeueable deps ti=<TaskInstance: credit_default_ml_pipeline.inference.xgb_inference scheduled__2024-06-01T00:00:00+00:00 [queued]>
[2026-06-20T17:56:22.653+0000] {taskinstance.py:2076} INFO - Dependencies all met for dep_context=requeueable deps ti=<TaskInstance: credit_default_ml_pipeline.inference.xgb_inference scheduled__2024-06-01T00:00:00+00:00 [queued]>
[2026-06-20T17:56:22.654+0000] {taskinstance.py:2306} INFO - Starting attempt 1 of 2
[2026-06-20T17:56:22.760+0000] {taskinstance.py:2330} INFO - Executing <Task(BashOperator): inference.xgb_inference> on 2024-06-01 00:00:00+00:00
[2026-06-20T17:56:22.766+0000] {logging_mixin.py:188} WARNING - /home/***/.local/lib/python3.12/site-packages/***/task/task_runner/standard_task_runner.py:62 DeprecationWarning: This process (pid=57623) is multi-threaded, use of fork() may lead to deadlocks in the child.
[2026-06-20T17:56:22.767+0000] {standard_task_runner.py:64} INFO - Started process 57626 to run task
[2026-06-20T17:56:22.766+0000] {standard_task_runner.py:90} INFO - Running: ['***', 'tasks', 'run', 'credit_default_ml_pipeline', 'inference.xgb_inference', 'scheduled__2024-06-01T00:00:00+00:00', '--job-id', '3318', '--raw', '--subdir', 'DAGS_FOLDER/dag.py', '--cfg-path', '/tmp/tmpdlowkl9n']
[2026-06-20T17:56:22.769+0000] {standard_task_runner.py:91} INFO - Job 3318: Subtask inference.xgb_inference
[2026-06-20T17:56:22.799+0000] {task_command.py:426} INFO - Running <TaskInstance: credit_default_ml_pipeline.inference.xgb_inference scheduled__2024-06-01T00:00:00+00:00 [running]> on host 9cf341f51c89
[2026-06-20T17:56:22.843+0000] {taskinstance.py:2648} INFO - Exporting env vars: AIRFLOW_CTX_DAG_OWNER='***' AIRFLOW_CTX_DAG_ID='credit_default_ml_pipeline' AIRFLOW_CTX_TASK_ID='inference.xgb_inference' AIRFLOW_CTX_EXECUTION_DATE='2024-06-01T00:00:00+00:00' AIRFLOW_CTX_TRY_NUMBER='1' AIRFLOW_CTX_DAG_RUN_ID='scheduled__2024-06-01T00:00:00+00:00'
[2026-06-20T17:56:22.846+0000] {taskinstance.py:430} INFO - ::endgroup::
[2026-06-20T17:56:22.853+0000] {subprocess.py:63} INFO - Tmp dir root location: /tmp
[2026-06-20T17:56:22.854+0000] {subprocess.py:75} INFO - Running command: ['/usr/bin/bash', '-c', 'cd /opt/***/scripts && if [ ! -f model_bank/champion.txt ]; then echo \'[SKIP] no champion.txt for 2024-06-01\'; exit 0; fi && CHAMP=$(cat model_bank/champion.txt | tr -d \'\\n\') && python3 model_inference.py --snapshotdate "2024-06-01" --modelname "$CHAMP"']
[2026-06-20T17:56:22.861+0000] {subprocess.py:86} INFO - Output:
[2026-06-20T17:56:22.864+0000] {subprocess.py:93} INFO - [SKIP] no champion.txt for 2024-06-01
[2026-06-20T17:56:22.864+0000] {subprocess.py:97} INFO - Command exited with return code 0
[2026-06-20T17:56:22.865+0000] {taskinstance.py:441} INFO - ::group::Post task execution logs
[2026-06-20T17:56:22.879+0000] {taskinstance.py:1206} INFO - Marking task as SUCCESS. dag_id=credit_default_ml_pipeline, task_id=inference.xgb_inference, run_id=scheduled__2024-06-01T00:00:00+00:00, execution_date=20240601T000000, start_date=20260620T175622, end_date=20260620T175622
[2026-06-20T17:56:22.912+0000] {local_task_job_runner.py:243} INFO - Task exited with return code 0
[2026-06-20T17:56:22.922+0000] {local_task_job_runner.py:222} INFO - ::endgroup::
[2026-06-21T02:51:20.078+0000] {local_task_job_runner.py:120} INFO - ::group::Pre task execution logs
[2026-06-21T02:51:20.094+0000] {taskinstance.py:2076} INFO - Dependencies all met for dep_context=non-requeueable deps ti=<TaskInstance: credit_default_ml_pipeline.inference.xgb_inference scheduled__2024-06-01T00:00:00+00:00 [queued]>
[2026-06-21T02:51:20.099+0000] {taskinstance.py:2076} INFO - Dependencies all met for dep_context=requeueable deps ti=<TaskInstance: credit_default_ml_pipeline.inference.xgb_inference scheduled__2024-06-01T00:00:00+00:00 [queued]>
[2026-06-21T02:51:20.100+0000] {taskinstance.py:2306} INFO - Starting attempt 1 of 2
[2026-06-21T02:51:20.107+0000] {taskinstance.py:2330} INFO - Executing <Task(BashOperator): inference.xgb_inference> on 2024-06-01 00:00:00+00:00
[2026-06-21T02:51:20.110+0000] {logging_mixin.py:188} WARNING - /home/***/.local/lib/python3.12/site-packages/***/task/task_runner/standard_task_runner.py:62 DeprecationWarning: This process (pid=56546) is multi-threaded, use of fork() may lead to deadlocks in the child.
[2026-06-21T02:51:20.111+0000] {standard_task_runner.py:90} INFO - Running: ['***', 'tasks', 'run', 'credit_default_ml_pipeline', 'inference.xgb_inference', 'scheduled__2024-06-01T00:00:00+00:00', '--job-id', '3784', '--raw', '--subdir', 'DAGS_FOLDER/dag.py', '--cfg-path', '/tmp/tmpr9gqlxzw']
[2026-06-21T02:51:20.112+0000] {standard_task_runner.py:64} INFO - Started process 56551 to run task
[2026-06-21T02:51:20.112+0000] {standard_task_runner.py:91} INFO - Job 3784: Subtask inference.xgb_inference
[2026-06-21T02:51:20.129+0000] {task_command.py:426} INFO - Running <TaskInstance: credit_default_ml_pipeline.inference.xgb_inference scheduled__2024-06-01T00:00:00+00:00 [running]> on host f6e9e2801916
[2026-06-21T02:51:20.233+0000] {taskinstance.py:2648} INFO - Exporting env vars: AIRFLOW_CTX_DAG_OWNER='***' AIRFLOW_CTX_DAG_ID='credit_default_ml_pipeline' AIRFLOW_CTX_TASK_ID='inference.xgb_inference' AIRFLOW_CTX_EXECUTION_DATE='2024-06-01T00:00:00+00:00' AIRFLOW_CTX_TRY_NUMBER='1' AIRFLOW_CTX_DAG_RUN_ID='scheduled__2024-06-01T00:00:00+00:00'
[2026-06-21T02:51:20.234+0000] {taskinstance.py:430} INFO - ::endgroup::
[2026-06-21T02:51:20.239+0000] {subprocess.py:63} INFO - Tmp dir root location: /tmp
[2026-06-21T02:51:20.240+0000] {subprocess.py:75} INFO - Running command: ['/usr/bin/bash', '-c', 'cd /opt/***/scripts && if [ ! -f model_bank/champion.txt ]; then   echo \'[SKIP] no champion.txt for 2024-06-01\'; exit 0; fi && CHAMP=$(cat model_bank/champion.txt | tr -d \'\\\\n\') && APP_DATE=$(python3 app_date_helper.py \'2024-06-01\') && python3 model_inference.py --snapshotdate "$APP_DATE" --labeldate "2024-06-01" --modelname "$CHAMP"']
[2026-06-21T02:51:20.244+0000] {subprocess.py:86} INFO - Output:
[2026-06-21T02:51:20.246+0000] {subprocess.py:93} INFO - [SKIP] no champion.txt for 2024-06-01
[2026-06-21T02:51:20.247+0000] {subprocess.py:97} INFO - Command exited with return code 0
[2026-06-21T02:51:20.247+0000] {taskinstance.py:441} INFO - ::group::Post task execution logs
[2026-06-21T02:51:20.256+0000] {taskinstance.py:1206} INFO - Marking task as SUCCESS. dag_id=credit_default_ml_pipeline, task_id=inference.xgb_inference, run_id=scheduled__2024-06-01T00:00:00+00:00, execution_date=20240601T000000, start_date=20260621T025120, end_date=20260621T025120
[2026-06-21T02:51:20.294+0000] {local_task_job_runner.py:243} INFO - Task exited with return code 0
[2026-06-21T02:51:20.299+0000] {local_task_job_runner.py:222} INFO - ::endgroup::
[2026-06-21T06:17:25.117+0000] {local_task_job_runner.py:120} INFO - ::group::Pre task execution logs
[2026-06-21T06:17:25.136+0000] {taskinstance.py:2076} INFO - Dependencies all met for dep_context=non-requeueable deps ti=<TaskInstance: credit_default_ml_pipeline.inference.xgb_inference scheduled__2024-06-01T00:00:00+00:00 [queued]>
[2026-06-21T06:17:25.140+0000] {taskinstance.py:2076} INFO - Dependencies all met for dep_context=requeueable deps ti=<TaskInstance: credit_default_ml_pipeline.inference.xgb_inference scheduled__2024-06-01T00:00:00+00:00 [queued]>
[2026-06-21T06:17:25.141+0000] {taskinstance.py:2306} INFO - Starting attempt 1 of 2
[2026-06-21T06:17:25.232+0000] {taskinstance.py:2330} INFO - Executing <Task(BashOperator): inference.xgb_inference> on 2024-06-01 00:00:00+00:00
[2026-06-21T06:17:25.236+0000] {logging_mixin.py:188} WARNING - /home/***/.local/lib/python3.12/site-packages/***/task/task_runner/standard_task_runner.py:62 DeprecationWarning: This process (pid=58358) is multi-threaded, use of fork() may lead to deadlocks in the child.
[2026-06-21T06:17:25.237+0000] {standard_task_runner.py:64} INFO - Started process 58362 to run task
[2026-06-21T06:17:25.236+0000] {standard_task_runner.py:90} INFO - Running: ['***', 'tasks', 'run', 'credit_default_ml_pipeline', 'inference.xgb_inference', 'scheduled__2024-06-01T00:00:00+00:00', '--job-id', '4245', '--raw', '--subdir', 'DAGS_FOLDER/dag.py', '--cfg-path', '/tmp/tmpti4kk9yz']
[2026-06-21T06:17:25.238+0000] {standard_task_runner.py:91} INFO - Job 4245: Subtask inference.xgb_inference
[2026-06-21T06:17:25.262+0000] {task_command.py:426} INFO - Running <TaskInstance: credit_default_ml_pipeline.inference.xgb_inference scheduled__2024-06-01T00:00:00+00:00 [running]> on host 9377a3f0491f
[2026-06-21T06:17:25.293+0000] {taskinstance.py:2648} INFO - Exporting env vars: AIRFLOW_CTX_DAG_OWNER='***' AIRFLOW_CTX_DAG_ID='credit_default_ml_pipeline' AIRFLOW_CTX_TASK_ID='inference.xgb_inference' AIRFLOW_CTX_EXECUTION_DATE='2024-06-01T00:00:00+00:00' AIRFLOW_CTX_TRY_NUMBER='1' AIRFLOW_CTX_DAG_RUN_ID='scheduled__2024-06-01T00:00:00+00:00'
[2026-06-21T06:17:25.294+0000] {taskinstance.py:430} INFO - ::endgroup::
[2026-06-21T06:17:25.300+0000] {subprocess.py:63} INFO - Tmp dir root location: /tmp
[2026-06-21T06:17:25.300+0000] {subprocess.py:75} INFO - Running command: ['/usr/bin/bash', '-c', 'cd /opt/***/scripts && if [ ! -f model_bank/champion.txt ]; then   echo \'[SKIP] no champion.txt for 2024-06-01\'; exit 0; fi && CHAMP=$(cat model_bank/champion.txt | tr -d \'\\\\n\') && APP_DATE=$(python3 app_date_helper.py \'2024-06-01\') && python3 model_inference.py --snapshotdate "$APP_DATE" --labeldate "2024-06-01" --modelname "$CHAMP"']
[2026-06-21T06:17:25.305+0000] {subprocess.py:86} INFO - Output:
[2026-06-21T06:17:25.306+0000] {subprocess.py:93} INFO - [SKIP] no champion.txt for 2024-06-01
[2026-06-21T06:17:25.306+0000] {subprocess.py:97} INFO - Command exited with return code 0
[2026-06-21T06:17:25.307+0000] {taskinstance.py:441} INFO - ::group::Post task execution logs
[2026-06-21T06:17:25.319+0000] {taskinstance.py:1206} INFO - Marking task as SUCCESS. dag_id=credit_default_ml_pipeline, task_id=inference.xgb_inference, run_id=scheduled__2024-06-01T00:00:00+00:00, execution_date=20240601T000000, start_date=20260621T061725, end_date=20260621T061725
[2026-06-21T06:17:25.335+0000] {local_task_job_runner.py:243} INFO - Task exited with return code 0
[2026-06-21T06:17:25.347+0000] {taskinstance.py:3503} INFO - 0 downstream tasks scheduled from follow-on schedule check
[2026-06-21T06:17:25.349+0000] {local_task_job_runner.py:222} INFO - ::endgroup::
[2026-06-25T18:11:10.723+0000] {local_task_job_runner.py:120} INFO - ::group::Pre task execution logs
[2026-06-25T18:11:10.738+0000] {taskinstance.py:2076} INFO - Dependencies all met for dep_context=non-requeueable deps ti=<TaskInstance: credit_default_ml_pipeline.inference.xgb_inference scheduled__2024-06-01T00:00:00+00:00 [queued]>
[2026-06-25T18:11:10.744+0000] {taskinstance.py:2076} INFO - Dependencies all met for dep_context=requeueable deps ti=<TaskInstance: credit_default_ml_pipeline.inference.xgb_inference scheduled__2024-06-01T00:00:00+00:00 [queued]>
[2026-06-25T18:11:10.745+0000] {taskinstance.py:2306} INFO - Starting attempt 1 of 2
[2026-06-25T18:11:10.752+0000] {taskinstance.py:2330} INFO - Executing <Task(BashOperator): inference.xgb_inference> on 2024-06-01 00:00:00+00:00
[2026-06-25T18:11:10.756+0000] {logging_mixin.py:188} WARNING - /home/***/.local/lib/python3.12/site-packages/***/task/task_runner/standard_task_runner.py:62 DeprecationWarning: This process (pid=57663) is multi-threaded, use of fork() may lead to deadlocks in the child.
[2026-06-25T18:11:10.757+0000] {standard_task_runner.py:64} INFO - Started process 57666 to run task
[2026-06-25T18:11:10.756+0000] {standard_task_runner.py:90} INFO - Running: ['***', 'tasks', 'run', 'credit_default_ml_pipeline', 'inference.xgb_inference', 'scheduled__2024-06-01T00:00:00+00:00', '--job-id', '4707', '--raw', '--subdir', 'DAGS_FOLDER/dag.py', '--cfg-path', '/tmp/tmpwff0ujsm']
[2026-06-25T18:11:10.758+0000] {standard_task_runner.py:91} INFO - Job 4707: Subtask inference.xgb_inference
[2026-06-25T18:11:10.777+0000] {task_command.py:426} INFO - Running <TaskInstance: credit_default_ml_pipeline.inference.xgb_inference scheduled__2024-06-01T00:00:00+00:00 [running]> on host b54b2be331ab
[2026-06-25T18:11:10.896+0000] {taskinstance.py:2648} INFO - Exporting env vars: AIRFLOW_CTX_DAG_OWNER='***' AIRFLOW_CTX_DAG_ID='credit_default_ml_pipeline' AIRFLOW_CTX_TASK_ID='inference.xgb_inference' AIRFLOW_CTX_EXECUTION_DATE='2024-06-01T00:00:00+00:00' AIRFLOW_CTX_TRY_NUMBER='1' AIRFLOW_CTX_DAG_RUN_ID='scheduled__2024-06-01T00:00:00+00:00'
[2026-06-25T18:11:10.897+0000] {taskinstance.py:430} INFO - ::endgroup::
[2026-06-25T18:11:10.901+0000] {subprocess.py:63} INFO - Tmp dir root location: /tmp
[2026-06-25T18:11:10.902+0000] {subprocess.py:75} INFO - Running command: ['/usr/bin/bash', '-c', 'cd /opt/***/scripts && if [ ! -f model_bank/champion.txt ]; then   echo \'[SKIP] no champion.txt for 2024-06-01\'; exit 0; fi && CHAMP=$(cat model_bank/champion.txt | tr -d \'\\\\n\') && APP_DATE=$(python3 app_date_helper.py \'2024-06-01\') && python3 model_inference.py --snapshotdate "$APP_DATE" --labeldate "2024-06-01" --modelname "$CHAMP"']
[2026-06-25T18:11:10.906+0000] {subprocess.py:86} INFO - Output:
[2026-06-25T18:11:10.907+0000] {subprocess.py:93} INFO - [SKIP] no champion.txt for 2024-06-01
[2026-06-25T18:11:10.908+0000] {subprocess.py:97} INFO - Command exited with return code 0
[2026-06-25T18:11:10.908+0000] {taskinstance.py:441} INFO - ::group::Post task execution logs
[2026-06-25T18:11:10.918+0000] {taskinstance.py:1206} INFO - Marking task as SUCCESS. dag_id=credit_default_ml_pipeline, task_id=inference.xgb_inference, run_id=scheduled__2024-06-01T00:00:00+00:00, execution_date=20240601T000000, start_date=20260625T181110, end_date=20260625T181110
[2026-06-25T18:11:10.938+0000] {local_task_job_runner.py:243} INFO - Task exited with return code 0
[2026-06-25T18:11:10.947+0000] {taskinstance.py:3503} INFO - 0 downstream tasks scheduled from follow-on schedule check
[2026-06-25T18:11:10.948+0000] {local_task_job_runner.py:222} INFO - ::endgroup::
