[2026-06-20T08:20:00.074+0000] {local_task_job_runner.py:120} INFO - ::group::Pre task execution logs
[2026-06-20T08:20:00.102+0000] {taskinstance.py:2076} INFO - Dependencies all met for dep_context=non-requeueable deps ti=<TaskInstance: credit_default_ml_pipeline.monitoring.logreg_monitor scheduled__2024-11-01T00:00:00+00:00 [queued]>
[2026-06-20T08:20:00.113+0000] {taskinstance.py:2076} INFO - Dependencies all met for dep_context=requeueable deps ti=<TaskInstance: credit_default_ml_pipeline.monitoring.logreg_monitor scheduled__2024-11-01T00:00:00+00:00 [queued]>
[2026-06-20T08:20:00.113+0000] {taskinstance.py:2306} INFO - Starting attempt 1 of 2
[2026-06-20T08:20:00.231+0000] {taskinstance.py:2330} INFO - Executing <Task(BashOperator): monitoring.logreg_monitor> on 2024-11-01 00:00:00+00:00
[2026-06-20T08:20:00.236+0000] {logging_mixin.py:188} WARNING - /home/***/.local/lib/python3.12/site-packages/***/task/task_runner/standard_task_runner.py:62 DeprecationWarning: This process (pid=72365) is multi-threaded, use of fork() may lead to deadlocks in the child.
[2026-06-20T08:20:00.237+0000] {standard_task_runner.py:64} INFO - Started process 72371 to run task
[2026-06-20T08:20:00.237+0000] {standard_task_runner.py:90} INFO - Running: ['***', 'tasks', 'run', 'credit_default_ml_pipeline', 'monitoring.logreg_monitor', 'scheduled__2024-11-01T00:00:00+00:00', '--job-id', '2377', '--raw', '--subdir', 'DAGS_FOLDER/dag.py', '--cfg-path', '/tmp/tmptpars4cf']
[2026-06-20T08:20:00.239+0000] {standard_task_runner.py:91} INFO - Job 2377: Subtask monitoring.logreg_monitor
[2026-06-20T08:20:00.271+0000] {task_command.py:426} INFO - Running <TaskInstance: credit_default_ml_pipeline.monitoring.logreg_monitor scheduled__2024-11-01T00:00:00+00:00 [running]> on host 9cf341f51c89
[2026-06-20T08:20:00.316+0000] {taskinstance.py:2648} INFO - Exporting env vars: AIRFLOW_CTX_DAG_OWNER='***' AIRFLOW_CTX_DAG_ID='credit_default_ml_pipeline' AIRFLOW_CTX_TASK_ID='monitoring.logreg_monitor' AIRFLOW_CTX_EXECUTION_DATE='2024-11-01T00:00:00+00:00' AIRFLOW_CTX_TRY_NUMBER='1' AIRFLOW_CTX_DAG_RUN_ID='scheduled__2024-11-01T00:00:00+00:00'
[2026-06-20T08:20:00.317+0000] {taskinstance.py:430} INFO - ::endgroup::
[2026-06-20T08:20:00.325+0000] {subprocess.py:63} INFO - Tmp dir root location: /tmp
[2026-06-20T08:20:00.326+0000] {subprocess.py:75} INFO - Running command: ['/usr/bin/bash', '-c', 'cd /opt/***/scripts && if [ ! -f model_bank/champion.txt ]; then echo \'[SKIP] no champion.txt for 2024-11-01\'; exit 0; fi && python3 model_monitor.py --snapshotdate "2024-11-01" --modelname "credit_logreg_2024_09_01.pkl"']
[2026-06-20T08:20:00.333+0000] {subprocess.py:86} INFO - Output:
[2026-06-20T08:20:03.095+0000] {subprocess.py:93} INFO - 
[2026-06-20T08:20:03.097+0000] {subprocess.py:93} INFO - --- monitoring credit_logreg_2024_09_01.pkl ---
[2026-06-20T08:20:03.098+0000] {subprocess.py:93} INFO - 
[2026-06-20T08:20:03.102+0000] {subprocess.py:93} INFO - OOT1 baseline AUC for credit_logreg_2024_09_01: 0.8711581528244334
[2026-06-20T08:20:03.104+0000] {subprocess.py:93} INFO - OOT1 baseline Brier for credit_logreg_2024_09_01: 0.1464
[2026-06-20T08:20:03.107+0000] {subprocess.py:93} INFO -   [csi] no feature_importance_report.py output found for credit_logreg_2024_09_01 at reports/feature_importance/credit_logreg_2024_09_01_feature_importance.csv; falling back to first 15 feature_cols as a placeholder scope (run feature_importance_report.py for a proper ranking).
[2026-06-20T08:20:03.108+0000] {subprocess.py:93} INFO - [csi] scoping to top 15 features: ['loan_amt', 'tenure', 'Annual_Income', 'Monthly_Inhand_Salary', 'Num_Bank_Accounts', 'Num_Credit_Card', 'Interest_Rate', 'Num_of_Loan', 'Delay_from_due_date', 'Num_of_Delayed_Payment', 'Changed_Credit_Limit', 'Num_Credit_Inquiries', 'Outstanding_Debt', 'Credit_Utilization_Ratio', 'Credit_History_Age']
[2026-06-20T08:20:03.110+0000] {subprocess.py:93} INFO - 
[2026-06-20T08:20:03.111+0000] {subprocess.py:93} INFO - snapshot_date  n_scored  mean_score    psi     f1  precision  recall  brier    auc   gini  auc_drop_from_oot1  csi_max          csi_max_feature  csi_loan_amt  csi_tenure  csi_Annual_Income  csi_Monthly_Inhand_Salary  csi_Num_Bank_Accounts  csi_Num_Credit_Card  csi_Interest_Rate  csi_Num_of_Loan  csi_Delay_from_due_date  csi_Num_of_Delayed_Payment  csi_Changed_Credit_Limit  csi_Num_Credit_Inquiries  csi_Outstanding_Debt  csi_Credit_Utilization_Ratio  csi_Credit_History_Age
[2026-06-20T08:20:03.112+0000] {subprocess.py:93} INFO -    2024-07-01       485      0.4129 0.0000 0.7278     0.6686  0.7986 0.1392 0.8781 0.7562             -0.0069   0.0000                 loan_amt           0.0         0.0             0.0000                     0.0000                 0.0000               0.0000             0.0000           0.0000                   0.0000                      0.0000                    0.0000                    0.0000                0.0000                        0.0000                  0.0000
[2026-06-20T08:20:03.113+0000] {subprocess.py:93} INFO -    2024-08-01       518      0.4363 0.0341 0.6725     0.5897  0.7823 0.1531 0.8665 0.7330              0.0046   0.0796     Changed_Credit_Limit           0.0         0.0             0.0606                     0.0491                 0.0442               0.0481             0.0536           0.0291                   0.0288                      0.0256                    0.0796                    0.0290                0.0302                        0.0644                  0.0492
[2026-06-20T08:20:03.115+0000] {subprocess.py:93} INFO -    2024-09-01       493      0.4271 0.1096    NaN        NaN     NaN    NaN    NaN    NaN                 NaN   0.0603            Interest_Rate           0.0         0.0             0.0309                     0.0288                 0.0288               0.0329             0.0603           0.0165                   0.0175                      0.0452                    0.0208                    0.0175                0.0240                        0.0370                  0.0361
[2026-06-20T08:20:03.117+0000] {subprocess.py:93} INFO -    2024-10-01       456      0.4080 0.2276    NaN        NaN     NaN    NaN    NaN    NaN                 NaN   0.1215   Num_of_Delayed_Payment           0.0         0.0             0.0298                     0.0285                 0.0250               0.0523             0.0513           0.0526                   0.0806                      0.1215                    0.0539                    0.0292                0.0357                        0.0542                  0.0199
[2026-06-20T08:20:03.117+0000] {subprocess.py:93} INFO -    2024-11-01       488      0.4293 0.1488    NaN        NaN     NaN    NaN    NaN    NaN                 NaN   0.0800 Credit_Utilization_Ratio           0.0         0.0             0.0159                     0.0291                 0.0048               0.0302             0.0359           0.0416                   0.0624                      0.0404                    0.0406                    0.0359                0.0355                        0.0800                  0.0246
[2026-06-20T08:20:03.118+0000] {subprocess.py:93} INFO - saved monitoring table: datamart/gold/model_monitoring/credit_logreg_2024_09_01/credit_logreg_2024_09_01_monitoring.parquet
[2026-06-20T08:20:03.119+0000] {subprocess.py:93} INFO - saved plots: datamart/gold/monitoring_plots/credit_logreg_2024_09_01/psi_stability.png, datamart/gold/monitoring_plots/credit_logreg_2024_09_01/csi_stability.png, datamart/gold/monitoring_plots/credit_logreg_2024_09_01/csi_breakdown_all_features.png, datamart/gold/monitoring_plots/credit_logreg_2024_09_01/auc_performance.png, datamart/gold/monitoring_plots/credit_logreg_2024_09_01/brier_score.png
[2026-06-20T08:20:03.119+0000] {subprocess.py:93} INFO - 
[2026-06-20T08:20:03.120+0000] {subprocess.py:93} INFO - --- done ---
[2026-06-20T08:20:03.121+0000] {subprocess.py:93} INFO - 
[2026-06-20T08:20:03.334+0000] {subprocess.py:97} INFO - Command exited with return code 0
[2026-06-20T08:20:03.336+0000] {taskinstance.py:441} INFO - ::group::Post task execution logs
[2026-06-20T08:20:03.368+0000] {taskinstance.py:1206} INFO - Marking task as SUCCESS. dag_id=credit_default_ml_pipeline, task_id=monitoring.logreg_monitor, run_id=scheduled__2024-11-01T00:00:00+00:00, execution_date=20241101T000000, start_date=20260620T082000, end_date=20260620T082003
[2026-06-20T08:20:03.391+0000] {local_task_job_runner.py:243} INFO - Task exited with return code 0
[2026-06-20T08:20:03.407+0000] {taskinstance.py:3503} INFO - 0 downstream tasks scheduled from follow-on schedule check
[2026-06-20T08:20:03.408+0000] {local_task_job_runner.py:222} INFO - ::endgroup::
[2026-06-20T16:18:27.239+0000] {local_task_job_runner.py:120} INFO - ::group::Pre task execution logs
[2026-06-20T16:18:27.252+0000] {taskinstance.py:2076} INFO - Dependencies all met for dep_context=non-requeueable deps ti=<TaskInstance: credit_default_ml_pipeline.monitoring.logreg_monitor scheduled__2024-11-01T00:00:00+00:00 [queued]>
[2026-06-20T16:18:27.257+0000] {taskinstance.py:2076} INFO - Dependencies all met for dep_context=requeueable deps ti=<TaskInstance: credit_default_ml_pipeline.monitoring.logreg_monitor scheduled__2024-11-01T00:00:00+00:00 [queued]>
[2026-06-20T16:18:27.257+0000] {taskinstance.py:2306} INFO - Starting attempt 1 of 2
[2026-06-20T16:18:27.348+0000] {taskinstance.py:2330} INFO - Executing <Task(BashOperator): monitoring.logreg_monitor> on 2024-11-01 00:00:00+00:00
[2026-06-20T16:18:27.352+0000] {logging_mixin.py:188} WARNING - /home/***/.local/lib/python3.12/site-packages/***/task/task_runner/standard_task_runner.py:62 DeprecationWarning: This process (pid=56306) is multi-threaded, use of fork() may lead to deadlocks in the child.
[2026-06-20T16:18:27.352+0000] {standard_task_runner.py:90} INFO - Running: ['***', 'tasks', 'run', 'credit_default_ml_pipeline', 'monitoring.logreg_monitor', 'scheduled__2024-11-01T00:00:00+00:00', '--job-id', '2844', '--raw', '--subdir', 'DAGS_FOLDER/dag.py', '--cfg-path', '/tmp/tmpl6lj74aq']
[2026-06-20T16:18:27.354+0000] {standard_task_runner.py:64} INFO - Started process 56312 to run task
[2026-06-20T16:18:27.354+0000] {standard_task_runner.py:91} INFO - Job 2844: Subtask monitoring.logreg_monitor
[2026-06-20T16:18:27.375+0000] {task_command.py:426} INFO - Running <TaskInstance: credit_default_ml_pipeline.monitoring.logreg_monitor scheduled__2024-11-01T00:00:00+00:00 [running]> on host 9cf341f51c89
[2026-06-20T16:18:27.404+0000] {taskinstance.py:2648} INFO - Exporting env vars: AIRFLOW_CTX_DAG_OWNER='***' AIRFLOW_CTX_DAG_ID='credit_default_ml_pipeline' AIRFLOW_CTX_TASK_ID='monitoring.logreg_monitor' AIRFLOW_CTX_EXECUTION_DATE='2024-11-01T00:00:00+00:00' AIRFLOW_CTX_TRY_NUMBER='1' AIRFLOW_CTX_DAG_RUN_ID='scheduled__2024-11-01T00:00:00+00:00'
[2026-06-20T16:18:27.406+0000] {taskinstance.py:430} INFO - ::endgroup::
[2026-06-20T16:18:27.411+0000] {subprocess.py:63} INFO - Tmp dir root location: /tmp
[2026-06-20T16:18:27.412+0000] {subprocess.py:75} INFO - Running command: ['/usr/bin/bash', '-c', 'cd /opt/***/scripts && if [ ! -f model_bank/champion.txt ]; then echo \'[SKIP] no champion.txt for 2024-11-01\'; exit 0; fi && python3 model_monitor.py --snapshotdate "2024-11-01" --modelname "credit_logreg_2024_09_01.pkl"']
[2026-06-20T16:18:27.417+0000] {subprocess.py:86} INFO - Output:
[2026-06-20T16:18:27.419+0000] {subprocess.py:93} INFO - [SKIP] no champion.txt for 2024-11-01
[2026-06-20T16:18:27.419+0000] {subprocess.py:97} INFO - Command exited with return code 0
[2026-06-20T16:18:27.421+0000] {taskinstance.py:441} INFO - ::group::Post task execution logs
[2026-06-20T16:18:27.433+0000] {taskinstance.py:1206} INFO - Marking task as SUCCESS. dag_id=credit_default_ml_pipeline, task_id=monitoring.logreg_monitor, run_id=scheduled__2024-11-01T00:00:00+00:00, execution_date=20241101T000000, start_date=20260620T161827, end_date=20260620T161827
[2026-06-20T16:18:27.452+0000] {local_task_job_runner.py:243} INFO - Task exited with return code 0
[2026-06-20T16:18:27.460+0000] {taskinstance.py:3503} INFO - 0 downstream tasks scheduled from follow-on schedule check
[2026-06-20T16:18:27.461+0000] {local_task_job_runner.py:222} INFO - ::endgroup::
[2026-06-20T18:13:03.979+0000] {local_task_job_runner.py:120} INFO - ::group::Pre task execution logs
[2026-06-20T18:13:03.997+0000] {taskinstance.py:2076} INFO - Dependencies all met for dep_context=non-requeueable deps ti=<TaskInstance: credit_default_ml_pipeline.monitoring.logreg_monitor scheduled__2024-11-01T00:00:00+00:00 [queued]>
[2026-06-20T18:13:04.001+0000] {taskinstance.py:2076} INFO - Dependencies all met for dep_context=requeueable deps ti=<TaskInstance: credit_default_ml_pipeline.monitoring.logreg_monitor scheduled__2024-11-01T00:00:00+00:00 [queued]>
[2026-06-20T18:13:04.002+0000] {taskinstance.py:2306} INFO - Starting attempt 1 of 2
[2026-06-20T18:13:04.106+0000] {taskinstance.py:2330} INFO - Executing <Task(BashOperator): monitoring.logreg_monitor> on 2024-11-01 00:00:00+00:00
[2026-06-20T18:13:04.112+0000] {logging_mixin.py:188} WARNING - /home/***/.local/lib/python3.12/site-packages/***/task/task_runner/standard_task_runner.py:62 DeprecationWarning: This process (pid=76101) is multi-threaded, use of fork() may lead to deadlocks in the child.
[2026-06-20T18:13:04.112+0000] {standard_task_runner.py:90} INFO - Running: ['***', 'tasks', 'run', 'credit_default_ml_pipeline', 'monitoring.logreg_monitor', 'scheduled__2024-11-01T00:00:00+00:00', '--job-id', '3420', '--raw', '--subdir', 'DAGS_FOLDER/dag.py', '--cfg-path', '/tmp/tmpvwg7m8jv']
[2026-06-20T18:13:04.113+0000] {standard_task_runner.py:64} INFO - Started process 76107 to run task
[2026-06-20T18:13:04.114+0000] {standard_task_runner.py:91} INFO - Job 3420: Subtask monitoring.logreg_monitor
[2026-06-20T18:13:04.143+0000] {task_command.py:426} INFO - Running <TaskInstance: credit_default_ml_pipeline.monitoring.logreg_monitor scheduled__2024-11-01T00:00:00+00:00 [running]> on host 9cf341f51c89
[2026-06-20T18:13:04.182+0000] {taskinstance.py:2648} INFO - Exporting env vars: AIRFLOW_CTX_DAG_OWNER='***' AIRFLOW_CTX_DAG_ID='credit_default_ml_pipeline' AIRFLOW_CTX_TASK_ID='monitoring.logreg_monitor' AIRFLOW_CTX_EXECUTION_DATE='2024-11-01T00:00:00+00:00' AIRFLOW_CTX_TRY_NUMBER='1' AIRFLOW_CTX_DAG_RUN_ID='scheduled__2024-11-01T00:00:00+00:00'
[2026-06-20T18:13:04.183+0000] {taskinstance.py:430} INFO - ::endgroup::
[2026-06-20T18:13:04.190+0000] {subprocess.py:63} INFO - Tmp dir root location: /tmp
[2026-06-20T18:13:04.191+0000] {subprocess.py:75} INFO - Running command: ['/usr/bin/bash', '-c', 'cd /opt/***/scripts && if [ ! -f model_bank/champion.txt ]; then echo \'[SKIP] no champion.txt for 2024-11-01\'; exit 0; fi && python3 model_monitor.py --snapshotdate "2024-11-01" --modelname "credit_logreg_2024_09_01.pkl"']
[2026-06-20T18:13:04.198+0000] {subprocess.py:86} INFO - Output:
[2026-06-20T18:13:06.945+0000] {subprocess.py:93} INFO - 
[2026-06-20T18:13:06.946+0000] {subprocess.py:93} INFO - --- monitoring credit_logreg_2024_09_01.pkl ---
[2026-06-20T18:13:06.947+0000] {subprocess.py:93} INFO - 
[2026-06-20T18:13:06.948+0000] {subprocess.py:93} INFO - OOT1 baseline AUC for credit_logreg_2024_09_01: 0.8747779837059345
[2026-06-20T18:13:06.951+0000] {subprocess.py:93} INFO - OOT1 baseline Brier for credit_logreg_2024_09_01: 0.1438
[2026-06-20T18:13:06.952+0000] {subprocess.py:93} INFO -   [csi] no feature_importance_report.py output found for credit_logreg_2024_09_01 at reports/feature_importance/credit_logreg_2024_09_01_feature_importance.csv; falling back to first 15 feature_cols as a placeholder scope (run feature_importance_report.py for a proper ranking).
[2026-06-20T18:13:06.956+0000] {subprocess.py:93} INFO - [csi] scoping to top 15 features: ['loan_amt', 'tenure', 'Annual_Income', 'Monthly_Inhand_Salary', 'Num_Bank_Accounts', 'Num_Credit_Card', 'Interest_Rate', 'Num_of_Loan', 'Delay_from_due_date', 'Num_of_Delayed_Payment', 'Changed_Credit_Limit', 'Num_Credit_Inquiries', 'Outstanding_Debt', 'Credit_Utilization_Ratio', 'Credit_History_Age']
[2026-06-20T18:13:06.957+0000] {subprocess.py:93} INFO - 
[2026-06-20T18:13:06.959+0000] {subprocess.py:93} INFO - snapshot_date  n_scored  mean_score    psi     f1  precision  recall  brier    auc   gini  auc_drop_from_oot1  csi_max          csi_max_feature  csi_loan_amt  csi_tenure  csi_Annual_Income  csi_Monthly_Inhand_Salary  csi_Num_Bank_Accounts  csi_Num_Credit_Card  csi_Interest_Rate  csi_Num_of_Loan  csi_Delay_from_due_date  csi_Num_of_Delayed_Payment  csi_Changed_Credit_Limit  csi_Num_Credit_Inquiries  csi_Outstanding_Debt  csi_Credit_Utilization_Ratio  csi_Credit_History_Age
[2026-06-20T18:13:06.960+0000] {subprocess.py:93} INFO -    2024-07-01       485      0.4109 0.0000 0.7375     0.6705  0.8194 0.1372 0.8809 0.7618             -0.0061   0.0000                 loan_amt           0.0         0.0             0.0000                     0.0000                 0.0000               0.0000             0.0000           0.0000                   0.0000                      0.0000                    0.0000                    0.0000                0.0000                        0.0000                  0.0000
[2026-06-20T18:13:06.962+0000] {subprocess.py:93} INFO -    2024-08-01       518      0.4318 0.0357 0.6884     0.6105  0.7891 0.1499 0.8707 0.7415              0.0040   0.0796     Changed_Credit_Limit           0.0         0.0             0.0606                     0.0491                 0.0442               0.0481             0.0536           0.0291                   0.0288                      0.0256                    0.0796                    0.0290                0.0302                        0.0644                  0.0492
[2026-06-20T18:13:06.964+0000] {subprocess.py:93} INFO -    2024-09-01       493      0.4242 0.1251    NaN        NaN     NaN    NaN    NaN    NaN                 NaN   0.0603            Interest_Rate           0.0         0.0             0.0309                     0.0288                 0.0288               0.0329             0.0603           0.0165                   0.0175                      0.0452                    0.0208                    0.0175                0.0240                        0.0370                  0.0361
[2026-06-20T18:13:06.966+0000] {subprocess.py:93} INFO -    2024-10-01       456      0.4049 0.2008    NaN        NaN     NaN    NaN    NaN    NaN                 NaN   0.1215   Num_of_Delayed_Payment           0.0         0.0             0.0298                     0.0285                 0.0250               0.0523             0.0513           0.0526                   0.0806                      0.1215                    0.0539                    0.0292                0.0357                        0.0542                  0.0199
[2026-06-20T18:13:06.967+0000] {subprocess.py:93} INFO -    2024-11-01       488      0.4245 0.1191    NaN        NaN     NaN    NaN    NaN    NaN                 NaN   0.0800 Credit_Utilization_Ratio           0.0         0.0             0.0159                     0.0291                 0.0048               0.0302             0.0359           0.0416                   0.0624                      0.0404                    0.0406                    0.0359                0.0355                        0.0800                  0.0246
[2026-06-20T18:13:06.968+0000] {subprocess.py:93} INFO - saved monitoring table: datamart/gold/model_monitoring/credit_logreg_2024_09_01/credit_logreg_2024_09_01_monitoring.parquet
[2026-06-20T18:13:06.969+0000] {subprocess.py:93} INFO - saved plots: datamart/gold/monitoring_plots/credit_logreg_2024_09_01/psi_stability.png, datamart/gold/monitoring_plots/credit_logreg_2024_09_01/csi_stability.png, datamart/gold/monitoring_plots/credit_logreg_2024_09_01/csi_breakdown_all_features.png, datamart/gold/monitoring_plots/credit_logreg_2024_09_01/auc_performance.png, datamart/gold/monitoring_plots/credit_logreg_2024_09_01/brier_score.png
[2026-06-20T18:13:06.970+0000] {subprocess.py:93} INFO - 
[2026-06-20T18:13:06.971+0000] {subprocess.py:93} INFO - --- done ---
[2026-06-20T18:13:06.972+0000] {subprocess.py:93} INFO - 
[2026-06-20T18:13:07.203+0000] {subprocess.py:97} INFO - Command exited with return code 0
[2026-06-20T18:13:07.205+0000] {taskinstance.py:441} INFO - ::group::Post task execution logs
[2026-06-20T18:13:07.230+0000] {taskinstance.py:1206} INFO - Marking task as SUCCESS. dag_id=credit_default_ml_pipeline, task_id=monitoring.logreg_monitor, run_id=scheduled__2024-11-01T00:00:00+00:00, execution_date=20241101T000000, start_date=20260620T181303, end_date=20260620T181307
[2026-06-20T18:13:07.272+0000] {local_task_job_runner.py:243} INFO - Task exited with return code 0
[2026-06-20T18:13:07.300+0000] {taskinstance.py:3503} INFO - 0 downstream tasks scheduled from follow-on schedule check
[2026-06-20T18:13:07.303+0000] {local_task_job_runner.py:222} INFO - ::endgroup::
[2026-06-21T03:06:46.743+0000] {local_task_job_runner.py:120} INFO - ::group::Pre task execution logs
[2026-06-21T03:06:46.759+0000] {taskinstance.py:2076} INFO - Dependencies all met for dep_context=non-requeueable deps ti=<TaskInstance: credit_default_ml_pipeline.monitoring.logreg_monitor scheduled__2024-11-01T00:00:00+00:00 [queued]>
[2026-06-21T03:06:46.764+0000] {taskinstance.py:2076} INFO - Dependencies all met for dep_context=requeueable deps ti=<TaskInstance: credit_default_ml_pipeline.monitoring.logreg_monitor scheduled__2024-11-01T00:00:00+00:00 [queued]>
[2026-06-21T03:06:46.765+0000] {taskinstance.py:2306} INFO - Starting attempt 1 of 2
[2026-06-21T03:06:46.772+0000] {taskinstance.py:2330} INFO - Executing <Task(BashOperator): monitoring.logreg_monitor> on 2024-11-01 00:00:00+00:00
[2026-06-21T03:06:46.776+0000] {logging_mixin.py:188} WARNING - /home/***/.local/lib/python3.12/site-packages/***/task/task_runner/standard_task_runner.py:62 DeprecationWarning: This process (pid=74392) is multi-threaded, use of fork() may lead to deadlocks in the child.
[2026-06-21T03:06:46.776+0000] {standard_task_runner.py:90} INFO - Running: ['***', 'tasks', 'run', 'credit_default_ml_pipeline', 'monitoring.logreg_monitor', 'scheduled__2024-11-01T00:00:00+00:00', '--job-id', '3886', '--raw', '--subdir', 'DAGS_FOLDER/dag.py', '--cfg-path', '/tmp/tmpmh5x1mdj']
[2026-06-21T03:06:46.778+0000] {standard_task_runner.py:64} INFO - Started process 74400 to run task
[2026-06-21T03:06:46.778+0000] {standard_task_runner.py:91} INFO - Job 3886: Subtask monitoring.logreg_monitor
[2026-06-21T03:06:46.809+0000] {task_command.py:426} INFO - Running <TaskInstance: credit_default_ml_pipeline.monitoring.logreg_monitor scheduled__2024-11-01T00:00:00+00:00 [running]> on host f6e9e2801916
[2026-06-21T03:06:46.946+0000] {taskinstance.py:2648} INFO - Exporting env vars: AIRFLOW_CTX_DAG_OWNER='***' AIRFLOW_CTX_DAG_ID='credit_default_ml_pipeline' AIRFLOW_CTX_TASK_ID='monitoring.logreg_monitor' AIRFLOW_CTX_EXECUTION_DATE='2024-11-01T00:00:00+00:00' AIRFLOW_CTX_TRY_NUMBER='1' AIRFLOW_CTX_DAG_RUN_ID='scheduled__2024-11-01T00:00:00+00:00'
[2026-06-21T03:06:46.947+0000] {taskinstance.py:430} INFO - ::endgroup::
[2026-06-21T03:06:46.951+0000] {subprocess.py:63} INFO - Tmp dir root location: /tmp
[2026-06-21T03:06:46.953+0000] {subprocess.py:75} INFO - Running command: ['/usr/bin/bash', '-c', 'cd /opt/***/scripts && if [ ! -f model_bank/champion.txt ]; then echo \'[SKIP] no champion.txt for 2024-11-01\'; exit 0; fi && python3 model_monitor.py --snapshotdate "2024-11-01" --modelname "credit_logreg_2024_09_01.pkl"']
[2026-06-21T03:06:46.958+0000] {subprocess.py:86} INFO - Output:
[2026-06-21T03:06:48.780+0000] {subprocess.py:93} INFO - 
[2026-06-21T03:06:48.782+0000] {subprocess.py:93} INFO - --- monitoring credit_logreg_2024_09_01.pkl ---
[2026-06-21T03:06:48.784+0000] {subprocess.py:93} INFO - 
[2026-06-21T03:06:48.785+0000] {subprocess.py:93} INFO - OOT1 baseline AUC for credit_logreg_2024_09_01: 0.8663075794432218
[2026-06-21T03:06:48.787+0000] {subprocess.py:93} INFO - OOT1 baseline Brier for credit_logreg_2024_09_01: 0.1496
[2026-06-21T03:06:48.788+0000] {subprocess.py:93} INFO -   [csi] no feature_importance_report.py output found for credit_logreg_2024_09_01 at reports/feature_importance/credit_logreg_2024_09_01_feature_importance.csv; falling back to first 15 feature_cols as a placeholder scope (run feature_importance_report.py for a proper ranking).
[2026-06-21T03:06:48.788+0000] {subprocess.py:93} INFO - [csi] scoping to top 15 features: ['loan_amt', 'tenure', 'Annual_Income', 'Monthly_Inhand_Salary', 'Num_Bank_Accounts', 'Num_Credit_Card', 'Interest_Rate', 'Num_of_Loan', 'Delay_from_due_date', 'Num_of_Delayed_Payment', 'Changed_Credit_Limit', 'Num_Credit_Inquiries', 'Outstanding_Debt', 'Credit_Utilization_Ratio', 'Credit_History_Age']
[2026-06-21T03:06:48.790+0000] {subprocess.py:93} INFO - 
[2026-06-21T03:06:48.791+0000] {subprocess.py:93} INFO - snapshot_date  n_scored  mean_score    psi     f1  precision  recall  brier    auc   gini  auc_drop_from_oot1  csi_max          csi_max_feature  csi_loan_amt  csi_tenure  csi_Annual_Income  csi_Monthly_Inhand_Salary  csi_Num_Bank_Accounts  csi_Num_Credit_Card  csi_Interest_Rate  csi_Num_of_Loan  csi_Delay_from_due_date  csi_Num_of_Delayed_Payment  csi_Changed_Credit_Limit  csi_Num_Credit_Inquiries  csi_Outstanding_Debt  csi_Credit_Utilization_Ratio  csi_Credit_History_Age
[2026-06-21T03:06:48.792+0000] {subprocess.py:93} INFO -    2024-07-01       485      0.4162 0.0000 0.7134     0.6588  0.7778 0.1440 0.8712 0.7425             -0.0049   0.0000                 loan_amt           0.0         0.0             0.0000                     0.0000                 0.0000               0.0000             0.0000           0.0000                   0.0000                      0.0000                    0.0000                    0.0000                0.0000                        0.0000                  0.0000
[2026-06-21T03:06:48.793+0000] {subprocess.py:93} INFO -    2024-08-01       518      0.4373 0.0236 0.6628     0.5787  0.7755 0.1548 0.8640 0.7280              0.0023   0.0796     Changed_Credit_Limit           0.0         0.0             0.0606                     0.0491                 0.0442               0.0481             0.0536           0.0291                   0.0288                      0.0256                    0.0796                    0.0290                0.0302                        0.0644                  0.0492
[2026-06-21T03:06:48.793+0000] {subprocess.py:93} INFO -    2024-10-01       513      0.4185 0.0151 0.6503     0.5761  0.7465 0.1598 0.8408 0.6816              0.0255   0.1215   Num_of_Delayed_Payment           0.0         0.0             0.0298                     0.0285                 0.0250               0.0523             0.0513           0.0526                   0.0806                      0.1215                    0.0539                    0.0292                0.0357                        0.0542                  0.0199
[2026-06-21T03:06:48.795+0000] {subprocess.py:93} INFO -    2024-11-01       491      0.4305 0.0714 0.6854     0.6395  0.7383 0.1470 0.8693 0.7386             -0.0030   0.0800 Credit_Utilization_Ratio           0.0         0.0             0.0159                     0.0291                 0.0048               0.0302             0.0359           0.0416                   0.0624                      0.0404                    0.0406                    0.0359                0.0355                        0.0800                  0.0246
[2026-06-21T03:06:48.797+0000] {subprocess.py:93} INFO - saved monitoring table: datamart/gold/model_monitoring/credit_logreg_2024_09_01/credit_logreg_2024_09_01_monitoring.parquet
[2026-06-21T03:06:48.797+0000] {subprocess.py:93} INFO - saved plots: datamart/gold/monitoring_plots/credit_logreg_2024_09_01/psi_stability.png, datamart/gold/monitoring_plots/credit_logreg_2024_09_01/csi_stability.png, datamart/gold/monitoring_plots/credit_logreg_2024_09_01/csi_breakdown_all_features.png, datamart/gold/monitoring_plots/credit_logreg_2024_09_01/auc_performance.png, datamart/gold/monitoring_plots/credit_logreg_2024_09_01/brier_score.png
[2026-06-21T03:06:48.798+0000] {subprocess.py:93} INFO - 
[2026-06-21T03:06:48.798+0000] {subprocess.py:93} INFO - --- done ---
[2026-06-21T03:06:48.800+0000] {subprocess.py:93} INFO - 
[2026-06-21T03:06:48.959+0000] {subprocess.py:97} INFO - Command exited with return code 0
[2026-06-21T03:06:48.961+0000] {taskinstance.py:441} INFO - ::group::Post task execution logs
[2026-06-21T03:06:48.981+0000] {taskinstance.py:1206} INFO - Marking task as SUCCESS. dag_id=credit_default_ml_pipeline, task_id=monitoring.logreg_monitor, run_id=scheduled__2024-11-01T00:00:00+00:00, execution_date=20241101T000000, start_date=20260621T030646, end_date=20260621T030648
[2026-06-21T03:06:49.017+0000] {local_task_job_runner.py:243} INFO - Task exited with return code 0
[2026-06-21T03:06:49.032+0000] {taskinstance.py:3503} INFO - 0 downstream tasks scheduled from follow-on schedule check
[2026-06-21T03:06:49.033+0000] {local_task_job_runner.py:222} INFO - ::endgroup::
[2026-06-21T06:34:22.606+0000] {local_task_job_runner.py:120} INFO - ::group::Pre task execution logs
[2026-06-21T06:34:22.632+0000] {taskinstance.py:2076} INFO - Dependencies all met for dep_context=non-requeueable deps ti=<TaskInstance: credit_default_ml_pipeline.monitoring.logreg_monitor scheduled__2024-11-01T00:00:00+00:00 [queued]>
[2026-06-21T06:34:22.645+0000] {taskinstance.py:2076} INFO - Dependencies all met for dep_context=requeueable deps ti=<TaskInstance: credit_default_ml_pipeline.monitoring.logreg_monitor scheduled__2024-11-01T00:00:00+00:00 [queued]>
[2026-06-21T06:34:22.646+0000] {taskinstance.py:2306} INFO - Starting attempt 1 of 2
[2026-06-21T06:34:22.857+0000] {taskinstance.py:2330} INFO - Executing <Task(BashOperator): monitoring.logreg_monitor> on 2024-11-01 00:00:00+00:00
[2026-06-21T06:34:22.864+0000] {logging_mixin.py:188} WARNING - /home/***/.local/lib/python3.12/site-packages/***/task/task_runner/standard_task_runner.py:62 DeprecationWarning: This process (pid=76727) is multi-threaded, use of fork() may lead to deadlocks in the child.
[2026-06-21T06:34:22.865+0000] {standard_task_runner.py:64} INFO - Started process 76737 to run task
[2026-06-21T06:34:22.864+0000] {standard_task_runner.py:90} INFO - Running: ['***', 'tasks', 'run', 'credit_default_ml_pipeline', 'monitoring.logreg_monitor', 'scheduled__2024-11-01T00:00:00+00:00', '--job-id', '4346', '--raw', '--subdir', 'DAGS_FOLDER/dag.py', '--cfg-path', '/tmp/tmpvet0y_ut']
[2026-06-21T06:34:22.868+0000] {standard_task_runner.py:91} INFO - Job 4346: Subtask monitoring.logreg_monitor
[2026-06-21T06:34:22.901+0000] {task_command.py:426} INFO - Running <TaskInstance: credit_default_ml_pipeline.monitoring.logreg_monitor scheduled__2024-11-01T00:00:00+00:00 [running]> on host 9377a3f0491f
[2026-06-21T06:34:22.952+0000] {taskinstance.py:2648} INFO - Exporting env vars: AIRFLOW_CTX_DAG_OWNER='***' AIRFLOW_CTX_DAG_ID='credit_default_ml_pipeline' AIRFLOW_CTX_TASK_ID='monitoring.logreg_monitor' AIRFLOW_CTX_EXECUTION_DATE='2024-11-01T00:00:00+00:00' AIRFLOW_CTX_TRY_NUMBER='1' AIRFLOW_CTX_DAG_RUN_ID='scheduled__2024-11-01T00:00:00+00:00'
[2026-06-21T06:34:22.954+0000] {taskinstance.py:430} INFO - ::endgroup::
[2026-06-21T06:34:22.962+0000] {subprocess.py:63} INFO - Tmp dir root location: /tmp
[2026-06-21T06:34:22.964+0000] {subprocess.py:75} INFO - Running command: ['/usr/bin/bash', '-c', 'cd /opt/***/scripts && if [ ! -f model_bank/champion.txt ]; then echo \'[SKIP] no champion.txt for 2024-11-01\'; exit 0; fi && python3 model_monitor.py --snapshotdate "2024-11-01" --modelname "credit_logreg_2024_09_01.pkl"']
[2026-06-21T06:34:22.974+0000] {subprocess.py:86} INFO - Output:
[2026-06-21T06:34:25.943+0000] {subprocess.py:93} INFO - 
[2026-06-21T06:34:25.944+0000] {subprocess.py:93} INFO - --- monitoring credit_logreg_2024_09_01.pkl ---
[2026-06-21T06:34:25.946+0000] {subprocess.py:93} INFO - 
[2026-06-21T06:34:25.946+0000] {subprocess.py:93} INFO - OOT1 baseline AUC for credit_logreg_2024_09_01: 0.8767471717054713
[2026-06-21T06:34:25.948+0000] {subprocess.py:93} INFO - OOT1 baseline Brier for credit_logreg_2024_09_01: 0.1433
[2026-06-21T06:34:25.949+0000] {subprocess.py:93} INFO -   [csi] no feature_importance_report.py output found for credit_logreg_2024_09_01 at reports/feature_importance/credit_logreg_2024_09_01_feature_importance.csv; falling back to first 15 feature_cols as a placeholder scope (run feature_importance_report.py for a proper ranking).
[2026-06-21T06:34:25.950+0000] {subprocess.py:93} INFO - [csi] scoping to top 15 features: ['loan_amt', 'tenure', 'Annual_Income', 'Monthly_Inhand_Salary', 'Num_Bank_Accounts', 'Num_Credit_Card', 'Interest_Rate', 'Num_of_Loan', 'Delay_from_due_date', 'Num_of_Delayed_Payment', 'Changed_Credit_Limit', 'Num_Credit_Inquiries', 'Outstanding_Debt', 'Credit_Utilization_Ratio', 'Credit_History_Age']
[2026-06-21T06:34:25.955+0000] {subprocess.py:93} INFO - 
[2026-06-21T06:34:25.956+0000] {subprocess.py:93} INFO - snapshot_date  n_scored  mean_score    psi     f1  precision  recall  brier    auc   gini  auc_drop_from_oot1  csi_max          csi_max_feature  csi_loan_amt  csi_tenure  csi_Annual_Income  csi_Monthly_Inhand_Salary  csi_Num_Bank_Accounts  csi_Num_Credit_Card  csi_Interest_Rate  csi_Num_of_Loan  csi_Delay_from_due_date  csi_Num_of_Delayed_Payment  csi_Changed_Credit_Limit  csi_Num_Credit_Inquiries  csi_Outstanding_Debt  csi_Credit_Utilization_Ratio  csi_Credit_History_Age
[2026-06-21T06:34:25.957+0000] {subprocess.py:93} INFO -    2024-07-01       485      0.4102 0.0000 0.7342     0.6744  0.8056 0.1357 0.8844 0.7687             -0.0076   0.0000                 loan_amt           0.0         0.0             0.0000                     0.0000                 0.0000               0.0000             0.0000           0.0000                   0.0000                      0.0000                    0.0000                    0.0000                0.0000                        0.0000                  0.0000
[2026-06-21T06:34:25.962+0000] {subprocess.py:93} INFO -    2024-08-01       518      0.4343 0.0249 0.6706     0.5907  0.7755 0.1504 0.8711 0.7422              0.0057   0.0796     Changed_Credit_Limit           0.0         0.0             0.0606                     0.0491                 0.0442               0.0481             0.0536           0.0291                   0.0288                      0.0256                    0.0796                    0.0290                0.0302                        0.0644                  0.0492
[2026-06-21T06:34:25.963+0000] {subprocess.py:93} INFO -    2024-09-01       511      0.4495 0.0381 0.7253     0.6570  0.8095 0.1449 0.8856 0.7712             -0.0088   0.0603            Interest_Rate           0.0         0.0             0.0309                     0.0288                 0.0288               0.0329             0.0603           0.0165                   0.0175                      0.0452                    0.0208                    0.0175                0.0240                        0.0370                  0.0361
[2026-06-21T06:34:25.964+0000] {subprocess.py:93} INFO -    2024-10-01       513      0.4154 0.0225 0.6789     0.6000  0.7817 0.1532 0.8526 0.7053              0.0241   0.1215   Num_of_Delayed_Payment           0.0         0.0             0.0298                     0.0285                 0.0250               0.0523             0.0513           0.0526                   0.0806                      0.1215                    0.0539                    0.0292                0.0357                        0.0542                  0.0199
[2026-06-21T06:34:25.965+0000] {subprocess.py:93} INFO -    2024-11-01       491      0.4297 0.0684 0.7200     0.6648  0.7852 0.1410 0.8837 0.7675             -0.0070   0.0800 Credit_Utilization_Ratio           0.0         0.0             0.0159                     0.0291                 0.0048               0.0302             0.0359           0.0416                   0.0624                      0.0404                    0.0406                    0.0359                0.0355                        0.0800                  0.0246
[2026-06-21T06:34:25.966+0000] {subprocess.py:93} INFO - saved monitoring table: datamart/gold/model_monitoring/credit_logreg_2024_09_01/credit_logreg_2024_09_01_monitoring.parquet
[2026-06-21T06:34:25.967+0000] {subprocess.py:93} INFO - saved plots: datamart/gold/monitoring_plots/credit_logreg_2024_09_01/psi_stability.png, datamart/gold/monitoring_plots/credit_logreg_2024_09_01/csi_stability.png, datamart/gold/monitoring_plots/credit_logreg_2024_09_01/csi_breakdown_all_features.png, datamart/gold/monitoring_plots/credit_logreg_2024_09_01/auc_performance.png, datamart/gold/monitoring_plots/credit_logreg_2024_09_01/brier_score.png
[2026-06-21T06:34:25.969+0000] {subprocess.py:93} INFO - 
[2026-06-21T06:34:25.971+0000] {subprocess.py:93} INFO - --- done ---
[2026-06-21T06:34:25.971+0000] {subprocess.py:93} INFO - 
[2026-06-21T06:34:26.187+0000] {subprocess.py:97} INFO - Command exited with return code 0
[2026-06-21T06:34:26.188+0000] {taskinstance.py:441} INFO - ::group::Post task execution logs
[2026-06-21T06:34:26.210+0000] {taskinstance.py:1206} INFO - Marking task as SUCCESS. dag_id=credit_default_ml_pipeline, task_id=monitoring.logreg_monitor, run_id=scheduled__2024-11-01T00:00:00+00:00, execution_date=20241101T000000, start_date=20260621T063422, end_date=20260621T063426
[2026-06-21T06:34:26.238+0000] {local_task_job_runner.py:243} INFO - Task exited with return code 0
[2026-06-21T06:34:26.257+0000] {taskinstance.py:3503} INFO - 0 downstream tasks scheduled from follow-on schedule check
[2026-06-21T06:34:26.260+0000] {local_task_job_runner.py:222} INFO - ::endgroup::
[2026-06-25T18:30:35.637+0000] {local_task_job_runner.py:120} INFO - ::group::Pre task execution logs
[2026-06-25T18:30:35.666+0000] {taskinstance.py:2076} INFO - Dependencies all met for dep_context=non-requeueable deps ti=<TaskInstance: credit_default_ml_pipeline.monitoring.logreg_monitor scheduled__2024-11-01T00:00:00+00:00 [queued]>
[2026-06-25T18:30:35.676+0000] {taskinstance.py:2076} INFO - Dependencies all met for dep_context=requeueable deps ti=<TaskInstance: credit_default_ml_pipeline.monitoring.logreg_monitor scheduled__2024-11-01T00:00:00+00:00 [queued]>
[2026-06-25T18:30:35.677+0000] {taskinstance.py:2306} INFO - Starting attempt 1 of 2
[2026-06-25T18:30:35.690+0000] {taskinstance.py:2330} INFO - Executing <Task(BashOperator): monitoring.logreg_monitor> on 2024-11-01 00:00:00+00:00
[2026-06-25T18:30:35.697+0000] {logging_mixin.py:188} WARNING - /home/***/.local/lib/python3.12/site-packages/***/task/task_runner/standard_task_runner.py:62 DeprecationWarning: This process (pid=75604) is multi-threaded, use of fork() may lead to deadlocks in the child.
[2026-06-25T18:30:35.699+0000] {standard_task_runner.py:64} INFO - Started process 75611 to run task
[2026-06-25T18:30:35.698+0000] {standard_task_runner.py:90} INFO - Running: ['***', 'tasks', 'run', 'credit_default_ml_pipeline', 'monitoring.logreg_monitor', 'scheduled__2024-11-01T00:00:00+00:00', '--job-id', '4809', '--raw', '--subdir', 'DAGS_FOLDER/dag.py', '--cfg-path', '/tmp/tmpc532my8n']
[2026-06-25T18:30:35.702+0000] {standard_task_runner.py:91} INFO - Job 4809: Subtask monitoring.logreg_monitor
[2026-06-25T18:30:35.752+0000] {task_command.py:426} INFO - Running <TaskInstance: credit_default_ml_pipeline.monitoring.logreg_monitor scheduled__2024-11-01T00:00:00+00:00 [running]> on host b54b2be331ab
[2026-06-25T18:30:35.992+0000] {taskinstance.py:2648} INFO - Exporting env vars: AIRFLOW_CTX_DAG_OWNER='***' AIRFLOW_CTX_DAG_ID='credit_default_ml_pipeline' AIRFLOW_CTX_TASK_ID='monitoring.logreg_monitor' AIRFLOW_CTX_EXECUTION_DATE='2024-11-01T00:00:00+00:00' AIRFLOW_CTX_TRY_NUMBER='1' AIRFLOW_CTX_DAG_RUN_ID='scheduled__2024-11-01T00:00:00+00:00'
[2026-06-25T18:30:35.994+0000] {taskinstance.py:430} INFO - ::endgroup::
[2026-06-25T18:30:36.005+0000] {subprocess.py:63} INFO - Tmp dir root location: /tmp
[2026-06-25T18:30:36.006+0000] {subprocess.py:75} INFO - Running command: ['/usr/bin/bash', '-c', 'cd /opt/***/scripts && if [ ! -f model_bank/champion.txt ]; then echo \'[SKIP] no champion.txt for 2024-11-01\'; exit 0; fi && python3 model_monitor.py --snapshotdate "2024-11-01" --modelname "credit_logreg_2024_09_01.pkl"']
[2026-06-25T18:30:36.015+0000] {subprocess.py:86} INFO - Output:
[2026-06-25T18:30:39.476+0000] {subprocess.py:93} INFO - 
[2026-06-25T18:30:39.476+0000] {subprocess.py:93} INFO - --- monitoring credit_logreg_2024_09_01.pkl ---
[2026-06-25T18:30:39.479+0000] {subprocess.py:93} INFO - 
[2026-06-25T18:30:39.480+0000] {subprocess.py:93} INFO - OOT1 baseline AUC for credit_logreg_2024_09_01: 0.8711581528244334
[2026-06-25T18:30:39.481+0000] {subprocess.py:93} INFO - OOT1 baseline Brier for credit_logreg_2024_09_01: 0.1464
[2026-06-25T18:30:39.482+0000] {subprocess.py:93} INFO -   [csi] no feature_importance_report.py output found for credit_logreg_2024_09_01 at reports/feature_importance/credit_logreg_2024_09_01_feature_importance.csv; falling back to first 15 feature_cols as a placeholder scope (run feature_importance_report.py for a proper ranking).
[2026-06-25T18:30:39.484+0000] {subprocess.py:93} INFO - [csi] scoping to top 15 features: ['loan_amt', 'tenure', 'Annual_Income', 'Monthly_Inhand_Salary', 'Num_Bank_Accounts', 'Num_Credit_Card', 'Interest_Rate', 'Num_of_Loan', 'Delay_from_due_date', 'Num_of_Delayed_Payment', 'Changed_Credit_Limit', 'Num_Credit_Inquiries', 'Outstanding_Debt', 'Credit_Utilization_Ratio', 'Credit_History_Age']
[2026-06-25T18:30:39.485+0000] {subprocess.py:93} INFO - 
[2026-06-25T18:30:39.486+0000] {subprocess.py:93} INFO - snapshot_date  n_scored  mean_score    psi     f1  precision  recall  brier    auc   gini  auc_drop_from_oot1  csi_max          csi_max_feature  csi_loan_amt  csi_tenure  csi_Annual_Income  csi_Monthly_Inhand_Salary  csi_Num_Bank_Accounts  csi_Num_Credit_Card  csi_Interest_Rate  csi_Num_of_Loan  csi_Delay_from_due_date  csi_Num_of_Delayed_Payment  csi_Changed_Credit_Limit  csi_Num_Credit_Inquiries  csi_Outstanding_Debt  csi_Credit_Utilization_Ratio  csi_Credit_History_Age
[2026-06-25T18:30:39.487+0000] {subprocess.py:93} INFO -    2024-07-01       485      0.4129 0.0000 0.7278     0.6686  0.7986 0.1392 0.8781 0.7562             -0.0069   0.0000                 loan_amt           0.0         0.0             0.0000                     0.0000                 0.0000               0.0000             0.0000           0.0000                   0.0000                      0.0000                    0.0000                    0.0000                0.0000                        0.0000                  0.0000
[2026-06-25T18:30:39.489+0000] {subprocess.py:93} INFO -    2024-08-01       518      0.4363 0.0341 0.6725     0.5897  0.7823 0.1531 0.8665 0.7330              0.0046   0.0796     Changed_Credit_Limit           0.0         0.0             0.0606                     0.0491                 0.0442               0.0481             0.0536           0.0291                   0.0288                      0.0256                    0.0796                    0.0290                0.0302                        0.0644                  0.0492
[2026-06-25T18:30:39.489+0000] {subprocess.py:93} INFO -    2024-09-01       511      0.4510 0.0235 0.7268     0.6555  0.8155 0.1476 0.8815 0.7631             -0.0104   0.0603            Interest_Rate           0.0         0.0             0.0309                     0.0288                 0.0288               0.0329             0.0603           0.0165                   0.0175                      0.0452                    0.0208                    0.0175                0.0240                        0.0370                  0.0361
[2026-06-25T18:30:39.491+0000] {subprocess.py:93} INFO -    2024-11-01       491      0.4312 0.0521 0.7117     0.6554  0.7785 0.1424 0.8815 0.7629             -0.0103   0.0800 Credit_Utilization_Ratio           0.0         0.0             0.0159                     0.0291                 0.0048               0.0302             0.0359           0.0416                   0.0624                      0.0404                    0.0406                    0.0359                0.0355                        0.0800                  0.0246
[2026-06-25T18:30:39.493+0000] {subprocess.py:93} INFO - saved monitoring table: datamart/gold/model_monitoring/credit_logreg_2024_09_01/credit_logreg_2024_09_01_monitoring.parquet
[2026-06-25T18:30:39.494+0000] {subprocess.py:93} INFO - saved plots: datamart/gold/monitoring_plots/credit_logreg_2024_09_01/psi_stability.png, datamart/gold/monitoring_plots/credit_logreg_2024_09_01/csi_stability.png, datamart/gold/monitoring_plots/credit_logreg_2024_09_01/csi_breakdown_all_features.png, datamart/gold/monitoring_plots/credit_logreg_2024_09_01/auc_performance.png, datamart/gold/monitoring_plots/credit_logreg_2024_09_01/brier_score.png
[2026-06-25T18:30:39.496+0000] {subprocess.py:93} INFO - 
[2026-06-25T18:30:39.497+0000] {subprocess.py:93} INFO - --- done ---
[2026-06-25T18:30:39.497+0000] {subprocess.py:93} INFO - 
[2026-06-25T18:30:39.744+0000] {subprocess.py:97} INFO - Command exited with return code 0
[2026-06-25T18:30:39.745+0000] {taskinstance.py:441} INFO - ::group::Post task execution logs
[2026-06-25T18:30:39.772+0000] {taskinstance.py:1206} INFO - Marking task as SUCCESS. dag_id=credit_default_ml_pipeline, task_id=monitoring.logreg_monitor, run_id=scheduled__2024-11-01T00:00:00+00:00, execution_date=20241101T000000, start_date=20260625T183035, end_date=20260625T183039
[2026-06-25T18:30:39.799+0000] {local_task_job_runner.py:243} INFO - Task exited with return code 0
[2026-06-25T18:30:39.822+0000] {taskinstance.py:3503} INFO - 0 downstream tasks scheduled from follow-on schedule check
[2026-06-25T18:30:39.824+0000] {local_task_job_runner.py:222} INFO - ::endgroup::
