[2026-06-18T03:43:27.218+0000] {local_task_job_runner.py:120} INFO - ::group::Pre task execution logs
[2026-06-18T03:43:27.244+0000] {taskinstance.py:2076} INFO - Dependencies all met for dep_context=non-requeueable deps ti=<TaskInstance: credit_default_ml_pipeline.feature_pipeline.feature_silver_financials scheduled__2023-03-01T00:00:00+00:00 [queued]>
[2026-06-18T03:43:27.251+0000] {taskinstance.py:2076} INFO - Dependencies all met for dep_context=requeueable deps ti=<TaskInstance: credit_default_ml_pipeline.feature_pipeline.feature_silver_financials scheduled__2023-03-01T00:00:00+00:00 [queued]>
[2026-06-18T03:43:27.252+0000] {taskinstance.py:2306} INFO - Starting attempt 4 of 5
[2026-06-18T03:43:27.266+0000] {taskinstance.py:2330} INFO - Executing <Task(BashOperator): feature_pipeline.feature_silver_financials> on 2023-03-01 00:00:00+00:00
[2026-06-18T03:43:27.274+0000] {logging_mixin.py:188} WARNING - /home/***/.local/lib/python3.12/site-packages/***/task/task_runner/standard_task_runner.py:62 DeprecationWarning: This process (pid=34547) is multi-threaded, use of fork() may lead to deadlocks in the child.
[2026-06-18T03:43:27.273+0000] {standard_task_runner.py:90} INFO - Running: ['***', 'tasks', 'run', 'credit_default_ml_pipeline', 'feature_pipeline.feature_silver_financials', 'scheduled__2023-03-01T00:00:00+00:00', '--job-id', '966', '--raw', '--subdir', 'DAGS_FOLDER/dag.py', '--cfg-path', '/tmp/tmpe2ajz4rl']
[2026-06-18T03:43:27.276+0000] {standard_task_runner.py:64} INFO - Started process 34555 to run task
[2026-06-18T03:43:27.277+0000] {standard_task_runner.py:91} INFO - Job 966: Subtask feature_pipeline.feature_silver_financials
[2026-06-18T03:43:27.323+0000] {task_command.py:426} INFO - Running <TaskInstance: credit_default_ml_pipeline.feature_pipeline.feature_silver_financials scheduled__2023-03-01T00:00:00+00:00 [running]> on host bfbc24b887a5
[2026-06-18T03:43:27.541+0000] {taskinstance.py:2648} INFO - Exporting env vars: AIRFLOW_CTX_DAG_OWNER='***' AIRFLOW_CTX_DAG_ID='credit_default_ml_pipeline' AIRFLOW_CTX_TASK_ID='feature_pipeline.feature_silver_financials' AIRFLOW_CTX_EXECUTION_DATE='2023-03-01T00:00:00+00:00' AIRFLOW_CTX_TRY_NUMBER='4' AIRFLOW_CTX_DAG_RUN_ID='scheduled__2023-03-01T00:00:00+00:00'
[2026-06-18T03:43:27.543+0000] {taskinstance.py:430} INFO - ::endgroup::
[2026-06-18T03:43:27.550+0000] {subprocess.py:63} INFO - Tmp dir root location: /tmp
[2026-06-18T03:43:27.551+0000] {subprocess.py:75} INFO - Running command: ['/usr/bin/bash', '-c', 'cd /opt/***/scripts && python3 silver_processing.py --snapshotdate "2023-03-01" --source financials']
[2026-06-18T03:43:27.559+0000] {subprocess.py:86} INFO - Output:
[2026-06-18T03:43:30.565+0000] {subprocess.py:93} INFO - Setting default log level to "WARN".
[2026-06-18T03:43:30.569+0000] {subprocess.py:93} INFO - To adjust logging level use sc.setLogLevel(newLevel). For SparkR, use setLogLevel(newLevel).
[2026-06-18T03:43:30.958+0000] {subprocess.py:93} INFO - 26/06/18 03:43:30 WARN NativeCodeLoader: Unable to load native-hadoop library for your platform... using builtin-java classes where applicable
[2026-06-18T03:43:32.016+0000] {subprocess.py:93} INFO - 26/06/18 03:43:32 WARN Utils: Service 'SparkUI' could not bind on port 4040. Attempting port 4041.
[2026-06-18T03:43:32.017+0000] {subprocess.py:93} INFO - 26/06/18 03:43:32 WARN Utils: Service 'SparkUI' could not bind on port 4041. Attempting port 4042.
[2026-06-18T03:43:47.999+0000] {subprocess.py:93} INFO - [Stage 10:>                                                         (0 + 1) / 1]
[2026-06-18T03:43:48.002+0000] {subprocess.py:93} INFO - --- silver financials 2023-03-01 ---
[2026-06-18T03:43:48.003+0000] {subprocess.py:93} INFO - 
[2026-06-18T03:43:48.004+0000] {subprocess.py:93} INFO - [silver:financials] loaded datamart/bronze/financials/bronze_financials_2023_03_01.csv rows: 506
[2026-06-18T03:43:48.005+0000] {subprocess.py:93} INFO - [silver:loan_type] saved to: datamart/silver/loan_type/2023_03_01.parquet
[2026-06-18T03:43:48.006+0000] {subprocess.py:93} INFO - [silver:financials] saved to: datamart/silver/financials/2023_03_01.parquet
[2026-06-18T03:43:48.008+0000] {subprocess.py:93} INFO - 
[2026-06-18T03:43:48.009+0000] {subprocess.py:93} INFO - --- done ---
[2026-06-18T03:43:48.010+0000] {subprocess.py:93} INFO - 
[2026-06-18T03:43:48.487+0000] {subprocess.py:97} INFO - Command exited with return code 0
[2026-06-18T03:43:48.489+0000] {taskinstance.py:441} INFO - ::group::Post task execution logs
[2026-06-18T03:43:48.520+0000] {taskinstance.py:1206} INFO - Marking task as SUCCESS. dag_id=credit_default_ml_pipeline, task_id=feature_pipeline.feature_silver_financials, run_id=scheduled__2023-03-01T00:00:00+00:00, execution_date=20230301T000000, start_date=20260618T034327, end_date=20260618T034348
[2026-06-18T03:43:48.561+0000] {local_task_job_runner.py:243} INFO - Task exited with return code 0
[2026-06-18T03:43:48.742+0000] {taskinstance.py:3503} INFO - 1 downstream tasks scheduled from follow-on schedule check
[2026-06-18T03:43:48.744+0000] {local_task_job_runner.py:222} INFO - ::endgroup::
