[2026-06-18T02:25:55.296+0000] {local_task_job_runner.py:120} INFO - ::group::Pre task execution logs
[2026-06-18T02:25:55.315+0000] {taskinstance.py:2076} INFO - Dependencies all met for dep_context=non-requeueable deps ti=<TaskInstance: credit_default_ml_pipeline.feature_pipeline.feature_silver_financials scheduled__2023-03-01T00:00:00+00:00 [queued]>
[2026-06-18T02:25:55.320+0000] {taskinstance.py:2076} INFO - Dependencies all met for dep_context=requeueable deps ti=<TaskInstance: credit_default_ml_pipeline.feature_pipeline.feature_silver_financials scheduled__2023-03-01T00:00:00+00:00 [queued]>
[2026-06-18T02:25:55.321+0000] {taskinstance.py:2306} INFO - Starting attempt 3 of 4
[2026-06-18T02:25:55.331+0000] {taskinstance.py:2330} INFO - Executing <Task(BashOperator): feature_pipeline.feature_silver_financials> on 2023-03-01 00:00:00+00:00
[2026-06-18T02:25:55.336+0000] {logging_mixin.py:188} WARNING - /home/***/.local/lib/python3.12/site-packages/***/task/task_runner/standard_task_runner.py:62 DeprecationWarning: This process (pid=16510) is multi-threaded, use of fork() may lead to deadlocks in the child.
[2026-06-18T02:25:55.337+0000] {standard_task_runner.py:64} INFO - Started process 16518 to run task
[2026-06-18T02:25:55.337+0000] {standard_task_runner.py:90} INFO - Running: ['***', 'tasks', 'run', 'credit_default_ml_pipeline', 'feature_pipeline.feature_silver_financials', 'scheduled__2023-03-01T00:00:00+00:00', '--job-id', '877', '--raw', '--subdir', 'DAGS_FOLDER/dag.py', '--cfg-path', '/tmp/tmp92d9q_pq']
[2026-06-18T02:25:55.339+0000] {standard_task_runner.py:91} INFO - Job 877: Subtask feature_pipeline.feature_silver_financials
[2026-06-18T02:25:55.363+0000] {task_command.py:426} INFO - Running <TaskInstance: credit_default_ml_pipeline.feature_pipeline.feature_silver_financials scheduled__2023-03-01T00:00:00+00:00 [running]> on host bfbc24b887a5
[2026-06-18T02:25:55.574+0000] {taskinstance.py:2648} INFO - Exporting env vars: AIRFLOW_CTX_DAG_OWNER='***' AIRFLOW_CTX_DAG_ID='credit_default_ml_pipeline' AIRFLOW_CTX_TASK_ID='feature_pipeline.feature_silver_financials' AIRFLOW_CTX_EXECUTION_DATE='2023-03-01T00:00:00+00:00' AIRFLOW_CTX_TRY_NUMBER='3' AIRFLOW_CTX_DAG_RUN_ID='scheduled__2023-03-01T00:00:00+00:00'
[2026-06-18T02:25:55.575+0000] {taskinstance.py:430} INFO - ::endgroup::
[2026-06-18T02:25:55.580+0000] {subprocess.py:63} INFO - Tmp dir root location: /tmp
[2026-06-18T02:25:55.582+0000] {subprocess.py:75} INFO - Running command: ['/usr/bin/bash', '-c', 'cd /opt/***/scripts && python3 silver_processing.py --snapshotdate "2023-03-01" --source financials']
[2026-06-18T02:25:55.587+0000] {subprocess.py:86} INFO - Output:
[2026-06-18T02:25:57.723+0000] {subprocess.py:93} INFO - Setting default log level to "WARN".
[2026-06-18T02:25:57.725+0000] {subprocess.py:93} INFO - To adjust logging level use sc.setLogLevel(newLevel). For SparkR, use setLogLevel(newLevel).
[2026-06-18T02:25:57.943+0000] {subprocess.py:93} INFO - 26/06/18 02:25:57 WARN NativeCodeLoader: Unable to load native-hadoop library for your platform... using builtin-java classes where applicable
[2026-06-18T02:25:58.710+0000] {subprocess.py:93} INFO - 26/06/18 02:25:58 WARN Utils: Service 'SparkUI' could not bind on port 4040. Attempting port 4041.
[2026-06-18T02:25:58.712+0000] {subprocess.py:93} INFO - 26/06/18 02:25:58 WARN Utils: Service 'SparkUI' could not bind on port 4041. Attempting port 4042.
[2026-06-18T02:26:09.371+0000] {subprocess.py:93} INFO - [Stage 10:>                                                         (0 + 1) / 1]
[2026-06-18T02:26:09.381+0000] {subprocess.py:93} INFO - --- silver financials 2023-03-01 ---
[2026-06-18T02:26:09.383+0000] {subprocess.py:93} INFO - 
[2026-06-18T02:26:09.384+0000] {subprocess.py:93} INFO - [silver:financials] loaded datamart/bronze/financials/bronze_financials_2023_03_01.csv rows: 506
[2026-06-18T02:26:09.385+0000] {subprocess.py:93} INFO - [silver:loan_type] saved to: datamart/silver/loan_type/2023_03_01.parquet
[2026-06-18T02:26:09.386+0000] {subprocess.py:93} INFO - [silver:financials] saved to: datamart/silver/financials/2023_03_01.parquet
[2026-06-18T02:26:09.387+0000] {subprocess.py:93} INFO - 
[2026-06-18T02:26:09.387+0000] {subprocess.py:93} INFO - --- done ---
[2026-06-18T02:26:09.388+0000] {subprocess.py:93} INFO - 
[2026-06-18T02:26:09.854+0000] {subprocess.py:97} INFO - Command exited with return code 0
[2026-06-18T02:26:09.856+0000] {taskinstance.py:441} INFO - ::group::Post task execution logs
[2026-06-18T02:26:09.878+0000] {taskinstance.py:1206} INFO - Marking task as SUCCESS. dag_id=credit_default_ml_pipeline, task_id=feature_pipeline.feature_silver_financials, run_id=scheduled__2023-03-01T00:00:00+00:00, execution_date=20230301T000000, start_date=20260618T022555, end_date=20260618T022609
[2026-06-18T02:26:09.899+0000] {local_task_job_runner.py:243} INFO - Task exited with return code 0
[2026-06-18T02:26:10.016+0000] {taskinstance.py:3503} INFO - 1 downstream tasks scheduled from follow-on schedule check
[2026-06-18T02:26:10.018+0000] {local_task_job_runner.py:222} INFO - ::endgroup::
