[2026-06-20T06:36:40.104+0000] {local_task_job_runner.py:120} INFO - ::group::Pre task execution logs
[2026-06-20T06:36:40.117+0000] {taskinstance.py:2076} INFO - Dependencies all met for dep_context=non-requeueable deps ti=<TaskInstance: credit_default_ml_pipeline.monitoring.logreg_monitor scheduled__2024-04-01T00:00:00+00:00 [queued]>
[2026-06-20T06:36:40.121+0000] {taskinstance.py:2076} INFO - Dependencies all met for dep_context=requeueable deps ti=<TaskInstance: credit_default_ml_pipeline.monitoring.logreg_monitor scheduled__2024-04-01T00:00:00+00:00 [queued]>
[2026-06-20T06:36:40.122+0000] {taskinstance.py:2306} INFO - Starting attempt 1 of 2
[2026-06-20T06:36:40.212+0000] {taskinstance.py:2330} INFO - Executing <Task(BashOperator): monitoring.logreg_monitor> on 2024-04-01 00:00:00+00:00
[2026-06-20T06:36:40.216+0000] {logging_mixin.py:188} WARNING - /home/***/.local/lib/python3.12/site-packages/***/task/task_runner/standard_task_runner.py:62 DeprecationWarning: This process (pid=60760) is multi-threaded, use of fork() may lead to deadlocks in the child.
[2026-06-20T06:36:40.216+0000] {standard_task_runner.py:90} INFO - Running: ['***', 'tasks', 'run', 'credit_default_ml_pipeline', 'monitoring.logreg_monitor', 'scheduled__2024-04-01T00:00:00+00:00', '--job-id', '1741', '--raw', '--subdir', 'DAGS_FOLDER/dag.py', '--cfg-path', '/tmp/tmp56nr0_0v']
[2026-06-20T06:36:40.218+0000] {standard_task_runner.py:64} INFO - Started process 60765 to run task
[2026-06-20T06:36:40.218+0000] {standard_task_runner.py:91} INFO - Job 1741: Subtask monitoring.logreg_monitor
[2026-06-20T06:36:40.238+0000] {task_command.py:426} INFO - Running <TaskInstance: credit_default_ml_pipeline.monitoring.logreg_monitor scheduled__2024-04-01T00:00:00+00:00 [running]> on host 9cf341f51c89
[2026-06-20T06:36:40.267+0000] {taskinstance.py:2648} INFO - Exporting env vars: AIRFLOW_CTX_DAG_OWNER='***' AIRFLOW_CTX_DAG_ID='credit_default_ml_pipeline' AIRFLOW_CTX_TASK_ID='monitoring.logreg_monitor' AIRFLOW_CTX_EXECUTION_DATE='2024-04-01T00:00:00+00:00' AIRFLOW_CTX_TRY_NUMBER='1' AIRFLOW_CTX_DAG_RUN_ID='scheduled__2024-04-01T00:00:00+00:00'
[2026-06-20T06:36:40.269+0000] {taskinstance.py:430} INFO - ::endgroup::
[2026-06-20T06:36:40.274+0000] {subprocess.py:63} INFO - Tmp dir root location: /tmp
[2026-06-20T06:36:40.275+0000] {subprocess.py:75} INFO - Running command: ['/usr/bin/bash', '-c', 'cd /opt/***/scripts && if [ ! -f model_bank/champion.txt ]; then echo \'[SKIP] no champion.txt for 2024-04-01\'; exit 0; fi && python3 model_monitor.py --snapshotdate "2024-04-01" --modelname "credit_logreg_2024_09_01.pkl"']
[2026-06-20T06:36:40.279+0000] {subprocess.py:86} INFO - Output:
[2026-06-20T06:36:40.281+0000] {subprocess.py:93} INFO - [SKIP] no champion.txt for 2024-04-01
[2026-06-20T06:36:40.281+0000] {subprocess.py:97} INFO - Command exited with return code 0
[2026-06-20T06:36:40.281+0000] {taskinstance.py:441} INFO - ::group::Post task execution logs
[2026-06-20T06:36:40.292+0000] {taskinstance.py:1206} INFO - Marking task as SUCCESS. dag_id=credit_default_ml_pipeline, task_id=monitoring.logreg_monitor, run_id=scheduled__2024-04-01T00:00:00+00:00, execution_date=20240401T000000, start_date=20260620T063640, end_date=20260620T063640
[2026-06-20T06:36:40.316+0000] {local_task_job_runner.py:243} INFO - Task exited with return code 0
[2026-06-20T06:36:40.326+0000] {taskinstance.py:3503} INFO - 0 downstream tasks scheduled from follow-on schedule check
[2026-06-20T06:36:40.327+0000] {local_task_job_runner.py:222} INFO - ::endgroup::
[2026-06-20T07:57:19.852+0000] {local_task_job_runner.py:120} INFO - ::group::Pre task execution logs
[2026-06-20T07:57:19.868+0000] {taskinstance.py:2076} INFO - Dependencies all met for dep_context=non-requeueable deps ti=<TaskInstance: credit_default_ml_pipeline.monitoring.logreg_monitor scheduled__2024-04-01T00:00:00+00:00 [queued]>
[2026-06-20T07:57:19.875+0000] {taskinstance.py:2076} INFO - Dependencies all met for dep_context=requeueable deps ti=<TaskInstance: credit_default_ml_pipeline.monitoring.logreg_monitor scheduled__2024-04-01T00:00:00+00:00 [queued]>
[2026-06-20T07:57:19.876+0000] {taskinstance.py:2306} INFO - Starting attempt 1 of 2
[2026-06-20T07:57:19.965+0000] {taskinstance.py:2330} INFO - Executing <Task(BashOperator): monitoring.logreg_monitor> on 2024-04-01 00:00:00+00:00
[2026-06-20T07:57:19.970+0000] {logging_mixin.py:188} WARNING - /home/***/.local/lib/python3.12/site-packages/***/task/task_runner/standard_task_runner.py:62 DeprecationWarning: This process (pid=46424) is multi-threaded, use of fork() may lead to deadlocks in the child.
[2026-06-20T07:57:19.971+0000] {standard_task_runner.py:64} INFO - Started process 46429 to run task
[2026-06-20T07:57:19.970+0000] {standard_task_runner.py:90} INFO - Running: ['***', 'tasks', 'run', 'credit_default_ml_pipeline', 'monitoring.logreg_monitor', 'scheduled__2024-04-01T00:00:00+00:00', '--job-id', '2234', '--raw', '--subdir', 'DAGS_FOLDER/dag.py', '--cfg-path', '/tmp/tmpi4a10oz4']
[2026-06-20T07:57:19.971+0000] {standard_task_runner.py:91} INFO - Job 2234: Subtask monitoring.logreg_monitor
[2026-06-20T07:57:19.993+0000] {task_command.py:426} INFO - Running <TaskInstance: credit_default_ml_pipeline.monitoring.logreg_monitor scheduled__2024-04-01T00:00:00+00:00 [running]> on host 9cf341f51c89
[2026-06-20T07:57:20.024+0000] {taskinstance.py:2648} INFO - Exporting env vars: AIRFLOW_CTX_DAG_OWNER='***' AIRFLOW_CTX_DAG_ID='credit_default_ml_pipeline' AIRFLOW_CTX_TASK_ID='monitoring.logreg_monitor' AIRFLOW_CTX_EXECUTION_DATE='2024-04-01T00:00:00+00:00' AIRFLOW_CTX_TRY_NUMBER='1' AIRFLOW_CTX_DAG_RUN_ID='scheduled__2024-04-01T00:00:00+00:00'
[2026-06-20T07:57:20.025+0000] {taskinstance.py:430} INFO - ::endgroup::
[2026-06-20T07:57:20.030+0000] {subprocess.py:63} INFO - Tmp dir root location: /tmp
[2026-06-20T07:57:20.031+0000] {subprocess.py:75} INFO - Running command: ['/usr/bin/bash', '-c', 'cd /opt/***/scripts && if [ ! -f model_bank/champion.txt ]; then echo \'[SKIP] no champion.txt for 2024-04-01\'; exit 0; fi && python3 model_monitor.py --snapshotdate "2024-04-01" --modelname "credit_logreg_2024_09_01.pkl"']
[2026-06-20T07:57:20.037+0000] {subprocess.py:86} INFO - Output:
[2026-06-20T07:57:20.039+0000] {subprocess.py:93} INFO - [SKIP] no champion.txt for 2024-04-01
[2026-06-20T07:57:20.039+0000] {subprocess.py:97} INFO - Command exited with return code 0
[2026-06-20T07:57:20.039+0000] {taskinstance.py:441} INFO - ::group::Post task execution logs
[2026-06-20T07:57:20.052+0000] {taskinstance.py:1206} INFO - Marking task as SUCCESS. dag_id=credit_default_ml_pipeline, task_id=monitoring.logreg_monitor, run_id=scheduled__2024-04-01T00:00:00+00:00, execution_date=20240401T000000, start_date=20260620T075719, end_date=20260620T075720
[2026-06-20T07:57:20.068+0000] {local_task_job_runner.py:243} INFO - Task exited with return code 0
[2026-06-20T07:57:20.077+0000] {taskinstance.py:3503} INFO - 0 downstream tasks scheduled from follow-on schedule check
[2026-06-20T07:57:20.078+0000] {local_task_job_runner.py:222} INFO - ::endgroup::
[2026-06-20T15:54:45.885+0000] {local_task_job_runner.py:120} INFO - ::group::Pre task execution logs
[2026-06-20T15:54:45.896+0000] {taskinstance.py:2076} INFO - Dependencies all met for dep_context=non-requeueable deps ti=<TaskInstance: credit_default_ml_pipeline.monitoring.logreg_monitor scheduled__2024-04-01T00:00:00+00:00 [queued]>
[2026-06-20T15:54:45.900+0000] {taskinstance.py:2076} INFO - Dependencies all met for dep_context=requeueable deps ti=<TaskInstance: credit_default_ml_pipeline.monitoring.logreg_monitor scheduled__2024-04-01T00:00:00+00:00 [queued]>
[2026-06-20T15:54:45.900+0000] {taskinstance.py:2306} INFO - Starting attempt 1 of 2
[2026-06-20T15:54:45.981+0000] {taskinstance.py:2330} INFO - Executing <Task(BashOperator): monitoring.logreg_monitor> on 2024-04-01 00:00:00+00:00
[2026-06-20T15:54:45.985+0000] {logging_mixin.py:188} WARNING - /home/***/.local/lib/python3.12/site-packages/***/task/task_runner/standard_task_runner.py:62 DeprecationWarning: This process (pid=32688) is multi-threaded, use of fork() may lead to deadlocks in the child.
[2026-06-20T15:54:45.986+0000] {standard_task_runner.py:64} INFO - Started process 32693 to run task
[2026-06-20T15:54:45.987+0000] {standard_task_runner.py:90} INFO - Running: ['***', 'tasks', 'run', 'credit_default_ml_pipeline', 'monitoring.logreg_monitor', 'scheduled__2024-04-01T00:00:00+00:00', '--job-id', '2706', '--raw', '--subdir', 'DAGS_FOLDER/dag.py', '--cfg-path', '/tmp/tmp1uw1cp79']
[2026-06-20T15:54:45.990+0000] {standard_task_runner.py:91} INFO - Job 2706: Subtask monitoring.logreg_monitor
[2026-06-20T15:54:46.011+0000] {task_command.py:426} INFO - Running <TaskInstance: credit_default_ml_pipeline.monitoring.logreg_monitor scheduled__2024-04-01T00:00:00+00:00 [running]> on host 9cf341f51c89
[2026-06-20T15:54:46.040+0000] {taskinstance.py:2648} INFO - Exporting env vars: AIRFLOW_CTX_DAG_OWNER='***' AIRFLOW_CTX_DAG_ID='credit_default_ml_pipeline' AIRFLOW_CTX_TASK_ID='monitoring.logreg_monitor' AIRFLOW_CTX_EXECUTION_DATE='2024-04-01T00:00:00+00:00' AIRFLOW_CTX_TRY_NUMBER='1' AIRFLOW_CTX_DAG_RUN_ID='scheduled__2024-04-01T00:00:00+00:00'
[2026-06-20T15:54:46.041+0000] {taskinstance.py:430} INFO - ::endgroup::
[2026-06-20T15:54:46.046+0000] {subprocess.py:63} INFO - Tmp dir root location: /tmp
[2026-06-20T15:54:46.047+0000] {subprocess.py:75} INFO - Running command: ['/usr/bin/bash', '-c', 'cd /opt/***/scripts && if [ ! -f model_bank/champion.txt ]; then echo \'[SKIP] no champion.txt for 2024-04-01\'; exit 0; fi && python3 model_monitor.py --snapshotdate "2024-04-01" --modelname "credit_logreg_2024_09_01.pkl"']
[2026-06-20T15:54:46.052+0000] {subprocess.py:86} INFO - Output:
[2026-06-20T15:54:46.053+0000] {subprocess.py:93} INFO - [SKIP] no champion.txt for 2024-04-01
[2026-06-20T15:54:46.054+0000] {subprocess.py:97} INFO - Command exited with return code 0
[2026-06-20T15:54:46.054+0000] {taskinstance.py:441} INFO - ::group::Post task execution logs
[2026-06-20T15:54:46.064+0000] {taskinstance.py:1206} INFO - Marking task as SUCCESS. dag_id=credit_default_ml_pipeline, task_id=monitoring.logreg_monitor, run_id=scheduled__2024-04-01T00:00:00+00:00, execution_date=20240401T000000, start_date=20260620T155445, end_date=20260620T155446
[2026-06-20T15:54:46.084+0000] {local_task_job_runner.py:243} INFO - Task exited with return code 0
[2026-06-20T15:54:46.094+0000] {taskinstance.py:3503} INFO - 0 downstream tasks scheduled from follow-on schedule check
[2026-06-20T15:54:46.095+0000] {local_task_job_runner.py:222} INFO - ::endgroup::
[2026-06-20T17:49:57.373+0000] {local_task_job_runner.py:120} INFO - ::group::Pre task execution logs
[2026-06-20T17:49:57.384+0000] {taskinstance.py:2076} INFO - Dependencies all met for dep_context=non-requeueable deps ti=<TaskInstance: credit_default_ml_pipeline.monitoring.logreg_monitor scheduled__2024-04-01T00:00:00+00:00 [queued]>
[2026-06-20T17:49:57.389+0000] {taskinstance.py:2076} INFO - Dependencies all met for dep_context=requeueable deps ti=<TaskInstance: credit_default_ml_pipeline.monitoring.logreg_monitor scheduled__2024-04-01T00:00:00+00:00 [queued]>
[2026-06-20T17:49:57.389+0000] {taskinstance.py:2306} INFO - Starting attempt 1 of 2
[2026-06-20T17:49:57.477+0000] {taskinstance.py:2330} INFO - Executing <Task(BashOperator): monitoring.logreg_monitor> on 2024-04-01 00:00:00+00:00
[2026-06-20T17:49:57.481+0000] {logging_mixin.py:188} WARNING - /home/***/.local/lib/python3.12/site-packages/***/task/task_runner/standard_task_runner.py:62 DeprecationWarning: This process (pid=51136) is multi-threaded, use of fork() may lead to deadlocks in the child.
[2026-06-20T17:49:57.482+0000] {standard_task_runner.py:64} INFO - Started process 51141 to run task
[2026-06-20T17:49:57.481+0000] {standard_task_runner.py:90} INFO - Running: ['***', 'tasks', 'run', 'credit_default_ml_pipeline', 'monitoring.logreg_monitor', 'scheduled__2024-04-01T00:00:00+00:00', '--job-id', '3283', '--raw', '--subdir', 'DAGS_FOLDER/dag.py', '--cfg-path', '/tmp/tmpcups6j9a']
[2026-06-20T17:49:57.483+0000] {standard_task_runner.py:91} INFO - Job 3283: Subtask monitoring.logreg_monitor
[2026-06-20T17:49:57.505+0000] {task_command.py:426} INFO - Running <TaskInstance: credit_default_ml_pipeline.monitoring.logreg_monitor scheduled__2024-04-01T00:00:00+00:00 [running]> on host 9cf341f51c89
[2026-06-20T17:49:57.539+0000] {taskinstance.py:2648} INFO - Exporting env vars: AIRFLOW_CTX_DAG_OWNER='***' AIRFLOW_CTX_DAG_ID='credit_default_ml_pipeline' AIRFLOW_CTX_TASK_ID='monitoring.logreg_monitor' AIRFLOW_CTX_EXECUTION_DATE='2024-04-01T00:00:00+00:00' AIRFLOW_CTX_TRY_NUMBER='1' AIRFLOW_CTX_DAG_RUN_ID='scheduled__2024-04-01T00:00:00+00:00'
[2026-06-20T17:49:57.539+0000] {taskinstance.py:430} INFO - ::endgroup::
[2026-06-20T17:49:57.545+0000] {subprocess.py:63} INFO - Tmp dir root location: /tmp
[2026-06-20T17:49:57.545+0000] {subprocess.py:75} INFO - Running command: ['/usr/bin/bash', '-c', 'cd /opt/***/scripts && if [ ! -f model_bank/champion.txt ]; then echo \'[SKIP] no champion.txt for 2024-04-01\'; exit 0; fi && python3 model_monitor.py --snapshotdate "2024-04-01" --modelname "credit_logreg_2024_09_01.pkl"']
[2026-06-20T17:49:57.550+0000] {subprocess.py:86} INFO - Output:
[2026-06-20T17:49:57.552+0000] {subprocess.py:93} INFO - [SKIP] no champion.txt for 2024-04-01
[2026-06-20T17:49:57.552+0000] {subprocess.py:97} INFO - Command exited with return code 0
[2026-06-20T17:49:57.553+0000] {taskinstance.py:441} INFO - ::group::Post task execution logs
[2026-06-20T17:49:57.563+0000] {taskinstance.py:1206} INFO - Marking task as SUCCESS. dag_id=credit_default_ml_pipeline, task_id=monitoring.logreg_monitor, run_id=scheduled__2024-04-01T00:00:00+00:00, execution_date=20240401T000000, start_date=20260620T174957, end_date=20260620T174957
[2026-06-20T17:49:57.581+0000] {local_task_job_runner.py:243} INFO - Task exited with return code 0
[2026-06-20T17:49:57.585+0000] {local_task_job_runner.py:222} INFO - ::endgroup::
[2026-06-21T02:45:39.549+0000] {local_task_job_runner.py:120} INFO - ::group::Pre task execution logs
[2026-06-21T02:45:39.565+0000] {taskinstance.py:2076} INFO - Dependencies all met for dep_context=non-requeueable deps ti=<TaskInstance: credit_default_ml_pipeline.monitoring.logreg_monitor scheduled__2024-04-01T00:00:00+00:00 [queued]>
[2026-06-21T02:45:39.570+0000] {taskinstance.py:2076} INFO - Dependencies all met for dep_context=requeueable deps ti=<TaskInstance: credit_default_ml_pipeline.monitoring.logreg_monitor scheduled__2024-04-01T00:00:00+00:00 [queued]>
[2026-06-21T02:45:39.571+0000] {taskinstance.py:2306} INFO - Starting attempt 1 of 2
[2026-06-21T02:45:39.577+0000] {taskinstance.py:2330} INFO - Executing <Task(BashOperator): monitoring.logreg_monitor> on 2024-04-01 00:00:00+00:00
[2026-06-21T02:45:39.581+0000] {logging_mixin.py:188} WARNING - /home/***/.local/lib/python3.12/site-packages/***/task/task_runner/standard_task_runner.py:62 DeprecationWarning: This process (pid=50537) is multi-threaded, use of fork() may lead to deadlocks in the child.
[2026-06-21T02:45:39.582+0000] {standard_task_runner.py:64} INFO - Started process 50544 to run task
[2026-06-21T02:45:39.582+0000] {standard_task_runner.py:90} INFO - Running: ['***', 'tasks', 'run', 'credit_default_ml_pipeline', 'monitoring.logreg_monitor', 'scheduled__2024-04-01T00:00:00+00:00', '--job-id', '3749', '--raw', '--subdir', 'DAGS_FOLDER/dag.py', '--cfg-path', '/tmp/tmpgb_4jv2z']
[2026-06-21T02:45:39.584+0000] {standard_task_runner.py:91} INFO - Job 3749: Subtask monitoring.logreg_monitor
[2026-06-21T02:45:39.603+0000] {task_command.py:426} INFO - Running <TaskInstance: credit_default_ml_pipeline.monitoring.logreg_monitor scheduled__2024-04-01T00:00:00+00:00 [running]> on host f6e9e2801916
[2026-06-21T02:45:39.722+0000] {taskinstance.py:2648} INFO - Exporting env vars: AIRFLOW_CTX_DAG_OWNER='***' AIRFLOW_CTX_DAG_ID='credit_default_ml_pipeline' AIRFLOW_CTX_TASK_ID='monitoring.logreg_monitor' AIRFLOW_CTX_EXECUTION_DATE='2024-04-01T00:00:00+00:00' AIRFLOW_CTX_TRY_NUMBER='1' AIRFLOW_CTX_DAG_RUN_ID='scheduled__2024-04-01T00:00:00+00:00'
[2026-06-21T02:45:39.723+0000] {taskinstance.py:430} INFO - ::endgroup::
[2026-06-21T02:45:39.728+0000] {subprocess.py:63} INFO - Tmp dir root location: /tmp
[2026-06-21T02:45:39.728+0000] {subprocess.py:75} INFO - Running command: ['/usr/bin/bash', '-c', 'cd /opt/***/scripts && if [ ! -f model_bank/champion.txt ]; then echo \'[SKIP] no champion.txt for 2024-04-01\'; exit 0; fi && python3 model_monitor.py --snapshotdate "2024-04-01" --modelname "credit_logreg_2024_09_01.pkl"']
[2026-06-21T02:45:39.734+0000] {subprocess.py:86} INFO - Output:
[2026-06-21T02:45:39.736+0000] {subprocess.py:93} INFO - [SKIP] no champion.txt for 2024-04-01
[2026-06-21T02:45:39.737+0000] {subprocess.py:97} INFO - Command exited with return code 0
[2026-06-21T02:45:39.737+0000] {taskinstance.py:441} INFO - ::group::Post task execution logs
[2026-06-21T02:45:39.747+0000] {taskinstance.py:1206} INFO - Marking task as SUCCESS. dag_id=credit_default_ml_pipeline, task_id=monitoring.logreg_monitor, run_id=scheduled__2024-04-01T00:00:00+00:00, execution_date=20240401T000000, start_date=20260621T024539, end_date=20260621T024539
[2026-06-21T02:45:39.761+0000] {local_task_job_runner.py:243} INFO - Task exited with return code 0
[2026-06-21T02:45:39.767+0000] {local_task_job_runner.py:222} INFO - ::endgroup::
[2026-06-21T06:11:19.658+0000] {local_task_job_runner.py:120} INFO - ::group::Pre task execution logs
[2026-06-21T06:11:19.673+0000] {taskinstance.py:2076} INFO - Dependencies all met for dep_context=non-requeueable deps ti=<TaskInstance: credit_default_ml_pipeline.monitoring.logreg_monitor scheduled__2024-04-01T00:00:00+00:00 [queued]>
[2026-06-21T06:11:19.679+0000] {taskinstance.py:2076} INFO - Dependencies all met for dep_context=requeueable deps ti=<TaskInstance: credit_default_ml_pipeline.monitoring.logreg_monitor scheduled__2024-04-01T00:00:00+00:00 [queued]>
[2026-06-21T06:11:19.680+0000] {taskinstance.py:2306} INFO - Starting attempt 1 of 2
[2026-06-21T06:11:19.776+0000] {taskinstance.py:2330} INFO - Executing <Task(BashOperator): monitoring.logreg_monitor> on 2024-04-01 00:00:00+00:00
[2026-06-21T06:11:19.781+0000] {logging_mixin.py:188} WARNING - /home/***/.local/lib/python3.12/site-packages/***/task/task_runner/standard_task_runner.py:62 DeprecationWarning: This process (pid=51857) is multi-threaded, use of fork() may lead to deadlocks in the child.
[2026-06-21T06:11:19.781+0000] {standard_task_runner.py:90} INFO - Running: ['***', 'tasks', 'run', 'credit_default_ml_pipeline', 'monitoring.logreg_monitor', 'scheduled__2024-04-01T00:00:00+00:00', '--job-id', '4210', '--raw', '--subdir', 'DAGS_FOLDER/dag.py', '--cfg-path', '/tmp/tmpjhzjmjrg']
[2026-06-21T06:11:19.782+0000] {standard_task_runner.py:64} INFO - Started process 51862 to run task
[2026-06-21T06:11:19.783+0000] {standard_task_runner.py:91} INFO - Job 4210: Subtask monitoring.logreg_monitor
[2026-06-21T06:11:19.807+0000] {task_command.py:426} INFO - Running <TaskInstance: credit_default_ml_pipeline.monitoring.logreg_monitor scheduled__2024-04-01T00:00:00+00:00 [running]> on host 9377a3f0491f
[2026-06-21T06:11:19.840+0000] {taskinstance.py:2648} INFO - Exporting env vars: AIRFLOW_CTX_DAG_OWNER='***' AIRFLOW_CTX_DAG_ID='credit_default_ml_pipeline' AIRFLOW_CTX_TASK_ID='monitoring.logreg_monitor' AIRFLOW_CTX_EXECUTION_DATE='2024-04-01T00:00:00+00:00' AIRFLOW_CTX_TRY_NUMBER='1' AIRFLOW_CTX_DAG_RUN_ID='scheduled__2024-04-01T00:00:00+00:00'
[2026-06-21T06:11:19.841+0000] {taskinstance.py:430} INFO - ::endgroup::
[2026-06-21T06:11:19.846+0000] {subprocess.py:63} INFO - Tmp dir root location: /tmp
[2026-06-21T06:11:19.847+0000] {subprocess.py:75} INFO - Running command: ['/usr/bin/bash', '-c', 'cd /opt/***/scripts && if [ ! -f model_bank/champion.txt ]; then echo \'[SKIP] no champion.txt for 2024-04-01\'; exit 0; fi && python3 model_monitor.py --snapshotdate "2024-04-01" --modelname "credit_logreg_2024_09_01.pkl"']
[2026-06-21T06:11:19.852+0000] {subprocess.py:86} INFO - Output:
[2026-06-21T06:11:19.853+0000] {subprocess.py:93} INFO - [SKIP] no champion.txt for 2024-04-01
[2026-06-21T06:11:19.854+0000] {subprocess.py:97} INFO - Command exited with return code 0
[2026-06-21T06:11:19.854+0000] {taskinstance.py:441} INFO - ::group::Post task execution logs
[2026-06-21T06:11:19.866+0000] {taskinstance.py:1206} INFO - Marking task as SUCCESS. dag_id=credit_default_ml_pipeline, task_id=monitoring.logreg_monitor, run_id=scheduled__2024-04-01T00:00:00+00:00, execution_date=20240401T000000, start_date=20260621T061119, end_date=20260621T061119
[2026-06-21T06:11:19.883+0000] {local_task_job_runner.py:243} INFO - Task exited with return code 0
[2026-06-21T06:11:19.890+0000] {local_task_job_runner.py:222} INFO - ::endgroup::
