[2026-06-17T01:34:07.812+0000] {local_task_job_runner.py:120} INFO - ::group::Pre task execution logs
[2026-06-17T01:34:07.827+0000] {taskinstance.py:2076} INFO - Dependencies all met for dep_context=non-requeueable deps ti=<TaskInstance: credit_default_ml_pipeline.inference.champion_inference scheduled__2024-11-01T00:00:00+00:00 [queued]>
[2026-06-17T01:34:07.831+0000] {taskinstance.py:2076} INFO - Dependencies all met for dep_context=requeueable deps ti=<TaskInstance: credit_default_ml_pipeline.inference.champion_inference scheduled__2024-11-01T00:00:00+00:00 [queued]>
[2026-06-17T01:34:07.832+0000] {taskinstance.py:2306} INFO - Starting attempt 1 of 2
[2026-06-17T01:34:07.839+0000] {taskinstance.py:2330} INFO - Executing <Task(BashOperator): inference.champion_inference> on 2024-11-01 00:00:00+00:00
[2026-06-17T01:34:07.842+0000] {logging_mixin.py:188} WARNING - /home/***/.local/lib/python3.12/site-packages/***/task/task_runner/standard_task_runner.py:62 DeprecationWarning: This process (pid=14433) is multi-threaded, use of fork() may lead to deadlocks in the child.
[2026-06-17T01:34:07.842+0000] {standard_task_runner.py:90} INFO - Running: ['***', 'tasks', 'run', 'credit_default_ml_pipeline', 'inference.champion_inference', 'scheduled__2024-11-01T00:00:00+00:00', '--job-id', '797', '--raw', '--subdir', 'DAGS_FOLDER/dag.py', '--cfg-path', '/tmp/tmp5vycvcqr']
[2026-06-17T01:34:07.843+0000] {standard_task_runner.py:64} INFO - Started process 14435 to run task
[2026-06-17T01:34:07.844+0000] {standard_task_runner.py:91} INFO - Job 797: Subtask inference.champion_inference
[2026-06-17T01:34:07.868+0000] {task_command.py:426} INFO - Running <TaskInstance: credit_default_ml_pipeline.inference.champion_inference scheduled__2024-11-01T00:00:00+00:00 [running]> on host 2b9b50b7433d
[2026-06-17T01:34:07.900+0000] {taskinstance.py:2648} INFO - Exporting env vars: AIRFLOW_CTX_DAG_OWNER='***' AIRFLOW_CTX_DAG_ID='credit_default_ml_pipeline' AIRFLOW_CTX_TASK_ID='inference.champion_inference' AIRFLOW_CTX_EXECUTION_DATE='2024-11-01T00:00:00+00:00' AIRFLOW_CTX_TRY_NUMBER='1' AIRFLOW_CTX_DAG_RUN_ID='scheduled__2024-11-01T00:00:00+00:00'
[2026-06-17T01:34:07.901+0000] {taskinstance.py:430} INFO - ::endgroup::
[2026-06-17T01:34:07.909+0000] {subprocess.py:63} INFO - Tmp dir root location: /tmp
[2026-06-17T01:34:07.909+0000] {subprocess.py:75} INFO - Running command: ['/usr/bin/bash', '-c', 'cd /opt/***/scripts && python3 model_inference.py --snapshotdate "2024-11-01" --modelname "credit_xgb_2024_09_01.pkl"']
[2026-06-17T01:34:07.912+0000] {subprocess.py:86} INFO - Output:
[2026-06-17T01:34:09.349+0000] {subprocess.py:93} INFO - Setting default log level to "WARN".
[2026-06-17T01:34:09.351+0000] {subprocess.py:93} INFO - To adjust logging level use sc.setLogLevel(newLevel). For SparkR, use setLogLevel(newLevel).
[2026-06-17T01:34:09.492+0000] {subprocess.py:93} INFO - 26/06/17 01:34:09 WARN NativeCodeLoader: Unable to load native-hadoop library for your platform... using builtin-java classes where applicable
[2026-06-17T01:34:09.820+0000] {subprocess.py:93} INFO - 26/06/17 01:34:09 WARN Utils: Service 'SparkUI' could not bind on port 4040. Attempting port 4041.
[2026-06-17T01:34:12.549+0000] {subprocess.py:93} INFO - 
[2026-06-17T01:34:12.549+0000] {subprocess.py:93} INFO - --- inference 2024-11-01 / credit_xgb_2024_09_01.pkl ---
[2026-06-17T01:34:12.553+0000] {subprocess.py:93} INFO - 
[2026-06-17T01:34:12.554+0000] {subprocess.py:93} INFO - loaded model: model_bank/credit_xgb_2024_09_01.pkl
[2026-06-17T01:34:12.556+0000] {subprocess.py:93} INFO - saved predictions: datamart/gold/model_predictions/credit_xgb_2024_09_01/credit_xgb_2024_09_01_predictions_2024_11_01.parquet (488 rows, mean_score=0.20309999585151672)
[2026-06-17T01:34:12.557+0000] {subprocess.py:93} INFO - 
[2026-06-17T01:34:12.558+0000] {subprocess.py:93} INFO - --- done ---
[2026-06-17T01:34:12.559+0000] {subprocess.py:93} INFO - 
[2026-06-17T01:34:13.126+0000] {subprocess.py:97} INFO - Command exited with return code 0
[2026-06-17T01:34:13.127+0000] {taskinstance.py:441} INFO - ::group::Post task execution logs
[2026-06-17T01:34:13.140+0000] {taskinstance.py:1206} INFO - Marking task as SUCCESS. dag_id=credit_default_ml_pipeline, task_id=inference.champion_inference, run_id=scheduled__2024-11-01T00:00:00+00:00, execution_date=20241101T000000, start_date=20260617T013407, end_date=20260617T013413
[2026-06-17T01:34:13.160+0000] {local_task_job_runner.py:243} INFO - Task exited with return code 0
[2026-06-17T01:34:13.172+0000] {taskinstance.py:3503} INFO - 0 downstream tasks scheduled from follow-on schedule check
[2026-06-17T01:34:13.173+0000] {local_task_job_runner.py:222} INFO - ::endgroup::
