[2026-06-16T16:20:47.619+0000] {local_task_job_runner.py:120} INFO - ::group::Pre task execution logs
[2026-06-16T16:20:47.632+0000] {taskinstance.py:2076} INFO - Dependencies all met for dep_context=non-requeueable deps ti=<TaskInstance: credit_default_ml_pipeline.feature_pipeline.feature_silver_lms scheduled__2024-12-01T00:00:00+00:00 [queued]>
[2026-06-16T16:20:47.636+0000] {taskinstance.py:2076} INFO - Dependencies all met for dep_context=requeueable deps ti=<TaskInstance: credit_default_ml_pipeline.feature_pipeline.feature_silver_lms scheduled__2024-12-01T00:00:00+00:00 [queued]>
[2026-06-16T16:20:47.636+0000] {taskinstance.py:2306} INFO - Starting attempt 2 of 2
[2026-06-16T16:20:47.642+0000] {taskinstance.py:2330} INFO - Executing <Task(BashOperator): feature_pipeline.feature_silver_lms> on 2024-12-01 00:00:00+00:00
[2026-06-16T16:20:47.646+0000] {logging_mixin.py:188} WARNING - /home/***/.local/lib/python3.12/site-packages/***/task/task_runner/standard_task_runner.py:62 DeprecationWarning: This process (pid=35006) is multi-threaded, use of fork() may lead to deadlocks in the child.
[2026-06-16T16:20:47.647+0000] {standard_task_runner.py:64} INFO - Started process 35007 to run task
[2026-06-16T16:20:47.646+0000] {standard_task_runner.py:90} INFO - Running: ['***', 'tasks', 'run', 'credit_default_ml_pipeline', 'feature_pipeline.feature_silver_lms', 'scheduled__2024-12-01T00:00:00+00:00', '--job-id', '406', '--raw', '--subdir', 'DAGS_FOLDER/dag.py', '--cfg-path', '/tmp/tmp8knoh5hr']
[2026-06-16T16:20:47.648+0000] {standard_task_runner.py:91} INFO - Job 406: Subtask feature_pipeline.feature_silver_lms
[2026-06-16T16:20:47.673+0000] {task_command.py:426} INFO - Running <TaskInstance: credit_default_ml_pipeline.feature_pipeline.feature_silver_lms scheduled__2024-12-01T00:00:00+00:00 [running]> on host 2b9b50b7433d
[2026-06-16T16:20:47.704+0000] {taskinstance.py:2648} INFO - Exporting env vars: AIRFLOW_CTX_DAG_OWNER='***' AIRFLOW_CTX_DAG_ID='credit_default_ml_pipeline' AIRFLOW_CTX_TASK_ID='feature_pipeline.feature_silver_lms' AIRFLOW_CTX_EXECUTION_DATE='2024-12-01T00:00:00+00:00' AIRFLOW_CTX_TRY_NUMBER='2' AIRFLOW_CTX_DAG_RUN_ID='scheduled__2024-12-01T00:00:00+00:00'
[2026-06-16T16:20:47.705+0000] {taskinstance.py:430} INFO - ::endgroup::
[2026-06-16T16:20:47.726+0000] {subprocess.py:63} INFO - Tmp dir root location: /tmp
[2026-06-16T16:20:47.726+0000] {subprocess.py:75} INFO - Running command: ['/usr/bin/bash', '-c', 'cd /opt/***/scripts && python3 silver_processing.py --snapshotdate "2024-12-01" --source lms']
[2026-06-16T16:20:47.730+0000] {subprocess.py:86} INFO - Output:
[2026-06-16T16:20:48.582+0000] {subprocess.py:93} INFO - Setting default log level to "WARN".
[2026-06-16T16:20:48.583+0000] {subprocess.py:93} INFO - To adjust logging level use sc.setLogLevel(newLevel). For SparkR, use setLogLevel(newLevel).
[2026-06-16T16:20:48.668+0000] {subprocess.py:93} INFO - 26/06/16 16:20:48 WARN NativeCodeLoader: Unable to load native-hadoop library for your platform... using builtin-java classes where applicable
[2026-06-16T16:20:51.550+0000] {subprocess.py:93} INFO - 
[2026-06-16T16:20:51.551+0000] {subprocess.py:93} INFO - --- silver lms 2024-12-01 ---
[2026-06-16T16:20:51.552+0000] {subprocess.py:93} INFO - 
[2026-06-16T16:20:51.552+0000] {subprocess.py:93} INFO - [silver:lms] loaded datamart/bronze/lms/bronze_lms_2024_12_01.csv rows: 5531
[2026-06-16T16:20:51.552+0000] {subprocess.py:93} INFO - [silver:lms] saved to: datamart/silver/lms/2024_12_01.parquet
[2026-06-16T16:20:51.553+0000] {subprocess.py:93} INFO - 
[2026-06-16T16:20:51.553+0000] {subprocess.py:93} INFO - --- done ---
[2026-06-16T16:20:51.553+0000] {subprocess.py:93} INFO - 
[2026-06-16T16:20:52.038+0000] {subprocess.py:97} INFO - Command exited with return code 0
[2026-06-16T16:20:52.039+0000] {taskinstance.py:441} INFO - ::group::Post task execution logs
[2026-06-16T16:20:52.050+0000] {taskinstance.py:1206} INFO - Marking task as SUCCESS. dag_id=credit_default_ml_pipeline, task_id=feature_pipeline.feature_silver_lms, run_id=scheduled__2024-12-01T00:00:00+00:00, execution_date=20241201T000000, start_date=20260616T162047, end_date=20260616T162052
[2026-06-16T16:20:52.080+0000] {local_task_job_runner.py:243} INFO - Task exited with return code 0
[2026-06-16T16:20:52.096+0000] {taskinstance.py:3503} INFO - 1 downstream tasks scheduled from follow-on schedule check
[2026-06-16T16:20:52.097+0000] {local_task_job_runner.py:222} INFO - ::endgroup::
[2026-06-20T08:22:45.382+0000] {local_task_job_runner.py:120} INFO - ::group::Pre task execution logs
[2026-06-20T08:22:45.395+0000] {taskinstance.py:2076} INFO - Dependencies all met for dep_context=non-requeueable deps ti=<TaskInstance: credit_default_ml_pipeline.feature_pipeline.feature_silver_lms scheduled__2024-12-01T00:00:00+00:00 [queued]>
[2026-06-20T08:22:45.398+0000] {taskinstance.py:2076} INFO - Dependencies all met for dep_context=requeueable deps ti=<TaskInstance: credit_default_ml_pipeline.feature_pipeline.feature_silver_lms scheduled__2024-12-01T00:00:00+00:00 [queued]>
[2026-06-20T08:22:45.398+0000] {taskinstance.py:2306} INFO - Starting attempt 2 of 2
[2026-06-20T08:22:45.403+0000] {taskinstance.py:2330} INFO - Executing <Task(BashOperator): feature_pipeline.feature_silver_lms> on 2024-12-01 00:00:00+00:00
[2026-06-20T08:22:45.406+0000] {logging_mixin.py:188} WARNING - /home/***/.local/lib/python3.12/site-packages/***/task/task_runner/standard_task_runner.py:62 DeprecationWarning: This process (pid=74913) is multi-threaded, use of fork() may lead to deadlocks in the child.
[2026-06-20T08:22:45.407+0000] {standard_task_runner.py:64} INFO - Started process 74915 to run task
[2026-06-20T08:22:45.407+0000] {standard_task_runner.py:90} INFO - Running: ['***', 'tasks', 'run', 'credit_default_ml_pipeline', 'feature_pipeline.feature_silver_lms', 'scheduled__2024-12-01T00:00:00+00:00', '--job-id', '2392', '--raw', '--subdir', 'DAGS_FOLDER/dag.py', '--cfg-path', '/tmp/tmp0o9fvj75']
[2026-06-20T08:22:45.408+0000] {standard_task_runner.py:91} INFO - Job 2392: Subtask feature_pipeline.feature_silver_lms
[2026-06-20T08:22:45.524+0000] {task_command.py:426} INFO - Running <TaskInstance: credit_default_ml_pipeline.feature_pipeline.feature_silver_lms scheduled__2024-12-01T00:00:00+00:00 [running]> on host 9cf341f51c89
[2026-06-20T08:22:45.551+0000] {taskinstance.py:2648} INFO - Exporting env vars: AIRFLOW_CTX_DAG_OWNER='***' AIRFLOW_CTX_DAG_ID='credit_default_ml_pipeline' AIRFLOW_CTX_TASK_ID='feature_pipeline.feature_silver_lms' AIRFLOW_CTX_EXECUTION_DATE='2024-12-01T00:00:00+00:00' AIRFLOW_CTX_TRY_NUMBER='2' AIRFLOW_CTX_DAG_RUN_ID='scheduled__2024-12-01T00:00:00+00:00'
[2026-06-20T08:22:45.553+0000] {taskinstance.py:430} INFO - ::endgroup::
[2026-06-20T08:22:45.559+0000] {subprocess.py:63} INFO - Tmp dir root location: /tmp
[2026-06-20T08:22:45.560+0000] {subprocess.py:75} INFO - Running command: ['/usr/bin/bash', '-c', 'cd /opt/***/scripts && python3 silver_processing.py --snapshotdate "2024-12-01" --source lms']
[2026-06-20T08:22:45.564+0000] {subprocess.py:86} INFO - Output:
[2026-06-20T08:22:46.497+0000] {subprocess.py:93} INFO - Setting default log level to "WARN".
[2026-06-20T08:22:46.498+0000] {subprocess.py:93} INFO - To adjust logging level use sc.setLogLevel(newLevel). For SparkR, use setLogLevel(newLevel).
[2026-06-20T08:22:46.621+0000] {subprocess.py:93} INFO - 26/06/20 08:22:46 WARN NativeCodeLoader: Unable to load native-hadoop library for your platform... using builtin-java classes where applicable
[2026-06-20T08:22:51.055+0000] {subprocess.py:93} INFO - [Stage 5:>                                                          (0 + 1) / 1]
[2026-06-20T08:22:51.057+0000] {subprocess.py:93} INFO - --- silver lms 2024-12-01 ---
[2026-06-20T08:22:51.058+0000] {subprocess.py:93} INFO - 
[2026-06-20T08:22:51.059+0000] {subprocess.py:93} INFO - [silver:lms] loaded datamart/bronze/lms/bronze_lms_2024_12_01.csv rows: 5531
[2026-06-20T08:22:51.060+0000] {subprocess.py:93} INFO - [silver:lms] cleared stale partition: datamart/silver/lms/2024_12_01.parquet
[2026-06-20T08:22:51.061+0000] {subprocess.py:93} INFO - [silver:lms] saved to: datamart/silver/lms/2024_12_01.parquet
[2026-06-20T08:22:51.062+0000] {subprocess.py:93} INFO - 
[2026-06-20T08:22:51.063+0000] {subprocess.py:93} INFO - --- done ---
[2026-06-20T08:22:51.064+0000] {subprocess.py:93} INFO - 
[2026-06-20T08:22:51.521+0000] {subprocess.py:97} INFO - Command exited with return code 0
[2026-06-20T08:22:51.522+0000] {taskinstance.py:441} INFO - ::group::Post task execution logs
[2026-06-20T08:22:51.541+0000] {taskinstance.py:1206} INFO - Marking task as SUCCESS. dag_id=credit_default_ml_pipeline, task_id=feature_pipeline.feature_silver_lms, run_id=scheduled__2024-12-01T00:00:00+00:00, execution_date=20241201T000000, start_date=20260620T082245, end_date=20260620T082251
[2026-06-20T08:22:51.566+0000] {local_task_job_runner.py:243} INFO - Task exited with return code 0
[2026-06-20T08:22:51.588+0000] {taskinstance.py:3503} INFO - 1 downstream tasks scheduled from follow-on schedule check
[2026-06-20T08:22:51.590+0000] {local_task_job_runner.py:222} INFO - ::endgroup::
[2026-06-20T18:15:53.898+0000] {local_task_job_runner.py:120} INFO - ::group::Pre task execution logs
[2026-06-20T18:15:53.911+0000] {taskinstance.py:2076} INFO - Dependencies all met for dep_context=non-requeueable deps ti=<TaskInstance: credit_default_ml_pipeline.feature_pipeline.feature_silver_lms scheduled__2024-12-01T00:00:00+00:00 [queued]>
[2026-06-20T18:15:53.915+0000] {taskinstance.py:2076} INFO - Dependencies all met for dep_context=requeueable deps ti=<TaskInstance: credit_default_ml_pipeline.feature_pipeline.feature_silver_lms scheduled__2024-12-01T00:00:00+00:00 [queued]>
[2026-06-20T18:15:53.916+0000] {taskinstance.py:2306} INFO - Starting attempt 2 of 2
[2026-06-20T18:15:53.923+0000] {taskinstance.py:2330} INFO - Executing <Task(BashOperator): feature_pipeline.feature_silver_lms> on 2024-12-01 00:00:00+00:00
[2026-06-20T18:15:53.927+0000] {logging_mixin.py:188} WARNING - /home/***/.local/lib/python3.12/site-packages/***/task/task_runner/standard_task_runner.py:62 DeprecationWarning: This process (pid=78681) is multi-threaded, use of fork() may lead to deadlocks in the child.
[2026-06-20T18:15:53.928+0000] {standard_task_runner.py:64} INFO - Started process 78683 to run task
[2026-06-20T18:15:53.927+0000] {standard_task_runner.py:90} INFO - Running: ['***', 'tasks', 'run', 'credit_default_ml_pipeline', 'feature_pipeline.feature_silver_lms', 'scheduled__2024-12-01T00:00:00+00:00', '--job-id', '3434', '--raw', '--subdir', 'DAGS_FOLDER/dag.py', '--cfg-path', '/tmp/tmpr9su3spt']
[2026-06-20T18:15:53.928+0000] {standard_task_runner.py:91} INFO - Job 3434: Subtask feature_pipeline.feature_silver_lms
[2026-06-20T18:15:54.030+0000] {task_command.py:426} INFO - Running <TaskInstance: credit_default_ml_pipeline.feature_pipeline.feature_silver_lms scheduled__2024-12-01T00:00:00+00:00 [running]> on host 9cf341f51c89
[2026-06-20T18:15:54.064+0000] {taskinstance.py:2648} INFO - Exporting env vars: AIRFLOW_CTX_DAG_OWNER='***' AIRFLOW_CTX_DAG_ID='credit_default_ml_pipeline' AIRFLOW_CTX_TASK_ID='feature_pipeline.feature_silver_lms' AIRFLOW_CTX_EXECUTION_DATE='2024-12-01T00:00:00+00:00' AIRFLOW_CTX_TRY_NUMBER='2' AIRFLOW_CTX_DAG_RUN_ID='scheduled__2024-12-01T00:00:00+00:00'
[2026-06-20T18:15:54.066+0000] {taskinstance.py:430} INFO - ::endgroup::
[2026-06-20T18:15:54.070+0000] {subprocess.py:63} INFO - Tmp dir root location: /tmp
[2026-06-20T18:15:54.071+0000] {subprocess.py:75} INFO - Running command: ['/usr/bin/bash', '-c', 'cd /opt/***/scripts && python3 silver_processing.py --snapshotdate "2024-12-01" --source lms']
[2026-06-20T18:15:54.075+0000] {subprocess.py:86} INFO - Output:
[2026-06-20T18:15:55.018+0000] {subprocess.py:93} INFO - Setting default log level to "WARN".
[2026-06-20T18:15:55.019+0000] {subprocess.py:93} INFO - To adjust logging level use sc.setLogLevel(newLevel). For SparkR, use setLogLevel(newLevel).
[2026-06-20T18:15:55.165+0000] {subprocess.py:93} INFO - 26/06/20 18:15:55 WARN NativeCodeLoader: Unable to load native-hadoop library for your platform... using builtin-java classes where applicable
[2026-06-20T18:16:00.744+0000] {subprocess.py:93} INFO - 
[2026-06-20T18:16:00.746+0000] {subprocess.py:93} INFO - --- silver lms 2024-12-01 ---
[2026-06-20T18:16:00.747+0000] {subprocess.py:93} INFO - 
[2026-06-20T18:16:00.747+0000] {subprocess.py:93} INFO - [silver:lms] loaded datamart/bronze/lms/bronze_lms_2024_12_01.csv rows: 5531
[2026-06-20T18:16:00.748+0000] {subprocess.py:93} INFO - [silver:lms] cleared stale partition: datamart/silver/lms/2024_12_01.parquet
[2026-06-20T18:16:00.748+0000] {subprocess.py:93} INFO - [silver:lms] saved to: datamart/silver/lms/2024_12_01.parquet
[2026-06-20T18:16:00.749+0000] {subprocess.py:93} INFO - 
[2026-06-20T18:16:00.749+0000] {subprocess.py:93} INFO - --- done ---
[2026-06-20T18:16:00.750+0000] {subprocess.py:93} INFO - 
[2026-06-20T18:16:01.231+0000] {subprocess.py:97} INFO - Command exited with return code 0
[2026-06-20T18:16:01.233+0000] {taskinstance.py:441} INFO - ::group::Post task execution logs
[2026-06-20T18:16:01.249+0000] {taskinstance.py:1206} INFO - Marking task as SUCCESS. dag_id=credit_default_ml_pipeline, task_id=feature_pipeline.feature_silver_lms, run_id=scheduled__2024-12-01T00:00:00+00:00, execution_date=20241201T000000, start_date=20260620T181553, end_date=20260620T181601
[2026-06-20T18:16:01.281+0000] {local_task_job_runner.py:243} INFO - Task exited with return code 0
[2026-06-20T18:16:01.297+0000] {taskinstance.py:3503} INFO - 1 downstream tasks scheduled from follow-on schedule check
[2026-06-20T18:16:01.299+0000] {local_task_job_runner.py:222} INFO - ::endgroup::
[2026-06-21T03:09:18.195+0000] {local_task_job_runner.py:120} INFO - ::group::Pre task execution logs
[2026-06-21T03:09:18.209+0000] {taskinstance.py:2076} INFO - Dependencies all met for dep_context=non-requeueable deps ti=<TaskInstance: credit_default_ml_pipeline.feature_pipeline.feature_silver_lms scheduled__2024-12-01T00:00:00+00:00 [queued]>
[2026-06-21T03:09:18.212+0000] {taskinstance.py:2076} INFO - Dependencies all met for dep_context=requeueable deps ti=<TaskInstance: credit_default_ml_pipeline.feature_pipeline.feature_silver_lms scheduled__2024-12-01T00:00:00+00:00 [queued]>
[2026-06-21T03:09:18.213+0000] {taskinstance.py:2306} INFO - Starting attempt 2 of 2
[2026-06-21T03:09:18.218+0000] {taskinstance.py:2330} INFO - Executing <Task(BashOperator): feature_pipeline.feature_silver_lms> on 2024-12-01 00:00:00+00:00
[2026-06-21T03:09:18.221+0000] {logging_mixin.py:188} WARNING - /home/***/.local/lib/python3.12/site-packages/***/task/task_runner/standard_task_runner.py:62 DeprecationWarning: This process (pid=76883) is multi-threaded, use of fork() may lead to deadlocks in the child.
[2026-06-21T03:09:18.222+0000] {standard_task_runner.py:90} INFO - Running: ['***', 'tasks', 'run', 'credit_default_ml_pipeline', 'feature_pipeline.feature_silver_lms', 'scheduled__2024-12-01T00:00:00+00:00', '--job-id', '3898', '--raw', '--subdir', 'DAGS_FOLDER/dag.py', '--cfg-path', '/tmp/tmprnhm2tsy']
[2026-06-21T03:09:18.223+0000] {standard_task_runner.py:64} INFO - Started process 76885 to run task
[2026-06-21T03:09:18.223+0000] {standard_task_runner.py:91} INFO - Job 3898: Subtask feature_pipeline.feature_silver_lms
[2026-06-21T03:09:18.242+0000] {task_command.py:426} INFO - Running <TaskInstance: credit_default_ml_pipeline.feature_pipeline.feature_silver_lms scheduled__2024-12-01T00:00:00+00:00 [running]> on host f6e9e2801916
[2026-06-21T03:09:18.345+0000] {taskinstance.py:2648} INFO - Exporting env vars: AIRFLOW_CTX_DAG_OWNER='***' AIRFLOW_CTX_DAG_ID='credit_default_ml_pipeline' AIRFLOW_CTX_TASK_ID='feature_pipeline.feature_silver_lms' AIRFLOW_CTX_EXECUTION_DATE='2024-12-01T00:00:00+00:00' AIRFLOW_CTX_TRY_NUMBER='2' AIRFLOW_CTX_DAG_RUN_ID='scheduled__2024-12-01T00:00:00+00:00'
[2026-06-21T03:09:18.346+0000] {taskinstance.py:430} INFO - ::endgroup::
[2026-06-21T03:09:18.350+0000] {subprocess.py:63} INFO - Tmp dir root location: /tmp
[2026-06-21T03:09:18.351+0000] {subprocess.py:75} INFO - Running command: ['/usr/bin/bash', '-c', 'cd /opt/***/scripts && python3 silver_processing.py --snapshotdate "2024-12-01" --source lms']
[2026-06-21T03:09:18.355+0000] {subprocess.py:86} INFO - Output:
[2026-06-21T03:09:19.223+0000] {subprocess.py:93} INFO - Setting default log level to "WARN".
[2026-06-21T03:09:19.224+0000] {subprocess.py:93} INFO - To adjust logging level use sc.setLogLevel(newLevel). For SparkR, use setLogLevel(newLevel).
[2026-06-21T03:09:19.295+0000] {subprocess.py:93} INFO - 26/06/21 03:09:19 WARN NativeCodeLoader: Unable to load native-hadoop library for your platform... using builtin-java classes where applicable
[2026-06-21T03:09:22.199+0000] {subprocess.py:93} INFO - 
[2026-06-21T03:09:22.199+0000] {subprocess.py:93} INFO - --- silver lms 2024-12-01 ---
[2026-06-21T03:09:22.200+0000] {subprocess.py:93} INFO - 
[2026-06-21T03:09:22.200+0000] {subprocess.py:93} INFO - [silver:lms] loaded datamart/bronze/lms/bronze_lms_2024_12_01.csv rows: 5531
[2026-06-21T03:09:22.200+0000] {subprocess.py:93} INFO - [silver:lms] cleared stale partition: datamart/silver/lms/2024_12_01.parquet
[2026-06-21T03:09:22.201+0000] {subprocess.py:93} INFO - [silver:lms] saved to: datamart/silver/lms/2024_12_01.parquet
[2026-06-21T03:09:22.201+0000] {subprocess.py:93} INFO - 
[2026-06-21T03:09:22.201+0000] {subprocess.py:93} INFO - --- done ---
[2026-06-21T03:09:22.201+0000] {subprocess.py:93} INFO - 
[2026-06-21T03:09:22.635+0000] {subprocess.py:97} INFO - Command exited with return code 0
[2026-06-21T03:09:22.637+0000] {taskinstance.py:441} INFO - ::group::Post task execution logs
[2026-06-21T03:09:22.655+0000] {taskinstance.py:1206} INFO - Marking task as SUCCESS. dag_id=credit_default_ml_pipeline, task_id=feature_pipeline.feature_silver_lms, run_id=scheduled__2024-12-01T00:00:00+00:00, execution_date=20241201T000000, start_date=20260621T030918, end_date=20260621T030922
[2026-06-21T03:09:22.690+0000] {local_task_job_runner.py:243} INFO - Task exited with return code 0
[2026-06-21T03:09:22.709+0000] {taskinstance.py:3503} INFO - 1 downstream tasks scheduled from follow-on schedule check
[2026-06-21T03:09:22.710+0000] {local_task_job_runner.py:222} INFO - ::endgroup::
