[2026-06-20T06:02:36.782+0000] {local_task_job_runner.py:120} INFO - ::group::Pre task execution logs
[2026-06-20T06:02:36.794+0000] {taskinstance.py:2076} INFO - Dependencies all met for dep_context=non-requeueable deps ti=<TaskInstance: credit_default_ml_pipeline.inference.xgb_inference scheduled__2023-11-01T00:00:00+00:00 [queued]>
[2026-06-20T06:02:36.799+0000] {taskinstance.py:2076} INFO - Dependencies all met for dep_context=requeueable deps ti=<TaskInstance: credit_default_ml_pipeline.inference.xgb_inference scheduled__2023-11-01T00:00:00+00:00 [queued]>
[2026-06-20T06:02:36.799+0000] {taskinstance.py:2306} INFO - Starting attempt 1 of 2
[2026-06-20T06:02:36.873+0000] {taskinstance.py:2330} INFO - Executing <Task(BashOperator): inference.xgb_inference> on 2023-11-01 00:00:00+00:00
[2026-06-20T06:02:36.876+0000] {logging_mixin.py:188} WARNING - /home/***/.local/lib/python3.12/site-packages/***/task/task_runner/standard_task_runner.py:62 DeprecationWarning: This process (pid=45135) is multi-threaded, use of fork() may lead to deadlocks in the child.
[2026-06-20T06:02:36.877+0000] {standard_task_runner.py:90} INFO - Running: ['***', 'tasks', 'run', 'credit_default_ml_pipeline', 'inference.xgb_inference', 'scheduled__2023-11-01T00:00:00+00:00', '--job-id', '1643', '--raw', '--subdir', 'DAGS_FOLDER/dag.py', '--cfg-path', '/tmp/tmpxd6afux0']
[2026-06-20T06:02:36.878+0000] {standard_task_runner.py:64} INFO - Started process 45139 to run task
[2026-06-20T06:02:36.878+0000] {standard_task_runner.py:91} INFO - Job 1643: Subtask inference.xgb_inference
[2026-06-20T06:02:36.897+0000] {task_command.py:426} INFO - Running <TaskInstance: credit_default_ml_pipeline.inference.xgb_inference scheduled__2023-11-01T00:00:00+00:00 [running]> on host 9cf341f51c89
[2026-06-20T06:02:36.927+0000] {taskinstance.py:2648} INFO - Exporting env vars: AIRFLOW_CTX_DAG_OWNER='***' AIRFLOW_CTX_DAG_ID='credit_default_ml_pipeline' AIRFLOW_CTX_TASK_ID='inference.xgb_inference' AIRFLOW_CTX_EXECUTION_DATE='2023-11-01T00:00:00+00:00' AIRFLOW_CTX_TRY_NUMBER='1' AIRFLOW_CTX_DAG_RUN_ID='scheduled__2023-11-01T00:00:00+00:00'
[2026-06-20T06:02:36.928+0000] {taskinstance.py:430} INFO - ::endgroup::
[2026-06-20T06:02:36.933+0000] {subprocess.py:63} INFO - Tmp dir root location: /tmp
[2026-06-20T06:02:36.933+0000] {subprocess.py:75} INFO - Running command: ['/usr/bin/bash', '-c', 'cd /opt/***/scripts && if [ ! -f model_bank/champion.txt ]; then echo \'[SKIP] no champion.txt for 2023-11-01\'; exit 0; fi && CHAMP=$(cat model_bank/champion.txt | tr -d \'\\n\') && python3 model_inference.py --snapshotdate "2023-11-01" --modelname "$CHAMP"']
[2026-06-20T06:02:36.938+0000] {subprocess.py:86} INFO - Output:
[2026-06-20T06:02:36.940+0000] {subprocess.py:93} INFO - [SKIP] no champion.txt for 2023-11-01
[2026-06-20T06:02:36.940+0000] {subprocess.py:97} INFO - Command exited with return code 0
[2026-06-20T06:02:36.941+0000] {taskinstance.py:441} INFO - ::group::Post task execution logs
[2026-06-20T06:02:36.950+0000] {taskinstance.py:1206} INFO - Marking task as SUCCESS. dag_id=credit_default_ml_pipeline, task_id=inference.xgb_inference, run_id=scheduled__2023-11-01T00:00:00+00:00, execution_date=20231101T000000, start_date=20260620T060236, end_date=20260620T060236
[2026-06-20T06:02:36.976+0000] {local_task_job_runner.py:243} INFO - Task exited with return code 0
[2026-06-20T06:02:36.986+0000] {taskinstance.py:3503} INFO - 0 downstream tasks scheduled from follow-on schedule check
[2026-06-20T06:02:36.987+0000] {local_task_job_runner.py:222} INFO - ::endgroup::
[2026-06-20T07:42:04.271+0000] {local_task_job_runner.py:120} INFO - ::group::Pre task execution logs
[2026-06-20T07:42:04.289+0000] {taskinstance.py:2076} INFO - Dependencies all met for dep_context=non-requeueable deps ti=<TaskInstance: credit_default_ml_pipeline.inference.xgb_inference scheduled__2023-11-01T00:00:00+00:00 [queued]>
[2026-06-20T07:42:04.296+0000] {taskinstance.py:2076} INFO - Dependencies all met for dep_context=requeueable deps ti=<TaskInstance: credit_default_ml_pipeline.inference.xgb_inference scheduled__2023-11-01T00:00:00+00:00 [queued]>
[2026-06-20T07:42:04.297+0000] {taskinstance.py:2306} INFO - Starting attempt 1 of 2
[2026-06-20T07:42:04.397+0000] {taskinstance.py:2330} INFO - Executing <Task(BashOperator): inference.xgb_inference> on 2023-11-01 00:00:00+00:00
[2026-06-20T07:42:04.403+0000] {logging_mixin.py:188} WARNING - /home/***/.local/lib/python3.12/site-packages/***/task/task_runner/standard_task_runner.py:62 DeprecationWarning: This process (pid=30202) is multi-threaded, use of fork() may lead to deadlocks in the child.
[2026-06-20T07:42:04.405+0000] {standard_task_runner.py:64} INFO - Started process 30205 to run task
[2026-06-20T07:42:04.403+0000] {standard_task_runner.py:90} INFO - Running: ['***', 'tasks', 'run', 'credit_default_ml_pipeline', 'inference.xgb_inference', 'scheduled__2023-11-01T00:00:00+00:00', '--job-id', '2137', '--raw', '--subdir', 'DAGS_FOLDER/dag.py', '--cfg-path', '/tmp/tmp7r1_02wo']
[2026-06-20T07:42:04.406+0000] {standard_task_runner.py:91} INFO - Job 2137: Subtask inference.xgb_inference
[2026-06-20T07:42:04.433+0000] {task_command.py:426} INFO - Running <TaskInstance: credit_default_ml_pipeline.inference.xgb_inference scheduled__2023-11-01T00:00:00+00:00 [running]> on host 9cf341f51c89
[2026-06-20T07:42:04.478+0000] {taskinstance.py:2648} INFO - Exporting env vars: AIRFLOW_CTX_DAG_OWNER='***' AIRFLOW_CTX_DAG_ID='credit_default_ml_pipeline' AIRFLOW_CTX_TASK_ID='inference.xgb_inference' AIRFLOW_CTX_EXECUTION_DATE='2023-11-01T00:00:00+00:00' AIRFLOW_CTX_TRY_NUMBER='1' AIRFLOW_CTX_DAG_RUN_ID='scheduled__2023-11-01T00:00:00+00:00'
[2026-06-20T07:42:04.480+0000] {taskinstance.py:430} INFO - ::endgroup::
[2026-06-20T07:42:04.488+0000] {subprocess.py:63} INFO - Tmp dir root location: /tmp
[2026-06-20T07:42:04.489+0000] {subprocess.py:75} INFO - Running command: ['/usr/bin/bash', '-c', 'cd /opt/***/scripts && if [ ! -f model_bank/champion.txt ]; then echo \'[SKIP] no champion.txt for 2023-11-01\'; exit 0; fi && CHAMP=$(cat model_bank/champion.txt | tr -d \'\\n\') && python3 model_inference.py --snapshotdate "2023-11-01" --modelname "$CHAMP"']
[2026-06-20T07:42:04.495+0000] {subprocess.py:86} INFO - Output:
[2026-06-20T07:42:04.497+0000] {subprocess.py:93} INFO - [SKIP] no champion.txt for 2023-11-01
[2026-06-20T07:42:04.498+0000] {subprocess.py:97} INFO - Command exited with return code 0
[2026-06-20T07:42:04.499+0000] {taskinstance.py:441} INFO - ::group::Post task execution logs
[2026-06-20T07:42:04.513+0000] {taskinstance.py:1206} INFO - Marking task as SUCCESS. dag_id=credit_default_ml_pipeline, task_id=inference.xgb_inference, run_id=scheduled__2023-11-01T00:00:00+00:00, execution_date=20231101T000000, start_date=20260620T074204, end_date=20260620T074204
[2026-06-20T07:42:04.545+0000] {local_task_job_runner.py:243} INFO - Task exited with return code 0
[2026-06-20T07:42:04.555+0000] {local_task_job_runner.py:222} INFO - ::endgroup::
[2026-06-20T15:40:28.773+0000] {local_task_job_runner.py:120} INFO - ::group::Pre task execution logs
[2026-06-20T15:40:28.784+0000] {taskinstance.py:2076} INFO - Dependencies all met for dep_context=non-requeueable deps ti=<TaskInstance: credit_default_ml_pipeline.inference.xgb_inference scheduled__2023-11-01T00:00:00+00:00 [queued]>
[2026-06-20T15:40:28.791+0000] {taskinstance.py:2076} INFO - Dependencies all met for dep_context=requeueable deps ti=<TaskInstance: credit_default_ml_pipeline.inference.xgb_inference scheduled__2023-11-01T00:00:00+00:00 [queued]>
[2026-06-20T15:40:28.792+0000] {taskinstance.py:2306} INFO - Starting attempt 1 of 2
[2026-06-20T15:40:28.867+0000] {taskinstance.py:2330} INFO - Executing <Task(BashOperator): inference.xgb_inference> on 2023-11-01 00:00:00+00:00
[2026-06-20T15:40:28.873+0000] {logging_mixin.py:188} WARNING - /home/***/.local/lib/python3.12/site-packages/***/task/task_runner/standard_task_runner.py:62 DeprecationWarning: This process (pid=16695) is multi-threaded, use of fork() may lead to deadlocks in the child.
[2026-06-20T15:40:28.873+0000] {standard_task_runner.py:90} INFO - Running: ['***', 'tasks', 'run', 'credit_default_ml_pipeline', 'inference.xgb_inference', 'scheduled__2023-11-01T00:00:00+00:00', '--job-id', '2607', '--raw', '--subdir', 'DAGS_FOLDER/dag.py', '--cfg-path', '/tmp/tmpziqwkua9']
[2026-06-20T15:40:28.874+0000] {standard_task_runner.py:64} INFO - Started process 16700 to run task
[2026-06-20T15:40:28.874+0000] {standard_task_runner.py:91} INFO - Job 2607: Subtask inference.xgb_inference
[2026-06-20T15:40:28.893+0000] {task_command.py:426} INFO - Running <TaskInstance: credit_default_ml_pipeline.inference.xgb_inference scheduled__2023-11-01T00:00:00+00:00 [running]> on host 9cf341f51c89
[2026-06-20T15:40:28.922+0000] {taskinstance.py:2648} INFO - Exporting env vars: AIRFLOW_CTX_DAG_OWNER='***' AIRFLOW_CTX_DAG_ID='credit_default_ml_pipeline' AIRFLOW_CTX_TASK_ID='inference.xgb_inference' AIRFLOW_CTX_EXECUTION_DATE='2023-11-01T00:00:00+00:00' AIRFLOW_CTX_TRY_NUMBER='1' AIRFLOW_CTX_DAG_RUN_ID='scheduled__2023-11-01T00:00:00+00:00'
[2026-06-20T15:40:28.923+0000] {taskinstance.py:430} INFO - ::endgroup::
[2026-06-20T15:40:28.927+0000] {subprocess.py:63} INFO - Tmp dir root location: /tmp
[2026-06-20T15:40:28.928+0000] {subprocess.py:75} INFO - Running command: ['/usr/bin/bash', '-c', 'cd /opt/***/scripts && if [ ! -f model_bank/champion.txt ]; then echo \'[SKIP] no champion.txt for 2023-11-01\'; exit 0; fi && CHAMP=$(cat model_bank/champion.txt | tr -d \'\\n\') && python3 model_inference.py --snapshotdate "2023-11-01" --modelname "$CHAMP"']
[2026-06-20T15:40:28.932+0000] {subprocess.py:86} INFO - Output:
[2026-06-20T15:40:28.933+0000] {subprocess.py:93} INFO - [SKIP] no champion.txt for 2023-11-01
[2026-06-20T15:40:28.934+0000] {subprocess.py:97} INFO - Command exited with return code 0
[2026-06-20T15:40:28.934+0000] {taskinstance.py:441} INFO - ::group::Post task execution logs
[2026-06-20T15:40:28.944+0000] {taskinstance.py:1206} INFO - Marking task as SUCCESS. dag_id=credit_default_ml_pipeline, task_id=inference.xgb_inference, run_id=scheduled__2023-11-01T00:00:00+00:00, execution_date=20231101T000000, start_date=20260620T154028, end_date=20260620T154028
[2026-06-20T15:40:28.975+0000] {local_task_job_runner.py:243} INFO - Task exited with return code 0
[2026-06-20T15:40:28.986+0000] {taskinstance.py:3503} INFO - 0 downstream tasks scheduled from follow-on schedule check
[2026-06-20T15:40:28.987+0000] {local_task_job_runner.py:222} INFO - ::endgroup::
[2026-06-20T17:34:43.750+0000] {local_task_job_runner.py:120} INFO - ::group::Pre task execution logs
[2026-06-20T17:34:43.765+0000] {taskinstance.py:2076} INFO - Dependencies all met for dep_context=non-requeueable deps ti=<TaskInstance: credit_default_ml_pipeline.inference.xgb_inference scheduled__2023-11-01T00:00:00+00:00 [queued]>
[2026-06-20T17:34:43.771+0000] {taskinstance.py:2076} INFO - Dependencies all met for dep_context=requeueable deps ti=<TaskInstance: credit_default_ml_pipeline.inference.xgb_inference scheduled__2023-11-01T00:00:00+00:00 [queued]>
[2026-06-20T17:34:43.771+0000] {taskinstance.py:2306} INFO - Starting attempt 1 of 2
[2026-06-20T17:34:43.861+0000] {taskinstance.py:2330} INFO - Executing <Task(BashOperator): inference.xgb_inference> on 2023-11-01 00:00:00+00:00
[2026-06-20T17:34:43.865+0000] {logging_mixin.py:188} WARNING - /home/***/.local/lib/python3.12/site-packages/***/task/task_runner/standard_task_runner.py:62 DeprecationWarning: This process (pid=35008) is multi-threaded, use of fork() may lead to deadlocks in the child.
[2026-06-20T17:34:43.866+0000] {standard_task_runner.py:90} INFO - Running: ['***', 'tasks', 'run', 'credit_default_ml_pipeline', 'inference.xgb_inference', 'scheduled__2023-11-01T00:00:00+00:00', '--job-id', '3186', '--raw', '--subdir', 'DAGS_FOLDER/dag.py', '--cfg-path', '/tmp/tmpocr0_mc_']
[2026-06-20T17:34:43.867+0000] {standard_task_runner.py:91} INFO - Job 3186: Subtask inference.xgb_inference
[2026-06-20T17:34:43.867+0000] {standard_task_runner.py:64} INFO - Started process 35011 to run task
[2026-06-20T17:34:43.889+0000] {task_command.py:426} INFO - Running <TaskInstance: credit_default_ml_pipeline.inference.xgb_inference scheduled__2023-11-01T00:00:00+00:00 [running]> on host 9cf341f51c89
[2026-06-20T17:34:43.925+0000] {taskinstance.py:2648} INFO - Exporting env vars: AIRFLOW_CTX_DAG_OWNER='***' AIRFLOW_CTX_DAG_ID='credit_default_ml_pipeline' AIRFLOW_CTX_TASK_ID='inference.xgb_inference' AIRFLOW_CTX_EXECUTION_DATE='2023-11-01T00:00:00+00:00' AIRFLOW_CTX_TRY_NUMBER='1' AIRFLOW_CTX_DAG_RUN_ID='scheduled__2023-11-01T00:00:00+00:00'
[2026-06-20T17:34:43.926+0000] {taskinstance.py:430} INFO - ::endgroup::
[2026-06-20T17:34:43.932+0000] {subprocess.py:63} INFO - Tmp dir root location: /tmp
[2026-06-20T17:34:43.933+0000] {subprocess.py:75} INFO - Running command: ['/usr/bin/bash', '-c', 'cd /opt/***/scripts && if [ ! -f model_bank/champion.txt ]; then echo \'[SKIP] no champion.txt for 2023-11-01\'; exit 0; fi && CHAMP=$(cat model_bank/champion.txt | tr -d \'\\n\') && python3 model_inference.py --snapshotdate "2023-11-01" --modelname "$CHAMP"']
[2026-06-20T17:34:43.940+0000] {subprocess.py:86} INFO - Output:
[2026-06-20T17:34:43.942+0000] {subprocess.py:93} INFO - [SKIP] no champion.txt for 2023-11-01
[2026-06-20T17:34:43.942+0000] {subprocess.py:97} INFO - Command exited with return code 0
[2026-06-20T17:34:43.943+0000] {taskinstance.py:441} INFO - ::group::Post task execution logs
[2026-06-20T17:34:43.955+0000] {taskinstance.py:1206} INFO - Marking task as SUCCESS. dag_id=credit_default_ml_pipeline, task_id=inference.xgb_inference, run_id=scheduled__2023-11-01T00:00:00+00:00, execution_date=20231101T000000, start_date=20260620T173443, end_date=20260620T173443
[2026-06-20T17:34:43.966+0000] {local_task_job_runner.py:243} INFO - Task exited with return code 0
[2026-06-20T17:34:43.980+0000] {taskinstance.py:3503} INFO - 0 downstream tasks scheduled from follow-on schedule check
[2026-06-20T17:34:43.981+0000] {local_task_job_runner.py:222} INFO - ::endgroup::
[2026-06-21T02:31:01.857+0000] {local_task_job_runner.py:120} INFO - ::group::Pre task execution logs
[2026-06-21T02:31:01.875+0000] {taskinstance.py:2076} INFO - Dependencies all met for dep_context=non-requeueable deps ti=<TaskInstance: credit_default_ml_pipeline.inference.xgb_inference scheduled__2023-11-01T00:00:00+00:00 [queued]>
[2026-06-21T02:31:01.880+0000] {taskinstance.py:2076} INFO - Dependencies all met for dep_context=requeueable deps ti=<TaskInstance: credit_default_ml_pipeline.inference.xgb_inference scheduled__2023-11-01T00:00:00+00:00 [queued]>
[2026-06-21T02:31:01.882+0000] {taskinstance.py:2306} INFO - Starting attempt 1 of 2
[2026-06-21T02:31:01.892+0000] {taskinstance.py:2330} INFO - Executing <Task(BashOperator): inference.xgb_inference> on 2023-11-01 00:00:00+00:00
[2026-06-21T02:31:01.896+0000] {logging_mixin.py:188} WARNING - /home/***/.local/lib/python3.12/site-packages/***/task/task_runner/standard_task_runner.py:62 DeprecationWarning: This process (pid=34879) is multi-threaded, use of fork() may lead to deadlocks in the child.
[2026-06-21T02:31:01.897+0000] {standard_task_runner.py:90} INFO - Running: ['***', 'tasks', 'run', 'credit_default_ml_pipeline', 'inference.xgb_inference', 'scheduled__2023-11-01T00:00:00+00:00', '--job-id', '3650', '--raw', '--subdir', 'DAGS_FOLDER/dag.py', '--cfg-path', '/tmp/tmp0wntio4x']
[2026-06-21T02:31:01.899+0000] {standard_task_runner.py:64} INFO - Started process 34883 to run task
[2026-06-21T02:31:01.899+0000] {standard_task_runner.py:91} INFO - Job 3650: Subtask inference.xgb_inference
[2026-06-21T02:31:01.918+0000] {task_command.py:426} INFO - Running <TaskInstance: credit_default_ml_pipeline.inference.xgb_inference scheduled__2023-11-01T00:00:00+00:00 [running]> on host f6e9e2801916
[2026-06-21T02:31:02.029+0000] {taskinstance.py:2648} INFO - Exporting env vars: AIRFLOW_CTX_DAG_OWNER='***' AIRFLOW_CTX_DAG_ID='credit_default_ml_pipeline' AIRFLOW_CTX_TASK_ID='inference.xgb_inference' AIRFLOW_CTX_EXECUTION_DATE='2023-11-01T00:00:00+00:00' AIRFLOW_CTX_TRY_NUMBER='1' AIRFLOW_CTX_DAG_RUN_ID='scheduled__2023-11-01T00:00:00+00:00'
[2026-06-21T02:31:02.030+0000] {taskinstance.py:430} INFO - ::endgroup::
[2026-06-21T02:31:02.034+0000] {subprocess.py:63} INFO - Tmp dir root location: /tmp
[2026-06-21T02:31:02.035+0000] {subprocess.py:75} INFO - Running command: ['/usr/bin/bash', '-c', 'cd /opt/***/scripts && if [ ! -f model_bank/champion.txt ]; then   echo \'[SKIP] no champion.txt for 2023-11-01\'; exit 0; fi && CHAMP=$(cat model_bank/champion.txt | tr -d \'\\\\n\') && APP_DATE=$(python3 app_date_helper.py \'2023-11-01\') && python3 model_inference.py --snapshotdate "$APP_DATE" --labeldate "2023-11-01" --modelname "$CHAMP"']
[2026-06-21T02:31:02.039+0000] {subprocess.py:86} INFO - Output:
[2026-06-21T02:31:02.040+0000] {subprocess.py:93} INFO - [SKIP] no champion.txt for 2023-11-01
[2026-06-21T02:31:02.041+0000] {subprocess.py:97} INFO - Command exited with return code 0
[2026-06-21T02:31:02.041+0000] {taskinstance.py:441} INFO - ::group::Post task execution logs
[2026-06-21T02:31:02.050+0000] {taskinstance.py:1206} INFO - Marking task as SUCCESS. dag_id=credit_default_ml_pipeline, task_id=inference.xgb_inference, run_id=scheduled__2023-11-01T00:00:00+00:00, execution_date=20231101T000000, start_date=20260621T023101, end_date=20260621T023102
[2026-06-21T02:31:02.081+0000] {local_task_job_runner.py:243} INFO - Task exited with return code 0
[2026-06-21T02:31:02.086+0000] {local_task_job_runner.py:222} INFO - ::endgroup::
[2026-06-21T05:56:39.469+0000] {local_task_job_runner.py:120} INFO - ::group::Pre task execution logs
[2026-06-21T05:56:39.499+0000] {taskinstance.py:2076} INFO - Dependencies all met for dep_context=non-requeueable deps ti=<TaskInstance: credit_default_ml_pipeline.inference.xgb_inference scheduled__2023-11-01T00:00:00+00:00 [queued]>
[2026-06-21T05:56:39.510+0000] {taskinstance.py:2076} INFO - Dependencies all met for dep_context=requeueable deps ti=<TaskInstance: credit_default_ml_pipeline.inference.xgb_inference scheduled__2023-11-01T00:00:00+00:00 [queued]>
[2026-06-21T05:56:39.510+0000] {taskinstance.py:2306} INFO - Starting attempt 1 of 2
[2026-06-21T05:56:39.650+0000] {taskinstance.py:2330} INFO - Executing <Task(BashOperator): inference.xgb_inference> on 2023-11-01 00:00:00+00:00
[2026-06-21T05:56:39.658+0000] {logging_mixin.py:188} WARNING - /home/***/.local/lib/python3.12/site-packages/***/task/task_runner/standard_task_runner.py:62 DeprecationWarning: This process (pid=35576) is multi-threaded, use of fork() may lead to deadlocks in the child.
[2026-06-21T05:56:39.658+0000] {standard_task_runner.py:90} INFO - Running: ['***', 'tasks', 'run', 'credit_default_ml_pipeline', 'inference.xgb_inference', 'scheduled__2023-11-01T00:00:00+00:00', '--job-id', '4114', '--raw', '--subdir', 'DAGS_FOLDER/dag.py', '--cfg-path', '/tmp/tmpqcvxztbc']
[2026-06-21T05:56:39.660+0000] {standard_task_runner.py:64} INFO - Started process 35580 to run task
[2026-06-21T05:56:39.661+0000] {standard_task_runner.py:91} INFO - Job 4114: Subtask inference.xgb_inference
[2026-06-21T05:56:39.699+0000] {task_command.py:426} INFO - Running <TaskInstance: credit_default_ml_pipeline.inference.xgb_inference scheduled__2023-11-01T00:00:00+00:00 [running]> on host 9377a3f0491f
[2026-06-21T05:56:39.757+0000] {taskinstance.py:2648} INFO - Exporting env vars: AIRFLOW_CTX_DAG_OWNER='***' AIRFLOW_CTX_DAG_ID='credit_default_ml_pipeline' AIRFLOW_CTX_TASK_ID='inference.xgb_inference' AIRFLOW_CTX_EXECUTION_DATE='2023-11-01T00:00:00+00:00' AIRFLOW_CTX_TRY_NUMBER='1' AIRFLOW_CTX_DAG_RUN_ID='scheduled__2023-11-01T00:00:00+00:00'
[2026-06-21T05:56:39.758+0000] {taskinstance.py:430} INFO - ::endgroup::
[2026-06-21T05:56:39.770+0000] {subprocess.py:63} INFO - Tmp dir root location: /tmp
[2026-06-21T05:56:39.771+0000] {subprocess.py:75} INFO - Running command: ['/usr/bin/bash', '-c', 'cd /opt/***/scripts && if [ ! -f model_bank/champion.txt ]; then   echo \'[SKIP] no champion.txt for 2023-11-01\'; exit 0; fi && CHAMP=$(cat model_bank/champion.txt | tr -d \'\\\\n\') && APP_DATE=$(python3 app_date_helper.py \'2023-11-01\') && python3 model_inference.py --snapshotdate "$APP_DATE" --labeldate "2023-11-01" --modelname "$CHAMP"']
[2026-06-21T05:56:39.778+0000] {subprocess.py:86} INFO - Output:
[2026-06-21T05:56:39.781+0000] {subprocess.py:93} INFO - [SKIP] no champion.txt for 2023-11-01
[2026-06-21T05:56:39.782+0000] {subprocess.py:97} INFO - Command exited with return code 0
[2026-06-21T05:56:39.782+0000] {taskinstance.py:441} INFO - ::group::Post task execution logs
[2026-06-21T05:56:39.800+0000] {taskinstance.py:1206} INFO - Marking task as SUCCESS. dag_id=credit_default_ml_pipeline, task_id=inference.xgb_inference, run_id=scheduled__2023-11-01T00:00:00+00:00, execution_date=20231101T000000, start_date=20260621T055639, end_date=20260621T055639
[2026-06-21T05:56:39.846+0000] {local_task_job_runner.py:243} INFO - Task exited with return code 0
[2026-06-21T05:56:39.856+0000] {local_task_job_runner.py:222} INFO - ::endgroup::
[2026-06-25T17:49:02.064+0000] {local_task_job_runner.py:120} INFO - ::group::Pre task execution logs
[2026-06-25T17:49:02.086+0000] {taskinstance.py:2076} INFO - Dependencies all met for dep_context=non-requeueable deps ti=<TaskInstance: credit_default_ml_pipeline.inference.xgb_inference scheduled__2023-11-01T00:00:00+00:00 [queued]>
[2026-06-25T17:49:02.094+0000] {taskinstance.py:2076} INFO - Dependencies all met for dep_context=requeueable deps ti=<TaskInstance: credit_default_ml_pipeline.inference.xgb_inference scheduled__2023-11-01T00:00:00+00:00 [queued]>
[2026-06-25T17:49:02.095+0000] {taskinstance.py:2306} INFO - Starting attempt 1 of 2
[2026-06-25T17:49:02.108+0000] {taskinstance.py:2330} INFO - Executing <Task(BashOperator): inference.xgb_inference> on 2023-11-01 00:00:00+00:00
[2026-06-25T17:49:02.113+0000] {logging_mixin.py:188} WARNING - /home/***/.local/lib/python3.12/site-packages/***/task/task_runner/standard_task_runner.py:62 DeprecationWarning: This process (pid=35316) is multi-threaded, use of fork() may lead to deadlocks in the child.
[2026-06-25T17:49:02.115+0000] {standard_task_runner.py:64} INFO - Started process 35320 to run task
[2026-06-25T17:49:02.114+0000] {standard_task_runner.py:90} INFO - Running: ['***', 'tasks', 'run', 'credit_default_ml_pipeline', 'inference.xgb_inference', 'scheduled__2023-11-01T00:00:00+00:00', '--job-id', '4574', '--raw', '--subdir', 'DAGS_FOLDER/dag.py', '--cfg-path', '/tmp/tmppyj56kkl']
[2026-06-25T17:49:02.116+0000] {standard_task_runner.py:91} INFO - Job 4574: Subtask inference.xgb_inference
[2026-06-25T17:49:02.144+0000] {task_command.py:426} INFO - Running <TaskInstance: credit_default_ml_pipeline.inference.xgb_inference scheduled__2023-11-01T00:00:00+00:00 [running]> on host b54b2be331ab
[2026-06-25T17:49:02.295+0000] {taskinstance.py:2648} INFO - Exporting env vars: AIRFLOW_CTX_DAG_OWNER='***' AIRFLOW_CTX_DAG_ID='credit_default_ml_pipeline' AIRFLOW_CTX_TASK_ID='inference.xgb_inference' AIRFLOW_CTX_EXECUTION_DATE='2023-11-01T00:00:00+00:00' AIRFLOW_CTX_TRY_NUMBER='1' AIRFLOW_CTX_DAG_RUN_ID='scheduled__2023-11-01T00:00:00+00:00'
[2026-06-25T17:49:02.296+0000] {taskinstance.py:430} INFO - ::endgroup::
[2026-06-25T17:49:02.303+0000] {subprocess.py:63} INFO - Tmp dir root location: /tmp
[2026-06-25T17:49:02.305+0000] {subprocess.py:75} INFO - Running command: ['/usr/bin/bash', '-c', 'cd /opt/***/scripts && if [ ! -f model_bank/champion.txt ]; then   echo \'[SKIP] no champion.txt for 2023-11-01\'; exit 0; fi && CHAMP=$(cat model_bank/champion.txt | tr -d \'\\\\n\') && APP_DATE=$(python3 app_date_helper.py \'2023-11-01\') && python3 model_inference.py --snapshotdate "$APP_DATE" --labeldate "2023-11-01" --modelname "$CHAMP"']
[2026-06-25T17:49:02.311+0000] {subprocess.py:86} INFO - Output:
[2026-06-25T17:49:02.313+0000] {subprocess.py:93} INFO - [SKIP] no champion.txt for 2023-11-01
[2026-06-25T17:49:02.313+0000] {subprocess.py:97} INFO - Command exited with return code 0
[2026-06-25T17:49:02.314+0000] {taskinstance.py:441} INFO - ::group::Post task execution logs
[2026-06-25T17:49:02.327+0000] {taskinstance.py:1206} INFO - Marking task as SUCCESS. dag_id=credit_default_ml_pipeline, task_id=inference.xgb_inference, run_id=scheduled__2023-11-01T00:00:00+00:00, execution_date=20231101T000000, start_date=20260625T174902, end_date=20260625T174902
[2026-06-25T17:49:02.341+0000] {local_task_job_runner.py:243} INFO - Task exited with return code 0
[2026-06-25T17:49:02.355+0000] {taskinstance.py:3503} INFO - 0 downstream tasks scheduled from follow-on schedule check
[2026-06-25T17:49:02.357+0000] {local_task_job_runner.py:222} INFO - ::endgroup::
