[2026-06-16T15:52:33.019+0000] {local_task_job_runner.py:120} INFO - ::group::Pre task execution logs
[2026-06-16T15:52:33.037+0000] {taskinstance.py:2076} INFO - Dependencies all met for dep_context=non-requeueable deps ti=<TaskInstance: credit_default_ml_pipeline.label_pipeline.label_silver_lms scheduled__2024-06-01T00:00:00+00:00 [queued]>
[2026-06-16T15:52:33.043+0000] {taskinstance.py:2076} INFO - Dependencies all met for dep_context=requeueable deps ti=<TaskInstance: credit_default_ml_pipeline.label_pipeline.label_silver_lms scheduled__2024-06-01T00:00:00+00:00 [queued]>
[2026-06-16T15:52:33.044+0000] {taskinstance.py:2306} INFO - Starting attempt 2 of 2
[2026-06-16T15:52:33.049+0000] {taskinstance.py:2330} INFO - Executing <Task(BashOperator): label_pipeline.label_silver_lms> on 2024-06-01 00:00:00+00:00
[2026-06-16T15:52:33.055+0000] {logging_mixin.py:188} WARNING - /home/***/.local/lib/python3.12/site-packages/***/task/task_runner/standard_task_runner.py:62 DeprecationWarning: This process (pid=16290) is multi-threaded, use of fork() may lead to deadlocks in the child.
[2026-06-16T15:52:33.053+0000] {standard_task_runner.py:90} INFO - Running: ['***', 'tasks', 'run', 'credit_default_ml_pipeline', 'label_pipeline.label_silver_lms', 'scheduled__2024-06-01T00:00:00+00:00', '--job-id', '321', '--raw', '--subdir', 'DAGS_FOLDER/dag.py', '--cfg-path', '/tmp/tmpicg2jqxb']
[2026-06-16T15:52:33.057+0000] {standard_task_runner.py:64} INFO - Started process 16291 to run task
[2026-06-16T15:52:33.058+0000] {standard_task_runner.py:91} INFO - Job 321: Subtask label_pipeline.label_silver_lms
[2026-06-16T15:52:33.089+0000] {task_command.py:426} INFO - Running <TaskInstance: credit_default_ml_pipeline.label_pipeline.label_silver_lms scheduled__2024-06-01T00:00:00+00:00 [running]> on host 2b9b50b7433d
[2026-06-16T15:52:33.122+0000] {taskinstance.py:2648} INFO - Exporting env vars: AIRFLOW_CTX_DAG_OWNER='***' AIRFLOW_CTX_DAG_ID='credit_default_ml_pipeline' AIRFLOW_CTX_TASK_ID='label_pipeline.label_silver_lms' AIRFLOW_CTX_EXECUTION_DATE='2024-06-01T00:00:00+00:00' AIRFLOW_CTX_TRY_NUMBER='2' AIRFLOW_CTX_DAG_RUN_ID='scheduled__2024-06-01T00:00:00+00:00'
[2026-06-16T15:52:33.123+0000] {taskinstance.py:430} INFO - ::endgroup::
[2026-06-16T15:52:33.131+0000] {subprocess.py:63} INFO - Tmp dir root location: /tmp
[2026-06-16T15:52:33.133+0000] {subprocess.py:75} INFO - Running command: ['/usr/bin/bash', '-c', 'cd /opt/***/scripts && python3 silver_processing.py --snapshotdate "2024-06-01" --source lms']
[2026-06-16T15:52:33.136+0000] {subprocess.py:86} INFO - Output:
[2026-06-16T15:52:34.046+0000] {subprocess.py:93} INFO - Setting default log level to "WARN".
[2026-06-16T15:52:34.047+0000] {subprocess.py:93} INFO - To adjust logging level use sc.setLogLevel(newLevel). For SparkR, use setLogLevel(newLevel).
[2026-06-16T15:52:34.205+0000] {subprocess.py:93} INFO - 26/06/16 15:52:34 WARN NativeCodeLoader: Unable to load native-hadoop library for your platform... using builtin-java classes where applicable
[2026-06-16T15:52:37.599+0000] {subprocess.py:93} INFO - 
[2026-06-16T15:52:37.601+0000] {subprocess.py:93} INFO - --- silver lms 2024-06-01 ---
[2026-06-16T15:52:37.602+0000] {subprocess.py:93} INFO - 
[2026-06-16T15:52:37.603+0000] {subprocess.py:93} INFO - [silver:lms] loaded datamart/bronze/lms/bronze_lms_2024_06_01.csv rows: 5418
[2026-06-16T15:52:37.604+0000] {subprocess.py:93} INFO - [silver:lms] saved to: datamart/silver/lms/2024_06_01.parquet
[2026-06-16T15:52:37.604+0000] {subprocess.py:93} INFO - 
[2026-06-16T15:52:37.605+0000] {subprocess.py:93} INFO - --- done ---
[2026-06-16T15:52:37.607+0000] {subprocess.py:93} INFO - 
[2026-06-16T15:52:38.097+0000] {subprocess.py:97} INFO - Command exited with return code 0
[2026-06-16T15:52:38.098+0000] {taskinstance.py:441} INFO - ::group::Post task execution logs
[2026-06-16T15:52:38.110+0000] {taskinstance.py:1206} INFO - Marking task as SUCCESS. dag_id=credit_default_ml_pipeline, task_id=label_pipeline.label_silver_lms, run_id=scheduled__2024-06-01T00:00:00+00:00, execution_date=20240601T000000, start_date=20260616T155233, end_date=20260616T155238
[2026-06-16T15:52:38.128+0000] {local_task_job_runner.py:243} INFO - Task exited with return code 0
[2026-06-16T15:52:38.141+0000] {taskinstance.py:3503} INFO - 1 downstream tasks scheduled from follow-on schedule check
[2026-06-16T15:52:38.142+0000] {local_task_job_runner.py:222} INFO - ::endgroup::
[2026-06-21T02:51:03.894+0000] {local_task_job_runner.py:120} INFO - ::group::Pre task execution logs
[2026-06-21T02:51:03.908+0000] {taskinstance.py:2076} INFO - Dependencies all met for dep_context=non-requeueable deps ti=<TaskInstance: credit_default_ml_pipeline.label_pipeline.label_silver_lms scheduled__2024-06-01T00:00:00+00:00 [queued]>
[2026-06-21T02:51:03.912+0000] {taskinstance.py:2076} INFO - Dependencies all met for dep_context=requeueable deps ti=<TaskInstance: credit_default_ml_pipeline.label_pipeline.label_silver_lms scheduled__2024-06-01T00:00:00+00:00 [queued]>
[2026-06-21T02:51:03.913+0000] {taskinstance.py:2306} INFO - Starting attempt 2 of 2
[2026-06-21T02:51:03.918+0000] {taskinstance.py:2330} INFO - Executing <Task(BashOperator): label_pipeline.label_silver_lms> on 2024-06-01 00:00:00+00:00
[2026-06-21T02:51:03.921+0000] {logging_mixin.py:188} WARNING - /home/***/.local/lib/python3.12/site-packages/***/task/task_runner/standard_task_runner.py:62 DeprecationWarning: This process (pid=56084) is multi-threaded, use of fork() may lead to deadlocks in the child.
[2026-06-21T02:51:03.922+0000] {standard_task_runner.py:64} INFO - Started process 56086 to run task
[2026-06-21T02:51:03.922+0000] {standard_task_runner.py:90} INFO - Running: ['***', 'tasks', 'run', 'credit_default_ml_pipeline', 'label_pipeline.label_silver_lms', 'scheduled__2024-06-01T00:00:00+00:00', '--job-id', '3780', '--raw', '--subdir', 'DAGS_FOLDER/dag.py', '--cfg-path', '/tmp/tmpdimmht91']
[2026-06-21T02:51:03.923+0000] {standard_task_runner.py:91} INFO - Job 3780: Subtask label_pipeline.label_silver_lms
[2026-06-21T02:51:03.942+0000] {task_command.py:426} INFO - Running <TaskInstance: credit_default_ml_pipeline.label_pipeline.label_silver_lms scheduled__2024-06-01T00:00:00+00:00 [running]> on host f6e9e2801916
[2026-06-21T02:51:04.053+0000] {taskinstance.py:2648} INFO - Exporting env vars: AIRFLOW_CTX_DAG_OWNER='***' AIRFLOW_CTX_DAG_ID='credit_default_ml_pipeline' AIRFLOW_CTX_TASK_ID='label_pipeline.label_silver_lms' AIRFLOW_CTX_EXECUTION_DATE='2024-06-01T00:00:00+00:00' AIRFLOW_CTX_TRY_NUMBER='2' AIRFLOW_CTX_DAG_RUN_ID='scheduled__2024-06-01T00:00:00+00:00'
[2026-06-21T02:51:04.054+0000] {taskinstance.py:430} INFO - ::endgroup::
[2026-06-21T02:51:04.058+0000] {subprocess.py:63} INFO - Tmp dir root location: /tmp
[2026-06-21T02:51:04.059+0000] {subprocess.py:75} INFO - Running command: ['/usr/bin/bash', '-c', 'cd /opt/***/scripts && python3 silver_processing.py --snapshotdate "2024-06-01" --source lms']
[2026-06-21T02:51:04.063+0000] {subprocess.py:86} INFO - Output:
[2026-06-21T02:51:04.944+0000] {subprocess.py:93} INFO - Setting default log level to "WARN".
[2026-06-21T02:51:04.945+0000] {subprocess.py:93} INFO - To adjust logging level use sc.setLogLevel(newLevel). For SparkR, use setLogLevel(newLevel).
[2026-06-21T02:51:05.118+0000] {subprocess.py:93} INFO - 26/06/21 02:51:05 WARN NativeCodeLoader: Unable to load native-hadoop library for your platform... using builtin-java classes where applicable
[2026-06-21T02:51:08.529+0000] {subprocess.py:93} INFO - 
[2026-06-21T02:51:08.531+0000] {subprocess.py:93} INFO - --- silver lms 2024-06-01 ---
[2026-06-21T02:51:08.532+0000] {subprocess.py:93} INFO - 
[2026-06-21T02:51:08.532+0000] {subprocess.py:93} INFO - [silver:lms] loaded datamart/bronze/lms/bronze_lms_2024_06_01.csv rows: 5418
[2026-06-21T02:51:08.533+0000] {subprocess.py:93} INFO - [silver:lms] cleared stale partition: datamart/silver/lms/2024_06_01.parquet
[2026-06-21T02:51:08.534+0000] {subprocess.py:93} INFO - [silver:lms] saved to: datamart/silver/lms/2024_06_01.parquet
[2026-06-21T02:51:08.535+0000] {subprocess.py:93} INFO - 
[2026-06-21T02:51:08.536+0000] {subprocess.py:93} INFO - --- done ---
[2026-06-21T02:51:08.537+0000] {subprocess.py:93} INFO - 
[2026-06-21T02:51:08.980+0000] {subprocess.py:97} INFO - Command exited with return code 0
[2026-06-21T02:51:08.981+0000] {taskinstance.py:441} INFO - ::group::Post task execution logs
[2026-06-21T02:51:08.998+0000] {taskinstance.py:1206} INFO - Marking task as SUCCESS. dag_id=credit_default_ml_pipeline, task_id=label_pipeline.label_silver_lms, run_id=scheduled__2024-06-01T00:00:00+00:00, execution_date=20240601T000000, start_date=20260621T025103, end_date=20260621T025108
[2026-06-21T02:51:09.021+0000] {local_task_job_runner.py:243} INFO - Task exited with return code 0
[2026-06-21T02:51:09.134+0000] {taskinstance.py:3503} INFO - 1 downstream tasks scheduled from follow-on schedule check
[2026-06-21T02:51:09.137+0000] {local_task_job_runner.py:222} INFO - ::endgroup::
[2026-06-21T06:17:05.656+0000] {local_task_job_runner.py:120} INFO - ::group::Pre task execution logs
[2026-06-21T06:17:05.671+0000] {taskinstance.py:2076} INFO - Dependencies all met for dep_context=non-requeueable deps ti=<TaskInstance: credit_default_ml_pipeline.label_pipeline.label_silver_lms scheduled__2024-06-01T00:00:00+00:00 [queued]>
[2026-06-21T06:17:05.675+0000] {taskinstance.py:2076} INFO - Dependencies all met for dep_context=requeueable deps ti=<TaskInstance: credit_default_ml_pipeline.label_pipeline.label_silver_lms scheduled__2024-06-01T00:00:00+00:00 [queued]>
[2026-06-21T06:17:05.676+0000] {taskinstance.py:2306} INFO - Starting attempt 2 of 2
[2026-06-21T06:17:05.681+0000] {taskinstance.py:2330} INFO - Executing <Task(BashOperator): label_pipeline.label_silver_lms> on 2024-06-01 00:00:00+00:00
[2026-06-21T06:17:05.686+0000] {logging_mixin.py:188} WARNING - /home/***/.local/lib/python3.12/site-packages/***/task/task_runner/standard_task_runner.py:62 DeprecationWarning: This process (pid=57906) is multi-threaded, use of fork() may lead to deadlocks in the child.
[2026-06-21T06:17:05.686+0000] {standard_task_runner.py:90} INFO - Running: ['***', 'tasks', 'run', 'credit_default_ml_pipeline', 'label_pipeline.label_silver_lms', 'scheduled__2024-06-01T00:00:00+00:00', '--job-id', '4242', '--raw', '--subdir', 'DAGS_FOLDER/dag.py', '--cfg-path', '/tmp/tmp0j0kpg83']
[2026-06-21T06:17:05.687+0000] {standard_task_runner.py:64} INFO - Started process 57908 to run task
[2026-06-21T06:17:05.688+0000] {standard_task_runner.py:91} INFO - Job 4242: Subtask label_pipeline.label_silver_lms
[2026-06-21T06:17:05.795+0000] {task_command.py:426} INFO - Running <TaskInstance: credit_default_ml_pipeline.label_pipeline.label_silver_lms scheduled__2024-06-01T00:00:00+00:00 [running]> on host 9377a3f0491f
[2026-06-21T06:17:05.822+0000] {taskinstance.py:2648} INFO - Exporting env vars: AIRFLOW_CTX_DAG_OWNER='***' AIRFLOW_CTX_DAG_ID='credit_default_ml_pipeline' AIRFLOW_CTX_TASK_ID='label_pipeline.label_silver_lms' AIRFLOW_CTX_EXECUTION_DATE='2024-06-01T00:00:00+00:00' AIRFLOW_CTX_TRY_NUMBER='2' AIRFLOW_CTX_DAG_RUN_ID='scheduled__2024-06-01T00:00:00+00:00'
[2026-06-21T06:17:05.825+0000] {taskinstance.py:430} INFO - ::endgroup::
[2026-06-21T06:17:05.829+0000] {subprocess.py:63} INFO - Tmp dir root location: /tmp
[2026-06-21T06:17:05.830+0000] {subprocess.py:75} INFO - Running command: ['/usr/bin/bash', '-c', 'cd /opt/***/scripts && python3 silver_processing.py --snapshotdate "2024-06-01" --source lms']
[2026-06-21T06:17:05.836+0000] {subprocess.py:86} INFO - Output:
[2026-06-21T06:17:06.674+0000] {subprocess.py:93} INFO - Setting default log level to "WARN".
[2026-06-21T06:17:06.676+0000] {subprocess.py:93} INFO - To adjust logging level use sc.setLogLevel(newLevel). For SparkR, use setLogLevel(newLevel).
[2026-06-21T06:17:06.782+0000] {subprocess.py:93} INFO - 26/06/21 06:17:06 WARN NativeCodeLoader: Unable to load native-hadoop library for your platform... using builtin-java classes where applicable
[2026-06-21T06:17:10.157+0000] {subprocess.py:93} INFO - 
[2026-06-21T06:17:10.158+0000] {subprocess.py:93} INFO - --- silver lms 2024-06-01 ---
[2026-06-21T06:17:10.159+0000] {subprocess.py:93} INFO - 
[2026-06-21T06:17:10.162+0000] {subprocess.py:93} INFO - [silver:lms] loaded datamart/bronze/lms/bronze_lms_2024_06_01.csv rows: 5418
[2026-06-21T06:17:10.162+0000] {subprocess.py:93} INFO - [silver:lms] cleared stale partition: datamart/silver/lms/2024_06_01.parquet
[2026-06-21T06:17:10.163+0000] {subprocess.py:93} INFO - [silver:lms] saved to: datamart/silver/lms/2024_06_01.parquet
[2026-06-21T06:17:10.164+0000] {subprocess.py:93} INFO - 
[2026-06-21T06:17:10.164+0000] {subprocess.py:93} INFO - --- done ---
[2026-06-21T06:17:10.165+0000] {subprocess.py:93} INFO - 
[2026-06-21T06:17:10.665+0000] {subprocess.py:97} INFO - Command exited with return code 0
[2026-06-21T06:17:10.667+0000] {taskinstance.py:441} INFO - ::group::Post task execution logs
[2026-06-21T06:17:10.683+0000] {taskinstance.py:1206} INFO - Marking task as SUCCESS. dag_id=credit_default_ml_pipeline, task_id=label_pipeline.label_silver_lms, run_id=scheduled__2024-06-01T00:00:00+00:00, execution_date=20240601T000000, start_date=20260621T061705, end_date=20260621T061710
[2026-06-21T06:17:10.719+0000] {local_task_job_runner.py:243} INFO - Task exited with return code 0
[2026-06-21T06:17:10.826+0000] {taskinstance.py:3503} INFO - 1 downstream tasks scheduled from follow-on schedule check
[2026-06-21T06:17:10.828+0000] {local_task_job_runner.py:222} INFO - ::endgroup::
