[2026-06-17T00:47:15.324+0000] {local_task_job_runner.py:120} INFO - ::group::Pre task execution logs
[2026-06-17T00:47:15.343+0000] {taskinstance.py:2076} INFO - Dependencies all met for dep_context=non-requeueable deps ti=<TaskInstance: credit_default_ml_pipeline.feature_pipeline.feature_bronze_clickstream scheduled__2023-07-01T00:00:00+00:00 [queued]>
[2026-06-17T00:47:15.349+0000] {taskinstance.py:2076} INFO - Dependencies all met for dep_context=requeueable deps ti=<TaskInstance: credit_default_ml_pipeline.feature_pipeline.feature_bronze_clickstream scheduled__2023-07-01T00:00:00+00:00 [queued]>
[2026-06-17T00:47:15.350+0000] {taskinstance.py:2306} INFO - Starting attempt 2 of 3
[2026-06-17T00:47:15.357+0000] {taskinstance.py:2330} INFO - Executing <Task(BashOperator): feature_pipeline.feature_bronze_clickstream> on 2023-07-01 00:00:00+00:00
[2026-06-17T00:47:15.362+0000] {logging_mixin.py:188} WARNING - /home/***/.local/lib/python3.12/site-packages/***/task/task_runner/standard_task_runner.py:62 DeprecationWarning: This process (pid=58532) is multi-threaded, use of fork() may lead to deadlocks in the child.
[2026-06-17T00:47:15.363+0000] {standard_task_runner.py:64} INFO - Started process 58537 to run task
[2026-06-17T00:47:15.362+0000] {standard_task_runner.py:90} INFO - Running: ['***', 'tasks', 'run', 'credit_default_ml_pipeline', 'feature_pipeline.feature_bronze_clickstream', 'scheduled__2023-07-01T00:00:00+00:00', '--job-id', '512', '--raw', '--subdir', 'DAGS_FOLDER/dag.py', '--cfg-path', '/tmp/tmpcm7055zc']
[2026-06-17T00:47:15.365+0000] {standard_task_runner.py:91} INFO - Job 512: Subtask feature_pipeline.feature_bronze_clickstream
[2026-06-17T00:47:15.395+0000] {task_command.py:426} INFO - Running <TaskInstance: credit_default_ml_pipeline.feature_pipeline.feature_bronze_clickstream scheduled__2023-07-01T00:00:00+00:00 [running]> on host 2b9b50b7433d
[2026-06-17T00:47:15.430+0000] {taskinstance.py:2648} INFO - Exporting env vars: AIRFLOW_CTX_DAG_OWNER='***' AIRFLOW_CTX_DAG_ID='credit_default_ml_pipeline' AIRFLOW_CTX_TASK_ID='feature_pipeline.feature_bronze_clickstream' AIRFLOW_CTX_EXECUTION_DATE='2023-07-01T00:00:00+00:00' AIRFLOW_CTX_TRY_NUMBER='2' AIRFLOW_CTX_DAG_RUN_ID='scheduled__2023-07-01T00:00:00+00:00'
[2026-06-17T00:47:15.432+0000] {taskinstance.py:430} INFO - ::endgroup::
[2026-06-17T00:47:15.438+0000] {subprocess.py:63} INFO - Tmp dir root location: /tmp
[2026-06-17T00:47:15.439+0000] {subprocess.py:75} INFO - Running command: ['/usr/bin/bash', '-c', 'cd /opt/***/scripts && python3 bronze_processing.py --snapshotdate "2023-07-01" --source clickstream']
[2026-06-17T00:47:15.445+0000] {subprocess.py:86} INFO - Output:
[2026-06-17T00:47:16.841+0000] {subprocess.py:93} INFO - Setting default log level to "WARN".
[2026-06-17T00:47:16.842+0000] {subprocess.py:93} INFO - To adjust logging level use sc.setLogLevel(newLevel). For SparkR, use setLogLevel(newLevel).
[2026-06-17T00:47:17.011+0000] {subprocess.py:93} INFO - 26/06/17 00:47:17 WARN NativeCodeLoader: Unable to load native-hadoop library for your platform... using builtin-java classes where applicable
[2026-06-17T00:47:17.601+0000] {subprocess.py:93} INFO - 26/06/17 00:47:17 WARN Utils: Service 'SparkUI' could not bind on port 4040. Attempting port 4041.
[2026-06-17T00:47:25.392+0000] {subprocess.py:93} INFO - [Stage 1:>                                                          (0 + 5) / 5]
[2026-06-17T00:47:25.397+0000] {subprocess.py:93} INFO - --- bronze clickstream 2023-07-01 ---
[2026-06-17T00:47:25.398+0000] {subprocess.py:93} INFO - 
[2026-06-17T00:47:25.401+0000] {subprocess.py:93} INFO - [bronze:clickstream] 2023-07-01 row count: 8974
[2026-06-17T00:47:25.402+0000] {subprocess.py:93} INFO - [bronze:clickstream] saved to: datamart/bronze/clickstream/bronze_clickstream_2023_07_01.csv
[2026-06-17T00:47:25.403+0000] {subprocess.py:93} INFO - 
[2026-06-17T00:47:25.405+0000] {subprocess.py:93} INFO - --- done ---
[2026-06-17T00:47:25.406+0000] {subprocess.py:93} INFO - 
[2026-06-17T00:47:26.095+0000] {subprocess.py:97} INFO - Command exited with return code 0
[2026-06-17T00:47:26.100+0000] {taskinstance.py:441} INFO - ::group::Post task execution logs
[2026-06-17T00:47:26.121+0000] {taskinstance.py:1206} INFO - Marking task as SUCCESS. dag_id=credit_default_ml_pipeline, task_id=feature_pipeline.feature_bronze_clickstream, run_id=scheduled__2023-07-01T00:00:00+00:00, execution_date=20230701T000000, start_date=20260617T004715, end_date=20260617T004726
[2026-06-17T00:47:26.142+0000] {local_task_job_runner.py:243} INFO - Task exited with return code 0
[2026-06-17T00:47:26.211+0000] {taskinstance.py:3503} INFO - 1 downstream tasks scheduled from follow-on schedule check
[2026-06-17T00:47:26.226+0000] {local_task_job_runner.py:222} INFO - ::endgroup::
