[2026-06-17T00:38:59.882+0000] {local_task_job_runner.py:120} INFO - ::group::Pre task execution logs
[2026-06-17T00:38:59.904+0000] {taskinstance.py:2076} INFO - Dependencies all met for dep_context=non-requeueable deps ti=<TaskInstance: credit_default_ml_pipeline.feature_pipeline.feature_silver_attributes scheduled__2023-04-01T00:00:00+00:00 [queued]>
[2026-06-17T00:38:59.911+0000] {taskinstance.py:2076} INFO - Dependencies all met for dep_context=requeueable deps ti=<TaskInstance: credit_default_ml_pipeline.feature_pipeline.feature_silver_attributes scheduled__2023-04-01T00:00:00+00:00 [queued]>
[2026-06-17T00:38:59.911+0000] {taskinstance.py:2306} INFO - Starting attempt 2 of 3
[2026-06-17T00:38:59.919+0000] {taskinstance.py:2330} INFO - Executing <Task(BashOperator): feature_pipeline.feature_silver_attributes> on 2023-04-01 00:00:00+00:00
[2026-06-17T00:38:59.923+0000] {logging_mixin.py:188} WARNING - /home/***/.local/lib/python3.12/site-packages/***/task/task_runner/standard_task_runner.py:62 DeprecationWarning: This process (pid=49798) is multi-threaded, use of fork() may lead to deadlocks in the child.
[2026-06-17T00:38:59.924+0000] {standard_task_runner.py:64} INFO - Started process 49802 to run task
[2026-06-17T00:38:59.924+0000] {standard_task_runner.py:90} INFO - Running: ['***', 'tasks', 'run', 'credit_default_ml_pipeline', 'feature_pipeline.feature_silver_attributes', 'scheduled__2023-04-01T00:00:00+00:00', '--job-id', '465', '--raw', '--subdir', 'DAGS_FOLDER/dag.py', '--cfg-path', '/tmp/tmpijud4lpf']
[2026-06-17T00:38:59.926+0000] {standard_task_runner.py:91} INFO - Job 465: Subtask feature_pipeline.feature_silver_attributes
[2026-06-17T00:38:59.953+0000] {task_command.py:426} INFO - Running <TaskInstance: credit_default_ml_pipeline.feature_pipeline.feature_silver_attributes scheduled__2023-04-01T00:00:00+00:00 [running]> on host 2b9b50b7433d
[2026-06-17T00:38:59.989+0000] {taskinstance.py:2648} INFO - Exporting env vars: AIRFLOW_CTX_DAG_OWNER='***' AIRFLOW_CTX_DAG_ID='credit_default_ml_pipeline' AIRFLOW_CTX_TASK_ID='feature_pipeline.feature_silver_attributes' AIRFLOW_CTX_EXECUTION_DATE='2023-04-01T00:00:00+00:00' AIRFLOW_CTX_TRY_NUMBER='2' AIRFLOW_CTX_DAG_RUN_ID='scheduled__2023-04-01T00:00:00+00:00'
[2026-06-17T00:38:59.991+0000] {taskinstance.py:430} INFO - ::endgroup::
[2026-06-17T00:38:59.996+0000] {subprocess.py:63} INFO - Tmp dir root location: /tmp
[2026-06-17T00:38:59.997+0000] {subprocess.py:75} INFO - Running command: ['/usr/bin/bash', '-c', 'cd /opt/***/scripts && python3 silver_processing.py --snapshotdate "2023-04-01" --source attributes']
[2026-06-17T00:39:00.001+0000] {subprocess.py:86} INFO - Output:
[2026-06-17T00:39:01.361+0000] {subprocess.py:93} INFO - Setting default log level to "WARN".
[2026-06-17T00:39:01.364+0000] {subprocess.py:93} INFO - To adjust logging level use sc.setLogLevel(newLevel). For SparkR, use setLogLevel(newLevel).
[2026-06-17T00:39:01.588+0000] {subprocess.py:93} INFO - 26/06/17 00:39:01 WARN NativeCodeLoader: Unable to load native-hadoop library for your platform... using builtin-java classes where applicable
[2026-06-17T00:39:02.372+0000] {subprocess.py:93} INFO - 26/06/17 00:39:02 WARN Utils: Service 'SparkUI' could not bind on port 4040. Attempting port 4041.
[2026-06-17T00:39:02.374+0000] {subprocess.py:93} INFO - 26/06/17 00:39:02 WARN Utils: Service 'SparkUI' could not bind on port 4041. Attempting port 4042.
[2026-06-17T00:39:09.188+0000] {subprocess.py:93} INFO - [Stage 5:>                                                          (0 + 1) / 1]
[2026-06-17T00:39:09.193+0000] {subprocess.py:93} INFO - --- silver attributes 2023-04-01 ---
[2026-06-17T00:39:09.195+0000] {subprocess.py:93} INFO - 
[2026-06-17T00:39:09.196+0000] {subprocess.py:93} INFO - [silver:attributes] loaded datamart/bronze/attributes/bronze_attributes_2023_04_01.csv rows: 510
[2026-06-17T00:39:09.198+0000] {subprocess.py:93} INFO - [silver:attributes] saved to: datamart/silver/attributes/2023_04_01.parquet
[2026-06-17T00:39:09.200+0000] {subprocess.py:93} INFO - 
[2026-06-17T00:39:09.201+0000] {subprocess.py:93} INFO - --- done ---
[2026-06-17T00:39:09.205+0000] {subprocess.py:93} INFO - 
[2026-06-17T00:39:09.660+0000] {subprocess.py:97} INFO - Command exited with return code 0
[2026-06-17T00:39:09.665+0000] {taskinstance.py:441} INFO - ::group::Post task execution logs
[2026-06-17T00:39:09.723+0000] {taskinstance.py:1206} INFO - Marking task as SUCCESS. dag_id=credit_default_ml_pipeline, task_id=feature_pipeline.feature_silver_attributes, run_id=scheduled__2023-04-01T00:00:00+00:00, execution_date=20230401T000000, start_date=20260617T003859, end_date=20260617T003909
[2026-06-17T00:39:09.762+0000] {local_task_job_runner.py:243} INFO - Task exited with return code 0
[2026-06-17T00:39:09.802+0000] {taskinstance.py:3503} INFO - 0 downstream tasks scheduled from follow-on schedule check
[2026-06-17T00:39:09.805+0000] {local_task_job_runner.py:222} INFO - ::endgroup::
