[2026-06-16T14:48:36.991+0000] {local_task_job_runner.py:120} INFO - ::group::Pre task execution logs
[2026-06-16T14:48:37.013+0000] {taskinstance.py:2076} INFO - Dependencies all met for dep_context=non-requeueable deps ti=<TaskInstance: credit_default_ml_pipeline.feature_pipeline.feature_silver_attributes scheduled__2023-04-01T00:00:00+00:00 [queued]>
[2026-06-16T14:48:37.022+0000] {taskinstance.py:2076} INFO - Dependencies all met for dep_context=requeueable deps ti=<TaskInstance: credit_default_ml_pipeline.feature_pipeline.feature_silver_attributes scheduled__2023-04-01T00:00:00+00:00 [queued]>
[2026-06-16T14:48:37.023+0000] {taskinstance.py:2306} INFO - Starting attempt 1 of 2
[2026-06-16T14:48:37.049+0000] {taskinstance.py:2330} INFO - Executing <Task(BashOperator): feature_pipeline.feature_silver_attributes> on 2023-04-01 00:00:00+00:00
[2026-06-16T14:48:37.056+0000] {logging_mixin.py:188} WARNING - /home/***/.local/lib/python3.12/site-packages/***/task/task_runner/standard_task_runner.py:62 DeprecationWarning: This process (pid=27258) is multi-threaded, use of fork() may lead to deadlocks in the child.
[2026-06-16T14:48:37.055+0000] {standard_task_runner.py:90} INFO - Running: ['***', 'tasks', 'run', 'credit_default_ml_pipeline', 'feature_pipeline.feature_silver_attributes', 'scheduled__2023-04-01T00:00:00+00:00', '--job-id', '126', '--raw', '--subdir', 'DAGS_FOLDER/dag.py', '--cfg-path', '/tmp/tmpq1ozjwqf']
[2026-06-16T14:48:37.061+0000] {standard_task_runner.py:64} INFO - Started process 27265 to run task
[2026-06-16T14:48:37.061+0000] {standard_task_runner.py:91} INFO - Job 126: Subtask feature_pipeline.feature_silver_attributes
[2026-06-16T14:48:37.100+0000] {task_command.py:426} INFO - Running <TaskInstance: credit_default_ml_pipeline.feature_pipeline.feature_silver_attributes scheduled__2023-04-01T00:00:00+00:00 [running]> on host 1cab6e97738a
[2026-06-16T14:48:37.142+0000] {taskinstance.py:2648} INFO - Exporting env vars: AIRFLOW_CTX_DAG_OWNER='***' AIRFLOW_CTX_DAG_ID='credit_default_ml_pipeline' AIRFLOW_CTX_TASK_ID='feature_pipeline.feature_silver_attributes' AIRFLOW_CTX_EXECUTION_DATE='2023-04-01T00:00:00+00:00' AIRFLOW_CTX_TRY_NUMBER='1' AIRFLOW_CTX_DAG_RUN_ID='scheduled__2023-04-01T00:00:00+00:00'
[2026-06-16T14:48:37.144+0000] {taskinstance.py:430} INFO - ::endgroup::
[2026-06-16T14:48:37.152+0000] {subprocess.py:63} INFO - Tmp dir root location: /tmp
[2026-06-16T14:48:37.152+0000] {subprocess.py:75} INFO - Running command: ['/usr/bin/bash', '-c', 'cd /opt/***/scripts && python3 silver_processing.py --snapshotdate "2023-04-01" --source attributes']
[2026-06-16T14:48:37.158+0000] {subprocess.py:86} INFO - Output:
[2026-06-16T14:48:39.230+0000] {subprocess.py:93} INFO - Setting default log level to "WARN".
[2026-06-16T14:48:39.237+0000] {subprocess.py:93} INFO - To adjust logging level use sc.setLogLevel(newLevel). For SparkR, use setLogLevel(newLevel).
[2026-06-16T14:48:39.621+0000] {subprocess.py:93} INFO - 26/06/16 14:48:39 WARN NativeCodeLoader: Unable to load native-hadoop library for your platform... using builtin-java classes where applicable
[2026-06-16T14:48:48.194+0000] {subprocess.py:93} INFO - 
[2026-06-16T14:48:48.207+0000] {subprocess.py:93} INFO - --- silver attributes 2023-04-01 ---
[2026-06-16T14:48:48.223+0000] {subprocess.py:93} INFO - 
[2026-06-16T14:48:48.232+0000] {subprocess.py:93} INFO - [silver:attributes] loaded datamart/bronze/attributes/bronze_attributes_2023_04_01.csv rows: 510
[2026-06-16T14:48:48.253+0000] {subprocess.py:93} INFO - [silver:attributes] saved to: datamart/silver/attributes/2023_04_01.parquet
[2026-06-16T14:48:48.264+0000] {subprocess.py:93} INFO - 
[2026-06-16T14:48:48.281+0000] {subprocess.py:93} INFO - --- done ---
[2026-06-16T14:48:48.284+0000] {subprocess.py:93} INFO - 
[2026-06-16T14:48:48.812+0000] {subprocess.py:97} INFO - Command exited with return code 0
[2026-06-16T14:48:48.814+0000] {taskinstance.py:441} INFO - ::group::Post task execution logs
[2026-06-16T14:48:48.873+0000] {taskinstance.py:1206} INFO - Marking task as SUCCESS. dag_id=credit_default_ml_pipeline, task_id=feature_pipeline.feature_silver_attributes, run_id=scheduled__2023-04-01T00:00:00+00:00, execution_date=20230401T000000, start_date=20260616T144837, end_date=20260616T144848
[2026-06-16T14:48:48.928+0000] {local_task_job_runner.py:243} INFO - Task exited with return code 0
[2026-06-16T14:48:48.996+0000] {taskinstance.py:3503} INFO - 0 downstream tasks scheduled from follow-on schedule check
[2026-06-16T14:48:49.004+0000] {local_task_job_runner.py:222} INFO - ::endgroup::
[2026-06-20T05:28:10.054+0000] {local_task_job_runner.py:120} INFO - ::group::Pre task execution logs
[2026-06-20T05:28:10.069+0000] {taskinstance.py:2076} INFO - Dependencies all met for dep_context=non-requeueable deps ti=<TaskInstance: credit_default_ml_pipeline.feature_pipeline.feature_silver_attributes scheduled__2023-04-01T00:00:00+00:00 [queued]>
[2026-06-20T05:28:10.073+0000] {taskinstance.py:2076} INFO - Dependencies all met for dep_context=requeueable deps ti=<TaskInstance: credit_default_ml_pipeline.feature_pipeline.feature_silver_attributes scheduled__2023-04-01T00:00:00+00:00 [queued]>
[2026-06-20T05:28:10.073+0000] {taskinstance.py:2306} INFO - Starting attempt 1 of 2
[2026-06-20T05:28:10.078+0000] {taskinstance.py:2330} INFO - Executing <Task(BashOperator): feature_pipeline.feature_silver_attributes> on 2023-04-01 00:00:00+00:00
[2026-06-20T05:28:10.083+0000] {logging_mixin.py:188} WARNING - /home/***/.local/lib/python3.12/site-packages/***/task/task_runner/standard_task_runner.py:62 DeprecationWarning: This process (pid=8275) is multi-threaded, use of fork() may lead to deadlocks in the child.
[2026-06-20T05:28:10.084+0000] {standard_task_runner.py:64} INFO - Started process 8285 to run task
[2026-06-20T05:28:10.084+0000] {standard_task_runner.py:90} INFO - Running: ['***', 'tasks', 'run', 'credit_default_ml_pipeline', 'feature_pipeline.feature_silver_attributes', 'scheduled__2023-04-01T00:00:00+00:00', '--job-id', '1430', '--raw', '--subdir', 'DAGS_FOLDER/dag.py', '--cfg-path', '/tmp/tmpa4uo0drc']
[2026-06-20T05:28:10.087+0000] {standard_task_runner.py:91} INFO - Job 1430: Subtask feature_pipeline.feature_silver_attributes
[2026-06-20T05:28:10.208+0000] {task_command.py:426} INFO - Running <TaskInstance: credit_default_ml_pipeline.feature_pipeline.feature_silver_attributes scheduled__2023-04-01T00:00:00+00:00 [running]> on host 9cf341f51c89
[2026-06-20T05:28:10.241+0000] {taskinstance.py:2648} INFO - Exporting env vars: AIRFLOW_CTX_DAG_OWNER='***' AIRFLOW_CTX_DAG_ID='credit_default_ml_pipeline' AIRFLOW_CTX_TASK_ID='feature_pipeline.feature_silver_attributes' AIRFLOW_CTX_EXECUTION_DATE='2023-04-01T00:00:00+00:00' AIRFLOW_CTX_TRY_NUMBER='1' AIRFLOW_CTX_DAG_RUN_ID='scheduled__2023-04-01T00:00:00+00:00'
[2026-06-20T05:28:10.242+0000] {taskinstance.py:430} INFO - ::endgroup::
[2026-06-20T05:28:10.247+0000] {subprocess.py:63} INFO - Tmp dir root location: /tmp
[2026-06-20T05:28:10.249+0000] {subprocess.py:75} INFO - Running command: ['/usr/bin/bash', '-c', 'cd /opt/***/scripts && python3 silver_processing.py --snapshotdate "2023-04-01" --source attributes']
[2026-06-20T05:28:10.254+0000] {subprocess.py:86} INFO - Output:
[2026-06-20T05:28:11.763+0000] {subprocess.py:93} INFO - Setting default log level to "WARN".
[2026-06-20T05:28:11.767+0000] {subprocess.py:93} INFO - To adjust logging level use sc.setLogLevel(newLevel). For SparkR, use setLogLevel(newLevel).
[2026-06-20T05:28:11.974+0000] {subprocess.py:93} INFO - 26/06/20 05:28:11 WARN NativeCodeLoader: Unable to load native-hadoop library for your platform... using builtin-java classes where applicable
[2026-06-20T05:28:12.646+0000] {subprocess.py:93} INFO - 26/06/20 05:28:12 WARN Utils: Service 'SparkUI' could not bind on port 4040. Attempting port 4041.
[2026-06-20T05:28:19.044+0000] {subprocess.py:93} INFO - [Stage 5:>                                                          (0 + 1) / 1]
[2026-06-20T05:28:19.047+0000] {subprocess.py:93} INFO - --- silver attributes 2023-04-01 ---
[2026-06-20T05:28:19.048+0000] {subprocess.py:93} INFO - 
[2026-06-20T05:28:19.052+0000] {subprocess.py:93} INFO - [silver:attributes] loaded datamart/bronze/attributes/bronze_attributes_2023_04_01.csv rows: 510
[2026-06-20T05:28:19.058+0000] {subprocess.py:93} INFO - [silver:attributes] saved to: datamart/silver/attributes/2023_04_01.parquet
[2026-06-20T05:28:19.060+0000] {subprocess.py:93} INFO - 
[2026-06-20T05:28:19.061+0000] {subprocess.py:93} INFO - --- done ---
[2026-06-20T05:28:19.066+0000] {subprocess.py:93} INFO - 
[2026-06-20T05:28:19.483+0000] {subprocess.py:97} INFO - Command exited with return code 0
[2026-06-20T05:28:19.484+0000] {taskinstance.py:441} INFO - ::group::Post task execution logs
[2026-06-20T05:28:19.507+0000] {taskinstance.py:1206} INFO - Marking task as SUCCESS. dag_id=credit_default_ml_pipeline, task_id=feature_pipeline.feature_silver_attributes, run_id=scheduled__2023-04-01T00:00:00+00:00, execution_date=20230401T000000, start_date=20260620T052810, end_date=20260620T052819
[2026-06-20T05:28:19.526+0000] {local_task_job_runner.py:243} INFO - Task exited with return code 0
[2026-06-20T05:28:19.553+0000] {taskinstance.py:3503} INFO - 0 downstream tasks scheduled from follow-on schedule check
[2026-06-20T05:28:19.556+0000] {local_task_job_runner.py:222} INFO - ::endgroup::
[2026-06-20T05:42:40.477+0000] {local_task_job_runner.py:120} INFO - ::group::Pre task execution logs
[2026-06-20T05:42:40.492+0000] {taskinstance.py:2076} INFO - Dependencies all met for dep_context=non-requeueable deps ti=<TaskInstance: credit_default_ml_pipeline.feature_pipeline.feature_silver_attributes scheduled__2023-04-01T00:00:00+00:00 [queued]>
[2026-06-20T05:42:40.499+0000] {taskinstance.py:2076} INFO - Dependencies all met for dep_context=requeueable deps ti=<TaskInstance: credit_default_ml_pipeline.feature_pipeline.feature_silver_attributes scheduled__2023-04-01T00:00:00+00:00 [queued]>
[2026-06-20T05:42:40.500+0000] {taskinstance.py:2306} INFO - Starting attempt 1 of 2
[2026-06-20T05:42:40.508+0000] {taskinstance.py:2330} INFO - Executing <Task(BashOperator): feature_pipeline.feature_silver_attributes> on 2023-04-01 00:00:00+00:00
[2026-06-20T05:42:40.512+0000] {logging_mixin.py:188} WARNING - /home/***/.local/lib/python3.12/site-packages/***/task/task_runner/standard_task_runner.py:62 DeprecationWarning: This process (pid=20928) is multi-threaded, use of fork() may lead to deadlocks in the child.
[2026-06-20T05:42:40.512+0000] {standard_task_runner.py:90} INFO - Running: ['***', 'tasks', 'run', 'credit_default_ml_pipeline', 'feature_pipeline.feature_silver_attributes', 'scheduled__2023-04-01T00:00:00+00:00', '--job-id', '1505', '--raw', '--subdir', 'DAGS_FOLDER/dag.py', '--cfg-path', '/tmp/tmpp3gbw7bq']
[2026-06-20T05:42:40.513+0000] {standard_task_runner.py:64} INFO - Started process 20936 to run task
[2026-06-20T05:42:40.514+0000] {standard_task_runner.py:91} INFO - Job 1505: Subtask feature_pipeline.feature_silver_attributes
[2026-06-20T05:42:40.645+0000] {task_command.py:426} INFO - Running <TaskInstance: credit_default_ml_pipeline.feature_pipeline.feature_silver_attributes scheduled__2023-04-01T00:00:00+00:00 [running]> on host 9cf341f51c89
[2026-06-20T05:42:40.680+0000] {taskinstance.py:2648} INFO - Exporting env vars: AIRFLOW_CTX_DAG_OWNER='***' AIRFLOW_CTX_DAG_ID='credit_default_ml_pipeline' AIRFLOW_CTX_TASK_ID='feature_pipeline.feature_silver_attributes' AIRFLOW_CTX_EXECUTION_DATE='2023-04-01T00:00:00+00:00' AIRFLOW_CTX_TRY_NUMBER='1' AIRFLOW_CTX_DAG_RUN_ID='scheduled__2023-04-01T00:00:00+00:00'
[2026-06-20T05:42:40.681+0000] {taskinstance.py:430} INFO - ::endgroup::
[2026-06-20T05:42:40.689+0000] {subprocess.py:63} INFO - Tmp dir root location: /tmp
[2026-06-20T05:42:40.690+0000] {subprocess.py:75} INFO - Running command: ['/usr/bin/bash', '-c', 'cd /opt/***/scripts && python3 silver_processing.py --snapshotdate "2023-04-01" --source attributes']
[2026-06-20T05:42:40.697+0000] {subprocess.py:86} INFO - Output:
[2026-06-20T05:42:42.314+0000] {subprocess.py:93} INFO - Setting default log level to "WARN".
[2026-06-20T05:42:42.315+0000] {subprocess.py:93} INFO - To adjust logging level use sc.setLogLevel(newLevel). For SparkR, use setLogLevel(newLevel).
[2026-06-20T05:42:42.543+0000] {subprocess.py:93} INFO - 26/06/20 05:42:42 WARN NativeCodeLoader: Unable to load native-hadoop library for your platform... using builtin-java classes where applicable
[2026-06-20T05:42:43.190+0000] {subprocess.py:93} INFO - 26/06/20 05:42:43 WARN Utils: Service 'SparkUI' could not bind on port 4040. Attempting port 4041.
[2026-06-20T05:42:43.192+0000] {subprocess.py:93} INFO - 26/06/20 05:42:43 WARN Utils: Service 'SparkUI' could not bind on port 4041. Attempting port 4042.
[2026-06-20T05:42:50.040+0000] {subprocess.py:93} INFO - [Stage 5:>                                                          (0 + 1) / 1]
[2026-06-20T05:42:50.041+0000] {subprocess.py:93} INFO - --- silver attributes 2023-04-01 ---
[2026-06-20T05:42:50.043+0000] {subprocess.py:93} INFO - 
[2026-06-20T05:42:50.044+0000] {subprocess.py:93} INFO - [silver:attributes] loaded datamart/bronze/attributes/bronze_attributes_2023_04_01.csv rows: 510
[2026-06-20T05:42:50.045+0000] {subprocess.py:93} INFO - [silver:attributes] saved to: datamart/silver/attributes/2023_04_01.parquet
[2026-06-20T05:42:50.046+0000] {subprocess.py:93} INFO - 
[2026-06-20T05:42:50.047+0000] {subprocess.py:93} INFO - --- done ---
[2026-06-20T05:42:50.053+0000] {subprocess.py:93} INFO - 
[2026-06-20T05:42:50.463+0000] {subprocess.py:97} INFO - Command exited with return code 0
[2026-06-20T05:42:50.466+0000] {taskinstance.py:441} INFO - ::group::Post task execution logs
[2026-06-20T05:42:50.495+0000] {taskinstance.py:1206} INFO - Marking task as SUCCESS. dag_id=credit_default_ml_pipeline, task_id=feature_pipeline.feature_silver_attributes, run_id=scheduled__2023-04-01T00:00:00+00:00, execution_date=20230401T000000, start_date=20260620T054240, end_date=20260620T054250
[2026-06-20T05:42:50.549+0000] {local_task_job_runner.py:243} INFO - Task exited with return code 0
[2026-06-20T05:42:50.568+0000] {taskinstance.py:3503} INFO - 0 downstream tasks scheduled from follow-on schedule check
[2026-06-20T05:42:50.570+0000] {local_task_job_runner.py:222} INFO - ::endgroup::
[2026-06-20T06:49:21.773+0000] {local_task_job_runner.py:120} INFO - ::group::Pre task execution logs
[2026-06-20T06:49:21.795+0000] {taskinstance.py:2076} INFO - Dependencies all met for dep_context=non-requeueable deps ti=<TaskInstance: credit_default_ml_pipeline.feature_pipeline.feature_silver_attributes scheduled__2023-04-01T00:00:00+00:00 [queued]>
[2026-06-20T06:49:21.800+0000] {taskinstance.py:2076} INFO - Dependencies all met for dep_context=requeueable deps ti=<TaskInstance: credit_default_ml_pipeline.feature_pipeline.feature_silver_attributes scheduled__2023-04-01T00:00:00+00:00 [queued]>
[2026-06-20T06:49:21.801+0000] {taskinstance.py:2306} INFO - Starting attempt 1 of 2
[2026-06-20T06:49:21.809+0000] {taskinstance.py:2330} INFO - Executing <Task(BashOperator): feature_pipeline.feature_silver_attributes> on 2023-04-01 00:00:00+00:00
[2026-06-20T06:49:21.814+0000] {logging_mixin.py:188} WARNING - /home/***/.local/lib/python3.12/site-packages/***/task/task_runner/standard_task_runner.py:62 DeprecationWarning: This process (pid=73653) is multi-threaded, use of fork() may lead to deadlocks in the child.
[2026-06-20T06:49:21.814+0000] {standard_task_runner.py:90} INFO - Running: ['***', 'tasks', 'run', 'credit_default_ml_pipeline', 'feature_pipeline.feature_silver_attributes', 'scheduled__2023-04-01T00:00:00+00:00', '--job-id', '1814', '--raw', '--subdir', 'DAGS_FOLDER/dag.py', '--cfg-path', '/tmp/tmpd0x64hbz']
[2026-06-20T06:49:21.816+0000] {standard_task_runner.py:64} INFO - Started process 73664 to run task
[2026-06-20T06:49:21.817+0000] {standard_task_runner.py:91} INFO - Job 1814: Subtask feature_pipeline.feature_silver_attributes
[2026-06-20T06:49:21.949+0000] {task_command.py:426} INFO - Running <TaskInstance: credit_default_ml_pipeline.feature_pipeline.feature_silver_attributes scheduled__2023-04-01T00:00:00+00:00 [running]> on host 9cf341f51c89
[2026-06-20T06:49:21.983+0000] {taskinstance.py:2648} INFO - Exporting env vars: AIRFLOW_CTX_DAG_OWNER='***' AIRFLOW_CTX_DAG_ID='credit_default_ml_pipeline' AIRFLOW_CTX_TASK_ID='feature_pipeline.feature_silver_attributes' AIRFLOW_CTX_EXECUTION_DATE='2023-04-01T00:00:00+00:00' AIRFLOW_CTX_TRY_NUMBER='1' AIRFLOW_CTX_DAG_RUN_ID='scheduled__2023-04-01T00:00:00+00:00'
[2026-06-20T06:49:21.984+0000] {taskinstance.py:430} INFO - ::endgroup::
[2026-06-20T06:49:21.990+0000] {subprocess.py:63} INFO - Tmp dir root location: /tmp
[2026-06-20T06:49:21.990+0000] {subprocess.py:75} INFO - Running command: ['/usr/bin/bash', '-c', 'cd /opt/***/scripts && python3 silver_processing.py --snapshotdate "2023-04-01" --source attributes']
[2026-06-20T06:49:21.996+0000] {subprocess.py:86} INFO - Output:
[2026-06-20T06:49:23.834+0000] {subprocess.py:93} INFO - Setting default log level to "WARN".
[2026-06-20T06:49:23.836+0000] {subprocess.py:93} INFO - To adjust logging level use sc.setLogLevel(newLevel). For SparkR, use setLogLevel(newLevel).
[2026-06-20T06:49:24.156+0000] {subprocess.py:93} INFO - 26/06/20 06:49:24 WARN NativeCodeLoader: Unable to load native-hadoop library for your platform... using builtin-java classes where applicable
[2026-06-20T06:49:24.890+0000] {subprocess.py:93} INFO - 26/06/20 06:49:24 WARN Utils: Service 'SparkUI' could not bind on port 4040. Attempting port 4041.
[2026-06-20T06:49:33.307+0000] {subprocess.py:93} INFO - [Stage 5:>                                                          (0 + 1) / 1]
[2026-06-20T06:49:33.310+0000] {subprocess.py:93} INFO - --- silver attributes 2023-04-01 ---
[2026-06-20T06:49:33.318+0000] {subprocess.py:93} INFO - 
[2026-06-20T06:49:33.323+0000] {subprocess.py:93} INFO - [silver:attributes] loaded datamart/bronze/attributes/bronze_attributes_2023_04_01.csv rows: 510
[2026-06-20T06:49:33.328+0000] {subprocess.py:93} INFO - [silver:attributes] saved to: datamart/silver/attributes/2023_04_01.parquet
[2026-06-20T06:49:33.332+0000] {subprocess.py:93} INFO - 
[2026-06-20T06:49:33.333+0000] {subprocess.py:93} INFO - --- done ---
[2026-06-20T06:49:33.336+0000] {subprocess.py:93} INFO - 
[2026-06-20T06:49:33.790+0000] {subprocess.py:97} INFO - Command exited with return code 0
[2026-06-20T06:49:33.792+0000] {taskinstance.py:441} INFO - ::group::Post task execution logs
[2026-06-20T06:49:33.828+0000] {taskinstance.py:1206} INFO - Marking task as SUCCESS. dag_id=credit_default_ml_pipeline, task_id=feature_pipeline.feature_silver_attributes, run_id=scheduled__2023-04-01T00:00:00+00:00, execution_date=20230401T000000, start_date=20260620T064921, end_date=20260620T064933
[2026-06-20T06:49:33.876+0000] {local_task_job_runner.py:243} INFO - Task exited with return code 0
[2026-06-20T06:49:33.912+0000] {taskinstance.py:3503} INFO - 0 downstream tasks scheduled from follow-on schedule check
[2026-06-20T06:49:33.915+0000] {local_task_job_runner.py:222} INFO - ::endgroup::
[2026-06-20T07:17:33.239+0000] {local_task_job_runner.py:120} INFO - ::group::Pre task execution logs
[2026-06-20T07:17:33.258+0000] {taskinstance.py:2076} INFO - Dependencies all met for dep_context=non-requeueable deps ti=<TaskInstance: credit_default_ml_pipeline.feature_pipeline.feature_silver_attributes scheduled__2023-04-01T00:00:00+00:00 [queued]>
[2026-06-20T07:17:33.265+0000] {taskinstance.py:2076} INFO - Dependencies all met for dep_context=requeueable deps ti=<TaskInstance: credit_default_ml_pipeline.feature_pipeline.feature_silver_attributes scheduled__2023-04-01T00:00:00+00:00 [queued]>
[2026-06-20T07:17:33.266+0000] {taskinstance.py:2306} INFO - Starting attempt 1 of 2
[2026-06-20T07:17:33.365+0000] {taskinstance.py:2330} INFO - Executing <Task(BashOperator): feature_pipeline.feature_silver_attributes> on 2023-04-01 00:00:00+00:00
[2026-06-20T07:17:33.371+0000] {logging_mixin.py:188} WARNING - /home/***/.local/lib/python3.12/site-packages/***/task/task_runner/standard_task_runner.py:62 DeprecationWarning: This process (pid=5124) is multi-threaded, use of fork() may lead to deadlocks in the child.
[2026-06-20T07:17:33.373+0000] {standard_task_runner.py:64} INFO - Started process 5140 to run task
[2026-06-20T07:17:33.372+0000] {standard_task_runner.py:90} INFO - Running: ['***', 'tasks', 'run', 'credit_default_ml_pipeline', 'feature_pipeline.feature_silver_attributes', 'scheduled__2023-04-01T00:00:00+00:00', '--job-id', '1994', '--raw', '--subdir', 'DAGS_FOLDER/dag.py', '--cfg-path', '/tmp/tmpdsuabir9']
[2026-06-20T07:17:33.374+0000] {standard_task_runner.py:91} INFO - Job 1994: Subtask feature_pipeline.feature_silver_attributes
[2026-06-20T07:17:33.404+0000] {task_command.py:426} INFO - Running <TaskInstance: credit_default_ml_pipeline.feature_pipeline.feature_silver_attributes scheduled__2023-04-01T00:00:00+00:00 [running]> on host 9cf341f51c89
[2026-06-20T07:17:33.448+0000] {taskinstance.py:2648} INFO - Exporting env vars: AIRFLOW_CTX_DAG_OWNER='***' AIRFLOW_CTX_DAG_ID='credit_default_ml_pipeline' AIRFLOW_CTX_TASK_ID='feature_pipeline.feature_silver_attributes' AIRFLOW_CTX_EXECUTION_DATE='2023-04-01T00:00:00+00:00' AIRFLOW_CTX_TRY_NUMBER='1' AIRFLOW_CTX_DAG_RUN_ID='scheduled__2023-04-01T00:00:00+00:00'
[2026-06-20T07:17:33.449+0000] {taskinstance.py:430} INFO - ::endgroup::
[2026-06-20T07:17:33.458+0000] {subprocess.py:63} INFO - Tmp dir root location: /tmp
[2026-06-20T07:17:33.459+0000] {subprocess.py:75} INFO - Running command: ['/usr/bin/bash', '-c', 'cd /opt/***/scripts && python3 silver_processing.py --snapshotdate "2023-04-01" --source attributes']
[2026-06-20T07:17:33.464+0000] {subprocess.py:86} INFO - Output:
[2026-06-20T07:17:35.276+0000] {subprocess.py:93} INFO - Setting default log level to "WARN".
[2026-06-20T07:17:35.277+0000] {subprocess.py:93} INFO - To adjust logging level use sc.setLogLevel(newLevel). For SparkR, use setLogLevel(newLevel).
[2026-06-20T07:17:35.491+0000] {subprocess.py:93} INFO - 26/06/20 07:17:35 WARN NativeCodeLoader: Unable to load native-hadoop library for your platform... using builtin-java classes where applicable
[2026-06-20T07:17:46.336+0000] {subprocess.py:93} INFO - [Stage 0:>                                                          (0 + 1) / 1]                                                                                [Stage 5:>                                                          (0 + 1) / 1]
[2026-06-20T07:17:46.339+0000] {subprocess.py:93} INFO - --- silver attributes 2023-04-01 ---
[2026-06-20T07:17:46.346+0000] {subprocess.py:93} INFO - 
[2026-06-20T07:17:46.352+0000] {subprocess.py:93} INFO - [silver:attributes] loaded datamart/bronze/attributes/bronze_attributes_2023_04_01.csv rows: 510
[2026-06-20T07:17:46.355+0000] {subprocess.py:93} INFO - [silver:attributes] saved to: datamart/silver/attributes/2023_04_01.parquet
[2026-06-20T07:17:46.358+0000] {subprocess.py:93} INFO - 
[2026-06-20T07:17:46.362+0000] {subprocess.py:93} INFO - --- done ---
[2026-06-20T07:17:46.364+0000] {subprocess.py:93} INFO - 
[2026-06-20T07:17:46.841+0000] {subprocess.py:97} INFO - Command exited with return code 0
[2026-06-20T07:17:46.846+0000] {taskinstance.py:441} INFO - ::group::Post task execution logs
[2026-06-20T07:17:46.909+0000] {taskinstance.py:1206} INFO - Marking task as SUCCESS. dag_id=credit_default_ml_pipeline, task_id=feature_pipeline.feature_silver_attributes, run_id=scheduled__2023-04-01T00:00:00+00:00, execution_date=20230401T000000, start_date=20260620T071733, end_date=20260620T071746
[2026-06-20T07:17:46.979+0000] {local_task_job_runner.py:243} INFO - Task exited with return code 0
[2026-06-20T07:17:47.028+0000] {taskinstance.py:3503} INFO - 0 downstream tasks scheduled from follow-on schedule check
[2026-06-20T07:17:47.033+0000] {local_task_job_runner.py:222} INFO - ::endgroup::
[2026-06-20T15:20:16.877+0000] {local_task_job_runner.py:120} INFO - ::group::Pre task execution logs
[2026-06-20T15:20:16.889+0000] {taskinstance.py:2076} INFO - Dependencies all met for dep_context=non-requeueable deps ti=<TaskInstance: credit_default_ml_pipeline.feature_pipeline.feature_silver_attributes scheduled__2023-04-01T00:00:00+00:00 [queued]>
[2026-06-20T15:20:16.893+0000] {taskinstance.py:2076} INFO - Dependencies all met for dep_context=requeueable deps ti=<TaskInstance: credit_default_ml_pipeline.feature_pipeline.feature_silver_attributes scheduled__2023-04-01T00:00:00+00:00 [queued]>
[2026-06-20T15:20:16.894+0000] {taskinstance.py:2306} INFO - Starting attempt 1 of 2
[2026-06-20T15:20:16.899+0000] {taskinstance.py:2330} INFO - Executing <Task(BashOperator): feature_pipeline.feature_silver_attributes> on 2023-04-01 00:00:00+00:00
[2026-06-20T15:20:16.901+0000] {logging_mixin.py:188} WARNING - /home/***/.local/lib/python3.12/site-packages/***/task/task_runner/standard_task_runner.py:62 DeprecationWarning: This process (pid=92169) is multi-threaded, use of fork() may lead to deadlocks in the child.
[2026-06-20T15:20:16.902+0000] {standard_task_runner.py:64} INFO - Started process 92177 to run task
[2026-06-20T15:20:16.902+0000] {standard_task_runner.py:90} INFO - Running: ['***', 'tasks', 'run', 'credit_default_ml_pipeline', 'feature_pipeline.feature_silver_attributes', 'scheduled__2023-04-01T00:00:00+00:00', '--job-id', '2466', '--raw', '--subdir', 'DAGS_FOLDER/dag.py', '--cfg-path', '/tmp/tmpn9t13o17']
[2026-06-20T15:20:16.903+0000] {standard_task_runner.py:91} INFO - Job 2466: Subtask feature_pipeline.feature_silver_attributes
[2026-06-20T15:20:17.018+0000] {task_command.py:426} INFO - Running <TaskInstance: credit_default_ml_pipeline.feature_pipeline.feature_silver_attributes scheduled__2023-04-01T00:00:00+00:00 [running]> on host 9cf341f51c89
[2026-06-20T15:20:17.051+0000] {taskinstance.py:2648} INFO - Exporting env vars: AIRFLOW_CTX_DAG_OWNER='***' AIRFLOW_CTX_DAG_ID='credit_default_ml_pipeline' AIRFLOW_CTX_TASK_ID='feature_pipeline.feature_silver_attributes' AIRFLOW_CTX_EXECUTION_DATE='2023-04-01T00:00:00+00:00' AIRFLOW_CTX_TRY_NUMBER='1' AIRFLOW_CTX_DAG_RUN_ID='scheduled__2023-04-01T00:00:00+00:00'
[2026-06-20T15:20:17.052+0000] {taskinstance.py:430} INFO - ::endgroup::
[2026-06-20T15:20:17.056+0000] {subprocess.py:63} INFO - Tmp dir root location: /tmp
[2026-06-20T15:20:17.057+0000] {subprocess.py:75} INFO - Running command: ['/usr/bin/bash', '-c', 'cd /opt/***/scripts && python3 silver_processing.py --snapshotdate "2023-04-01" --source attributes']
[2026-06-20T15:20:17.061+0000] {subprocess.py:86} INFO - Output:
[2026-06-20T15:20:17.962+0000] {subprocess.py:93} INFO - Setting default log level to "WARN".
[2026-06-20T15:20:17.963+0000] {subprocess.py:93} INFO - To adjust logging level use sc.setLogLevel(newLevel). For SparkR, use setLogLevel(newLevel).
[2026-06-20T15:20:18.056+0000] {subprocess.py:93} INFO - 26/06/20 15:20:18 WARN NativeCodeLoader: Unable to load native-hadoop library for your platform... using builtin-java classes where applicable
[2026-06-20T15:20:24.713+0000] {subprocess.py:93} INFO - [Stage 5:>                                                          (0 + 1) / 1]
[2026-06-20T15:20:24.714+0000] {subprocess.py:93} INFO - --- silver attributes 2023-04-01 ---
[2026-06-20T15:20:24.714+0000] {subprocess.py:93} INFO - 
[2026-06-20T15:20:24.715+0000] {subprocess.py:93} INFO - [silver:attributes] loaded datamart/bronze/attributes/bronze_attributes_2023_04_01.csv rows: 510
[2026-06-20T15:20:24.716+0000] {subprocess.py:93} INFO - [silver:attributes] saved to: datamart/silver/attributes/2023_04_01.parquet
[2026-06-20T15:20:24.716+0000] {subprocess.py:93} INFO - 
[2026-06-20T15:20:24.718+0000] {subprocess.py:93} INFO - --- done ---
[2026-06-20T15:20:24.721+0000] {subprocess.py:93} INFO - 
[2026-06-20T15:20:25.174+0000] {subprocess.py:97} INFO - Command exited with return code 0
[2026-06-20T15:20:25.180+0000] {taskinstance.py:441} INFO - ::group::Post task execution logs
[2026-06-20T15:20:25.225+0000] {taskinstance.py:1206} INFO - Marking task as SUCCESS. dag_id=credit_default_ml_pipeline, task_id=feature_pipeline.feature_silver_attributes, run_id=scheduled__2023-04-01T00:00:00+00:00, execution_date=20230401T000000, start_date=20260620T152016, end_date=20260620T152025
[2026-06-20T15:20:25.274+0000] {local_task_job_runner.py:243} INFO - Task exited with return code 0
[2026-06-20T15:20:25.290+0000] {taskinstance.py:3503} INFO - 0 downstream tasks scheduled from follow-on schedule check
[2026-06-20T15:20:25.301+0000] {local_task_job_runner.py:222} INFO - ::endgroup::
[2026-06-20T16:59:01.926+0000] {local_task_job_runner.py:120} INFO - ::group::Pre task execution logs
[2026-06-20T16:59:01.950+0000] {taskinstance.py:2076} INFO - Dependencies all met for dep_context=non-requeueable deps ti=<TaskInstance: credit_default_ml_pipeline.feature_pipeline.feature_silver_attributes scheduled__2023-04-01T00:00:00+00:00 [queued]>
[2026-06-20T16:59:01.959+0000] {taskinstance.py:2076} INFO - Dependencies all met for dep_context=requeueable deps ti=<TaskInstance: credit_default_ml_pipeline.feature_pipeline.feature_silver_attributes scheduled__2023-04-01T00:00:00+00:00 [queued]>
[2026-06-20T16:59:01.960+0000] {taskinstance.py:2306} INFO - Starting attempt 1 of 2
[2026-06-20T16:59:01.969+0000] {taskinstance.py:2330} INFO - Executing <Task(BashOperator): feature_pipeline.feature_silver_attributes> on 2023-04-01 00:00:00+00:00
[2026-06-20T16:59:01.975+0000] {logging_mixin.py:188} WARNING - /home/***/.local/lib/python3.12/site-packages/***/task/task_runner/standard_task_runner.py:62 DeprecationWarning: This process (pid=77256) is multi-threaded, use of fork() may lead to deadlocks in the child.
[2026-06-20T16:59:01.975+0000] {standard_task_runner.py:90} INFO - Running: ['***', 'tasks', 'run', 'credit_default_ml_pipeline', 'feature_pipeline.feature_silver_attributes', 'scheduled__2023-04-01T00:00:00+00:00', '--job-id', '2956', '--raw', '--subdir', 'DAGS_FOLDER/dag.py', '--cfg-path', '/tmp/tmp4or7zdwc']
[2026-06-20T16:59:01.977+0000] {standard_task_runner.py:64} INFO - Started process 77268 to run task
[2026-06-20T16:59:01.978+0000] {standard_task_runner.py:91} INFO - Job 2956: Subtask feature_pipeline.feature_silver_attributes
[2026-06-20T16:59:02.353+0000] {task_command.py:426} INFO - Running <TaskInstance: credit_default_ml_pipeline.feature_pipeline.feature_silver_attributes scheduled__2023-04-01T00:00:00+00:00 [running]> on host 9cf341f51c89
[2026-06-20T16:59:02.424+0000] {taskinstance.py:2648} INFO - Exporting env vars: AIRFLOW_CTX_DAG_OWNER='***' AIRFLOW_CTX_DAG_ID='credit_default_ml_pipeline' AIRFLOW_CTX_TASK_ID='feature_pipeline.feature_silver_attributes' AIRFLOW_CTX_EXECUTION_DATE='2023-04-01T00:00:00+00:00' AIRFLOW_CTX_TRY_NUMBER='1' AIRFLOW_CTX_DAG_RUN_ID='scheduled__2023-04-01T00:00:00+00:00'
[2026-06-20T16:59:02.426+0000] {taskinstance.py:430} INFO - ::endgroup::
[2026-06-20T16:59:02.439+0000] {subprocess.py:63} INFO - Tmp dir root location: /tmp
[2026-06-20T16:59:02.443+0000] {subprocess.py:75} INFO - Running command: ['/usr/bin/bash', '-c', 'cd /opt/***/scripts && python3 silver_processing.py --snapshotdate "2023-04-01" --source attributes']
[2026-06-20T16:59:02.454+0000] {subprocess.py:86} INFO - Output:
[2026-06-20T16:59:04.607+0000] {subprocess.py:93} INFO - Setting default log level to "WARN".
[2026-06-20T16:59:04.609+0000] {subprocess.py:93} INFO - To adjust logging level use sc.setLogLevel(newLevel). For SparkR, use setLogLevel(newLevel).
[2026-06-20T16:59:04.771+0000] {subprocess.py:93} INFO - 26/06/20 16:59:04 WARN NativeCodeLoader: Unable to load native-hadoop library for your platform... using builtin-java classes where applicable
[2026-06-20T16:59:14.200+0000] {subprocess.py:93} INFO - [Stage 1:>                                                          (0 + 1) / 1]                                                                                [Stage 5:>                                                          (0 + 1) / 1]
[2026-06-20T16:59:14.209+0000] {subprocess.py:93} INFO - --- silver attributes 2023-04-01 ---
[2026-06-20T16:59:14.211+0000] {subprocess.py:93} INFO - 
[2026-06-20T16:59:14.212+0000] {subprocess.py:93} INFO - [silver:attributes] loaded datamart/bronze/attributes/bronze_attributes_2023_04_01.csv rows: 510
[2026-06-20T16:59:14.216+0000] {subprocess.py:93} INFO - [silver:attributes] saved to: datamart/silver/attributes/2023_04_01.parquet
[2026-06-20T16:59:14.218+0000] {subprocess.py:93} INFO - 
[2026-06-20T16:59:14.226+0000] {subprocess.py:93} INFO - --- done ---
[2026-06-20T16:59:14.229+0000] {subprocess.py:93} INFO - 
[2026-06-20T16:59:14.716+0000] {subprocess.py:97} INFO - Command exited with return code 0
[2026-06-20T16:59:14.732+0000] {taskinstance.py:441} INFO - ::group::Post task execution logs
[2026-06-20T16:59:14.825+0000] {taskinstance.py:1206} INFO - Marking task as SUCCESS. dag_id=credit_default_ml_pipeline, task_id=feature_pipeline.feature_silver_attributes, run_id=scheduled__2023-04-01T00:00:00+00:00, execution_date=20230401T000000, start_date=20260620T165901, end_date=20260620T165914
[2026-06-20T16:59:14.895+0000] {local_task_job_runner.py:243} INFO - Task exited with return code 0
[2026-06-20T16:59:14.951+0000] {taskinstance.py:3503} INFO - 0 downstream tasks scheduled from follow-on schedule check
[2026-06-20T16:59:14.961+0000] {local_task_job_runner.py:222} INFO - ::endgroup::
[2026-06-20T17:10:49.356+0000] {local_task_job_runner.py:120} INFO - ::group::Pre task execution logs
[2026-06-20T17:10:49.368+0000] {taskinstance.py:2076} INFO - Dependencies all met for dep_context=non-requeueable deps ti=<TaskInstance: credit_default_ml_pipeline.feature_pipeline.feature_silver_attributes scheduled__2023-04-01T00:00:00+00:00 [queued]>
[2026-06-20T17:10:49.372+0000] {taskinstance.py:2076} INFO - Dependencies all met for dep_context=requeueable deps ti=<TaskInstance: credit_default_ml_pipeline.feature_pipeline.feature_silver_attributes scheduled__2023-04-01T00:00:00+00:00 [queued]>
[2026-06-20T17:10:49.373+0000] {taskinstance.py:2306} INFO - Starting attempt 1 of 2
[2026-06-20T17:10:49.378+0000] {taskinstance.py:2330} INFO - Executing <Task(BashOperator): feature_pipeline.feature_silver_attributes> on 2023-04-01 00:00:00+00:00
[2026-06-20T17:10:49.382+0000] {logging_mixin.py:188} WARNING - /home/***/.local/lib/python3.12/site-packages/***/task/task_runner/standard_task_runner.py:62 DeprecationWarning: This process (pid=10133) is multi-threaded, use of fork() may lead to deadlocks in the child.
[2026-06-20T17:10:49.382+0000] {standard_task_runner.py:90} INFO - Running: ['***', 'tasks', 'run', 'credit_default_ml_pipeline', 'feature_pipeline.feature_silver_attributes', 'scheduled__2023-04-01T00:00:00+00:00', '--job-id', '3043', '--raw', '--subdir', 'DAGS_FOLDER/dag.py', '--cfg-path', '/tmp/tmp0wlv6nj7']
[2026-06-20T17:10:49.383+0000] {standard_task_runner.py:64} INFO - Started process 10135 to run task
[2026-06-20T17:10:49.384+0000] {standard_task_runner.py:91} INFO - Job 3043: Subtask feature_pipeline.feature_silver_attributes
[2026-06-20T17:10:49.495+0000] {task_command.py:426} INFO - Running <TaskInstance: credit_default_ml_pipeline.feature_pipeline.feature_silver_attributes scheduled__2023-04-01T00:00:00+00:00 [running]> on host 9cf341f51c89
[2026-06-20T17:10:49.527+0000] {taskinstance.py:2648} INFO - Exporting env vars: AIRFLOW_CTX_DAG_OWNER='***' AIRFLOW_CTX_DAG_ID='credit_default_ml_pipeline' AIRFLOW_CTX_TASK_ID='feature_pipeline.feature_silver_attributes' AIRFLOW_CTX_EXECUTION_DATE='2023-04-01T00:00:00+00:00' AIRFLOW_CTX_TRY_NUMBER='1' AIRFLOW_CTX_DAG_RUN_ID='scheduled__2023-04-01T00:00:00+00:00'
[2026-06-20T17:10:49.528+0000] {taskinstance.py:430} INFO - ::endgroup::
[2026-06-20T17:10:49.534+0000] {subprocess.py:63} INFO - Tmp dir root location: /tmp
[2026-06-20T17:10:49.535+0000] {subprocess.py:75} INFO - Running command: ['/usr/bin/bash', '-c', 'cd /opt/***/scripts && python3 silver_processing.py --snapshotdate "2023-04-01" --source attributes']
[2026-06-20T17:10:49.541+0000] {subprocess.py:86} INFO - Output:
[2026-06-20T17:10:50.682+0000] {subprocess.py:93} INFO - Setting default log level to "WARN".
[2026-06-20T17:10:50.683+0000] {subprocess.py:93} INFO - To adjust logging level use sc.setLogLevel(newLevel). For SparkR, use setLogLevel(newLevel).
[2026-06-20T17:10:50.853+0000] {subprocess.py:93} INFO - 26/06/20 17:10:50 WARN NativeCodeLoader: Unable to load native-hadoop library for your platform... using builtin-java classes where applicable
[2026-06-20T17:10:58.767+0000] {subprocess.py:93} INFO - [Stage 5:>                                                          (0 + 1) / 1]
[2026-06-20T17:10:58.770+0000] {subprocess.py:93} INFO - --- silver attributes 2023-04-01 ---
[2026-06-20T17:10:58.773+0000] {subprocess.py:93} INFO - 
[2026-06-20T17:10:58.774+0000] {subprocess.py:93} INFO - [silver:attributes] loaded datamart/bronze/attributes/bronze_attributes_2023_04_01.csv rows: 510
[2026-06-20T17:10:58.775+0000] {subprocess.py:93} INFO - [silver:attributes] saved to: datamart/silver/attributes/2023_04_01.parquet
[2026-06-20T17:10:58.778+0000] {subprocess.py:93} INFO - 
[2026-06-20T17:10:58.782+0000] {subprocess.py:93} INFO - --- done ---
[2026-06-20T17:10:58.783+0000] {subprocess.py:93} INFO - 
[2026-06-20T17:10:59.210+0000] {subprocess.py:97} INFO - Command exited with return code 0
[2026-06-20T17:10:59.215+0000] {taskinstance.py:441} INFO - ::group::Post task execution logs
[2026-06-20T17:10:59.274+0000] {taskinstance.py:1206} INFO - Marking task as SUCCESS. dag_id=credit_default_ml_pipeline, task_id=feature_pipeline.feature_silver_attributes, run_id=scheduled__2023-04-01T00:00:00+00:00, execution_date=20230401T000000, start_date=20260620T171049, end_date=20260620T171059
[2026-06-20T17:10:59.342+0000] {local_task_job_runner.py:243} INFO - Task exited with return code 0
[2026-06-20T17:10:59.397+0000] {taskinstance.py:3503} INFO - 0 downstream tasks scheduled from follow-on schedule check
[2026-06-20T17:10:59.400+0000] {local_task_job_runner.py:222} INFO - ::endgroup::
[2026-06-21T01:36:21.495+0000] {local_task_job_runner.py:120} INFO - ::group::Pre task execution logs
[2026-06-21T01:36:21.514+0000] {taskinstance.py:2076} INFO - Dependencies all met for dep_context=non-requeueable deps ti=<TaskInstance: credit_default_ml_pipeline.feature_pipeline.feature_silver_attributes scheduled__2023-04-01T00:00:00+00:00 [queued]>
[2026-06-21T01:36:21.522+0000] {taskinstance.py:2076} INFO - Dependencies all met for dep_context=requeueable deps ti=<TaskInstance: credit_default_ml_pipeline.feature_pipeline.feature_silver_attributes scheduled__2023-04-01T00:00:00+00:00 [queued]>
[2026-06-21T01:36:21.522+0000] {taskinstance.py:2306} INFO - Starting attempt 1 of 2
[2026-06-21T01:36:21.533+0000] {taskinstance.py:2330} INFO - Executing <Task(BashOperator): feature_pipeline.feature_silver_attributes> on 2023-04-01 00:00:00+00:00
[2026-06-21T01:36:21.539+0000] {logging_mixin.py:188} WARNING - /home/***/.local/lib/python3.12/site-packages/***/task/task_runner/standard_task_runner.py:62 DeprecationWarning: This process (pid=10744) is multi-threaded, use of fork() may lead to deadlocks in the child.
[2026-06-21T01:36:21.540+0000] {standard_task_runner.py:64} INFO - Started process 10754 to run task
[2026-06-21T01:36:21.540+0000] {standard_task_runner.py:90} INFO - Running: ['***', 'tasks', 'run', 'credit_default_ml_pipeline', 'feature_pipeline.feature_silver_attributes', 'scheduled__2023-04-01T00:00:00+00:00', '--job-id', '3507', '--raw', '--subdir', 'DAGS_FOLDER/dag.py', '--cfg-path', '/tmp/tmp8ukfu766']
[2026-06-21T01:36:21.542+0000] {standard_task_runner.py:91} INFO - Job 3507: Subtask feature_pipeline.feature_silver_attributes
[2026-06-21T01:36:21.573+0000] {task_command.py:426} INFO - Running <TaskInstance: credit_default_ml_pipeline.feature_pipeline.feature_silver_attributes scheduled__2023-04-01T00:00:00+00:00 [running]> on host f6e9e2801916
[2026-06-21T01:36:21.748+0000] {taskinstance.py:2648} INFO - Exporting env vars: AIRFLOW_CTX_DAG_OWNER='***' AIRFLOW_CTX_DAG_ID='credit_default_ml_pipeline' AIRFLOW_CTX_TASK_ID='feature_pipeline.feature_silver_attributes' AIRFLOW_CTX_EXECUTION_DATE='2023-04-01T00:00:00+00:00' AIRFLOW_CTX_TRY_NUMBER='1' AIRFLOW_CTX_DAG_RUN_ID='scheduled__2023-04-01T00:00:00+00:00'
[2026-06-21T01:36:21.750+0000] {taskinstance.py:430} INFO - ::endgroup::
[2026-06-21T01:36:21.755+0000] {subprocess.py:63} INFO - Tmp dir root location: /tmp
[2026-06-21T01:36:21.756+0000] {subprocess.py:75} INFO - Running command: ['/usr/bin/bash', '-c', 'cd /opt/***/scripts && python3 silver_processing.py --snapshotdate "2023-04-01" --source attributes']
[2026-06-21T01:36:21.764+0000] {subprocess.py:86} INFO - Output:
[2026-06-21T01:36:23.717+0000] {subprocess.py:93} INFO - Setting default log level to "WARN".
[2026-06-21T01:36:23.719+0000] {subprocess.py:93} INFO - To adjust logging level use sc.setLogLevel(newLevel). For SparkR, use setLogLevel(newLevel).
[2026-06-21T01:36:23.936+0000] {subprocess.py:93} INFO - 26/06/21 01:36:23 WARN NativeCodeLoader: Unable to load native-hadoop library for your platform... using builtin-java classes where applicable
[2026-06-21T01:36:24.653+0000] {subprocess.py:93} INFO - 26/06/21 01:36:24 WARN Utils: Service 'SparkUI' could not bind on port 4040. Attempting port 4041.
[2026-06-21T01:36:24.657+0000] {subprocess.py:93} INFO - 26/06/21 01:36:24 WARN Utils: Service 'SparkUI' could not bind on port 4041. Attempting port 4042.
[2026-06-21T01:36:31.496+0000] {subprocess.py:93} INFO - [Stage 5:>                                                          (0 + 1) / 1]
[2026-06-21T01:36:31.501+0000] {subprocess.py:93} INFO - --- silver attributes 2023-04-01 ---
[2026-06-21T01:36:31.504+0000] {subprocess.py:93} INFO - 
[2026-06-21T01:36:31.507+0000] {subprocess.py:93} INFO - [silver:attributes] loaded datamart/bronze/attributes/bronze_attributes_2023_04_01.csv rows: 510
[2026-06-21T01:36:31.508+0000] {subprocess.py:93} INFO - [silver:attributes] saved to: datamart/silver/attributes/2023_04_01.parquet
[2026-06-21T01:36:31.509+0000] {subprocess.py:93} INFO - 
[2026-06-21T01:36:31.510+0000] {subprocess.py:93} INFO - --- done ---
[2026-06-21T01:36:31.511+0000] {subprocess.py:93} INFO - 
[2026-06-21T01:36:31.961+0000] {subprocess.py:97} INFO - Command exited with return code 0
[2026-06-21T01:36:31.963+0000] {taskinstance.py:441} INFO - ::group::Post task execution logs
[2026-06-21T01:36:31.990+0000] {taskinstance.py:1206} INFO - Marking task as SUCCESS. dag_id=credit_default_ml_pipeline, task_id=feature_pipeline.feature_silver_attributes, run_id=scheduled__2023-04-01T00:00:00+00:00, execution_date=20230401T000000, start_date=20260621T013621, end_date=20260621T013631
[2026-06-21T01:36:32.016+0000] {local_task_job_runner.py:243} INFO - Task exited with return code 0
[2026-06-21T01:36:32.169+0000] {taskinstance.py:3503} INFO - 0 downstream tasks scheduled from follow-on schedule check
[2026-06-21T01:36:32.171+0000] {local_task_job_runner.py:222} INFO - ::endgroup::
[2026-06-21T05:30:46.232+0000] {local_task_job_runner.py:120} INFO - ::group::Pre task execution logs
[2026-06-21T05:30:46.250+0000] {taskinstance.py:2076} INFO - Dependencies all met for dep_context=non-requeueable deps ti=<TaskInstance: credit_default_ml_pipeline.feature_pipeline.feature_silver_attributes scheduled__2023-04-01T00:00:00+00:00 [queued]>
[2026-06-21T05:30:46.257+0000] {taskinstance.py:2076} INFO - Dependencies all met for dep_context=requeueable deps ti=<TaskInstance: credit_default_ml_pipeline.feature_pipeline.feature_silver_attributes scheduled__2023-04-01T00:00:00+00:00 [queued]>
[2026-06-21T05:30:46.258+0000] {taskinstance.py:2306} INFO - Starting attempt 1 of 2
[2026-06-21T05:30:46.268+0000] {taskinstance.py:2330} INFO - Executing <Task(BashOperator): feature_pipeline.feature_silver_attributes> on 2023-04-01 00:00:00+00:00
[2026-06-21T05:30:46.274+0000] {logging_mixin.py:188} WARNING - /home/***/.local/lib/python3.12/site-packages/***/task/task_runner/standard_task_runner.py:62 DeprecationWarning: This process (pid=10430) is multi-threaded, use of fork() may lead to deadlocks in the child.
[2026-06-21T05:30:46.276+0000] {standard_task_runner.py:64} INFO - Started process 10436 to run task
[2026-06-21T05:30:46.276+0000] {standard_task_runner.py:90} INFO - Running: ['***', 'tasks', 'run', 'credit_default_ml_pipeline', 'feature_pipeline.feature_silver_attributes', 'scheduled__2023-04-01T00:00:00+00:00', '--job-id', '3972', '--raw', '--subdir', 'DAGS_FOLDER/dag.py', '--cfg-path', '/tmp/tmp9ml26ymc']
[2026-06-21T05:30:46.278+0000] {standard_task_runner.py:91} INFO - Job 3972: Subtask feature_pipeline.feature_silver_attributes
[2026-06-21T05:30:46.421+0000] {task_command.py:426} INFO - Running <TaskInstance: credit_default_ml_pipeline.feature_pipeline.feature_silver_attributes scheduled__2023-04-01T00:00:00+00:00 [running]> on host 9377a3f0491f
[2026-06-21T05:30:46.458+0000] {taskinstance.py:2648} INFO - Exporting env vars: AIRFLOW_CTX_DAG_OWNER='***' AIRFLOW_CTX_DAG_ID='credit_default_ml_pipeline' AIRFLOW_CTX_TASK_ID='feature_pipeline.feature_silver_attributes' AIRFLOW_CTX_EXECUTION_DATE='2023-04-01T00:00:00+00:00' AIRFLOW_CTX_TRY_NUMBER='1' AIRFLOW_CTX_DAG_RUN_ID='scheduled__2023-04-01T00:00:00+00:00'
[2026-06-21T05:30:46.459+0000] {taskinstance.py:430} INFO - ::endgroup::
[2026-06-21T05:30:46.466+0000] {subprocess.py:63} INFO - Tmp dir root location: /tmp
[2026-06-21T05:30:46.468+0000] {subprocess.py:75} INFO - Running command: ['/usr/bin/bash', '-c', 'cd /opt/***/scripts && python3 silver_processing.py --snapshotdate "2023-04-01" --source attributes']
[2026-06-21T05:30:46.474+0000] {subprocess.py:86} INFO - Output:
[2026-06-21T05:30:48.422+0000] {subprocess.py:93} INFO - Setting default log level to "WARN".
[2026-06-21T05:30:48.423+0000] {subprocess.py:93} INFO - To adjust logging level use sc.setLogLevel(newLevel). For SparkR, use setLogLevel(newLevel).
[2026-06-21T05:30:48.630+0000] {subprocess.py:93} INFO - 26/06/21 05:30:48 WARN NativeCodeLoader: Unable to load native-hadoop library for your platform... using builtin-java classes where applicable
[2026-06-21T05:30:49.353+0000] {subprocess.py:93} INFO - 26/06/21 05:30:49 WARN Utils: Service 'SparkUI' could not bind on port 4040. Attempting port 4041.
[2026-06-21T05:30:49.354+0000] {subprocess.py:93} INFO - 26/06/21 05:30:49 WARN Utils: Service 'SparkUI' could not bind on port 4041. Attempting port 4042.
[2026-06-21T05:30:56.707+0000] {subprocess.py:93} INFO - [Stage 5:>                                                          (0 + 1) / 1]
[2026-06-21T05:30:56.710+0000] {subprocess.py:93} INFO - --- silver attributes 2023-04-01 ---
[2026-06-21T05:30:56.712+0000] {subprocess.py:93} INFO - 
[2026-06-21T05:30:56.714+0000] {subprocess.py:93} INFO - [silver:attributes] loaded datamart/bronze/attributes/bronze_attributes_2023_04_01.csv rows: 510
[2026-06-21T05:30:56.716+0000] {subprocess.py:93} INFO - [silver:attributes] saved to: datamart/silver/attributes/2023_04_01.parquet
[2026-06-21T05:30:56.718+0000] {subprocess.py:93} INFO - 
[2026-06-21T05:30:56.719+0000] {subprocess.py:93} INFO - --- done ---
[2026-06-21T05:30:56.720+0000] {subprocess.py:93} INFO - 
[2026-06-21T05:30:57.121+0000] {subprocess.py:97} INFO - Command exited with return code 0
[2026-06-21T05:30:57.122+0000] {taskinstance.py:441} INFO - ::group::Post task execution logs
[2026-06-21T05:30:57.138+0000] {taskinstance.py:1206} INFO - Marking task as SUCCESS. dag_id=credit_default_ml_pipeline, task_id=feature_pipeline.feature_silver_attributes, run_id=scheduled__2023-04-01T00:00:00+00:00, execution_date=20230401T000000, start_date=20260621T053046, end_date=20260621T053057
[2026-06-21T05:30:57.169+0000] {local_task_job_runner.py:243} INFO - Task exited with return code 0
[2026-06-21T05:30:57.190+0000] {taskinstance.py:3503} INFO - 0 downstream tasks scheduled from follow-on schedule check
[2026-06-21T05:30:57.193+0000] {local_task_job_runner.py:222} INFO - ::endgroup::
