[2026-06-20T05:56:53.356+0000] {local_task_job_runner.py:120} INFO - ::group::Pre task execution logs
[2026-06-20T05:56:53.370+0000] {taskinstance.py:2076} INFO - Dependencies all met for dep_context=non-requeueable deps ti=<TaskInstance: credit_default_ml_pipeline.inference.xgb_inference scheduled__2023-09-01T00:00:00+00:00 [queued]>
[2026-06-20T05:56:53.375+0000] {taskinstance.py:2076} INFO - Dependencies all met for dep_context=requeueable deps ti=<TaskInstance: credit_default_ml_pipeline.inference.xgb_inference scheduled__2023-09-01T00:00:00+00:00 [queued]>
[2026-06-20T05:56:53.375+0000] {taskinstance.py:2306} INFO - Starting attempt 1 of 2
[2026-06-20T05:56:53.452+0000] {taskinstance.py:2330} INFO - Executing <Task(BashOperator): inference.xgb_inference> on 2023-09-01 00:00:00+00:00
[2026-06-20T05:56:53.456+0000] {logging_mixin.py:188} WARNING - /home/***/.local/lib/python3.12/site-packages/***/task/task_runner/standard_task_runner.py:62 DeprecationWarning: This process (pid=38792) is multi-threaded, use of fork() may lead to deadlocks in the child.
[2026-06-20T05:56:53.457+0000] {standard_task_runner.py:90} INFO - Running: ['***', 'tasks', 'run', 'credit_default_ml_pipeline', 'inference.xgb_inference', 'scheduled__2023-09-01T00:00:00+00:00', '--job-id', '1605', '--raw', '--subdir', 'DAGS_FOLDER/dag.py', '--cfg-path', '/tmp/tmpx6s4u9t0']
[2026-06-20T05:56:53.458+0000] {standard_task_runner.py:64} INFO - Started process 38797 to run task
[2026-06-20T05:56:53.458+0000] {standard_task_runner.py:91} INFO - Job 1605: Subtask inference.xgb_inference
[2026-06-20T05:56:53.477+0000] {task_command.py:426} INFO - Running <TaskInstance: credit_default_ml_pipeline.inference.xgb_inference scheduled__2023-09-01T00:00:00+00:00 [running]> on host 9cf341f51c89
[2026-06-20T05:56:53.502+0000] {taskinstance.py:2648} INFO - Exporting env vars: AIRFLOW_CTX_DAG_OWNER='***' AIRFLOW_CTX_DAG_ID='credit_default_ml_pipeline' AIRFLOW_CTX_TASK_ID='inference.xgb_inference' AIRFLOW_CTX_EXECUTION_DATE='2023-09-01T00:00:00+00:00' AIRFLOW_CTX_TRY_NUMBER='1' AIRFLOW_CTX_DAG_RUN_ID='scheduled__2023-09-01T00:00:00+00:00'
[2026-06-20T05:56:53.503+0000] {taskinstance.py:430} INFO - ::endgroup::
[2026-06-20T05:56:53.507+0000] {subprocess.py:63} INFO - Tmp dir root location: /tmp
[2026-06-20T05:56:53.508+0000] {subprocess.py:75} INFO - Running command: ['/usr/bin/bash', '-c', 'cd /opt/***/scripts && if [ ! -f model_bank/champion.txt ]; then echo \'[SKIP] no champion.txt for 2023-09-01\'; exit 0; fi && CHAMP=$(cat model_bank/champion.txt | tr -d \'\\n\') && python3 model_inference.py --snapshotdate "2023-09-01" --modelname "$CHAMP"']
[2026-06-20T05:56:53.512+0000] {subprocess.py:86} INFO - Output:
[2026-06-20T05:56:53.513+0000] {subprocess.py:93} INFO - [SKIP] no champion.txt for 2023-09-01
[2026-06-20T05:56:53.513+0000] {subprocess.py:97} INFO - Command exited with return code 0
[2026-06-20T05:56:53.513+0000] {taskinstance.py:441} INFO - ::group::Post task execution logs
[2026-06-20T05:56:53.522+0000] {taskinstance.py:1206} INFO - Marking task as SUCCESS. dag_id=credit_default_ml_pipeline, task_id=inference.xgb_inference, run_id=scheduled__2023-09-01T00:00:00+00:00, execution_date=20230901T000000, start_date=20260620T055653, end_date=20260620T055653
[2026-06-20T05:56:53.558+0000] {local_task_job_runner.py:243} INFO - Task exited with return code 0
[2026-06-20T05:56:53.563+0000] {local_task_job_runner.py:222} INFO - ::endgroup::
[2026-06-20T07:07:09.410+0000] {local_task_job_runner.py:120} INFO - ::group::Pre task execution logs
[2026-06-20T07:07:09.426+0000] {taskinstance.py:2076} INFO - Dependencies all met for dep_context=non-requeueable deps ti=<TaskInstance: credit_default_ml_pipeline.inference.xgb_inference scheduled__2023-09-01T00:00:00+00:00 [queued]>
[2026-06-20T07:07:09.432+0000] {taskinstance.py:2076} INFO - Dependencies all met for dep_context=requeueable deps ti=<TaskInstance: credit_default_ml_pipeline.inference.xgb_inference scheduled__2023-09-01T00:00:00+00:00 [queued]>
[2026-06-20T07:07:09.433+0000] {taskinstance.py:2306} INFO - Starting attempt 1 of 2
[2026-06-20T07:07:09.519+0000] {taskinstance.py:2330} INFO - Executing <Task(BashOperator): inference.xgb_inference> on 2023-09-01 00:00:00+00:00
[2026-06-20T07:07:09.526+0000] {logging_mixin.py:188} WARNING - /home/***/.local/lib/python3.12/site-packages/***/task/task_runner/standard_task_runner.py:62 DeprecationWarning: This process (pid=92140) is multi-threaded, use of fork() may lead to deadlocks in the child.
[2026-06-20T07:07:09.527+0000] {standard_task_runner.py:64} INFO - Started process 92144 to run task
[2026-06-20T07:07:09.526+0000] {standard_task_runner.py:90} INFO - Running: ['***', 'tasks', 'run', 'credit_default_ml_pipeline', 'inference.xgb_inference', 'scheduled__2023-09-01T00:00:00+00:00', '--job-id', '1918', '--raw', '--subdir', 'DAGS_FOLDER/dag.py', '--cfg-path', '/tmp/tmpd0c8oet8']
[2026-06-20T07:07:09.528+0000] {standard_task_runner.py:91} INFO - Job 1918: Subtask inference.xgb_inference
[2026-06-20T07:07:09.547+0000] {task_command.py:426} INFO - Running <TaskInstance: credit_default_ml_pipeline.inference.xgb_inference scheduled__2023-09-01T00:00:00+00:00 [running]> on host 9cf341f51c89
[2026-06-20T07:07:09.581+0000] {taskinstance.py:2648} INFO - Exporting env vars: AIRFLOW_CTX_DAG_OWNER='***' AIRFLOW_CTX_DAG_ID='credit_default_ml_pipeline' AIRFLOW_CTX_TASK_ID='inference.xgb_inference' AIRFLOW_CTX_EXECUTION_DATE='2023-09-01T00:00:00+00:00' AIRFLOW_CTX_TRY_NUMBER='1' AIRFLOW_CTX_DAG_RUN_ID='scheduled__2023-09-01T00:00:00+00:00'
[2026-06-20T07:07:09.583+0000] {taskinstance.py:430} INFO - ::endgroup::
[2026-06-20T07:07:09.588+0000] {subprocess.py:63} INFO - Tmp dir root location: /tmp
[2026-06-20T07:07:09.590+0000] {subprocess.py:75} INFO - Running command: ['/usr/bin/bash', '-c', 'cd /opt/***/scripts && if [ ! -f model_bank/champion.txt ]; then echo \'[SKIP] no champion.txt for 2023-09-01\'; exit 0; fi && CHAMP=$(cat model_bank/champion.txt | tr -d \'\\n\') && python3 model_inference.py --snapshotdate "2023-09-01" --modelname "$CHAMP"']
[2026-06-20T07:07:09.595+0000] {subprocess.py:86} INFO - Output:
[2026-06-20T07:07:09.598+0000] {subprocess.py:93} INFO - [SKIP] no champion.txt for 2023-09-01
[2026-06-20T07:07:09.598+0000] {subprocess.py:97} INFO - Command exited with return code 0
[2026-06-20T07:07:09.598+0000] {taskinstance.py:441} INFO - ::group::Post task execution logs
[2026-06-20T07:07:09.608+0000] {taskinstance.py:1206} INFO - Marking task as SUCCESS. dag_id=credit_default_ml_pipeline, task_id=inference.xgb_inference, run_id=scheduled__2023-09-01T00:00:00+00:00, execution_date=20230901T000000, start_date=20260620T070709, end_date=20260620T070709
[2026-06-20T07:07:09.624+0000] {local_task_job_runner.py:243} INFO - Task exited with return code 0
[2026-06-20T07:07:09.631+0000] {local_task_job_runner.py:222} INFO - ::endgroup::
[2026-06-20T07:35:36.943+0000] {local_task_job_runner.py:120} INFO - ::group::Pre task execution logs
[2026-06-20T07:35:36.958+0000] {taskinstance.py:2076} INFO - Dependencies all met for dep_context=non-requeueable deps ti=<TaskInstance: credit_default_ml_pipeline.inference.xgb_inference scheduled__2023-09-01T00:00:00+00:00 [queued]>
[2026-06-20T07:35:36.963+0000] {taskinstance.py:2076} INFO - Dependencies all met for dep_context=requeueable deps ti=<TaskInstance: credit_default_ml_pipeline.inference.xgb_inference scheduled__2023-09-01T00:00:00+00:00 [queued]>
[2026-06-20T07:35:36.963+0000] {taskinstance.py:2306} INFO - Starting attempt 1 of 2
[2026-06-20T07:35:37.042+0000] {taskinstance.py:2330} INFO - Executing <Task(BashOperator): inference.xgb_inference> on 2023-09-01 00:00:00+00:00
[2026-06-20T07:35:37.049+0000] {logging_mixin.py:188} WARNING - /home/***/.local/lib/python3.12/site-packages/***/task/task_runner/standard_task_runner.py:62 DeprecationWarning: This process (pid=23707) is multi-threaded, use of fork() may lead to deadlocks in the child.
[2026-06-20T07:35:37.049+0000] {standard_task_runner.py:90} INFO - Running: ['***', 'tasks', 'run', 'credit_default_ml_pipeline', 'inference.xgb_inference', 'scheduled__2023-09-01T00:00:00+00:00', '--job-id', '2099', '--raw', '--subdir', 'DAGS_FOLDER/dag.py', '--cfg-path', '/tmp/tmpxkfqi3ir']
[2026-06-20T07:35:37.051+0000] {standard_task_runner.py:64} INFO - Started process 23712 to run task
[2026-06-20T07:35:37.053+0000] {standard_task_runner.py:91} INFO - Job 2099: Subtask inference.xgb_inference
[2026-06-20T07:35:37.072+0000] {task_command.py:426} INFO - Running <TaskInstance: credit_default_ml_pipeline.inference.xgb_inference scheduled__2023-09-01T00:00:00+00:00 [running]> on host 9cf341f51c89
[2026-06-20T07:35:37.100+0000] {taskinstance.py:2648} INFO - Exporting env vars: AIRFLOW_CTX_DAG_OWNER='***' AIRFLOW_CTX_DAG_ID='credit_default_ml_pipeline' AIRFLOW_CTX_TASK_ID='inference.xgb_inference' AIRFLOW_CTX_EXECUTION_DATE='2023-09-01T00:00:00+00:00' AIRFLOW_CTX_TRY_NUMBER='1' AIRFLOW_CTX_DAG_RUN_ID='scheduled__2023-09-01T00:00:00+00:00'
[2026-06-20T07:35:37.101+0000] {taskinstance.py:430} INFO - ::endgroup::
[2026-06-20T07:35:37.105+0000] {subprocess.py:63} INFO - Tmp dir root location: /tmp
[2026-06-20T07:35:37.107+0000] {subprocess.py:75} INFO - Running command: ['/usr/bin/bash', '-c', 'cd /opt/***/scripts && if [ ! -f model_bank/champion.txt ]; then echo \'[SKIP] no champion.txt for 2023-09-01\'; exit 0; fi && CHAMP=$(cat model_bank/champion.txt | tr -d \'\\n\') && python3 model_inference.py --snapshotdate "2023-09-01" --modelname "$CHAMP"']
[2026-06-20T07:35:37.111+0000] {subprocess.py:86} INFO - Output:
[2026-06-20T07:35:37.113+0000] {subprocess.py:93} INFO - [SKIP] no champion.txt for 2023-09-01
[2026-06-20T07:35:37.113+0000] {subprocess.py:97} INFO - Command exited with return code 0
[2026-06-20T07:35:37.114+0000] {taskinstance.py:441} INFO - ::group::Post task execution logs
[2026-06-20T07:35:37.123+0000] {taskinstance.py:1206} INFO - Marking task as SUCCESS. dag_id=credit_default_ml_pipeline, task_id=inference.xgb_inference, run_id=scheduled__2023-09-01T00:00:00+00:00, execution_date=20230901T000000, start_date=20260620T073536, end_date=20260620T073537
[2026-06-20T07:35:37.152+0000] {local_task_job_runner.py:243} INFO - Task exited with return code 0
[2026-06-20T07:35:37.164+0000] {taskinstance.py:3503} INFO - 0 downstream tasks scheduled from follow-on schedule check
[2026-06-20T07:35:37.165+0000] {local_task_job_runner.py:222} INFO - ::endgroup::
[2026-06-20T15:34:52.938+0000] {local_task_job_runner.py:120} INFO - ::group::Pre task execution logs
[2026-06-20T15:34:52.951+0000] {taskinstance.py:2076} INFO - Dependencies all met for dep_context=non-requeueable deps ti=<TaskInstance: credit_default_ml_pipeline.inference.xgb_inference scheduled__2023-09-01T00:00:00+00:00 [queued]>
[2026-06-20T15:34:52.955+0000] {taskinstance.py:2076} INFO - Dependencies all met for dep_context=requeueable deps ti=<TaskInstance: credit_default_ml_pipeline.inference.xgb_inference scheduled__2023-09-01T00:00:00+00:00 [queued]>
[2026-06-20T15:34:52.956+0000] {taskinstance.py:2306} INFO - Starting attempt 1 of 2
[2026-06-20T15:34:53.037+0000] {taskinstance.py:2330} INFO - Executing <Task(BashOperator): inference.xgb_inference> on 2023-09-01 00:00:00+00:00
[2026-06-20T15:34:53.041+0000] {logging_mixin.py:188} WARNING - /home/***/.local/lib/python3.12/site-packages/***/task/task_runner/standard_task_runner.py:62 DeprecationWarning: This process (pid=10343) is multi-threaded, use of fork() may lead to deadlocks in the child.
[2026-06-20T15:34:53.041+0000] {standard_task_runner.py:90} INFO - Running: ['***', 'tasks', 'run', 'credit_default_ml_pipeline', 'inference.xgb_inference', 'scheduled__2023-09-01T00:00:00+00:00', '--job-id', '2569', '--raw', '--subdir', 'DAGS_FOLDER/dag.py', '--cfg-path', '/tmp/tmp2oq9so7v']
[2026-06-20T15:34:53.042+0000] {standard_task_runner.py:64} INFO - Started process 10348 to run task
[2026-06-20T15:34:53.042+0000] {standard_task_runner.py:91} INFO - Job 2569: Subtask inference.xgb_inference
[2026-06-20T15:34:53.059+0000] {task_command.py:426} INFO - Running <TaskInstance: credit_default_ml_pipeline.inference.xgb_inference scheduled__2023-09-01T00:00:00+00:00 [running]> on host 9cf341f51c89
[2026-06-20T15:34:53.085+0000] {taskinstance.py:2648} INFO - Exporting env vars: AIRFLOW_CTX_DAG_OWNER='***' AIRFLOW_CTX_DAG_ID='credit_default_ml_pipeline' AIRFLOW_CTX_TASK_ID='inference.xgb_inference' AIRFLOW_CTX_EXECUTION_DATE='2023-09-01T00:00:00+00:00' AIRFLOW_CTX_TRY_NUMBER='1' AIRFLOW_CTX_DAG_RUN_ID='scheduled__2023-09-01T00:00:00+00:00'
[2026-06-20T15:34:53.087+0000] {taskinstance.py:430} INFO - ::endgroup::
[2026-06-20T15:34:53.091+0000] {subprocess.py:63} INFO - Tmp dir root location: /tmp
[2026-06-20T15:34:53.092+0000] {subprocess.py:75} INFO - Running command: ['/usr/bin/bash', '-c', 'cd /opt/***/scripts && if [ ! -f model_bank/champion.txt ]; then echo \'[SKIP] no champion.txt for 2023-09-01\'; exit 0; fi && CHAMP=$(cat model_bank/champion.txt | tr -d \'\\n\') && python3 model_inference.py --snapshotdate "2023-09-01" --modelname "$CHAMP"']
[2026-06-20T15:34:53.096+0000] {subprocess.py:86} INFO - Output:
[2026-06-20T15:34:53.098+0000] {subprocess.py:93} INFO - [SKIP] no champion.txt for 2023-09-01
[2026-06-20T15:34:53.099+0000] {subprocess.py:97} INFO - Command exited with return code 0
[2026-06-20T15:34:53.099+0000] {taskinstance.py:441} INFO - ::group::Post task execution logs
[2026-06-20T15:34:53.109+0000] {taskinstance.py:1206} INFO - Marking task as SUCCESS. dag_id=credit_default_ml_pipeline, task_id=inference.xgb_inference, run_id=scheduled__2023-09-01T00:00:00+00:00, execution_date=20230901T000000, start_date=20260620T153452, end_date=20260620T153453
[2026-06-20T15:34:53.138+0000] {local_task_job_runner.py:243} INFO - Task exited with return code 0
[2026-06-20T15:34:53.152+0000] {taskinstance.py:3503} INFO - 0 downstream tasks scheduled from follow-on schedule check
[2026-06-20T15:34:53.154+0000] {local_task_job_runner.py:222} INFO - ::endgroup::
[2026-06-20T17:28:15.031+0000] {local_task_job_runner.py:120} INFO - ::group::Pre task execution logs
[2026-06-20T17:28:15.057+0000] {taskinstance.py:2076} INFO - Dependencies all met for dep_context=non-requeueable deps ti=<TaskInstance: credit_default_ml_pipeline.inference.xgb_inference scheduled__2023-09-01T00:00:00+00:00 [queued]>
[2026-06-20T17:28:15.068+0000] {taskinstance.py:2076} INFO - Dependencies all met for dep_context=requeueable deps ti=<TaskInstance: credit_default_ml_pipeline.inference.xgb_inference scheduled__2023-09-01T00:00:00+00:00 [queued]>
[2026-06-20T17:28:15.068+0000] {taskinstance.py:2306} INFO - Starting attempt 1 of 2
[2026-06-20T17:28:15.197+0000] {taskinstance.py:2330} INFO - Executing <Task(BashOperator): inference.xgb_inference> on 2023-09-01 00:00:00+00:00
[2026-06-20T17:28:15.205+0000] {logging_mixin.py:188} WARNING - /home/***/.local/lib/python3.12/site-packages/***/task/task_runner/standard_task_runner.py:62 DeprecationWarning: This process (pid=28424) is multi-threaded, use of fork() may lead to deadlocks in the child.
[2026-06-20T17:28:15.207+0000] {standard_task_runner.py:64} INFO - Started process 28429 to run task
[2026-06-20T17:28:15.206+0000] {standard_task_runner.py:90} INFO - Running: ['***', 'tasks', 'run', 'credit_default_ml_pipeline', 'inference.xgb_inference', 'scheduled__2023-09-01T00:00:00+00:00', '--job-id', '3148', '--raw', '--subdir', 'DAGS_FOLDER/dag.py', '--cfg-path', '/tmp/tmpj7w0gz80']
[2026-06-20T17:28:15.209+0000] {standard_task_runner.py:91} INFO - Job 3148: Subtask inference.xgb_inference
[2026-06-20T17:28:15.248+0000] {task_command.py:426} INFO - Running <TaskInstance: credit_default_ml_pipeline.inference.xgb_inference scheduled__2023-09-01T00:00:00+00:00 [running]> on host 9cf341f51c89
[2026-06-20T17:28:15.304+0000] {taskinstance.py:2648} INFO - Exporting env vars: AIRFLOW_CTX_DAG_OWNER='***' AIRFLOW_CTX_DAG_ID='credit_default_ml_pipeline' AIRFLOW_CTX_TASK_ID='inference.xgb_inference' AIRFLOW_CTX_EXECUTION_DATE='2023-09-01T00:00:00+00:00' AIRFLOW_CTX_TRY_NUMBER='1' AIRFLOW_CTX_DAG_RUN_ID='scheduled__2023-09-01T00:00:00+00:00'
[2026-06-20T17:28:15.306+0000] {taskinstance.py:430} INFO - ::endgroup::
[2026-06-20T17:28:15.315+0000] {subprocess.py:63} INFO - Tmp dir root location: /tmp
[2026-06-20T17:28:15.316+0000] {subprocess.py:75} INFO - Running command: ['/usr/bin/bash', '-c', 'cd /opt/***/scripts && if [ ! -f model_bank/champion.txt ]; then echo \'[SKIP] no champion.txt for 2023-09-01\'; exit 0; fi && CHAMP=$(cat model_bank/champion.txt | tr -d \'\\n\') && python3 model_inference.py --snapshotdate "2023-09-01" --modelname "$CHAMP"']
[2026-06-20T17:28:15.325+0000] {subprocess.py:86} INFO - Output:
[2026-06-20T17:28:15.328+0000] {subprocess.py:93} INFO - [SKIP] no champion.txt for 2023-09-01
[2026-06-20T17:28:15.329+0000] {subprocess.py:97} INFO - Command exited with return code 0
[2026-06-20T17:28:15.329+0000] {taskinstance.py:441} INFO - ::group::Post task execution logs
[2026-06-20T17:28:15.348+0000] {taskinstance.py:1206} INFO - Marking task as SUCCESS. dag_id=credit_default_ml_pipeline, task_id=inference.xgb_inference, run_id=scheduled__2023-09-01T00:00:00+00:00, execution_date=20230901T000000, start_date=20260620T172815, end_date=20260620T172815
[2026-06-20T17:28:15.388+0000] {local_task_job_runner.py:243} INFO - Task exited with return code 0
[2026-06-20T17:28:15.399+0000] {local_task_job_runner.py:222} INFO - ::endgroup::
[2026-06-21T01:52:44.138+0000] {local_task_job_runner.py:120} INFO - ::group::Pre task execution logs
[2026-06-21T01:52:44.154+0000] {taskinstance.py:2076} INFO - Dependencies all met for dep_context=non-requeueable deps ti=<TaskInstance: credit_default_ml_pipeline.inference.xgb_inference scheduled__2023-09-01T00:00:00+00:00 [queued]>
[2026-06-21T01:52:44.159+0000] {taskinstance.py:2076} INFO - Dependencies all met for dep_context=requeueable deps ti=<TaskInstance: credit_default_ml_pipeline.inference.xgb_inference scheduled__2023-09-01T00:00:00+00:00 [queued]>
[2026-06-21T01:52:44.160+0000] {taskinstance.py:2306} INFO - Starting attempt 1 of 2
[2026-06-21T01:52:44.166+0000] {taskinstance.py:2330} INFO - Executing <Task(BashOperator): inference.xgb_inference> on 2023-09-01 00:00:00+00:00
[2026-06-21T01:52:44.170+0000] {logging_mixin.py:188} WARNING - /home/***/.local/lib/python3.12/site-packages/***/task/task_runner/standard_task_runner.py:62 DeprecationWarning: This process (pid=28295) is multi-threaded, use of fork() may lead to deadlocks in the child.
[2026-06-21T01:52:44.171+0000] {standard_task_runner.py:64} INFO - Started process 28300 to run task
[2026-06-21T01:52:44.171+0000] {standard_task_runner.py:90} INFO - Running: ['***', 'tasks', 'run', 'credit_default_ml_pipeline', 'inference.xgb_inference', 'scheduled__2023-09-01T00:00:00+00:00', '--job-id', '3611', '--raw', '--subdir', 'DAGS_FOLDER/dag.py', '--cfg-path', '/tmp/tmpna6zcv51']
[2026-06-21T01:52:44.172+0000] {standard_task_runner.py:91} INFO - Job 3611: Subtask inference.xgb_inference
[2026-06-21T01:52:44.193+0000] {task_command.py:426} INFO - Running <TaskInstance: credit_default_ml_pipeline.inference.xgb_inference scheduled__2023-09-01T00:00:00+00:00 [running]> on host f6e9e2801916
[2026-06-21T01:52:44.299+0000] {taskinstance.py:2648} INFO - Exporting env vars: AIRFLOW_CTX_DAG_OWNER='***' AIRFLOW_CTX_DAG_ID='credit_default_ml_pipeline' AIRFLOW_CTX_TASK_ID='inference.xgb_inference' AIRFLOW_CTX_EXECUTION_DATE='2023-09-01T00:00:00+00:00' AIRFLOW_CTX_TRY_NUMBER='1' AIRFLOW_CTX_DAG_RUN_ID='scheduled__2023-09-01T00:00:00+00:00'
[2026-06-21T01:52:44.300+0000] {taskinstance.py:430} INFO - ::endgroup::
[2026-06-21T01:52:44.304+0000] {subprocess.py:63} INFO - Tmp dir root location: /tmp
[2026-06-21T01:52:44.306+0000] {subprocess.py:75} INFO - Running command: ['/usr/bin/bash', '-c', 'cd /opt/***/scripts && if [ ! -f model_bank/champion.txt ]; then   echo \'[SKIP] no champion.txt for 2023-09-01\'; exit 0; fi && CHAMP=$(cat model_bank/champion.txt | tr -d \'\\\\n\') && APP_DATE=$(python3 app_date_helper.py \'2023-09-01\') && python3 model_inference.py --snapshotdate "$APP_DATE" --labeldate "2023-09-01" --modelname "$CHAMP"']
[2026-06-21T01:52:44.311+0000] {subprocess.py:86} INFO - Output:
[2026-06-21T01:52:44.312+0000] {subprocess.py:93} INFO - [SKIP] no champion.txt for 2023-09-01
[2026-06-21T01:52:44.312+0000] {subprocess.py:97} INFO - Command exited with return code 0
[2026-06-21T01:52:44.313+0000] {taskinstance.py:441} INFO - ::group::Post task execution logs
[2026-06-21T01:52:44.322+0000] {taskinstance.py:1206} INFO - Marking task as SUCCESS. dag_id=credit_default_ml_pipeline, task_id=inference.xgb_inference, run_id=scheduled__2023-09-01T00:00:00+00:00, execution_date=20230901T000000, start_date=20260621T015244, end_date=20260621T015244
[2026-06-21T01:52:44.354+0000] {local_task_job_runner.py:243} INFO - Task exited with return code 0
[2026-06-21T01:52:44.359+0000] {local_task_job_runner.py:222} INFO - ::endgroup::
[2026-06-21T05:49:47.017+0000] {local_task_job_runner.py:120} INFO - ::group::Pre task execution logs
[2026-06-21T05:49:47.045+0000] {taskinstance.py:2076} INFO - Dependencies all met for dep_context=non-requeueable deps ti=<TaskInstance: credit_default_ml_pipeline.inference.xgb_inference scheduled__2023-09-01T00:00:00+00:00 [queued]>
[2026-06-21T05:49:47.055+0000] {taskinstance.py:2076} INFO - Dependencies all met for dep_context=requeueable deps ti=<TaskInstance: credit_default_ml_pipeline.inference.xgb_inference scheduled__2023-09-01T00:00:00+00:00 [queued]>
[2026-06-21T05:49:47.056+0000] {taskinstance.py:2306} INFO - Starting attempt 1 of 2
[2026-06-21T05:49:47.184+0000] {taskinstance.py:2330} INFO - Executing <Task(BashOperator): inference.xgb_inference> on 2023-09-01 00:00:00+00:00
[2026-06-21T05:49:47.191+0000] {logging_mixin.py:188} WARNING - /home/***/.local/lib/python3.12/site-packages/***/task/task_runner/standard_task_runner.py:62 DeprecationWarning: This process (pid=28967) is multi-threaded, use of fork() may lead to deadlocks in the child.
[2026-06-21T05:49:47.193+0000] {standard_task_runner.py:64} INFO - Started process 28971 to run task
[2026-06-21T05:49:47.191+0000] {standard_task_runner.py:90} INFO - Running: ['***', 'tasks', 'run', 'credit_default_ml_pipeline', 'inference.xgb_inference', 'scheduled__2023-09-01T00:00:00+00:00', '--job-id', '4076', '--raw', '--subdir', 'DAGS_FOLDER/dag.py', '--cfg-path', '/tmp/tmpidsqyuz3']
[2026-06-21T05:49:47.195+0000] {standard_task_runner.py:91} INFO - Job 4076: Subtask inference.xgb_inference
[2026-06-21T05:49:47.234+0000] {task_command.py:426} INFO - Running <TaskInstance: credit_default_ml_pipeline.inference.xgb_inference scheduled__2023-09-01T00:00:00+00:00 [running]> on host 9377a3f0491f
[2026-06-21T05:49:47.293+0000] {taskinstance.py:2648} INFO - Exporting env vars: AIRFLOW_CTX_DAG_OWNER='***' AIRFLOW_CTX_DAG_ID='credit_default_ml_pipeline' AIRFLOW_CTX_TASK_ID='inference.xgb_inference' AIRFLOW_CTX_EXECUTION_DATE='2023-09-01T00:00:00+00:00' AIRFLOW_CTX_TRY_NUMBER='1' AIRFLOW_CTX_DAG_RUN_ID='scheduled__2023-09-01T00:00:00+00:00'
[2026-06-21T05:49:47.294+0000] {taskinstance.py:430} INFO - ::endgroup::
[2026-06-21T05:49:47.306+0000] {subprocess.py:63} INFO - Tmp dir root location: /tmp
[2026-06-21T05:49:47.307+0000] {subprocess.py:75} INFO - Running command: ['/usr/bin/bash', '-c', 'cd /opt/***/scripts && if [ ! -f model_bank/champion.txt ]; then   echo \'[SKIP] no champion.txt for 2023-09-01\'; exit 0; fi && CHAMP=$(cat model_bank/champion.txt | tr -d \'\\\\n\') && APP_DATE=$(python3 app_date_helper.py \'2023-09-01\') && python3 model_inference.py --snapshotdate "$APP_DATE" --labeldate "2023-09-01" --modelname "$CHAMP"']
[2026-06-21T05:49:47.314+0000] {subprocess.py:86} INFO - Output:
[2026-06-21T05:49:47.317+0000] {subprocess.py:93} INFO - [SKIP] no champion.txt for 2023-09-01
[2026-06-21T05:49:47.318+0000] {subprocess.py:97} INFO - Command exited with return code 0
[2026-06-21T05:49:47.318+0000] {taskinstance.py:441} INFO - ::group::Post task execution logs
[2026-06-21T05:49:47.339+0000] {taskinstance.py:1206} INFO - Marking task as SUCCESS. dag_id=credit_default_ml_pipeline, task_id=inference.xgb_inference, run_id=scheduled__2023-09-01T00:00:00+00:00, execution_date=20230901T000000, start_date=20260621T054947, end_date=20260621T054947
[2026-06-21T05:49:47.375+0000] {local_task_job_runner.py:243} INFO - Task exited with return code 0
[2026-06-21T05:49:47.386+0000] {local_task_job_runner.py:222} INFO - ::endgroup::
