[2026-06-19T10:34:07.620+0000] {local_task_job_runner.py:120} INFO - ::group::Pre task execution logs
[2026-06-19T10:34:07.631+0000] {taskinstance.py:2076} INFO - Dependencies all met for dep_context=non-requeueable deps ti=<TaskInstance: credit_default_ml_pipeline.label_pipeline.gold_label_store scheduled__2023-02-01T00:00:00+00:00 [queued]>
[2026-06-19T10:34:07.635+0000] {taskinstance.py:2076} INFO - Dependencies all met for dep_context=requeueable deps ti=<TaskInstance: credit_default_ml_pipeline.label_pipeline.gold_label_store scheduled__2023-02-01T00:00:00+00:00 [queued]>
[2026-06-19T10:34:07.635+0000] {taskinstance.py:2306} INFO - Starting attempt 6 of 7
[2026-06-19T10:34:07.640+0000] {taskinstance.py:2330} INFO - Executing <Task(BashOperator): label_pipeline.gold_label_store> on 2023-02-01 00:00:00+00:00
[2026-06-19T10:34:07.644+0000] {logging_mixin.py:188} WARNING - /home/***/.local/lib/python3.12/site-packages/***/task/task_runner/standard_task_runner.py:62 DeprecationWarning: This process (pid=3255) is multi-threaded, use of fork() may lead to deadlocks in the child.
[2026-06-19T10:34:07.644+0000] {standard_task_runner.py:64} INFO - Started process 3257 to run task
[2026-06-19T10:34:07.644+0000] {standard_task_runner.py:90} INFO - Running: ['***', 'tasks', 'run', 'credit_default_ml_pipeline', 'label_pipeline.gold_label_store', 'scheduled__2023-02-01T00:00:00+00:00', '--job-id', '1361', '--raw', '--subdir', 'DAGS_FOLDER/dag.py', '--cfg-path', '/tmp/tmpy2vz531k']
[2026-06-19T10:34:07.645+0000] {standard_task_runner.py:91} INFO - Job 1361: Subtask label_pipeline.gold_label_store
[2026-06-19T10:34:07.732+0000] {task_command.py:426} INFO - Running <TaskInstance: credit_default_ml_pipeline.label_pipeline.gold_label_store scheduled__2023-02-01T00:00:00+00:00 [running]> on host 9cf341f51c89
[2026-06-19T10:34:07.754+0000] {taskinstance.py:2648} INFO - Exporting env vars: AIRFLOW_CTX_DAG_OWNER='***' AIRFLOW_CTX_DAG_ID='credit_default_ml_pipeline' AIRFLOW_CTX_TASK_ID='label_pipeline.gold_label_store' AIRFLOW_CTX_EXECUTION_DATE='2023-02-01T00:00:00+00:00' AIRFLOW_CTX_TRY_NUMBER='6' AIRFLOW_CTX_DAG_RUN_ID='scheduled__2023-02-01T00:00:00+00:00'
[2026-06-19T10:34:07.756+0000] {taskinstance.py:430} INFO - ::endgroup::
[2026-06-19T10:34:07.760+0000] {subprocess.py:63} INFO - Tmp dir root location: /tmp
[2026-06-19T10:34:07.761+0000] {subprocess.py:75} INFO - Running command: ['/usr/bin/bash', '-c', 'cd /opt/***/scripts && python3 gold_label_store.py --snapshotdate "2023-02-01"']
[2026-06-19T10:34:07.764+0000] {subprocess.py:86} INFO - Output:
[2026-06-19T10:34:08.787+0000] {subprocess.py:93} INFO - Setting default log level to "WARN".
[2026-06-19T10:34:08.788+0000] {subprocess.py:93} INFO - To adjust logging level use sc.setLogLevel(newLevel). For SparkR, use setLogLevel(newLevel).
[2026-06-19T10:34:08.907+0000] {subprocess.py:93} INFO - 26/06/19 10:34:08 WARN NativeCodeLoader: Unable to load native-hadoop library for your platform... using builtin-java classes where applicable
[2026-06-19T10:34:11.337+0000] {subprocess.py:93} INFO - 
[2026-06-19T10:34:11.339+0000] {subprocess.py:93} INFO - --- gold label 2023-02-01 ---
[2026-06-19T10:34:11.340+0000] {subprocess.py:93} INFO - 
[2026-06-19T10:34:11.340+0000] {subprocess.py:93} INFO - [gold:label] loaded datamart/silver/lms/2023_02_01.parquet rows: 2062
[2026-06-19T10:34:11.341+0000] {subprocess.py:93} INFO - [gold:label] saved to: datamart/gold/label_store/gold_label_store_2023_02_01.parquet
[2026-06-19T10:34:11.341+0000] {subprocess.py:93} INFO - 
[2026-06-19T10:34:11.342+0000] {subprocess.py:93} INFO - --- done ---
[2026-06-19T10:34:11.342+0000] {subprocess.py:93} INFO - 
[2026-06-19T10:34:11.802+0000] {subprocess.py:97} INFO - Command exited with return code 0
[2026-06-19T10:34:11.804+0000] {taskinstance.py:441} INFO - ::group::Post task execution logs
[2026-06-19T10:34:11.820+0000] {taskinstance.py:1206} INFO - Marking task as SUCCESS. dag_id=credit_default_ml_pipeline, task_id=label_pipeline.gold_label_store, run_id=scheduled__2023-02-01T00:00:00+00:00, execution_date=20230201T000000, start_date=20260619T103407, end_date=20260619T103411
[2026-06-19T10:34:11.861+0000] {local_task_job_runner.py:243} INFO - Task exited with return code 0
[2026-06-19T10:34:11.941+0000] {taskinstance.py:3503} INFO - 0 downstream tasks scheduled from follow-on schedule check
[2026-06-19T10:34:11.943+0000] {local_task_job_runner.py:222} INFO - ::endgroup::
