[2026-06-20T08:09:08.773+0000] {local_task_job_runner.py:120} INFO - ::group::Pre task execution logs
[2026-06-20T08:09:08.784+0000] {taskinstance.py:2076} INFO - Dependencies all met for dep_context=non-requeueable deps ti=<TaskInstance: credit_default_ml_pipeline.monitoring.check_drift_alert scheduled__2024-08-01T00:00:00+00:00 [queued]>
[2026-06-20T08:09:08.788+0000] {taskinstance.py:2076} INFO - Dependencies all met for dep_context=requeueable deps ti=<TaskInstance: credit_default_ml_pipeline.monitoring.check_drift_alert scheduled__2024-08-01T00:00:00+00:00 [queued]>
[2026-06-20T08:09:08.788+0000] {taskinstance.py:2306} INFO - Starting attempt 1 of 2
[2026-06-20T08:09:08.862+0000] {taskinstance.py:2330} INFO - Executing <Task(ShortCircuitOperator): monitoring.check_drift_alert> on 2024-08-01 00:00:00+00:00
[2026-06-20T08:09:08.866+0000] {logging_mixin.py:188} WARNING - /home/***/.local/lib/python3.12/site-packages/***/task/task_runner/standard_task_runner.py:62 DeprecationWarning: This process (pid=59350) is multi-threaded, use of fork() may lead to deadlocks in the child.
[2026-06-20T08:09:08.867+0000] {standard_task_runner.py:64} INFO - Started process 59352 to run task
[2026-06-20T08:09:08.866+0000] {standard_task_runner.py:90} INFO - Running: ['***', 'tasks', 'run', 'credit_default_ml_pipeline', 'monitoring.check_drift_alert', 'scheduled__2024-08-01T00:00:00+00:00', '--job-id', '2313', '--raw', '--subdir', 'DAGS_FOLDER/dag.py', '--cfg-path', '/tmp/tmpek5ay2fz']
[2026-06-20T08:09:08.868+0000] {standard_task_runner.py:91} INFO - Job 2313: Subtask monitoring.check_drift_alert
[2026-06-20T08:09:08.885+0000] {task_command.py:426} INFO - Running <TaskInstance: credit_default_ml_pipeline.monitoring.check_drift_alert scheduled__2024-08-01T00:00:00+00:00 [running]> on host 9cf341f51c89
[2026-06-20T08:09:08.910+0000] {taskinstance.py:2648} INFO - Exporting env vars: AIRFLOW_CTX_DAG_OWNER='***' AIRFLOW_CTX_DAG_ID='credit_default_ml_pipeline' AIRFLOW_CTX_TASK_ID='monitoring.check_drift_alert' AIRFLOW_CTX_EXECUTION_DATE='2024-08-01T00:00:00+00:00' AIRFLOW_CTX_TRY_NUMBER='1' AIRFLOW_CTX_DAG_RUN_ID='scheduled__2024-08-01T00:00:00+00:00'
[2026-06-20T08:09:08.911+0000] {taskinstance.py:430} INFO - ::endgroup::
[2026-06-20T08:09:08.916+0000] {baseoperator.py:400} WARNING - ShortCircuitOperator.execute cannot be called outside TaskInstance!
[2026-06-20T08:09:08.916+0000] {python.py:237} INFO - Done. Returned value was: False
[2026-06-20T08:09:08.917+0000] {python.py:304} INFO - Condition result is False
[2026-06-20T08:09:08.917+0000] {python.py:331} INFO - Skipping downstream tasks
[2026-06-20T08:09:08.925+0000] {python.py:339} INFO - Done.
[2026-06-20T08:09:08.925+0000] {taskinstance.py:441} INFO - ::group::Post task execution logs
[2026-06-20T08:09:08.931+0000] {taskinstance.py:1206} INFO - Marking task as SUCCESS. dag_id=credit_default_ml_pipeline, task_id=monitoring.check_drift_alert, run_id=scheduled__2024-08-01T00:00:00+00:00, execution_date=20240801T000000, start_date=20260620T080908, end_date=20260620T080908
[2026-06-20T08:09:08.967+0000] {local_task_job_runner.py:243} INFO - Task exited with return code 0
[2026-06-20T08:09:08.974+0000] {taskinstance.py:3503} INFO - 0 downstream tasks scheduled from follow-on schedule check
[2026-06-20T08:09:08.975+0000] {local_task_job_runner.py:222} INFO - ::endgroup::
[2026-06-20T16:05:56.798+0000] {local_task_job_runner.py:120} INFO - ::group::Pre task execution logs
[2026-06-20T16:05:56.810+0000] {taskinstance.py:2076} INFO - Dependencies all met for dep_context=non-requeueable deps ti=<TaskInstance: credit_default_ml_pipeline.monitoring.check_drift_alert scheduled__2024-08-01T00:00:00+00:00 [queued]>
[2026-06-20T16:05:56.814+0000] {taskinstance.py:2076} INFO - Dependencies all met for dep_context=requeueable deps ti=<TaskInstance: credit_default_ml_pipeline.monitoring.check_drift_alert scheduled__2024-08-01T00:00:00+00:00 [queued]>
[2026-06-20T16:05:56.815+0000] {taskinstance.py:2306} INFO - Starting attempt 1 of 2
[2026-06-20T16:05:56.874+0000] {taskinstance.py:2330} INFO - Executing <Task(ShortCircuitOperator): monitoring.check_drift_alert> on 2024-08-01 00:00:00+00:00
[2026-06-20T16:05:56.877+0000] {logging_mixin.py:188} WARNING - /home/***/.local/lib/python3.12/site-packages/***/task/task_runner/standard_task_runner.py:62 DeprecationWarning: This process (pid=45598) is multi-threaded, use of fork() may lead to deadlocks in the child.
[2026-06-20T16:05:56.878+0000] {standard_task_runner.py:64} INFO - Started process 45600 to run task
[2026-06-20T16:05:56.878+0000] {standard_task_runner.py:90} INFO - Running: ['***', 'tasks', 'run', 'credit_default_ml_pipeline', 'monitoring.check_drift_alert', 'scheduled__2024-08-01T00:00:00+00:00', '--job-id', '2785', '--raw', '--subdir', 'DAGS_FOLDER/dag.py', '--cfg-path', '/tmp/tmpyjvkbp7u']
[2026-06-20T16:05:56.879+0000] {standard_task_runner.py:91} INFO - Job 2785: Subtask monitoring.check_drift_alert
[2026-06-20T16:05:56.896+0000] {task_command.py:426} INFO - Running <TaskInstance: credit_default_ml_pipeline.monitoring.check_drift_alert scheduled__2024-08-01T00:00:00+00:00 [running]> on host 9cf341f51c89
[2026-06-20T16:05:56.922+0000] {taskinstance.py:2648} INFO - Exporting env vars: AIRFLOW_CTX_DAG_OWNER='***' AIRFLOW_CTX_DAG_ID='credit_default_ml_pipeline' AIRFLOW_CTX_TASK_ID='monitoring.check_drift_alert' AIRFLOW_CTX_EXECUTION_DATE='2024-08-01T00:00:00+00:00' AIRFLOW_CTX_TRY_NUMBER='1' AIRFLOW_CTX_DAG_RUN_ID='scheduled__2024-08-01T00:00:00+00:00'
[2026-06-20T16:05:56.923+0000] {taskinstance.py:430} INFO - ::endgroup::
[2026-06-20T16:05:56.927+0000] {baseoperator.py:400} WARNING - ShortCircuitOperator.execute cannot be called outside TaskInstance!
[2026-06-20T16:05:56.928+0000] {python.py:237} INFO - Done. Returned value was: False
[2026-06-20T16:05:56.928+0000] {python.py:304} INFO - Condition result is False
[2026-06-20T16:05:56.928+0000] {python.py:331} INFO - Skipping downstream tasks
[2026-06-20T16:05:56.936+0000] {python.py:339} INFO - Done.
[2026-06-20T16:05:56.937+0000] {taskinstance.py:441} INFO - ::group::Post task execution logs
[2026-06-20T16:05:56.942+0000] {taskinstance.py:1206} INFO - Marking task as SUCCESS. dag_id=credit_default_ml_pipeline, task_id=monitoring.check_drift_alert, run_id=scheduled__2024-08-01T00:00:00+00:00, execution_date=20240801T000000, start_date=20260620T160556, end_date=20260620T160556
[2026-06-20T16:05:56.976+0000] {local_task_job_runner.py:243} INFO - Task exited with return code 0
[2026-06-20T16:05:56.983+0000] {taskinstance.py:3503} INFO - 0 downstream tasks scheduled from follow-on schedule check
[2026-06-20T16:05:56.984+0000] {local_task_job_runner.py:222} INFO - ::endgroup::
[2026-06-20T18:02:41.411+0000] {local_task_job_runner.py:120} INFO - ::group::Pre task execution logs
[2026-06-20T18:02:41.424+0000] {taskinstance.py:2076} INFO - Dependencies all met for dep_context=non-requeueable deps ti=<TaskInstance: credit_default_ml_pipeline.monitoring.check_drift_alert scheduled__2024-08-01T00:00:00+00:00 [queued]>
[2026-06-20T18:02:41.427+0000] {taskinstance.py:2076} INFO - Dependencies all met for dep_context=requeueable deps ti=<TaskInstance: credit_default_ml_pipeline.monitoring.check_drift_alert scheduled__2024-08-01T00:00:00+00:00 [queued]>
[2026-06-20T18:02:41.427+0000] {taskinstance.py:2306} INFO - Starting attempt 1 of 2
[2026-06-20T18:02:41.497+0000] {taskinstance.py:2330} INFO - Executing <Task(ShortCircuitOperator): monitoring.check_drift_alert> on 2024-08-01 00:00:00+00:00
[2026-06-20T18:02:41.500+0000] {logging_mixin.py:188} WARNING - /home/***/.local/lib/python3.12/site-packages/***/task/task_runner/standard_task_runner.py:62 DeprecationWarning: This process (pid=64160) is multi-threaded, use of fork() may lead to deadlocks in the child.
[2026-06-20T18:02:41.501+0000] {standard_task_runner.py:64} INFO - Started process 64162 to run task
[2026-06-20T18:02:41.501+0000] {standard_task_runner.py:90} INFO - Running: ['***', 'tasks', 'run', 'credit_default_ml_pipeline', 'monitoring.check_drift_alert', 'scheduled__2024-08-01T00:00:00+00:00', '--job-id', '3361', '--raw', '--subdir', 'DAGS_FOLDER/dag.py', '--cfg-path', '/tmp/tmp_jbvkadf']
[2026-06-20T18:02:41.502+0000] {standard_task_runner.py:91} INFO - Job 3361: Subtask monitoring.check_drift_alert
[2026-06-20T18:02:41.518+0000] {task_command.py:426} INFO - Running <TaskInstance: credit_default_ml_pipeline.monitoring.check_drift_alert scheduled__2024-08-01T00:00:00+00:00 [running]> on host 9cf341f51c89
[2026-06-20T18:02:41.543+0000] {taskinstance.py:2648} INFO - Exporting env vars: AIRFLOW_CTX_DAG_OWNER='***' AIRFLOW_CTX_DAG_ID='credit_default_ml_pipeline' AIRFLOW_CTX_TASK_ID='monitoring.check_drift_alert' AIRFLOW_CTX_EXECUTION_DATE='2024-08-01T00:00:00+00:00' AIRFLOW_CTX_TRY_NUMBER='1' AIRFLOW_CTX_DAG_RUN_ID='scheduled__2024-08-01T00:00:00+00:00'
[2026-06-20T18:02:41.544+0000] {taskinstance.py:430} INFO - ::endgroup::
[2026-06-20T18:02:41.549+0000] {baseoperator.py:400} WARNING - ShortCircuitOperator.execute cannot be called outside TaskInstance!
[2026-06-20T18:02:41.549+0000] {python.py:237} INFO - Done. Returned value was: False
[2026-06-20T18:02:41.549+0000] {python.py:304} INFO - Condition result is False
[2026-06-20T18:02:41.550+0000] {python.py:331} INFO - Skipping downstream tasks
[2026-06-20T18:02:41.557+0000] {python.py:339} INFO - Done.
[2026-06-20T18:02:41.558+0000] {taskinstance.py:441} INFO - ::group::Post task execution logs
[2026-06-20T18:02:41.563+0000] {taskinstance.py:1206} INFO - Marking task as SUCCESS. dag_id=credit_default_ml_pipeline, task_id=monitoring.check_drift_alert, run_id=scheduled__2024-08-01T00:00:00+00:00, execution_date=20240801T000000, start_date=20260620T180241, end_date=20260620T180241
[2026-06-20T18:02:41.607+0000] {local_task_job_runner.py:243} INFO - Task exited with return code 0
[2026-06-20T18:02:41.614+0000] {taskinstance.py:3503} INFO - 0 downstream tasks scheduled from follow-on schedule check
[2026-06-20T18:02:41.615+0000] {local_task_job_runner.py:222} INFO - ::endgroup::
[2026-06-21T02:57:26.459+0000] {local_task_job_runner.py:120} INFO - ::group::Pre task execution logs
[2026-06-21T02:57:26.480+0000] {taskinstance.py:2076} INFO - Dependencies all met for dep_context=non-requeueable deps ti=<TaskInstance: credit_default_ml_pipeline.monitoring.check_drift_alert scheduled__2024-08-01T00:00:00+00:00 [queued]>
[2026-06-21T02:57:26.494+0000] {taskinstance.py:2076} INFO - Dependencies all met for dep_context=requeueable deps ti=<TaskInstance: credit_default_ml_pipeline.monitoring.check_drift_alert scheduled__2024-08-01T00:00:00+00:00 [queued]>
[2026-06-21T02:57:26.495+0000] {taskinstance.py:2306} INFO - Starting attempt 1 of 2
[2026-06-21T02:57:26.502+0000] {taskinstance.py:2330} INFO - Executing <Task(ShortCircuitOperator): monitoring.check_drift_alert> on 2024-08-01 00:00:00+00:00
[2026-06-21T02:57:26.508+0000] {logging_mixin.py:188} WARNING - /home/***/.local/lib/python3.12/site-packages/***/task/task_runner/standard_task_runner.py:62 DeprecationWarning: This process (pid=63102) is multi-threaded, use of fork() may lead to deadlocks in the child.
[2026-06-21T02:57:26.509+0000] {standard_task_runner.py:64} INFO - Started process 63104 to run task
[2026-06-21T02:57:26.508+0000] {standard_task_runner.py:90} INFO - Running: ['***', 'tasks', 'run', 'credit_default_ml_pipeline', 'monitoring.check_drift_alert', 'scheduled__2024-08-01T00:00:00+00:00', '--job-id', '3827', '--raw', '--subdir', 'DAGS_FOLDER/dag.py', '--cfg-path', '/tmp/tmpue1kpa17']
[2026-06-21T02:57:26.512+0000] {standard_task_runner.py:91} INFO - Job 3827: Subtask monitoring.check_drift_alert
[2026-06-21T02:57:26.545+0000] {task_command.py:426} INFO - Running <TaskInstance: credit_default_ml_pipeline.monitoring.check_drift_alert scheduled__2024-08-01T00:00:00+00:00 [running]> on host f6e9e2801916
[2026-06-21T02:57:26.724+0000] {taskinstance.py:2648} INFO - Exporting env vars: AIRFLOW_CTX_DAG_OWNER='***' AIRFLOW_CTX_DAG_ID='credit_default_ml_pipeline' AIRFLOW_CTX_TASK_ID='monitoring.check_drift_alert' AIRFLOW_CTX_EXECUTION_DATE='2024-08-01T00:00:00+00:00' AIRFLOW_CTX_TRY_NUMBER='1' AIRFLOW_CTX_DAG_RUN_ID='scheduled__2024-08-01T00:00:00+00:00'
[2026-06-21T02:57:26.725+0000] {taskinstance.py:430} INFO - ::endgroup::
[2026-06-21T02:57:26.730+0000] {baseoperator.py:400} WARNING - ShortCircuitOperator.execute cannot be called outside TaskInstance!
[2026-06-21T02:57:26.731+0000] {python.py:237} INFO - Done. Returned value was: False
[2026-06-21T02:57:26.731+0000] {python.py:304} INFO - Condition result is False
[2026-06-21T02:57:26.732+0000] {python.py:331} INFO - Skipping downstream tasks
[2026-06-21T02:57:26.742+0000] {python.py:339} INFO - Done.
[2026-06-21T02:57:26.742+0000] {taskinstance.py:441} INFO - ::group::Post task execution logs
[2026-06-21T02:57:26.748+0000] {taskinstance.py:1206} INFO - Marking task as SUCCESS. dag_id=credit_default_ml_pipeline, task_id=monitoring.check_drift_alert, run_id=scheduled__2024-08-01T00:00:00+00:00, execution_date=20240801T000000, start_date=20260621T025726, end_date=20260621T025726
[2026-06-21T02:57:26.774+0000] {local_task_job_runner.py:243} INFO - Task exited with return code 0
[2026-06-21T02:57:26.782+0000] {taskinstance.py:3503} INFO - 0 downstream tasks scheduled from follow-on schedule check
[2026-06-21T02:57:26.783+0000] {local_task_job_runner.py:222} INFO - ::endgroup::
[2026-06-21T06:23:55.527+0000] {local_task_job_runner.py:120} INFO - ::group::Pre task execution logs
[2026-06-21T06:23:55.540+0000] {taskinstance.py:2076} INFO - Dependencies all met for dep_context=non-requeueable deps ti=<TaskInstance: credit_default_ml_pipeline.monitoring.check_drift_alert scheduled__2024-08-01T00:00:00+00:00 [queued]>
[2026-06-21T06:23:55.543+0000] {taskinstance.py:2076} INFO - Dependencies all met for dep_context=requeueable deps ti=<TaskInstance: credit_default_ml_pipeline.monitoring.check_drift_alert scheduled__2024-08-01T00:00:00+00:00 [queued]>
[2026-06-21T06:23:55.544+0000] {taskinstance.py:2306} INFO - Starting attempt 1 of 2
[2026-06-21T06:23:55.611+0000] {taskinstance.py:2330} INFO - Executing <Task(ShortCircuitOperator): monitoring.check_drift_alert> on 2024-08-01 00:00:00+00:00
[2026-06-21T06:23:55.615+0000] {logging_mixin.py:188} WARNING - /home/***/.local/lib/python3.12/site-packages/***/task/task_runner/standard_task_runner.py:62 DeprecationWarning: This process (pid=64948) is multi-threaded, use of fork() may lead to deadlocks in the child.
[2026-06-21T06:23:55.616+0000] {standard_task_runner.py:64} INFO - Started process 64950 to run task
[2026-06-21T06:23:55.616+0000] {standard_task_runner.py:90} INFO - Running: ['***', 'tasks', 'run', 'credit_default_ml_pipeline', 'monitoring.check_drift_alert', 'scheduled__2024-08-01T00:00:00+00:00', '--job-id', '4288', '--raw', '--subdir', 'DAGS_FOLDER/dag.py', '--cfg-path', '/tmp/tmp97jwgnln']
[2026-06-21T06:23:55.617+0000] {standard_task_runner.py:91} INFO - Job 4288: Subtask monitoring.check_drift_alert
[2026-06-21T06:23:55.636+0000] {task_command.py:426} INFO - Running <TaskInstance: credit_default_ml_pipeline.monitoring.check_drift_alert scheduled__2024-08-01T00:00:00+00:00 [running]> on host 9377a3f0491f
[2026-06-21T06:23:55.661+0000] {taskinstance.py:2648} INFO - Exporting env vars: AIRFLOW_CTX_DAG_OWNER='***' AIRFLOW_CTX_DAG_ID='credit_default_ml_pipeline' AIRFLOW_CTX_TASK_ID='monitoring.check_drift_alert' AIRFLOW_CTX_EXECUTION_DATE='2024-08-01T00:00:00+00:00' AIRFLOW_CTX_TRY_NUMBER='1' AIRFLOW_CTX_DAG_RUN_ID='scheduled__2024-08-01T00:00:00+00:00'
[2026-06-21T06:23:55.663+0000] {taskinstance.py:430} INFO - ::endgroup::
[2026-06-21T06:23:55.668+0000] {baseoperator.py:400} WARNING - ShortCircuitOperator.execute cannot be called outside TaskInstance!
[2026-06-21T06:23:55.668+0000] {python.py:237} INFO - Done. Returned value was: False
[2026-06-21T06:23:55.668+0000] {python.py:304} INFO - Condition result is False
[2026-06-21T06:23:55.669+0000] {python.py:331} INFO - Skipping downstream tasks
[2026-06-21T06:23:55.676+0000] {python.py:339} INFO - Done.
[2026-06-21T06:23:55.677+0000] {taskinstance.py:441} INFO - ::group::Post task execution logs
[2026-06-21T06:23:55.683+0000] {taskinstance.py:1206} INFO - Marking task as SUCCESS. dag_id=credit_default_ml_pipeline, task_id=monitoring.check_drift_alert, run_id=scheduled__2024-08-01T00:00:00+00:00, execution_date=20240801T000000, start_date=20260621T062355, end_date=20260621T062355
[2026-06-21T06:23:55.715+0000] {local_task_job_runner.py:243} INFO - Task exited with return code 0
[2026-06-21T06:23:55.722+0000] {taskinstance.py:3503} INFO - 0 downstream tasks scheduled from follow-on schedule check
[2026-06-21T06:23:55.722+0000] {local_task_job_runner.py:222} INFO - ::endgroup::
