[2026-06-20T05:45:07.362+0000] {local_task_job_runner.py:120} INFO - ::group::Pre task execution logs
[2026-06-20T05:45:07.374+0000] {taskinstance.py:2076} INFO - Dependencies all met for dep_context=non-requeueable deps ti=<TaskInstance: credit_default_ml_pipeline.monitoring.xgb_monitor scheduled__2023-04-01T00:00:00+00:00 [queued]>
[2026-06-20T05:45:07.379+0000] {taskinstance.py:2076} INFO - Dependencies all met for dep_context=requeueable deps ti=<TaskInstance: credit_default_ml_pipeline.monitoring.xgb_monitor scheduled__2023-04-01T00:00:00+00:00 [queued]>
[2026-06-20T05:45:07.379+0000] {taskinstance.py:2306} INFO - Starting attempt 1 of 2
[2026-06-20T05:45:07.460+0000] {taskinstance.py:2330} INFO - Executing <Task(BashOperator): monitoring.xgb_monitor> on 2023-04-01 00:00:00+00:00
[2026-06-20T05:45:07.463+0000] {logging_mixin.py:188} WARNING - /home/***/.local/lib/python3.12/site-packages/***/task/task_runner/standard_task_runner.py:62 DeprecationWarning: This process (pid=23186) is multi-threaded, use of fork() may lead to deadlocks in the child.
[2026-06-20T05:45:07.464+0000] {standard_task_runner.py:64} INFO - Started process 23192 to run task
[2026-06-20T05:45:07.463+0000] {standard_task_runner.py:90} INFO - Running: ['***', 'tasks', 'run', 'credit_default_ml_pipeline', 'monitoring.xgb_monitor', 'scheduled__2023-04-01T00:00:00+00:00', '--job-id', '1515', '--raw', '--subdir', 'DAGS_FOLDER/dag.py', '--cfg-path', '/tmp/tmpxa55wkcp']
[2026-06-20T05:45:07.465+0000] {standard_task_runner.py:91} INFO - Job 1515: Subtask monitoring.xgb_monitor
[2026-06-20T05:45:07.484+0000] {task_command.py:426} INFO - Running <TaskInstance: credit_default_ml_pipeline.monitoring.xgb_monitor scheduled__2023-04-01T00:00:00+00:00 [running]> on host 9cf341f51c89
[2026-06-20T05:45:07.511+0000] {taskinstance.py:2648} INFO - Exporting env vars: AIRFLOW_CTX_DAG_OWNER='***' AIRFLOW_CTX_DAG_ID='credit_default_ml_pipeline' AIRFLOW_CTX_TASK_ID='monitoring.xgb_monitor' AIRFLOW_CTX_EXECUTION_DATE='2023-04-01T00:00:00+00:00' AIRFLOW_CTX_TRY_NUMBER='1' AIRFLOW_CTX_DAG_RUN_ID='scheduled__2023-04-01T00:00:00+00:00'
[2026-06-20T05:45:07.512+0000] {taskinstance.py:430} INFO - ::endgroup::
[2026-06-20T05:45:07.517+0000] {subprocess.py:63} INFO - Tmp dir root location: /tmp
[2026-06-20T05:45:07.517+0000] {subprocess.py:75} INFO - Running command: ['/usr/bin/bash', '-c', 'cd /opt/***/scripts && if [ ! -f model_bank/champion.txt ]; then echo \'[SKIP] no champion.txt for 2023-04-01\'; exit 0; fi && CHAMP=$(cat model_bank/champion.txt | tr -d \'\\n\') && python3 model_monitor.py --snapshotdate "2023-04-01" --modelname "$CHAMP"']
[2026-06-20T05:45:07.521+0000] {subprocess.py:86} INFO - Output:
[2026-06-20T05:45:07.524+0000] {subprocess.py:93} INFO - [SKIP] no champion.txt for 2023-04-01
[2026-06-20T05:45:07.524+0000] {subprocess.py:97} INFO - Command exited with return code 0
[2026-06-20T05:45:07.525+0000] {taskinstance.py:441} INFO - ::group::Post task execution logs
[2026-06-20T05:45:07.538+0000] {taskinstance.py:1206} INFO - Marking task as SUCCESS. dag_id=credit_default_ml_pipeline, task_id=monitoring.xgb_monitor, run_id=scheduled__2023-04-01T00:00:00+00:00, execution_date=20230401T000000, start_date=20260620T054507, end_date=20260620T054507
[2026-06-20T05:45:07.563+0000] {local_task_job_runner.py:243} INFO - Task exited with return code 0
[2026-06-20T05:45:07.572+0000] {taskinstance.py:3503} INFO - 0 downstream tasks scheduled from follow-on schedule check
[2026-06-20T05:45:07.573+0000] {local_task_job_runner.py:222} INFO - ::endgroup::
[2026-06-20T06:52:02.275+0000] {local_task_job_runner.py:120} INFO - ::group::Pre task execution logs
[2026-06-20T06:52:02.288+0000] {taskinstance.py:2076} INFO - Dependencies all met for dep_context=non-requeueable deps ti=<TaskInstance: credit_default_ml_pipeline.monitoring.xgb_monitor scheduled__2023-04-01T00:00:00+00:00 [queued]>
[2026-06-20T06:52:02.291+0000] {taskinstance.py:2076} INFO - Dependencies all met for dep_context=requeueable deps ti=<TaskInstance: credit_default_ml_pipeline.monitoring.xgb_monitor scheduled__2023-04-01T00:00:00+00:00 [queued]>
[2026-06-20T06:52:02.294+0000] {taskinstance.py:2306} INFO - Starting attempt 1 of 2
[2026-06-20T06:52:02.376+0000] {taskinstance.py:2330} INFO - Executing <Task(BashOperator): monitoring.xgb_monitor> on 2023-04-01 00:00:00+00:00
[2026-06-20T06:52:02.380+0000] {logging_mixin.py:188} WARNING - /home/***/.local/lib/python3.12/site-packages/***/task/task_runner/standard_task_runner.py:62 DeprecationWarning: This process (pid=75959) is multi-threaded, use of fork() may lead to deadlocks in the child.
[2026-06-20T06:52:02.381+0000] {standard_task_runner.py:64} INFO - Started process 75966 to run task
[2026-06-20T06:52:02.380+0000] {standard_task_runner.py:90} INFO - Running: ['***', 'tasks', 'run', 'credit_default_ml_pipeline', 'monitoring.xgb_monitor', 'scheduled__2023-04-01T00:00:00+00:00', '--job-id', '1827', '--raw', '--subdir', 'DAGS_FOLDER/dag.py', '--cfg-path', '/tmp/tmpi19ydgv0']
[2026-06-20T06:52:02.382+0000] {standard_task_runner.py:91} INFO - Job 1827: Subtask monitoring.xgb_monitor
[2026-06-20T06:52:02.404+0000] {task_command.py:426} INFO - Running <TaskInstance: credit_default_ml_pipeline.monitoring.xgb_monitor scheduled__2023-04-01T00:00:00+00:00 [running]> on host 9cf341f51c89
[2026-06-20T06:52:02.434+0000] {taskinstance.py:2648} INFO - Exporting env vars: AIRFLOW_CTX_DAG_OWNER='***' AIRFLOW_CTX_DAG_ID='credit_default_ml_pipeline' AIRFLOW_CTX_TASK_ID='monitoring.xgb_monitor' AIRFLOW_CTX_EXECUTION_DATE='2023-04-01T00:00:00+00:00' AIRFLOW_CTX_TRY_NUMBER='1' AIRFLOW_CTX_DAG_RUN_ID='scheduled__2023-04-01T00:00:00+00:00'
[2026-06-20T06:52:02.435+0000] {taskinstance.py:430} INFO - ::endgroup::
[2026-06-20T06:52:02.440+0000] {subprocess.py:63} INFO - Tmp dir root location: /tmp
[2026-06-20T06:52:02.441+0000] {subprocess.py:75} INFO - Running command: ['/usr/bin/bash', '-c', 'cd /opt/***/scripts && if [ ! -f model_bank/champion.txt ]; then echo \'[SKIP] no champion.txt for 2023-04-01\'; exit 0; fi && CHAMP=$(cat model_bank/champion.txt | tr -d \'\\n\') && python3 model_monitor.py --snapshotdate "2023-04-01" --modelname "$CHAMP"']
[2026-06-20T06:52:02.446+0000] {subprocess.py:86} INFO - Output:
[2026-06-20T06:52:02.447+0000] {subprocess.py:93} INFO - [SKIP] no champion.txt for 2023-04-01
[2026-06-20T06:52:02.447+0000] {subprocess.py:97} INFO - Command exited with return code 0
[2026-06-20T06:52:02.448+0000] {taskinstance.py:441} INFO - ::group::Post task execution logs
[2026-06-20T06:52:02.458+0000] {taskinstance.py:1206} INFO - Marking task as SUCCESS. dag_id=credit_default_ml_pipeline, task_id=monitoring.xgb_monitor, run_id=scheduled__2023-04-01T00:00:00+00:00, execution_date=20230401T000000, start_date=20260620T065202, end_date=20260620T065202
[2026-06-20T06:52:02.480+0000] {local_task_job_runner.py:243} INFO - Task exited with return code 0
[2026-06-20T06:52:02.489+0000] {taskinstance.py:3503} INFO - 0 downstream tasks scheduled from follow-on schedule check
[2026-06-20T06:52:02.490+0000] {local_task_job_runner.py:222} INFO - ::endgroup::
[2026-06-20T07:20:19.531+0000] {local_task_job_runner.py:120} INFO - ::group::Pre task execution logs
[2026-06-20T07:20:19.545+0000] {taskinstance.py:2076} INFO - Dependencies all met for dep_context=non-requeueable deps ti=<TaskInstance: credit_default_ml_pipeline.monitoring.xgb_monitor scheduled__2023-04-01T00:00:00+00:00 [queued]>
[2026-06-20T07:20:19.552+0000] {taskinstance.py:2076} INFO - Dependencies all met for dep_context=requeueable deps ti=<TaskInstance: credit_default_ml_pipeline.monitoring.xgb_monitor scheduled__2023-04-01T00:00:00+00:00 [queued]>
[2026-06-20T07:20:19.553+0000] {taskinstance.py:2306} INFO - Starting attempt 1 of 2
[2026-06-20T07:20:19.649+0000] {taskinstance.py:2330} INFO - Executing <Task(BashOperator): monitoring.xgb_monitor> on 2023-04-01 00:00:00+00:00
[2026-06-20T07:20:19.653+0000] {logging_mixin.py:188} WARNING - /home/***/.local/lib/python3.12/site-packages/***/task/task_runner/standard_task_runner.py:62 DeprecationWarning: This process (pid=7452) is multi-threaded, use of fork() may lead to deadlocks in the child.
[2026-06-20T07:20:19.655+0000] {standard_task_runner.py:64} INFO - Started process 7459 to run task
[2026-06-20T07:20:19.654+0000] {standard_task_runner.py:90} INFO - Running: ['***', 'tasks', 'run', 'credit_default_ml_pipeline', 'monitoring.xgb_monitor', 'scheduled__2023-04-01T00:00:00+00:00', '--job-id', '2006', '--raw', '--subdir', 'DAGS_FOLDER/dag.py', '--cfg-path', '/tmp/tmptzpu3why']
[2026-06-20T07:20:19.655+0000] {standard_task_runner.py:91} INFO - Job 2006: Subtask monitoring.xgb_monitor
[2026-06-20T07:20:19.679+0000] {task_command.py:426} INFO - Running <TaskInstance: credit_default_ml_pipeline.monitoring.xgb_monitor scheduled__2023-04-01T00:00:00+00:00 [running]> on host 9cf341f51c89
[2026-06-20T07:20:19.713+0000] {taskinstance.py:2648} INFO - Exporting env vars: AIRFLOW_CTX_DAG_OWNER='***' AIRFLOW_CTX_DAG_ID='credit_default_ml_pipeline' AIRFLOW_CTX_TASK_ID='monitoring.xgb_monitor' AIRFLOW_CTX_EXECUTION_DATE='2023-04-01T00:00:00+00:00' AIRFLOW_CTX_TRY_NUMBER='1' AIRFLOW_CTX_DAG_RUN_ID='scheduled__2023-04-01T00:00:00+00:00'
[2026-06-20T07:20:19.714+0000] {taskinstance.py:430} INFO - ::endgroup::
[2026-06-20T07:20:19.719+0000] {subprocess.py:63} INFO - Tmp dir root location: /tmp
[2026-06-20T07:20:19.721+0000] {subprocess.py:75} INFO - Running command: ['/usr/bin/bash', '-c', 'cd /opt/***/scripts && if [ ! -f model_bank/champion.txt ]; then echo \'[SKIP] no champion.txt for 2023-04-01\'; exit 0; fi && CHAMP=$(cat model_bank/champion.txt | tr -d \'\\n\') && python3 model_monitor.py --snapshotdate "2023-04-01" --modelname "$CHAMP"']
[2026-06-20T07:20:19.726+0000] {subprocess.py:86} INFO - Output:
[2026-06-20T07:20:19.728+0000] {subprocess.py:93} INFO - [SKIP] no champion.txt for 2023-04-01
[2026-06-20T07:20:19.729+0000] {subprocess.py:97} INFO - Command exited with return code 0
[2026-06-20T07:20:19.729+0000] {taskinstance.py:441} INFO - ::group::Post task execution logs
[2026-06-20T07:20:19.739+0000] {taskinstance.py:1206} INFO - Marking task as SUCCESS. dag_id=credit_default_ml_pipeline, task_id=monitoring.xgb_monitor, run_id=scheduled__2023-04-01T00:00:00+00:00, execution_date=20230401T000000, start_date=20260620T072019, end_date=20260620T072019
[2026-06-20T07:20:19.753+0000] {local_task_job_runner.py:243} INFO - Task exited with return code 0
[2026-06-20T07:20:19.761+0000] {taskinstance.py:3503} INFO - 0 downstream tasks scheduled from follow-on schedule check
[2026-06-20T07:20:19.762+0000] {local_task_job_runner.py:222} INFO - ::endgroup::
[2026-06-20T15:22:45.745+0000] {local_task_job_runner.py:120} INFO - ::group::Pre task execution logs
[2026-06-20T15:22:45.763+0000] {taskinstance.py:2076} INFO - Dependencies all met for dep_context=non-requeueable deps ti=<TaskInstance: credit_default_ml_pipeline.monitoring.xgb_monitor scheduled__2023-04-01T00:00:00+00:00 [queued]>
[2026-06-20T15:22:45.769+0000] {taskinstance.py:2076} INFO - Dependencies all met for dep_context=requeueable deps ti=<TaskInstance: credit_default_ml_pipeline.monitoring.xgb_monitor scheduled__2023-04-01T00:00:00+00:00 [queued]>
[2026-06-20T15:22:45.770+0000] {taskinstance.py:2306} INFO - Starting attempt 1 of 2
[2026-06-20T15:22:45.854+0000] {taskinstance.py:2330} INFO - Executing <Task(BashOperator): monitoring.xgb_monitor> on 2023-04-01 00:00:00+00:00
[2026-06-20T15:22:45.859+0000] {logging_mixin.py:188} WARNING - /home/***/.local/lib/python3.12/site-packages/***/task/task_runner/standard_task_runner.py:62 DeprecationWarning: This process (pid=94495) is multi-threaded, use of fork() may lead to deadlocks in the child.
[2026-06-20T15:22:45.861+0000] {standard_task_runner.py:64} INFO - Started process 94500 to run task
[2026-06-20T15:22:45.860+0000] {standard_task_runner.py:90} INFO - Running: ['***', 'tasks', 'run', 'credit_default_ml_pipeline', 'monitoring.xgb_monitor', 'scheduled__2023-04-01T00:00:00+00:00', '--job-id', '2477', '--raw', '--subdir', 'DAGS_FOLDER/dag.py', '--cfg-path', '/tmp/tmp_euhf32e']
[2026-06-20T15:22:45.861+0000] {standard_task_runner.py:91} INFO - Job 2477: Subtask monitoring.xgb_monitor
[2026-06-20T15:22:45.883+0000] {task_command.py:426} INFO - Running <TaskInstance: credit_default_ml_pipeline.monitoring.xgb_monitor scheduled__2023-04-01T00:00:00+00:00 [running]> on host 9cf341f51c89
[2026-06-20T15:22:45.912+0000] {taskinstance.py:2648} INFO - Exporting env vars: AIRFLOW_CTX_DAG_OWNER='***' AIRFLOW_CTX_DAG_ID='credit_default_ml_pipeline' AIRFLOW_CTX_TASK_ID='monitoring.xgb_monitor' AIRFLOW_CTX_EXECUTION_DATE='2023-04-01T00:00:00+00:00' AIRFLOW_CTX_TRY_NUMBER='1' AIRFLOW_CTX_DAG_RUN_ID='scheduled__2023-04-01T00:00:00+00:00'
[2026-06-20T15:22:45.913+0000] {taskinstance.py:430} INFO - ::endgroup::
[2026-06-20T15:22:45.918+0000] {subprocess.py:63} INFO - Tmp dir root location: /tmp
[2026-06-20T15:22:45.919+0000] {subprocess.py:75} INFO - Running command: ['/usr/bin/bash', '-c', 'cd /opt/***/scripts && if [ ! -f model_bank/champion.txt ]; then echo \'[SKIP] no champion.txt for 2023-04-01\'; exit 0; fi && CHAMP=$(cat model_bank/champion.txt | tr -d \'\\n\') && python3 model_monitor.py --snapshotdate "2023-04-01" --modelname "$CHAMP"']
[2026-06-20T15:22:45.923+0000] {subprocess.py:86} INFO - Output:
[2026-06-20T15:22:45.926+0000] {subprocess.py:93} INFO - [SKIP] no champion.txt for 2023-04-01
[2026-06-20T15:22:45.927+0000] {subprocess.py:97} INFO - Command exited with return code 0
[2026-06-20T15:22:45.927+0000] {taskinstance.py:441} INFO - ::group::Post task execution logs
[2026-06-20T15:22:45.936+0000] {taskinstance.py:1206} INFO - Marking task as SUCCESS. dag_id=credit_default_ml_pipeline, task_id=monitoring.xgb_monitor, run_id=scheduled__2023-04-01T00:00:00+00:00, execution_date=20230401T000000, start_date=20260620T152245, end_date=20260620T152245
[2026-06-20T15:22:45.959+0000] {local_task_job_runner.py:243} INFO - Task exited with return code 0
[2026-06-20T15:22:45.963+0000] {local_task_job_runner.py:222} INFO - ::endgroup::
[2026-06-20T16:59:45.890+0000] {local_task_job_runner.py:120} INFO - ::group::Pre task execution logs
[2026-06-20T16:59:45.908+0000] {taskinstance.py:2076} INFO - Dependencies all met for dep_context=non-requeueable deps ti=<TaskInstance: credit_default_ml_pipeline.monitoring.xgb_monitor scheduled__2023-04-01T00:00:00+00:00 [queued]>
[2026-06-20T16:59:45.913+0000] {taskinstance.py:2076} INFO - Dependencies all met for dep_context=requeueable deps ti=<TaskInstance: credit_default_ml_pipeline.monitoring.xgb_monitor scheduled__2023-04-01T00:00:00+00:00 [queued]>
[2026-06-20T16:59:45.914+0000] {taskinstance.py:2306} INFO - Starting attempt 1 of 2
[2026-06-20T16:59:45.925+0000] {taskinstance.py:2330} INFO - Executing <Task(BashOperator): monitoring.xgb_monitor> on 2023-04-01 00:00:00+00:00
[2026-06-20T16:59:45.933+0000] {logging_mixin.py:188} WARNING - /home/***/.local/lib/python3.12/site-packages/***/task/task_runner/standard_task_runner.py:62 DeprecationWarning: This process (pid=79311) is multi-threaded, use of fork() may lead to deadlocks in the child.
[2026-06-20T16:59:45.934+0000] {standard_task_runner.py:64} INFO - Started process 79319 to run task
[2026-06-20T16:59:45.933+0000] {standard_task_runner.py:90} INFO - Running: ['***', 'tasks', 'run', 'credit_default_ml_pipeline', 'monitoring.xgb_monitor', 'scheduled__2023-04-01T00:00:00+00:00', '--job-id', '2967', '--raw', '--subdir', 'DAGS_FOLDER/dag.py', '--cfg-path', '/tmp/tmp5ontthvm']
[2026-06-20T16:59:45.935+0000] {standard_task_runner.py:91} INFO - Job 2967: Subtask monitoring.xgb_monitor
[2026-06-20T16:59:46.055+0000] {task_command.py:426} INFO - Running <TaskInstance: credit_default_ml_pipeline.monitoring.xgb_monitor scheduled__2023-04-01T00:00:00+00:00 [running]> on host 9cf341f51c89
[2026-06-20T16:59:46.081+0000] {taskinstance.py:2648} INFO - Exporting env vars: AIRFLOW_CTX_DAG_OWNER='***' AIRFLOW_CTX_DAG_ID='credit_default_ml_pipeline' AIRFLOW_CTX_TASK_ID='monitoring.xgb_monitor' AIRFLOW_CTX_EXECUTION_DATE='2023-04-01T00:00:00+00:00' AIRFLOW_CTX_TRY_NUMBER='1' AIRFLOW_CTX_DAG_RUN_ID='scheduled__2023-04-01T00:00:00+00:00'
[2026-06-20T16:59:46.082+0000] {taskinstance.py:430} INFO - ::endgroup::
[2026-06-20T16:59:46.088+0000] {subprocess.py:63} INFO - Tmp dir root location: /tmp
[2026-06-20T16:59:46.089+0000] {subprocess.py:75} INFO - Running command: ['/usr/bin/bash', '-c', 'cd /opt/***/scripts && if [ ! -f model_bank/champion.txt ]; then echo \'[SKIP] no champion.txt for 2023-04-01\'; exit 0; fi && CHAMP=$(cat model_bank/champion.txt | tr -d \'\\n\') && python3 model_monitor.py --snapshotdate "2023-04-01" --modelname "$CHAMP"']
[2026-06-20T16:59:46.094+0000] {subprocess.py:86} INFO - Output:
[2026-06-20T16:59:46.095+0000] {subprocess.py:93} INFO - [SKIP] no champion.txt for 2023-04-01
[2026-06-20T16:59:46.095+0000] {subprocess.py:97} INFO - Command exited with return code 0
[2026-06-20T16:59:46.095+0000] {taskinstance.py:441} INFO - ::group::Post task execution logs
[2026-06-20T16:59:46.106+0000] {taskinstance.py:1206} INFO - Marking task as SUCCESS. dag_id=credit_default_ml_pipeline, task_id=monitoring.xgb_monitor, run_id=scheduled__2023-04-01T00:00:00+00:00, execution_date=20230401T000000, start_date=20260620T165945, end_date=20260620T165946
[2026-06-20T16:59:46.117+0000] {local_task_job_runner.py:243} INFO - Task exited with return code 0
[2026-06-20T16:59:46.224+0000] {taskinstance.py:3503} INFO - 0 downstream tasks scheduled from follow-on schedule check
[2026-06-20T16:59:46.225+0000] {local_task_job_runner.py:222} INFO - ::endgroup::
[2026-06-20T17:13:19.099+0000] {local_task_job_runner.py:120} INFO - ::group::Pre task execution logs
[2026-06-20T17:13:19.117+0000] {taskinstance.py:2076} INFO - Dependencies all met for dep_context=non-requeueable deps ti=<TaskInstance: credit_default_ml_pipeline.monitoring.xgb_monitor scheduled__2023-04-01T00:00:00+00:00 [queued]>
[2026-06-20T17:13:19.121+0000] {taskinstance.py:2076} INFO - Dependencies all met for dep_context=requeueable deps ti=<TaskInstance: credit_default_ml_pipeline.monitoring.xgb_monitor scheduled__2023-04-01T00:00:00+00:00 [queued]>
[2026-06-20T17:13:19.122+0000] {taskinstance.py:2306} INFO - Starting attempt 1 of 2
[2026-06-20T17:13:19.213+0000] {taskinstance.py:2330} INFO - Executing <Task(BashOperator): monitoring.xgb_monitor> on 2023-04-01 00:00:00+00:00
[2026-06-20T17:13:19.218+0000] {logging_mixin.py:188} WARNING - /home/***/.local/lib/python3.12/site-packages/***/task/task_runner/standard_task_runner.py:62 DeprecationWarning: This process (pid=12395) is multi-threaded, use of fork() may lead to deadlocks in the child.
[2026-06-20T17:13:19.218+0000] {standard_task_runner.py:64} INFO - Started process 12402 to run task
[2026-06-20T17:13:19.218+0000] {standard_task_runner.py:90} INFO - Running: ['***', 'tasks', 'run', 'credit_default_ml_pipeline', 'monitoring.xgb_monitor', 'scheduled__2023-04-01T00:00:00+00:00', '--job-id', '3055', '--raw', '--subdir', 'DAGS_FOLDER/dag.py', '--cfg-path', '/tmp/tmpk3kryzhs']
[2026-06-20T17:13:19.220+0000] {standard_task_runner.py:91} INFO - Job 3055: Subtask monitoring.xgb_monitor
[2026-06-20T17:13:19.240+0000] {task_command.py:426} INFO - Running <TaskInstance: credit_default_ml_pipeline.monitoring.xgb_monitor scheduled__2023-04-01T00:00:00+00:00 [running]> on host 9cf341f51c89
[2026-06-20T17:13:19.269+0000] {taskinstance.py:2648} INFO - Exporting env vars: AIRFLOW_CTX_DAG_OWNER='***' AIRFLOW_CTX_DAG_ID='credit_default_ml_pipeline' AIRFLOW_CTX_TASK_ID='monitoring.xgb_monitor' AIRFLOW_CTX_EXECUTION_DATE='2023-04-01T00:00:00+00:00' AIRFLOW_CTX_TRY_NUMBER='1' AIRFLOW_CTX_DAG_RUN_ID='scheduled__2023-04-01T00:00:00+00:00'
[2026-06-20T17:13:19.270+0000] {taskinstance.py:430} INFO - ::endgroup::
[2026-06-20T17:13:19.275+0000] {subprocess.py:63} INFO - Tmp dir root location: /tmp
[2026-06-20T17:13:19.276+0000] {subprocess.py:75} INFO - Running command: ['/usr/bin/bash', '-c', 'cd /opt/***/scripts && if [ ! -f model_bank/champion.txt ]; then echo \'[SKIP] no champion.txt for 2023-04-01\'; exit 0; fi && CHAMP=$(cat model_bank/champion.txt | tr -d \'\\n\') && python3 model_monitor.py --snapshotdate "2023-04-01" --modelname "$CHAMP"']
[2026-06-20T17:13:19.280+0000] {subprocess.py:86} INFO - Output:
[2026-06-20T17:13:19.281+0000] {subprocess.py:93} INFO - [SKIP] no champion.txt for 2023-04-01
[2026-06-20T17:13:19.282+0000] {subprocess.py:97} INFO - Command exited with return code 0
[2026-06-20T17:13:19.282+0000] {taskinstance.py:441} INFO - ::group::Post task execution logs
[2026-06-20T17:13:19.292+0000] {taskinstance.py:1206} INFO - Marking task as SUCCESS. dag_id=credit_default_ml_pipeline, task_id=monitoring.xgb_monitor, run_id=scheduled__2023-04-01T00:00:00+00:00, execution_date=20230401T000000, start_date=20260620T171319, end_date=20260620T171319
[2026-06-20T17:13:19.317+0000] {local_task_job_runner.py:243} INFO - Task exited with return code 0
[2026-06-20T17:13:19.322+0000] {local_task_job_runner.py:222} INFO - ::endgroup::
[2026-06-21T01:38:58.826+0000] {local_task_job_runner.py:120} INFO - ::group::Pre task execution logs
[2026-06-21T01:38:58.839+0000] {taskinstance.py:2076} INFO - Dependencies all met for dep_context=non-requeueable deps ti=<TaskInstance: credit_default_ml_pipeline.monitoring.xgb_monitor scheduled__2023-04-01T00:00:00+00:00 [queued]>
[2026-06-21T01:38:58.842+0000] {taskinstance.py:2076} INFO - Dependencies all met for dep_context=requeueable deps ti=<TaskInstance: credit_default_ml_pipeline.monitoring.xgb_monitor scheduled__2023-04-01T00:00:00+00:00 [queued]>
[2026-06-21T01:38:58.844+0000] {taskinstance.py:2306} INFO - Starting attempt 1 of 2
[2026-06-21T01:38:58.850+0000] {taskinstance.py:2330} INFO - Executing <Task(BashOperator): monitoring.xgb_monitor> on 2023-04-01 00:00:00+00:00
[2026-06-21T01:38:58.857+0000] {logging_mixin.py:188} WARNING - /home/***/.local/lib/python3.12/site-packages/***/task/task_runner/standard_task_runner.py:62 DeprecationWarning: This process (pid=13031) is multi-threaded, use of fork() may lead to deadlocks in the child.
[2026-06-21T01:38:58.857+0000] {standard_task_runner.py:64} INFO - Started process 13039 to run task
[2026-06-21T01:38:58.857+0000] {standard_task_runner.py:90} INFO - Running: ['***', 'tasks', 'run', 'credit_default_ml_pipeline', 'monitoring.xgb_monitor', 'scheduled__2023-04-01T00:00:00+00:00', '--job-id', '3519', '--raw', '--subdir', 'DAGS_FOLDER/dag.py', '--cfg-path', '/tmp/tmp7ep1hth0']
[2026-06-21T01:38:58.858+0000] {standard_task_runner.py:91} INFO - Job 3519: Subtask monitoring.xgb_monitor
[2026-06-21T01:38:58.877+0000] {task_command.py:426} INFO - Running <TaskInstance: credit_default_ml_pipeline.monitoring.xgb_monitor scheduled__2023-04-01T00:00:00+00:00 [running]> on host f6e9e2801916
[2026-06-21T01:38:58.997+0000] {taskinstance.py:2648} INFO - Exporting env vars: AIRFLOW_CTX_DAG_OWNER='***' AIRFLOW_CTX_DAG_ID='credit_default_ml_pipeline' AIRFLOW_CTX_TASK_ID='monitoring.xgb_monitor' AIRFLOW_CTX_EXECUTION_DATE='2023-04-01T00:00:00+00:00' AIRFLOW_CTX_TRY_NUMBER='1' AIRFLOW_CTX_DAG_RUN_ID='scheduled__2023-04-01T00:00:00+00:00'
[2026-06-21T01:38:58.998+0000] {taskinstance.py:430} INFO - ::endgroup::
[2026-06-21T01:38:59.002+0000] {subprocess.py:63} INFO - Tmp dir root location: /tmp
[2026-06-21T01:38:59.003+0000] {subprocess.py:75} INFO - Running command: ['/usr/bin/bash', '-c', 'cd /opt/***/scripts && if [ ! -f model_bank/champion.txt ]; then echo \'[SKIP] no champion.txt for 2023-04-01\'; exit 0; fi && CHAMP=$(cat model_bank/champion.txt | tr -d \'\\n\') && python3 model_monitor.py --snapshotdate "2023-04-01" --modelname "$CHAMP"']
[2026-06-21T01:38:59.007+0000] {subprocess.py:86} INFO - Output:
[2026-06-21T01:38:59.009+0000] {subprocess.py:93} INFO - [SKIP] no champion.txt for 2023-04-01
[2026-06-21T01:38:59.009+0000] {subprocess.py:97} INFO - Command exited with return code 0
[2026-06-21T01:38:59.010+0000] {taskinstance.py:441} INFO - ::group::Post task execution logs
[2026-06-21T01:38:59.020+0000] {taskinstance.py:1206} INFO - Marking task as SUCCESS. dag_id=credit_default_ml_pipeline, task_id=monitoring.xgb_monitor, run_id=scheduled__2023-04-01T00:00:00+00:00, execution_date=20230401T000000, start_date=20260621T013858, end_date=20260621T013859
[2026-06-21T01:38:59.038+0000] {local_task_job_runner.py:243} INFO - Task exited with return code 0
[2026-06-21T01:38:59.043+0000] {local_task_job_runner.py:222} INFO - ::endgroup::
[2026-06-21T05:33:23.479+0000] {local_task_job_runner.py:120} INFO - ::group::Pre task execution logs
[2026-06-21T05:33:23.494+0000] {taskinstance.py:2076} INFO - Dependencies all met for dep_context=non-requeueable deps ti=<TaskInstance: credit_default_ml_pipeline.monitoring.xgb_monitor scheduled__2023-04-01T00:00:00+00:00 [queued]>
[2026-06-21T05:33:23.499+0000] {taskinstance.py:2076} INFO - Dependencies all met for dep_context=requeueable deps ti=<TaskInstance: credit_default_ml_pipeline.monitoring.xgb_monitor scheduled__2023-04-01T00:00:00+00:00 [queued]>
[2026-06-21T05:33:23.500+0000] {taskinstance.py:2306} INFO - Starting attempt 1 of 2
[2026-06-21T05:33:23.594+0000] {taskinstance.py:2330} INFO - Executing <Task(BashOperator): monitoring.xgb_monitor> on 2023-04-01 00:00:00+00:00
[2026-06-21T05:33:23.599+0000] {logging_mixin.py:188} WARNING - /home/***/.local/lib/python3.12/site-packages/***/task/task_runner/standard_task_runner.py:62 DeprecationWarning: This process (pid=12738) is multi-threaded, use of fork() may lead to deadlocks in the child.
[2026-06-21T05:33:23.599+0000] {standard_task_runner.py:90} INFO - Running: ['***', 'tasks', 'run', 'credit_default_ml_pipeline', 'monitoring.xgb_monitor', 'scheduled__2023-04-01T00:00:00+00:00', '--job-id', '3982', '--raw', '--subdir', 'DAGS_FOLDER/dag.py', '--cfg-path', '/tmp/tmpe4_i9mis']
[2026-06-21T05:33:23.600+0000] {standard_task_runner.py:64} INFO - Started process 12742 to run task
[2026-06-21T05:33:23.601+0000] {standard_task_runner.py:91} INFO - Job 3982: Subtask monitoring.xgb_monitor
[2026-06-21T05:33:23.622+0000] {task_command.py:426} INFO - Running <TaskInstance: credit_default_ml_pipeline.monitoring.xgb_monitor scheduled__2023-04-01T00:00:00+00:00 [running]> on host 9377a3f0491f
[2026-06-21T05:33:23.651+0000] {taskinstance.py:2648} INFO - Exporting env vars: AIRFLOW_CTX_DAG_OWNER='***' AIRFLOW_CTX_DAG_ID='credit_default_ml_pipeline' AIRFLOW_CTX_TASK_ID='monitoring.xgb_monitor' AIRFLOW_CTX_EXECUTION_DATE='2023-04-01T00:00:00+00:00' AIRFLOW_CTX_TRY_NUMBER='1' AIRFLOW_CTX_DAG_RUN_ID='scheduled__2023-04-01T00:00:00+00:00'
[2026-06-21T05:33:23.653+0000] {taskinstance.py:430} INFO - ::endgroup::
[2026-06-21T05:33:23.659+0000] {subprocess.py:63} INFO - Tmp dir root location: /tmp
[2026-06-21T05:33:23.659+0000] {subprocess.py:75} INFO - Running command: ['/usr/bin/bash', '-c', 'cd /opt/***/scripts && if [ ! -f model_bank/champion.txt ]; then echo \'[SKIP] no champion.txt for 2023-04-01\'; exit 0; fi && CHAMP=$(cat model_bank/champion.txt | tr -d \'\\n\') && python3 model_monitor.py --snapshotdate "2023-04-01" --modelname "$CHAMP"']
[2026-06-21T05:33:23.664+0000] {subprocess.py:86} INFO - Output:
[2026-06-21T05:33:23.665+0000] {subprocess.py:93} INFO - [SKIP] no champion.txt for 2023-04-01
[2026-06-21T05:33:23.666+0000] {subprocess.py:97} INFO - Command exited with return code 0
[2026-06-21T05:33:23.667+0000] {taskinstance.py:441} INFO - ::group::Post task execution logs
[2026-06-21T05:33:23.677+0000] {taskinstance.py:1206} INFO - Marking task as SUCCESS. dag_id=credit_default_ml_pipeline, task_id=monitoring.xgb_monitor, run_id=scheduled__2023-04-01T00:00:00+00:00, execution_date=20230401T000000, start_date=20260621T053323, end_date=20260621T053323
[2026-06-21T05:33:23.699+0000] {local_task_job_runner.py:243} INFO - Task exited with return code 0
[2026-06-21T05:33:23.709+0000] {taskinstance.py:3503} INFO - 0 downstream tasks scheduled from follow-on schedule check
[2026-06-21T05:33:23.710+0000] {local_task_job_runner.py:222} INFO - ::endgroup::
