[2026-06-16T14:58:13.969+0000] {local_task_job_runner.py:120} INFO - ::group::Pre task execution logs
[2026-06-16T14:58:14.002+0000] {taskinstance.py:2076} INFO - Dependencies all met for dep_context=non-requeueable deps ti=<TaskInstance: credit_default_ml_pipeline.feature_pipeline.feature_silver_attributes scheduled__2023-06-01T00:00:00+00:00 [queued]>
[2026-06-16T14:58:14.012+0000] {taskinstance.py:2076} INFO - Dependencies all met for dep_context=requeueable deps ti=<TaskInstance: credit_default_ml_pipeline.feature_pipeline.feature_silver_attributes scheduled__2023-06-01T00:00:00+00:00 [queued]>
[2026-06-16T14:58:14.013+0000] {taskinstance.py:2306} INFO - Starting attempt 1 of 2
[2026-06-16T14:58:14.033+0000] {taskinstance.py:2330} INFO - Executing <Task(BashOperator): feature_pipeline.feature_silver_attributes> on 2023-06-01 00:00:00+00:00
[2026-06-16T14:58:14.041+0000] {logging_mixin.py:188} WARNING - /home/***/.local/lib/python3.12/site-packages/***/task/task_runner/standard_task_runner.py:62 DeprecationWarning: This process (pid=33934) is multi-threaded, use of fork() may lead to deadlocks in the child.
[2026-06-16T14:58:14.041+0000] {standard_task_runner.py:90} INFO - Running: ['***', 'tasks', 'run', 'credit_default_ml_pipeline', 'feature_pipeline.feature_silver_attributes', 'scheduled__2023-06-01T00:00:00+00:00', '--job-id', '158', '--raw', '--subdir', 'DAGS_FOLDER/dag.py', '--cfg-path', '/tmp/tmpud4j9b49']
[2026-06-16T14:58:14.043+0000] {standard_task_runner.py:64} INFO - Started process 33940 to run task
[2026-06-16T14:58:14.044+0000] {standard_task_runner.py:91} INFO - Job 158: Subtask feature_pipeline.feature_silver_attributes
[2026-06-16T14:58:14.079+0000] {task_command.py:426} INFO - Running <TaskInstance: credit_default_ml_pipeline.feature_pipeline.feature_silver_attributes scheduled__2023-06-01T00:00:00+00:00 [running]> on host 1cab6e97738a
[2026-06-16T14:58:14.123+0000] {taskinstance.py:2648} INFO - Exporting env vars: AIRFLOW_CTX_DAG_OWNER='***' AIRFLOW_CTX_DAG_ID='credit_default_ml_pipeline' AIRFLOW_CTX_TASK_ID='feature_pipeline.feature_silver_attributes' AIRFLOW_CTX_EXECUTION_DATE='2023-06-01T00:00:00+00:00' AIRFLOW_CTX_TRY_NUMBER='1' AIRFLOW_CTX_DAG_RUN_ID='scheduled__2023-06-01T00:00:00+00:00'
[2026-06-16T14:58:14.126+0000] {taskinstance.py:430} INFO - ::endgroup::
[2026-06-16T14:58:14.134+0000] {subprocess.py:63} INFO - Tmp dir root location: /tmp
[2026-06-16T14:58:14.135+0000] {subprocess.py:75} INFO - Running command: ['/usr/bin/bash', '-c', 'cd /opt/***/scripts && python3 silver_processing.py --snapshotdate "2023-06-01" --source attributes']
[2026-06-16T14:58:14.140+0000] {subprocess.py:86} INFO - Output:
[2026-06-16T14:58:15.863+0000] {subprocess.py:93} INFO - Setting default log level to "WARN".
[2026-06-16T14:58:15.864+0000] {subprocess.py:93} INFO - To adjust logging level use sc.setLogLevel(newLevel). For SparkR, use setLogLevel(newLevel).
[2026-06-16T14:58:16.004+0000] {subprocess.py:93} INFO - 26/06/16 14:58:16 WARN NativeCodeLoader: Unable to load native-hadoop library for your platform... using builtin-java classes where applicable
[2026-06-16T14:58:16.673+0000] {subprocess.py:93} INFO - 26/06/16 14:58:16 WARN Utils: Service 'SparkUI' could not bind on port 4040. Attempting port 4041.
[2026-06-16T14:58:22.945+0000] {subprocess.py:93} INFO - [Stage 5:===========================================================(1 + 0) / 1]
[2026-06-16T14:58:22.947+0000] {subprocess.py:93} INFO - --- silver attributes 2023-06-01 ---
[2026-06-16T14:58:22.948+0000] {subprocess.py:93} INFO - 
[2026-06-16T14:58:22.949+0000] {subprocess.py:93} INFO - [silver:attributes] loaded datamart/bronze/attributes/bronze_attributes_2023_06_01.csv rows: 517
[2026-06-16T14:58:22.950+0000] {subprocess.py:93} INFO - [silver:attributes] saved to: datamart/silver/attributes/2023_06_01.parquet
[2026-06-16T14:58:22.951+0000] {subprocess.py:93} INFO - 
[2026-06-16T14:58:22.953+0000] {subprocess.py:93} INFO - --- done ---
[2026-06-16T14:58:22.954+0000] {subprocess.py:93} INFO - 
[2026-06-16T14:58:23.368+0000] {subprocess.py:97} INFO - Command exited with return code 0
[2026-06-16T14:58:23.369+0000] {taskinstance.py:441} INFO - ::group::Post task execution logs
[2026-06-16T14:58:23.390+0000] {taskinstance.py:1206} INFO - Marking task as SUCCESS. dag_id=credit_default_ml_pipeline, task_id=feature_pipeline.feature_silver_attributes, run_id=scheduled__2023-06-01T00:00:00+00:00, execution_date=20230601T000000, start_date=20260616T145814, end_date=20260616T145823
[2026-06-16T14:58:23.426+0000] {local_task_job_runner.py:243} INFO - Task exited with return code 0
[2026-06-16T14:58:23.447+0000] {taskinstance.py:3503} INFO - 0 downstream tasks scheduled from follow-on schedule check
[2026-06-16T14:58:23.449+0000] {local_task_job_runner.py:222} INFO - ::endgroup::
[2026-06-20T05:48:02.432+0000] {local_task_job_runner.py:120} INFO - ::group::Pre task execution logs
[2026-06-20T05:48:02.444+0000] {taskinstance.py:2076} INFO - Dependencies all met for dep_context=non-requeueable deps ti=<TaskInstance: credit_default_ml_pipeline.feature_pipeline.feature_silver_attributes scheduled__2023-06-01T00:00:00+00:00 [queued]>
[2026-06-20T05:48:02.448+0000] {taskinstance.py:2076} INFO - Dependencies all met for dep_context=requeueable deps ti=<TaskInstance: credit_default_ml_pipeline.feature_pipeline.feature_silver_attributes scheduled__2023-06-01T00:00:00+00:00 [queued]>
[2026-06-20T05:48:02.448+0000] {taskinstance.py:2306} INFO - Starting attempt 1 of 2
[2026-06-20T05:48:02.537+0000] {taskinstance.py:2330} INFO - Executing <Task(BashOperator): feature_pipeline.feature_silver_attributes> on 2023-06-01 00:00:00+00:00
[2026-06-20T05:48:02.541+0000] {logging_mixin.py:188} WARNING - /home/***/.local/lib/python3.12/site-packages/***/task/task_runner/standard_task_runner.py:62 DeprecationWarning: This process (pid=27163) is multi-threaded, use of fork() may lead to deadlocks in the child.
[2026-06-20T05:48:02.542+0000] {standard_task_runner.py:64} INFO - Started process 27199 to run task
[2026-06-20T05:48:02.541+0000] {standard_task_runner.py:90} INFO - Running: ['***', 'tasks', 'run', 'credit_default_ml_pipeline', 'feature_pipeline.feature_silver_attributes', 'scheduled__2023-06-01T00:00:00+00:00', '--job-id', '1540', '--raw', '--subdir', 'DAGS_FOLDER/dag.py', '--cfg-path', '/tmp/tmp3rdanoq5']
[2026-06-20T05:48:02.543+0000] {standard_task_runner.py:91} INFO - Job 1540: Subtask feature_pipeline.feature_silver_attributes
[2026-06-20T05:48:02.572+0000] {task_command.py:426} INFO - Running <TaskInstance: credit_default_ml_pipeline.feature_pipeline.feature_silver_attributes scheduled__2023-06-01T00:00:00+00:00 [running]> on host 9cf341f51c89
[2026-06-20T05:48:02.609+0000] {taskinstance.py:2648} INFO - Exporting env vars: AIRFLOW_CTX_DAG_OWNER='***' AIRFLOW_CTX_DAG_ID='credit_default_ml_pipeline' AIRFLOW_CTX_TASK_ID='feature_pipeline.feature_silver_attributes' AIRFLOW_CTX_EXECUTION_DATE='2023-06-01T00:00:00+00:00' AIRFLOW_CTX_TRY_NUMBER='1' AIRFLOW_CTX_DAG_RUN_ID='scheduled__2023-06-01T00:00:00+00:00'
[2026-06-20T05:48:02.611+0000] {taskinstance.py:430} INFO - ::endgroup::
[2026-06-20T05:48:02.617+0000] {subprocess.py:63} INFO - Tmp dir root location: /tmp
[2026-06-20T05:48:02.618+0000] {subprocess.py:75} INFO - Running command: ['/usr/bin/bash', '-c', 'cd /opt/***/scripts && python3 silver_processing.py --snapshotdate "2023-06-01" --source attributes']
[2026-06-20T05:48:02.623+0000] {subprocess.py:86} INFO - Output:
[2026-06-20T05:48:03.621+0000] {subprocess.py:93} INFO - Setting default log level to "WARN".
[2026-06-20T05:48:03.622+0000] {subprocess.py:93} INFO - To adjust logging level use sc.setLogLevel(newLevel). For SparkR, use setLogLevel(newLevel).
[2026-06-20T05:48:03.772+0000] {subprocess.py:93} INFO - 26/06/20 05:48:03 WARN NativeCodeLoader: Unable to load native-hadoop library for your platform... using builtin-java classes where applicable
[2026-06-20T05:48:10.047+0000] {subprocess.py:93} INFO - [Stage 5:>                                                          (0 + 1) / 1]
[2026-06-20T05:48:10.051+0000] {subprocess.py:93} INFO - --- silver attributes 2023-06-01 ---
[2026-06-20T05:48:10.055+0000] {subprocess.py:93} INFO - 
[2026-06-20T05:48:10.058+0000] {subprocess.py:93} INFO - [silver:attributes] loaded datamart/bronze/attributes/bronze_attributes_2023_06_01.csv rows: 517
[2026-06-20T05:48:10.061+0000] {subprocess.py:93} INFO - [silver:attributes] saved to: datamart/silver/attributes/2023_06_01.parquet
[2026-06-20T05:48:10.069+0000] {subprocess.py:93} INFO - 
[2026-06-20T05:48:10.071+0000] {subprocess.py:93} INFO - --- done ---
[2026-06-20T05:48:10.072+0000] {subprocess.py:93} INFO - 
[2026-06-20T05:48:10.531+0000] {subprocess.py:97} INFO - Command exited with return code 0
[2026-06-20T05:48:10.534+0000] {taskinstance.py:441} INFO - ::group::Post task execution logs
[2026-06-20T05:48:10.564+0000] {taskinstance.py:1206} INFO - Marking task as SUCCESS. dag_id=credit_default_ml_pipeline, task_id=feature_pipeline.feature_silver_attributes, run_id=scheduled__2023-06-01T00:00:00+00:00, execution_date=20230601T000000, start_date=20260620T054802, end_date=20260620T054810
[2026-06-20T05:48:10.586+0000] {local_task_job_runner.py:243} INFO - Task exited with return code 0
[2026-06-20T05:48:10.612+0000] {taskinstance.py:3503} INFO - 0 downstream tasks scheduled from follow-on schedule check
[2026-06-20T05:48:10.615+0000] {local_task_job_runner.py:222} INFO - ::endgroup::
[2026-06-20T06:55:10.282+0000] {local_task_job_runner.py:120} INFO - ::group::Pre task execution logs
[2026-06-20T06:55:10.298+0000] {taskinstance.py:2076} INFO - Dependencies all met for dep_context=non-requeueable deps ti=<TaskInstance: credit_default_ml_pipeline.feature_pipeline.feature_silver_attributes scheduled__2023-06-01T00:00:00+00:00 [queued]>
[2026-06-20T06:55:10.305+0000] {taskinstance.py:2076} INFO - Dependencies all met for dep_context=requeueable deps ti=<TaskInstance: credit_default_ml_pipeline.feature_pipeline.feature_silver_attributes scheduled__2023-06-01T00:00:00+00:00 [queued]>
[2026-06-20T06:55:10.306+0000] {taskinstance.py:2306} INFO - Starting attempt 1 of 2
[2026-06-20T06:55:10.315+0000] {taskinstance.py:2330} INFO - Executing <Task(BashOperator): feature_pipeline.feature_silver_attributes> on 2023-06-01 00:00:00+00:00
[2026-06-20T06:55:10.321+0000] {logging_mixin.py:188} WARNING - /home/***/.local/lib/python3.12/site-packages/***/task/task_runner/standard_task_runner.py:62 DeprecationWarning: This process (pid=80008) is multi-threaded, use of fork() may lead to deadlocks in the child.
[2026-06-20T06:55:10.322+0000] {standard_task_runner.py:90} INFO - Running: ['***', 'tasks', 'run', 'credit_default_ml_pipeline', 'feature_pipeline.feature_silver_attributes', 'scheduled__2023-06-01T00:00:00+00:00', '--job-id', '1855', '--raw', '--subdir', 'DAGS_FOLDER/dag.py', '--cfg-path', '/tmp/tmpzpulgeho']
[2026-06-20T06:55:10.324+0000] {standard_task_runner.py:64} INFO - Started process 80019 to run task
[2026-06-20T06:55:10.324+0000] {standard_task_runner.py:91} INFO - Job 1855: Subtask feature_pipeline.feature_silver_attributes
[2026-06-20T06:55:10.486+0000] {task_command.py:426} INFO - Running <TaskInstance: credit_default_ml_pipeline.feature_pipeline.feature_silver_attributes scheduled__2023-06-01T00:00:00+00:00 [running]> on host 9cf341f51c89
[2026-06-20T06:55:10.529+0000] {taskinstance.py:2648} INFO - Exporting env vars: AIRFLOW_CTX_DAG_OWNER='***' AIRFLOW_CTX_DAG_ID='credit_default_ml_pipeline' AIRFLOW_CTX_TASK_ID='feature_pipeline.feature_silver_attributes' AIRFLOW_CTX_EXECUTION_DATE='2023-06-01T00:00:00+00:00' AIRFLOW_CTX_TRY_NUMBER='1' AIRFLOW_CTX_DAG_RUN_ID='scheduled__2023-06-01T00:00:00+00:00'
[2026-06-20T06:55:10.530+0000] {taskinstance.py:430} INFO - ::endgroup::
[2026-06-20T06:55:10.535+0000] {subprocess.py:63} INFO - Tmp dir root location: /tmp
[2026-06-20T06:55:10.536+0000] {subprocess.py:75} INFO - Running command: ['/usr/bin/bash', '-c', 'cd /opt/***/scripts && python3 silver_processing.py --snapshotdate "2023-06-01" --source attributes']
[2026-06-20T06:55:10.541+0000] {subprocess.py:86} INFO - Output:
[2026-06-20T06:55:12.534+0000] {subprocess.py:93} INFO - Setting default log level to "WARN".
[2026-06-20T06:55:12.539+0000] {subprocess.py:93} INFO - To adjust logging level use sc.setLogLevel(newLevel). For SparkR, use setLogLevel(newLevel).
[2026-06-20T06:55:12.836+0000] {subprocess.py:93} INFO - 26/06/20 06:55:12 WARN NativeCodeLoader: Unable to load native-hadoop library for your platform... using builtin-java classes where applicable
[2026-06-20T06:55:22.025+0000] {subprocess.py:93} INFO - [Stage 5:>                                                          (0 + 1) / 1]
[2026-06-20T06:55:22.034+0000] {subprocess.py:93} INFO - --- silver attributes 2023-06-01 ---
[2026-06-20T06:55:22.050+0000] {subprocess.py:93} INFO - 
[2026-06-20T06:55:22.054+0000] {subprocess.py:93} INFO - [silver:attributes] loaded datamart/bronze/attributes/bronze_attributes_2023_06_01.csv rows: 517
[2026-06-20T06:55:22.061+0000] {subprocess.py:93} INFO - [silver:attributes] saved to: datamart/silver/attributes/2023_06_01.parquet
[2026-06-20T06:55:22.068+0000] {subprocess.py:93} INFO - 
[2026-06-20T06:55:22.073+0000] {subprocess.py:93} INFO - --- done ---
[2026-06-20T06:55:22.079+0000] {subprocess.py:93} INFO - 
[2026-06-20T06:55:22.571+0000] {subprocess.py:97} INFO - Command exited with return code 0
[2026-06-20T06:55:22.573+0000] {taskinstance.py:441} INFO - ::group::Post task execution logs
[2026-06-20T06:55:22.630+0000] {taskinstance.py:1206} INFO - Marking task as SUCCESS. dag_id=credit_default_ml_pipeline, task_id=feature_pipeline.feature_silver_attributes, run_id=scheduled__2023-06-01T00:00:00+00:00, execution_date=20230601T000000, start_date=20260620T065510, end_date=20260620T065522
[2026-06-20T06:55:22.679+0000] {local_task_job_runner.py:243} INFO - Task exited with return code 0
[2026-06-20T06:55:22.709+0000] {taskinstance.py:3503} INFO - 0 downstream tasks scheduled from follow-on schedule check
[2026-06-20T06:55:22.712+0000] {local_task_job_runner.py:222} INFO - ::endgroup::
[2026-06-20T07:23:42.871+0000] {local_task_job_runner.py:120} INFO - ::group::Pre task execution logs
[2026-06-20T07:23:42.909+0000] {taskinstance.py:2076} INFO - Dependencies all met for dep_context=non-requeueable deps ti=<TaskInstance: credit_default_ml_pipeline.feature_pipeline.feature_silver_attributes scheduled__2023-06-01T00:00:00+00:00 [queued]>
[2026-06-20T07:23:42.919+0000] {taskinstance.py:2076} INFO - Dependencies all met for dep_context=requeueable deps ti=<TaskInstance: credit_default_ml_pipeline.feature_pipeline.feature_silver_attributes scheduled__2023-06-01T00:00:00+00:00 [queued]>
[2026-06-20T07:23:42.920+0000] {taskinstance.py:2306} INFO - Starting attempt 1 of 2
[2026-06-20T07:23:42.937+0000] {taskinstance.py:2330} INFO - Executing <Task(BashOperator): feature_pipeline.feature_silver_attributes> on 2023-06-01 00:00:00+00:00
[2026-06-20T07:23:42.946+0000] {logging_mixin.py:188} WARNING - /home/***/.local/lib/python3.12/site-packages/***/task/task_runner/standard_task_runner.py:62 DeprecationWarning: This process (pid=11714) is multi-threaded, use of fork() may lead to deadlocks in the child.
[2026-06-20T07:23:42.948+0000] {standard_task_runner.py:64} INFO - Started process 11722 to run task
[2026-06-20T07:23:42.948+0000] {standard_task_runner.py:90} INFO - Running: ['***', 'tasks', 'run', 'credit_default_ml_pipeline', 'feature_pipeline.feature_silver_attributes', 'scheduled__2023-06-01T00:00:00+00:00', '--job-id', '2033', '--raw', '--subdir', 'DAGS_FOLDER/dag.py', '--cfg-path', '/tmp/tmp8yi539xe']
[2026-06-20T07:23:42.951+0000] {standard_task_runner.py:91} INFO - Job 2033: Subtask feature_pipeline.feature_silver_attributes
[2026-06-20T07:23:43.145+0000] {task_command.py:426} INFO - Running <TaskInstance: credit_default_ml_pipeline.feature_pipeline.feature_silver_attributes scheduled__2023-06-01T00:00:00+00:00 [running]> on host 9cf341f51c89
[2026-06-20T07:23:43.200+0000] {taskinstance.py:2648} INFO - Exporting env vars: AIRFLOW_CTX_DAG_OWNER='***' AIRFLOW_CTX_DAG_ID='credit_default_ml_pipeline' AIRFLOW_CTX_TASK_ID='feature_pipeline.feature_silver_attributes' AIRFLOW_CTX_EXECUTION_DATE='2023-06-01T00:00:00+00:00' AIRFLOW_CTX_TRY_NUMBER='1' AIRFLOW_CTX_DAG_RUN_ID='scheduled__2023-06-01T00:00:00+00:00'
[2026-06-20T07:23:43.201+0000] {taskinstance.py:430} INFO - ::endgroup::
[2026-06-20T07:23:43.210+0000] {subprocess.py:63} INFO - Tmp dir root location: /tmp
[2026-06-20T07:23:43.211+0000] {subprocess.py:75} INFO - Running command: ['/usr/bin/bash', '-c', 'cd /opt/***/scripts && python3 silver_processing.py --snapshotdate "2023-06-01" --source attributes']
[2026-06-20T07:23:43.218+0000] {subprocess.py:86} INFO - Output:
[2026-06-20T07:23:45.804+0000] {subprocess.py:93} INFO - Setting default log level to "WARN".
[2026-06-20T07:23:45.806+0000] {subprocess.py:93} INFO - To adjust logging level use sc.setLogLevel(newLevel). For SparkR, use setLogLevel(newLevel).
[2026-06-20T07:23:46.028+0000] {subprocess.py:93} INFO - 26/06/20 07:23:46 WARN NativeCodeLoader: Unable to load native-hadoop library for your platform... using builtin-java classes where applicable
[2026-06-20T07:23:47.074+0000] {subprocess.py:93} INFO - 26/06/20 07:23:47 WARN Utils: Service 'SparkUI' could not bind on port 4040. Attempting port 4041.
[2026-06-20T07:23:57.179+0000] {subprocess.py:93} INFO - [Stage 5:>                                                          (0 + 1) / 1]
[2026-06-20T07:23:57.182+0000] {subprocess.py:93} INFO - --- silver attributes 2023-06-01 ---
[2026-06-20T07:23:57.184+0000] {subprocess.py:93} INFO - 
[2026-06-20T07:23:57.185+0000] {subprocess.py:93} INFO - [silver:attributes] loaded datamart/bronze/attributes/bronze_attributes_2023_06_01.csv rows: 517
[2026-06-20T07:23:57.186+0000] {subprocess.py:93} INFO - [silver:attributes] saved to: datamart/silver/attributes/2023_06_01.parquet
[2026-06-20T07:23:57.187+0000] {subprocess.py:93} INFO - 
[2026-06-20T07:23:57.188+0000] {subprocess.py:93} INFO - --- done ---
[2026-06-20T07:23:57.189+0000] {subprocess.py:93} INFO - 
[2026-06-20T07:23:57.689+0000] {subprocess.py:97} INFO - Command exited with return code 0
[2026-06-20T07:23:57.694+0000] {taskinstance.py:441} INFO - ::group::Post task execution logs
[2026-06-20T07:23:57.740+0000] {taskinstance.py:1206} INFO - Marking task as SUCCESS. dag_id=credit_default_ml_pipeline, task_id=feature_pipeline.feature_silver_attributes, run_id=scheduled__2023-06-01T00:00:00+00:00, execution_date=20230601T000000, start_date=20260620T072342, end_date=20260620T072357
[2026-06-20T07:23:57.799+0000] {local_task_job_runner.py:243} INFO - Task exited with return code 0
[2026-06-20T07:23:57.835+0000] {taskinstance.py:3503} INFO - 0 downstream tasks scheduled from follow-on schedule check
[2026-06-20T07:23:57.838+0000] {local_task_job_runner.py:222} INFO - ::endgroup::
[2026-06-20T15:25:48.391+0000] {local_task_job_runner.py:120} INFO - ::group::Pre task execution logs
[2026-06-20T15:25:48.403+0000] {taskinstance.py:2076} INFO - Dependencies all met for dep_context=non-requeueable deps ti=<TaskInstance: credit_default_ml_pipeline.feature_pipeline.feature_silver_attributes scheduled__2023-06-01T00:00:00+00:00 [queued]>
[2026-06-20T15:25:48.407+0000] {taskinstance.py:2076} INFO - Dependencies all met for dep_context=requeueable deps ti=<TaskInstance: credit_default_ml_pipeline.feature_pipeline.feature_silver_attributes scheduled__2023-06-01T00:00:00+00:00 [queued]>
[2026-06-20T15:25:48.408+0000] {taskinstance.py:2306} INFO - Starting attempt 1 of 2
[2026-06-20T15:25:48.413+0000] {taskinstance.py:2330} INFO - Executing <Task(BashOperator): feature_pipeline.feature_silver_attributes> on 2023-06-01 00:00:00+00:00
[2026-06-20T15:25:48.417+0000] {logging_mixin.py:188} WARNING - /home/***/.local/lib/python3.12/site-packages/***/task/task_runner/standard_task_runner.py:62 DeprecationWarning: This process (pid=98508) is multi-threaded, use of fork() may lead to deadlocks in the child.
[2026-06-20T15:25:48.418+0000] {standard_task_runner.py:64} INFO - Started process 98516 to run task
[2026-06-20T15:25:48.418+0000] {standard_task_runner.py:90} INFO - Running: ['***', 'tasks', 'run', 'credit_default_ml_pipeline', 'feature_pipeline.feature_silver_attributes', 'scheduled__2023-06-01T00:00:00+00:00', '--job-id', '2504', '--raw', '--subdir', 'DAGS_FOLDER/dag.py', '--cfg-path', '/tmp/tmpg32e_4ln']
[2026-06-20T15:25:48.420+0000] {standard_task_runner.py:91} INFO - Job 2504: Subtask feature_pipeline.feature_silver_attributes
[2026-06-20T15:25:48.525+0000] {task_command.py:426} INFO - Running <TaskInstance: credit_default_ml_pipeline.feature_pipeline.feature_silver_attributes scheduled__2023-06-01T00:00:00+00:00 [running]> on host 9cf341f51c89
[2026-06-20T15:25:48.557+0000] {taskinstance.py:2648} INFO - Exporting env vars: AIRFLOW_CTX_DAG_OWNER='***' AIRFLOW_CTX_DAG_ID='credit_default_ml_pipeline' AIRFLOW_CTX_TASK_ID='feature_pipeline.feature_silver_attributes' AIRFLOW_CTX_EXECUTION_DATE='2023-06-01T00:00:00+00:00' AIRFLOW_CTX_TRY_NUMBER='1' AIRFLOW_CTX_DAG_RUN_ID='scheduled__2023-06-01T00:00:00+00:00'
[2026-06-20T15:25:48.558+0000] {taskinstance.py:430} INFO - ::endgroup::
[2026-06-20T15:25:48.564+0000] {subprocess.py:63} INFO - Tmp dir root location: /tmp
[2026-06-20T15:25:48.565+0000] {subprocess.py:75} INFO - Running command: ['/usr/bin/bash', '-c', 'cd /opt/***/scripts && python3 silver_processing.py --snapshotdate "2023-06-01" --source attributes']
[2026-06-20T15:25:48.570+0000] {subprocess.py:86} INFO - Output:
[2026-06-20T15:25:49.687+0000] {subprocess.py:93} INFO - Setting default log level to "WARN".
[2026-06-20T15:25:49.688+0000] {subprocess.py:93} INFO - To adjust logging level use sc.setLogLevel(newLevel). For SparkR, use setLogLevel(newLevel).
[2026-06-20T15:25:49.796+0000] {subprocess.py:93} INFO - 26/06/20 15:25:49 WARN NativeCodeLoader: Unable to load native-hadoop library for your platform... using builtin-java classes where applicable
[2026-06-20T15:25:57.312+0000] {subprocess.py:93} INFO - [Stage 5:>                                                          (0 + 1) / 1]
[2026-06-20T15:25:57.314+0000] {subprocess.py:93} INFO - --- silver attributes 2023-06-01 ---
[2026-06-20T15:25:57.315+0000] {subprocess.py:93} INFO - 
[2026-06-20T15:25:57.316+0000] {subprocess.py:93} INFO - [silver:attributes] loaded datamart/bronze/attributes/bronze_attributes_2023_06_01.csv rows: 517
[2026-06-20T15:25:57.316+0000] {subprocess.py:93} INFO - [silver:attributes] saved to: datamart/silver/attributes/2023_06_01.parquet
[2026-06-20T15:25:57.317+0000] {subprocess.py:93} INFO - 
[2026-06-20T15:25:57.318+0000] {subprocess.py:93} INFO - --- done ---
[2026-06-20T15:25:57.319+0000] {subprocess.py:93} INFO - 
[2026-06-20T15:25:57.751+0000] {subprocess.py:97} INFO - Command exited with return code 0
[2026-06-20T15:25:57.753+0000] {taskinstance.py:441} INFO - ::group::Post task execution logs
[2026-06-20T15:25:57.779+0000] {taskinstance.py:1206} INFO - Marking task as SUCCESS. dag_id=credit_default_ml_pipeline, task_id=feature_pipeline.feature_silver_attributes, run_id=scheduled__2023-06-01T00:00:00+00:00, execution_date=20230601T000000, start_date=20260620T152548, end_date=20260620T152557
[2026-06-20T15:25:57.826+0000] {local_task_job_runner.py:243} INFO - Task exited with return code 0
[2026-06-20T15:25:57.848+0000] {taskinstance.py:3503} INFO - 0 downstream tasks scheduled from follow-on schedule check
[2026-06-20T15:25:57.851+0000] {local_task_job_runner.py:222} INFO - ::endgroup::
[2026-06-20T17:16:23.845+0000] {local_task_job_runner.py:120} INFO - ::group::Pre task execution logs
[2026-06-20T17:16:23.862+0000] {taskinstance.py:2076} INFO - Dependencies all met for dep_context=non-requeueable deps ti=<TaskInstance: credit_default_ml_pipeline.feature_pipeline.feature_silver_attributes scheduled__2023-06-01T00:00:00+00:00 [queued]>
[2026-06-20T17:16:23.867+0000] {taskinstance.py:2076} INFO - Dependencies all met for dep_context=requeueable deps ti=<TaskInstance: credit_default_ml_pipeline.feature_pipeline.feature_silver_attributes scheduled__2023-06-01T00:00:00+00:00 [queued]>
[2026-06-20T17:16:23.869+0000] {taskinstance.py:2306} INFO - Starting attempt 1 of 2
[2026-06-20T17:16:23.878+0000] {taskinstance.py:2330} INFO - Executing <Task(BashOperator): feature_pipeline.feature_silver_attributes> on 2023-06-01 00:00:00+00:00
[2026-06-20T17:16:23.883+0000] {logging_mixin.py:188} WARNING - /home/***/.local/lib/python3.12/site-packages/***/task/task_runner/standard_task_runner.py:62 DeprecationWarning: This process (pid=16391) is multi-threaded, use of fork() may lead to deadlocks in the child.
[2026-06-20T17:16:23.883+0000] {standard_task_runner.py:90} INFO - Running: ['***', 'tasks', 'run', 'credit_default_ml_pipeline', 'feature_pipeline.feature_silver_attributes', 'scheduled__2023-06-01T00:00:00+00:00', '--job-id', '3081', '--raw', '--subdir', 'DAGS_FOLDER/dag.py', '--cfg-path', '/tmp/tmp0y1wjtsa']
[2026-06-20T17:16:23.884+0000] {standard_task_runner.py:64} INFO - Started process 16433 to run task
[2026-06-20T17:16:23.885+0000] {standard_task_runner.py:91} INFO - Job 3081: Subtask feature_pipeline.feature_silver_attributes
[2026-06-20T17:16:24.007+0000] {task_command.py:426} INFO - Running <TaskInstance: credit_default_ml_pipeline.feature_pipeline.feature_silver_attributes scheduled__2023-06-01T00:00:00+00:00 [running]> on host 9cf341f51c89
[2026-06-20T17:16:24.041+0000] {taskinstance.py:2648} INFO - Exporting env vars: AIRFLOW_CTX_DAG_OWNER='***' AIRFLOW_CTX_DAG_ID='credit_default_ml_pipeline' AIRFLOW_CTX_TASK_ID='feature_pipeline.feature_silver_attributes' AIRFLOW_CTX_EXECUTION_DATE='2023-06-01T00:00:00+00:00' AIRFLOW_CTX_TRY_NUMBER='1' AIRFLOW_CTX_DAG_RUN_ID='scheduled__2023-06-01T00:00:00+00:00'
[2026-06-20T17:16:24.042+0000] {taskinstance.py:430} INFO - ::endgroup::
[2026-06-20T17:16:24.047+0000] {subprocess.py:63} INFO - Tmp dir root location: /tmp
[2026-06-20T17:16:24.047+0000] {subprocess.py:75} INFO - Running command: ['/usr/bin/bash', '-c', 'cd /opt/***/scripts && python3 silver_processing.py --snapshotdate "2023-06-01" --source attributes']
[2026-06-20T17:16:24.052+0000] {subprocess.py:86} INFO - Output:
[2026-06-20T17:16:25.306+0000] {subprocess.py:93} INFO - Setting default log level to "WARN".
[2026-06-20T17:16:25.309+0000] {subprocess.py:93} INFO - To adjust logging level use sc.setLogLevel(newLevel). For SparkR, use setLogLevel(newLevel).
[2026-06-20T17:16:25.476+0000] {subprocess.py:93} INFO - 26/06/20 17:16:25 WARN NativeCodeLoader: Unable to load native-hadoop library for your platform... using builtin-java classes where applicable
[2026-06-20T17:16:33.158+0000] {subprocess.py:93} INFO - [Stage 5:>                                                          (0 + 1) / 1]
[2026-06-20T17:16:33.160+0000] {subprocess.py:93} INFO - --- silver attributes 2023-06-01 ---
[2026-06-20T17:16:33.162+0000] {subprocess.py:93} INFO - 
[2026-06-20T17:16:33.165+0000] {subprocess.py:93} INFO - [silver:attributes] loaded datamart/bronze/attributes/bronze_attributes_2023_06_01.csv rows: 517
[2026-06-20T17:16:33.167+0000] {subprocess.py:93} INFO - [silver:attributes] saved to: datamart/silver/attributes/2023_06_01.parquet
[2026-06-20T17:16:33.173+0000] {subprocess.py:93} INFO - 
[2026-06-20T17:16:33.174+0000] {subprocess.py:93} INFO - --- done ---
[2026-06-20T17:16:33.177+0000] {subprocess.py:93} INFO - 
[2026-06-20T17:16:33.642+0000] {subprocess.py:97} INFO - Command exited with return code 0
[2026-06-20T17:16:33.644+0000] {taskinstance.py:441} INFO - ::group::Post task execution logs
[2026-06-20T17:16:33.674+0000] {taskinstance.py:1206} INFO - Marking task as SUCCESS. dag_id=credit_default_ml_pipeline, task_id=feature_pipeline.feature_silver_attributes, run_id=scheduled__2023-06-01T00:00:00+00:00, execution_date=20230601T000000, start_date=20260620T171623, end_date=20260620T171633
[2026-06-20T17:16:33.738+0000] {local_task_job_runner.py:243} INFO - Task exited with return code 0
[2026-06-20T17:16:33.772+0000] {taskinstance.py:3503} INFO - 0 downstream tasks scheduled from follow-on schedule check
[2026-06-20T17:16:33.775+0000] {local_task_job_runner.py:222} INFO - ::endgroup::
[2026-06-21T01:41:55.659+0000] {local_task_job_runner.py:120} INFO - ::group::Pre task execution logs
[2026-06-21T01:41:55.677+0000] {taskinstance.py:2076} INFO - Dependencies all met for dep_context=non-requeueable deps ti=<TaskInstance: credit_default_ml_pipeline.feature_pipeline.feature_silver_attributes scheduled__2023-06-01T00:00:00+00:00 [queued]>
[2026-06-21T01:41:55.683+0000] {taskinstance.py:2076} INFO - Dependencies all met for dep_context=requeueable deps ti=<TaskInstance: credit_default_ml_pipeline.feature_pipeline.feature_silver_attributes scheduled__2023-06-01T00:00:00+00:00 [queued]>
[2026-06-21T01:41:55.683+0000] {taskinstance.py:2306} INFO - Starting attempt 1 of 2
[2026-06-21T01:41:55.689+0000] {taskinstance.py:2330} INFO - Executing <Task(BashOperator): feature_pipeline.feature_silver_attributes> on 2023-06-01 00:00:00+00:00
[2026-06-21T01:41:55.693+0000] {logging_mixin.py:188} WARNING - /home/***/.local/lib/python3.12/site-packages/***/task/task_runner/standard_task_runner.py:62 DeprecationWarning: This process (pid=17036) is multi-threaded, use of fork() may lead to deadlocks in the child.
[2026-06-21T01:41:55.693+0000] {standard_task_runner.py:90} INFO - Running: ['***', 'tasks', 'run', 'credit_default_ml_pipeline', 'feature_pipeline.feature_silver_attributes', 'scheduled__2023-06-01T00:00:00+00:00', '--job-id', '3545', '--raw', '--subdir', 'DAGS_FOLDER/dag.py', '--cfg-path', '/tmp/tmpw8lr9to1']
[2026-06-21T01:41:55.694+0000] {standard_task_runner.py:64} INFO - Started process 17038 to run task
[2026-06-21T01:41:55.694+0000] {standard_task_runner.py:91} INFO - Job 3545: Subtask feature_pipeline.feature_silver_attributes
[2026-06-21T01:41:55.717+0000] {task_command.py:426} INFO - Running <TaskInstance: credit_default_ml_pipeline.feature_pipeline.feature_silver_attributes scheduled__2023-06-01T00:00:00+00:00 [running]> on host f6e9e2801916
[2026-06-21T01:41:55.845+0000] {taskinstance.py:2648} INFO - Exporting env vars: AIRFLOW_CTX_DAG_OWNER='***' AIRFLOW_CTX_DAG_ID='credit_default_ml_pipeline' AIRFLOW_CTX_TASK_ID='feature_pipeline.feature_silver_attributes' AIRFLOW_CTX_EXECUTION_DATE='2023-06-01T00:00:00+00:00' AIRFLOW_CTX_TRY_NUMBER='1' AIRFLOW_CTX_DAG_RUN_ID='scheduled__2023-06-01T00:00:00+00:00'
[2026-06-21T01:41:55.846+0000] {taskinstance.py:430} INFO - ::endgroup::
[2026-06-21T01:41:55.851+0000] {subprocess.py:63} INFO - Tmp dir root location: /tmp
[2026-06-21T01:41:55.852+0000] {subprocess.py:75} INFO - Running command: ['/usr/bin/bash', '-c', 'cd /opt/***/scripts && python3 silver_processing.py --snapshotdate "2023-06-01" --source attributes']
[2026-06-21T01:41:55.856+0000] {subprocess.py:86} INFO - Output:
[2026-06-21T01:41:57.027+0000] {subprocess.py:93} INFO - Setting default log level to "WARN".
[2026-06-21T01:41:57.029+0000] {subprocess.py:93} INFO - To adjust logging level use sc.setLogLevel(newLevel). For SparkR, use setLogLevel(newLevel).
[2026-06-21T01:41:57.170+0000] {subprocess.py:93} INFO - 26/06/21 01:41:57 WARN NativeCodeLoader: Unable to load native-hadoop library for your platform... using builtin-java classes where applicable
[2026-06-21T01:42:05.178+0000] {subprocess.py:93} INFO - [Stage 5:>                                                          (0 + 1) / 1]
[2026-06-21T01:42:05.181+0000] {subprocess.py:93} INFO - --- silver attributes 2023-06-01 ---
[2026-06-21T01:42:05.183+0000] {subprocess.py:93} INFO - 
[2026-06-21T01:42:05.186+0000] {subprocess.py:93} INFO - [silver:attributes] loaded datamart/bronze/attributes/bronze_attributes_2023_06_01.csv rows: 517
[2026-06-21T01:42:05.187+0000] {subprocess.py:93} INFO - [silver:attributes] saved to: datamart/silver/attributes/2023_06_01.parquet
[2026-06-21T01:42:05.189+0000] {subprocess.py:93} INFO - 
[2026-06-21T01:42:05.191+0000] {subprocess.py:93} INFO - --- done ---
[2026-06-21T01:42:05.193+0000] {subprocess.py:93} INFO - 
[2026-06-21T01:42:05.659+0000] {subprocess.py:97} INFO - Command exited with return code 0
[2026-06-21T01:42:05.669+0000] {taskinstance.py:441} INFO - ::group::Post task execution logs
[2026-06-21T01:42:05.709+0000] {taskinstance.py:1206} INFO - Marking task as SUCCESS. dag_id=credit_default_ml_pipeline, task_id=feature_pipeline.feature_silver_attributes, run_id=scheduled__2023-06-01T00:00:00+00:00, execution_date=20230601T000000, start_date=20260621T014155, end_date=20260621T014205
[2026-06-21T01:42:05.737+0000] {local_task_job_runner.py:243} INFO - Task exited with return code 0
[2026-06-21T01:42:05.945+0000] {taskinstance.py:3503} INFO - 0 downstream tasks scheduled from follow-on schedule check
[2026-06-21T01:42:05.947+0000] {local_task_job_runner.py:222} INFO - ::endgroup::
[2026-06-21T05:36:28.677+0000] {local_task_job_runner.py:120} INFO - ::group::Pre task execution logs
[2026-06-21T05:36:28.704+0000] {taskinstance.py:2076} INFO - Dependencies all met for dep_context=non-requeueable deps ti=<TaskInstance: credit_default_ml_pipeline.feature_pipeline.feature_silver_attributes scheduled__2023-06-01T00:00:00+00:00 [queued]>
[2026-06-21T05:36:28.712+0000] {taskinstance.py:2076} INFO - Dependencies all met for dep_context=requeueable deps ti=<TaskInstance: credit_default_ml_pipeline.feature_pipeline.feature_silver_attributes scheduled__2023-06-01T00:00:00+00:00 [queued]>
[2026-06-21T05:36:28.713+0000] {taskinstance.py:2306} INFO - Starting attempt 1 of 2
[2026-06-21T05:36:28.726+0000] {taskinstance.py:2330} INFO - Executing <Task(BashOperator): feature_pipeline.feature_silver_attributes> on 2023-06-01 00:00:00+00:00
[2026-06-21T05:36:28.733+0000] {logging_mixin.py:188} WARNING - /home/***/.local/lib/python3.12/site-packages/***/task/task_runner/standard_task_runner.py:62 DeprecationWarning: This process (pid=16772) is multi-threaded, use of fork() may lead to deadlocks in the child.
[2026-06-21T05:36:28.735+0000] {standard_task_runner.py:64} INFO - Started process 16776 to run task
[2026-06-21T05:36:28.734+0000] {standard_task_runner.py:90} INFO - Running: ['***', 'tasks', 'run', 'credit_default_ml_pipeline', 'feature_pipeline.feature_silver_attributes', 'scheduled__2023-06-01T00:00:00+00:00', '--job-id', '4009', '--raw', '--subdir', 'DAGS_FOLDER/dag.py', '--cfg-path', '/tmp/tmplx3wn214']
[2026-06-21T05:36:28.737+0000] {standard_task_runner.py:91} INFO - Job 4009: Subtask feature_pipeline.feature_silver_attributes
[2026-06-21T05:36:28.894+0000] {task_command.py:426} INFO - Running <TaskInstance: credit_default_ml_pipeline.feature_pipeline.feature_silver_attributes scheduled__2023-06-01T00:00:00+00:00 [running]> on host 9377a3f0491f
[2026-06-21T05:36:28.940+0000] {taskinstance.py:2648} INFO - Exporting env vars: AIRFLOW_CTX_DAG_OWNER='***' AIRFLOW_CTX_DAG_ID='credit_default_ml_pipeline' AIRFLOW_CTX_TASK_ID='feature_pipeline.feature_silver_attributes' AIRFLOW_CTX_EXECUTION_DATE='2023-06-01T00:00:00+00:00' AIRFLOW_CTX_TRY_NUMBER='1' AIRFLOW_CTX_DAG_RUN_ID='scheduled__2023-06-01T00:00:00+00:00'
[2026-06-21T05:36:28.941+0000] {taskinstance.py:430} INFO - ::endgroup::
[2026-06-21T05:36:28.949+0000] {subprocess.py:63} INFO - Tmp dir root location: /tmp
[2026-06-21T05:36:28.950+0000] {subprocess.py:75} INFO - Running command: ['/usr/bin/bash', '-c', 'cd /opt/***/scripts && python3 silver_processing.py --snapshotdate "2023-06-01" --source attributes']
[2026-06-21T05:36:28.957+0000] {subprocess.py:86} INFO - Output:
[2026-06-21T05:36:31.349+0000] {subprocess.py:93} INFO - Setting default log level to "WARN".
[2026-06-21T05:36:31.351+0000] {subprocess.py:93} INFO - To adjust logging level use sc.setLogLevel(newLevel). For SparkR, use setLogLevel(newLevel).
[2026-06-21T05:36:31.890+0000] {subprocess.py:93} INFO - 26/06/21 05:36:31 WARN NativeCodeLoader: Unable to load native-hadoop library for your platform... using builtin-java classes where applicable
[2026-06-21T05:36:33.245+0000] {subprocess.py:93} INFO - 26/06/21 05:36:33 WARN Utils: Service 'SparkUI' could not bind on port 4040. Attempting port 4041.
[2026-06-21T05:36:44.321+0000] {subprocess.py:93} INFO - [Stage 5:>                                                          (0 + 1) / 1]
[2026-06-21T05:36:44.325+0000] {subprocess.py:93} INFO - --- silver attributes 2023-06-01 ---
[2026-06-21T05:36:44.327+0000] {subprocess.py:93} INFO - 
[2026-06-21T05:36:44.329+0000] {subprocess.py:93} INFO - [silver:attributes] loaded datamart/bronze/attributes/bronze_attributes_2023_06_01.csv rows: 517
[2026-06-21T05:36:44.330+0000] {subprocess.py:93} INFO - [silver:attributes] saved to: datamart/silver/attributes/2023_06_01.parquet
[2026-06-21T05:36:44.333+0000] {subprocess.py:93} INFO - 
[2026-06-21T05:36:44.337+0000] {subprocess.py:93} INFO - --- done ---
[2026-06-21T05:36:44.339+0000] {subprocess.py:93} INFO - 
[2026-06-21T05:36:44.882+0000] {subprocess.py:97} INFO - Command exited with return code 0
[2026-06-21T05:36:44.892+0000] {taskinstance.py:441} INFO - ::group::Post task execution logs
[2026-06-21T05:36:44.953+0000] {taskinstance.py:1206} INFO - Marking task as SUCCESS. dag_id=credit_default_ml_pipeline, task_id=feature_pipeline.feature_silver_attributes, run_id=scheduled__2023-06-01T00:00:00+00:00, execution_date=20230601T000000, start_date=20260621T053628, end_date=20260621T053644
[2026-06-21T05:36:45.003+0000] {local_task_job_runner.py:243} INFO - Task exited with return code 0
[2026-06-21T05:36:45.041+0000] {taskinstance.py:3503} INFO - 0 downstream tasks scheduled from follow-on schedule check
[2026-06-21T05:36:45.047+0000] {local_task_job_runner.py:222} INFO - ::endgroup::
