[2026-06-18T04:17:24.771+0000] {local_task_job_runner.py:120} INFO - ::group::Pre task execution logs
[2026-06-18T04:17:24.821+0000] {taskinstance.py:2076} INFO - Dependencies all met for dep_context=non-requeueable deps ti=<TaskInstance: credit_default_ml_pipeline.feature_pipeline.feature_silver_lms scheduled__2024-04-01T00:00:00+00:00 [queued]>
[2026-06-18T04:17:24.840+0000] {taskinstance.py:2076} INFO - Dependencies all met for dep_context=requeueable deps ti=<TaskInstance: credit_default_ml_pipeline.feature_pipeline.feature_silver_lms scheduled__2024-04-01T00:00:00+00:00 [queued]>
[2026-06-18T04:17:24.841+0000] {taskinstance.py:2306} INFO - Starting attempt 4 of 5
[2026-06-18T04:17:24.864+0000] {taskinstance.py:2330} INFO - Executing <Task(BashOperator): feature_pipeline.feature_silver_lms> on 2024-04-01 00:00:00+00:00
[2026-06-18T04:17:24.874+0000] {logging_mixin.py:188} WARNING - /home/***/.local/lib/python3.12/site-packages/***/task/task_runner/standard_task_runner.py:62 DeprecationWarning: This process (pid=73235) is multi-threaded, use of fork() may lead to deadlocks in the child.
[2026-06-18T04:17:24.873+0000] {standard_task_runner.py:90} INFO - Running: ['***', 'tasks', 'run', 'credit_default_ml_pipeline', 'feature_pipeline.feature_silver_lms', 'scheduled__2024-04-01T00:00:00+00:00', '--job-id', '1183', '--raw', '--subdir', 'DAGS_FOLDER/dag.py', '--cfg-path', '/tmp/tmpmdnv2thy']
[2026-06-18T04:17:24.876+0000] {standard_task_runner.py:64} INFO - Started process 73339 to run task
[2026-06-18T04:17:24.878+0000] {standard_task_runner.py:91} INFO - Job 1183: Subtask feature_pipeline.feature_silver_lms
[2026-06-18T04:17:24.958+0000] {task_command.py:426} INFO - Running <TaskInstance: credit_default_ml_pipeline.feature_pipeline.feature_silver_lms scheduled__2024-04-01T00:00:00+00:00 [running]> on host bfbc24b887a5
[2026-06-18T04:17:25.369+0000] {taskinstance.py:2648} INFO - Exporting env vars: AIRFLOW_CTX_DAG_OWNER='***' AIRFLOW_CTX_DAG_ID='credit_default_ml_pipeline' AIRFLOW_CTX_TASK_ID='feature_pipeline.feature_silver_lms' AIRFLOW_CTX_EXECUTION_DATE='2024-04-01T00:00:00+00:00' AIRFLOW_CTX_TRY_NUMBER='4' AIRFLOW_CTX_DAG_RUN_ID='scheduled__2024-04-01T00:00:00+00:00'
[2026-06-18T04:17:25.372+0000] {taskinstance.py:430} INFO - ::endgroup::
[2026-06-18T04:17:25.386+0000] {subprocess.py:63} INFO - Tmp dir root location: /tmp
[2026-06-18T04:17:25.390+0000] {subprocess.py:75} INFO - Running command: ['/usr/bin/bash', '-c', 'cd /opt/***/scripts && python3 silver_processing.py --snapshotdate "2024-04-01" --source lms']
[2026-06-18T04:17:25.408+0000] {subprocess.py:86} INFO - Output:
[2026-06-18T04:17:29.267+0000] {subprocess.py:93} INFO - Setting default log level to "WARN".
[2026-06-18T04:17:29.270+0000] {subprocess.py:93} INFO - To adjust logging level use sc.setLogLevel(newLevel). For SparkR, use setLogLevel(newLevel).
[2026-06-18T04:17:29.716+0000] {subprocess.py:93} INFO - 26/06/18 04:17:29 WARN NativeCodeLoader: Unable to load native-hadoop library for your platform... using builtin-java classes where applicable
[2026-06-18T04:17:31.051+0000] {subprocess.py:93} INFO - 26/06/18 04:17:31 WARN Utils: Service 'SparkUI' could not bind on port 4040. Attempting port 4041.
[2026-06-18T04:17:31.055+0000] {subprocess.py:93} INFO - 26/06/18 04:17:31 WARN Utils: Service 'SparkUI' could not bind on port 4041. Attempting port 4042.
[2026-06-18T04:17:31.057+0000] {subprocess.py:93} INFO - 26/06/18 04:17:31 WARN Utils: Service 'SparkUI' could not bind on port 4042. Attempting port 4043.
[2026-06-18T04:17:44.946+0000] {subprocess.py:93} INFO - [Stage 1:>                                                          (0 + 1) / 1]                                                                                [Stage 5:>                                                          (0 + 1) / 1]                                                                                26/06/18 04:17:44 ERROR FileFormatWriter: Aborting job 8c5fb772-dd93-4ef4-8b04-d5cadad32a8f.
[2026-06-18T04:17:44.953+0000] {subprocess.py:93} INFO - java.io.FileNotFoundException: File file:/opt/***/scripts/datamart/silver/lms/2024_04_01.parquet/_temporary/0 does not exist
[2026-06-18T04:17:44.956+0000] {subprocess.py:93} INFO - 	at org.apache.hadoop.fs.RawLocalFileSystem.listStatus(RawLocalFileSystem.java:597)
[2026-06-18T04:17:44.957+0000] {subprocess.py:93} INFO - 	at org.apache.hadoop.fs.FileSystem.listStatus(FileSystem.java:1972)
[2026-06-18T04:17:44.958+0000] {subprocess.py:93} INFO - 	at org.apache.hadoop.fs.FileSystem.listStatus(FileSystem.java:2014)
[2026-06-18T04:17:44.962+0000] {subprocess.py:93} INFO - 	at org.apache.hadoop.fs.ChecksumFileSystem.listStatus(ChecksumFileSystem.java:761)
[2026-06-18T04:17:44.964+0000] {subprocess.py:93} INFO - 	at org.apache.hadoop.fs.FileSystem.listStatus(FileSystem.java:1972)
[2026-06-18T04:17:44.966+0000] {subprocess.py:93} INFO - 	at org.apache.hadoop.fs.FileSystem.listStatus(FileSystem.java:2014)
[2026-06-18T04:17:44.968+0000] {subprocess.py:93} INFO - 	at org.apache.hadoop.mapreduce.lib.output.FileOutputCommitter.getAllCommittedTaskPaths(FileOutputCommitter.java:334)
[2026-06-18T04:17:44.969+0000] {subprocess.py:93} INFO - 	at org.apache.hadoop.mapreduce.lib.output.FileOutputCommitter.commitJobInternal(FileOutputCommitter.java:404)
[2026-06-18T04:17:44.971+0000] {subprocess.py:93} INFO - 	at org.apache.hadoop.mapreduce.lib.output.FileOutputCommitter.commitJob(FileOutputCommitter.java:377)
[2026-06-18T04:17:44.972+0000] {subprocess.py:93} INFO - 	at org.apache.parquet.hadoop.ParquetOutputCommitter.commitJob(ParquetOutputCommitter.java:48)
[2026-06-18T04:17:44.973+0000] {subprocess.py:93} INFO - 	at org.apache.spark.internal.io.HadoopMapReduceCommitProtocol.commitJob(HadoopMapReduceCommitProtocol.scala:192)
[2026-06-18T04:17:44.974+0000] {subprocess.py:93} INFO - 	at org.apache.spark.sql.execution.datasources.FileFormatWriter$.$anonfun$writeAndCommit$3(FileFormatWriter.scala:275)
[2026-06-18T04:17:44.975+0000] {subprocess.py:93} INFO - 	at scala.runtime.java8.JFunction0$mcV$sp.apply(JFunction0$mcV$sp.java:23)
[2026-06-18T04:17:44.976+0000] {subprocess.py:93} INFO - 	at org.apache.spark.util.Utils$.timeTakenMs(Utils.scala:552)
[2026-06-18T04:17:44.977+0000] {subprocess.py:93} INFO - 	at org.apache.spark.sql.execution.datasources.FileFormatWriter$.writeAndCommit(FileFormatWriter.scala:275)
[2026-06-18T04:17:44.979+0000] {subprocess.py:93} INFO - 	at org.apache.spark.sql.execution.datasources.FileFormatWriter$.executeWrite(FileFormatWriter.scala:304)
[2026-06-18T04:17:44.980+0000] {subprocess.py:93} INFO - 	at org.apache.spark.sql.execution.datasources.FileFormatWriter$.write(FileFormatWriter.scala:190)
[2026-06-18T04:17:44.982+0000] {subprocess.py:93} INFO - 	at org.apache.spark.sql.execution.datasources.InsertIntoHadoopFsRelationCommand.run(InsertIntoHadoopFsRelationCommand.scala:190)
[2026-06-18T04:17:44.983+0000] {subprocess.py:93} INFO - 	at org.apache.spark.sql.execution.command.DataWritingCommandExec.sideEffectResult$lzycompute(commands.scala:113)
[2026-06-18T04:17:44.984+0000] {subprocess.py:93} INFO - 	at org.apache.spark.sql.execution.command.DataWritingCommandExec.sideEffectResult(commands.scala:111)
[2026-06-18T04:17:44.985+0000] {subprocess.py:93} INFO - 	at org.apache.spark.sql.execution.command.DataWritingCommandExec.executeCollect(commands.scala:125)
[2026-06-18T04:17:44.986+0000] {subprocess.py:93} INFO - 	at org.apache.spark.sql.execution.QueryExecution$$anonfun$eagerlyExecuteCommands$1.$anonfun$applyOrElse$1(QueryExecution.scala:107)
[2026-06-18T04:17:44.987+0000] {subprocess.py:93} INFO - 	at org.apache.spark.sql.execution.SQLExecution$.$anonfun$withNewExecutionId$6(SQLExecution.scala:125)
[2026-06-18T04:17:44.988+0000] {subprocess.py:93} INFO - 	at org.apache.spark.sql.execution.SQLExecution$.withSQLConfPropagated(SQLExecution.scala:201)
[2026-06-18T04:17:44.989+0000] {subprocess.py:93} INFO - 	at org.apache.spark.sql.execution.SQLExecution$.$anonfun$withNewExecutionId$1(SQLExecution.scala:108)
[2026-06-18T04:17:44.991+0000] {subprocess.py:93} INFO - 	at org.apache.spark.sql.SparkSession.withActive(SparkSession.scala:900)
[2026-06-18T04:17:44.992+0000] {subprocess.py:93} INFO - 	at org.apache.spark.sql.execution.SQLExecution$.withNewExecutionId(SQLExecution.scala:66)
[2026-06-18T04:17:44.994+0000] {subprocess.py:93} INFO - 	at org.apache.spark.sql.execution.QueryExecution$$anonfun$eagerlyExecuteCommands$1.applyOrElse(QueryExecution.scala:107)
[2026-06-18T04:17:44.995+0000] {subprocess.py:93} INFO - 	at org.apache.spark.sql.execution.QueryExecution$$anonfun$eagerlyExecuteCommands$1.applyOrElse(QueryExecution.scala:98)
[2026-06-18T04:17:44.996+0000] {subprocess.py:93} INFO - 	at org.apache.spark.sql.catalyst.trees.TreeNode.$anonfun$transformDownWithPruning$1(TreeNode.scala:461)
[2026-06-18T04:17:44.998+0000] {subprocess.py:93} INFO - 	at org.apache.spark.sql.catalyst.trees.CurrentOrigin$.withOrigin(origin.scala:76)
[2026-06-18T04:17:44.999+0000] {subprocess.py:93} INFO - 	at org.apache.spark.sql.catalyst.trees.TreeNode.transformDownWithPruning(TreeNode.scala:461)
[2026-06-18T04:17:45.000+0000] {subprocess.py:93} INFO - 	at org.apache.spark.sql.catalyst.plans.logical.LogicalPlan.org$apache$spark$sql$catalyst$plans$logical$AnalysisHelper$$super$transformDownWithPruning(LogicalPlan.scala:32)
[2026-06-18T04:17:45.001+0000] {subprocess.py:93} INFO - 	at org.apache.spark.sql.catalyst.plans.logical.AnalysisHelper.transformDownWithPruning(AnalysisHelper.scala:267)
[2026-06-18T04:17:45.003+0000] {subprocess.py:93} INFO - 	at org.apache.spark.sql.catalyst.plans.logical.AnalysisHelper.transformDownWithPruning$(AnalysisHelper.scala:263)
[2026-06-18T04:17:45.004+0000] {subprocess.py:93} INFO - 	at org.apache.spark.sql.catalyst.plans.logical.LogicalPlan.transformDownWithPruning(LogicalPlan.scala:32)
[2026-06-18T04:17:45.005+0000] {subprocess.py:93} INFO - 	at org.apache.spark.sql.catalyst.plans.logical.LogicalPlan.transformDownWithPruning(LogicalPlan.scala:32)
[2026-06-18T04:17:45.006+0000] {subprocess.py:93} INFO - 	at org.apache.spark.sql.catalyst.trees.TreeNode.transformDown(TreeNode.scala:437)
[2026-06-18T04:17:45.007+0000] {subprocess.py:93} INFO - 	at org.apache.spark.sql.execution.QueryExecution.eagerlyExecuteCommands(QueryExecution.scala:98)
[2026-06-18T04:17:45.009+0000] {subprocess.py:93} INFO - 	at org.apache.spark.sql.execution.QueryExecution.commandExecuted$lzycompute(QueryExecution.scala:85)
[2026-06-18T04:17:45.011+0000] {subprocess.py:93} INFO - 	at org.apache.spark.sql.execution.QueryExecution.commandExecuted(QueryExecution.scala:83)
[2026-06-18T04:17:45.012+0000] {subprocess.py:93} INFO - 	at org.apache.spark.sql.execution.QueryExecution.assertCommandExecuted(QueryExecution.scala:142)
[2026-06-18T04:17:45.016+0000] {subprocess.py:93} INFO - 	at org.apache.spark.sql.DataFrameWriter.runCommand(DataFrameWriter.scala:859)
[2026-06-18T04:17:45.017+0000] {subprocess.py:93} INFO - 	at org.apache.spark.sql.DataFrameWriter.saveToV1Source(DataFrameWriter.scala:388)
[2026-06-18T04:17:45.017+0000] {subprocess.py:93} INFO - 	at org.apache.spark.sql.DataFrameWriter.saveInternal(DataFrameWriter.scala:361)
[2026-06-18T04:17:45.018+0000] {subprocess.py:93} INFO - 	at org.apache.spark.sql.DataFrameWriter.save(DataFrameWriter.scala:240)
[2026-06-18T04:17:45.019+0000] {subprocess.py:93} INFO - 	at org.apache.spark.sql.DataFrameWriter.parquet(DataFrameWriter.scala:792)
[2026-06-18T04:17:45.019+0000] {subprocess.py:93} INFO - 	at java.base/jdk.internal.reflect.NativeMethodAccessorImpl.invoke0(Native Method)
[2026-06-18T04:17:45.021+0000] {subprocess.py:93} INFO - 	at java.base/jdk.internal.reflect.NativeMethodAccessorImpl.invoke(NativeMethodAccessorImpl.java:77)
[2026-06-18T04:17:45.022+0000] {subprocess.py:93} INFO - 	at java.base/jdk.internal.reflect.DelegatingMethodAccessorImpl.invoke(DelegatingMethodAccessorImpl.java:43)
[2026-06-18T04:17:45.023+0000] {subprocess.py:93} INFO - 	at java.base/java.lang.reflect.Method.invoke(Method.java:569)
[2026-06-18T04:17:45.028+0000] {subprocess.py:93} INFO - 	at py4j.reflection.MethodInvoker.invoke(MethodInvoker.java:244)
[2026-06-18T04:17:45.029+0000] {subprocess.py:93} INFO - 	at py4j.reflection.ReflectionEngine.invoke(ReflectionEngine.java:374)
[2026-06-18T04:17:45.031+0000] {subprocess.py:93} INFO - 	at py4j.Gateway.invoke(Gateway.java:282)
[2026-06-18T04:17:45.033+0000] {subprocess.py:93} INFO - 	at py4j.commands.AbstractCommand.invokeMethod(AbstractCommand.java:132)
[2026-06-18T04:17:45.034+0000] {subprocess.py:93} INFO - 	at py4j.commands.CallCommand.execute(CallCommand.java:79)
[2026-06-18T04:17:45.034+0000] {subprocess.py:93} INFO - 	at py4j.ClientServerConnection.waitForCommands(ClientServerConnection.java:182)
[2026-06-18T04:17:45.035+0000] {subprocess.py:93} INFO - 	at py4j.ClientServerConnection.run(ClientServerConnection.java:106)
[2026-06-18T04:17:45.037+0000] {subprocess.py:93} INFO - 	at java.base/java.lang.Thread.run(Thread.java:840)
[2026-06-18T04:17:45.038+0000] {subprocess.py:93} INFO - 
[2026-06-18T04:17:45.039+0000] {subprocess.py:93} INFO - --- silver lms 2024-04-01 ---
[2026-06-18T04:17:45.039+0000] {subprocess.py:93} INFO - 
[2026-06-18T04:17:45.040+0000] {subprocess.py:93} INFO - [silver:lms] loaded datamart/bronze/lms/bronze_lms_2024_04_01.csv rows: 5417
[2026-06-18T04:17:45.041+0000] {subprocess.py:93} INFO - Traceback (most recent call last):
[2026-06-18T04:17:45.041+0000] {subprocess.py:93} INFO -   File "/opt/***/scripts/silver_processing.py", line 25, in <module>
[2026-06-18T04:17:45.042+0000] {subprocess.py:93} INFO -     main(a.snapshotdate, a.source)
[2026-06-18T04:17:45.043+0000] {subprocess.py:93} INFO -   File "/opt/***/scripts/silver_processing.py", line 13, in main
[2026-06-18T04:17:45.044+0000] {subprocess.py:93} INFO -     silver.process_silver_table(source, snapshotdate,
[2026-06-18T04:17:45.045+0000] {subprocess.py:93} INFO -   File "/opt/***/scripts/utils/data_processing_silver_table.py", line 251, in process_silver_table
[2026-06-18T04:17:45.047+0000] {subprocess.py:93} INFO -     df.write.mode("overwrite").parquet(part)
[2026-06-18T04:17:45.048+0000] {subprocess.py:93} INFO -   File "/home/***/.local/lib/python3.12/site-packages/pyspark/sql/readwriter.py", line 1721, in parquet
[2026-06-18T04:17:45.050+0000] {subprocess.py:93} INFO -     self._jwrite.parquet(path)
[2026-06-18T04:17:45.052+0000] {subprocess.py:93} INFO -   File "/home/***/.local/lib/python3.12/site-packages/py4j/java_gateway.py", line 1322, in __call__
[2026-06-18T04:17:45.053+0000] {subprocess.py:93} INFO -     return_value = get_return_value(
[2026-06-18T04:17:45.055+0000] {subprocess.py:93} INFO -                    ^^^^^^^^^^^^^^^^^
[2026-06-18T04:17:45.056+0000] {subprocess.py:93} INFO -   File "/home/***/.local/lib/python3.12/site-packages/pyspark/errors/exceptions/captured.py", line 179, in deco
[2026-06-18T04:17:45.058+0000] {subprocess.py:93} INFO -     return f(*a, **kw)
[2026-06-18T04:17:45.059+0000] {subprocess.py:93} INFO -            ^^^^^^^^^^^
[2026-06-18T04:17:45.061+0000] {subprocess.py:93} INFO -   File "/home/***/.local/lib/python3.12/site-packages/py4j/protocol.py", line 326, in get_return_value
[2026-06-18T04:17:45.062+0000] {subprocess.py:93} INFO -     raise Py4JJavaError(
[2026-06-18T04:17:45.064+0000] {subprocess.py:93} INFO - py4j.protocol.Py4JJavaError: An error occurred while calling o191.parquet.
[2026-06-18T04:17:45.066+0000] {subprocess.py:93} INFO - : java.io.FileNotFoundException: File file:/opt/***/scripts/datamart/silver/lms/2024_04_01.parquet/_temporary/0 does not exist
[2026-06-18T04:17:45.067+0000] {subprocess.py:93} INFO - 	at org.apache.hadoop.fs.RawLocalFileSystem.listStatus(RawLocalFileSystem.java:597)
[2026-06-18T04:17:45.068+0000] {subprocess.py:93} INFO - 	at org.apache.hadoop.fs.FileSystem.listStatus(FileSystem.java:1972)
[2026-06-18T04:17:45.069+0000] {subprocess.py:93} INFO - 	at org.apache.hadoop.fs.FileSystem.listStatus(FileSystem.java:2014)
[2026-06-18T04:17:45.070+0000] {subprocess.py:93} INFO - 	at org.apache.hadoop.fs.ChecksumFileSystem.listStatus(ChecksumFileSystem.java:761)
[2026-06-18T04:17:45.072+0000] {subprocess.py:93} INFO - 	at org.apache.hadoop.fs.FileSystem.listStatus(FileSystem.java:1972)
[2026-06-18T04:17:45.073+0000] {subprocess.py:93} INFO - 	at org.apache.hadoop.fs.FileSystem.listStatus(FileSystem.java:2014)
[2026-06-18T04:17:45.078+0000] {subprocess.py:93} INFO - 	at org.apache.hadoop.mapreduce.lib.output.FileOutputCommitter.getAllCommittedTaskPaths(FileOutputCommitter.java:334)
[2026-06-18T04:17:45.080+0000] {subprocess.py:93} INFO - 	at org.apache.hadoop.mapreduce.lib.output.FileOutputCommitter.commitJobInternal(FileOutputCommitter.java:404)
[2026-06-18T04:17:45.082+0000] {subprocess.py:93} INFO - 	at org.apache.hadoop.mapreduce.lib.output.FileOutputCommitter.commitJob(FileOutputCommitter.java:377)
[2026-06-18T04:17:45.083+0000] {subprocess.py:93} INFO - 	at org.apache.parquet.hadoop.ParquetOutputCommitter.commitJob(ParquetOutputCommitter.java:48)
[2026-06-18T04:17:45.085+0000] {subprocess.py:93} INFO - 	at org.apache.spark.internal.io.HadoopMapReduceCommitProtocol.commitJob(HadoopMapReduceCommitProtocol.scala:192)
[2026-06-18T04:17:45.086+0000] {subprocess.py:93} INFO - 	at org.apache.spark.sql.execution.datasources.FileFormatWriter$.$anonfun$writeAndCommit$3(FileFormatWriter.scala:275)
[2026-06-18T04:17:45.087+0000] {subprocess.py:93} INFO - 	at scala.runtime.java8.JFunction0$mcV$sp.apply(JFunction0$mcV$sp.java:23)
[2026-06-18T04:17:45.088+0000] {subprocess.py:93} INFO - 	at org.apache.spark.util.Utils$.timeTakenMs(Utils.scala:552)
[2026-06-18T04:17:45.091+0000] {subprocess.py:93} INFO - 	at org.apache.spark.sql.execution.datasources.FileFormatWriter$.writeAndCommit(FileFormatWriter.scala:275)
[2026-06-18T04:17:45.095+0000] {subprocess.py:93} INFO - 	at org.apache.spark.sql.execution.datasources.FileFormatWriter$.executeWrite(FileFormatWriter.scala:304)
[2026-06-18T04:17:45.097+0000] {subprocess.py:93} INFO - 	at org.apache.spark.sql.execution.datasources.FileFormatWriter$.write(FileFormatWriter.scala:190)
[2026-06-18T04:17:45.100+0000] {subprocess.py:93} INFO - 	at org.apache.spark.sql.execution.datasources.InsertIntoHadoopFsRelationCommand.run(InsertIntoHadoopFsRelationCommand.scala:190)
[2026-06-18T04:17:45.102+0000] {subprocess.py:93} INFO - 	at org.apache.spark.sql.execution.command.DataWritingCommandExec.sideEffectResult$lzycompute(commands.scala:113)
[2026-06-18T04:17:45.104+0000] {subprocess.py:93} INFO - 	at org.apache.spark.sql.execution.command.DataWritingCommandExec.sideEffectResult(commands.scala:111)
[2026-06-18T04:17:45.106+0000] {subprocess.py:93} INFO - 	at org.apache.spark.sql.execution.command.DataWritingCommandExec.executeCollect(commands.scala:125)
[2026-06-18T04:17:45.108+0000] {subprocess.py:93} INFO - 	at org.apache.spark.sql.execution.QueryExecution$$anonfun$eagerlyExecuteCommands$1.$anonfun$applyOrElse$1(QueryExecution.scala:107)
[2026-06-18T04:17:45.111+0000] {subprocess.py:93} INFO - 	at org.apache.spark.sql.execution.SQLExecution$.$anonfun$withNewExecutionId$6(SQLExecution.scala:125)
[2026-06-18T04:17:45.113+0000] {subprocess.py:93} INFO - 	at org.apache.spark.sql.execution.SQLExecution$.withSQLConfPropagated(SQLExecution.scala:201)
[2026-06-18T04:17:45.115+0000] {subprocess.py:93} INFO - 	at org.apache.spark.sql.execution.SQLExecution$.$anonfun$withNewExecutionId$1(SQLExecution.scala:108)
[2026-06-18T04:17:45.116+0000] {subprocess.py:93} INFO - 	at org.apache.spark.sql.SparkSession.withActive(SparkSession.scala:900)
[2026-06-18T04:17:45.118+0000] {subprocess.py:93} INFO - 	at org.apache.spark.sql.execution.SQLExecution$.withNewExecutionId(SQLExecution.scala:66)
[2026-06-18T04:17:45.120+0000] {subprocess.py:93} INFO - 	at org.apache.spark.sql.execution.QueryExecution$$anonfun$eagerlyExecuteCommands$1.applyOrElse(QueryExecution.scala:107)
[2026-06-18T04:17:45.122+0000] {subprocess.py:93} INFO - 	at org.apache.spark.sql.execution.QueryExecution$$anonfun$eagerlyExecuteCommands$1.applyOrElse(QueryExecution.scala:98)
[2026-06-18T04:17:45.123+0000] {subprocess.py:93} INFO - 	at org.apache.spark.sql.catalyst.trees.TreeNode.$anonfun$transformDownWithPruning$1(TreeNode.scala:461)
[2026-06-18T04:17:45.125+0000] {subprocess.py:93} INFO - 	at org.apache.spark.sql.catalyst.trees.CurrentOrigin$.withOrigin(origin.scala:76)
[2026-06-18T04:17:45.127+0000] {subprocess.py:93} INFO - 	at org.apache.spark.sql.catalyst.trees.TreeNode.transformDownWithPruning(TreeNode.scala:461)
[2026-06-18T04:17:45.129+0000] {subprocess.py:93} INFO - 	at org.apache.spark.sql.catalyst.plans.logical.LogicalPlan.org$apache$spark$sql$catalyst$plans$logical$AnalysisHelper$$super$transformDownWithPruning(LogicalPlan.scala:32)
[2026-06-18T04:17:45.130+0000] {subprocess.py:93} INFO - 	at org.apache.spark.sql.catalyst.plans.logical.AnalysisHelper.transformDownWithPruning(AnalysisHelper.scala:267)
[2026-06-18T04:17:45.131+0000] {subprocess.py:93} INFO - 	at org.apache.spark.sql.catalyst.plans.logical.AnalysisHelper.transformDownWithPruning$(AnalysisHelper.scala:263)
[2026-06-18T04:17:45.132+0000] {subprocess.py:93} INFO - 	at org.apache.spark.sql.catalyst.plans.logical.LogicalPlan.transformDownWithPruning(LogicalPlan.scala:32)
[2026-06-18T04:17:45.133+0000] {subprocess.py:93} INFO - 	at org.apache.spark.sql.catalyst.plans.logical.LogicalPlan.transformDownWithPruning(LogicalPlan.scala:32)
[2026-06-18T04:17:45.134+0000] {subprocess.py:93} INFO - 	at org.apache.spark.sql.catalyst.trees.TreeNode.transformDown(TreeNode.scala:437)
[2026-06-18T04:17:45.135+0000] {subprocess.py:93} INFO - 	at org.apache.spark.sql.execution.QueryExecution.eagerlyExecuteCommands(QueryExecution.scala:98)
[2026-06-18T04:17:45.136+0000] {subprocess.py:93} INFO - 	at org.apache.spark.sql.execution.QueryExecution.commandExecuted$lzycompute(QueryExecution.scala:85)
[2026-06-18T04:17:45.138+0000] {subprocess.py:93} INFO - 	at org.apache.spark.sql.execution.QueryExecution.commandExecuted(QueryExecution.scala:83)
[2026-06-18T04:17:45.139+0000] {subprocess.py:93} INFO - 	at org.apache.spark.sql.execution.QueryExecution.assertCommandExecuted(QueryExecution.scala:142)
[2026-06-18T04:17:45.140+0000] {subprocess.py:93} INFO - 	at org.apache.spark.sql.DataFrameWriter.runCommand(DataFrameWriter.scala:859)
[2026-06-18T04:17:45.141+0000] {subprocess.py:93} INFO - 	at org.apache.spark.sql.DataFrameWriter.saveToV1Source(DataFrameWriter.scala:388)
[2026-06-18T04:17:45.142+0000] {subprocess.py:93} INFO - 	at org.apache.spark.sql.DataFrameWriter.saveInternal(DataFrameWriter.scala:361)
[2026-06-18T04:17:45.143+0000] {subprocess.py:93} INFO - 	at org.apache.spark.sql.DataFrameWriter.save(DataFrameWriter.scala:240)
[2026-06-18T04:17:45.144+0000] {subprocess.py:93} INFO - 	at org.apache.spark.sql.DataFrameWriter.parquet(DataFrameWriter.scala:792)
[2026-06-18T04:17:45.145+0000] {subprocess.py:93} INFO - 	at java.base/jdk.internal.reflect.NativeMethodAccessorImpl.invoke0(Native Method)
[2026-06-18T04:17:45.148+0000] {subprocess.py:93} INFO - 	at java.base/jdk.internal.reflect.NativeMethodAccessorImpl.invoke(NativeMethodAccessorImpl.java:77)
[2026-06-18T04:17:45.150+0000] {subprocess.py:93} INFO - 	at java.base/jdk.internal.reflect.DelegatingMethodAccessorImpl.invoke(DelegatingMethodAccessorImpl.java:43)
[2026-06-18T04:17:45.152+0000] {subprocess.py:93} INFO - 	at java.base/java.lang.reflect.Method.invoke(Method.java:569)
[2026-06-18T04:17:45.153+0000] {subprocess.py:93} INFO - 	at py4j.reflection.MethodInvoker.invoke(MethodInvoker.java:244)
[2026-06-18T04:17:45.154+0000] {subprocess.py:93} INFO - 	at py4j.reflection.ReflectionEngine.invoke(ReflectionEngine.java:374)
[2026-06-18T04:17:45.157+0000] {subprocess.py:93} INFO - 	at py4j.Gateway.invoke(Gateway.java:282)
[2026-06-18T04:17:45.160+0000] {subprocess.py:93} INFO - 	at py4j.commands.AbstractCommand.invokeMethod(AbstractCommand.java:132)
[2026-06-18T04:17:45.164+0000] {subprocess.py:93} INFO - 	at py4j.commands.CallCommand.execute(CallCommand.java:79)
[2026-06-18T04:17:45.165+0000] {subprocess.py:93} INFO - 	at py4j.ClientServerConnection.waitForCommands(ClientServerConnection.java:182)
[2026-06-18T04:17:45.166+0000] {subprocess.py:93} INFO - 	at py4j.ClientServerConnection.run(ClientServerConnection.java:106)
[2026-06-18T04:17:45.167+0000] {subprocess.py:93} INFO - 	at java.base/java.lang.Thread.run(Thread.java:840)
[2026-06-18T04:17:45.168+0000] {subprocess.py:93} INFO - 
[2026-06-18T04:17:45.628+0000] {subprocess.py:97} INFO - Command exited with return code 1
[2026-06-18T04:17:45.633+0000] {taskinstance.py:441} INFO - ::group::Post task execution logs
[2026-06-18T04:17:45.662+0000] {taskinstance.py:2905} ERROR - Task failed with exception
Traceback (most recent call last):
  File "/home/airflow/.local/lib/python3.12/site-packages/airflow/models/taskinstance.py", line 465, in _execute_task
    result = _execute_callable(context=context, **execute_callable_kwargs)
             ^^^^^^^^^^^^^^^^^^^^^^^^^^^^^^^^^^^^^^^^^^^^^^^^^^^^^^^^^^^^^
  File "/home/airflow/.local/lib/python3.12/site-packages/airflow/models/taskinstance.py", line 432, in _execute_callable
    return execute_callable(context=context, **execute_callable_kwargs)
           ^^^^^^^^^^^^^^^^^^^^^^^^^^^^^^^^^^^^^^^^^^^^^^^^^^^^^^^^^^^^
  File "/home/airflow/.local/lib/python3.12/site-packages/airflow/models/baseoperator.py", line 401, in wrapper
    return func(self, *args, **kwargs)
           ^^^^^^^^^^^^^^^^^^^^^^^^^^^
  File "/home/airflow/.local/lib/python3.12/site-packages/airflow/operators/bash.py", line 243, in execute
    raise AirflowException(
airflow.exceptions.AirflowException: Bash command failed. The command returned a non-zero exit code 1.
[2026-06-18T04:17:45.672+0000] {taskinstance.py:1206} INFO - Marking task as UP_FOR_RETRY. dag_id=credit_default_ml_pipeline, task_id=feature_pipeline.feature_silver_lms, run_id=scheduled__2024-04-01T00:00:00+00:00, execution_date=20240401T000000, start_date=20260618T041724, end_date=20260618T041745
[2026-06-18T04:17:45.699+0000] {standard_task_runner.py:110} ERROR - Failed to execute job 1183 for task feature_pipeline.feature_silver_lms (Bash command failed. The command returned a non-zero exit code 1.; 73339)
[2026-06-18T04:17:45.732+0000] {local_task_job_runner.py:243} INFO - Task exited with return code 1
[2026-06-18T04:17:45.751+0000] {local_task_job_runner.py:222} INFO - ::endgroup::
