[2026-06-17T01:15:41.143+0000] {local_task_job_runner.py:120} INFO - ::group::Pre task execution logs
[2026-06-17T01:15:41.158+0000] {taskinstance.py:2076} INFO - Dependencies all met for dep_context=non-requeueable deps ti=<TaskInstance: credit_default_ml_pipeline.feature_pipeline.gold_feature_store scheduled__2024-05-01T00:00:00+00:00 [queued]>
[2026-06-17T01:15:41.163+0000] {taskinstance.py:2076} INFO - Dependencies all met for dep_context=requeueable deps ti=<TaskInstance: credit_default_ml_pipeline.feature_pipeline.gold_feature_store scheduled__2024-05-01T00:00:00+00:00 [queued]>
[2026-06-17T01:15:41.163+0000] {taskinstance.py:2306} INFO - Starting attempt 2 of 3
[2026-06-17T01:15:41.167+0000] {taskinstance.py:2330} INFO - Executing <Task(BashOperator): feature_pipeline.gold_feature_store> on 2024-05-01 00:00:00+00:00
[2026-06-17T01:15:41.171+0000] {logging_mixin.py:188} WARNING - /home/***/.local/lib/python3.12/site-packages/***/task/task_runner/standard_task_runner.py:62 DeprecationWarning: This process (pid=92759) is multi-threaded, use of fork() may lead to deadlocks in the child.
[2026-06-17T01:15:41.171+0000] {standard_task_runner.py:64} INFO - Started process 92760 to run task
[2026-06-17T01:15:41.171+0000] {standard_task_runner.py:90} INFO - Running: ['***', 'tasks', 'run', 'credit_default_ml_pipeline', 'feature_pipeline.gold_feature_store', 'scheduled__2024-05-01T00:00:00+00:00', '--job-id', '691', '--raw', '--subdir', 'DAGS_FOLDER/dag.py', '--cfg-path', '/tmp/tmpco7x_wl0']
[2026-06-17T01:15:41.172+0000] {standard_task_runner.py:91} INFO - Job 691: Subtask feature_pipeline.gold_feature_store
[2026-06-17T01:15:41.192+0000] {task_command.py:426} INFO - Running <TaskInstance: credit_default_ml_pipeline.feature_pipeline.gold_feature_store scheduled__2024-05-01T00:00:00+00:00 [running]> on host 2b9b50b7433d
[2026-06-17T01:15:41.227+0000] {taskinstance.py:2648} INFO - Exporting env vars: AIRFLOW_CTX_DAG_OWNER='***' AIRFLOW_CTX_DAG_ID='credit_default_ml_pipeline' AIRFLOW_CTX_TASK_ID='feature_pipeline.gold_feature_store' AIRFLOW_CTX_EXECUTION_DATE='2024-05-01T00:00:00+00:00' AIRFLOW_CTX_TRY_NUMBER='2' AIRFLOW_CTX_DAG_RUN_ID='scheduled__2024-05-01T00:00:00+00:00'
[2026-06-17T01:15:41.228+0000] {taskinstance.py:430} INFO - ::endgroup::
[2026-06-17T01:15:41.234+0000] {subprocess.py:63} INFO - Tmp dir root location: /tmp
[2026-06-17T01:15:41.235+0000] {subprocess.py:75} INFO - Running command: ['/usr/bin/bash', '-c', 'cd /opt/***/scripts && python3 gold_feature_store.py --snapshotdate "2024-05-01"']
[2026-06-17T01:15:41.239+0000] {subprocess.py:86} INFO - Output:
[2026-06-17T01:15:42.420+0000] {subprocess.py:93} INFO - Setting default log level to "WARN".
[2026-06-17T01:15:42.421+0000] {subprocess.py:93} INFO - To adjust logging level use sc.setLogLevel(newLevel). For SparkR, use setLogLevel(newLevel).
[2026-06-17T01:15:42.584+0000] {subprocess.py:93} INFO - 26/06/17 01:15:42 WARN NativeCodeLoader: Unable to load native-hadoop library for your platform... using builtin-java classes where applicable
[2026-06-17T01:15:56.860+0000] {subprocess.py:93} INFO - [Stage 11:>                                                         (0 + 8) / 8]                                                                                [Stage 63:>                                                         (0 + 1) / 1]
[2026-06-17T01:15:56.867+0000] {subprocess.py:93} INFO - --- gold feature 2024-05-01 ---
[2026-06-17T01:15:56.869+0000] {subprocess.py:93} INFO - 
[2026-06-17T01:15:56.871+0000] {subprocess.py:93} INFO - [gold:feature] 2024-05-01 applications (mob=0): 491
[2026-06-17T01:15:56.872+0000] {subprocess.py:93} INFO - [gold:feature] saved to: datamart/gold/feature_store/gold_feature_store_2024_05_01.parquet (491 rows, 86 cols)
[2026-06-17T01:15:56.873+0000] {subprocess.py:93} INFO - 
[2026-06-17T01:15:56.874+0000] {subprocess.py:93} INFO - --- done ---
[2026-06-17T01:15:56.874+0000] {subprocess.py:93} INFO - 
[2026-06-17T01:15:57.477+0000] {subprocess.py:97} INFO - Command exited with return code 0
[2026-06-17T01:15:57.479+0000] {taskinstance.py:441} INFO - ::group::Post task execution logs
[2026-06-17T01:15:57.501+0000] {taskinstance.py:1206} INFO - Marking task as SUCCESS. dag_id=credit_default_ml_pipeline, task_id=feature_pipeline.gold_feature_store, run_id=scheduled__2024-05-01T00:00:00+00:00, execution_date=20240501T000000, start_date=20260617T011541, end_date=20260617T011557
[2026-06-17T01:15:57.520+0000] {local_task_job_runner.py:243} INFO - Task exited with return code 0
[2026-06-17T01:15:57.536+0000] {taskinstance.py:3503} INFO - 0 downstream tasks scheduled from follow-on schedule check
[2026-06-17T01:15:57.537+0000] {local_task_job_runner.py:222} INFO - ::endgroup::
