[2026-06-18T04:35:49.989+0000] {local_task_job_runner.py:120} INFO - ::group::Pre task execution logs
[2026-06-18T04:35:50.009+0000] {taskinstance.py:2076} INFO - Dependencies all met for dep_context=non-requeueable deps ti=<TaskInstance: credit_default_ml_pipeline.feature_pipeline.gold_feature_store manual__2024-09-01T00:00:00+00:00 [queued]>
[2026-06-18T04:35:50.015+0000] {taskinstance.py:2076} INFO - Dependencies all met for dep_context=requeueable deps ti=<TaskInstance: credit_default_ml_pipeline.feature_pipeline.gold_feature_store manual__2024-09-01T00:00:00+00:00 [queued]>
[2026-06-18T04:35:50.017+0000] {taskinstance.py:2306} INFO - Starting attempt 1 of 2
[2026-06-18T04:35:50.025+0000] {taskinstance.py:2330} INFO - Executing <Task(BashOperator): feature_pipeline.gold_feature_store> on 2024-09-01 00:00:00+00:00
[2026-06-18T04:35:50.030+0000] {logging_mixin.py:188} WARNING - /home/***/.local/lib/python3.12/site-packages/***/task/task_runner/standard_task_runner.py:62 DeprecationWarning: This process (pid=91367) is multi-threaded, use of fork() may lead to deadlocks in the child.
[2026-06-18T04:35:50.032+0000] {standard_task_runner.py:64} INFO - Started process 91369 to run task
[2026-06-18T04:35:50.031+0000] {standard_task_runner.py:90} INFO - Running: ['***', 'tasks', 'run', 'credit_default_ml_pipeline', 'feature_pipeline.gold_feature_store', 'manual__2024-09-01T00:00:00+00:00', '--job-id', '1276', '--raw', '--subdir', 'DAGS_FOLDER/dag.py', '--cfg-path', '/tmp/tmpmzvggps6']
[2026-06-18T04:35:50.033+0000] {standard_task_runner.py:91} INFO - Job 1276: Subtask feature_pipeline.gold_feature_store
[2026-06-18T04:35:50.068+0000] {task_command.py:426} INFO - Running <TaskInstance: credit_default_ml_pipeline.feature_pipeline.gold_feature_store manual__2024-09-01T00:00:00+00:00 [running]> on host bfbc24b887a5
[2026-06-18T04:35:50.237+0000] {taskinstance.py:2648} INFO - Exporting env vars: AIRFLOW_CTX_DAG_OWNER='***' AIRFLOW_CTX_DAG_ID='credit_default_ml_pipeline' AIRFLOW_CTX_TASK_ID='feature_pipeline.gold_feature_store' AIRFLOW_CTX_EXECUTION_DATE='2024-09-01T00:00:00+00:00' AIRFLOW_CTX_TRY_NUMBER='1' AIRFLOW_CTX_DAG_RUN_ID='manual__2024-09-01T00:00:00+00:00'
[2026-06-18T04:35:50.238+0000] {taskinstance.py:430} INFO - ::endgroup::
[2026-06-18T04:35:50.245+0000] {subprocess.py:63} INFO - Tmp dir root location: /tmp
[2026-06-18T04:35:50.245+0000] {subprocess.py:75} INFO - Running command: ['/usr/bin/bash', '-c', 'cd /opt/***/scripts && python3 gold_feature_store.py --snapshotdate "2024-09-01"']
[2026-06-18T04:35:50.251+0000] {subprocess.py:86} INFO - Output:
[2026-06-18T04:35:51.813+0000] {subprocess.py:93} INFO - Setting default log level to "WARN".
[2026-06-18T04:35:51.814+0000] {subprocess.py:93} INFO - To adjust logging level use sc.setLogLevel(newLevel). For SparkR, use setLogLevel(newLevel).
[2026-06-18T04:35:51.952+0000] {subprocess.py:93} INFO - 26/06/18 04:35:51 WARN NativeCodeLoader: Unable to load native-hadoop library for your platform... using builtin-java classes where applicable
[2026-06-18T04:36:11.410+0000] {subprocess.py:93} INFO - [Stage 11:>                                                         (0 + 7) / 7]                                                                                [Stage 18:>                                                         (0 + 1) / 1]                                                                                [Stage 63:>                                                         (0 + 1) / 1]
[2026-06-18T04:36:11.414+0000] {subprocess.py:93} INFO - --- gold feature 2024-09-01 ---
[2026-06-18T04:36:11.415+0000] {subprocess.py:93} INFO - 
[2026-06-18T04:36:11.417+0000] {subprocess.py:93} INFO - [gold:feature] 2024-09-01 applications (mob=0): 493
[2026-06-18T04:36:11.418+0000] {subprocess.py:93} INFO - [gold:feature] saved to: datamart/gold/feature_store/gold_feature_store_2024_09_01.parquet (493 rows, 86 cols)
[2026-06-18T04:36:11.419+0000] {subprocess.py:93} INFO - 
[2026-06-18T04:36:11.419+0000] {subprocess.py:93} INFO - --- done ---
[2026-06-18T04:36:11.420+0000] {subprocess.py:93} INFO - 
[2026-06-18T04:36:11.982+0000] {subprocess.py:97} INFO - Command exited with return code 0
[2026-06-18T04:36:11.984+0000] {taskinstance.py:441} INFO - ::group::Post task execution logs
[2026-06-18T04:36:12.005+0000] {taskinstance.py:1206} INFO - Marking task as SUCCESS. dag_id=credit_default_ml_pipeline, task_id=feature_pipeline.gold_feature_store, run_id=manual__2024-09-01T00:00:00+00:00, execution_date=20240901T000000, start_date=20260618T043550, end_date=20260618T043612
[2026-06-18T04:36:12.043+0000] {local_task_job_runner.py:243} INFO - Task exited with return code 0
[2026-06-18T04:36:12.217+0000] {taskinstance.py:3503} INFO - 0 downstream tasks scheduled from follow-on schedule check
[2026-06-18T04:36:12.218+0000] {local_task_job_runner.py:222} INFO - ::endgroup::
