[2026-06-18T03:54:10.658+0000] {local_task_job_runner.py:120} INFO - ::group::Pre task execution logs
[2026-06-18T03:54:10.682+0000] {taskinstance.py:2076} INFO - Dependencies all met for dep_context=non-requeueable deps ti=<TaskInstance: credit_default_ml_pipeline.feature_pipeline.feature_silver_financials scheduled__2023-08-01T00:00:00+00:00 [queued]>
[2026-06-18T03:54:10.688+0000] {taskinstance.py:2076} INFO - Dependencies all met for dep_context=requeueable deps ti=<TaskInstance: credit_default_ml_pipeline.feature_pipeline.feature_silver_financials scheduled__2023-08-01T00:00:00+00:00 [queued]>
[2026-06-18T03:54:10.690+0000] {taskinstance.py:2306} INFO - Starting attempt 3 of 4
[2026-06-18T03:54:10.698+0000] {taskinstance.py:2330} INFO - Executing <Task(BashOperator): feature_pipeline.feature_silver_financials> on 2023-08-01 00:00:00+00:00
[2026-06-18T03:54:10.704+0000] {logging_mixin.py:188} WARNING - /home/***/.local/lib/python3.12/site-packages/***/task/task_runner/standard_task_runner.py:62 DeprecationWarning: This process (pid=47321) is multi-threaded, use of fork() may lead to deadlocks in the child.
[2026-06-18T03:54:10.705+0000] {standard_task_runner.py:64} INFO - Started process 47329 to run task
[2026-06-18T03:54:10.704+0000] {standard_task_runner.py:90} INFO - Running: ['***', 'tasks', 'run', 'credit_default_ml_pipeline', 'feature_pipeline.feature_silver_financials', 'scheduled__2023-08-01T00:00:00+00:00', '--job-id', '1038', '--raw', '--subdir', 'DAGS_FOLDER/dag.py', '--cfg-path', '/tmp/tmpdk08lv1v']
[2026-06-18T03:54:10.706+0000] {standard_task_runner.py:91} INFO - Job 1038: Subtask feature_pipeline.feature_silver_financials
[2026-06-18T03:54:10.745+0000] {task_command.py:426} INFO - Running <TaskInstance: credit_default_ml_pipeline.feature_pipeline.feature_silver_financials scheduled__2023-08-01T00:00:00+00:00 [running]> on host bfbc24b887a5
[2026-06-18T03:54:10.994+0000] {taskinstance.py:2648} INFO - Exporting env vars: AIRFLOW_CTX_DAG_OWNER='***' AIRFLOW_CTX_DAG_ID='credit_default_ml_pipeline' AIRFLOW_CTX_TASK_ID='feature_pipeline.feature_silver_financials' AIRFLOW_CTX_EXECUTION_DATE='2023-08-01T00:00:00+00:00' AIRFLOW_CTX_TRY_NUMBER='3' AIRFLOW_CTX_DAG_RUN_ID='scheduled__2023-08-01T00:00:00+00:00'
[2026-06-18T03:54:10.996+0000] {taskinstance.py:430} INFO - ::endgroup::
[2026-06-18T03:54:11.004+0000] {subprocess.py:63} INFO - Tmp dir root location: /tmp
[2026-06-18T03:54:11.006+0000] {subprocess.py:75} INFO - Running command: ['/usr/bin/bash', '-c', 'cd /opt/***/scripts && python3 silver_processing.py --snapshotdate "2023-08-01" --source financials']
[2026-06-18T03:54:11.013+0000] {subprocess.py:86} INFO - Output:
[2026-06-18T03:54:13.838+0000] {subprocess.py:93} INFO - Setting default log level to "WARN".
[2026-06-18T03:54:13.841+0000] {subprocess.py:93} INFO - To adjust logging level use sc.setLogLevel(newLevel). For SparkR, use setLogLevel(newLevel).
[2026-06-18T03:54:14.164+0000] {subprocess.py:93} INFO - 26/06/18 03:54:14 WARN NativeCodeLoader: Unable to load native-hadoop library for your platform... using builtin-java classes where applicable
[2026-06-18T03:54:15.057+0000] {subprocess.py:93} INFO - 26/06/18 03:54:15 WARN Utils: Service 'SparkUI' could not bind on port 4040. Attempting port 4041.
[2026-06-18T03:54:31.087+0000] {subprocess.py:93} INFO - [Stage 10:>                                                         (0 + 1) / 1]                                                                                [Stage 12:>                                                         (0 + 1) / 1]
[2026-06-18T03:54:31.091+0000] {subprocess.py:93} INFO - --- silver financials 2023-08-01 ---
[2026-06-18T03:54:31.093+0000] {subprocess.py:93} INFO - 
[2026-06-18T03:54:31.095+0000] {subprocess.py:93} INFO - [silver:financials] loaded datamart/bronze/financials/bronze_financials_2023_08_01.csv rows: 481
[2026-06-18T03:54:31.097+0000] {subprocess.py:93} INFO - [silver:loan_type] saved to: datamart/silver/loan_type/2023_08_01.parquet
[2026-06-18T03:54:31.098+0000] {subprocess.py:93} INFO - [silver:financials] saved to: datamart/silver/financials/2023_08_01.parquet
[2026-06-18T03:54:31.099+0000] {subprocess.py:93} INFO - 
[2026-06-18T03:54:31.100+0000] {subprocess.py:93} INFO - --- done ---
[2026-06-18T03:54:31.102+0000] {subprocess.py:93} INFO - 
[2026-06-18T03:54:31.596+0000] {subprocess.py:97} INFO - Command exited with return code 0
[2026-06-18T03:54:31.598+0000] {taskinstance.py:441} INFO - ::group::Post task execution logs
[2026-06-18T03:54:31.629+0000] {taskinstance.py:1206} INFO - Marking task as SUCCESS. dag_id=credit_default_ml_pipeline, task_id=feature_pipeline.feature_silver_financials, run_id=scheduled__2023-08-01T00:00:00+00:00, execution_date=20230801T000000, start_date=20260618T035410, end_date=20260618T035431
[2026-06-18T03:54:31.655+0000] {local_task_job_runner.py:243} INFO - Task exited with return code 0
[2026-06-18T03:54:31.871+0000] {taskinstance.py:3503} INFO - 0 downstream tasks scheduled from follow-on schedule check
[2026-06-18T03:54:31.873+0000] {local_task_job_runner.py:222} INFO - ::endgroup::
