[2026-06-18T03:59:37.723+0000] {local_task_job_runner.py:120} INFO - ::group::Pre task execution logs
[2026-06-18T03:59:37.736+0000] {taskinstance.py:2076} INFO - Dependencies all met for dep_context=non-requeueable deps ti=<TaskInstance: credit_default_ml_pipeline.label_pipeline.label_silver_lms scheduled__2023-09-01T00:00:00+00:00 [queued]>
[2026-06-18T03:59:37.740+0000] {taskinstance.py:2076} INFO - Dependencies all met for dep_context=requeueable deps ti=<TaskInstance: credit_default_ml_pipeline.label_pipeline.label_silver_lms scheduled__2023-09-01T00:00:00+00:00 [queued]>
[2026-06-18T03:59:37.740+0000] {taskinstance.py:2306} INFO - Starting attempt 5 of 5
[2026-06-18T03:59:37.744+0000] {taskinstance.py:2330} INFO - Executing <Task(BashOperator): label_pipeline.label_silver_lms> on 2023-09-01 00:00:00+00:00
[2026-06-18T03:59:37.748+0000] {logging_mixin.py:188} WARNING - /home/***/.local/lib/python3.12/site-packages/***/task/task_runner/standard_task_runner.py:62 DeprecationWarning: This process (pid=52412) is multi-threaded, use of fork() may lead to deadlocks in the child.
[2026-06-18T03:59:37.748+0000] {standard_task_runner.py:90} INFO - Running: ['***', 'tasks', 'run', 'credit_default_ml_pipeline', 'label_pipeline.label_silver_lms', 'scheduled__2023-09-01T00:00:00+00:00', '--job-id', '1060', '--raw', '--subdir', 'DAGS_FOLDER/dag.py', '--cfg-path', '/tmp/tmpvx203iwj']
[2026-06-18T03:59:37.749+0000] {standard_task_runner.py:64} INFO - Started process 52414 to run task
[2026-06-18T03:59:37.751+0000] {standard_task_runner.py:91} INFO - Job 1060: Subtask label_pipeline.label_silver_lms
[2026-06-18T03:59:37.771+0000] {task_command.py:426} INFO - Running <TaskInstance: credit_default_ml_pipeline.label_pipeline.label_silver_lms scheduled__2023-09-01T00:00:00+00:00 [running]> on host bfbc24b887a5
[2026-06-18T03:59:37.897+0000] {taskinstance.py:2648} INFO - Exporting env vars: AIRFLOW_CTX_DAG_OWNER='***' AIRFLOW_CTX_DAG_ID='credit_default_ml_pipeline' AIRFLOW_CTX_TASK_ID='label_pipeline.label_silver_lms' AIRFLOW_CTX_EXECUTION_DATE='2023-09-01T00:00:00+00:00' AIRFLOW_CTX_TRY_NUMBER='5' AIRFLOW_CTX_DAG_RUN_ID='scheduled__2023-09-01T00:00:00+00:00'
[2026-06-18T03:59:37.899+0000] {taskinstance.py:430} INFO - ::endgroup::
[2026-06-18T03:59:37.903+0000] {subprocess.py:63} INFO - Tmp dir root location: /tmp
[2026-06-18T03:59:37.905+0000] {subprocess.py:75} INFO - Running command: ['/usr/bin/bash', '-c', 'cd /opt/***/scripts && python3 silver_processing.py --snapshotdate "2023-09-01" --source lms']
[2026-06-18T03:59:37.909+0000] {subprocess.py:86} INFO - Output:
[2026-06-18T03:59:38.781+0000] {subprocess.py:93} INFO - Setting default log level to "WARN".
[2026-06-18T03:59:38.782+0000] {subprocess.py:93} INFO - To adjust logging level use sc.setLogLevel(newLevel). For SparkR, use setLogLevel(newLevel).
[2026-06-18T03:59:38.866+0000] {subprocess.py:93} INFO - 26/06/18 03:59:38 WARN NativeCodeLoader: Unable to load native-hadoop library for your platform... using builtin-java classes where applicable
[2026-06-18T03:59:45.326+0000] {subprocess.py:93} INFO - [Stage 5:>                                                          (0 + 1) / 1]
[2026-06-18T03:59:45.330+0000] {subprocess.py:93} INFO - --- silver lms 2023-09-01 ---
[2026-06-18T03:59:45.331+0000] {subprocess.py:93} INFO - 
[2026-06-18T03:59:45.332+0000] {subprocess.py:93} INFO - [silver:lms] loaded datamart/bronze/lms/bronze_lms_2023_09_01.csv rows: 4491
[2026-06-18T03:59:45.332+0000] {subprocess.py:93} INFO - [silver:lms] saved to: datamart/silver/lms/2023_09_01.parquet
[2026-06-18T03:59:45.333+0000] {subprocess.py:93} INFO - 
[2026-06-18T03:59:45.334+0000] {subprocess.py:93} INFO - --- done ---
[2026-06-18T03:59:45.335+0000] {subprocess.py:93} INFO - 
[2026-06-18T03:59:45.804+0000] {subprocess.py:97} INFO - Command exited with return code 0
[2026-06-18T03:59:45.807+0000] {taskinstance.py:441} INFO - ::group::Post task execution logs
[2026-06-18T03:59:45.840+0000] {taskinstance.py:1206} INFO - Marking task as SUCCESS. dag_id=credit_default_ml_pipeline, task_id=label_pipeline.label_silver_lms, run_id=scheduled__2023-09-01T00:00:00+00:00, execution_date=20230901T000000, start_date=20260618T035937, end_date=20260618T035945
[2026-06-18T03:59:45.894+0000] {local_task_job_runner.py:243} INFO - Task exited with return code 0
[2026-06-18T03:59:46.102+0000] {taskinstance.py:3503} INFO - 1 downstream tasks scheduled from follow-on schedule check
[2026-06-18T03:59:46.104+0000] {local_task_job_runner.py:222} INFO - ::endgroup::
