[2026-06-16T15:07:35.133+0000] {local_task_job_runner.py:120} INFO - ::group::Pre task execution logs
[2026-06-16T15:07:35.151+0000] {taskinstance.py:2076} INFO - Dependencies all met for dep_context=non-requeueable deps ti=<TaskInstance: credit_default_ml_pipeline.feature_pipeline.feature_bronze_attributes scheduled__2023-08-01T00:00:00+00:00 [queued]>
[2026-06-16T15:07:35.155+0000] {taskinstance.py:2076} INFO - Dependencies all met for dep_context=requeueable deps ti=<TaskInstance: credit_default_ml_pipeline.feature_pipeline.feature_bronze_attributes scheduled__2023-08-01T00:00:00+00:00 [queued]>
[2026-06-16T15:07:35.156+0000] {taskinstance.py:2306} INFO - Starting attempt 1 of 2
[2026-06-16T15:07:35.169+0000] {taskinstance.py:2330} INFO - Executing <Task(BashOperator): feature_pipeline.feature_bronze_attributes> on 2023-08-01 00:00:00+00:00
[2026-06-16T15:07:35.174+0000] {logging_mixin.py:188} WARNING - /home/***/.local/lib/python3.12/site-packages/***/task/task_runner/standard_task_runner.py:62 DeprecationWarning: This process (pid=39379) is multi-threaded, use of fork() may lead to deadlocks in the child.
[2026-06-16T15:07:35.175+0000] {standard_task_runner.py:64} INFO - Started process 39381 to run task
[2026-06-16T15:07:35.174+0000] {standard_task_runner.py:90} INFO - Running: ['***', 'tasks', 'run', 'credit_default_ml_pipeline', 'feature_pipeline.feature_bronze_attributes', 'scheduled__2023-08-01T00:00:00+00:00', '--job-id', '179', '--raw', '--subdir', 'DAGS_FOLDER/dag.py', '--cfg-path', '/tmp/tmphzfeo0t1']
[2026-06-16T15:07:35.177+0000] {standard_task_runner.py:91} INFO - Job 179: Subtask feature_pipeline.feature_bronze_attributes
[2026-06-16T15:07:35.204+0000] {task_command.py:426} INFO - Running <TaskInstance: credit_default_ml_pipeline.feature_pipeline.feature_bronze_attributes scheduled__2023-08-01T00:00:00+00:00 [running]> on host 1cab6e97738a
[2026-06-16T15:07:35.237+0000] {taskinstance.py:2648} INFO - Exporting env vars: AIRFLOW_CTX_DAG_OWNER='***' AIRFLOW_CTX_DAG_ID='credit_default_ml_pipeline' AIRFLOW_CTX_TASK_ID='feature_pipeline.feature_bronze_attributes' AIRFLOW_CTX_EXECUTION_DATE='2023-08-01T00:00:00+00:00' AIRFLOW_CTX_TRY_NUMBER='1' AIRFLOW_CTX_DAG_RUN_ID='scheduled__2023-08-01T00:00:00+00:00'
[2026-06-16T15:07:35.239+0000] {taskinstance.py:430} INFO - ::endgroup::
[2026-06-16T15:07:35.245+0000] {subprocess.py:63} INFO - Tmp dir root location: /tmp
[2026-06-16T15:07:35.246+0000] {subprocess.py:75} INFO - Running command: ['/usr/bin/bash', '-c', 'cd /opt/***/scripts && python3 bronze_processing.py --snapshotdate "2023-08-01" --source attributes']
[2026-06-16T15:07:35.250+0000] {subprocess.py:86} INFO - Output:
[2026-06-16T15:07:36.712+0000] {subprocess.py:93} INFO - Setting default log level to "WARN".
[2026-06-16T15:07:36.713+0000] {subprocess.py:93} INFO - To adjust logging level use sc.setLogLevel(newLevel). For SparkR, use setLogLevel(newLevel).
[2026-06-16T15:07:36.905+0000] {subprocess.py:93} INFO - 26/06/16 15:07:36 WARN NativeCodeLoader: Unable to load native-hadoop library for your platform... using builtin-java classes where applicable
[2026-06-16T15:07:37.468+0000] {subprocess.py:93} INFO - 26/06/16 15:07:37 WARN Utils: Service 'SparkUI' could not bind on port 4040. Attempting port 4041.
[2026-06-16T15:07:42.711+0000] {subprocess.py:93} INFO - [Stage 1:>                                                          (0 + 1) / 1]
[2026-06-16T15:07:42.716+0000] {subprocess.py:93} INFO - --- bronze attributes 2023-08-01 ---
[2026-06-16T15:07:42.717+0000] {subprocess.py:93} INFO - 
[2026-06-16T15:07:42.718+0000] {subprocess.py:93} INFO - [bronze:attributes] 2023-08-01 row count: 481
[2026-06-16T15:07:42.722+0000] {subprocess.py:93} INFO - [bronze:attributes] saved to: datamart/bronze/attributes/bronze_attributes_2023_08_01.csv
[2026-06-16T15:07:42.723+0000] {subprocess.py:93} INFO - 
[2026-06-16T15:07:42.726+0000] {subprocess.py:93} INFO - --- done ---
[2026-06-16T15:07:42.734+0000] {subprocess.py:93} INFO - 
[2026-06-16T15:07:43.341+0000] {subprocess.py:97} INFO - Command exited with return code 0
[2026-06-16T15:07:43.342+0000] {taskinstance.py:441} INFO - ::group::Post task execution logs
[2026-06-16T15:07:43.358+0000] {taskinstance.py:1206} INFO - Marking task as SUCCESS. dag_id=credit_default_ml_pipeline, task_id=feature_pipeline.feature_bronze_attributes, run_id=scheduled__2023-08-01T00:00:00+00:00, execution_date=20230801T000000, start_date=20260616T150735, end_date=20260616T150743
[2026-06-16T15:07:43.391+0000] {local_task_job_runner.py:243} INFO - Task exited with return code 0
[2026-06-16T15:07:43.406+0000] {taskinstance.py:3503} INFO - 1 downstream tasks scheduled from follow-on schedule check
[2026-06-16T15:07:43.406+0000] {local_task_job_runner.py:222} INFO - ::endgroup::
[2026-06-20T05:53:24.841+0000] {local_task_job_runner.py:120} INFO - ::group::Pre task execution logs
[2026-06-20T05:53:24.854+0000] {taskinstance.py:2076} INFO - Dependencies all met for dep_context=non-requeueable deps ti=<TaskInstance: credit_default_ml_pipeline.feature_pipeline.feature_bronze_attributes scheduled__2023-08-01T00:00:00+00:00 [queued]>
[2026-06-20T05:53:24.858+0000] {taskinstance.py:2076} INFO - Dependencies all met for dep_context=requeueable deps ti=<TaskInstance: credit_default_ml_pipeline.feature_pipeline.feature_bronze_attributes scheduled__2023-08-01T00:00:00+00:00 [queued]>
[2026-06-20T05:53:24.859+0000] {taskinstance.py:2306} INFO - Starting attempt 1 of 2
[2026-06-20T05:53:24.964+0000] {taskinstance.py:2330} INFO - Executing <Task(BashOperator): feature_pipeline.feature_bronze_attributes> on 2023-08-01 00:00:00+00:00
[2026-06-20T05:53:24.968+0000] {logging_mixin.py:188} WARNING - /home/***/.local/lib/python3.12/site-packages/***/task/task_runner/standard_task_runner.py:62 DeprecationWarning: This process (pid=32703) is multi-threaded, use of fork() may lead to deadlocks in the child.
[2026-06-20T05:53:24.969+0000] {standard_task_runner.py:90} INFO - Running: ['***', 'tasks', 'run', 'credit_default_ml_pipeline', 'feature_pipeline.feature_bronze_attributes', 'scheduled__2023-08-01T00:00:00+00:00', '--job-id', '1576', '--raw', '--subdir', 'DAGS_FOLDER/dag.py', '--cfg-path', '/tmp/tmpokqunn8p']
[2026-06-20T05:53:24.970+0000] {standard_task_runner.py:64} INFO - Started process 32713 to run task
[2026-06-20T05:53:24.970+0000] {standard_task_runner.py:91} INFO - Job 1576: Subtask feature_pipeline.feature_bronze_attributes
[2026-06-20T05:53:24.994+0000] {task_command.py:426} INFO - Running <TaskInstance: credit_default_ml_pipeline.feature_pipeline.feature_bronze_attributes scheduled__2023-08-01T00:00:00+00:00 [running]> on host 9cf341f51c89
[2026-06-20T05:53:25.028+0000] {taskinstance.py:2648} INFO - Exporting env vars: AIRFLOW_CTX_DAG_OWNER='***' AIRFLOW_CTX_DAG_ID='credit_default_ml_pipeline' AIRFLOW_CTX_TASK_ID='feature_pipeline.feature_bronze_attributes' AIRFLOW_CTX_EXECUTION_DATE='2023-08-01T00:00:00+00:00' AIRFLOW_CTX_TRY_NUMBER='1' AIRFLOW_CTX_DAG_RUN_ID='scheduled__2023-08-01T00:00:00+00:00'
[2026-06-20T05:53:25.029+0000] {taskinstance.py:430} INFO - ::endgroup::
[2026-06-20T05:53:25.034+0000] {subprocess.py:63} INFO - Tmp dir root location: /tmp
[2026-06-20T05:53:25.035+0000] {subprocess.py:75} INFO - Running command: ['/usr/bin/bash', '-c', 'cd /opt/***/scripts && python3 bronze_processing.py --snapshotdate "2023-08-01" --source attributes']
[2026-06-20T05:53:25.040+0000] {subprocess.py:86} INFO - Output:
[2026-06-20T05:53:26.451+0000] {subprocess.py:93} INFO - Setting default log level to "WARN".
[2026-06-20T05:53:26.453+0000] {subprocess.py:93} INFO - To adjust logging level use sc.setLogLevel(newLevel). For SparkR, use setLogLevel(newLevel).
[2026-06-20T05:53:26.579+0000] {subprocess.py:93} INFO - 26/06/20 05:53:26 WARN NativeCodeLoader: Unable to load native-hadoop library for your platform... using builtin-java classes where applicable
[2026-06-20T05:53:27.166+0000] {subprocess.py:93} INFO - 26/06/20 05:53:27 WARN Utils: Service 'SparkUI' could not bind on port 4040. Attempting port 4041.
[2026-06-20T05:53:27.168+0000] {subprocess.py:93} INFO - 26/06/20 05:53:27 WARN Utils: Service 'SparkUI' could not bind on port 4041. Attempting port 4042.
[2026-06-20T05:53:32.418+0000] {subprocess.py:93} INFO - 
[2026-06-20T05:53:32.423+0000] {subprocess.py:93} INFO - --- bronze attributes 2023-08-01 ---
[2026-06-20T05:53:32.425+0000] {subprocess.py:93} INFO - 
[2026-06-20T05:53:32.428+0000] {subprocess.py:93} INFO - [bronze:attributes] 2023-08-01 row count: 481
[2026-06-20T05:53:32.429+0000] {subprocess.py:93} INFO - [bronze:attributes] saved to: datamart/bronze/attributes/bronze_attributes_2023_08_01.csv
[2026-06-20T05:53:32.430+0000] {subprocess.py:93} INFO - 
[2026-06-20T05:53:32.432+0000] {subprocess.py:93} INFO - --- done ---
[2026-06-20T05:53:32.432+0000] {subprocess.py:93} INFO - 
[2026-06-20T05:53:32.922+0000] {subprocess.py:97} INFO - Command exited with return code 0
[2026-06-20T05:53:32.923+0000] {taskinstance.py:441} INFO - ::group::Post task execution logs
[2026-06-20T05:53:32.944+0000] {taskinstance.py:1206} INFO - Marking task as SUCCESS. dag_id=credit_default_ml_pipeline, task_id=feature_pipeline.feature_bronze_attributes, run_id=scheduled__2023-08-01T00:00:00+00:00, execution_date=20230801T000000, start_date=20260620T055324, end_date=20260620T055332
[2026-06-20T05:53:32.994+0000] {local_task_job_runner.py:243} INFO - Task exited with return code 0
[2026-06-20T05:53:33.019+0000] {taskinstance.py:3503} INFO - 1 downstream tasks scheduled from follow-on schedule check
[2026-06-20T05:53:33.020+0000] {local_task_job_runner.py:222} INFO - ::endgroup::
[2026-06-20T07:01:09.134+0000] {local_task_job_runner.py:120} INFO - ::group::Pre task execution logs
[2026-06-20T07:01:09.146+0000] {taskinstance.py:2076} INFO - Dependencies all met for dep_context=non-requeueable deps ti=<TaskInstance: credit_default_ml_pipeline.feature_pipeline.feature_bronze_attributes scheduled__2023-08-01T00:00:00+00:00 [queued]>
[2026-06-20T07:01:09.149+0000] {taskinstance.py:2076} INFO - Dependencies all met for dep_context=requeueable deps ti=<TaskInstance: credit_default_ml_pipeline.feature_pipeline.feature_bronze_attributes scheduled__2023-08-01T00:00:00+00:00 [queued]>
[2026-06-20T07:01:09.150+0000] {taskinstance.py:2306} INFO - Starting attempt 1 of 2
[2026-06-20T07:01:09.156+0000] {taskinstance.py:2330} INFO - Executing <Task(BashOperator): feature_pipeline.feature_bronze_attributes> on 2023-08-01 00:00:00+00:00
[2026-06-20T07:01:09.160+0000] {logging_mixin.py:188} WARNING - /home/***/.local/lib/python3.12/site-packages/***/task/task_runner/standard_task_runner.py:62 DeprecationWarning: This process (pid=85633) is multi-threaded, use of fork() may lead to deadlocks in the child.
[2026-06-20T07:01:09.160+0000] {standard_task_runner.py:90} INFO - Running: ['***', 'tasks', 'run', 'credit_default_ml_pipeline', 'feature_pipeline.feature_bronze_attributes', 'scheduled__2023-08-01T00:00:00+00:00', '--job-id', '1888', '--raw', '--subdir', 'DAGS_FOLDER/dag.py', '--cfg-path', '/tmp/tmp1o_l2b2g']
[2026-06-20T07:01:09.162+0000] {standard_task_runner.py:64} INFO - Started process 85640 to run task
[2026-06-20T07:01:09.163+0000] {standard_task_runner.py:91} INFO - Job 1888: Subtask feature_pipeline.feature_bronze_attributes
[2026-06-20T07:01:09.302+0000] {task_command.py:426} INFO - Running <TaskInstance: credit_default_ml_pipeline.feature_pipeline.feature_bronze_attributes scheduled__2023-08-01T00:00:00+00:00 [running]> on host 9cf341f51c89
[2026-06-20T07:01:09.339+0000] {taskinstance.py:2648} INFO - Exporting env vars: AIRFLOW_CTX_DAG_OWNER='***' AIRFLOW_CTX_DAG_ID='credit_default_ml_pipeline' AIRFLOW_CTX_TASK_ID='feature_pipeline.feature_bronze_attributes' AIRFLOW_CTX_EXECUTION_DATE='2023-08-01T00:00:00+00:00' AIRFLOW_CTX_TRY_NUMBER='1' AIRFLOW_CTX_DAG_RUN_ID='scheduled__2023-08-01T00:00:00+00:00'
[2026-06-20T07:01:09.340+0000] {taskinstance.py:430} INFO - ::endgroup::
[2026-06-20T07:01:09.346+0000] {subprocess.py:63} INFO - Tmp dir root location: /tmp
[2026-06-20T07:01:09.347+0000] {subprocess.py:75} INFO - Running command: ['/usr/bin/bash', '-c', 'cd /opt/***/scripts && python3 bronze_processing.py --snapshotdate "2023-08-01" --source attributes']
[2026-06-20T07:01:09.352+0000] {subprocess.py:86} INFO - Output:
[2026-06-20T07:01:10.937+0000] {subprocess.py:93} INFO - Setting default log level to "WARN".
[2026-06-20T07:01:10.939+0000] {subprocess.py:93} INFO - To adjust logging level use sc.setLogLevel(newLevel). For SparkR, use setLogLevel(newLevel).
[2026-06-20T07:01:11.153+0000] {subprocess.py:93} INFO - 26/06/20 07:01:11 WARN NativeCodeLoader: Unable to load native-hadoop library for your platform... using builtin-java classes where applicable
[2026-06-20T07:01:20.795+0000] {subprocess.py:93} INFO - [Stage 1:>                                                          (0 + 1) / 1]
[2026-06-20T07:01:20.803+0000] {subprocess.py:93} INFO - --- bronze attributes 2023-08-01 ---
[2026-06-20T07:01:20.804+0000] {subprocess.py:93} INFO - 
[2026-06-20T07:01:20.807+0000] {subprocess.py:93} INFO - [bronze:attributes] 2023-08-01 row count: 481
[2026-06-20T07:01:20.810+0000] {subprocess.py:93} INFO - [bronze:attributes] saved to: datamart/bronze/attributes/bronze_attributes_2023_08_01.csv
[2026-06-20T07:01:20.812+0000] {subprocess.py:93} INFO - 
[2026-06-20T07:01:20.814+0000] {subprocess.py:93} INFO - --- done ---
[2026-06-20T07:01:20.819+0000] {subprocess.py:93} INFO - 
[2026-06-20T07:01:21.424+0000] {subprocess.py:97} INFO - Command exited with return code 0
[2026-06-20T07:01:21.430+0000] {taskinstance.py:441} INFO - ::group::Post task execution logs
[2026-06-20T07:01:21.515+0000] {taskinstance.py:1206} INFO - Marking task as SUCCESS. dag_id=credit_default_ml_pipeline, task_id=feature_pipeline.feature_bronze_attributes, run_id=scheduled__2023-08-01T00:00:00+00:00, execution_date=20230801T000000, start_date=20260620T070109, end_date=20260620T070121
[2026-06-20T07:01:21.589+0000] {local_task_job_runner.py:243} INFO - Task exited with return code 0
[2026-06-20T07:01:21.672+0000] {taskinstance.py:3503} INFO - 1 downstream tasks scheduled from follow-on schedule check
[2026-06-20T07:01:21.680+0000] {local_task_job_runner.py:222} INFO - ::endgroup::
[2026-06-20T07:29:44.319+0000] {local_task_job_runner.py:120} INFO - ::group::Pre task execution logs
[2026-06-20T07:29:44.335+0000] {taskinstance.py:2076} INFO - Dependencies all met for dep_context=non-requeueable deps ti=<TaskInstance: credit_default_ml_pipeline.feature_pipeline.feature_bronze_attributes scheduled__2023-08-01T00:00:00+00:00 [queued]>
[2026-06-20T07:29:44.342+0000] {taskinstance.py:2076} INFO - Dependencies all met for dep_context=requeueable deps ti=<TaskInstance: credit_default_ml_pipeline.feature_pipeline.feature_bronze_attributes scheduled__2023-08-01T00:00:00+00:00 [queued]>
[2026-06-20T07:29:44.342+0000] {taskinstance.py:2306} INFO - Starting attempt 1 of 2
[2026-06-20T07:29:44.351+0000] {taskinstance.py:2330} INFO - Executing <Task(BashOperator): feature_pipeline.feature_bronze_attributes> on 2023-08-01 00:00:00+00:00
[2026-06-20T07:29:44.355+0000] {logging_mixin.py:188} WARNING - /home/***/.local/lib/python3.12/site-packages/***/task/task_runner/standard_task_runner.py:62 DeprecationWarning: This process (pid=17286) is multi-threaded, use of fork() may lead to deadlocks in the child.
[2026-06-20T07:29:44.355+0000] {standard_task_runner.py:90} INFO - Running: ['***', 'tasks', 'run', 'credit_default_ml_pipeline', 'feature_pipeline.feature_bronze_attributes', 'scheduled__2023-08-01T00:00:00+00:00', '--job-id', '2067', '--raw', '--subdir', 'DAGS_FOLDER/dag.py', '--cfg-path', '/tmp/tmpsat4jsvg']
[2026-06-20T07:29:44.357+0000] {standard_task_runner.py:64} INFO - Started process 17293 to run task
[2026-06-20T07:29:44.357+0000] {standard_task_runner.py:91} INFO - Job 2067: Subtask feature_pipeline.feature_bronze_attributes
[2026-06-20T07:29:44.486+0000] {task_command.py:426} INFO - Running <TaskInstance: credit_default_ml_pipeline.feature_pipeline.feature_bronze_attributes scheduled__2023-08-01T00:00:00+00:00 [running]> on host 9cf341f51c89
[2026-06-20T07:29:44.518+0000] {taskinstance.py:2648} INFO - Exporting env vars: AIRFLOW_CTX_DAG_OWNER='***' AIRFLOW_CTX_DAG_ID='credit_default_ml_pipeline' AIRFLOW_CTX_TASK_ID='feature_pipeline.feature_bronze_attributes' AIRFLOW_CTX_EXECUTION_DATE='2023-08-01T00:00:00+00:00' AIRFLOW_CTX_TRY_NUMBER='1' AIRFLOW_CTX_DAG_RUN_ID='scheduled__2023-08-01T00:00:00+00:00'
[2026-06-20T07:29:44.519+0000] {taskinstance.py:430} INFO - ::endgroup::
[2026-06-20T07:29:44.524+0000] {subprocess.py:63} INFO - Tmp dir root location: /tmp
[2026-06-20T07:29:44.525+0000] {subprocess.py:75} INFO - Running command: ['/usr/bin/bash', '-c', 'cd /opt/***/scripts && python3 bronze_processing.py --snapshotdate "2023-08-01" --source attributes']
[2026-06-20T07:29:44.529+0000] {subprocess.py:86} INFO - Output:
[2026-06-20T07:29:46.095+0000] {subprocess.py:93} INFO - Setting default log level to "WARN".
[2026-06-20T07:29:46.099+0000] {subprocess.py:93} INFO - To adjust logging level use sc.setLogLevel(newLevel). For SparkR, use setLogLevel(newLevel).
[2026-06-20T07:29:46.249+0000] {subprocess.py:93} INFO - 26/06/20 07:29:46 WARN NativeCodeLoader: Unable to load native-hadoop library for your platform... using builtin-java classes where applicable
[2026-06-20T07:29:55.421+0000] {subprocess.py:93} INFO - [Stage 1:>                                                          (0 + 1) / 1]
[2026-06-20T07:29:55.425+0000] {subprocess.py:93} INFO - --- bronze attributes 2023-08-01 ---
[2026-06-20T07:29:55.429+0000] {subprocess.py:93} INFO - 
[2026-06-20T07:29:55.432+0000] {subprocess.py:93} INFO - [bronze:attributes] 2023-08-01 row count: 481
[2026-06-20T07:29:55.443+0000] {subprocess.py:93} INFO - [bronze:attributes] saved to: datamart/bronze/attributes/bronze_attributes_2023_08_01.csv
[2026-06-20T07:29:55.444+0000] {subprocess.py:93} INFO - 
[2026-06-20T07:29:55.453+0000] {subprocess.py:93} INFO - --- done ---
[2026-06-20T07:29:55.462+0000] {subprocess.py:93} INFO - 
[2026-06-20T07:29:56.129+0000] {subprocess.py:97} INFO - Command exited with return code 0
[2026-06-20T07:29:56.134+0000] {taskinstance.py:441} INFO - ::group::Post task execution logs
[2026-06-20T07:29:56.232+0000] {taskinstance.py:1206} INFO - Marking task as SUCCESS. dag_id=credit_default_ml_pipeline, task_id=feature_pipeline.feature_bronze_attributes, run_id=scheduled__2023-08-01T00:00:00+00:00, execution_date=20230801T000000, start_date=20260620T072944, end_date=20260620T072956
[2026-06-20T07:29:56.357+0000] {local_task_job_runner.py:243} INFO - Task exited with return code 0
[2026-06-20T07:29:56.415+0000] {taskinstance.py:3503} INFO - 1 downstream tasks scheduled from follow-on schedule check
[2026-06-20T07:29:56.425+0000] {local_task_job_runner.py:222} INFO - ::endgroup::
[2026-06-20T15:29:23.698+0000] {local_task_job_runner.py:120} INFO - ::group::Pre task execution logs
[2026-06-20T15:29:23.710+0000] {taskinstance.py:2076} INFO - Dependencies all met for dep_context=non-requeueable deps ti=<TaskInstance: credit_default_ml_pipeline.feature_pipeline.feature_bronze_attributes scheduled__2023-08-01T00:00:00+00:00 [queued]>
[2026-06-20T15:29:23.714+0000] {taskinstance.py:2076} INFO - Dependencies all met for dep_context=requeueable deps ti=<TaskInstance: credit_default_ml_pipeline.feature_pipeline.feature_bronze_attributes scheduled__2023-08-01T00:00:00+00:00 [queued]>
[2026-06-20T15:29:23.714+0000] {taskinstance.py:2306} INFO - Starting attempt 1 of 2
[2026-06-20T15:29:23.721+0000] {taskinstance.py:2330} INFO - Executing <Task(BashOperator): feature_pipeline.feature_bronze_attributes> on 2023-08-01 00:00:00+00:00
[2026-06-20T15:29:23.725+0000] {logging_mixin.py:188} WARNING - /home/***/.local/lib/python3.12/site-packages/***/task/task_runner/standard_task_runner.py:62 DeprecationWarning: This process (pid=4059) is multi-threaded, use of fork() may lead to deadlocks in the child.
[2026-06-20T15:29:23.726+0000] {standard_task_runner.py:90} INFO - Running: ['***', 'tasks', 'run', 'credit_default_ml_pipeline', 'feature_pipeline.feature_bronze_attributes', 'scheduled__2023-08-01T00:00:00+00:00', '--job-id', '2539', '--raw', '--subdir', 'DAGS_FOLDER/dag.py', '--cfg-path', '/tmp/tmpn6cvlcy5']
[2026-06-20T15:29:23.727+0000] {standard_task_runner.py:64} INFO - Started process 4067 to run task
[2026-06-20T15:29:23.728+0000] {standard_task_runner.py:91} INFO - Job 2539: Subtask feature_pipeline.feature_bronze_attributes
[2026-06-20T15:29:23.849+0000] {task_command.py:426} INFO - Running <TaskInstance: credit_default_ml_pipeline.feature_pipeline.feature_bronze_attributes scheduled__2023-08-01T00:00:00+00:00 [running]> on host 9cf341f51c89
[2026-06-20T15:29:23.880+0000] {taskinstance.py:2648} INFO - Exporting env vars: AIRFLOW_CTX_DAG_OWNER='***' AIRFLOW_CTX_DAG_ID='credit_default_ml_pipeline' AIRFLOW_CTX_TASK_ID='feature_pipeline.feature_bronze_attributes' AIRFLOW_CTX_EXECUTION_DATE='2023-08-01T00:00:00+00:00' AIRFLOW_CTX_TRY_NUMBER='1' AIRFLOW_CTX_DAG_RUN_ID='scheduled__2023-08-01T00:00:00+00:00'
[2026-06-20T15:29:23.881+0000] {taskinstance.py:430} INFO - ::endgroup::
[2026-06-20T15:29:23.886+0000] {subprocess.py:63} INFO - Tmp dir root location: /tmp
[2026-06-20T15:29:23.887+0000] {subprocess.py:75} INFO - Running command: ['/usr/bin/bash', '-c', 'cd /opt/***/scripts && python3 bronze_processing.py --snapshotdate "2023-08-01" --source attributes']
[2026-06-20T15:29:23.892+0000] {subprocess.py:86} INFO - Output:
[2026-06-20T15:29:25.376+0000] {subprocess.py:93} INFO - Setting default log level to "WARN".
[2026-06-20T15:29:25.377+0000] {subprocess.py:93} INFO - To adjust logging level use sc.setLogLevel(newLevel). For SparkR, use setLogLevel(newLevel).
[2026-06-20T15:29:25.592+0000] {subprocess.py:93} INFO - 26/06/20 15:29:25 WARN NativeCodeLoader: Unable to load native-hadoop library for your platform... using builtin-java classes where applicable
[2026-06-20T15:29:26.181+0000] {subprocess.py:93} INFO - 26/06/20 15:29:26 WARN Utils: Service 'SparkUI' could not bind on port 4040. Attempting port 4041.
[2026-06-20T15:29:26.183+0000] {subprocess.py:93} INFO - 26/06/20 15:29:26 WARN Utils: Service 'SparkUI' could not bind on port 4041. Attempting port 4042.
[2026-06-20T15:29:32.487+0000] {subprocess.py:93} INFO - [Stage 1:>                                                          (0 + 1) / 1]
[2026-06-20T15:29:32.488+0000] {subprocess.py:93} INFO - --- bronze attributes 2023-08-01 ---
[2026-06-20T15:29:32.489+0000] {subprocess.py:93} INFO - 
[2026-06-20T15:29:32.491+0000] {subprocess.py:93} INFO - [bronze:attributes] 2023-08-01 row count: 481
[2026-06-20T15:29:32.492+0000] {subprocess.py:93} INFO - [bronze:attributes] saved to: datamart/bronze/attributes/bronze_attributes_2023_08_01.csv
[2026-06-20T15:29:32.493+0000] {subprocess.py:93} INFO - 
[2026-06-20T15:29:32.494+0000] {subprocess.py:93} INFO - --- done ---
[2026-06-20T15:29:32.496+0000] {subprocess.py:93} INFO - 
[2026-06-20T15:29:32.977+0000] {subprocess.py:97} INFO - Command exited with return code 0
[2026-06-20T15:29:32.978+0000] {taskinstance.py:441} INFO - ::group::Post task execution logs
[2026-06-20T15:29:32.995+0000] {taskinstance.py:1206} INFO - Marking task as SUCCESS. dag_id=credit_default_ml_pipeline, task_id=feature_pipeline.feature_bronze_attributes, run_id=scheduled__2023-08-01T00:00:00+00:00, execution_date=20230801T000000, start_date=20260620T152923, end_date=20260620T152932
[2026-06-20T15:29:33.020+0000] {local_task_job_runner.py:243} INFO - Task exited with return code 0
[2026-06-20T15:29:33.042+0000] {taskinstance.py:3503} INFO - 1 downstream tasks scheduled from follow-on schedule check
[2026-06-20T15:29:33.043+0000] {local_task_job_runner.py:222} INFO - ::endgroup::
[2026-06-20T17:22:02.395+0000] {local_task_job_runner.py:120} INFO - ::group::Pre task execution logs
[2026-06-20T17:22:02.416+0000] {taskinstance.py:2076} INFO - Dependencies all met for dep_context=non-requeueable deps ti=<TaskInstance: credit_default_ml_pipeline.feature_pipeline.feature_bronze_attributes scheduled__2023-08-01T00:00:00+00:00 [queued]>
[2026-06-20T17:22:02.421+0000] {taskinstance.py:2076} INFO - Dependencies all met for dep_context=requeueable deps ti=<TaskInstance: credit_default_ml_pipeline.feature_pipeline.feature_bronze_attributes scheduled__2023-08-01T00:00:00+00:00 [queued]>
[2026-06-20T17:22:02.422+0000] {taskinstance.py:2306} INFO - Starting attempt 1 of 2
[2026-06-20T17:22:02.436+0000] {taskinstance.py:2330} INFO - Executing <Task(BashOperator): feature_pipeline.feature_bronze_attributes> on 2023-08-01 00:00:00+00:00
[2026-06-20T17:22:02.441+0000] {logging_mixin.py:188} WARNING - /home/***/.local/lib/python3.12/site-packages/***/task/task_runner/standard_task_runner.py:62 DeprecationWarning: This process (pid=21983) is multi-threaded, use of fork() may lead to deadlocks in the child.
[2026-06-20T17:22:02.442+0000] {standard_task_runner.py:64} INFO - Started process 21991 to run task
[2026-06-20T17:22:02.442+0000] {standard_task_runner.py:90} INFO - Running: ['***', 'tasks', 'run', 'credit_default_ml_pipeline', 'feature_pipeline.feature_bronze_attributes', 'scheduled__2023-08-01T00:00:00+00:00', '--job-id', '3117', '--raw', '--subdir', 'DAGS_FOLDER/dag.py', '--cfg-path', '/tmp/tmpnjllaikg']
[2026-06-20T17:22:02.444+0000] {standard_task_runner.py:91} INFO - Job 3117: Subtask feature_pipeline.feature_bronze_attributes
[2026-06-20T17:22:02.620+0000] {task_command.py:426} INFO - Running <TaskInstance: credit_default_ml_pipeline.feature_pipeline.feature_bronze_attributes scheduled__2023-08-01T00:00:00+00:00 [running]> on host 9cf341f51c89
[2026-06-20T17:22:02.676+0000] {taskinstance.py:2648} INFO - Exporting env vars: AIRFLOW_CTX_DAG_OWNER='***' AIRFLOW_CTX_DAG_ID='credit_default_ml_pipeline' AIRFLOW_CTX_TASK_ID='feature_pipeline.feature_bronze_attributes' AIRFLOW_CTX_EXECUTION_DATE='2023-08-01T00:00:00+00:00' AIRFLOW_CTX_TRY_NUMBER='1' AIRFLOW_CTX_DAG_RUN_ID='scheduled__2023-08-01T00:00:00+00:00'
[2026-06-20T17:22:02.677+0000] {taskinstance.py:430} INFO - ::endgroup::
[2026-06-20T17:22:02.685+0000] {subprocess.py:63} INFO - Tmp dir root location: /tmp
[2026-06-20T17:22:02.686+0000] {subprocess.py:75} INFO - Running command: ['/usr/bin/bash', '-c', 'cd /opt/***/scripts && python3 bronze_processing.py --snapshotdate "2023-08-01" --source attributes']
[2026-06-20T17:22:02.693+0000] {subprocess.py:86} INFO - Output:
[2026-06-20T17:22:05.297+0000] {subprocess.py:93} INFO - Setting default log level to "WARN".
[2026-06-20T17:22:05.301+0000] {subprocess.py:93} INFO - To adjust logging level use sc.setLogLevel(newLevel). For SparkR, use setLogLevel(newLevel).
[2026-06-20T17:22:05.586+0000] {subprocess.py:93} INFO - 26/06/20 17:22:05 WARN NativeCodeLoader: Unable to load native-hadoop library for your platform... using builtin-java classes where applicable
[2026-06-20T17:22:16.117+0000] {subprocess.py:93} INFO - [Stage 1:>                                                          (0 + 1) / 1]
[2026-06-20T17:22:16.123+0000] {subprocess.py:93} INFO - --- bronze attributes 2023-08-01 ---
[2026-06-20T17:22:16.130+0000] {subprocess.py:93} INFO - 
[2026-06-20T17:22:16.135+0000] {subprocess.py:93} INFO - [bronze:attributes] 2023-08-01 row count: 481
[2026-06-20T17:22:16.143+0000] {subprocess.py:93} INFO - [bronze:attributes] saved to: datamart/bronze/attributes/bronze_attributes_2023_08_01.csv
[2026-06-20T17:22:16.146+0000] {subprocess.py:93} INFO - 
[2026-06-20T17:22:16.151+0000] {subprocess.py:93} INFO - --- done ---
[2026-06-20T17:22:16.159+0000] {subprocess.py:93} INFO - 
[2026-06-20T17:22:16.759+0000] {subprocess.py:97} INFO - Command exited with return code 0
[2026-06-20T17:22:16.761+0000] {taskinstance.py:441} INFO - ::group::Post task execution logs
[2026-06-20T17:22:16.804+0000] {taskinstance.py:1206} INFO - Marking task as SUCCESS. dag_id=credit_default_ml_pipeline, task_id=feature_pipeline.feature_bronze_attributes, run_id=scheduled__2023-08-01T00:00:00+00:00, execution_date=20230801T000000, start_date=20260620T172202, end_date=20260620T172216
[2026-06-20T17:22:16.850+0000] {local_task_job_runner.py:243} INFO - Task exited with return code 0
[2026-06-20T17:22:16.886+0000] {taskinstance.py:3503} INFO - 1 downstream tasks scheduled from follow-on schedule check
[2026-06-20T17:22:16.891+0000] {local_task_job_runner.py:222} INFO - ::endgroup::
[2026-06-21T01:47:10.061+0000] {local_task_job_runner.py:120} INFO - ::group::Pre task execution logs
[2026-06-21T01:47:10.073+0000] {taskinstance.py:2076} INFO - Dependencies all met for dep_context=non-requeueable deps ti=<TaskInstance: credit_default_ml_pipeline.feature_pipeline.feature_bronze_attributes scheduled__2023-08-01T00:00:00+00:00 [queued]>
[2026-06-21T01:47:10.078+0000] {taskinstance.py:2076} INFO - Dependencies all met for dep_context=requeueable deps ti=<TaskInstance: credit_default_ml_pipeline.feature_pipeline.feature_bronze_attributes scheduled__2023-08-01T00:00:00+00:00 [queued]>
[2026-06-21T01:47:10.079+0000] {taskinstance.py:2306} INFO - Starting attempt 1 of 2
[2026-06-21T01:47:10.085+0000] {taskinstance.py:2330} INFO - Executing <Task(BashOperator): feature_pipeline.feature_bronze_attributes> on 2023-08-01 00:00:00+00:00
[2026-06-21T01:47:10.089+0000] {logging_mixin.py:188} WARNING - /home/***/.local/lib/python3.12/site-packages/***/task/task_runner/standard_task_runner.py:62 DeprecationWarning: This process (pid=22223) is multi-threaded, use of fork() may lead to deadlocks in the child.
[2026-06-21T01:47:10.091+0000] {standard_task_runner.py:64} INFO - Started process 22231 to run task
[2026-06-21T01:47:10.091+0000] {standard_task_runner.py:90} INFO - Running: ['***', 'tasks', 'run', 'credit_default_ml_pipeline', 'feature_pipeline.feature_bronze_attributes', 'scheduled__2023-08-01T00:00:00+00:00', '--job-id', '3582', '--raw', '--subdir', 'DAGS_FOLDER/dag.py', '--cfg-path', '/tmp/tmpcxcrphow']
[2026-06-21T01:47:10.093+0000] {standard_task_runner.py:91} INFO - Job 3582: Subtask feature_pipeline.feature_bronze_attributes
[2026-06-21T01:47:10.114+0000] {task_command.py:426} INFO - Running <TaskInstance: credit_default_ml_pipeline.feature_pipeline.feature_bronze_attributes scheduled__2023-08-01T00:00:00+00:00 [running]> on host f6e9e2801916
[2026-06-21T01:47:10.265+0000] {taskinstance.py:2648} INFO - Exporting env vars: AIRFLOW_CTX_DAG_OWNER='***' AIRFLOW_CTX_DAG_ID='credit_default_ml_pipeline' AIRFLOW_CTX_TASK_ID='feature_pipeline.feature_bronze_attributes' AIRFLOW_CTX_EXECUTION_DATE='2023-08-01T00:00:00+00:00' AIRFLOW_CTX_TRY_NUMBER='1' AIRFLOW_CTX_DAG_RUN_ID='scheduled__2023-08-01T00:00:00+00:00'
[2026-06-21T01:47:10.266+0000] {taskinstance.py:430} INFO - ::endgroup::
[2026-06-21T01:47:10.270+0000] {subprocess.py:63} INFO - Tmp dir root location: /tmp
[2026-06-21T01:47:10.271+0000] {subprocess.py:75} INFO - Running command: ['/usr/bin/bash', '-c', 'cd /opt/***/scripts && python3 bronze_processing.py --snapshotdate "2023-08-01" --source attributes']
[2026-06-21T01:47:10.277+0000] {subprocess.py:86} INFO - Output:
[2026-06-21T01:47:11.671+0000] {subprocess.py:93} INFO - Setting default log level to "WARN".
[2026-06-21T01:47:11.673+0000] {subprocess.py:93} INFO - To adjust logging level use sc.setLogLevel(newLevel). For SparkR, use setLogLevel(newLevel).
[2026-06-21T01:47:11.851+0000] {subprocess.py:93} INFO - 26/06/21 01:47:11 WARN NativeCodeLoader: Unable to load native-hadoop library for your platform... using builtin-java classes where applicable
[2026-06-21T01:47:19.303+0000] {subprocess.py:93} INFO - [Stage 1:>                                                          (0 + 1) / 1]
[2026-06-21T01:47:19.307+0000] {subprocess.py:93} INFO - --- bronze attributes 2023-08-01 ---
[2026-06-21T01:47:19.310+0000] {subprocess.py:93} INFO - 
[2026-06-21T01:47:19.314+0000] {subprocess.py:93} INFO - [bronze:attributes] 2023-08-01 row count: 481
[2026-06-21T01:47:19.317+0000] {subprocess.py:93} INFO - [bronze:attributes] saved to: datamart/bronze/attributes/bronze_attributes_2023_08_01.csv
[2026-06-21T01:47:19.319+0000] {subprocess.py:93} INFO - 
[2026-06-21T01:47:19.322+0000] {subprocess.py:93} INFO - --- done ---
[2026-06-21T01:47:19.327+0000] {subprocess.py:93} INFO - 
[2026-06-21T01:47:19.938+0000] {subprocess.py:97} INFO - Command exited with return code 0
[2026-06-21T01:47:19.948+0000] {taskinstance.py:441} INFO - ::group::Post task execution logs
[2026-06-21T01:47:19.999+0000] {taskinstance.py:1206} INFO - Marking task as SUCCESS. dag_id=credit_default_ml_pipeline, task_id=feature_pipeline.feature_bronze_attributes, run_id=scheduled__2023-08-01T00:00:00+00:00, execution_date=20230801T000000, start_date=20260621T014710, end_date=20260621T014719
[2026-06-21T01:47:20.052+0000] {local_task_job_runner.py:243} INFO - Task exited with return code 0
[2026-06-21T01:47:20.257+0000] {taskinstance.py:3503} INFO - 1 downstream tasks scheduled from follow-on schedule check
[2026-06-21T01:47:20.259+0000] {local_task_job_runner.py:222} INFO - ::endgroup::
[2026-06-21T05:43:03.422+0000] {local_task_job_runner.py:120} INFO - ::group::Pre task execution logs
[2026-06-21T05:43:03.451+0000] {taskinstance.py:2076} INFO - Dependencies all met for dep_context=non-requeueable deps ti=<TaskInstance: credit_default_ml_pipeline.feature_pipeline.feature_bronze_attributes scheduled__2023-08-01T00:00:00+00:00 [queued]>
[2026-06-21T05:43:03.463+0000] {taskinstance.py:2076} INFO - Dependencies all met for dep_context=requeueable deps ti=<TaskInstance: credit_default_ml_pipeline.feature_pipeline.feature_bronze_attributes scheduled__2023-08-01T00:00:00+00:00 [queued]>
[2026-06-21T05:43:03.464+0000] {taskinstance.py:2306} INFO - Starting attempt 1 of 2
[2026-06-21T05:43:03.481+0000] {taskinstance.py:2330} INFO - Executing <Task(BashOperator): feature_pipeline.feature_bronze_attributes> on 2023-08-01 00:00:00+00:00
[2026-06-21T05:43:03.492+0000] {logging_mixin.py:188} WARNING - /home/***/.local/lib/python3.12/site-packages/***/task/task_runner/standard_task_runner.py:62 DeprecationWarning: This process (pid=22427) is multi-threaded, use of fork() may lead to deadlocks in the child.
[2026-06-21T05:43:03.494+0000] {standard_task_runner.py:64} INFO - Started process 22436 to run task
[2026-06-21T05:43:03.492+0000] {standard_task_runner.py:90} INFO - Running: ['***', 'tasks', 'run', 'credit_default_ml_pipeline', 'feature_pipeline.feature_bronze_attributes', 'scheduled__2023-08-01T00:00:00+00:00', '--job-id', '4045', '--raw', '--subdir', 'DAGS_FOLDER/dag.py', '--cfg-path', '/tmp/tmp1psnmvj7']
[2026-06-21T05:43:03.496+0000] {standard_task_runner.py:91} INFO - Job 4045: Subtask feature_pipeline.feature_bronze_attributes
[2026-06-21T05:43:03.802+0000] {task_command.py:426} INFO - Running <TaskInstance: credit_default_ml_pipeline.feature_pipeline.feature_bronze_attributes scheduled__2023-08-01T00:00:00+00:00 [running]> on host 9377a3f0491f
[2026-06-21T05:43:03.876+0000] {taskinstance.py:2648} INFO - Exporting env vars: AIRFLOW_CTX_DAG_OWNER='***' AIRFLOW_CTX_DAG_ID='credit_default_ml_pipeline' AIRFLOW_CTX_TASK_ID='feature_pipeline.feature_bronze_attributes' AIRFLOW_CTX_EXECUTION_DATE='2023-08-01T00:00:00+00:00' AIRFLOW_CTX_TRY_NUMBER='1' AIRFLOW_CTX_DAG_RUN_ID='scheduled__2023-08-01T00:00:00+00:00'
[2026-06-21T05:43:03.879+0000] {taskinstance.py:430} INFO - ::endgroup::
[2026-06-21T05:43:03.891+0000] {subprocess.py:63} INFO - Tmp dir root location: /tmp
[2026-06-21T05:43:03.893+0000] {subprocess.py:75} INFO - Running command: ['/usr/bin/bash', '-c', 'cd /opt/***/scripts && python3 bronze_processing.py --snapshotdate "2023-08-01" --source attributes']
[2026-06-21T05:43:03.902+0000] {subprocess.py:86} INFO - Output:
[2026-06-21T05:43:07.288+0000] {subprocess.py:93} INFO - Setting default log level to "WARN".
[2026-06-21T05:43:07.292+0000] {subprocess.py:93} INFO - To adjust logging level use sc.setLogLevel(newLevel). For SparkR, use setLogLevel(newLevel).
[2026-06-21T05:43:07.697+0000] {subprocess.py:93} INFO - 26/06/21 05:43:07 WARN NativeCodeLoader: Unable to load native-hadoop library for your platform... using builtin-java classes where applicable
[2026-06-21T05:43:08.973+0000] {subprocess.py:93} INFO - 26/06/21 05:43:08 WARN Utils: Service 'SparkUI' could not bind on port 4040. Attempting port 4041.
[2026-06-21T05:43:08.978+0000] {subprocess.py:93} INFO - 26/06/21 05:43:08 WARN Utils: Service 'SparkUI' could not bind on port 4041. Attempting port 4042.
[2026-06-21T05:43:08.982+0000] {subprocess.py:93} INFO - 26/06/21 05:43:08 WARN Utils: Service 'SparkUI' could not bind on port 4042. Attempting port 4043.
[2026-06-21T05:43:20.515+0000] {subprocess.py:93} INFO - [Stage 1:>                                                          (0 + 1) / 1]                                                                                [Stage 2:>                                                          (0 + 1) / 1]
[2026-06-21T05:43:20.531+0000] {subprocess.py:93} INFO - --- bronze attributes 2023-08-01 ---
[2026-06-21T05:43:20.547+0000] {subprocess.py:93} INFO - 
[2026-06-21T05:43:20.557+0000] {subprocess.py:93} INFO - [bronze:attributes] 2023-08-01 row count: 481
[2026-06-21T05:43:20.562+0000] {subprocess.py:93} INFO - [bronze:attributes] saved to: datamart/bronze/attributes/bronze_attributes_2023_08_01.csv
[2026-06-21T05:43:20.567+0000] {subprocess.py:93} INFO - 
[2026-06-21T05:43:20.571+0000] {subprocess.py:93} INFO - --- done ---
[2026-06-21T05:43:20.575+0000] {subprocess.py:93} INFO - 
[2026-06-21T05:43:21.267+0000] {subprocess.py:97} INFO - Command exited with return code 0
[2026-06-21T05:43:21.268+0000] {taskinstance.py:441} INFO - ::group::Post task execution logs
[2026-06-21T05:43:21.320+0000] {taskinstance.py:1206} INFO - Marking task as SUCCESS. dag_id=credit_default_ml_pipeline, task_id=feature_pipeline.feature_bronze_attributes, run_id=scheduled__2023-08-01T00:00:00+00:00, execution_date=20230801T000000, start_date=20260621T054303, end_date=20260621T054321
[2026-06-21T05:43:21.371+0000] {local_task_job_runner.py:243} INFO - Task exited with return code 0
[2026-06-21T05:43:21.414+0000] {taskinstance.py:3503} INFO - 1 downstream tasks scheduled from follow-on schedule check
[2026-06-21T05:43:21.417+0000] {local_task_job_runner.py:222} INFO - ::endgroup::
[2026-06-25T17:35:59.815+0000] {local_task_job_runner.py:120} INFO - ::group::Pre task execution logs
[2026-06-25T17:35:59.829+0000] {taskinstance.py:2076} INFO - Dependencies all met for dep_context=non-requeueable deps ti=<TaskInstance: credit_default_ml_pipeline.feature_pipeline.feature_bronze_attributes scheduled__2023-08-01T00:00:00+00:00 [queued]>
[2026-06-25T17:35:59.833+0000] {taskinstance.py:2076} INFO - Dependencies all met for dep_context=requeueable deps ti=<TaskInstance: credit_default_ml_pipeline.feature_pipeline.feature_bronze_attributes scheduled__2023-08-01T00:00:00+00:00 [queued]>
[2026-06-25T17:35:59.834+0000] {taskinstance.py:2306} INFO - Starting attempt 1 of 2
[2026-06-25T17:35:59.840+0000] {taskinstance.py:2330} INFO - Executing <Task(BashOperator): feature_pipeline.feature_bronze_attributes> on 2023-08-01 00:00:00+00:00
[2026-06-25T17:35:59.845+0000] {logging_mixin.py:188} WARNING - /home/***/.local/lib/python3.12/site-packages/***/task/task_runner/standard_task_runner.py:62 DeprecationWarning: This process (pid=22456) is multi-threaded, use of fork() may lead to deadlocks in the child.
[2026-06-25T17:35:59.846+0000] {standard_task_runner.py:64} INFO - Started process 22466 to run task
[2026-06-25T17:35:59.846+0000] {standard_task_runner.py:90} INFO - Running: ['***', 'tasks', 'run', 'credit_default_ml_pipeline', 'feature_pipeline.feature_bronze_attributes', 'scheduled__2023-08-01T00:00:00+00:00', '--job-id', '4505', '--raw', '--subdir', 'DAGS_FOLDER/dag.py', '--cfg-path', '/tmp/tmpomix0b50']
[2026-06-25T17:35:59.848+0000] {standard_task_runner.py:91} INFO - Job 4505: Subtask feature_pipeline.feature_bronze_attributes
[2026-06-25T17:35:59.872+0000] {task_command.py:426} INFO - Running <TaskInstance: credit_default_ml_pipeline.feature_pipeline.feature_bronze_attributes scheduled__2023-08-01T00:00:00+00:00 [running]> on host b54b2be331ab
[2026-06-25T17:36:00.047+0000] {taskinstance.py:2648} INFO - Exporting env vars: AIRFLOW_CTX_DAG_OWNER='***' AIRFLOW_CTX_DAG_ID='credit_default_ml_pipeline' AIRFLOW_CTX_TASK_ID='feature_pipeline.feature_bronze_attributes' AIRFLOW_CTX_EXECUTION_DATE='2023-08-01T00:00:00+00:00' AIRFLOW_CTX_TRY_NUMBER='1' AIRFLOW_CTX_DAG_RUN_ID='scheduled__2023-08-01T00:00:00+00:00'
[2026-06-25T17:36:00.048+0000] {taskinstance.py:430} INFO - ::endgroup::
[2026-06-25T17:36:00.054+0000] {subprocess.py:63} INFO - Tmp dir root location: /tmp
[2026-06-25T17:36:00.055+0000] {subprocess.py:75} INFO - Running command: ['/usr/bin/bash', '-c', 'cd /opt/***/scripts && python3 bronze_processing.py --snapshotdate "2023-08-01" --source attributes']
[2026-06-25T17:36:00.064+0000] {subprocess.py:86} INFO - Output:
[2026-06-25T17:36:02.341+0000] {subprocess.py:93} INFO - Setting default log level to "WARN".
[2026-06-25T17:36:02.345+0000] {subprocess.py:93} INFO - To adjust logging level use sc.setLogLevel(newLevel). For SparkR, use setLogLevel(newLevel).
[2026-06-25T17:36:02.645+0000] {subprocess.py:93} INFO - 26/06/25 17:36:02 WARN NativeCodeLoader: Unable to load native-hadoop library for your platform... using builtin-java classes where applicable
[2026-06-25T17:36:13.777+0000] {subprocess.py:93} INFO - [Stage 1:>                                                          (0 + 1) / 1]
[2026-06-25T17:36:13.782+0000] {subprocess.py:93} INFO - --- bronze attributes 2023-08-01 ---
[2026-06-25T17:36:13.784+0000] {subprocess.py:93} INFO - 
[2026-06-25T17:36:13.785+0000] {subprocess.py:93} INFO - [bronze:attributes] 2023-08-01 row count: 481
[2026-06-25T17:36:13.787+0000] {subprocess.py:93} INFO - [bronze:attributes] saved to: datamart/bronze/attributes/bronze_attributes_2023_08_01.csv
[2026-06-25T17:36:13.788+0000] {subprocess.py:93} INFO - 
[2026-06-25T17:36:13.789+0000] {subprocess.py:93} INFO - --- done ---
[2026-06-25T17:36:13.791+0000] {subprocess.py:93} INFO - 
[2026-06-25T17:36:14.393+0000] {subprocess.py:97} INFO - Command exited with return code 0
[2026-06-25T17:36:14.402+0000] {taskinstance.py:441} INFO - ::group::Post task execution logs
[2026-06-25T17:36:14.614+0000] {taskinstance.py:1206} INFO - Marking task as SUCCESS. dag_id=credit_default_ml_pipeline, task_id=feature_pipeline.feature_bronze_attributes, run_id=scheduled__2023-08-01T00:00:00+00:00, execution_date=20230801T000000, start_date=20260625T173559, end_date=20260625T173614
[2026-06-25T17:36:14.812+0000] {local_task_job_runner.py:243} INFO - Task exited with return code 0
[2026-06-25T17:36:14.836+0000] {local_task_job_runner.py:222} INFO - ::endgroup::
