[2026-06-18T02:21:49.976+0000] {local_task_job_runner.py:120} INFO - ::group::Pre task execution logs
[2026-06-18T02:21:49.989+0000] {taskinstance.py:2076} INFO - Dependencies all met for dep_context=non-requeueable deps ti=<TaskInstance: credit_default_ml_pipeline.feature_pipeline.feature_bronze_financials scheduled__2023-01-01T00:00:00+00:00 [queued]>
[2026-06-18T02:21:49.992+0000] {taskinstance.py:2076} INFO - Dependencies all met for dep_context=requeueable deps ti=<TaskInstance: credit_default_ml_pipeline.feature_pipeline.feature_bronze_financials scheduled__2023-01-01T00:00:00+00:00 [queued]>
[2026-06-18T02:21:49.992+0000] {taskinstance.py:2306} INFO - Starting attempt 3 of 4
[2026-06-18T02:21:49.997+0000] {taskinstance.py:2330} INFO - Executing <Task(BashOperator): feature_pipeline.feature_bronze_financials> on 2023-01-01 00:00:00+00:00
[2026-06-18T02:21:50.007+0000] {standard_task_runner.py:90} INFO - Running: ['***', 'tasks', 'run', 'credit_default_ml_pipeline', 'feature_pipeline.feature_bronze_financials', 'scheduled__2023-01-01T00:00:00+00:00', '--job-id', '841', '--raw', '--subdir', 'DAGS_FOLDER/dag.py', '--cfg-path', '/tmp/tmpgpbnbu9h']
[2026-06-18T02:21:50.009+0000] {standard_task_runner.py:91} INFO - Job 841: Subtask feature_pipeline.feature_bronze_financials
[2026-06-18T02:21:50.011+0000] {logging_mixin.py:188} WARNING - /home/***/.local/lib/python3.12/site-packages/***/task/task_runner/standard_task_runner.py:62 DeprecationWarning: This process (pid=8405) is multi-threaded, use of fork() may lead to deadlocks in the child.
[2026-06-18T02:21:50.012+0000] {standard_task_runner.py:64} INFO - Started process 8413 to run task
[2026-06-18T02:21:50.043+0000] {task_command.py:426} INFO - Running <TaskInstance: credit_default_ml_pipeline.feature_pipeline.feature_bronze_financials scheduled__2023-01-01T00:00:00+00:00 [running]> on host bfbc24b887a5
[2026-06-18T02:21:50.216+0000] {taskinstance.py:2648} INFO - Exporting env vars: AIRFLOW_CTX_DAG_OWNER='***' AIRFLOW_CTX_DAG_ID='credit_default_ml_pipeline' AIRFLOW_CTX_TASK_ID='feature_pipeline.feature_bronze_financials' AIRFLOW_CTX_EXECUTION_DATE='2023-01-01T00:00:00+00:00' AIRFLOW_CTX_TRY_NUMBER='3' AIRFLOW_CTX_DAG_RUN_ID='scheduled__2023-01-01T00:00:00+00:00'
[2026-06-18T02:21:50.218+0000] {taskinstance.py:430} INFO - ::endgroup::
[2026-06-18T02:21:50.223+0000] {subprocess.py:63} INFO - Tmp dir root location: /tmp
[2026-06-18T02:21:50.224+0000] {subprocess.py:75} INFO - Running command: ['/usr/bin/bash', '-c', 'cd /opt/***/scripts && python3 bronze_processing.py --snapshotdate "2023-01-01" --source financials']
[2026-06-18T02:21:50.230+0000] {subprocess.py:86} INFO - Output:
[2026-06-18T02:21:51.692+0000] {subprocess.py:93} INFO - Setting default log level to "WARN".
[2026-06-18T02:21:51.693+0000] {subprocess.py:93} INFO - To adjust logging level use sc.setLogLevel(newLevel). For SparkR, use setLogLevel(newLevel).
[2026-06-18T02:21:51.902+0000] {subprocess.py:93} INFO - 26/06/18 02:21:51 WARN NativeCodeLoader: Unable to load native-hadoop library for your platform... using builtin-java classes where applicable
[2026-06-18T02:21:52.417+0000] {subprocess.py:93} INFO - 26/06/18 02:21:52 WARN Utils: Service 'SparkUI' could not bind on port 4040. Attempting port 4041.
[2026-06-18T02:21:52.418+0000] {subprocess.py:93} INFO - 26/06/18 02:21:52 WARN Utils: Service 'SparkUI' could not bind on port 4041. Attempting port 4042.
[2026-06-18T02:21:58.163+0000] {subprocess.py:93} INFO - 
[2026-06-18T02:21:58.165+0000] {subprocess.py:93} INFO - --- bronze financials 2023-01-01 ---
[2026-06-18T02:21:58.169+0000] {subprocess.py:93} INFO - 
[2026-06-18T02:21:58.170+0000] {subprocess.py:93} INFO - [bronze:financials] 2023-01-01 row count: 530
[2026-06-18T02:21:58.172+0000] {subprocess.py:93} INFO - [bronze:financials] saved to: datamart/bronze/financials/bronze_financials_2023_01_01.csv
[2026-06-18T02:21:58.173+0000] {subprocess.py:93} INFO - 
[2026-06-18T02:21:58.175+0000] {subprocess.py:93} INFO - --- done ---
[2026-06-18T02:21:58.177+0000] {subprocess.py:93} INFO - 
[2026-06-18T02:21:58.666+0000] {subprocess.py:97} INFO - Command exited with return code 0
[2026-06-18T02:21:58.669+0000] {taskinstance.py:441} INFO - ::group::Post task execution logs
[2026-06-18T02:21:58.683+0000] {taskinstance.py:1206} INFO - Marking task as SUCCESS. dag_id=credit_default_ml_pipeline, task_id=feature_pipeline.feature_bronze_financials, run_id=scheduled__2023-01-01T00:00:00+00:00, execution_date=20230101T000000, start_date=20260618T022149, end_date=20260618T022158
[2026-06-18T02:21:58.730+0000] {local_task_job_runner.py:243} INFO - Task exited with return code 0
[2026-06-18T02:21:58.738+0000] {local_task_job_runner.py:222} INFO - ::endgroup::
