[2026-06-18T03:37:20.504+0000] {local_task_job_runner.py:120} INFO - ::group::Pre task execution logs
[2026-06-18T03:37:20.523+0000] {taskinstance.py:2076} INFO - Dependencies all met for dep_context=non-requeueable deps ti=<TaskInstance: credit_default_ml_pipeline.feature_pipeline.feature_bronze_financials scheduled__2023-01-01T00:00:00+00:00 [queued]>
[2026-06-18T03:37:20.530+0000] {taskinstance.py:2076} INFO - Dependencies all met for dep_context=requeueable deps ti=<TaskInstance: credit_default_ml_pipeline.feature_pipeline.feature_bronze_financials scheduled__2023-01-01T00:00:00+00:00 [queued]>
[2026-06-18T03:37:20.530+0000] {taskinstance.py:2306} INFO - Starting attempt 4 of 5
[2026-06-18T03:37:20.536+0000] {taskinstance.py:2330} INFO - Executing <Task(BashOperator): feature_pipeline.feature_bronze_financials> on 2023-01-01 00:00:00+00:00
[2026-06-18T03:37:20.541+0000] {logging_mixin.py:188} WARNING - /home/***/.local/lib/python3.12/site-packages/***/task/task_runner/standard_task_runner.py:62 DeprecationWarning: This process (pid=27250) is multi-threaded, use of fork() may lead to deadlocks in the child.
[2026-06-18T03:37:20.542+0000] {standard_task_runner.py:64} INFO - Started process 27255 to run task
[2026-06-18T03:37:20.542+0000] {standard_task_runner.py:90} INFO - Running: ['***', 'tasks', 'run', 'credit_default_ml_pipeline', 'feature_pipeline.feature_bronze_financials', 'scheduled__2023-01-01T00:00:00+00:00', '--job-id', '925', '--raw', '--subdir', 'DAGS_FOLDER/dag.py', '--cfg-path', '/tmp/tmpo09kji3k']
[2026-06-18T03:37:20.544+0000] {standard_task_runner.py:91} INFO - Job 925: Subtask feature_pipeline.feature_bronze_financials
[2026-06-18T03:37:20.572+0000] {task_command.py:426} INFO - Running <TaskInstance: credit_default_ml_pipeline.feature_pipeline.feature_bronze_financials scheduled__2023-01-01T00:00:00+00:00 [running]> on host bfbc24b887a5
[2026-06-18T03:37:20.769+0000] {taskinstance.py:2648} INFO - Exporting env vars: AIRFLOW_CTX_DAG_OWNER='***' AIRFLOW_CTX_DAG_ID='credit_default_ml_pipeline' AIRFLOW_CTX_TASK_ID='feature_pipeline.feature_bronze_financials' AIRFLOW_CTX_EXECUTION_DATE='2023-01-01T00:00:00+00:00' AIRFLOW_CTX_TRY_NUMBER='4' AIRFLOW_CTX_DAG_RUN_ID='scheduled__2023-01-01T00:00:00+00:00'
[2026-06-18T03:37:20.771+0000] {taskinstance.py:430} INFO - ::endgroup::
[2026-06-18T03:37:20.783+0000] {subprocess.py:63} INFO - Tmp dir root location: /tmp
[2026-06-18T03:37:20.784+0000] {subprocess.py:75} INFO - Running command: ['/usr/bin/bash', '-c', 'cd /opt/***/scripts && python3 bronze_processing.py --snapshotdate "2023-01-01" --source financials']
[2026-06-18T03:37:20.794+0000] {subprocess.py:86} INFO - Output:
[2026-06-18T03:37:22.554+0000] {subprocess.py:93} INFO - Setting default log level to "WARN".
[2026-06-18T03:37:22.560+0000] {subprocess.py:93} INFO - To adjust logging level use sc.setLogLevel(newLevel). For SparkR, use setLogLevel(newLevel).
[2026-06-18T03:37:22.734+0000] {subprocess.py:93} INFO - 26/06/18 03:37:22 WARN NativeCodeLoader: Unable to load native-hadoop library for your platform... using builtin-java classes where applicable
[2026-06-18T03:37:31.200+0000] {subprocess.py:93} INFO - 
[2026-06-18T03:37:31.204+0000] {subprocess.py:93} INFO - --- bronze financials 2023-01-01 ---
[2026-06-18T03:37:31.206+0000] {subprocess.py:93} INFO - 
[2026-06-18T03:37:31.209+0000] {subprocess.py:93} INFO - [bronze:financials] 2023-01-01 row count: 530
[2026-06-18T03:37:31.210+0000] {subprocess.py:93} INFO - [bronze:financials] saved to: datamart/bronze/financials/bronze_financials_2023_01_01.csv
[2026-06-18T03:37:31.217+0000] {subprocess.py:93} INFO - 
[2026-06-18T03:37:31.218+0000] {subprocess.py:93} INFO - --- done ---
[2026-06-18T03:37:31.221+0000] {subprocess.py:93} INFO - 
[2026-06-18T03:37:31.856+0000] {subprocess.py:97} INFO - Command exited with return code 0
[2026-06-18T03:37:31.861+0000] {taskinstance.py:441} INFO - ::group::Post task execution logs
[2026-06-18T03:37:31.926+0000] {taskinstance.py:1206} INFO - Marking task as SUCCESS. dag_id=credit_default_ml_pipeline, task_id=feature_pipeline.feature_bronze_financials, run_id=scheduled__2023-01-01T00:00:00+00:00, execution_date=20230101T000000, start_date=20260618T033720, end_date=20260618T033731
[2026-06-18T03:37:31.987+0000] {local_task_job_runner.py:243} INFO - Task exited with return code 0
[2026-06-18T03:37:32.037+0000] {taskinstance.py:3503} INFO - 1 downstream tasks scheduled from follow-on schedule check
[2026-06-18T03:37:32.045+0000] {local_task_job_runner.py:222} INFO - ::endgroup::
