[2026-06-17T01:31:44.234+0000] {local_task_job_runner.py:120} INFO - ::group::Pre task execution logs
[2026-06-17T01:31:44.252+0000] {taskinstance.py:2076} INFO - Dependencies all met for dep_context=non-requeueable deps ti=<TaskInstance: credit_default_ml_pipeline.label_pipeline.gold_label_store scheduled__2024-11-01T00:00:00+00:00 [queued]>
[2026-06-17T01:31:44.257+0000] {taskinstance.py:2076} INFO - Dependencies all met for dep_context=requeueable deps ti=<TaskInstance: credit_default_ml_pipeline.label_pipeline.gold_label_store scheduled__2024-11-01T00:00:00+00:00 [queued]>
[2026-06-17T01:31:44.257+0000] {taskinstance.py:2306} INFO - Starting attempt 2 of 3
[2026-06-17T01:31:44.263+0000] {taskinstance.py:2330} INFO - Executing <Task(BashOperator): label_pipeline.gold_label_store> on 2024-11-01 00:00:00+00:00
[2026-06-17T01:31:44.269+0000] {logging_mixin.py:188} WARNING - /home/***/.local/lib/python3.12/site-packages/***/task/task_runner/standard_task_runner.py:62 DeprecationWarning: This process (pid=13269) is multi-threaded, use of fork() may lead to deadlocks in the child.
[2026-06-17T01:31:44.268+0000] {standard_task_runner.py:90} INFO - Running: ['***', 'tasks', 'run', 'credit_default_ml_pipeline', 'label_pipeline.gold_label_store', 'scheduled__2024-11-01T00:00:00+00:00', '--job-id', '793', '--raw', '--subdir', 'DAGS_FOLDER/dag.py', '--cfg-path', '/tmp/tmps2zomp31']
[2026-06-17T01:31:44.271+0000] {standard_task_runner.py:64} INFO - Started process 13270 to run task
[2026-06-17T01:31:44.272+0000] {standard_task_runner.py:91} INFO - Job 793: Subtask label_pipeline.gold_label_store
[2026-06-17T01:31:44.295+0000] {task_command.py:426} INFO - Running <TaskInstance: credit_default_ml_pipeline.label_pipeline.gold_label_store scheduled__2024-11-01T00:00:00+00:00 [running]> on host 2b9b50b7433d
[2026-06-17T01:31:44.336+0000] {taskinstance.py:2648} INFO - Exporting env vars: AIRFLOW_CTX_DAG_OWNER='***' AIRFLOW_CTX_DAG_ID='credit_default_ml_pipeline' AIRFLOW_CTX_TASK_ID='label_pipeline.gold_label_store' AIRFLOW_CTX_EXECUTION_DATE='2024-11-01T00:00:00+00:00' AIRFLOW_CTX_TRY_NUMBER='2' AIRFLOW_CTX_DAG_RUN_ID='scheduled__2024-11-01T00:00:00+00:00'
[2026-06-17T01:31:44.338+0000] {taskinstance.py:430} INFO - ::endgroup::
[2026-06-17T01:31:44.344+0000] {subprocess.py:63} INFO - Tmp dir root location: /tmp
[2026-06-17T01:31:44.345+0000] {subprocess.py:75} INFO - Running command: ['/usr/bin/bash', '-c', 'cd /opt/***/scripts && python3 gold_label_store.py --snapshotdate "2024-11-01"']
[2026-06-17T01:31:44.349+0000] {subprocess.py:86} INFO - Output:
[2026-06-17T01:31:45.848+0000] {subprocess.py:93} INFO - Setting default log level to "WARN".
[2026-06-17T01:31:45.848+0000] {subprocess.py:93} INFO - To adjust logging level use sc.setLogLevel(newLevel). For SparkR, use setLogLevel(newLevel).
[2026-06-17T01:31:45.948+0000] {subprocess.py:93} INFO - 26/06/17 01:31:45 WARN NativeCodeLoader: Unable to load native-hadoop library for your platform... using builtin-java classes where applicable
[2026-06-17T01:31:48.883+0000] {subprocess.py:93} INFO - 
[2026-06-17T01:31:48.885+0000] {subprocess.py:93} INFO - --- gold label 2024-11-01 ---
[2026-06-17T01:31:48.886+0000] {subprocess.py:93} INFO - 
[2026-06-17T01:31:48.886+0000] {subprocess.py:93} INFO - [gold:label] loaded datamart/silver/lms/2024_11_01.parquet rows: 5501
[2026-06-17T01:31:48.887+0000] {subprocess.py:93} INFO - [gold:label] saved to: datamart/gold/label_store/gold_label_store_2024_11_01.parquet
[2026-06-17T01:31:48.887+0000] {subprocess.py:93} INFO - 
[2026-06-17T01:31:48.889+0000] {subprocess.py:93} INFO - --- done ---
[2026-06-17T01:31:48.889+0000] {subprocess.py:93} INFO - 
[2026-06-17T01:31:49.404+0000] {subprocess.py:97} INFO - Command exited with return code 0
[2026-06-17T01:31:49.405+0000] {taskinstance.py:441} INFO - ::group::Post task execution logs
[2026-06-17T01:31:49.418+0000] {taskinstance.py:1206} INFO - Marking task as SUCCESS. dag_id=credit_default_ml_pipeline, task_id=label_pipeline.gold_label_store, run_id=scheduled__2024-11-01T00:00:00+00:00, execution_date=20241101T000000, start_date=20260617T013144, end_date=20260617T013149
[2026-06-17T01:31:49.451+0000] {local_task_job_runner.py:243} INFO - Task exited with return code 0
[2026-06-17T01:31:49.463+0000] {taskinstance.py:3503} INFO - 0 downstream tasks scheduled from follow-on schedule check
[2026-06-17T01:31:49.464+0000] {local_task_job_runner.py:222} INFO - ::endgroup::
