[2026-06-19T10:33:55.328+0000] {local_task_job_runner.py:120} INFO - ::group::Pre task execution logs
[2026-06-19T10:33:55.341+0000] {taskinstance.py:2076} INFO - Dependencies all met for dep_context=non-requeueable deps ti=<TaskInstance: credit_default_ml_pipeline.label_pipeline.label_bronze_lms scheduled__2023-02-01T00:00:00+00:00 [queued]>
[2026-06-19T10:33:55.345+0000] {taskinstance.py:2076} INFO - Dependencies all met for dep_context=requeueable deps ti=<TaskInstance: credit_default_ml_pipeline.label_pipeline.label_bronze_lms scheduled__2023-02-01T00:00:00+00:00 [queued]>
[2026-06-19T10:33:55.347+0000] {taskinstance.py:2306} INFO - Starting attempt 5 of 6
[2026-06-19T10:33:55.353+0000] {taskinstance.py:2330} INFO - Executing <Task(BashOperator): label_pipeline.label_bronze_lms> on 2023-02-01 00:00:00+00:00
[2026-06-19T10:33:55.357+0000] {logging_mixin.py:188} WARNING - /home/***/.local/lib/python3.12/site-packages/***/task/task_runner/standard_task_runner.py:62 DeprecationWarning: This process (pid=2619) is multi-threaded, use of fork() may lead to deadlocks in the child.
[2026-06-19T10:33:55.358+0000] {standard_task_runner.py:64} INFO - Started process 2621 to run task
[2026-06-19T10:33:55.358+0000] {standard_task_runner.py:90} INFO - Running: ['***', 'tasks', 'run', 'credit_default_ml_pipeline', 'label_pipeline.label_bronze_lms', 'scheduled__2023-02-01T00:00:00+00:00', '--job-id', '1358', '--raw', '--subdir', 'DAGS_FOLDER/dag.py', '--cfg-path', '/tmp/tmpzlfkewkn']
[2026-06-19T10:33:55.359+0000] {standard_task_runner.py:91} INFO - Job 1358: Subtask label_pipeline.label_bronze_lms
[2026-06-19T10:33:55.456+0000] {task_command.py:426} INFO - Running <TaskInstance: credit_default_ml_pipeline.label_pipeline.label_bronze_lms scheduled__2023-02-01T00:00:00+00:00 [running]> on host 9cf341f51c89
[2026-06-19T10:33:55.481+0000] {taskinstance.py:2648} INFO - Exporting env vars: AIRFLOW_CTX_DAG_OWNER='***' AIRFLOW_CTX_DAG_ID='credit_default_ml_pipeline' AIRFLOW_CTX_TASK_ID='label_pipeline.label_bronze_lms' AIRFLOW_CTX_EXECUTION_DATE='2023-02-01T00:00:00+00:00' AIRFLOW_CTX_TRY_NUMBER='5' AIRFLOW_CTX_DAG_RUN_ID='scheduled__2023-02-01T00:00:00+00:00'
[2026-06-19T10:33:55.482+0000] {taskinstance.py:430} INFO - ::endgroup::
[2026-06-19T10:33:55.486+0000] {subprocess.py:63} INFO - Tmp dir root location: /tmp
[2026-06-19T10:33:55.487+0000] {subprocess.py:75} INFO - Running command: ['/usr/bin/bash', '-c', 'cd /opt/***/scripts && python3 bronze_processing.py --snapshotdate "2023-02-01" --source lms']
[2026-06-19T10:33:55.491+0000] {subprocess.py:86} INFO - Output:
[2026-06-19T10:33:56.259+0000] {subprocess.py:93} INFO - Setting default log level to "WARN".
[2026-06-19T10:33:56.260+0000] {subprocess.py:93} INFO - To adjust logging level use sc.setLogLevel(newLevel). For SparkR, use setLogLevel(newLevel).
[2026-06-19T10:33:56.410+0000] {subprocess.py:93} INFO - 26/06/19 10:33:56 WARN NativeCodeLoader: Unable to load native-hadoop library for your platform... using builtin-java classes where applicable
[2026-06-19T10:33:59.776+0000] {subprocess.py:93} INFO - 
[2026-06-19T10:33:59.780+0000] {subprocess.py:93} INFO - --- bronze lms 2023-02-01 ---
[2026-06-19T10:33:59.780+0000] {subprocess.py:93} INFO - 
[2026-06-19T10:33:59.781+0000] {subprocess.py:93} INFO - [bronze:lms] 2023-02-01 row count: 1031
[2026-06-19T10:33:59.782+0000] {subprocess.py:93} INFO - [bronze:lms] saved to: datamart/bronze/lms/bronze_lms_2023_02_01.csv
[2026-06-19T10:33:59.783+0000] {subprocess.py:93} INFO - 
[2026-06-19T10:33:59.783+0000] {subprocess.py:93} INFO - --- done ---
[2026-06-19T10:33:59.784+0000] {subprocess.py:93} INFO - 
[2026-06-19T10:34:00.279+0000] {subprocess.py:97} INFO - Command exited with return code 0
[2026-06-19T10:34:00.280+0000] {taskinstance.py:441} INFO - ::group::Post task execution logs
[2026-06-19T10:34:00.299+0000] {taskinstance.py:1206} INFO - Marking task as SUCCESS. dag_id=credit_default_ml_pipeline, task_id=label_pipeline.label_bronze_lms, run_id=scheduled__2023-02-01T00:00:00+00:00, execution_date=20230201T000000, start_date=20260619T103355, end_date=20260619T103400
[2026-06-19T10:34:00.348+0000] {local_task_job_runner.py:243} INFO - Task exited with return code 0
[2026-06-19T10:34:00.448+0000] {taskinstance.py:3503} INFO - 2 downstream tasks scheduled from follow-on schedule check
[2026-06-19T10:34:00.449+0000] {local_task_job_runner.py:222} INFO - ::endgroup::
