[2026-06-17T01:25:21.346+0000] {local_task_job_runner.py:120} INFO - ::group::Pre task execution logs
[2026-06-17T01:25:21.425+0000] {taskinstance.py:2076} INFO - Dependencies all met for dep_context=non-requeueable deps ti=<TaskInstance: credit_default_ml_pipeline.feature_pipeline.feature_silver_financials scheduled__2024-09-01T00:00:00+00:00 [queued]>
[2026-06-17T01:25:21.454+0000] {taskinstance.py:2076} INFO - Dependencies all met for dep_context=requeueable deps ti=<TaskInstance: credit_default_ml_pipeline.feature_pipeline.feature_silver_financials scheduled__2024-09-01T00:00:00+00:00 [queued]>
[2026-06-17T01:25:21.456+0000] {taskinstance.py:2306} INFO - Starting attempt 2 of 3
[2026-06-17T01:25:21.481+0000] {taskinstance.py:2330} INFO - Executing <Task(BashOperator): feature_pipeline.feature_silver_financials> on 2024-09-01 00:00:00+00:00
[2026-06-17T01:25:21.496+0000] {logging_mixin.py:188} WARNING - /home/***/.local/lib/python3.12/site-packages/***/task/task_runner/standard_task_runner.py:62 DeprecationWarning: This process (pid=4507) is multi-threaded, use of fork() may lead to deadlocks in the child.
[2026-06-17T01:25:21.495+0000] {standard_task_runner.py:90} INFO - Running: ['***', 'tasks', 'run', 'credit_default_ml_pipeline', 'feature_pipeline.feature_silver_financials', 'scheduled__2024-09-01T00:00:00+00:00', '--job-id', '754', '--raw', '--subdir', 'DAGS_FOLDER/dag.py', '--cfg-path', '/tmp/tmp7h34lzv0']
[2026-06-17T01:25:21.499+0000] {standard_task_runner.py:64} INFO - Started process 4549 to run task
[2026-06-17T01:25:21.500+0000] {standard_task_runner.py:91} INFO - Job 754: Subtask feature_pipeline.feature_silver_financials
[2026-06-17T01:25:21.571+0000] {task_command.py:426} INFO - Running <TaskInstance: credit_default_ml_pipeline.feature_pipeline.feature_silver_financials scheduled__2024-09-01T00:00:00+00:00 [running]> on host 2b9b50b7433d
[2026-06-17T01:25:21.669+0000] {taskinstance.py:2648} INFO - Exporting env vars: AIRFLOW_CTX_DAG_OWNER='***' AIRFLOW_CTX_DAG_ID='credit_default_ml_pipeline' AIRFLOW_CTX_TASK_ID='feature_pipeline.feature_silver_financials' AIRFLOW_CTX_EXECUTION_DATE='2024-09-01T00:00:00+00:00' AIRFLOW_CTX_TRY_NUMBER='2' AIRFLOW_CTX_DAG_RUN_ID='scheduled__2024-09-01T00:00:00+00:00'
[2026-06-17T01:25:21.672+0000] {taskinstance.py:430} INFO - ::endgroup::
[2026-06-17T01:25:21.689+0000] {subprocess.py:63} INFO - Tmp dir root location: /tmp
[2026-06-17T01:25:21.691+0000] {subprocess.py:75} INFO - Running command: ['/usr/bin/bash', '-c', 'cd /opt/***/scripts && python3 silver_processing.py --snapshotdate "2024-09-01" --source financials']
[2026-06-17T01:25:21.701+0000] {subprocess.py:86} INFO - Output:
[2026-06-17T01:25:24.888+0000] {subprocess.py:93} INFO - Setting default log level to "WARN".
[2026-06-17T01:25:24.891+0000] {subprocess.py:93} INFO - To adjust logging level use sc.setLogLevel(newLevel). For SparkR, use setLogLevel(newLevel).
[2026-06-17T01:25:25.192+0000] {subprocess.py:93} INFO - 26/06/17 01:25:25 WARN NativeCodeLoader: Unable to load native-hadoop library for your platform... using builtin-java classes where applicable
[2026-06-17T01:25:26.716+0000] {subprocess.py:93} INFO - 26/06/17 01:25:26 WARN Utils: Service 'SparkUI' could not bind on port 4040. Attempting port 4041.
[2026-06-17T01:25:50.088+0000] {subprocess.py:93} INFO - [Stage 0:>                                                          (0 + 1) / 1]                                                                                [Stage 10:>                                                         (0 + 1) / 1]                                                                                [Stage 12:>                                                         (0 + 1) / 1]
[2026-06-17T01:25:50.096+0000] {subprocess.py:93} INFO - --- silver financials 2024-09-01 ---
[2026-06-17T01:25:50.098+0000] {subprocess.py:93} INFO - 
[2026-06-17T01:25:50.100+0000] {subprocess.py:93} INFO - [silver:financials] loaded datamart/bronze/financials/bronze_financials_2024_09_01.csv rows: 493
[2026-06-17T01:25:50.102+0000] {subprocess.py:93} INFO - [silver:loan_type] saved to: datamart/silver/loan_type/2024_09_01.parquet
[2026-06-17T01:25:50.104+0000] {subprocess.py:93} INFO - [silver:financials] saved to: datamart/silver/financials/2024_09_01.parquet
[2026-06-17T01:25:50.106+0000] {subprocess.py:93} INFO - 
[2026-06-17T01:25:50.107+0000] {subprocess.py:93} INFO - --- done ---
[2026-06-17T01:25:50.109+0000] {subprocess.py:93} INFO - 
[2026-06-17T01:25:50.612+0000] {subprocess.py:97} INFO - Command exited with return code 0
[2026-06-17T01:25:50.616+0000] {taskinstance.py:441} INFO - ::group::Post task execution logs
[2026-06-17T01:25:50.673+0000] {taskinstance.py:1206} INFO - Marking task as SUCCESS. dag_id=credit_default_ml_pipeline, task_id=feature_pipeline.feature_silver_financials, run_id=scheduled__2024-09-01T00:00:00+00:00, execution_date=20240901T000000, start_date=20260617T012521, end_date=20260617T012550
[2026-06-17T01:25:50.723+0000] {local_task_job_runner.py:243} INFO - Task exited with return code 0
[2026-06-17T01:25:50.777+0000] {taskinstance.py:3503} INFO - 0 downstream tasks scheduled from follow-on schedule check
[2026-06-17T01:25:50.782+0000] {local_task_job_runner.py:222} INFO - ::endgroup::
[2026-06-20T16:39:18.242+0000] {local_task_job_runner.py:120} INFO - ::group::Pre task execution logs
[2026-06-20T16:39:18.257+0000] {taskinstance.py:2076} INFO - Dependencies all met for dep_context=non-requeueable deps ti=<TaskInstance: credit_default_ml_pipeline.feature_pipeline.feature_silver_financials scheduled__2024-09-01T00:00:00+00:00 [queued]>
[2026-06-20T16:39:18.261+0000] {taskinstance.py:2076} INFO - Dependencies all met for dep_context=requeueable deps ti=<TaskInstance: credit_default_ml_pipeline.feature_pipeline.feature_silver_financials scheduled__2024-09-01T00:00:00+00:00 [queued]>
[2026-06-20T16:39:18.262+0000] {taskinstance.py:2306} INFO - Starting attempt 2 of 3
[2026-06-20T16:39:18.268+0000] {taskinstance.py:2330} INFO - Executing <Task(BashOperator): feature_pipeline.feature_silver_financials> on 2024-09-01 00:00:00+00:00
[2026-06-20T16:39:18.272+0000] {logging_mixin.py:188} WARNING - /home/***/.local/lib/python3.12/site-packages/***/task/task_runner/standard_task_runner.py:62 DeprecationWarning: This process (pid=61211) is multi-threaded, use of fork() may lead to deadlocks in the child.
[2026-06-20T16:39:18.273+0000] {standard_task_runner.py:64} INFO - Started process 61218 to run task
[2026-06-20T16:39:18.273+0000] {standard_task_runner.py:90} INFO - Running: ['***', 'tasks', 'run', 'credit_default_ml_pipeline', 'feature_pipeline.feature_silver_financials', 'scheduled__2024-09-01T00:00:00+00:00', '--job-id', '2875', '--raw', '--subdir', 'DAGS_FOLDER/dag.py', '--cfg-path', '/tmp/tmpxvamf2h6']
[2026-06-20T16:39:18.274+0000] {standard_task_runner.py:91} INFO - Job 2875: Subtask feature_pipeline.feature_silver_financials
[2026-06-20T16:39:18.417+0000] {task_command.py:426} INFO - Running <TaskInstance: credit_default_ml_pipeline.feature_pipeline.feature_silver_financials scheduled__2024-09-01T00:00:00+00:00 [running]> on host 9cf341f51c89
[2026-06-20T16:39:18.452+0000] {taskinstance.py:2648} INFO - Exporting env vars: AIRFLOW_CTX_DAG_OWNER='***' AIRFLOW_CTX_DAG_ID='credit_default_ml_pipeline' AIRFLOW_CTX_TASK_ID='feature_pipeline.feature_silver_financials' AIRFLOW_CTX_EXECUTION_DATE='2024-09-01T00:00:00+00:00' AIRFLOW_CTX_TRY_NUMBER='2' AIRFLOW_CTX_DAG_RUN_ID='scheduled__2024-09-01T00:00:00+00:00'
[2026-06-20T16:39:18.453+0000] {taskinstance.py:430} INFO - ::endgroup::
[2026-06-20T16:39:18.459+0000] {subprocess.py:63} INFO - Tmp dir root location: /tmp
[2026-06-20T16:39:18.461+0000] {subprocess.py:75} INFO - Running command: ['/usr/bin/bash', '-c', 'cd /opt/***/scripts && python3 silver_processing.py --snapshotdate "2024-09-01" --source financials']
[2026-06-20T16:39:18.465+0000] {subprocess.py:86} INFO - Output:
[2026-06-20T16:39:20.337+0000] {subprocess.py:93} INFO - Setting default log level to "WARN".
[2026-06-20T16:39:20.340+0000] {subprocess.py:93} INFO - To adjust logging level use sc.setLogLevel(newLevel). For SparkR, use setLogLevel(newLevel).
[2026-06-20T16:39:20.558+0000] {subprocess.py:93} INFO - 26/06/20 16:39:20 WARN NativeCodeLoader: Unable to load native-hadoop library for your platform... using builtin-java classes where applicable
[2026-06-20T16:39:21.221+0000] {subprocess.py:93} INFO - 26/06/20 16:39:21 WARN Utils: Service 'SparkUI' could not bind on port 4040. Attempting port 4041.
[2026-06-20T16:39:21.222+0000] {subprocess.py:93} INFO - 26/06/20 16:39:21 WARN Utils: Service 'SparkUI' could not bind on port 4041. Attempting port 4042.
[2026-06-20T16:39:21.223+0000] {subprocess.py:93} INFO - 26/06/20 16:39:21 WARN Utils: Service 'SparkUI' could not bind on port 4042. Attempting port 4043.
[2026-06-20T16:39:31.572+0000] {subprocess.py:93} INFO - [Stage 10:>                                                         (0 + 1) / 1]
[2026-06-20T16:39:31.573+0000] {subprocess.py:93} INFO - --- silver financials 2024-09-01 ---
[2026-06-20T16:39:31.574+0000] {subprocess.py:93} INFO - 
[2026-06-20T16:39:31.574+0000] {subprocess.py:93} INFO - [silver:financials] loaded datamart/bronze/financials/bronze_financials_2024_09_01.csv rows: 493
[2026-06-20T16:39:31.575+0000] {subprocess.py:93} INFO - [silver:loan_type] saved to: datamart/silver/loan_type/2024_09_01.parquet
[2026-06-20T16:39:31.575+0000] {subprocess.py:93} INFO - [silver:financials] cleared stale partition: datamart/silver/financials/2024_09_01.parquet
[2026-06-20T16:39:31.575+0000] {subprocess.py:93} INFO - [silver:financials] saved to: datamart/silver/financials/2024_09_01.parquet
[2026-06-20T16:39:31.576+0000] {subprocess.py:93} INFO - 
[2026-06-20T16:39:31.576+0000] {subprocess.py:93} INFO - --- done ---
[2026-06-20T16:39:31.576+0000] {subprocess.py:93} INFO - 
[2026-06-20T16:39:31.998+0000] {subprocess.py:97} INFO - Command exited with return code 0
[2026-06-20T16:39:31.999+0000] {taskinstance.py:441} INFO - ::group::Post task execution logs
[2026-06-20T16:39:32.012+0000] {taskinstance.py:1206} INFO - Marking task as SUCCESS. dag_id=credit_default_ml_pipeline, task_id=feature_pipeline.feature_silver_financials, run_id=scheduled__2024-09-01T00:00:00+00:00, execution_date=20240901T000000, start_date=20260620T163918, end_date=20260620T163932
[2026-06-20T16:39:32.044+0000] {local_task_job_runner.py:243} INFO - Task exited with return code 0
[2026-06-20T16:39:32.062+0000] {taskinstance.py:3503} INFO - 1 downstream tasks scheduled from follow-on schedule check
[2026-06-20T16:39:32.064+0000] {local_task_job_runner.py:222} INFO - ::endgroup::
