[2026-06-16T11:22:38.254+0000] {local_task_job_runner.py:120} INFO - ::group::Pre task execution logs
[2026-06-16T11:22:38.267+0000] {taskinstance.py:2076} INFO - Dependencies all met for dep_context=non-requeueable deps ti=<TaskInstance: credit_default_ml_pipeline.gold_feature_store scheduled__2023-01-01T00:00:00+00:00 [queued]>
[2026-06-16T11:22:38.271+0000] {taskinstance.py:2076} INFO - Dependencies all met for dep_context=requeueable deps ti=<TaskInstance: credit_default_ml_pipeline.gold_feature_store scheduled__2023-01-01T00:00:00+00:00 [queued]>
[2026-06-16T11:22:38.273+0000] {taskinstance.py:2306} INFO - Starting attempt 2 of 2
[2026-06-16T11:22:38.278+0000] {taskinstance.py:2330} INFO - Executing <Task(BashOperator): gold_feature_store> on 2023-01-01 00:00:00+00:00
[2026-06-16T11:22:38.283+0000] {logging_mixin.py:188} WARNING - /home/***/.local/lib/python3.12/site-packages/***/task/task_runner/standard_task_runner.py:62 DeprecationWarning: This process (pid=2781) is multi-threaded, use of fork() may lead to deadlocks in the child.
[2026-06-16T11:22:38.282+0000] {standard_task_runner.py:90} INFO - Running: ['***', 'tasks', 'run', 'credit_default_ml_pipeline', 'gold_feature_store', 'scheduled__2023-01-01T00:00:00+00:00', '--job-id', '14', '--raw', '--subdir', 'DAGS_FOLDER/dag.py', '--cfg-path', '/tmp/tmpj0z8nlot']
[2026-06-16T11:22:38.283+0000] {standard_task_runner.py:64} INFO - Started process 2784 to run task
[2026-06-16T11:22:38.284+0000] {standard_task_runner.py:91} INFO - Job 14: Subtask gold_feature_store
[2026-06-16T11:22:38.301+0000] {task_command.py:426} INFO - Running <TaskInstance: credit_default_ml_pipeline.gold_feature_store scheduled__2023-01-01T00:00:00+00:00 [running]> on host 1cab6e97738a
[2026-06-16T11:22:38.329+0000] {taskinstance.py:2648} INFO - Exporting env vars: AIRFLOW_CTX_DAG_OWNER='***' AIRFLOW_CTX_DAG_ID='credit_default_ml_pipeline' AIRFLOW_CTX_TASK_ID='gold_feature_store' AIRFLOW_CTX_EXECUTION_DATE='2023-01-01T00:00:00+00:00' AIRFLOW_CTX_TRY_NUMBER='2' AIRFLOW_CTX_DAG_RUN_ID='scheduled__2023-01-01T00:00:00+00:00'
[2026-06-16T11:22:38.331+0000] {taskinstance.py:430} INFO - ::endgroup::
[2026-06-16T11:22:38.337+0000] {subprocess.py:63} INFO - Tmp dir root location: /tmp
[2026-06-16T11:22:38.337+0000] {subprocess.py:75} INFO - Running command: ['/usr/bin/bash', '-c', 'cd /opt/***/scripts && python3 gold_feature_store.py --snapshotdate "2023-01-01"']
[2026-06-16T11:22:38.341+0000] {subprocess.py:86} INFO - Output:
[2026-06-16T11:22:39.513+0000] {subprocess.py:93} INFO - Setting default log level to "WARN".
[2026-06-16T11:22:39.513+0000] {subprocess.py:93} INFO - To adjust logging level use sc.setLogLevel(newLevel). For SparkR, use setLogLevel(newLevel).
[2026-06-16T11:22:39.602+0000] {subprocess.py:93} INFO - 26/06/16 11:22:39 WARN NativeCodeLoader: Unable to load native-hadoop library for your platform... using builtin-java classes where applicable
[2026-06-16T11:22:49.205+0000] {subprocess.py:93} INFO - [Stage 62:>                                                         (0 + 1) / 1]
[2026-06-16T11:22:49.207+0000] {subprocess.py:93} INFO - --- gold feature 2023-01-01 ---
[2026-06-16T11:22:49.208+0000] {subprocess.py:93} INFO - 
[2026-06-16T11:22:49.209+0000] {subprocess.py:93} INFO - [gold:feature] 2023-01-01 applications (mob=0): 530
[2026-06-16T11:22:49.210+0000] {subprocess.py:93} INFO - [gold:feature] saved to: datamart/gold/feature_store/gold_feature_store_2023_01_01.parquet (530 rows, 86 cols)
[2026-06-16T11:22:49.212+0000] {subprocess.py:93} INFO - 
[2026-06-16T11:22:49.212+0000] {subprocess.py:93} INFO - --- done ---
[2026-06-16T11:22:49.213+0000] {subprocess.py:93} INFO - 
[2026-06-16T11:22:49.680+0000] {subprocess.py:97} INFO - Command exited with return code 0
[2026-06-16T11:22:49.681+0000] {taskinstance.py:441} INFO - ::group::Post task execution logs
[2026-06-16T11:22:49.689+0000] {taskinstance.py:1206} INFO - Marking task as SUCCESS. dag_id=credit_default_ml_pipeline, task_id=gold_feature_store, run_id=scheduled__2023-01-01T00:00:00+00:00, execution_date=20230101T000000, start_date=20260616T112238, end_date=20260616T112249
[2026-06-16T11:22:49.706+0000] {local_task_job_runner.py:243} INFO - Task exited with return code 0
[2026-06-16T11:22:49.715+0000] {taskinstance.py:3503} INFO - 0 downstream tasks scheduled from follow-on schedule check
[2026-06-16T11:22:49.716+0000] {local_task_job_runner.py:222} INFO - ::endgroup::
