[2026-06-18T02:25:30.494+0000] {local_task_job_runner.py:120} INFO - ::group::Pre task execution logs
[2026-06-18T02:25:30.509+0000] {taskinstance.py:2076} INFO - Dependencies all met for dep_context=non-requeueable deps ti=<TaskInstance: credit_default_ml_pipeline.inference.challenger_inference scheduled__2023-02-01T00:00:00+00:00 [queued]>
[2026-06-18T02:25:30.514+0000] {taskinstance.py:2076} INFO - Dependencies all met for dep_context=requeueable deps ti=<TaskInstance: credit_default_ml_pipeline.inference.challenger_inference scheduled__2023-02-01T00:00:00+00:00 [queued]>
[2026-06-18T02:25:30.515+0000] {taskinstance.py:2306} INFO - Starting attempt 2 of 3
[2026-06-18T02:25:30.521+0000] {taskinstance.py:2330} INFO - Executing <Task(BashOperator): inference.challenger_inference> on 2023-02-01 00:00:00+00:00
[2026-06-18T02:25:30.525+0000] {standard_task_runner.py:90} INFO - Running: ['***', 'tasks', 'run', 'credit_default_ml_pipeline', 'inference.challenger_inference', 'scheduled__2023-02-01T00:00:00+00:00', '--job-id', '868', '--raw', '--subdir', 'DAGS_FOLDER/dag.py', '--cfg-path', '/tmp/tmpcfao7jdl']
[2026-06-18T02:25:30.526+0000] {logging_mixin.py:188} WARNING - /home/***/.local/lib/python3.12/site-packages/***/task/task_runner/standard_task_runner.py:62 DeprecationWarning: This process (pid=15117) is multi-threaded, use of fork() may lead to deadlocks in the child.
[2026-06-18T02:25:30.526+0000] {standard_task_runner.py:91} INFO - Job 868: Subtask inference.challenger_inference
[2026-06-18T02:25:30.526+0000] {standard_task_runner.py:64} INFO - Started process 15121 to run task
[2026-06-18T02:25:30.544+0000] {task_command.py:426} INFO - Running <TaskInstance: credit_default_ml_pipeline.inference.challenger_inference scheduled__2023-02-01T00:00:00+00:00 [running]> on host bfbc24b887a5
[2026-06-18T02:25:30.650+0000] {taskinstance.py:2648} INFO - Exporting env vars: AIRFLOW_CTX_DAG_OWNER='***' AIRFLOW_CTX_DAG_ID='credit_default_ml_pipeline' AIRFLOW_CTX_TASK_ID='inference.challenger_inference' AIRFLOW_CTX_EXECUTION_DATE='2023-02-01T00:00:00+00:00' AIRFLOW_CTX_TRY_NUMBER='2' AIRFLOW_CTX_DAG_RUN_ID='scheduled__2023-02-01T00:00:00+00:00'
[2026-06-18T02:25:30.651+0000] {taskinstance.py:430} INFO - ::endgroup::
[2026-06-18T02:25:30.655+0000] {subprocess.py:63} INFO - Tmp dir root location: /tmp
[2026-06-18T02:25:30.656+0000] {subprocess.py:75} INFO - Running command: ['/usr/bin/bash', '-c', 'cd /opt/***/scripts && python3 model_inference.py --snapshotdate "2023-02-01" --modelname "credit_logreg_2024_09_01.pkl"']
[2026-06-18T02:25:30.660+0000] {subprocess.py:86} INFO - Output:
[2026-06-18T02:25:31.987+0000] {subprocess.py:93} INFO - Setting default log level to "WARN".
[2026-06-18T02:25:31.990+0000] {subprocess.py:93} INFO - To adjust logging level use sc.setLogLevel(newLevel). For SparkR, use setLogLevel(newLevel).
[2026-06-18T02:25:32.142+0000] {subprocess.py:93} INFO - 26/06/18 02:25:32 WARN NativeCodeLoader: Unable to load native-hadoop library for your platform... using builtin-java classes where applicable
[2026-06-18T02:25:34.727+0000] {subprocess.py:93} INFO - 
[2026-06-18T02:25:34.731+0000] {subprocess.py:93} INFO - --- inference 2023-02-01 / credit_logreg_2024_09_01.pkl ---
[2026-06-18T02:25:34.735+0000] {subprocess.py:93} INFO - 
[2026-06-18T02:25:34.736+0000] {subprocess.py:93} INFO - loaded model: model_bank/credit_logreg_2024_09_01.pkl
[2026-06-18T02:25:34.736+0000] {subprocess.py:93} INFO - using raw model probabilities (no calibrator in this artefact)
[2026-06-18T02:25:34.737+0000] {subprocess.py:93} INFO - saved predictions: datamart/gold/model_predictions/credit_logreg_2024_09_01/credit_logreg_2024_09_01_predictions_2023_02_01.parquet (501 rows, mean_score=0.4391)
[2026-06-18T02:25:34.738+0000] {subprocess.py:93} INFO - 
[2026-06-18T02:25:34.738+0000] {subprocess.py:93} INFO - --- done ---
[2026-06-18T02:25:34.738+0000] {subprocess.py:93} INFO - 
[2026-06-18T02:25:35.256+0000] {subprocess.py:97} INFO - Command exited with return code 0
[2026-06-18T02:25:35.258+0000] {taskinstance.py:441} INFO - ::group::Post task execution logs
[2026-06-18T02:25:35.275+0000] {taskinstance.py:1206} INFO - Marking task as SUCCESS. dag_id=credit_default_ml_pipeline, task_id=inference.challenger_inference, run_id=scheduled__2023-02-01T00:00:00+00:00, execution_date=20230201T000000, start_date=20260618T022530, end_date=20260618T022535
[2026-06-18T02:25:35.316+0000] {local_task_job_runner.py:243} INFO - Task exited with return code 0
[2026-06-18T02:25:35.331+0000] {taskinstance.py:3503} INFO - 0 downstream tasks scheduled from follow-on schedule check
[2026-06-18T02:25:35.333+0000] {local_task_job_runner.py:222} INFO - ::endgroup::
