[2026-06-18T04:37:04.953+0000] {local_task_job_runner.py:120} INFO - ::group::Pre task execution logs
[2026-06-18T04:37:05.019+0000] {taskinstance.py:2076} INFO - Dependencies all met for dep_context=non-requeueable deps ti=<TaskInstance: credit_default_ml_pipeline.feature_pipeline.feature_bronze_attributes scheduled__2024-10-01T00:00:00+00:00 [queued]>
[2026-06-18T04:37:05.034+0000] {taskinstance.py:2076} INFO - Dependencies all met for dep_context=requeueable deps ti=<TaskInstance: credit_default_ml_pipeline.feature_pipeline.feature_bronze_attributes scheduled__2024-10-01T00:00:00+00:00 [queued]>
[2026-06-18T04:37:05.037+0000] {taskinstance.py:2306} INFO - Starting attempt 3 of 4
[2026-06-18T04:37:05.073+0000] {taskinstance.py:2330} INFO - Executing <Task(BashOperator): feature_pipeline.feature_bronze_attributes> on 2024-10-01 00:00:00+00:00
[2026-06-18T04:37:05.088+0000] {logging_mixin.py:188} WARNING - /home/***/.local/lib/python3.12/site-packages/***/task/task_runner/standard_task_runner.py:62 DeprecationWarning: This process (pid=92861) is multi-threaded, use of fork() may lead to deadlocks in the child.
[2026-06-18T04:37:05.091+0000] {standard_task_runner.py:64} INFO - Started process 92872 to run task
[2026-06-18T04:37:05.088+0000] {standard_task_runner.py:90} INFO - Running: ['***', 'tasks', 'run', 'credit_default_ml_pipeline', 'feature_pipeline.feature_bronze_attributes', 'scheduled__2024-10-01T00:00:00+00:00', '--job-id', '1286', '--raw', '--subdir', 'DAGS_FOLDER/dag.py', '--cfg-path', '/tmp/tmpnj62rfju']
[2026-06-18T04:37:05.095+0000] {standard_task_runner.py:91} INFO - Job 1286: Subtask feature_pipeline.feature_bronze_attributes
[2026-06-18T04:37:05.163+0000] {task_command.py:426} INFO - Running <TaskInstance: credit_default_ml_pipeline.feature_pipeline.feature_bronze_attributes scheduled__2024-10-01T00:00:00+00:00 [running]> on host bfbc24b887a5
[2026-06-18T04:37:05.519+0000] {taskinstance.py:2648} INFO - Exporting env vars: AIRFLOW_CTX_DAG_OWNER='***' AIRFLOW_CTX_DAG_ID='credit_default_ml_pipeline' AIRFLOW_CTX_TASK_ID='feature_pipeline.feature_bronze_attributes' AIRFLOW_CTX_EXECUTION_DATE='2024-10-01T00:00:00+00:00' AIRFLOW_CTX_TRY_NUMBER='3' AIRFLOW_CTX_DAG_RUN_ID='scheduled__2024-10-01T00:00:00+00:00'
[2026-06-18T04:37:05.521+0000] {taskinstance.py:430} INFO - ::endgroup::
[2026-06-18T04:37:05.531+0000] {subprocess.py:63} INFO - Tmp dir root location: /tmp
[2026-06-18T04:37:05.533+0000] {subprocess.py:75} INFO - Running command: ['/usr/bin/bash', '-c', 'cd /opt/***/scripts && python3 bronze_processing.py --snapshotdate "2024-10-01" --source attributes']
[2026-06-18T04:37:05.546+0000] {subprocess.py:86} INFO - Output:
[2026-06-18T04:37:08.687+0000] {subprocess.py:93} INFO - Setting default log level to "WARN".
[2026-06-18T04:37:08.688+0000] {subprocess.py:93} INFO - To adjust logging level use sc.setLogLevel(newLevel). For SparkR, use setLogLevel(newLevel).
[2026-06-18T04:37:08.990+0000] {subprocess.py:93} INFO - 26/06/18 04:37:08 WARN NativeCodeLoader: Unable to load native-hadoop library for your platform... using builtin-java classes where applicable
[2026-06-18T04:37:10.381+0000] {subprocess.py:93} INFO - 26/06/18 04:37:10 WARN Utils: Service 'SparkUI' could not bind on port 4040. Attempting port 4041.
[2026-06-18T04:37:10.387+0000] {subprocess.py:93} INFO - 26/06/18 04:37:10 WARN Utils: Service 'SparkUI' could not bind on port 4041. Attempting port 4042.
[2026-06-18T04:37:10.391+0000] {subprocess.py:93} INFO - 26/06/18 04:37:10 WARN Utils: Service 'SparkUI' could not bind on port 4042. Attempting port 4043.
[2026-06-18T04:37:22.005+0000] {subprocess.py:93} INFO - [Stage 1:>                                                          (0 + 1) / 1]                                                                                [Stage 2:>                                                          (0 + 1) / 1]
[2026-06-18T04:37:22.010+0000] {subprocess.py:93} INFO - --- bronze attributes 2024-10-01 ---
[2026-06-18T04:37:22.011+0000] {subprocess.py:93} INFO - 
[2026-06-18T04:37:22.016+0000] {subprocess.py:93} INFO - [bronze:attributes] 2024-10-01 row count: 456
[2026-06-18T04:37:22.020+0000] {subprocess.py:93} INFO - [bronze:attributes] saved to: datamart/bronze/attributes/bronze_attributes_2024_10_01.csv
[2026-06-18T04:37:22.022+0000] {subprocess.py:93} INFO - 
[2026-06-18T04:37:22.023+0000] {subprocess.py:93} INFO - --- done ---
[2026-06-18T04:37:22.024+0000] {subprocess.py:93} INFO - 
[2026-06-18T04:37:22.703+0000] {subprocess.py:97} INFO - Command exited with return code 0
[2026-06-18T04:37:22.707+0000] {taskinstance.py:441} INFO - ::group::Post task execution logs
[2026-06-18T04:37:22.800+0000] {taskinstance.py:1206} INFO - Marking task as SUCCESS. dag_id=credit_default_ml_pipeline, task_id=feature_pipeline.feature_bronze_attributes, run_id=scheduled__2024-10-01T00:00:00+00:00, execution_date=20241001T000000, start_date=20260618T043705, end_date=20260618T043722
[2026-06-18T04:37:22.953+0000] {local_task_job_runner.py:243} INFO - Task exited with return code 0
[2026-06-18T04:37:23.489+0000] {taskinstance.py:3503} INFO - 1 downstream tasks scheduled from follow-on schedule check
[2026-06-18T04:37:23.492+0000] {local_task_job_runner.py:222} INFO - ::endgroup::
