[2026-06-16T15:02:53.344+0000] {local_task_job_runner.py:120} INFO - ::group::Pre task execution logs
[2026-06-16T15:02:53.371+0000] {taskinstance.py:2076} INFO - Dependencies all met for dep_context=non-requeueable deps ti=<TaskInstance: credit_default_ml_pipeline.feature_pipeline.feature_silver_attributes scheduled__2023-07-01T00:00:00+00:00 [queued]>
[2026-06-16T15:02:53.376+0000] {taskinstance.py:2076} INFO - Dependencies all met for dep_context=requeueable deps ti=<TaskInstance: credit_default_ml_pipeline.feature_pipeline.feature_silver_attributes scheduled__2023-07-01T00:00:00+00:00 [queued]>
[2026-06-16T15:02:53.377+0000] {taskinstance.py:2306} INFO - Starting attempt 1 of 2
[2026-06-16T15:02:53.384+0000] {taskinstance.py:2330} INFO - Executing <Task(BashOperator): feature_pipeline.feature_silver_attributes> on 2023-07-01 00:00:00+00:00
[2026-06-16T15:02:53.389+0000] {logging_mixin.py:188} WARNING - /home/***/.local/lib/python3.12/site-packages/***/task/task_runner/standard_task_runner.py:62 DeprecationWarning: This process (pid=37049) is multi-threaded, use of fork() may lead to deadlocks in the child.
[2026-06-16T15:02:53.390+0000] {standard_task_runner.py:64} INFO - Started process 37050 to run task
[2026-06-16T15:02:53.389+0000] {standard_task_runner.py:90} INFO - Running: ['***', 'tasks', 'run', 'credit_default_ml_pipeline', 'feature_pipeline.feature_silver_attributes', 'scheduled__2023-07-01T00:00:00+00:00', '--job-id', '169', '--raw', '--subdir', 'DAGS_FOLDER/dag.py', '--cfg-path', '/tmp/tmpur0ytuft']
[2026-06-16T15:02:53.391+0000] {standard_task_runner.py:91} INFO - Job 169: Subtask feature_pipeline.feature_silver_attributes
[2026-06-16T15:02:53.420+0000] {task_command.py:426} INFO - Running <TaskInstance: credit_default_ml_pipeline.feature_pipeline.feature_silver_attributes scheduled__2023-07-01T00:00:00+00:00 [running]> on host 1cab6e97738a
[2026-06-16T15:02:53.461+0000] {taskinstance.py:2648} INFO - Exporting env vars: AIRFLOW_CTX_DAG_OWNER='***' AIRFLOW_CTX_DAG_ID='credit_default_ml_pipeline' AIRFLOW_CTX_TASK_ID='feature_pipeline.feature_silver_attributes' AIRFLOW_CTX_EXECUTION_DATE='2023-07-01T00:00:00+00:00' AIRFLOW_CTX_TRY_NUMBER='1' AIRFLOW_CTX_DAG_RUN_ID='scheduled__2023-07-01T00:00:00+00:00'
[2026-06-16T15:02:53.461+0000] {taskinstance.py:430} INFO - ::endgroup::
[2026-06-16T15:02:53.470+0000] {subprocess.py:63} INFO - Tmp dir root location: /tmp
[2026-06-16T15:02:53.471+0000] {subprocess.py:75} INFO - Running command: ['/usr/bin/bash', '-c', 'cd /opt/***/scripts && python3 silver_processing.py --snapshotdate "2023-07-01" --source attributes']
[2026-06-16T15:02:53.476+0000] {subprocess.py:86} INFO - Output:
[2026-06-16T15:02:54.652+0000] {subprocess.py:93} INFO - Setting default log level to "WARN".
[2026-06-16T15:02:54.654+0000] {subprocess.py:93} INFO - To adjust logging level use sc.setLogLevel(newLevel). For SparkR, use setLogLevel(newLevel).
[2026-06-16T15:02:54.849+0000] {subprocess.py:93} INFO - 26/06/16 15:02:54 WARN NativeCodeLoader: Unable to load native-hadoop library for your platform... using builtin-java classes where applicable
[2026-06-16T15:03:01.693+0000] {subprocess.py:93} INFO - [Stage 5:>                                                          (0 + 1) / 1]
[2026-06-16T15:03:01.695+0000] {subprocess.py:93} INFO - --- silver attributes 2023-07-01 ---
[2026-06-16T15:03:01.696+0000] {subprocess.py:93} INFO - 
[2026-06-16T15:03:01.697+0000] {subprocess.py:93} INFO - [silver:attributes] loaded datamart/bronze/attributes/bronze_attributes_2023_07_01.csv rows: 471
[2026-06-16T15:03:01.699+0000] {subprocess.py:93} INFO - [silver:attributes] saved to: datamart/silver/attributes/2023_07_01.parquet
[2026-06-16T15:03:01.701+0000] {subprocess.py:93} INFO - 
[2026-06-16T15:03:01.702+0000] {subprocess.py:93} INFO - --- done ---
[2026-06-16T15:03:01.704+0000] {subprocess.py:93} INFO - 
[2026-06-16T15:03:02.118+0000] {subprocess.py:97} INFO - Command exited with return code 0
[2026-06-16T15:03:02.121+0000] {taskinstance.py:441} INFO - ::group::Post task execution logs
[2026-06-16T15:03:02.154+0000] {taskinstance.py:1206} INFO - Marking task as SUCCESS. dag_id=credit_default_ml_pipeline, task_id=feature_pipeline.feature_silver_attributes, run_id=scheduled__2023-07-01T00:00:00+00:00, execution_date=20230701T000000, start_date=20260616T150253, end_date=20260616T150302
[2026-06-16T15:03:02.202+0000] {local_task_job_runner.py:243} INFO - Task exited with return code 0
[2026-06-16T15:03:02.224+0000] {taskinstance.py:3503} INFO - 0 downstream tasks scheduled from follow-on schedule check
[2026-06-16T15:03:02.226+0000] {local_task_job_runner.py:222} INFO - ::endgroup::
[2026-06-20T05:50:44.291+0000] {local_task_job_runner.py:120} INFO - ::group::Pre task execution logs
[2026-06-20T05:50:44.313+0000] {taskinstance.py:2076} INFO - Dependencies all met for dep_context=non-requeueable deps ti=<TaskInstance: credit_default_ml_pipeline.feature_pipeline.feature_silver_attributes scheduled__2023-07-01T00:00:00+00:00 [queued]>
[2026-06-20T05:50:44.320+0000] {taskinstance.py:2076} INFO - Dependencies all met for dep_context=requeueable deps ti=<TaskInstance: credit_default_ml_pipeline.feature_pipeline.feature_silver_attributes scheduled__2023-07-01T00:00:00+00:00 [queued]>
[2026-06-20T05:50:44.321+0000] {taskinstance.py:2306} INFO - Starting attempt 1 of 2
[2026-06-20T05:50:44.330+0000] {taskinstance.py:2330} INFO - Executing <Task(BashOperator): feature_pipeline.feature_silver_attributes> on 2023-07-01 00:00:00+00:00
[2026-06-20T05:50:44.335+0000] {logging_mixin.py:188} WARNING - /home/***/.local/lib/python3.12/site-packages/***/task/task_runner/standard_task_runner.py:62 DeprecationWarning: This process (pid=30365) is multi-threaded, use of fork() may lead to deadlocks in the child.
[2026-06-20T05:50:44.335+0000] {standard_task_runner.py:90} INFO - Running: ['***', 'tasks', 'run', 'credit_default_ml_pipeline', 'feature_pipeline.feature_silver_attributes', 'scheduled__2023-07-01T00:00:00+00:00', '--job-id', '1560', '--raw', '--subdir', 'DAGS_FOLDER/dag.py', '--cfg-path', '/tmp/tmpdpyyryi7']
[2026-06-20T05:50:44.336+0000] {standard_task_runner.py:64} INFO - Started process 30375 to run task
[2026-06-20T05:50:44.337+0000] {standard_task_runner.py:91} INFO - Job 1560: Subtask feature_pipeline.feature_silver_attributes
[2026-06-20T05:50:44.481+0000] {task_command.py:426} INFO - Running <TaskInstance: credit_default_ml_pipeline.feature_pipeline.feature_silver_attributes scheduled__2023-07-01T00:00:00+00:00 [running]> on host 9cf341f51c89
[2026-06-20T05:50:44.518+0000] {taskinstance.py:2648} INFO - Exporting env vars: AIRFLOW_CTX_DAG_OWNER='***' AIRFLOW_CTX_DAG_ID='credit_default_ml_pipeline' AIRFLOW_CTX_TASK_ID='feature_pipeline.feature_silver_attributes' AIRFLOW_CTX_EXECUTION_DATE='2023-07-01T00:00:00+00:00' AIRFLOW_CTX_TRY_NUMBER='1' AIRFLOW_CTX_DAG_RUN_ID='scheduled__2023-07-01T00:00:00+00:00'
[2026-06-20T05:50:44.519+0000] {taskinstance.py:430} INFO - ::endgroup::
[2026-06-20T05:50:44.524+0000] {subprocess.py:63} INFO - Tmp dir root location: /tmp
[2026-06-20T05:50:44.525+0000] {subprocess.py:75} INFO - Running command: ['/usr/bin/bash', '-c', 'cd /opt/***/scripts && python3 silver_processing.py --snapshotdate "2023-07-01" --source attributes']
[2026-06-20T05:50:44.531+0000] {subprocess.py:86} INFO - Output:
[2026-06-20T05:50:46.420+0000] {subprocess.py:93} INFO - Setting default log level to "WARN".
[2026-06-20T05:50:46.422+0000] {subprocess.py:93} INFO - To adjust logging level use sc.setLogLevel(newLevel). For SparkR, use setLogLevel(newLevel).
[2026-06-20T05:50:46.613+0000] {subprocess.py:93} INFO - 26/06/20 05:50:46 WARN NativeCodeLoader: Unable to load native-hadoop library for your platform... using builtin-java classes where applicable
[2026-06-20T05:50:47.234+0000] {subprocess.py:93} INFO - 26/06/20 05:50:47 WARN Utils: Service 'SparkUI' could not bind on port 4040. Attempting port 4041.
[2026-06-20T05:50:47.235+0000] {subprocess.py:93} INFO - 26/06/20 05:50:47 WARN Utils: Service 'SparkUI' could not bind on port 4041. Attempting port 4042.
[2026-06-20T05:50:47.236+0000] {subprocess.py:93} INFO - 26/06/20 05:50:47 WARN Utils: Service 'SparkUI' could not bind on port 4042. Attempting port 4043.
[2026-06-20T05:50:54.061+0000] {subprocess.py:93} INFO - [Stage 5:>                                                          (0 + 1) / 1]
[2026-06-20T05:50:54.063+0000] {subprocess.py:93} INFO - --- silver attributes 2023-07-01 ---
[2026-06-20T05:50:54.064+0000] {subprocess.py:93} INFO - 
[2026-06-20T05:50:54.064+0000] {subprocess.py:93} INFO - [silver:attributes] loaded datamart/bronze/attributes/bronze_attributes_2023_07_01.csv rows: 471
[2026-06-20T05:50:54.065+0000] {subprocess.py:93} INFO - [silver:attributes] saved to: datamart/silver/attributes/2023_07_01.parquet
[2026-06-20T05:50:54.065+0000] {subprocess.py:93} INFO - 
[2026-06-20T05:50:54.066+0000] {subprocess.py:93} INFO - --- done ---
[2026-06-20T05:50:54.067+0000] {subprocess.py:93} INFO - 
[2026-06-20T05:50:54.478+0000] {subprocess.py:97} INFO - Command exited with return code 0
[2026-06-20T05:50:54.479+0000] {taskinstance.py:441} INFO - ::group::Post task execution logs
[2026-06-20T05:50:54.502+0000] {taskinstance.py:1206} INFO - Marking task as SUCCESS. dag_id=credit_default_ml_pipeline, task_id=feature_pipeline.feature_silver_attributes, run_id=scheduled__2023-07-01T00:00:00+00:00, execution_date=20230701T000000, start_date=20260620T055044, end_date=20260620T055054
[2026-06-20T05:50:54.549+0000] {local_task_job_runner.py:243} INFO - Task exited with return code 0
[2026-06-20T05:50:54.566+0000] {taskinstance.py:3503} INFO - 0 downstream tasks scheduled from follow-on schedule check
[2026-06-20T05:50:54.569+0000] {local_task_job_runner.py:222} INFO - ::endgroup::
[2026-06-20T06:58:24.470+0000] {local_task_job_runner.py:120} INFO - ::group::Pre task execution logs
[2026-06-20T06:58:24.495+0000] {taskinstance.py:2076} INFO - Dependencies all met for dep_context=non-requeueable deps ti=<TaskInstance: credit_default_ml_pipeline.feature_pipeline.feature_silver_attributes scheduled__2023-07-01T00:00:00+00:00 [queued]>
[2026-06-20T06:58:24.502+0000] {taskinstance.py:2076} INFO - Dependencies all met for dep_context=requeueable deps ti=<TaskInstance: credit_default_ml_pipeline.feature_pipeline.feature_silver_attributes scheduled__2023-07-01T00:00:00+00:00 [queued]>
[2026-06-20T06:58:24.503+0000] {taskinstance.py:2306} INFO - Starting attempt 1 of 2
[2026-06-20T06:58:24.514+0000] {taskinstance.py:2330} INFO - Executing <Task(BashOperator): feature_pipeline.feature_silver_attributes> on 2023-07-01 00:00:00+00:00
[2026-06-20T06:58:24.521+0000] {logging_mixin.py:188} WARNING - /home/***/.local/lib/python3.12/site-packages/***/task/task_runner/standard_task_runner.py:62 DeprecationWarning: This process (pid=83216) is multi-threaded, use of fork() may lead to deadlocks in the child.
[2026-06-20T06:58:24.522+0000] {standard_task_runner.py:64} INFO - Started process 83233 to run task
[2026-06-20T06:58:24.521+0000] {standard_task_runner.py:90} INFO - Running: ['***', 'tasks', 'run', 'credit_default_ml_pipeline', 'feature_pipeline.feature_silver_attributes', 'scheduled__2023-07-01T00:00:00+00:00', '--job-id', '1871', '--raw', '--subdir', 'DAGS_FOLDER/dag.py', '--cfg-path', '/tmp/tmpbsmswrg7']
[2026-06-20T06:58:24.524+0000] {standard_task_runner.py:91} INFO - Job 1871: Subtask feature_pipeline.feature_silver_attributes
[2026-06-20T06:58:24.725+0000] {task_command.py:426} INFO - Running <TaskInstance: credit_default_ml_pipeline.feature_pipeline.feature_silver_attributes scheduled__2023-07-01T00:00:00+00:00 [running]> on host 9cf341f51c89
[2026-06-20T06:58:24.799+0000] {taskinstance.py:2648} INFO - Exporting env vars: AIRFLOW_CTX_DAG_OWNER='***' AIRFLOW_CTX_DAG_ID='credit_default_ml_pipeline' AIRFLOW_CTX_TASK_ID='feature_pipeline.feature_silver_attributes' AIRFLOW_CTX_EXECUTION_DATE='2023-07-01T00:00:00+00:00' AIRFLOW_CTX_TRY_NUMBER='1' AIRFLOW_CTX_DAG_RUN_ID='scheduled__2023-07-01T00:00:00+00:00'
[2026-06-20T06:58:24.801+0000] {taskinstance.py:430} INFO - ::endgroup::
[2026-06-20T06:58:24.812+0000] {subprocess.py:63} INFO - Tmp dir root location: /tmp
[2026-06-20T06:58:24.813+0000] {subprocess.py:75} INFO - Running command: ['/usr/bin/bash', '-c', 'cd /opt/***/scripts && python3 silver_processing.py --snapshotdate "2023-07-01" --source attributes']
[2026-06-20T06:58:24.829+0000] {subprocess.py:86} INFO - Output:
[2026-06-20T06:58:27.803+0000] {subprocess.py:93} INFO - Setting default log level to "WARN".
[2026-06-20T06:58:27.806+0000] {subprocess.py:93} INFO - To adjust logging level use sc.setLogLevel(newLevel). For SparkR, use setLogLevel(newLevel).
[2026-06-20T06:58:28.162+0000] {subprocess.py:93} INFO - 26/06/20 06:58:28 WARN NativeCodeLoader: Unable to load native-hadoop library for your platform... using builtin-java classes where applicable
[2026-06-20T06:58:40.980+0000] {subprocess.py:93} INFO - [Stage 5:>                                                          (0 + 1) / 1]
[2026-06-20T06:58:40.985+0000] {subprocess.py:93} INFO - --- silver attributes 2023-07-01 ---
[2026-06-20T06:58:40.989+0000] {subprocess.py:93} INFO - 
[2026-06-20T06:58:40.994+0000] {subprocess.py:93} INFO - [silver:attributes] loaded datamart/bronze/attributes/bronze_attributes_2023_07_01.csv rows: 471
[2026-06-20T06:58:40.999+0000] {subprocess.py:93} INFO - [silver:attributes] saved to: datamart/silver/attributes/2023_07_01.parquet
[2026-06-20T06:58:41.003+0000] {subprocess.py:93} INFO - 
[2026-06-20T06:58:41.007+0000] {subprocess.py:93} INFO - --- done ---
[2026-06-20T06:58:41.013+0000] {subprocess.py:93} INFO - 
[2026-06-20T06:58:41.530+0000] {subprocess.py:97} INFO - Command exited with return code 0
[2026-06-20T06:58:41.534+0000] {taskinstance.py:441} INFO - ::group::Post task execution logs
[2026-06-20T06:58:41.610+0000] {taskinstance.py:1206} INFO - Marking task as SUCCESS. dag_id=credit_default_ml_pipeline, task_id=feature_pipeline.feature_silver_attributes, run_id=scheduled__2023-07-01T00:00:00+00:00, execution_date=20230701T000000, start_date=20260620T065824, end_date=20260620T065841
[2026-06-20T06:58:41.694+0000] {local_task_job_runner.py:243} INFO - Task exited with return code 0
[2026-06-20T06:58:41.753+0000] {taskinstance.py:3503} INFO - 0 downstream tasks scheduled from follow-on schedule check
[2026-06-20T06:58:41.758+0000] {local_task_job_runner.py:222} INFO - ::endgroup::
[2026-06-20T07:26:52.111+0000] {local_task_job_runner.py:120} INFO - ::group::Pre task execution logs
[2026-06-20T07:26:52.136+0000] {taskinstance.py:2076} INFO - Dependencies all met for dep_context=non-requeueable deps ti=<TaskInstance: credit_default_ml_pipeline.feature_pipeline.feature_silver_attributes scheduled__2023-07-01T00:00:00+00:00 [queued]>
[2026-06-20T07:26:52.145+0000] {taskinstance.py:2076} INFO - Dependencies all met for dep_context=requeueable deps ti=<TaskInstance: credit_default_ml_pipeline.feature_pipeline.feature_silver_attributes scheduled__2023-07-01T00:00:00+00:00 [queued]>
[2026-06-20T07:26:52.146+0000] {taskinstance.py:2306} INFO - Starting attempt 1 of 2
[2026-06-20T07:26:52.156+0000] {taskinstance.py:2330} INFO - Executing <Task(BashOperator): feature_pipeline.feature_silver_attributes> on 2023-07-01 00:00:00+00:00
[2026-06-20T07:26:52.163+0000] {logging_mixin.py:188} WARNING - /home/***/.local/lib/python3.12/site-packages/***/task/task_runner/standard_task_runner.py:62 DeprecationWarning: This process (pid=14917) is multi-threaded, use of fork() may lead to deadlocks in the child.
[2026-06-20T07:26:52.166+0000] {standard_task_runner.py:64} INFO - Started process 14921 to run task
[2026-06-20T07:26:52.163+0000] {standard_task_runner.py:90} INFO - Running: ['***', 'tasks', 'run', 'credit_default_ml_pipeline', 'feature_pipeline.feature_silver_attributes', 'scheduled__2023-07-01T00:00:00+00:00', '--job-id', '2053', '--raw', '--subdir', 'DAGS_FOLDER/dag.py', '--cfg-path', '/tmp/tmpfylkbl4_']
[2026-06-20T07:26:52.168+0000] {standard_task_runner.py:91} INFO - Job 2053: Subtask feature_pipeline.feature_silver_attributes
[2026-06-20T07:26:52.349+0000] {task_command.py:426} INFO - Running <TaskInstance: credit_default_ml_pipeline.feature_pipeline.feature_silver_attributes scheduled__2023-07-01T00:00:00+00:00 [running]> on host 9cf341f51c89
[2026-06-20T07:26:52.402+0000] {taskinstance.py:2648} INFO - Exporting env vars: AIRFLOW_CTX_DAG_OWNER='***' AIRFLOW_CTX_DAG_ID='credit_default_ml_pipeline' AIRFLOW_CTX_TASK_ID='feature_pipeline.feature_silver_attributes' AIRFLOW_CTX_EXECUTION_DATE='2023-07-01T00:00:00+00:00' AIRFLOW_CTX_TRY_NUMBER='1' AIRFLOW_CTX_DAG_RUN_ID='scheduled__2023-07-01T00:00:00+00:00'
[2026-06-20T07:26:52.405+0000] {taskinstance.py:430} INFO - ::endgroup::
[2026-06-20T07:26:52.413+0000] {subprocess.py:63} INFO - Tmp dir root location: /tmp
[2026-06-20T07:26:52.415+0000] {subprocess.py:75} INFO - Running command: ['/usr/bin/bash', '-c', 'cd /opt/***/scripts && python3 silver_processing.py --snapshotdate "2023-07-01" --source attributes']
[2026-06-20T07:26:52.421+0000] {subprocess.py:86} INFO - Output:
[2026-06-20T07:26:55.205+0000] {subprocess.py:93} INFO - Setting default log level to "WARN".
[2026-06-20T07:26:55.209+0000] {subprocess.py:93} INFO - To adjust logging level use sc.setLogLevel(newLevel). For SparkR, use setLogLevel(newLevel).
[2026-06-20T07:26:55.556+0000] {subprocess.py:93} INFO - 26/06/20 07:26:55 WARN NativeCodeLoader: Unable to load native-hadoop library for your platform... using builtin-java classes where applicable
[2026-06-20T07:26:56.620+0000] {subprocess.py:93} INFO - 26/06/20 07:26:56 WARN Utils: Service 'SparkUI' could not bind on port 4040. Attempting port 4041.
[2026-06-20T07:27:09.774+0000] {subprocess.py:93} INFO - [Stage 0:>                                                          (0 + 1) / 1]                                                                                [Stage 1:>                                                          (0 + 1) / 1]                                                                                [Stage 5:>                                                          (0 + 1) / 1]
[2026-06-20T07:27:09.788+0000] {subprocess.py:93} INFO - --- silver attributes 2023-07-01 ---
[2026-06-20T07:27:09.793+0000] {subprocess.py:93} INFO - 
[2026-06-20T07:27:09.795+0000] {subprocess.py:93} INFO - [silver:attributes] loaded datamart/bronze/attributes/bronze_attributes_2023_07_01.csv rows: 471
[2026-06-20T07:27:09.797+0000] {subprocess.py:93} INFO - [silver:attributes] saved to: datamart/silver/attributes/2023_07_01.parquet
[2026-06-20T07:27:09.800+0000] {subprocess.py:93} INFO - 
[2026-06-20T07:27:09.804+0000] {subprocess.py:93} INFO - --- done ---
[2026-06-20T07:27:09.805+0000] {subprocess.py:93} INFO - 
[2026-06-20T07:27:10.357+0000] {subprocess.py:97} INFO - Command exited with return code 0
[2026-06-20T07:27:10.368+0000] {taskinstance.py:441} INFO - ::group::Post task execution logs
[2026-06-20T07:27:10.520+0000] {taskinstance.py:1206} INFO - Marking task as SUCCESS. dag_id=credit_default_ml_pipeline, task_id=feature_pipeline.feature_silver_attributes, run_id=scheduled__2023-07-01T00:00:00+00:00, execution_date=20230701T000000, start_date=20260620T072652, end_date=20260620T072710
[2026-06-20T07:27:10.590+0000] {local_task_job_runner.py:243} INFO - Task exited with return code 0
[2026-06-20T07:27:10.657+0000] {taskinstance.py:3503} INFO - 0 downstream tasks scheduled from follow-on schedule check
[2026-06-20T07:27:10.662+0000] {local_task_job_runner.py:222} INFO - ::endgroup::
[2026-06-20T15:26:39.706+0000] {local_task_job_runner.py:120} INFO - ::group::Pre task execution logs
[2026-06-20T15:26:39.726+0000] {taskinstance.py:2076} INFO - Dependencies all met for dep_context=non-requeueable deps ti=<TaskInstance: credit_default_ml_pipeline.feature_pipeline.feature_silver_attributes scheduled__2023-07-01T00:00:00+00:00 [queued]>
[2026-06-20T15:26:39.734+0000] {taskinstance.py:2076} INFO - Dependencies all met for dep_context=requeueable deps ti=<TaskInstance: credit_default_ml_pipeline.feature_pipeline.feature_silver_attributes scheduled__2023-07-01T00:00:00+00:00 [queued]>
[2026-06-20T15:26:39.735+0000] {taskinstance.py:2306} INFO - Starting attempt 1 of 2
[2026-06-20T15:26:39.748+0000] {taskinstance.py:2330} INFO - Executing <Task(BashOperator): feature_pipeline.feature_silver_attributes> on 2023-07-01 00:00:00+00:00
[2026-06-20T15:26:39.756+0000] {logging_mixin.py:188} WARNING - /home/***/.local/lib/python3.12/site-packages/***/task/task_runner/standard_task_runner.py:62 DeprecationWarning: This process (pid=1714) is multi-threaded, use of fork() may lead to deadlocks in the child.
[2026-06-20T15:26:39.755+0000] {standard_task_runner.py:90} INFO - Running: ['***', 'tasks', 'run', 'credit_default_ml_pipeline', 'feature_pipeline.feature_silver_attributes', 'scheduled__2023-07-01T00:00:00+00:00', '--job-id', '2522', '--raw', '--subdir', 'DAGS_FOLDER/dag.py', '--cfg-path', '/tmp/tmpncedpo49']
[2026-06-20T15:26:39.757+0000] {standard_task_runner.py:64} INFO - Started process 1725 to run task
[2026-06-20T15:26:39.757+0000] {standard_task_runner.py:91} INFO - Job 2522: Subtask feature_pipeline.feature_silver_attributes
[2026-06-20T15:26:39.915+0000] {task_command.py:426} INFO - Running <TaskInstance: credit_default_ml_pipeline.feature_pipeline.feature_silver_attributes scheduled__2023-07-01T00:00:00+00:00 [running]> on host 9cf341f51c89
[2026-06-20T15:26:39.960+0000] {taskinstance.py:2648} INFO - Exporting env vars: AIRFLOW_CTX_DAG_OWNER='***' AIRFLOW_CTX_DAG_ID='credit_default_ml_pipeline' AIRFLOW_CTX_TASK_ID='feature_pipeline.feature_silver_attributes' AIRFLOW_CTX_EXECUTION_DATE='2023-07-01T00:00:00+00:00' AIRFLOW_CTX_TRY_NUMBER='1' AIRFLOW_CTX_DAG_RUN_ID='scheduled__2023-07-01T00:00:00+00:00'
[2026-06-20T15:26:39.963+0000] {taskinstance.py:430} INFO - ::endgroup::
[2026-06-20T15:26:39.968+0000] {subprocess.py:63} INFO - Tmp dir root location: /tmp
[2026-06-20T15:26:39.970+0000] {subprocess.py:75} INFO - Running command: ['/usr/bin/bash', '-c', 'cd /opt/***/scripts && python3 silver_processing.py --snapshotdate "2023-07-01" --source attributes']
[2026-06-20T15:26:39.977+0000] {subprocess.py:86} INFO - Output:
[2026-06-20T15:26:42.194+0000] {subprocess.py:93} INFO - Setting default log level to "WARN".
[2026-06-20T15:26:42.198+0000] {subprocess.py:93} INFO - To adjust logging level use sc.setLogLevel(newLevel). For SparkR, use setLogLevel(newLevel).
[2026-06-20T15:26:42.442+0000] {subprocess.py:93} INFO - 26/06/20 15:26:42 WARN NativeCodeLoader: Unable to load native-hadoop library for your platform... using builtin-java classes where applicable
[2026-06-20T15:26:43.411+0000] {subprocess.py:93} INFO - 26/06/20 15:26:43 WARN Utils: Service 'SparkUI' could not bind on port 4040. Attempting port 4041.
[2026-06-20T15:26:43.413+0000] {subprocess.py:93} INFO - 26/06/20 15:26:43 WARN Utils: Service 'SparkUI' could not bind on port 4041. Attempting port 4042.
[2026-06-20T15:26:51.815+0000] {subprocess.py:93} INFO - [Stage 5:>                                                          (0 + 1) / 1]
[2026-06-20T15:26:51.817+0000] {subprocess.py:93} INFO - --- silver attributes 2023-07-01 ---
[2026-06-20T15:26:51.820+0000] {subprocess.py:93} INFO - 
[2026-06-20T15:26:51.821+0000] {subprocess.py:93} INFO - [silver:attributes] loaded datamart/bronze/attributes/bronze_attributes_2023_07_01.csv rows: 471
[2026-06-20T15:26:51.823+0000] {subprocess.py:93} INFO - [silver:attributes] saved to: datamart/silver/attributes/2023_07_01.parquet
[2026-06-20T15:26:51.823+0000] {subprocess.py:93} INFO - 
[2026-06-20T15:26:51.825+0000] {subprocess.py:93} INFO - --- done ---
[2026-06-20T15:26:51.826+0000] {subprocess.py:93} INFO - 
[2026-06-20T15:26:52.249+0000] {subprocess.py:97} INFO - Command exited with return code 0
[2026-06-20T15:26:52.251+0000] {taskinstance.py:441} INFO - ::group::Post task execution logs
[2026-06-20T15:26:52.286+0000] {taskinstance.py:1206} INFO - Marking task as SUCCESS. dag_id=credit_default_ml_pipeline, task_id=feature_pipeline.feature_silver_attributes, run_id=scheduled__2023-07-01T00:00:00+00:00, execution_date=20230701T000000, start_date=20260620T152639, end_date=20260620T152652
[2026-06-20T15:26:52.321+0000] {local_task_job_runner.py:243} INFO - Task exited with return code 0
[2026-06-20T15:26:52.355+0000] {taskinstance.py:3503} INFO - 0 downstream tasks scheduled from follow-on schedule check
[2026-06-20T15:26:52.358+0000] {local_task_job_runner.py:222} INFO - ::endgroup::
[2026-06-20T17:19:20.919+0000] {local_task_job_runner.py:120} INFO - ::group::Pre task execution logs
[2026-06-20T17:19:20.941+0000] {taskinstance.py:2076} INFO - Dependencies all met for dep_context=non-requeueable deps ti=<TaskInstance: credit_default_ml_pipeline.feature_pipeline.feature_silver_attributes scheduled__2023-07-01T00:00:00+00:00 [queued]>
[2026-06-20T17:19:20.947+0000] {taskinstance.py:2076} INFO - Dependencies all met for dep_context=requeueable deps ti=<TaskInstance: credit_default_ml_pipeline.feature_pipeline.feature_silver_attributes scheduled__2023-07-01T00:00:00+00:00 [queued]>
[2026-06-20T17:19:20.947+0000] {taskinstance.py:2306} INFO - Starting attempt 1 of 2
[2026-06-20T17:19:20.957+0000] {taskinstance.py:2330} INFO - Executing <Task(BashOperator): feature_pipeline.feature_silver_attributes> on 2023-07-01 00:00:00+00:00
[2026-06-20T17:19:20.963+0000] {logging_mixin.py:188} WARNING - /home/***/.local/lib/python3.12/site-packages/***/task/task_runner/standard_task_runner.py:62 DeprecationWarning: This process (pid=19550) is multi-threaded, use of fork() may lead to deadlocks in the child.
[2026-06-20T17:19:20.963+0000] {standard_task_runner.py:90} INFO - Running: ['***', 'tasks', 'run', 'credit_default_ml_pipeline', 'feature_pipeline.feature_silver_attributes', 'scheduled__2023-07-01T00:00:00+00:00', '--job-id', '3100', '--raw', '--subdir', 'DAGS_FOLDER/dag.py', '--cfg-path', '/tmp/tmp7yv5e2ik']
[2026-06-20T17:19:20.965+0000] {standard_task_runner.py:64} INFO - Started process 19621 to run task
[2026-06-20T17:19:20.965+0000] {standard_task_runner.py:91} INFO - Job 3100: Subtask feature_pipeline.feature_silver_attributes
[2026-06-20T17:19:21.147+0000] {task_command.py:426} INFO - Running <TaskInstance: credit_default_ml_pipeline.feature_pipeline.feature_silver_attributes scheduled__2023-07-01T00:00:00+00:00 [running]> on host 9cf341f51c89
[2026-06-20T17:19:21.203+0000] {taskinstance.py:2648} INFO - Exporting env vars: AIRFLOW_CTX_DAG_OWNER='***' AIRFLOW_CTX_DAG_ID='credit_default_ml_pipeline' AIRFLOW_CTX_TASK_ID='feature_pipeline.feature_silver_attributes' AIRFLOW_CTX_EXECUTION_DATE='2023-07-01T00:00:00+00:00' AIRFLOW_CTX_TRY_NUMBER='1' AIRFLOW_CTX_DAG_RUN_ID='scheduled__2023-07-01T00:00:00+00:00'
[2026-06-20T17:19:21.205+0000] {taskinstance.py:430} INFO - ::endgroup::
[2026-06-20T17:19:21.213+0000] {subprocess.py:63} INFO - Tmp dir root location: /tmp
[2026-06-20T17:19:21.214+0000] {subprocess.py:75} INFO - Running command: ['/usr/bin/bash', '-c', 'cd /opt/***/scripts && python3 silver_processing.py --snapshotdate "2023-07-01" --source attributes']
[2026-06-20T17:19:21.221+0000] {subprocess.py:86} INFO - Output:
[2026-06-20T17:19:22.959+0000] {subprocess.py:93} INFO - Setting default log level to "WARN".
[2026-06-20T17:19:22.960+0000] {subprocess.py:93} INFO - To adjust logging level use sc.setLogLevel(newLevel). For SparkR, use setLogLevel(newLevel).
[2026-06-20T17:19:23.264+0000] {subprocess.py:93} INFO - 26/06/20 17:19:23 WARN NativeCodeLoader: Unable to load native-hadoop library for your platform... using builtin-java classes where applicable
[2026-06-20T17:19:32.975+0000] {subprocess.py:93} INFO - [Stage 5:>                                                          (0 + 1) / 1]
[2026-06-20T17:19:32.980+0000] {subprocess.py:93} INFO - --- silver attributes 2023-07-01 ---
[2026-06-20T17:19:32.982+0000] {subprocess.py:93} INFO - 
[2026-06-20T17:19:32.987+0000] {subprocess.py:93} INFO - [silver:attributes] loaded datamart/bronze/attributes/bronze_attributes_2023_07_01.csv rows: 471
[2026-06-20T17:19:32.989+0000] {subprocess.py:93} INFO - [silver:attributes] saved to: datamart/silver/attributes/2023_07_01.parquet
[2026-06-20T17:19:32.992+0000] {subprocess.py:93} INFO - 
[2026-06-20T17:19:32.993+0000] {subprocess.py:93} INFO - --- done ---
[2026-06-20T17:19:32.995+0000] {subprocess.py:93} INFO - 
[2026-06-20T17:19:33.512+0000] {subprocess.py:97} INFO - Command exited with return code 0
[2026-06-20T17:19:33.514+0000] {taskinstance.py:441} INFO - ::group::Post task execution logs
[2026-06-20T17:19:33.566+0000] {taskinstance.py:1206} INFO - Marking task as SUCCESS. dag_id=credit_default_ml_pipeline, task_id=feature_pipeline.feature_silver_attributes, run_id=scheduled__2023-07-01T00:00:00+00:00, execution_date=20230701T000000, start_date=20260620T171920, end_date=20260620T171933
[2026-06-20T17:19:33.631+0000] {local_task_job_runner.py:243} INFO - Task exited with return code 0
[2026-06-20T17:19:33.660+0000] {taskinstance.py:3503} INFO - 0 downstream tasks scheduled from follow-on schedule check
[2026-06-20T17:19:33.665+0000] {local_task_job_runner.py:222} INFO - ::endgroup::
[2026-06-21T01:44:38.193+0000] {local_task_job_runner.py:120} INFO - ::group::Pre task execution logs
[2026-06-21T01:44:38.209+0000] {taskinstance.py:2076} INFO - Dependencies all met for dep_context=non-requeueable deps ti=<TaskInstance: credit_default_ml_pipeline.feature_pipeline.feature_silver_attributes scheduled__2023-07-01T00:00:00+00:00 [queued]>
[2026-06-21T01:44:38.213+0000] {taskinstance.py:2076} INFO - Dependencies all met for dep_context=requeueable deps ti=<TaskInstance: credit_default_ml_pipeline.feature_pipeline.feature_silver_attributes scheduled__2023-07-01T00:00:00+00:00 [queued]>
[2026-06-21T01:44:38.214+0000] {taskinstance.py:2306} INFO - Starting attempt 1 of 2
[2026-06-21T01:44:38.219+0000] {taskinstance.py:2330} INFO - Executing <Task(BashOperator): feature_pipeline.feature_silver_attributes> on 2023-07-01 00:00:00+00:00
[2026-06-21T01:44:38.224+0000] {logging_mixin.py:188} WARNING - /home/***/.local/lib/python3.12/site-packages/***/task/task_runner/standard_task_runner.py:62 DeprecationWarning: This process (pid=19852) is multi-threaded, use of fork() may lead to deadlocks in the child.
[2026-06-21T01:44:38.225+0000] {standard_task_runner.py:64} INFO - Started process 19866 to run task
[2026-06-21T01:44:38.224+0000] {standard_task_runner.py:90} INFO - Running: ['***', 'tasks', 'run', 'credit_default_ml_pipeline', 'feature_pipeline.feature_silver_attributes', 'scheduled__2023-07-01T00:00:00+00:00', '--job-id', '3564', '--raw', '--subdir', 'DAGS_FOLDER/dag.py', '--cfg-path', '/tmp/tmp62520w6m']
[2026-06-21T01:44:38.225+0000] {standard_task_runner.py:91} INFO - Job 3564: Subtask feature_pipeline.feature_silver_attributes
[2026-06-21T01:44:38.248+0000] {task_command.py:426} INFO - Running <TaskInstance: credit_default_ml_pipeline.feature_pipeline.feature_silver_attributes scheduled__2023-07-01T00:00:00+00:00 [running]> on host f6e9e2801916
[2026-06-21T01:44:38.369+0000] {taskinstance.py:2648} INFO - Exporting env vars: AIRFLOW_CTX_DAG_OWNER='***' AIRFLOW_CTX_DAG_ID='credit_default_ml_pipeline' AIRFLOW_CTX_TASK_ID='feature_pipeline.feature_silver_attributes' AIRFLOW_CTX_EXECUTION_DATE='2023-07-01T00:00:00+00:00' AIRFLOW_CTX_TRY_NUMBER='1' AIRFLOW_CTX_DAG_RUN_ID='scheduled__2023-07-01T00:00:00+00:00'
[2026-06-21T01:44:38.371+0000] {taskinstance.py:430} INFO - ::endgroup::
[2026-06-21T01:44:38.376+0000] {subprocess.py:63} INFO - Tmp dir root location: /tmp
[2026-06-21T01:44:38.376+0000] {subprocess.py:75} INFO - Running command: ['/usr/bin/bash', '-c', 'cd /opt/***/scripts && python3 silver_processing.py --snapshotdate "2023-07-01" --source attributes']
[2026-06-21T01:44:38.382+0000] {subprocess.py:86} INFO - Output:
[2026-06-21T01:44:39.596+0000] {subprocess.py:93} INFO - Setting default log level to "WARN".
[2026-06-21T01:44:39.597+0000] {subprocess.py:93} INFO - To adjust logging level use sc.setLogLevel(newLevel). For SparkR, use setLogLevel(newLevel).
[2026-06-21T01:44:39.720+0000] {subprocess.py:93} INFO - 26/06/21 01:44:39 WARN NativeCodeLoader: Unable to load native-hadoop library for your platform... using builtin-java classes where applicable
[2026-06-21T01:44:46.713+0000] {subprocess.py:93} INFO - [Stage 5:>                                                          (0 + 1) / 1]
[2026-06-21T01:44:46.715+0000] {subprocess.py:93} INFO - --- silver attributes 2023-07-01 ---
[2026-06-21T01:44:46.716+0000] {subprocess.py:93} INFO - 
[2026-06-21T01:44:46.717+0000] {subprocess.py:93} INFO - [silver:attributes] loaded datamart/bronze/attributes/bronze_attributes_2023_07_01.csv rows: 471
[2026-06-21T01:44:46.719+0000] {subprocess.py:93} INFO - [silver:attributes] saved to: datamart/silver/attributes/2023_07_01.parquet
[2026-06-21T01:44:46.720+0000] {subprocess.py:93} INFO - 
[2026-06-21T01:44:46.721+0000] {subprocess.py:93} INFO - --- done ---
[2026-06-21T01:44:46.723+0000] {subprocess.py:93} INFO - 
[2026-06-21T01:44:47.166+0000] {subprocess.py:97} INFO - Command exited with return code 0
[2026-06-21T01:44:47.169+0000] {taskinstance.py:441} INFO - ::group::Post task execution logs
[2026-06-21T01:44:47.192+0000] {taskinstance.py:1206} INFO - Marking task as SUCCESS. dag_id=credit_default_ml_pipeline, task_id=feature_pipeline.feature_silver_attributes, run_id=scheduled__2023-07-01T00:00:00+00:00, execution_date=20230701T000000, start_date=20260621T014438, end_date=20260621T014447
[2026-06-21T01:44:47.245+0000] {local_task_job_runner.py:243} INFO - Task exited with return code 0
[2026-06-21T01:44:47.386+0000] {taskinstance.py:3503} INFO - 0 downstream tasks scheduled from follow-on schedule check
[2026-06-21T01:44:47.390+0000] {local_task_job_runner.py:222} INFO - ::endgroup::
[2026-06-21T05:39:50.057+0000] {local_task_job_runner.py:120} INFO - ::group::Pre task execution logs
[2026-06-21T05:39:50.089+0000] {taskinstance.py:2076} INFO - Dependencies all met for dep_context=non-requeueable deps ti=<TaskInstance: credit_default_ml_pipeline.feature_pipeline.feature_silver_attributes scheduled__2023-07-01T00:00:00+00:00 [queued]>
[2026-06-21T05:39:50.098+0000] {taskinstance.py:2076} INFO - Dependencies all met for dep_context=requeueable deps ti=<TaskInstance: credit_default_ml_pipeline.feature_pipeline.feature_silver_attributes scheduled__2023-07-01T00:00:00+00:00 [queued]>
[2026-06-21T05:39:50.099+0000] {taskinstance.py:2306} INFO - Starting attempt 1 of 2
[2026-06-21T05:39:50.112+0000] {taskinstance.py:2330} INFO - Executing <Task(BashOperator): feature_pipeline.feature_silver_attributes> on 2023-07-01 00:00:00+00:00
[2026-06-21T05:39:50.121+0000] {logging_mixin.py:188} WARNING - /home/***/.local/lib/python3.12/site-packages/***/task/task_runner/standard_task_runner.py:62 DeprecationWarning: This process (pid=20014) is multi-threaded, use of fork() may lead to deadlocks in the child.
[2026-06-21T05:39:50.125+0000] {standard_task_runner.py:64} INFO - Started process 20024 to run task
[2026-06-21T05:39:50.123+0000] {standard_task_runner.py:90} INFO - Running: ['***', 'tasks', 'run', 'credit_default_ml_pipeline', 'feature_pipeline.feature_silver_attributes', 'scheduled__2023-07-01T00:00:00+00:00', '--job-id', '4028', '--raw', '--subdir', 'DAGS_FOLDER/dag.py', '--cfg-path', '/tmp/tmpxxd6gaim']
[2026-06-21T05:39:50.127+0000] {standard_task_runner.py:91} INFO - Job 4028: Subtask feature_pipeline.feature_silver_attributes
[2026-06-21T05:39:50.381+0000] {task_command.py:426} INFO - Running <TaskInstance: credit_default_ml_pipeline.feature_pipeline.feature_silver_attributes scheduled__2023-07-01T00:00:00+00:00 [running]> on host 9377a3f0491f
[2026-06-21T05:39:50.445+0000] {taskinstance.py:2648} INFO - Exporting env vars: AIRFLOW_CTX_DAG_OWNER='***' AIRFLOW_CTX_DAG_ID='credit_default_ml_pipeline' AIRFLOW_CTX_TASK_ID='feature_pipeline.feature_silver_attributes' AIRFLOW_CTX_EXECUTION_DATE='2023-07-01T00:00:00+00:00' AIRFLOW_CTX_TRY_NUMBER='1' AIRFLOW_CTX_DAG_RUN_ID='scheduled__2023-07-01T00:00:00+00:00'
[2026-06-21T05:39:50.447+0000] {taskinstance.py:430} INFO - ::endgroup::
[2026-06-21T05:39:50.456+0000] {subprocess.py:63} INFO - Tmp dir root location: /tmp
[2026-06-21T05:39:50.457+0000] {subprocess.py:75} INFO - Running command: ['/usr/bin/bash', '-c', 'cd /opt/***/scripts && python3 silver_processing.py --snapshotdate "2023-07-01" --source attributes']
[2026-06-21T05:39:50.465+0000] {subprocess.py:86} INFO - Output:
[2026-06-21T05:39:53.466+0000] {subprocess.py:93} INFO - Setting default log level to "WARN".
[2026-06-21T05:39:53.469+0000] {subprocess.py:93} INFO - To adjust logging level use sc.setLogLevel(newLevel). For SparkR, use setLogLevel(newLevel).
[2026-06-21T05:39:53.858+0000] {subprocess.py:93} INFO - 26/06/21 05:39:53 WARN NativeCodeLoader: Unable to load native-hadoop library for your platform... using builtin-java classes where applicable
[2026-06-21T05:40:07.822+0000] {subprocess.py:93} INFO - [Stage 1:>                                                          (0 + 1) / 1]                                                                                [Stage 5:>                                                          (0 + 1) / 1]
[2026-06-21T05:40:07.827+0000] {subprocess.py:93} INFO - --- silver attributes 2023-07-01 ---
[2026-06-21T05:40:07.833+0000] {subprocess.py:93} INFO - 
[2026-06-21T05:40:07.835+0000] {subprocess.py:93} INFO - [silver:attributes] loaded datamart/bronze/attributes/bronze_attributes_2023_07_01.csv rows: 471
[2026-06-21T05:40:07.838+0000] {subprocess.py:93} INFO - [silver:attributes] saved to: datamart/silver/attributes/2023_07_01.parquet
[2026-06-21T05:40:07.847+0000] {subprocess.py:93} INFO - 
[2026-06-21T05:40:07.851+0000] {subprocess.py:93} INFO - --- done ---
[2026-06-21T05:40:07.854+0000] {subprocess.py:93} INFO - 
[2026-06-21T05:40:08.424+0000] {subprocess.py:97} INFO - Command exited with return code 0
[2026-06-21T05:40:08.438+0000] {taskinstance.py:441} INFO - ::group::Post task execution logs
[2026-06-21T05:40:08.508+0000] {taskinstance.py:1206} INFO - Marking task as SUCCESS. dag_id=credit_default_ml_pipeline, task_id=feature_pipeline.feature_silver_attributes, run_id=scheduled__2023-07-01T00:00:00+00:00, execution_date=20230701T000000, start_date=20260621T053950, end_date=20260621T054008
[2026-06-21T05:40:08.588+0000] {local_task_job_runner.py:243} INFO - Task exited with return code 0
[2026-06-21T05:40:08.645+0000] {taskinstance.py:3503} INFO - 0 downstream tasks scheduled from follow-on schedule check
[2026-06-21T05:40:08.650+0000] {local_task_job_runner.py:222} INFO - ::endgroup::
