[2026-06-17T00:47:26.321+0000] {local_task_job_runner.py:120} INFO - ::group::Pre task execution logs
[2026-06-17T00:47:26.350+0000] {taskinstance.py:2076} INFO - Dependencies all met for dep_context=non-requeueable deps ti=<TaskInstance: credit_default_ml_pipeline.feature_pipeline.feature_silver_lms scheduled__2023-07-01T00:00:00+00:00 [queued]>
[2026-06-17T00:47:26.359+0000] {taskinstance.py:2076} INFO - Dependencies all met for dep_context=requeueable deps ti=<TaskInstance: credit_default_ml_pipeline.feature_pipeline.feature_silver_lms scheduled__2023-07-01T00:00:00+00:00 [queued]>
[2026-06-17T00:47:26.360+0000] {taskinstance.py:2306} INFO - Starting attempt 3 of 4
[2026-06-17T00:47:26.371+0000] {taskinstance.py:2330} INFO - Executing <Task(BashOperator): feature_pipeline.feature_silver_lms> on 2023-07-01 00:00:00+00:00
[2026-06-17T00:47:26.381+0000] {logging_mixin.py:188} WARNING - /home/***/.local/lib/python3.12/site-packages/***/task/task_runner/standard_task_runner.py:62 DeprecationWarning: This process (pid=59390) is multi-threaded, use of fork() may lead to deadlocks in the child.
[2026-06-17T00:47:26.381+0000] {standard_task_runner.py:90} INFO - Running: ['***', 'tasks', 'run', 'credit_default_ml_pipeline', 'feature_pipeline.feature_silver_lms', 'scheduled__2023-07-01T00:00:00+00:00', '--job-id', '517', '--raw', '--subdir', 'DAGS_FOLDER/dag.py', '--cfg-path', '/tmp/tmph_4_kpmx']
[2026-06-17T00:47:26.383+0000] {standard_task_runner.py:64} INFO - Started process 59417 to run task
[2026-06-17T00:47:26.384+0000] {standard_task_runner.py:91} INFO - Job 517: Subtask feature_pipeline.feature_silver_lms
[2026-06-17T00:47:26.427+0000] {task_command.py:426} INFO - Running <TaskInstance: credit_default_ml_pipeline.feature_pipeline.feature_silver_lms scheduled__2023-07-01T00:00:00+00:00 [running]> on host 2b9b50b7433d
[2026-06-17T00:47:26.475+0000] {taskinstance.py:2648} INFO - Exporting env vars: AIRFLOW_CTX_DAG_OWNER='***' AIRFLOW_CTX_DAG_ID='credit_default_ml_pipeline' AIRFLOW_CTX_TASK_ID='feature_pipeline.feature_silver_lms' AIRFLOW_CTX_EXECUTION_DATE='2023-07-01T00:00:00+00:00' AIRFLOW_CTX_TRY_NUMBER='3' AIRFLOW_CTX_DAG_RUN_ID='scheduled__2023-07-01T00:00:00+00:00'
[2026-06-17T00:47:26.476+0000] {taskinstance.py:430} INFO - ::endgroup::
[2026-06-17T00:47:26.485+0000] {subprocess.py:63} INFO - Tmp dir root location: /tmp
[2026-06-17T00:47:26.486+0000] {subprocess.py:75} INFO - Running command: ['/usr/bin/bash', '-c', 'cd /opt/***/scripts && python3 silver_processing.py --snapshotdate "2023-07-01" --source lms']
[2026-06-17T00:47:26.493+0000] {subprocess.py:86} INFO - Output:
[2026-06-17T00:47:28.611+0000] {subprocess.py:93} INFO - Setting default log level to "WARN".
[2026-06-17T00:47:28.613+0000] {subprocess.py:93} INFO - To adjust logging level use sc.setLogLevel(newLevel). For SparkR, use setLogLevel(newLevel).
[2026-06-17T00:47:28.900+0000] {subprocess.py:93} INFO - 26/06/17 00:47:28 WARN NativeCodeLoader: Unable to load native-hadoop library for your platform... using builtin-java classes where applicable
[2026-06-17T00:47:29.595+0000] {subprocess.py:93} INFO - 26/06/17 00:47:29 WARN Utils: Service 'SparkUI' could not bind on port 4040. Attempting port 4041.
[2026-06-17T00:47:29.598+0000] {subprocess.py:93} INFO - 26/06/17 00:47:29 WARN Utils: Service 'SparkUI' could not bind on port 4041. Attempting port 4042.
[2026-06-17T00:47:36.570+0000] {subprocess.py:93} INFO - [Stage 5:>                                                          (0 + 1) / 1]                                                                                26/06/17 00:47:36 ERROR FileFormatWriter: Aborting job 888d4a0b-dbff-4a94-97fc-c040168d704f.
[2026-06-17T00:47:36.573+0000] {subprocess.py:93} INFO - java.io.FileNotFoundException: File file:/opt/***/scripts/datamart/silver/lms/2023_07_01.parquet/_temporary/0 does not exist
[2026-06-17T00:47:36.576+0000] {subprocess.py:93} INFO - 	at org.apache.hadoop.fs.RawLocalFileSystem.listStatus(RawLocalFileSystem.java:597)
[2026-06-17T00:47:36.578+0000] {subprocess.py:93} INFO - 	at org.apache.hadoop.fs.FileSystem.listStatus(FileSystem.java:1972)
[2026-06-17T00:47:36.580+0000] {subprocess.py:93} INFO - 	at org.apache.hadoop.fs.FileSystem.listStatus(FileSystem.java:2014)
[2026-06-17T00:47:36.581+0000] {subprocess.py:93} INFO - 	at org.apache.hadoop.fs.ChecksumFileSystem.listStatus(ChecksumFileSystem.java:761)
[2026-06-17T00:47:36.582+0000] {subprocess.py:93} INFO - 	at org.apache.hadoop.fs.FileSystem.listStatus(FileSystem.java:1972)
[2026-06-17T00:47:36.583+0000] {subprocess.py:93} INFO - 	at org.apache.hadoop.fs.FileSystem.listStatus(FileSystem.java:2014)
[2026-06-17T00:47:36.584+0000] {subprocess.py:93} INFO - 	at org.apache.hadoop.mapreduce.lib.output.FileOutputCommitter.getAllCommittedTaskPaths(FileOutputCommitter.java:334)
[2026-06-17T00:47:36.585+0000] {subprocess.py:93} INFO - 	at org.apache.hadoop.mapreduce.lib.output.FileOutputCommitter.commitJobInternal(FileOutputCommitter.java:404)
[2026-06-17T00:47:36.586+0000] {subprocess.py:93} INFO - 	at org.apache.hadoop.mapreduce.lib.output.FileOutputCommitter.commitJob(FileOutputCommitter.java:377)
[2026-06-17T00:47:36.587+0000] {subprocess.py:93} INFO - 	at org.apache.parquet.hadoop.ParquetOutputCommitter.commitJob(ParquetOutputCommitter.java:48)
[2026-06-17T00:47:36.588+0000] {subprocess.py:93} INFO - 	at org.apache.spark.internal.io.HadoopMapReduceCommitProtocol.commitJob(HadoopMapReduceCommitProtocol.scala:192)
[2026-06-17T00:47:36.589+0000] {subprocess.py:93} INFO - 	at org.apache.spark.sql.execution.datasources.FileFormatWriter$.$anonfun$writeAndCommit$3(FileFormatWriter.scala:275)
[2026-06-17T00:47:36.590+0000] {subprocess.py:93} INFO - 	at scala.runtime.java8.JFunction0$mcV$sp.apply(JFunction0$mcV$sp.java:23)
[2026-06-17T00:47:36.591+0000] {subprocess.py:93} INFO - 	at org.apache.spark.util.Utils$.timeTakenMs(Utils.scala:552)
[2026-06-17T00:47:36.593+0000] {subprocess.py:93} INFO - 	at org.apache.spark.sql.execution.datasources.FileFormatWriter$.writeAndCommit(FileFormatWriter.scala:275)
[2026-06-17T00:47:36.595+0000] {subprocess.py:93} INFO - 	at org.apache.spark.sql.execution.datasources.FileFormatWriter$.executeWrite(FileFormatWriter.scala:304)
[2026-06-17T00:47:36.596+0000] {subprocess.py:93} INFO - 	at org.apache.spark.sql.execution.datasources.FileFormatWriter$.write(FileFormatWriter.scala:190)
[2026-06-17T00:47:36.597+0000] {subprocess.py:93} INFO - 	at org.apache.spark.sql.execution.datasources.InsertIntoHadoopFsRelationCommand.run(InsertIntoHadoopFsRelationCommand.scala:190)
[2026-06-17T00:47:36.598+0000] {subprocess.py:93} INFO - 	at org.apache.spark.sql.execution.command.DataWritingCommandExec.sideEffectResult$lzycompute(commands.scala:113)
[2026-06-17T00:47:36.599+0000] {subprocess.py:93} INFO - 	at org.apache.spark.sql.execution.command.DataWritingCommandExec.sideEffectResult(commands.scala:111)
[2026-06-17T00:47:36.600+0000] {subprocess.py:93} INFO - 	at org.apache.spark.sql.execution.command.DataWritingCommandExec.executeCollect(commands.scala:125)
[2026-06-17T00:47:36.601+0000] {subprocess.py:93} INFO - 	at org.apache.spark.sql.execution.QueryExecution$$anonfun$eagerlyExecuteCommands$1.$anonfun$applyOrElse$1(QueryExecution.scala:107)
[2026-06-17T00:47:36.602+0000] {subprocess.py:93} INFO - 	at org.apache.spark.sql.execution.SQLExecution$.$anonfun$withNewExecutionId$6(SQLExecution.scala:125)
[2026-06-17T00:47:36.605+0000] {subprocess.py:93} INFO - 	at org.apache.spark.sql.execution.SQLExecution$.withSQLConfPropagated(SQLExecution.scala:201)
[2026-06-17T00:47:36.607+0000] {subprocess.py:93} INFO - 	at org.apache.spark.sql.execution.SQLExecution$.$anonfun$withNewExecutionId$1(SQLExecution.scala:108)
[2026-06-17T00:47:36.611+0000] {subprocess.py:93} INFO - 	at org.apache.spark.sql.SparkSession.withActive(SparkSession.scala:900)
[2026-06-17T00:47:36.613+0000] {subprocess.py:93} INFO - 	at org.apache.spark.sql.execution.SQLExecution$.withNewExecutionId(SQLExecution.scala:66)
[2026-06-17T00:47:36.613+0000] {subprocess.py:93} INFO - 	at org.apache.spark.sql.execution.QueryExecution$$anonfun$eagerlyExecuteCommands$1.applyOrElse(QueryExecution.scala:107)
[2026-06-17T00:47:36.617+0000] {subprocess.py:93} INFO - 	at org.apache.spark.sql.execution.QueryExecution$$anonfun$eagerlyExecuteCommands$1.applyOrElse(QueryExecution.scala:98)
[2026-06-17T00:47:36.618+0000] {subprocess.py:93} INFO - 	at org.apache.spark.sql.catalyst.trees.TreeNode.$anonfun$transformDownWithPruning$1(TreeNode.scala:461)
[2026-06-17T00:47:36.619+0000] {subprocess.py:93} INFO - 	at org.apache.spark.sql.catalyst.trees.CurrentOrigin$.withOrigin(origin.scala:76)
[2026-06-17T00:47:36.621+0000] {subprocess.py:93} INFO - 	at org.apache.spark.sql.catalyst.trees.TreeNode.transformDownWithPruning(TreeNode.scala:461)
[2026-06-17T00:47:36.622+0000] {subprocess.py:93} INFO - 	at org.apache.spark.sql.catalyst.plans.logical.LogicalPlan.org$apache$spark$sql$catalyst$plans$logical$AnalysisHelper$$super$transformDownWithPruning(LogicalPlan.scala:32)
[2026-06-17T00:47:36.623+0000] {subprocess.py:93} INFO - 	at org.apache.spark.sql.catalyst.plans.logical.AnalysisHelper.transformDownWithPruning(AnalysisHelper.scala:267)
[2026-06-17T00:47:36.624+0000] {subprocess.py:93} INFO - 	at org.apache.spark.sql.catalyst.plans.logical.AnalysisHelper.transformDownWithPruning$(AnalysisHelper.scala:263)
[2026-06-17T00:47:36.626+0000] {subprocess.py:93} INFO - 	at org.apache.spark.sql.catalyst.plans.logical.LogicalPlan.transformDownWithPruning(LogicalPlan.scala:32)
[2026-06-17T00:47:36.628+0000] {subprocess.py:93} INFO - 	at org.apache.spark.sql.catalyst.plans.logical.LogicalPlan.transformDownWithPruning(LogicalPlan.scala:32)
[2026-06-17T00:47:36.629+0000] {subprocess.py:93} INFO - 	at org.apache.spark.sql.catalyst.trees.TreeNode.transformDown(TreeNode.scala:437)
[2026-06-17T00:47:36.630+0000] {subprocess.py:93} INFO - 	at org.apache.spark.sql.execution.QueryExecution.eagerlyExecuteCommands(QueryExecution.scala:98)
[2026-06-17T00:47:36.631+0000] {subprocess.py:93} INFO - 	at org.apache.spark.sql.execution.QueryExecution.commandExecuted$lzycompute(QueryExecution.scala:85)
[2026-06-17T00:47:36.634+0000] {subprocess.py:93} INFO - 	at org.apache.spark.sql.execution.QueryExecution.commandExecuted(QueryExecution.scala:83)
[2026-06-17T00:47:36.635+0000] {subprocess.py:93} INFO - 	at org.apache.spark.sql.execution.QueryExecution.assertCommandExecuted(QueryExecution.scala:142)
[2026-06-17T00:47:36.636+0000] {subprocess.py:93} INFO - 	at org.apache.spark.sql.DataFrameWriter.runCommand(DataFrameWriter.scala:859)
[2026-06-17T00:47:36.637+0000] {subprocess.py:93} INFO - 	at org.apache.spark.sql.DataFrameWriter.saveToV1Source(DataFrameWriter.scala:388)
[2026-06-17T00:47:36.638+0000] {subprocess.py:93} INFO - 	at org.apache.spark.sql.DataFrameWriter.saveInternal(DataFrameWriter.scala:361)
[2026-06-17T00:47:36.640+0000] {subprocess.py:93} INFO - 	at org.apache.spark.sql.DataFrameWriter.save(DataFrameWriter.scala:240)
[2026-06-17T00:47:36.641+0000] {subprocess.py:93} INFO - 	at org.apache.spark.sql.DataFrameWriter.parquet(DataFrameWriter.scala:792)
[2026-06-17T00:47:36.642+0000] {subprocess.py:93} INFO - 	at java.base/jdk.internal.reflect.NativeMethodAccessorImpl.invoke0(Native Method)
[2026-06-17T00:47:36.643+0000] {subprocess.py:93} INFO - 	at java.base/jdk.internal.reflect.NativeMethodAccessorImpl.invoke(NativeMethodAccessorImpl.java:77)
[2026-06-17T00:47:36.644+0000] {subprocess.py:93} INFO - 	at java.base/jdk.internal.reflect.DelegatingMethodAccessorImpl.invoke(DelegatingMethodAccessorImpl.java:43)
[2026-06-17T00:47:36.645+0000] {subprocess.py:93} INFO - 	at java.base/java.lang.reflect.Method.invoke(Method.java:569)
[2026-06-17T00:47:36.646+0000] {subprocess.py:93} INFO - 	at py4j.reflection.MethodInvoker.invoke(MethodInvoker.java:244)
[2026-06-17T00:47:36.648+0000] {subprocess.py:93} INFO - 	at py4j.reflection.ReflectionEngine.invoke(ReflectionEngine.java:374)
[2026-06-17T00:47:36.649+0000] {subprocess.py:93} INFO - 	at py4j.Gateway.invoke(Gateway.java:282)
[2026-06-17T00:47:36.650+0000] {subprocess.py:93} INFO - 	at py4j.commands.AbstractCommand.invokeMethod(AbstractCommand.java:132)
[2026-06-17T00:47:36.651+0000] {subprocess.py:93} INFO - 	at py4j.commands.CallCommand.execute(CallCommand.java:79)
[2026-06-17T00:47:36.656+0000] {subprocess.py:93} INFO - 	at py4j.ClientServerConnection.waitForCommands(ClientServerConnection.java:182)
[2026-06-17T00:47:36.657+0000] {subprocess.py:93} INFO - 	at py4j.ClientServerConnection.run(ClientServerConnection.java:106)
[2026-06-17T00:47:36.658+0000] {subprocess.py:93} INFO - 	at java.base/java.lang.Thread.run(Thread.java:840)
[2026-06-17T00:47:36.659+0000] {subprocess.py:93} INFO - 
[2026-06-17T00:47:36.660+0000] {subprocess.py:93} INFO - --- silver lms 2023-07-01 ---
[2026-06-17T00:47:36.661+0000] {subprocess.py:93} INFO - 
[2026-06-17T00:47:36.666+0000] {subprocess.py:93} INFO - [silver:lms] loaded datamart/bronze/lms/bronze_lms_2023_07_01.csv rows: 3556
[2026-06-17T00:47:36.669+0000] {subprocess.py:93} INFO - Traceback (most recent call last):
[2026-06-17T00:47:36.670+0000] {subprocess.py:93} INFO -   File "/opt/***/scripts/silver_processing.py", line 25, in <module>
[2026-06-17T00:47:36.671+0000] {subprocess.py:93} INFO -     main(a.snapshotdate, a.source)
[2026-06-17T00:47:36.682+0000] {subprocess.py:93} INFO -   File "/opt/***/scripts/silver_processing.py", line 13, in main
[2026-06-17T00:47:36.686+0000] {subprocess.py:93} INFO -     silver.process_silver_table(source, snapshotdate,
[2026-06-17T00:47:36.688+0000] {subprocess.py:93} INFO -   File "/opt/***/scripts/utils/data_processing_silver_table.py", line 251, in process_silver_table
[2026-06-17T00:47:36.693+0000] {subprocess.py:93} INFO -     df.write.mode("overwrite").parquet(part)
[2026-06-17T00:47:36.699+0000] {subprocess.py:93} INFO -   File "/home/***/.local/lib/python3.12/site-packages/pyspark/sql/readwriter.py", line 1721, in parquet
[2026-06-17T00:47:36.716+0000] {subprocess.py:93} INFO -     self._jwrite.parquet(path)
[2026-06-17T00:47:36.720+0000] {subprocess.py:93} INFO -   File "/home/***/.local/lib/python3.12/site-packages/py4j/java_gateway.py", line 1322, in __call__
[2026-06-17T00:47:36.721+0000] {subprocess.py:93} INFO -     return_value = get_return_value(
[2026-06-17T00:47:36.723+0000] {subprocess.py:93} INFO -                    ^^^^^^^^^^^^^^^^^
[2026-06-17T00:47:36.724+0000] {subprocess.py:93} INFO -   File "/home/***/.local/lib/python3.12/site-packages/pyspark/errors/exceptions/captured.py", line 179, in deco
[2026-06-17T00:47:36.725+0000] {subprocess.py:93} INFO -     return f(*a, **kw)
[2026-06-17T00:47:36.727+0000] {subprocess.py:93} INFO -            ^^^^^^^^^^^
[2026-06-17T00:47:36.729+0000] {subprocess.py:93} INFO -   File "/home/***/.local/lib/python3.12/site-packages/py4j/protocol.py", line 326, in get_return_value
[2026-06-17T00:47:36.731+0000] {subprocess.py:93} INFO -     raise Py4JJavaError(
[2026-06-17T00:47:36.733+0000] {subprocess.py:93} INFO - py4j.protocol.Py4JJavaError: An error occurred while calling o191.parquet.
[2026-06-17T00:47:36.734+0000] {subprocess.py:93} INFO - : java.io.FileNotFoundException: File file:/opt/***/scripts/datamart/silver/lms/2023_07_01.parquet/_temporary/0 does not exist
[2026-06-17T00:47:36.735+0000] {subprocess.py:93} INFO - 	at org.apache.hadoop.fs.RawLocalFileSystem.listStatus(RawLocalFileSystem.java:597)
[2026-06-17T00:47:36.736+0000] {subprocess.py:93} INFO - 	at org.apache.hadoop.fs.FileSystem.listStatus(FileSystem.java:1972)
[2026-06-17T00:47:36.737+0000] {subprocess.py:93} INFO - 	at org.apache.hadoop.fs.FileSystem.listStatus(FileSystem.java:2014)
[2026-06-17T00:47:36.739+0000] {subprocess.py:93} INFO - 	at org.apache.hadoop.fs.ChecksumFileSystem.listStatus(ChecksumFileSystem.java:761)
[2026-06-17T00:47:36.739+0000] {subprocess.py:93} INFO - 	at org.apache.hadoop.fs.FileSystem.listStatus(FileSystem.java:1972)
[2026-06-17T00:47:36.741+0000] {subprocess.py:93} INFO - 	at org.apache.hadoop.fs.FileSystem.listStatus(FileSystem.java:2014)
[2026-06-17T00:47:36.742+0000] {subprocess.py:93} INFO - 	at org.apache.hadoop.mapreduce.lib.output.FileOutputCommitter.getAllCommittedTaskPaths(FileOutputCommitter.java:334)
[2026-06-17T00:47:36.743+0000] {subprocess.py:93} INFO - 	at org.apache.hadoop.mapreduce.lib.output.FileOutputCommitter.commitJobInternal(FileOutputCommitter.java:404)
[2026-06-17T00:47:36.745+0000] {subprocess.py:93} INFO - 	at org.apache.hadoop.mapreduce.lib.output.FileOutputCommitter.commitJob(FileOutputCommitter.java:377)
[2026-06-17T00:47:36.747+0000] {subprocess.py:93} INFO - 	at org.apache.parquet.hadoop.ParquetOutputCommitter.commitJob(ParquetOutputCommitter.java:48)
[2026-06-17T00:47:36.748+0000] {subprocess.py:93} INFO - 	at org.apache.spark.internal.io.HadoopMapReduceCommitProtocol.commitJob(HadoopMapReduceCommitProtocol.scala:192)
[2026-06-17T00:47:36.750+0000] {subprocess.py:93} INFO - 	at org.apache.spark.sql.execution.datasources.FileFormatWriter$.$anonfun$writeAndCommit$3(FileFormatWriter.scala:275)
[2026-06-17T00:47:36.751+0000] {subprocess.py:93} INFO - 	at scala.runtime.java8.JFunction0$mcV$sp.apply(JFunction0$mcV$sp.java:23)
[2026-06-17T00:47:36.752+0000] {subprocess.py:93} INFO - 	at org.apache.spark.util.Utils$.timeTakenMs(Utils.scala:552)
[2026-06-17T00:47:36.754+0000] {subprocess.py:93} INFO - 	at org.apache.spark.sql.execution.datasources.FileFormatWriter$.writeAndCommit(FileFormatWriter.scala:275)
[2026-06-17T00:47:36.755+0000] {subprocess.py:93} INFO - 	at org.apache.spark.sql.execution.datasources.FileFormatWriter$.executeWrite(FileFormatWriter.scala:304)
[2026-06-17T00:47:36.756+0000] {subprocess.py:93} INFO - 	at org.apache.spark.sql.execution.datasources.FileFormatWriter$.write(FileFormatWriter.scala:190)
[2026-06-17T00:47:36.757+0000] {subprocess.py:93} INFO - 	at org.apache.spark.sql.execution.datasources.InsertIntoHadoopFsRelationCommand.run(InsertIntoHadoopFsRelationCommand.scala:190)
[2026-06-17T00:47:36.758+0000] {subprocess.py:93} INFO - 	at org.apache.spark.sql.execution.command.DataWritingCommandExec.sideEffectResult$lzycompute(commands.scala:113)
[2026-06-17T00:47:36.760+0000] {subprocess.py:93} INFO - 	at org.apache.spark.sql.execution.command.DataWritingCommandExec.sideEffectResult(commands.scala:111)
[2026-06-17T00:47:36.762+0000] {subprocess.py:93} INFO - 	at org.apache.spark.sql.execution.command.DataWritingCommandExec.executeCollect(commands.scala:125)
[2026-06-17T00:47:36.765+0000] {subprocess.py:93} INFO - 	at org.apache.spark.sql.execution.QueryExecution$$anonfun$eagerlyExecuteCommands$1.$anonfun$applyOrElse$1(QueryExecution.scala:107)
[2026-06-17T00:47:36.767+0000] {subprocess.py:93} INFO - 	at org.apache.spark.sql.execution.SQLExecution$.$anonfun$withNewExecutionId$6(SQLExecution.scala:125)
[2026-06-17T00:47:36.768+0000] {subprocess.py:93} INFO - 	at org.apache.spark.sql.execution.SQLExecution$.withSQLConfPropagated(SQLExecution.scala:201)
[2026-06-17T00:47:36.770+0000] {subprocess.py:93} INFO - 	at org.apache.spark.sql.execution.SQLExecution$.$anonfun$withNewExecutionId$1(SQLExecution.scala:108)
[2026-06-17T00:47:36.772+0000] {subprocess.py:93} INFO - 	at org.apache.spark.sql.SparkSession.withActive(SparkSession.scala:900)
[2026-06-17T00:47:36.773+0000] {subprocess.py:93} INFO - 	at org.apache.spark.sql.execution.SQLExecution$.withNewExecutionId(SQLExecution.scala:66)
[2026-06-17T00:47:36.774+0000] {subprocess.py:93} INFO - 	at org.apache.spark.sql.execution.QueryExecution$$anonfun$eagerlyExecuteCommands$1.applyOrElse(QueryExecution.scala:107)
[2026-06-17T00:47:36.776+0000] {subprocess.py:93} INFO - 	at org.apache.spark.sql.execution.QueryExecution$$anonfun$eagerlyExecuteCommands$1.applyOrElse(QueryExecution.scala:98)
[2026-06-17T00:47:36.777+0000] {subprocess.py:93} INFO - 	at org.apache.spark.sql.catalyst.trees.TreeNode.$anonfun$transformDownWithPruning$1(TreeNode.scala:461)
[2026-06-17T00:47:36.778+0000] {subprocess.py:93} INFO - 	at org.apache.spark.sql.catalyst.trees.CurrentOrigin$.withOrigin(origin.scala:76)
[2026-06-17T00:47:36.779+0000] {subprocess.py:93} INFO - 	at org.apache.spark.sql.catalyst.trees.TreeNode.transformDownWithPruning(TreeNode.scala:461)
[2026-06-17T00:47:36.782+0000] {subprocess.py:93} INFO - 	at org.apache.spark.sql.catalyst.plans.logical.LogicalPlan.org$apache$spark$sql$catalyst$plans$logical$AnalysisHelper$$super$transformDownWithPruning(LogicalPlan.scala:32)
[2026-06-17T00:47:36.784+0000] {subprocess.py:93} INFO - 	at org.apache.spark.sql.catalyst.plans.logical.AnalysisHelper.transformDownWithPruning(AnalysisHelper.scala:267)
[2026-06-17T00:47:36.785+0000] {subprocess.py:93} INFO - 	at org.apache.spark.sql.catalyst.plans.logical.AnalysisHelper.transformDownWithPruning$(AnalysisHelper.scala:263)
[2026-06-17T00:47:36.788+0000] {subprocess.py:93} INFO - 	at org.apache.spark.sql.catalyst.plans.logical.LogicalPlan.transformDownWithPruning(LogicalPlan.scala:32)
[2026-06-17T00:47:36.790+0000] {subprocess.py:93} INFO - 	at org.apache.spark.sql.catalyst.plans.logical.LogicalPlan.transformDownWithPruning(LogicalPlan.scala:32)
[2026-06-17T00:47:36.792+0000] {subprocess.py:93} INFO - 	at org.apache.spark.sql.catalyst.trees.TreeNode.transformDown(TreeNode.scala:437)
[2026-06-17T00:47:36.794+0000] {subprocess.py:93} INFO - 	at org.apache.spark.sql.execution.QueryExecution.eagerlyExecuteCommands(QueryExecution.scala:98)
[2026-06-17T00:47:36.796+0000] {subprocess.py:93} INFO - 	at org.apache.spark.sql.execution.QueryExecution.commandExecuted$lzycompute(QueryExecution.scala:85)
[2026-06-17T00:47:36.798+0000] {subprocess.py:93} INFO - 	at org.apache.spark.sql.execution.QueryExecution.commandExecuted(QueryExecution.scala:83)
[2026-06-17T00:47:36.799+0000] {subprocess.py:93} INFO - 	at org.apache.spark.sql.execution.QueryExecution.assertCommandExecuted(QueryExecution.scala:142)
[2026-06-17T00:47:36.800+0000] {subprocess.py:93} INFO - 	at org.apache.spark.sql.DataFrameWriter.runCommand(DataFrameWriter.scala:859)
[2026-06-17T00:47:36.801+0000] {subprocess.py:93} INFO - 	at org.apache.spark.sql.DataFrameWriter.saveToV1Source(DataFrameWriter.scala:388)
[2026-06-17T00:47:36.803+0000] {subprocess.py:93} INFO - 	at org.apache.spark.sql.DataFrameWriter.saveInternal(DataFrameWriter.scala:361)
[2026-06-17T00:47:36.806+0000] {subprocess.py:93} INFO - 	at org.apache.spark.sql.DataFrameWriter.save(DataFrameWriter.scala:240)
[2026-06-17T00:47:36.807+0000] {subprocess.py:93} INFO - 	at org.apache.spark.sql.DataFrameWriter.parquet(DataFrameWriter.scala:792)
[2026-06-17T00:47:36.807+0000] {subprocess.py:93} INFO - 	at java.base/jdk.internal.reflect.NativeMethodAccessorImpl.invoke0(Native Method)
[2026-06-17T00:47:36.808+0000] {subprocess.py:93} INFO - 	at java.base/jdk.internal.reflect.NativeMethodAccessorImpl.invoke(NativeMethodAccessorImpl.java:77)
[2026-06-17T00:47:36.809+0000] {subprocess.py:93} INFO - 	at java.base/jdk.internal.reflect.DelegatingMethodAccessorImpl.invoke(DelegatingMethodAccessorImpl.java:43)
[2026-06-17T00:47:36.810+0000] {subprocess.py:93} INFO - 	at java.base/java.lang.reflect.Method.invoke(Method.java:569)
[2026-06-17T00:47:36.811+0000] {subprocess.py:93} INFO - 	at py4j.reflection.MethodInvoker.invoke(MethodInvoker.java:244)
[2026-06-17T00:47:36.811+0000] {subprocess.py:93} INFO - 	at py4j.reflection.ReflectionEngine.invoke(ReflectionEngine.java:374)
[2026-06-17T00:47:36.812+0000] {subprocess.py:93} INFO - 	at py4j.Gateway.invoke(Gateway.java:282)
[2026-06-17T00:47:36.812+0000] {subprocess.py:93} INFO - 	at py4j.commands.AbstractCommand.invokeMethod(AbstractCommand.java:132)
[2026-06-17T00:47:36.813+0000] {subprocess.py:93} INFO - 	at py4j.commands.CallCommand.execute(CallCommand.java:79)
[2026-06-17T00:47:36.814+0000] {subprocess.py:93} INFO - 	at py4j.ClientServerConnection.waitForCommands(ClientServerConnection.java:182)
[2026-06-17T00:47:36.815+0000] {subprocess.py:93} INFO - 	at py4j.ClientServerConnection.run(ClientServerConnection.java:106)
[2026-06-17T00:47:36.816+0000] {subprocess.py:93} INFO - 	at java.base/java.lang.Thread.run(Thread.java:840)
[2026-06-17T00:47:36.818+0000] {subprocess.py:93} INFO - 
[2026-06-17T00:47:37.206+0000] {subprocess.py:97} INFO - Command exited with return code 1
[2026-06-17T00:47:37.208+0000] {taskinstance.py:441} INFO - ::group::Post task execution logs
[2026-06-17T00:47:37.230+0000] {taskinstance.py:2905} ERROR - Task failed with exception
Traceback (most recent call last):
  File "/home/airflow/.local/lib/python3.12/site-packages/airflow/models/taskinstance.py", line 465, in _execute_task
    result = _execute_callable(context=context, **execute_callable_kwargs)
             ^^^^^^^^^^^^^^^^^^^^^^^^^^^^^^^^^^^^^^^^^^^^^^^^^^^^^^^^^^^^^
  File "/home/airflow/.local/lib/python3.12/site-packages/airflow/models/taskinstance.py", line 432, in _execute_callable
    return execute_callable(context=context, **execute_callable_kwargs)
           ^^^^^^^^^^^^^^^^^^^^^^^^^^^^^^^^^^^^^^^^^^^^^^^^^^^^^^^^^^^^
  File "/home/airflow/.local/lib/python3.12/site-packages/airflow/models/baseoperator.py", line 401, in wrapper
    return func(self, *args, **kwargs)
           ^^^^^^^^^^^^^^^^^^^^^^^^^^^
  File "/home/airflow/.local/lib/python3.12/site-packages/airflow/operators/bash.py", line 243, in execute
    raise AirflowException(
airflow.exceptions.AirflowException: Bash command failed. The command returned a non-zero exit code 1.
[2026-06-17T00:47:37.237+0000] {taskinstance.py:1206} INFO - Marking task as UP_FOR_RETRY. dag_id=credit_default_ml_pipeline, task_id=feature_pipeline.feature_silver_lms, run_id=scheduled__2023-07-01T00:00:00+00:00, execution_date=20230701T000000, start_date=20260617T004726, end_date=20260617T004737
[2026-06-17T00:47:37.283+0000] {standard_task_runner.py:110} ERROR - Failed to execute job 517 for task feature_pipeline.feature_silver_lms (Bash command failed. The command returned a non-zero exit code 1.; 59417)
[2026-06-17T00:47:37.329+0000] {local_task_job_runner.py:243} INFO - Task exited with return code 1
[2026-06-17T00:47:37.354+0000] {taskinstance.py:3503} INFO - 0 downstream tasks scheduled from follow-on schedule check
[2026-06-17T00:47:37.356+0000] {local_task_job_runner.py:222} INFO - ::endgroup::
