[2026-06-17T16:51:36.147+0000] {local_task_job_runner.py:120} INFO - ::group::Pre task execution logs
[2026-06-17T16:51:36.163+0000] {taskinstance.py:2076} INFO - Dependencies all met for dep_context=non-requeueable deps ti=<TaskInstance: credit_default_ml_pipeline.monitoring.challenger_monitor manual__2024-09-01T00:00:00+00:00 [queued]>
[2026-06-17T16:51:36.170+0000] {taskinstance.py:2076} INFO - Dependencies all met for dep_context=requeueable deps ti=<TaskInstance: credit_default_ml_pipeline.monitoring.challenger_monitor manual__2024-09-01T00:00:00+00:00 [queued]>
[2026-06-17T16:51:36.172+0000] {taskinstance.py:2306} INFO - Starting attempt 1 of 2
[2026-06-17T16:51:36.180+0000] {taskinstance.py:2330} INFO - Executing <Task(BashOperator): monitoring.challenger_monitor> on 2024-09-01 00:00:00+00:00
[2026-06-17T16:51:36.185+0000] {standard_task_runner.py:90} INFO - Running: ['***', 'tasks', 'run', 'credit_default_ml_pipeline', 'monitoring.challenger_monitor', 'manual__2024-09-01T00:00:00+00:00', '--job-id', '837', '--raw', '--subdir', 'DAGS_FOLDER/dag.py', '--cfg-path', '/tmp/tmpo1fv_i1w']
[2026-06-17T16:51:36.188+0000] {standard_task_runner.py:91} INFO - Job 837: Subtask monitoring.challenger_monitor
[2026-06-17T16:51:36.188+0000] {logging_mixin.py:188} WARNING - /home/***/.local/lib/python3.12/site-packages/***/task/task_runner/standard_task_runner.py:62 DeprecationWarning: This process (pid=6785) is multi-threaded, use of fork() may lead to deadlocks in the child.
[2026-06-17T16:51:36.189+0000] {standard_task_runner.py:64} INFO - Started process 6806 to run task
[2026-06-17T16:51:36.212+0000] {task_command.py:426} INFO - Running <TaskInstance: credit_default_ml_pipeline.monitoring.challenger_monitor manual__2024-09-01T00:00:00+00:00 [running]> on host bfbc24b887a5
[2026-06-17T16:51:36.357+0000] {taskinstance.py:2648} INFO - Exporting env vars: AIRFLOW_CTX_DAG_OWNER='***' AIRFLOW_CTX_DAG_ID='credit_default_ml_pipeline' AIRFLOW_CTX_TASK_ID='monitoring.challenger_monitor' AIRFLOW_CTX_EXECUTION_DATE='2024-09-01T00:00:00+00:00' AIRFLOW_CTX_TRY_NUMBER='1' AIRFLOW_CTX_DAG_RUN_ID='manual__2024-09-01T00:00:00+00:00'
[2026-06-17T16:51:36.358+0000] {taskinstance.py:430} INFO - ::endgroup::
[2026-06-17T16:51:36.362+0000] {subprocess.py:63} INFO - Tmp dir root location: /tmp
[2026-06-17T16:51:36.363+0000] {subprocess.py:75} INFO - Running command: ['/usr/bin/bash', '-c', 'cd /opt/***/scripts && python3 model_monitor.py --snapshotdate "2024-09-01" --modelname "credit_logreg_2024_09_01.pkl"']
[2026-06-17T16:51:36.369+0000] {subprocess.py:86} INFO - Output:
[2026-06-17T16:51:37.999+0000] {subprocess.py:93} INFO - 
[2026-06-17T16:51:38.000+0000] {subprocess.py:93} INFO - --- monitoring credit_logreg_2024_09_01.pkl ---
[2026-06-17T16:51:38.001+0000] {subprocess.py:93} INFO - 
[2026-06-17T16:51:38.002+0000] {subprocess.py:93} INFO - OOT1 baseline AUC for credit_logreg_2024_09_01: 0.8711581528244334
[2026-06-17T16:51:38.003+0000] {subprocess.py:93} INFO - [csi] scoping to top 15 features: ['fe_5', 'fe_10', 'fe_4', 'loans_per_credit_card', 'payment_stress', 'fe_9', 'Interest_Rate', 'Changed_Credit_Limit', 'Delay_from_due_date', 'fe_8', 'Monthly_Balance', 'fe_3', 'Monthly_Inhand_Salary', 'Outstanding_Debt', 'fe_7']
[2026-06-17T16:51:38.004+0000] {subprocess.py:93} INFO - 
[2026-06-17T16:51:38.004+0000] {subprocess.py:93} INFO - snapshot_date  n_scored  mean_score    psi  auc  gini  auc_drop_from_oot1  csi_max csi_max_feature  csi_fe_5  csi_fe_10  csi_fe_4  csi_loans_per_credit_card  csi_payment_stress  csi_fe_9  csi_Interest_Rate  csi_Changed_Credit_Limit  csi_Delay_from_due_date  csi_fe_8  csi_Monthly_Balance  csi_fe_3  csi_Monthly_Inhand_Salary  csi_Outstanding_Debt  csi_fe_7
[2026-06-17T16:51:38.005+0000] {subprocess.py:93} INFO -    2024-09-01       493      0.4253 0.0000  NaN   NaN                 NaN   0.0000            fe_5       0.0        0.0       0.0                     0.0000              0.0000       0.0             0.0000                    0.0000                   0.0000       0.0               0.0000       0.0                     0.0000                0.0000       0.0
[2026-06-17T16:51:38.006+0000] {subprocess.py:93} INFO -    2024-10-01       456      0.4064 0.0284  NaN   NaN                 NaN   0.0961  payment_stress       0.0        0.0       0.0                     0.0408              0.0961       0.0             0.0554                    0.0319                   0.0492       0.0               0.0482       0.0                     0.0244                0.0556       0.0
[2026-06-17T16:51:38.006+0000] {subprocess.py:93} INFO -    2024-11-01       488      0.4294 0.0431  NaN   NaN                 NaN   0.0748   Interest_Rate       0.0        0.0       0.0                     0.0380              0.0240       0.0             0.0748                    0.0294                   0.0202       0.0               0.0271       0.0                     0.0196                0.0544       0.0
[2026-06-17T16:51:38.007+0000] {subprocess.py:93} INFO -    2024-12-01       515      0.3816 0.1138  NaN   NaN                 NaN   0.1102   Interest_Rate       0.0        0.0       0.0                     0.0258              0.0392       0.0             0.1102                    0.0468                   0.0650       0.0               0.0490       0.0                     0.0453                0.0528       0.0
[2026-06-17T16:51:38.008+0000] {subprocess.py:93} INFO - saved monitoring table: datamart/gold/model_monitoring/credit_logreg_2024_09_01/credit_logreg_2024_09_01_monitoring.parquet
[2026-06-17T16:51:38.008+0000] {subprocess.py:93} INFO - saved plots: datamart/gold/monitoring_plots/credit_logreg_2024_09_01/psi_stability.png, datamart/gold/monitoring_plots/credit_logreg_2024_09_01/csi_stability.png, datamart/gold/monitoring_plots/credit_logreg_2024_09_01/csi_breakdown_all_features.png, datamart/gold/monitoring_plots/credit_logreg_2024_09_01/auc_gini_performance.png
[2026-06-17T16:51:38.009+0000] {subprocess.py:93} INFO - 
[2026-06-17T16:51:38.011+0000] {subprocess.py:93} INFO - --- done ---
[2026-06-17T16:51:38.012+0000] {subprocess.py:93} INFO - 
[2026-06-17T16:51:38.167+0000] {subprocess.py:97} INFO - Command exited with return code 0
[2026-06-17T16:51:38.168+0000] {taskinstance.py:441} INFO - ::group::Post task execution logs
[2026-06-17T16:51:38.181+0000] {taskinstance.py:1206} INFO - Marking task as SUCCESS. dag_id=credit_default_ml_pipeline, task_id=monitoring.challenger_monitor, run_id=manual__2024-09-01T00:00:00+00:00, execution_date=20240901T000000, start_date=20260617T165136, end_date=20260617T165138
[2026-06-17T16:51:38.193+0000] {local_task_job_runner.py:243} INFO - Task exited with return code 0
[2026-06-17T16:51:38.203+0000] {taskinstance.py:3503} INFO - 0 downstream tasks scheduled from follow-on schedule check
[2026-06-17T16:51:38.204+0000] {local_task_job_runner.py:222} INFO - ::endgroup::
