[2026-06-18T04:29:39.424+0000] {local_task_job_runner.py:120} INFO - ::group::Pre task execution logs
[2026-06-18T04:29:39.437+0000] {taskinstance.py:2076} INFO - Dependencies all met for dep_context=non-requeueable deps ti=<TaskInstance: credit_default_ml_pipeline.monitoring.challenger_monitor scheduled__2024-07-01T00:00:00+00:00 [queued]>
[2026-06-18T04:29:39.442+0000] {taskinstance.py:2076} INFO - Dependencies all met for dep_context=requeueable deps ti=<TaskInstance: credit_default_ml_pipeline.monitoring.challenger_monitor scheduled__2024-07-01T00:00:00+00:00 [queued]>
[2026-06-18T04:29:39.443+0000] {taskinstance.py:2306} INFO - Starting attempt 2 of 3
[2026-06-18T04:29:39.449+0000] {taskinstance.py:2330} INFO - Executing <Task(BashOperator): monitoring.challenger_monitor> on 2024-07-01 00:00:00+00:00
[2026-06-18T04:29:39.453+0000] {logging_mixin.py:188} WARNING - /home/***/.local/lib/python3.12/site-packages/***/task/task_runner/standard_task_runner.py:62 DeprecationWarning: This process (pid=85413) is multi-threaded, use of fork() may lead to deadlocks in the child.
[2026-06-18T04:29:39.454+0000] {standard_task_runner.py:64} INFO - Started process 85419 to run task
[2026-06-18T04:29:39.454+0000] {standard_task_runner.py:90} INFO - Running: ['***', 'tasks', 'run', 'credit_default_ml_pipeline', 'monitoring.challenger_monitor', 'scheduled__2024-07-01T00:00:00+00:00', '--job-id', '1246', '--raw', '--subdir', 'DAGS_FOLDER/dag.py', '--cfg-path', '/tmp/tmpi6v5m3qc']
[2026-06-18T04:29:39.456+0000] {standard_task_runner.py:91} INFO - Job 1246: Subtask monitoring.challenger_monitor
[2026-06-18T04:29:39.482+0000] {task_command.py:426} INFO - Running <TaskInstance: credit_default_ml_pipeline.monitoring.challenger_monitor scheduled__2024-07-01T00:00:00+00:00 [running]> on host bfbc24b887a5
[2026-06-18T04:29:39.618+0000] {taskinstance.py:2648} INFO - Exporting env vars: AIRFLOW_CTX_DAG_OWNER='***' AIRFLOW_CTX_DAG_ID='credit_default_ml_pipeline' AIRFLOW_CTX_TASK_ID='monitoring.challenger_monitor' AIRFLOW_CTX_EXECUTION_DATE='2024-07-01T00:00:00+00:00' AIRFLOW_CTX_TRY_NUMBER='2' AIRFLOW_CTX_DAG_RUN_ID='scheduled__2024-07-01T00:00:00+00:00'
[2026-06-18T04:29:39.619+0000] {taskinstance.py:430} INFO - ::endgroup::
[2026-06-18T04:29:39.624+0000] {subprocess.py:63} INFO - Tmp dir root location: /tmp
[2026-06-18T04:29:39.625+0000] {subprocess.py:75} INFO - Running command: ['/usr/bin/bash', '-c', 'cd /opt/***/scripts && python3 model_monitor.py --snapshotdate "2024-07-01" --modelname "credit_logreg_2024_09_01.pkl"']
[2026-06-18T04:29:39.631+0000] {subprocess.py:86} INFO - Output:
[2026-06-18T04:29:40.734+0000] {subprocess.py:93} INFO - 
[2026-06-18T04:29:40.735+0000] {subprocess.py:93} INFO - --- monitoring credit_logreg_2024_09_01.pkl ---
[2026-06-18T04:29:40.735+0000] {subprocess.py:93} INFO - 
[2026-06-18T04:29:40.736+0000] {subprocess.py:93} INFO - model credit_logreg_2024_09_01.pkl not in bank yet; skipping monitoring.
[2026-06-18T04:29:40.926+0000] {subprocess.py:97} INFO - Command exited with return code 0
[2026-06-18T04:29:40.927+0000] {taskinstance.py:441} INFO - ::group::Post task execution logs
[2026-06-18T04:29:40.944+0000] {taskinstance.py:1206} INFO - Marking task as SUCCESS. dag_id=credit_default_ml_pipeline, task_id=monitoring.challenger_monitor, run_id=scheduled__2024-07-01T00:00:00+00:00, execution_date=20240701T000000, start_date=20260618T042939, end_date=20260618T042940
[2026-06-18T04:29:40.998+0000] {local_task_job_runner.py:243} INFO - Task exited with return code 0
[2026-06-18T04:29:41.012+0000] {taskinstance.py:3503} INFO - 0 downstream tasks scheduled from follow-on schedule check
[2026-06-18T04:29:41.014+0000] {local_task_job_runner.py:222} INFO - ::endgroup::
