[2026-06-17T01:21:20.645+0000] {local_task_job_runner.py:120} INFO - ::group::Pre task execution logs
[2026-06-17T01:21:20.661+0000] {taskinstance.py:2076} INFO - Dependencies all met for dep_context=non-requeueable deps ti=<TaskInstance: credit_default_ml_pipeline.feature_pipeline.gold_feature_store scheduled__2024-07-01T00:00:00+00:00 [queued]>
[2026-06-17T01:21:20.665+0000] {taskinstance.py:2076} INFO - Dependencies all met for dep_context=requeueable deps ti=<TaskInstance: credit_default_ml_pipeline.feature_pipeline.gold_feature_store scheduled__2024-07-01T00:00:00+00:00 [queued]>
[2026-06-17T01:21:20.666+0000] {taskinstance.py:2306} INFO - Starting attempt 2 of 3
[2026-06-17T01:21:20.670+0000] {taskinstance.py:2330} INFO - Executing <Task(BashOperator): feature_pipeline.gold_feature_store> on 2024-07-01 00:00:00+00:00
[2026-06-17T01:21:20.676+0000] {logging_mixin.py:188} WARNING - /home/***/.local/lib/python3.12/site-packages/***/task/task_runner/standard_task_runner.py:62 DeprecationWarning: This process (pid=99442) is multi-threaded, use of fork() may lead to deadlocks in the child.
[2026-06-17T01:21:20.676+0000] {standard_task_runner.py:90} INFO - Running: ['***', 'tasks', 'run', 'credit_default_ml_pipeline', 'feature_pipeline.gold_feature_store', 'scheduled__2024-07-01T00:00:00+00:00', '--job-id', '726', '--raw', '--subdir', 'DAGS_FOLDER/dag.py', '--cfg-path', '/tmp/tmphu2z88a7']
[2026-06-17T01:21:20.677+0000] {standard_task_runner.py:64} INFO - Started process 99443 to run task
[2026-06-17T01:21:20.679+0000] {standard_task_runner.py:91} INFO - Job 726: Subtask feature_pipeline.gold_feature_store
[2026-06-17T01:21:20.699+0000] {task_command.py:426} INFO - Running <TaskInstance: credit_default_ml_pipeline.feature_pipeline.gold_feature_store scheduled__2024-07-01T00:00:00+00:00 [running]> on host 2b9b50b7433d
[2026-06-17T01:21:20.731+0000] {taskinstance.py:2648} INFO - Exporting env vars: AIRFLOW_CTX_DAG_OWNER='***' AIRFLOW_CTX_DAG_ID='credit_default_ml_pipeline' AIRFLOW_CTX_TASK_ID='feature_pipeline.gold_feature_store' AIRFLOW_CTX_EXECUTION_DATE='2024-07-01T00:00:00+00:00' AIRFLOW_CTX_TRY_NUMBER='2' AIRFLOW_CTX_DAG_RUN_ID='scheduled__2024-07-01T00:00:00+00:00'
[2026-06-17T01:21:20.731+0000] {taskinstance.py:430} INFO - ::endgroup::
[2026-06-17T01:21:20.736+0000] {subprocess.py:63} INFO - Tmp dir root location: /tmp
[2026-06-17T01:21:20.737+0000] {subprocess.py:75} INFO - Running command: ['/usr/bin/bash', '-c', 'cd /opt/***/scripts && python3 gold_feature_store.py --snapshotdate "2024-07-01"']
[2026-06-17T01:21:20.740+0000] {subprocess.py:86} INFO - Output:
[2026-06-17T01:21:21.773+0000] {subprocess.py:93} INFO - Setting default log level to "WARN".
[2026-06-17T01:21:21.774+0000] {subprocess.py:93} INFO - To adjust logging level use sc.setLogLevel(newLevel). For SparkR, use setLogLevel(newLevel).
[2026-06-17T01:21:21.915+0000] {subprocess.py:93} INFO - 26/06/17 01:21:21 WARN NativeCodeLoader: Unable to load native-hadoop library for your platform... using builtin-java classes where applicable
[2026-06-17T01:21:36.437+0000] {subprocess.py:93} INFO - [Stage 11:>                                                         (0 + 8) / 8]                                                                                [Stage 63:>                                                         (0 + 1) / 1]
[2026-06-17T01:21:36.569+0000] {subprocess.py:93} INFO - --- gold feature 2024-07-01 ---
[2026-06-17T01:21:36.572+0000] {subprocess.py:93} INFO - 
[2026-06-17T01:21:36.573+0000] {subprocess.py:93} INFO - [gold:feature] 2024-07-01 applications (mob=0): 505
[2026-06-17T01:21:36.574+0000] {subprocess.py:93} INFO - [gold:feature] saved to: datamart/gold/feature_store/gold_feature_store_2024_07_01.parquet (505 rows, 86 cols)
[2026-06-17T01:21:36.575+0000] {subprocess.py:93} INFO - 
[2026-06-17T01:21:36.577+0000] {subprocess.py:93} INFO - --- done ---
[2026-06-17T01:21:36.579+0000] {subprocess.py:93} INFO - 
[2026-06-17T01:21:37.225+0000] {subprocess.py:97} INFO - Command exited with return code 0
[2026-06-17T01:21:37.229+0000] {taskinstance.py:441} INFO - ::group::Post task execution logs
[2026-06-17T01:21:37.262+0000] {taskinstance.py:1206} INFO - Marking task as SUCCESS. dag_id=credit_default_ml_pipeline, task_id=feature_pipeline.gold_feature_store, run_id=scheduled__2024-07-01T00:00:00+00:00, execution_date=20240701T000000, start_date=20260617T012120, end_date=20260617T012137
[2026-06-17T01:21:37.291+0000] {local_task_job_runner.py:243} INFO - Task exited with return code 0
[2026-06-17T01:21:37.312+0000] {taskinstance.py:3503} INFO - 0 downstream tasks scheduled from follow-on schedule check
[2026-06-17T01:21:37.313+0000] {local_task_job_runner.py:222} INFO - ::endgroup::
