[2026-06-19T10:31:46.040+0000] {local_task_job_runner.py:120} INFO - ::group::Pre task execution logs
[2026-06-19T10:31:46.051+0000] {taskinstance.py:2076} INFO - Dependencies all met for dep_context=non-requeueable deps ti=<TaskInstance: credit_default_ml_pipeline.monitoring.evidently_drift_report scheduled__2023-01-01T00:00:00+00:00 [queued]>
[2026-06-19T10:31:46.055+0000] {taskinstance.py:2076} INFO - Dependencies all met for dep_context=requeueable deps ti=<TaskInstance: credit_default_ml_pipeline.monitoring.evidently_drift_report scheduled__2023-01-01T00:00:00+00:00 [queued]>
[2026-06-19T10:31:46.055+0000] {taskinstance.py:2306} INFO - Starting attempt 3 of 4
[2026-06-19T10:31:46.061+0000] {taskinstance.py:2330} INFO - Executing <Task(BashOperator): monitoring.evidently_drift_report> on 2023-01-01 00:00:00+00:00
[2026-06-19T10:31:46.064+0000] {logging_mixin.py:188} WARNING - /home/***/.local/lib/python3.12/site-packages/***/task/task_runner/standard_task_runner.py:62 DeprecationWarning: This process (pid=2435) is multi-threaded, use of fork() may lead to deadlocks in the child.
[2026-06-19T10:31:46.065+0000] {standard_task_runner.py:64} INFO - Started process 2440 to run task
[2026-06-19T10:31:46.064+0000] {standard_task_runner.py:90} INFO - Running: ['***', 'tasks', 'run', 'credit_default_ml_pipeline', 'monitoring.evidently_drift_report', 'scheduled__2023-01-01T00:00:00+00:00', '--job-id', '1356', '--raw', '--subdir', 'DAGS_FOLDER/dag.py', '--cfg-path', '/tmp/tmpjabx4l33']
[2026-06-19T10:31:46.066+0000] {standard_task_runner.py:91} INFO - Job 1356: Subtask monitoring.evidently_drift_report
[2026-06-19T10:31:46.187+0000] {task_command.py:426} INFO - Running <TaskInstance: credit_default_ml_pipeline.monitoring.evidently_drift_report scheduled__2023-01-01T00:00:00+00:00 [running]> on host 9cf341f51c89
[2026-06-19T10:31:46.217+0000] {taskinstance.py:2648} INFO - Exporting env vars: AIRFLOW_CTX_DAG_OWNER='***' AIRFLOW_CTX_DAG_ID='credit_default_ml_pipeline' AIRFLOW_CTX_TASK_ID='monitoring.evidently_drift_report' AIRFLOW_CTX_EXECUTION_DATE='2023-01-01T00:00:00+00:00' AIRFLOW_CTX_TRY_NUMBER='3' AIRFLOW_CTX_DAG_RUN_ID='scheduled__2023-01-01T00:00:00+00:00'
[2026-06-19T10:31:46.219+0000] {taskinstance.py:430} INFO - ::endgroup::
[2026-06-19T10:31:46.224+0000] {subprocess.py:63} INFO - Tmp dir root location: /tmp
[2026-06-19T10:31:46.225+0000] {subprocess.py:75} INFO - Running command: ['/usr/bin/bash', '-c', 'cd /opt/***/scripts && CHAMP=$(cat model_bank/champion.txt | tr -d \'\\n\') && python3 evidently_drift_report.py --baseline "2024-09-01" --current "2023-01-01" --modelname "$CHAMP"']
[2026-06-19T10:31:46.229+0000] {subprocess.py:86} INFO - Output:
[2026-06-19T10:31:48.733+0000] {subprocess.py:93} INFO - 
[2026-06-19T10:31:48.734+0000] {subprocess.py:93} INFO - --- Evidently drift report: current=2023-01-01, model=credit_xgb_2024_11_01.pkl ---
[2026-06-19T10:31:48.734+0000] {subprocess.py:93} INFO - 
[2026-06-19T10:31:48.734+0000] {subprocess.py:93} INFO - Traceback (most recent call last):
[2026-06-19T10:31:48.735+0000] {subprocess.py:93} INFO -   File "/opt/***/scripts/evidently_drift_report.py", line 374, in <module>
[2026-06-19T10:31:48.735+0000] {subprocess.py:93} INFO -     main(a.baseline, a.current, a.modelname)
[2026-06-19T10:31:48.738+0000] {subprocess.py:93} INFO -   File "/opt/***/scripts/evidently_drift_report.py", line 322, in main
[2026-06-19T10:31:48.741+0000] {subprocess.py:93} INFO -     psi_baseline_preds = _load_scores(model_tag, psi_baseline_date)
[2026-06-19T10:31:48.743+0000] {subprocess.py:93} INFO -                          ^^^^^^^^^^^^^^^^^^^^^^^^^^^^^^^^^^^^^^^^^^
[2026-06-19T10:31:48.744+0000] {subprocess.py:93} INFO -   File "/opt/***/scripts/evidently_drift_report.py", line 128, in _load_scores
[2026-06-19T10:31:48.744+0000] {subprocess.py:93} INFO -     raise FileNotFoundError(f"no predictions found for {model_tag} at {date_str}")
[2026-06-19T10:31:48.744+0000] {subprocess.py:93} INFO - FileNotFoundError: no predictions found for credit_xgb_2024_11_01 at 2024-09-01
[2026-06-19T10:31:49.070+0000] {subprocess.py:97} INFO - Command exited with return code 1
[2026-06-19T10:31:49.072+0000] {taskinstance.py:441} INFO - ::group::Post task execution logs
[2026-06-19T10:31:49.077+0000] {taskinstance.py:2905} ERROR - Task failed with exception
Traceback (most recent call last):
  File "/home/airflow/.local/lib/python3.12/site-packages/airflow/models/taskinstance.py", line 465, in _execute_task
    result = _execute_callable(context=context, **execute_callable_kwargs)
             ^^^^^^^^^^^^^^^^^^^^^^^^^^^^^^^^^^^^^^^^^^^^^^^^^^^^^^^^^^^^^
  File "/home/airflow/.local/lib/python3.12/site-packages/airflow/models/taskinstance.py", line 432, in _execute_callable
    return execute_callable(context=context, **execute_callable_kwargs)
           ^^^^^^^^^^^^^^^^^^^^^^^^^^^^^^^^^^^^^^^^^^^^^^^^^^^^^^^^^^^^
  File "/home/airflow/.local/lib/python3.12/site-packages/airflow/models/baseoperator.py", line 401, in wrapper
    return func(self, *args, **kwargs)
           ^^^^^^^^^^^^^^^^^^^^^^^^^^^
  File "/home/airflow/.local/lib/python3.12/site-packages/airflow/operators/bash.py", line 243, in execute
    raise AirflowException(
airflow.exceptions.AirflowException: Bash command failed. The command returned a non-zero exit code 1.
[2026-06-19T10:31:49.079+0000] {taskinstance.py:1206} INFO - Marking task as UP_FOR_RETRY. dag_id=credit_default_ml_pipeline, task_id=monitoring.evidently_drift_report, run_id=scheduled__2023-01-01T00:00:00+00:00, execution_date=20230101T000000, start_date=20260619T103146, end_date=20260619T103149
[2026-06-19T10:31:49.084+0000] {standard_task_runner.py:110} ERROR - Failed to execute job 1356 for task monitoring.evidently_drift_report (Bash command failed. The command returned a non-zero exit code 1.; 2440)
[2026-06-19T10:31:49.107+0000] {local_task_job_runner.py:243} INFO - Task exited with return code 1
[2026-06-19T10:31:49.186+0000] {taskinstance.py:3503} INFO - 0 downstream tasks scheduled from follow-on schedule check
[2026-06-19T10:31:49.187+0000] {local_task_job_runner.py:222} INFO - ::endgroup::
