[2026-06-20T05:42:27.533+0000] {local_task_job_runner.py:120} INFO - ::group::Pre task execution logs
[2026-06-20T05:42:27.546+0000] {taskinstance.py:2076} INFO - Dependencies all met for dep_context=non-requeueable deps ti=<TaskInstance: credit_default_ml_pipeline.monitoring.xgb_monitor scheduled__2023-03-01T00:00:00+00:00 [queued]>
[2026-06-20T05:42:27.550+0000] {taskinstance.py:2076} INFO - Dependencies all met for dep_context=requeueable deps ti=<TaskInstance: credit_default_ml_pipeline.monitoring.xgb_monitor scheduled__2023-03-01T00:00:00+00:00 [queued]>
[2026-06-20T05:42:27.551+0000] {taskinstance.py:2306} INFO - Starting attempt 1 of 2
[2026-06-20T05:42:27.643+0000] {taskinstance.py:2330} INFO - Executing <Task(BashOperator): monitoring.xgb_monitor> on 2023-03-01 00:00:00+00:00
[2026-06-20T05:42:27.647+0000] {logging_mixin.py:188} WARNING - /home/***/.local/lib/python3.12/site-packages/***/task/task_runner/standard_task_runner.py:62 DeprecationWarning: This process (pid=20068) is multi-threaded, use of fork() may lead to deadlocks in the child.
[2026-06-20T05:42:27.648+0000] {standard_task_runner.py:90} INFO - Running: ['***', 'tasks', 'run', 'credit_default_ml_pipeline', 'monitoring.xgb_monitor', 'scheduled__2023-03-01T00:00:00+00:00', '--job-id', '1494', '--raw', '--subdir', 'DAGS_FOLDER/dag.py', '--cfg-path', '/tmp/tmpp5zdvou0']
[2026-06-20T05:42:27.649+0000] {standard_task_runner.py:64} INFO - Started process 20074 to run task
[2026-06-20T05:42:27.649+0000] {standard_task_runner.py:91} INFO - Job 1494: Subtask monitoring.xgb_monitor
[2026-06-20T05:42:27.672+0000] {task_command.py:426} INFO - Running <TaskInstance: credit_default_ml_pipeline.monitoring.xgb_monitor scheduled__2023-03-01T00:00:00+00:00 [running]> on host 9cf341f51c89
[2026-06-20T05:42:27.701+0000] {taskinstance.py:2648} INFO - Exporting env vars: AIRFLOW_CTX_DAG_OWNER='***' AIRFLOW_CTX_DAG_ID='credit_default_ml_pipeline' AIRFLOW_CTX_TASK_ID='monitoring.xgb_monitor' AIRFLOW_CTX_EXECUTION_DATE='2023-03-01T00:00:00+00:00' AIRFLOW_CTX_TRY_NUMBER='1' AIRFLOW_CTX_DAG_RUN_ID='scheduled__2023-03-01T00:00:00+00:00'
[2026-06-20T05:42:27.702+0000] {taskinstance.py:430} INFO - ::endgroup::
[2026-06-20T05:42:27.707+0000] {subprocess.py:63} INFO - Tmp dir root location: /tmp
[2026-06-20T05:42:27.708+0000] {subprocess.py:75} INFO - Running command: ['/usr/bin/bash', '-c', 'cd /opt/***/scripts && if [ ! -f model_bank/champion.txt ]; then echo \'[SKIP] no champion.txt for 2023-03-01\'; exit 0; fi && CHAMP=$(cat model_bank/champion.txt | tr -d \'\\n\') && python3 model_monitor.py --snapshotdate "2023-03-01" --modelname "$CHAMP"']
[2026-06-20T05:42:27.712+0000] {subprocess.py:86} INFO - Output:
[2026-06-20T05:42:27.714+0000] {subprocess.py:93} INFO - [SKIP] no champion.txt for 2023-03-01
[2026-06-20T05:42:27.715+0000] {subprocess.py:97} INFO - Command exited with return code 0
[2026-06-20T05:42:27.715+0000] {taskinstance.py:441} INFO - ::group::Post task execution logs
[2026-06-20T05:42:27.726+0000] {taskinstance.py:1206} INFO - Marking task as SUCCESS. dag_id=credit_default_ml_pipeline, task_id=monitoring.xgb_monitor, run_id=scheduled__2023-03-01T00:00:00+00:00, execution_date=20230301T000000, start_date=20260620T054227, end_date=20260620T054227
[2026-06-20T05:42:27.749+0000] {local_task_job_runner.py:243} INFO - Task exited with return code 0
[2026-06-20T05:42:27.752+0000] {local_task_job_runner.py:222} INFO - ::endgroup::
[2026-06-20T06:49:06.743+0000] {local_task_job_runner.py:120} INFO - ::group::Pre task execution logs
[2026-06-20T06:49:06.765+0000] {taskinstance.py:2076} INFO - Dependencies all met for dep_context=non-requeueable deps ti=<TaskInstance: credit_default_ml_pipeline.monitoring.xgb_monitor scheduled__2023-03-01T00:00:00+00:00 [queued]>
[2026-06-20T06:49:06.770+0000] {taskinstance.py:2076} INFO - Dependencies all met for dep_context=requeueable deps ti=<TaskInstance: credit_default_ml_pipeline.monitoring.xgb_monitor scheduled__2023-03-01T00:00:00+00:00 [queued]>
[2026-06-20T06:49:06.771+0000] {taskinstance.py:2306} INFO - Starting attempt 1 of 2
[2026-06-20T06:49:06.859+0000] {taskinstance.py:2330} INFO - Executing <Task(BashOperator): monitoring.xgb_monitor> on 2023-03-01 00:00:00+00:00
[2026-06-20T06:49:06.863+0000] {logging_mixin.py:188} WARNING - /home/***/.local/lib/python3.12/site-packages/***/task/task_runner/standard_task_runner.py:62 DeprecationWarning: This process (pid=72772) is multi-threaded, use of fork() may lead to deadlocks in the child.
[2026-06-20T06:49:06.864+0000] {standard_task_runner.py:64} INFO - Started process 72778 to run task
[2026-06-20T06:49:06.864+0000] {standard_task_runner.py:90} INFO - Running: ['***', 'tasks', 'run', 'credit_default_ml_pipeline', 'monitoring.xgb_monitor', 'scheduled__2023-03-01T00:00:00+00:00', '--job-id', '1806', '--raw', '--subdir', 'DAGS_FOLDER/dag.py', '--cfg-path', '/tmp/tmpug7q_91b']
[2026-06-20T06:49:06.865+0000] {standard_task_runner.py:91} INFO - Job 1806: Subtask monitoring.xgb_monitor
[2026-06-20T06:49:06.887+0000] {task_command.py:426} INFO - Running <TaskInstance: credit_default_ml_pipeline.monitoring.xgb_monitor scheduled__2023-03-01T00:00:00+00:00 [running]> on host 9cf341f51c89
[2026-06-20T06:49:06.916+0000] {taskinstance.py:2648} INFO - Exporting env vars: AIRFLOW_CTX_DAG_OWNER='***' AIRFLOW_CTX_DAG_ID='credit_default_ml_pipeline' AIRFLOW_CTX_TASK_ID='monitoring.xgb_monitor' AIRFLOW_CTX_EXECUTION_DATE='2023-03-01T00:00:00+00:00' AIRFLOW_CTX_TRY_NUMBER='1' AIRFLOW_CTX_DAG_RUN_ID='scheduled__2023-03-01T00:00:00+00:00'
[2026-06-20T06:49:06.917+0000] {taskinstance.py:430} INFO - ::endgroup::
[2026-06-20T06:49:06.923+0000] {subprocess.py:63} INFO - Tmp dir root location: /tmp
[2026-06-20T06:49:06.923+0000] {subprocess.py:75} INFO - Running command: ['/usr/bin/bash', '-c', 'cd /opt/***/scripts && if [ ! -f model_bank/champion.txt ]; then echo \'[SKIP] no champion.txt for 2023-03-01\'; exit 0; fi && CHAMP=$(cat model_bank/champion.txt | tr -d \'\\n\') && python3 model_monitor.py --snapshotdate "2023-03-01" --modelname "$CHAMP"']
[2026-06-20T06:49:06.927+0000] {subprocess.py:86} INFO - Output:
[2026-06-20T06:49:06.928+0000] {subprocess.py:93} INFO - [SKIP] no champion.txt for 2023-03-01
[2026-06-20T06:49:06.929+0000] {subprocess.py:97} INFO - Command exited with return code 0
[2026-06-20T06:49:06.929+0000] {taskinstance.py:441} INFO - ::group::Post task execution logs
[2026-06-20T06:49:06.941+0000] {taskinstance.py:1206} INFO - Marking task as SUCCESS. dag_id=credit_default_ml_pipeline, task_id=monitoring.xgb_monitor, run_id=scheduled__2023-03-01T00:00:00+00:00, execution_date=20230301T000000, start_date=20260620T064906, end_date=20260620T064906
[2026-06-20T06:49:06.963+0000] {local_task_job_runner.py:243} INFO - Task exited with return code 0
[2026-06-20T06:49:06.972+0000] {taskinstance.py:3503} INFO - 0 downstream tasks scheduled from follow-on schedule check
[2026-06-20T06:49:06.973+0000] {local_task_job_runner.py:222} INFO - ::endgroup::
[2026-06-20T07:17:17.637+0000] {local_task_job_runner.py:120} INFO - ::group::Pre task execution logs
[2026-06-20T07:17:17.656+0000] {taskinstance.py:2076} INFO - Dependencies all met for dep_context=non-requeueable deps ti=<TaskInstance: credit_default_ml_pipeline.monitoring.xgb_monitor scheduled__2023-03-01T00:00:00+00:00 [queued]>
[2026-06-20T07:17:17.664+0000] {taskinstance.py:2076} INFO - Dependencies all met for dep_context=requeueable deps ti=<TaskInstance: credit_default_ml_pipeline.monitoring.xgb_monitor scheduled__2023-03-01T00:00:00+00:00 [queued]>
[2026-06-20T07:17:17.665+0000] {taskinstance.py:2306} INFO - Starting attempt 1 of 2
[2026-06-20T07:17:17.758+0000] {taskinstance.py:2330} INFO - Executing <Task(BashOperator): monitoring.xgb_monitor> on 2023-03-01 00:00:00+00:00
[2026-06-20T07:17:17.762+0000] {logging_mixin.py:188} WARNING - /home/***/.local/lib/python3.12/site-packages/***/task/task_runner/standard_task_runner.py:62 DeprecationWarning: This process (pid=4255) is multi-threaded, use of fork() may lead to deadlocks in the child.
[2026-06-20T07:17:17.762+0000] {standard_task_runner.py:90} INFO - Running: ['***', 'tasks', 'run', 'credit_default_ml_pipeline', 'monitoring.xgb_monitor', 'scheduled__2023-03-01T00:00:00+00:00', '--job-id', '1987', '--raw', '--subdir', 'DAGS_FOLDER/dag.py', '--cfg-path', '/tmp/tmpiquxi3np']
[2026-06-20T07:17:17.764+0000] {standard_task_runner.py:64} INFO - Started process 4262 to run task
[2026-06-20T07:17:17.766+0000] {standard_task_runner.py:91} INFO - Job 1987: Subtask monitoring.xgb_monitor
[2026-06-20T07:17:17.786+0000] {task_command.py:426} INFO - Running <TaskInstance: credit_default_ml_pipeline.monitoring.xgb_monitor scheduled__2023-03-01T00:00:00+00:00 [running]> on host 9cf341f51c89
[2026-06-20T07:17:17.815+0000] {taskinstance.py:2648} INFO - Exporting env vars: AIRFLOW_CTX_DAG_OWNER='***' AIRFLOW_CTX_DAG_ID='credit_default_ml_pipeline' AIRFLOW_CTX_TASK_ID='monitoring.xgb_monitor' AIRFLOW_CTX_EXECUTION_DATE='2023-03-01T00:00:00+00:00' AIRFLOW_CTX_TRY_NUMBER='1' AIRFLOW_CTX_DAG_RUN_ID='scheduled__2023-03-01T00:00:00+00:00'
[2026-06-20T07:17:17.817+0000] {taskinstance.py:430} INFO - ::endgroup::
[2026-06-20T07:17:17.823+0000] {subprocess.py:63} INFO - Tmp dir root location: /tmp
[2026-06-20T07:17:17.824+0000] {subprocess.py:75} INFO - Running command: ['/usr/bin/bash', '-c', 'cd /opt/***/scripts && if [ ! -f model_bank/champion.txt ]; then echo \'[SKIP] no champion.txt for 2023-03-01\'; exit 0; fi && CHAMP=$(cat model_bank/champion.txt | tr -d \'\\n\') && python3 model_monitor.py --snapshotdate "2023-03-01" --modelname "$CHAMP"']
[2026-06-20T07:17:17.830+0000] {subprocess.py:86} INFO - Output:
[2026-06-20T07:17:17.832+0000] {subprocess.py:93} INFO - [SKIP] no champion.txt for 2023-03-01
[2026-06-20T07:17:17.832+0000] {subprocess.py:97} INFO - Command exited with return code 0
[2026-06-20T07:17:17.834+0000] {taskinstance.py:441} INFO - ::group::Post task execution logs
[2026-06-20T07:17:17.845+0000] {taskinstance.py:1206} INFO - Marking task as SUCCESS. dag_id=credit_default_ml_pipeline, task_id=monitoring.xgb_monitor, run_id=scheduled__2023-03-01T00:00:00+00:00, execution_date=20230301T000000, start_date=20260620T071717, end_date=20260620T071717
[2026-06-20T07:17:17.863+0000] {local_task_job_runner.py:243} INFO - Task exited with return code 0
[2026-06-20T07:17:17.868+0000] {local_task_job_runner.py:222} INFO - ::endgroup::
[2026-06-20T15:20:04.249+0000] {local_task_job_runner.py:120} INFO - ::group::Pre task execution logs
[2026-06-20T15:20:04.265+0000] {taskinstance.py:2076} INFO - Dependencies all met for dep_context=non-requeueable deps ti=<TaskInstance: credit_default_ml_pipeline.monitoring.xgb_monitor scheduled__2023-03-01T00:00:00+00:00 [queued]>
[2026-06-20T15:20:04.272+0000] {taskinstance.py:2076} INFO - Dependencies all met for dep_context=requeueable deps ti=<TaskInstance: credit_default_ml_pipeline.monitoring.xgb_monitor scheduled__2023-03-01T00:00:00+00:00 [queued]>
[2026-06-20T15:20:04.273+0000] {taskinstance.py:2306} INFO - Starting attempt 1 of 2
[2026-06-20T15:20:04.362+0000] {taskinstance.py:2330} INFO - Executing <Task(BashOperator): monitoring.xgb_monitor> on 2023-03-01 00:00:00+00:00
[2026-06-20T15:20:04.367+0000] {logging_mixin.py:188} WARNING - /home/***/.local/lib/python3.12/site-packages/***/task/task_runner/standard_task_runner.py:62 DeprecationWarning: This process (pid=91315) is multi-threaded, use of fork() may lead to deadlocks in the child.
[2026-06-20T15:20:04.367+0000] {standard_task_runner.py:64} INFO - Started process 91323 to run task
[2026-06-20T15:20:04.367+0000] {standard_task_runner.py:90} INFO - Running: ['***', 'tasks', 'run', 'credit_default_ml_pipeline', 'monitoring.xgb_monitor', 'scheduled__2023-03-01T00:00:00+00:00', '--job-id', '2460', '--raw', '--subdir', 'DAGS_FOLDER/dag.py', '--cfg-path', '/tmp/tmprj9p6lys']
[2026-06-20T15:20:04.368+0000] {standard_task_runner.py:91} INFO - Job 2460: Subtask monitoring.xgb_monitor
[2026-06-20T15:20:04.389+0000] {task_command.py:426} INFO - Running <TaskInstance: credit_default_ml_pipeline.monitoring.xgb_monitor scheduled__2023-03-01T00:00:00+00:00 [running]> on host 9cf341f51c89
[2026-06-20T15:20:04.418+0000] {taskinstance.py:2648} INFO - Exporting env vars: AIRFLOW_CTX_DAG_OWNER='***' AIRFLOW_CTX_DAG_ID='credit_default_ml_pipeline' AIRFLOW_CTX_TASK_ID='monitoring.xgb_monitor' AIRFLOW_CTX_EXECUTION_DATE='2023-03-01T00:00:00+00:00' AIRFLOW_CTX_TRY_NUMBER='1' AIRFLOW_CTX_DAG_RUN_ID='scheduled__2023-03-01T00:00:00+00:00'
[2026-06-20T15:20:04.419+0000] {taskinstance.py:430} INFO - ::endgroup::
[2026-06-20T15:20:04.424+0000] {subprocess.py:63} INFO - Tmp dir root location: /tmp
[2026-06-20T15:20:04.425+0000] {subprocess.py:75} INFO - Running command: ['/usr/bin/bash', '-c', 'cd /opt/***/scripts && if [ ! -f model_bank/champion.txt ]; then echo \'[SKIP] no champion.txt for 2023-03-01\'; exit 0; fi && CHAMP=$(cat model_bank/champion.txt | tr -d \'\\n\') && python3 model_monitor.py --snapshotdate "2023-03-01" --modelname "$CHAMP"']
[2026-06-20T15:20:04.429+0000] {subprocess.py:86} INFO - Output:
[2026-06-20T15:20:04.430+0000] {subprocess.py:93} INFO - [SKIP] no champion.txt for 2023-03-01
[2026-06-20T15:20:04.430+0000] {subprocess.py:97} INFO - Command exited with return code 0
[2026-06-20T15:20:04.430+0000] {taskinstance.py:441} INFO - ::group::Post task execution logs
[2026-06-20T15:20:04.441+0000] {taskinstance.py:1206} INFO - Marking task as SUCCESS. dag_id=credit_default_ml_pipeline, task_id=monitoring.xgb_monitor, run_id=scheduled__2023-03-01T00:00:00+00:00, execution_date=20230301T000000, start_date=20260620T152004, end_date=20260620T152004
[2026-06-20T15:20:04.466+0000] {local_task_job_runner.py:243} INFO - Task exited with return code 0
[2026-06-20T15:20:04.478+0000] {taskinstance.py:3503} INFO - 0 downstream tasks scheduled from follow-on schedule check
[2026-06-20T15:20:04.480+0000] {local_task_job_runner.py:222} INFO - ::endgroup::
[2026-06-20T16:58:37.280+0000] {local_task_job_runner.py:120} INFO - ::group::Pre task execution logs
[2026-06-20T16:58:37.305+0000] {taskinstance.py:2076} INFO - Dependencies all met for dep_context=non-requeueable deps ti=<TaskInstance: credit_default_ml_pipeline.monitoring.xgb_monitor scheduled__2023-03-01T00:00:00+00:00 [queued]>
[2026-06-20T16:58:37.313+0000] {taskinstance.py:2076} INFO - Dependencies all met for dep_context=requeueable deps ti=<TaskInstance: credit_default_ml_pipeline.monitoring.xgb_monitor scheduled__2023-03-01T00:00:00+00:00 [queued]>
[2026-06-20T16:58:37.314+0000] {taskinstance.py:2306} INFO - Starting attempt 1 of 2
[2026-06-20T16:58:37.326+0000] {taskinstance.py:2330} INFO - Executing <Task(BashOperator): monitoring.xgb_monitor> on 2023-03-01 00:00:00+00:00
[2026-06-20T16:58:37.330+0000] {logging_mixin.py:188} WARNING - /home/***/.local/lib/python3.12/site-packages/***/task/task_runner/standard_task_runner.py:62 DeprecationWarning: This process (pid=76254) is multi-threaded, use of fork() may lead to deadlocks in the child.
[2026-06-20T16:58:37.331+0000] {standard_task_runner.py:64} INFO - Started process 76261 to run task
[2026-06-20T16:58:37.330+0000] {standard_task_runner.py:90} INFO - Running: ['***', 'tasks', 'run', 'credit_default_ml_pipeline', 'monitoring.xgb_monitor', 'scheduled__2023-03-01T00:00:00+00:00', '--job-id', '2948', '--raw', '--subdir', 'DAGS_FOLDER/dag.py', '--cfg-path', '/tmp/tmp827qsejg']
[2026-06-20T16:58:37.334+0000] {standard_task_runner.py:91} INFO - Job 2948: Subtask monitoring.xgb_monitor
[2026-06-20T16:58:37.479+0000] {task_command.py:426} INFO - Running <TaskInstance: credit_default_ml_pipeline.monitoring.xgb_monitor scheduled__2023-03-01T00:00:00+00:00 [running]> on host 9cf341f51c89
[2026-06-20T16:58:37.508+0000] {taskinstance.py:2648} INFO - Exporting env vars: AIRFLOW_CTX_DAG_OWNER='***' AIRFLOW_CTX_DAG_ID='credit_default_ml_pipeline' AIRFLOW_CTX_TASK_ID='monitoring.xgb_monitor' AIRFLOW_CTX_EXECUTION_DATE='2023-03-01T00:00:00+00:00' AIRFLOW_CTX_TRY_NUMBER='1' AIRFLOW_CTX_DAG_RUN_ID='scheduled__2023-03-01T00:00:00+00:00'
[2026-06-20T16:58:37.509+0000] {taskinstance.py:430} INFO - ::endgroup::
[2026-06-20T16:58:37.513+0000] {subprocess.py:63} INFO - Tmp dir root location: /tmp
[2026-06-20T16:58:37.514+0000] {subprocess.py:75} INFO - Running command: ['/usr/bin/bash', '-c', 'cd /opt/***/scripts && if [ ! -f model_bank/champion.txt ]; then echo \'[SKIP] no champion.txt for 2023-03-01\'; exit 0; fi && CHAMP=$(cat model_bank/champion.txt | tr -d \'\\n\') && python3 model_monitor.py --snapshotdate "2023-03-01" --modelname "$CHAMP"']
[2026-06-20T16:58:37.520+0000] {subprocess.py:86} INFO - Output:
[2026-06-20T16:58:39.695+0000] {subprocess.py:93} INFO - 
[2026-06-20T16:58:39.696+0000] {subprocess.py:93} INFO - --- monitoring credit_xgb_2024_09_01.pkl ---
[2026-06-20T16:58:39.697+0000] {subprocess.py:93} INFO - 
[2026-06-20T16:58:39.697+0000] {subprocess.py:93} INFO - OOT1 baseline AUC for credit_xgb_2024_09_01: 0.9217054712537163
[2026-06-20T16:58:39.700+0000] {subprocess.py:93} INFO - OOT1 baseline Brier for credit_xgb_2024_09_01: 0.1013
[2026-06-20T16:58:39.701+0000] {subprocess.py:93} INFO -   [csi] no feature_importance_report.py output found for credit_xgb_2024_09_01 at reports/feature_importance/credit_xgb_2024_09_01_feature_importance.csv; falling back to first 15 feature_cols as a placeholder scope (run feature_importance_report.py for a proper ranking).
[2026-06-20T16:58:39.702+0000] {subprocess.py:93} INFO - [csi] scoping to top 15 features: ['loan_amt', 'tenure', 'Annual_Income', 'Monthly_Inhand_Salary', 'Num_Bank_Accounts', 'Num_Credit_Card', 'Interest_Rate', 'Num_of_Loan', 'Delay_from_due_date', 'Num_of_Delayed_Payment', 'Changed_Credit_Limit', 'Num_Credit_Inquiries', 'Outstanding_Debt', 'Credit_Utilization_Ratio', 'Credit_History_Age']
[2026-06-20T16:58:39.702+0000] {subprocess.py:93} INFO - 
[2026-06-20T16:58:39.706+0000] {subprocess.py:93} INFO - snapshot_date  n_scored  mean_score    psi     f1  precision  recall  brier    auc   gini  auc_drop_from_oot1  csi_max      csi_max_feature  csi_loan_amt  csi_tenure  csi_Annual_Income  csi_Monthly_Inhand_Salary  csi_Num_Bank_Accounts  csi_Num_Credit_Card  csi_Interest_Rate  csi_Num_of_Loan  csi_Delay_from_due_date  csi_Num_of_Delayed_Payment  csi_Changed_Credit_Limit  csi_Num_Credit_Inquiries  csi_Outstanding_Debt  csi_Credit_Utilization_Ratio  csi_Credit_History_Age
[2026-06-20T16:58:39.707+0000] {subprocess.py:93} INFO -    2023-01-01       530      0.2992 0.0000 0.8195     0.8651  0.7786 0.0773 0.9515 0.9029             -0.0298   0.0000             loan_amt           0.0         0.0             0.0000                     0.0000                 0.0000               0.0000             0.0000           0.0000                   0.0000                      0.0000                    0.0000                    0.0000                0.0000                        0.0000                  0.0000
[2026-06-20T16:58:39.708+0000] {subprocess.py:93} INFO -    2023-02-01       501      0.3294 0.0554 0.7973     0.8310  0.7662 0.0927 0.9260 0.8521             -0.0043   0.0703        Annual_Income           0.0         0.0             0.0703                     0.0546                 0.0386               0.0515             0.0421           0.0264                   0.0415                      0.0333                    0.0469                    0.0340                0.0275                        0.0160                  0.0264
[2026-06-20T16:58:39.709+0000] {subprocess.py:93} INFO -    2023-03-01       506      0.3338 0.0481 0.8200     0.8913  0.7593 0.0806 0.9521 0.9042             -0.0304   0.0696        Interest_Rate           0.0         0.0             0.0177                     0.0199                 0.0402               0.0604             0.0696           0.0197                   0.0500                      0.0488                    0.0553                    0.0437                0.0394                        0.0301                  0.0363
[2026-06-20T16:58:39.710+0000] {subprocess.py:93} INFO -    2024-07-01       485      0.2837 0.1243 0.7336     0.8261  0.6597 0.0971 0.9293 0.8587             -0.0076   0.0745 Changed_Credit_Limit           0.0         0.0             0.0369                     0.0552                 0.0127               0.0544             0.0357           0.0576                   0.0446                      0.0555                    0.0745                    0.0324                0.0353                        0.0392                  0.0348
[2026-06-20T16:58:39.711+0000] {subprocess.py:93} INFO -    2024-08-01       518      0.3016 0.1230 0.7174     0.7674  0.6735 0.1053 0.9164 0.8328              0.0053   0.0759 Changed_Credit_Limit           0.0         0.0             0.0548                     0.0660                 0.0442               0.0410             0.0536           0.0284                   0.0131                      0.0304                    0.0759                    0.0376                0.0247                        0.0211                  0.0419
[2026-06-20T16:58:39.711+0000] {subprocess.py:93} INFO -    2024-09-01       493      0.2256 0.4356    NaN        NaN     NaN    NaN    NaN    NaN                 NaN   0.0755        Interest_Rate           0.0         0.0             0.0204                     0.0356                 0.0564               0.0503             0.0755           0.0468                   0.0196                      0.0314                    0.0595                    0.0418                0.0419                        0.0309                  0.0458
[2026-06-20T16:58:39.712+0000] {subprocess.py:93} INFO - 
[2026-06-20T16:58:39.712+0000] {subprocess.py:93} INFO - [ALERT] PSI breached 0.25 for credit_xgb_2024_09_01 at 2024-09-01 (PSI=0.4356); this would trigger a scheduled retrain.
[2026-06-20T16:58:39.712+0000] {subprocess.py:93} INFO - saved monitoring table: datamart/gold/model_monitoring/credit_xgb_2024_09_01/credit_xgb_2024_09_01_monitoring.parquet
[2026-06-20T16:58:39.713+0000] {subprocess.py:93} INFO - saved plots: datamart/gold/monitoring_plots/credit_xgb_2024_09_01/psi_stability.png, datamart/gold/monitoring_plots/credit_xgb_2024_09_01/csi_stability.png, datamart/gold/monitoring_plots/credit_xgb_2024_09_01/csi_breakdown_all_features.png, datamart/gold/monitoring_plots/credit_xgb_2024_09_01/auc_performance.png, datamart/gold/monitoring_plots/credit_xgb_2024_09_01/brier_score.png
[2026-06-20T16:58:39.713+0000] {subprocess.py:93} INFO - 
[2026-06-20T16:58:39.713+0000] {subprocess.py:93} INFO - --- done ---
[2026-06-20T16:58:39.714+0000] {subprocess.py:93} INFO - 
[2026-06-20T16:58:39.915+0000] {subprocess.py:97} INFO - Command exited with return code 0
[2026-06-20T16:58:39.916+0000] {taskinstance.py:441} INFO - ::group::Post task execution logs
[2026-06-20T16:58:39.935+0000] {taskinstance.py:1206} INFO - Marking task as SUCCESS. dag_id=credit_default_ml_pipeline, task_id=monitoring.xgb_monitor, run_id=scheduled__2023-03-01T00:00:00+00:00, execution_date=20230301T000000, start_date=20260620T165837, end_date=20260620T165839
[2026-06-20T16:58:39.957+0000] {local_task_job_runner.py:243} INFO - Task exited with return code 0
[2026-06-20T16:58:40.053+0000] {taskinstance.py:3503} INFO - 0 downstream tasks scheduled from follow-on schedule check
[2026-06-20T16:58:40.054+0000] {local_task_job_runner.py:222} INFO - ::endgroup::
[2026-06-20T17:10:36.244+0000] {local_task_job_runner.py:120} INFO - ::group::Pre task execution logs
[2026-06-20T17:10:36.261+0000] {taskinstance.py:2076} INFO - Dependencies all met for dep_context=non-requeueable deps ti=<TaskInstance: credit_default_ml_pipeline.monitoring.xgb_monitor scheduled__2023-03-01T00:00:00+00:00 [queued]>
[2026-06-20T17:10:36.268+0000] {taskinstance.py:2076} INFO - Dependencies all met for dep_context=requeueable deps ti=<TaskInstance: credit_default_ml_pipeline.monitoring.xgb_monitor scheduled__2023-03-01T00:00:00+00:00 [queued]>
[2026-06-20T17:10:36.269+0000] {taskinstance.py:2306} INFO - Starting attempt 1 of 2
[2026-06-20T17:10:36.357+0000] {taskinstance.py:2330} INFO - Executing <Task(BashOperator): monitoring.xgb_monitor> on 2023-03-01 00:00:00+00:00
[2026-06-20T17:10:36.361+0000] {logging_mixin.py:188} WARNING - /home/***/.local/lib/python3.12/site-packages/***/task/task_runner/standard_task_runner.py:62 DeprecationWarning: This process (pid=9276) is multi-threaded, use of fork() may lead to deadlocks in the child.
[2026-06-20T17:10:36.362+0000] {standard_task_runner.py:64} INFO - Started process 9283 to run task
[2026-06-20T17:10:36.362+0000] {standard_task_runner.py:90} INFO - Running: ['***', 'tasks', 'run', 'credit_default_ml_pipeline', 'monitoring.xgb_monitor', 'scheduled__2023-03-01T00:00:00+00:00', '--job-id', '3036', '--raw', '--subdir', 'DAGS_FOLDER/dag.py', '--cfg-path', '/tmp/tmpmfy8yok5']
[2026-06-20T17:10:36.363+0000] {standard_task_runner.py:91} INFO - Job 3036: Subtask monitoring.xgb_monitor
[2026-06-20T17:10:36.386+0000] {task_command.py:426} INFO - Running <TaskInstance: credit_default_ml_pipeline.monitoring.xgb_monitor scheduled__2023-03-01T00:00:00+00:00 [running]> on host 9cf341f51c89
[2026-06-20T17:10:36.415+0000] {taskinstance.py:2648} INFO - Exporting env vars: AIRFLOW_CTX_DAG_OWNER='***' AIRFLOW_CTX_DAG_ID='credit_default_ml_pipeline' AIRFLOW_CTX_TASK_ID='monitoring.xgb_monitor' AIRFLOW_CTX_EXECUTION_DATE='2023-03-01T00:00:00+00:00' AIRFLOW_CTX_TRY_NUMBER='1' AIRFLOW_CTX_DAG_RUN_ID='scheduled__2023-03-01T00:00:00+00:00'
[2026-06-20T17:10:36.416+0000] {taskinstance.py:430} INFO - ::endgroup::
[2026-06-20T17:10:36.421+0000] {subprocess.py:63} INFO - Tmp dir root location: /tmp
[2026-06-20T17:10:36.422+0000] {subprocess.py:75} INFO - Running command: ['/usr/bin/bash', '-c', 'cd /opt/***/scripts && if [ ! -f model_bank/champion.txt ]; then echo \'[SKIP] no champion.txt for 2023-03-01\'; exit 0; fi && CHAMP=$(cat model_bank/champion.txt | tr -d \'\\n\') && python3 model_monitor.py --snapshotdate "2023-03-01" --modelname "$CHAMP"']
[2026-06-20T17:10:36.426+0000] {subprocess.py:86} INFO - Output:
[2026-06-20T17:10:36.427+0000] {subprocess.py:93} INFO - [SKIP] no champion.txt for 2023-03-01
[2026-06-20T17:10:36.427+0000] {subprocess.py:97} INFO - Command exited with return code 0
[2026-06-20T17:10:36.428+0000] {taskinstance.py:441} INFO - ::group::Post task execution logs
[2026-06-20T17:10:36.437+0000] {taskinstance.py:1206} INFO - Marking task as SUCCESS. dag_id=credit_default_ml_pipeline, task_id=monitoring.xgb_monitor, run_id=scheduled__2023-03-01T00:00:00+00:00, execution_date=20230301T000000, start_date=20260620T171036, end_date=20260620T171036
[2026-06-20T17:10:36.460+0000] {local_task_job_runner.py:243} INFO - Task exited with return code 0
[2026-06-20T17:10:36.472+0000] {taskinstance.py:3503} INFO - 0 downstream tasks scheduled from follow-on schedule check
[2026-06-20T17:10:36.473+0000] {local_task_job_runner.py:222} INFO - ::endgroup::
[2026-06-21T01:36:07.070+0000] {local_task_job_runner.py:120} INFO - ::group::Pre task execution logs
[2026-06-21T01:36:07.082+0000] {taskinstance.py:2076} INFO - Dependencies all met for dep_context=non-requeueable deps ti=<TaskInstance: credit_default_ml_pipeline.monitoring.xgb_monitor scheduled__2023-03-01T00:00:00+00:00 [queued]>
[2026-06-21T01:36:07.086+0000] {taskinstance.py:2076} INFO - Dependencies all met for dep_context=requeueable deps ti=<TaskInstance: credit_default_ml_pipeline.monitoring.xgb_monitor scheduled__2023-03-01T00:00:00+00:00 [queued]>
[2026-06-21T01:36:07.086+0000] {taskinstance.py:2306} INFO - Starting attempt 1 of 2
[2026-06-21T01:36:07.091+0000] {taskinstance.py:2330} INFO - Executing <Task(BashOperator): monitoring.xgb_monitor> on 2023-03-01 00:00:00+00:00
[2026-06-21T01:36:07.094+0000] {logging_mixin.py:188} WARNING - /home/***/.local/lib/python3.12/site-packages/***/task/task_runner/standard_task_runner.py:62 DeprecationWarning: This process (pid=9888) is multi-threaded, use of fork() may lead to deadlocks in the child.
[2026-06-21T01:36:07.096+0000] {standard_task_runner.py:64} INFO - Started process 9894 to run task
[2026-06-21T01:36:07.095+0000] {standard_task_runner.py:90} INFO - Running: ['***', 'tasks', 'run', 'credit_default_ml_pipeline', 'monitoring.xgb_monitor', 'scheduled__2023-03-01T00:00:00+00:00', '--job-id', '3500', '--raw', '--subdir', 'DAGS_FOLDER/dag.py', '--cfg-path', '/tmp/tmpm_4pskxc']
[2026-06-21T01:36:07.096+0000] {standard_task_runner.py:91} INFO - Job 3500: Subtask monitoring.xgb_monitor
[2026-06-21T01:36:07.116+0000] {task_command.py:426} INFO - Running <TaskInstance: credit_default_ml_pipeline.monitoring.xgb_monitor scheduled__2023-03-01T00:00:00+00:00 [running]> on host f6e9e2801916
[2026-06-21T01:36:07.233+0000] {taskinstance.py:2648} INFO - Exporting env vars: AIRFLOW_CTX_DAG_OWNER='***' AIRFLOW_CTX_DAG_ID='credit_default_ml_pipeline' AIRFLOW_CTX_TASK_ID='monitoring.xgb_monitor' AIRFLOW_CTX_EXECUTION_DATE='2023-03-01T00:00:00+00:00' AIRFLOW_CTX_TRY_NUMBER='1' AIRFLOW_CTX_DAG_RUN_ID='scheduled__2023-03-01T00:00:00+00:00'
[2026-06-21T01:36:07.234+0000] {taskinstance.py:430} INFO - ::endgroup::
[2026-06-21T01:36:07.238+0000] {subprocess.py:63} INFO - Tmp dir root location: /tmp
[2026-06-21T01:36:07.239+0000] {subprocess.py:75} INFO - Running command: ['/usr/bin/bash', '-c', 'cd /opt/***/scripts && if [ ! -f model_bank/champion.txt ]; then echo \'[SKIP] no champion.txt for 2023-03-01\'; exit 0; fi && CHAMP=$(cat model_bank/champion.txt | tr -d \'\\n\') && python3 model_monitor.py --snapshotdate "2023-03-01" --modelname "$CHAMP"']
[2026-06-21T01:36:07.244+0000] {subprocess.py:86} INFO - Output:
[2026-06-21T01:36:07.245+0000] {subprocess.py:93} INFO - [SKIP] no champion.txt for 2023-03-01
[2026-06-21T01:36:07.245+0000] {subprocess.py:97} INFO - Command exited with return code 0
[2026-06-21T01:36:07.245+0000] {taskinstance.py:441} INFO - ::group::Post task execution logs
[2026-06-21T01:36:07.254+0000] {taskinstance.py:1206} INFO - Marking task as SUCCESS. dag_id=credit_default_ml_pipeline, task_id=monitoring.xgb_monitor, run_id=scheduled__2023-03-01T00:00:00+00:00, execution_date=20230301T000000, start_date=20260621T013607, end_date=20260621T013607
[2026-06-21T01:36:07.284+0000] {local_task_job_runner.py:243} INFO - Task exited with return code 0
[2026-06-21T01:36:07.292+0000] {local_task_job_runner.py:222} INFO - ::endgroup::
[2026-06-21T05:30:31.699+0000] {local_task_job_runner.py:120} INFO - ::group::Pre task execution logs
[2026-06-21T05:30:31.719+0000] {taskinstance.py:2076} INFO - Dependencies all met for dep_context=non-requeueable deps ti=<TaskInstance: credit_default_ml_pipeline.monitoring.xgb_monitor scheduled__2023-03-01T00:00:00+00:00 [queued]>
[2026-06-21T05:30:31.725+0000] {taskinstance.py:2076} INFO - Dependencies all met for dep_context=requeueable deps ti=<TaskInstance: credit_default_ml_pipeline.monitoring.xgb_monitor scheduled__2023-03-01T00:00:00+00:00 [queued]>
[2026-06-21T05:30:31.726+0000] {taskinstance.py:2306} INFO - Starting attempt 1 of 2
[2026-06-21T05:30:31.827+0000] {taskinstance.py:2330} INFO - Executing <Task(BashOperator): monitoring.xgb_monitor> on 2023-03-01 00:00:00+00:00
[2026-06-21T05:30:31.833+0000] {logging_mixin.py:188} WARNING - /home/***/.local/lib/python3.12/site-packages/***/task/task_runner/standard_task_runner.py:62 DeprecationWarning: This process (pid=9580) is multi-threaded, use of fork() may lead to deadlocks in the child.
[2026-06-21T05:30:31.834+0000] {standard_task_runner.py:64} INFO - Started process 9586 to run task
[2026-06-21T05:30:31.834+0000] {standard_task_runner.py:90} INFO - Running: ['***', 'tasks', 'run', 'credit_default_ml_pipeline', 'monitoring.xgb_monitor', 'scheduled__2023-03-01T00:00:00+00:00', '--job-id', '3963', '--raw', '--subdir', 'DAGS_FOLDER/dag.py', '--cfg-path', '/tmp/tmpe1nze0_o']
[2026-06-21T05:30:31.836+0000] {standard_task_runner.py:91} INFO - Job 3963: Subtask monitoring.xgb_monitor
[2026-06-21T05:30:31.857+0000] {task_command.py:426} INFO - Running <TaskInstance: credit_default_ml_pipeline.monitoring.xgb_monitor scheduled__2023-03-01T00:00:00+00:00 [running]> on host 9377a3f0491f
[2026-06-21T05:30:31.892+0000] {taskinstance.py:2648} INFO - Exporting env vars: AIRFLOW_CTX_DAG_OWNER='***' AIRFLOW_CTX_DAG_ID='credit_default_ml_pipeline' AIRFLOW_CTX_TASK_ID='monitoring.xgb_monitor' AIRFLOW_CTX_EXECUTION_DATE='2023-03-01T00:00:00+00:00' AIRFLOW_CTX_TRY_NUMBER='1' AIRFLOW_CTX_DAG_RUN_ID='scheduled__2023-03-01T00:00:00+00:00'
[2026-06-21T05:30:31.894+0000] {taskinstance.py:430} INFO - ::endgroup::
[2026-06-21T05:30:31.901+0000] {subprocess.py:63} INFO - Tmp dir root location: /tmp
[2026-06-21T05:30:31.903+0000] {subprocess.py:75} INFO - Running command: ['/usr/bin/bash', '-c', 'cd /opt/***/scripts && if [ ! -f model_bank/champion.txt ]; then echo \'[SKIP] no champion.txt for 2023-03-01\'; exit 0; fi && CHAMP=$(cat model_bank/champion.txt | tr -d \'\\n\') && python3 model_monitor.py --snapshotdate "2023-03-01" --modelname "$CHAMP"']
[2026-06-21T05:30:31.908+0000] {subprocess.py:86} INFO - Output:
[2026-06-21T05:30:31.910+0000] {subprocess.py:93} INFO - [SKIP] no champion.txt for 2023-03-01
[2026-06-21T05:30:31.910+0000] {subprocess.py:97} INFO - Command exited with return code 0
[2026-06-21T05:30:31.911+0000] {taskinstance.py:441} INFO - ::group::Post task execution logs
[2026-06-21T05:30:31.923+0000] {taskinstance.py:1206} INFO - Marking task as SUCCESS. dag_id=credit_default_ml_pipeline, task_id=monitoring.xgb_monitor, run_id=scheduled__2023-03-01T00:00:00+00:00, execution_date=20230301T000000, start_date=20260621T053031, end_date=20260621T053031
[2026-06-21T05:30:31.932+0000] {local_task_job_runner.py:243} INFO - Task exited with return code 0
[2026-06-21T05:30:31.942+0000] {taskinstance.py:3503} INFO - 0 downstream tasks scheduled from follow-on schedule check
[2026-06-21T05:30:31.943+0000] {local_task_job_runner.py:222} INFO - ::endgroup::
[2026-06-25T17:25:33.118+0000] {local_task_job_runner.py:120} INFO - ::group::Pre task execution logs
[2026-06-25T17:25:33.130+0000] {taskinstance.py:2076} INFO - Dependencies all met for dep_context=non-requeueable deps ti=<TaskInstance: credit_default_ml_pipeline.monitoring.xgb_monitor scheduled__2023-03-01T00:00:00+00:00 [queued]>
[2026-06-25T17:25:33.133+0000] {taskinstance.py:2076} INFO - Dependencies all met for dep_context=requeueable deps ti=<TaskInstance: credit_default_ml_pipeline.monitoring.xgb_monitor scheduled__2023-03-01T00:00:00+00:00 [queued]>
[2026-06-25T17:25:33.134+0000] {taskinstance.py:2306} INFO - Starting attempt 1 of 2
[2026-06-25T17:25:33.139+0000] {taskinstance.py:2330} INFO - Executing <Task(BashOperator): monitoring.xgb_monitor> on 2023-03-01 00:00:00+00:00
[2026-06-25T17:25:33.143+0000] {logging_mixin.py:188} WARNING - /home/***/.local/lib/python3.12/site-packages/***/task/task_runner/standard_task_runner.py:62 DeprecationWarning: This process (pid=9893) is multi-threaded, use of fork() may lead to deadlocks in the child.
[2026-06-25T17:25:33.144+0000] {standard_task_runner.py:64} INFO - Started process 9901 to run task
[2026-06-25T17:25:33.144+0000] {standard_task_runner.py:90} INFO - Running: ['***', 'tasks', 'run', 'credit_default_ml_pipeline', 'monitoring.xgb_monitor', 'scheduled__2023-03-01T00:00:00+00:00', '--job-id', '4426', '--raw', '--subdir', 'DAGS_FOLDER/dag.py', '--cfg-path', '/tmp/tmpyrfhwvts']
[2026-06-25T17:25:33.145+0000] {standard_task_runner.py:91} INFO - Job 4426: Subtask monitoring.xgb_monitor
[2026-06-25T17:25:33.167+0000] {task_command.py:426} INFO - Running <TaskInstance: credit_default_ml_pipeline.monitoring.xgb_monitor scheduled__2023-03-01T00:00:00+00:00 [running]> on host b54b2be331ab
[2026-06-25T17:25:33.305+0000] {taskinstance.py:2648} INFO - Exporting env vars: AIRFLOW_CTX_DAG_OWNER='***' AIRFLOW_CTX_DAG_ID='credit_default_ml_pipeline' AIRFLOW_CTX_TASK_ID='monitoring.xgb_monitor' AIRFLOW_CTX_EXECUTION_DATE='2023-03-01T00:00:00+00:00' AIRFLOW_CTX_TRY_NUMBER='1' AIRFLOW_CTX_DAG_RUN_ID='scheduled__2023-03-01T00:00:00+00:00'
[2026-06-25T17:25:33.305+0000] {taskinstance.py:430} INFO - ::endgroup::
[2026-06-25T17:25:33.310+0000] {subprocess.py:63} INFO - Tmp dir root location: /tmp
[2026-06-25T17:25:33.310+0000] {subprocess.py:75} INFO - Running command: ['/usr/bin/bash', '-c', 'cd /opt/***/scripts && if [ ! -f model_bank/champion.txt ]; then echo \'[SKIP] no champion.txt for 2023-03-01\'; exit 0; fi && CHAMP=$(cat model_bank/champion.txt | tr -d \'\\n\') && python3 model_monitor.py --snapshotdate "2023-03-01" --modelname "$CHAMP"']
[2026-06-25T17:25:33.315+0000] {subprocess.py:86} INFO - Output:
[2026-06-25T17:25:33.316+0000] {subprocess.py:93} INFO - [SKIP] no champion.txt for 2023-03-01
[2026-06-25T17:25:33.317+0000] {subprocess.py:97} INFO - Command exited with return code 0
[2026-06-25T17:25:33.318+0000] {taskinstance.py:441} INFO - ::group::Post task execution logs
[2026-06-25T17:25:33.328+0000] {taskinstance.py:1206} INFO - Marking task as SUCCESS. dag_id=credit_default_ml_pipeline, task_id=monitoring.xgb_monitor, run_id=scheduled__2023-03-01T00:00:00+00:00, execution_date=20230301T000000, start_date=20260625T172533, end_date=20260625T172533
[2026-06-25T17:25:33.366+0000] {local_task_job_runner.py:243} INFO - Task exited with return code 0
[2026-06-25T17:25:33.370+0000] {local_task_job_runner.py:222} INFO - ::endgroup::
[2026-06-26T01:29:59.963+0000] {local_task_job_runner.py:120} INFO - ::group::Pre task execution logs
[2026-06-26T01:30:00.005+0000] {taskinstance.py:2076} INFO - Dependencies all met for dep_context=non-requeueable deps ti=<TaskInstance: credit_default_ml_pipeline.monitoring.xgb_monitor scheduled__2023-03-01T00:00:00+00:00 [queued]>
[2026-06-26T01:30:00.019+0000] {taskinstance.py:2076} INFO - Dependencies all met for dep_context=requeueable deps ti=<TaskInstance: credit_default_ml_pipeline.monitoring.xgb_monitor scheduled__2023-03-01T00:00:00+00:00 [queued]>
[2026-06-26T01:30:00.021+0000] {taskinstance.py:2306} INFO - Starting attempt 1 of 2
[2026-06-26T01:30:00.031+0000] {taskinstance.py:2330} INFO - Executing <Task(BashOperator): monitoring.xgb_monitor> on 2023-03-01 00:00:00+00:00
[2026-06-26T01:30:00.038+0000] {logging_mixin.py:188} WARNING - /home/***/.local/lib/python3.12/site-packages/***/task/task_runner/standard_task_runner.py:62 DeprecationWarning: This process (pid=93360) is multi-threaded, use of fork() may lead to deadlocks in the child.
[2026-06-26T01:30:00.038+0000] {standard_task_runner.py:90} INFO - Running: ['***', 'tasks', 'run', 'credit_default_ml_pipeline', 'monitoring.xgb_monitor', 'scheduled__2023-03-01T00:00:00+00:00', '--job-id', '4885', '--raw', '--subdir', 'DAGS_FOLDER/dag.py', '--cfg-path', '/tmp/tmpru6mhja4']
[2026-06-26T01:30:00.044+0000] {standard_task_runner.py:91} INFO - Job 4885: Subtask monitoring.xgb_monitor
[2026-06-26T01:30:00.043+0000] {standard_task_runner.py:64} INFO - Started process 93366 to run task
[2026-06-26T01:30:00.097+0000] {task_command.py:426} INFO - Running <TaskInstance: credit_default_ml_pipeline.monitoring.xgb_monitor scheduled__2023-03-01T00:00:00+00:00 [running]> on host b54b2be331ab
[2026-06-26T01:30:00.259+0000] {taskinstance.py:2648} INFO - Exporting env vars: AIRFLOW_CTX_DAG_OWNER='***' AIRFLOW_CTX_DAG_ID='credit_default_ml_pipeline' AIRFLOW_CTX_TASK_ID='monitoring.xgb_monitor' AIRFLOW_CTX_EXECUTION_DATE='2023-03-01T00:00:00+00:00' AIRFLOW_CTX_TRY_NUMBER='1' AIRFLOW_CTX_DAG_RUN_ID='scheduled__2023-03-01T00:00:00+00:00'
[2026-06-26T01:30:00.260+0000] {taskinstance.py:430} INFO - ::endgroup::
[2026-06-26T01:30:00.266+0000] {subprocess.py:63} INFO - Tmp dir root location: /tmp
[2026-06-26T01:30:00.268+0000] {subprocess.py:75} INFO - Running command: ['/usr/bin/bash', '-c', 'cd /opt/***/scripts && if [ ! -f model_bank/champion.txt ]; then echo \'[SKIP] no champion.txt for 2023-03-01\'; exit 0; fi && CHAMP=$(cat model_bank/champion.txt | tr -d \'\\n\') && python3 model_monitor.py --snapshotdate "2023-03-01" --modelname "$CHAMP"']
[2026-06-26T01:30:00.272+0000] {subprocess.py:86} INFO - Output:
[2026-06-26T01:30:00.273+0000] {subprocess.py:93} INFO - [SKIP] no champion.txt for 2023-03-01
[2026-06-26T01:30:00.274+0000] {subprocess.py:97} INFO - Command exited with return code 0
[2026-06-26T01:30:00.275+0000] {taskinstance.py:441} INFO - ::group::Post task execution logs
[2026-06-26T01:30:00.285+0000] {taskinstance.py:1206} INFO - Marking task as SUCCESS. dag_id=credit_default_ml_pipeline, task_id=monitoring.xgb_monitor, run_id=scheduled__2023-03-01T00:00:00+00:00, execution_date=20230301T000000, start_date=20260626T013000, end_date=20260626T013000
[2026-06-26T01:30:00.316+0000] {local_task_job_runner.py:243} INFO - Task exited with return code 0
[2026-06-26T01:30:00.330+0000] {taskinstance.py:3503} INFO - 0 downstream tasks scheduled from follow-on schedule check
[2026-06-26T01:30:00.331+0000] {local_task_job_runner.py:222} INFO - ::endgroup::
