[2026-06-20T06:30:52.233+0000] {local_task_job_runner.py:120} INFO - ::group::Pre task execution logs
[2026-06-20T06:30:52.246+0000] {taskinstance.py:2076} INFO - Dependencies all met for dep_context=non-requeueable deps ti=<TaskInstance: credit_default_ml_pipeline.monitoring.logreg_monitor scheduled__2024-02-01T00:00:00+00:00 [queued]>
[2026-06-20T06:30:52.252+0000] {taskinstance.py:2076} INFO - Dependencies all met for dep_context=requeueable deps ti=<TaskInstance: credit_default_ml_pipeline.monitoring.logreg_monitor scheduled__2024-02-01T00:00:00+00:00 [queued]>
[2026-06-20T06:30:52.252+0000] {taskinstance.py:2306} INFO - Starting attempt 1 of 2
[2026-06-20T06:30:52.339+0000] {taskinstance.py:2330} INFO - Executing <Task(BashOperator): monitoring.logreg_monitor> on 2024-02-01 00:00:00+00:00
[2026-06-20T06:30:52.343+0000] {logging_mixin.py:188} WARNING - /home/***/.local/lib/python3.12/site-packages/***/task/task_runner/standard_task_runner.py:62 DeprecationWarning: This process (pid=54353) is multi-threaded, use of fork() may lead to deadlocks in the child.
[2026-06-20T06:30:52.343+0000] {standard_task_runner.py:90} INFO - Running: ['***', 'tasks', 'run', 'credit_default_ml_pipeline', 'monitoring.logreg_monitor', 'scheduled__2024-02-01T00:00:00+00:00', '--job-id', '1703', '--raw', '--subdir', 'DAGS_FOLDER/dag.py', '--cfg-path', '/tmp/tmp8t5qy674']
[2026-06-20T06:30:52.344+0000] {standard_task_runner.py:64} INFO - Started process 54361 to run task
[2026-06-20T06:30:52.345+0000] {standard_task_runner.py:91} INFO - Job 1703: Subtask monitoring.logreg_monitor
[2026-06-20T06:30:52.367+0000] {task_command.py:426} INFO - Running <TaskInstance: credit_default_ml_pipeline.monitoring.logreg_monitor scheduled__2024-02-01T00:00:00+00:00 [running]> on host 9cf341f51c89
[2026-06-20T06:30:52.395+0000] {taskinstance.py:2648} INFO - Exporting env vars: AIRFLOW_CTX_DAG_OWNER='***' AIRFLOW_CTX_DAG_ID='credit_default_ml_pipeline' AIRFLOW_CTX_TASK_ID='monitoring.logreg_monitor' AIRFLOW_CTX_EXECUTION_DATE='2024-02-01T00:00:00+00:00' AIRFLOW_CTX_TRY_NUMBER='1' AIRFLOW_CTX_DAG_RUN_ID='scheduled__2024-02-01T00:00:00+00:00'
[2026-06-20T06:30:52.397+0000] {taskinstance.py:430} INFO - ::endgroup::
[2026-06-20T06:30:52.403+0000] {subprocess.py:63} INFO - Tmp dir root location: /tmp
[2026-06-20T06:30:52.404+0000] {subprocess.py:75} INFO - Running command: ['/usr/bin/bash', '-c', 'cd /opt/***/scripts && if [ ! -f model_bank/champion.txt ]; then echo \'[SKIP] no champion.txt for 2024-02-01\'; exit 0; fi && python3 model_monitor.py --snapshotdate "2024-02-01" --modelname "credit_logreg_2024_09_01.pkl"']
[2026-06-20T06:30:52.408+0000] {subprocess.py:86} INFO - Output:
[2026-06-20T06:30:52.409+0000] {subprocess.py:93} INFO - [SKIP] no champion.txt for 2024-02-01
[2026-06-20T06:30:52.410+0000] {subprocess.py:97} INFO - Command exited with return code 0
[2026-06-20T06:30:52.410+0000] {taskinstance.py:441} INFO - ::group::Post task execution logs
[2026-06-20T06:30:52.420+0000] {taskinstance.py:1206} INFO - Marking task as SUCCESS. dag_id=credit_default_ml_pipeline, task_id=monitoring.logreg_monitor, run_id=scheduled__2024-02-01T00:00:00+00:00, execution_date=20240201T000000, start_date=20260620T063052, end_date=20260620T063052
[2026-06-20T06:30:52.442+0000] {local_task_job_runner.py:243} INFO - Task exited with return code 0
[2026-06-20T06:30:52.445+0000] {local_task_job_runner.py:222} INFO - ::endgroup::
[2026-06-20T07:51:09.998+0000] {local_task_job_runner.py:120} INFO - ::group::Pre task execution logs
[2026-06-20T07:51:10.010+0000] {taskinstance.py:2076} INFO - Dependencies all met for dep_context=non-requeueable deps ti=<TaskInstance: credit_default_ml_pipeline.monitoring.logreg_monitor scheduled__2024-02-01T00:00:00+00:00 [queued]>
[2026-06-20T07:51:10.014+0000] {taskinstance.py:2076} INFO - Dependencies all met for dep_context=requeueable deps ti=<TaskInstance: credit_default_ml_pipeline.monitoring.logreg_monitor scheduled__2024-02-01T00:00:00+00:00 [queued]>
[2026-06-20T07:51:10.015+0000] {taskinstance.py:2306} INFO - Starting attempt 1 of 2
[2026-06-20T07:51:10.105+0000] {taskinstance.py:2330} INFO - Executing <Task(BashOperator): monitoring.logreg_monitor> on 2024-02-01 00:00:00+00:00
[2026-06-20T07:51:10.108+0000] {logging_mixin.py:188} WARNING - /home/***/.local/lib/python3.12/site-packages/***/task/task_runner/standard_task_runner.py:62 DeprecationWarning: This process (pid=39914) is multi-threaded, use of fork() may lead to deadlocks in the child.
[2026-06-20T07:51:10.110+0000] {standard_task_runner.py:64} INFO - Started process 39920 to run task
[2026-06-20T07:51:10.109+0000] {standard_task_runner.py:90} INFO - Running: ['***', 'tasks', 'run', 'credit_default_ml_pipeline', 'monitoring.logreg_monitor', 'scheduled__2024-02-01T00:00:00+00:00', '--job-id', '2198', '--raw', '--subdir', 'DAGS_FOLDER/dag.py', '--cfg-path', '/tmp/tmpmt3tlnpl']
[2026-06-20T07:51:10.111+0000] {standard_task_runner.py:91} INFO - Job 2198: Subtask monitoring.logreg_monitor
[2026-06-20T07:51:10.137+0000] {task_command.py:426} INFO - Running <TaskInstance: credit_default_ml_pipeline.monitoring.logreg_monitor scheduled__2024-02-01T00:00:00+00:00 [running]> on host 9cf341f51c89
[2026-06-20T07:51:10.168+0000] {taskinstance.py:2648} INFO - Exporting env vars: AIRFLOW_CTX_DAG_OWNER='***' AIRFLOW_CTX_DAG_ID='credit_default_ml_pipeline' AIRFLOW_CTX_TASK_ID='monitoring.logreg_monitor' AIRFLOW_CTX_EXECUTION_DATE='2024-02-01T00:00:00+00:00' AIRFLOW_CTX_TRY_NUMBER='1' AIRFLOW_CTX_DAG_RUN_ID='scheduled__2024-02-01T00:00:00+00:00'
[2026-06-20T07:51:10.169+0000] {taskinstance.py:430} INFO - ::endgroup::
[2026-06-20T07:51:10.175+0000] {subprocess.py:63} INFO - Tmp dir root location: /tmp
[2026-06-20T07:51:10.177+0000] {subprocess.py:75} INFO - Running command: ['/usr/bin/bash', '-c', 'cd /opt/***/scripts && if [ ! -f model_bank/champion.txt ]; then echo \'[SKIP] no champion.txt for 2024-02-01\'; exit 0; fi && python3 model_monitor.py --snapshotdate "2024-02-01" --modelname "credit_logreg_2024_09_01.pkl"']
[2026-06-20T07:51:10.182+0000] {subprocess.py:86} INFO - Output:
[2026-06-20T07:51:10.184+0000] {subprocess.py:93} INFO - [SKIP] no champion.txt for 2024-02-01
[2026-06-20T07:51:10.184+0000] {subprocess.py:97} INFO - Command exited with return code 0
[2026-06-20T07:51:10.186+0000] {taskinstance.py:441} INFO - ::group::Post task execution logs
[2026-06-20T07:51:10.196+0000] {taskinstance.py:1206} INFO - Marking task as SUCCESS. dag_id=credit_default_ml_pipeline, task_id=monitoring.logreg_monitor, run_id=scheduled__2024-02-01T00:00:00+00:00, execution_date=20240201T000000, start_date=20260620T075110, end_date=20260620T075110
[2026-06-20T07:51:10.209+0000] {local_task_job_runner.py:243} INFO - Task exited with return code 0
[2026-06-20T07:51:10.213+0000] {local_task_job_runner.py:222} INFO - ::endgroup::
[2026-06-20T15:48:59.659+0000] {local_task_job_runner.py:120} INFO - ::group::Pre task execution logs
[2026-06-20T15:48:59.671+0000] {taskinstance.py:2076} INFO - Dependencies all met for dep_context=non-requeueable deps ti=<TaskInstance: credit_default_ml_pipeline.monitoring.logreg_monitor scheduled__2024-02-01T00:00:00+00:00 [queued]>
[2026-06-20T15:48:59.674+0000] {taskinstance.py:2076} INFO - Dependencies all met for dep_context=requeueable deps ti=<TaskInstance: credit_default_ml_pipeline.monitoring.logreg_monitor scheduled__2024-02-01T00:00:00+00:00 [queued]>
[2026-06-20T15:48:59.675+0000] {taskinstance.py:2306} INFO - Starting attempt 1 of 2
[2026-06-20T15:48:59.761+0000] {taskinstance.py:2330} INFO - Executing <Task(BashOperator): monitoring.logreg_monitor> on 2024-02-01 00:00:00+00:00
[2026-06-20T15:48:59.765+0000] {logging_mixin.py:188} WARNING - /home/***/.local/lib/python3.12/site-packages/***/task/task_runner/standard_task_runner.py:62 DeprecationWarning: This process (pid=26376) is multi-threaded, use of fork() may lead to deadlocks in the child.
[2026-06-20T15:48:59.766+0000] {standard_task_runner.py:64} INFO - Started process 26381 to run task
[2026-06-20T15:48:59.767+0000] {standard_task_runner.py:90} INFO - Running: ['***', 'tasks', 'run', 'credit_default_ml_pipeline', 'monitoring.logreg_monitor', 'scheduled__2024-02-01T00:00:00+00:00', '--job-id', '2669', '--raw', '--subdir', 'DAGS_FOLDER/dag.py', '--cfg-path', '/tmp/tmpjn99ni27']
[2026-06-20T15:48:59.770+0000] {standard_task_runner.py:91} INFO - Job 2669: Subtask monitoring.logreg_monitor
[2026-06-20T15:48:59.793+0000] {task_command.py:426} INFO - Running <TaskInstance: credit_default_ml_pipeline.monitoring.logreg_monitor scheduled__2024-02-01T00:00:00+00:00 [running]> on host 9cf341f51c89
[2026-06-20T15:48:59.824+0000] {taskinstance.py:2648} INFO - Exporting env vars: AIRFLOW_CTX_DAG_OWNER='***' AIRFLOW_CTX_DAG_ID='credit_default_ml_pipeline' AIRFLOW_CTX_TASK_ID='monitoring.logreg_monitor' AIRFLOW_CTX_EXECUTION_DATE='2024-02-01T00:00:00+00:00' AIRFLOW_CTX_TRY_NUMBER='1' AIRFLOW_CTX_DAG_RUN_ID='scheduled__2024-02-01T00:00:00+00:00'
[2026-06-20T15:48:59.826+0000] {taskinstance.py:430} INFO - ::endgroup::
[2026-06-20T15:48:59.831+0000] {subprocess.py:63} INFO - Tmp dir root location: /tmp
[2026-06-20T15:48:59.832+0000] {subprocess.py:75} INFO - Running command: ['/usr/bin/bash', '-c', 'cd /opt/***/scripts && if [ ! -f model_bank/champion.txt ]; then echo \'[SKIP] no champion.txt for 2024-02-01\'; exit 0; fi && python3 model_monitor.py --snapshotdate "2024-02-01" --modelname "credit_logreg_2024_09_01.pkl"']
[2026-06-20T15:48:59.837+0000] {subprocess.py:86} INFO - Output:
[2026-06-20T15:48:59.839+0000] {subprocess.py:93} INFO - [SKIP] no champion.txt for 2024-02-01
[2026-06-20T15:48:59.839+0000] {subprocess.py:97} INFO - Command exited with return code 0
[2026-06-20T15:48:59.840+0000] {taskinstance.py:441} INFO - ::group::Post task execution logs
[2026-06-20T15:48:59.849+0000] {taskinstance.py:1206} INFO - Marking task as SUCCESS. dag_id=credit_default_ml_pipeline, task_id=monitoring.logreg_monitor, run_id=scheduled__2024-02-01T00:00:00+00:00, execution_date=20240201T000000, start_date=20260620T154859, end_date=20260620T154859
[2026-06-20T15:48:59.865+0000] {local_task_job_runner.py:243} INFO - Task exited with return code 0
[2026-06-20T15:48:59.869+0000] {local_task_job_runner.py:222} INFO - ::endgroup::
[2026-06-20T17:43:50.266+0000] {local_task_job_runner.py:120} INFO - ::group::Pre task execution logs
[2026-06-20T17:43:50.278+0000] {taskinstance.py:2076} INFO - Dependencies all met for dep_context=non-requeueable deps ti=<TaskInstance: credit_default_ml_pipeline.monitoring.logreg_monitor scheduled__2024-02-01T00:00:00+00:00 [queued]>
[2026-06-20T17:43:50.282+0000] {taskinstance.py:2076} INFO - Dependencies all met for dep_context=requeueable deps ti=<TaskInstance: credit_default_ml_pipeline.monitoring.logreg_monitor scheduled__2024-02-01T00:00:00+00:00 [queued]>
[2026-06-20T17:43:50.282+0000] {taskinstance.py:2306} INFO - Starting attempt 1 of 2
[2026-06-20T17:43:50.368+0000] {taskinstance.py:2330} INFO - Executing <Task(BashOperator): monitoring.logreg_monitor> on 2024-02-01 00:00:00+00:00
[2026-06-20T17:43:50.373+0000] {logging_mixin.py:188} WARNING - /home/***/.local/lib/python3.12/site-packages/***/task/task_runner/standard_task_runner.py:62 DeprecationWarning: This process (pid=44691) is multi-threaded, use of fork() may lead to deadlocks in the child.
[2026-06-20T17:43:50.373+0000] {standard_task_runner.py:90} INFO - Running: ['***', 'tasks', 'run', 'credit_default_ml_pipeline', 'monitoring.logreg_monitor', 'scheduled__2024-02-01T00:00:00+00:00', '--job-id', '3245', '--raw', '--subdir', 'DAGS_FOLDER/dag.py', '--cfg-path', '/tmp/tmpwn41b7d7']
[2026-06-20T17:43:50.374+0000] {standard_task_runner.py:64} INFO - Started process 44696 to run task
[2026-06-20T17:43:50.374+0000] {standard_task_runner.py:91} INFO - Job 3245: Subtask monitoring.logreg_monitor
[2026-06-20T17:43:50.397+0000] {task_command.py:426} INFO - Running <TaskInstance: credit_default_ml_pipeline.monitoring.logreg_monitor scheduled__2024-02-01T00:00:00+00:00 [running]> on host 9cf341f51c89
[2026-06-20T17:43:50.426+0000] {taskinstance.py:2648} INFO - Exporting env vars: AIRFLOW_CTX_DAG_OWNER='***' AIRFLOW_CTX_DAG_ID='credit_default_ml_pipeline' AIRFLOW_CTX_TASK_ID='monitoring.logreg_monitor' AIRFLOW_CTX_EXECUTION_DATE='2024-02-01T00:00:00+00:00' AIRFLOW_CTX_TRY_NUMBER='1' AIRFLOW_CTX_DAG_RUN_ID='scheduled__2024-02-01T00:00:00+00:00'
[2026-06-20T17:43:50.427+0000] {taskinstance.py:430} INFO - ::endgroup::
[2026-06-20T17:43:50.433+0000] {subprocess.py:63} INFO - Tmp dir root location: /tmp
[2026-06-20T17:43:50.433+0000] {subprocess.py:75} INFO - Running command: ['/usr/bin/bash', '-c', 'cd /opt/***/scripts && if [ ! -f model_bank/champion.txt ]; then echo \'[SKIP] no champion.txt for 2024-02-01\'; exit 0; fi && python3 model_monitor.py --snapshotdate "2024-02-01" --modelname "credit_logreg_2024_09_01.pkl"']
[2026-06-20T17:43:50.438+0000] {subprocess.py:86} INFO - Output:
[2026-06-20T17:43:50.439+0000] {subprocess.py:93} INFO - [SKIP] no champion.txt for 2024-02-01
[2026-06-20T17:43:50.440+0000] {subprocess.py:97} INFO - Command exited with return code 0
[2026-06-20T17:43:50.441+0000] {taskinstance.py:441} INFO - ::group::Post task execution logs
[2026-06-20T17:43:50.452+0000] {taskinstance.py:1206} INFO - Marking task as SUCCESS. dag_id=credit_default_ml_pipeline, task_id=monitoring.logreg_monitor, run_id=scheduled__2024-02-01T00:00:00+00:00, execution_date=20240201T000000, start_date=20260620T174350, end_date=20260620T174350
[2026-06-20T17:43:50.471+0000] {local_task_job_runner.py:243} INFO - Task exited with return code 0
[2026-06-20T17:43:50.481+0000] {taskinstance.py:3503} INFO - 0 downstream tasks scheduled from follow-on schedule check
[2026-06-20T17:43:50.482+0000] {local_task_job_runner.py:222} INFO - ::endgroup::
[2026-06-21T02:40:05.372+0000] {local_task_job_runner.py:120} INFO - ::group::Pre task execution logs
[2026-06-21T02:40:05.384+0000] {taskinstance.py:2076} INFO - Dependencies all met for dep_context=non-requeueable deps ti=<TaskInstance: credit_default_ml_pipeline.monitoring.logreg_monitor scheduled__2024-02-01T00:00:00+00:00 [queued]>
[2026-06-21T02:40:05.387+0000] {taskinstance.py:2076} INFO - Dependencies all met for dep_context=requeueable deps ti=<TaskInstance: credit_default_ml_pipeline.monitoring.logreg_monitor scheduled__2024-02-01T00:00:00+00:00 [queued]>
[2026-06-21T02:40:05.388+0000] {taskinstance.py:2306} INFO - Starting attempt 1 of 2
[2026-06-21T02:40:05.393+0000] {taskinstance.py:2330} INFO - Executing <Task(BashOperator): monitoring.logreg_monitor> on 2024-02-01 00:00:00+00:00
[2026-06-21T02:40:05.398+0000] {logging_mixin.py:188} WARNING - /home/***/.local/lib/python3.12/site-packages/***/task/task_runner/standard_task_runner.py:62 DeprecationWarning: This process (pid=44491) is multi-threaded, use of fork() may lead to deadlocks in the child.
[2026-06-21T02:40:05.399+0000] {standard_task_runner.py:64} INFO - Started process 44496 to run task
[2026-06-21T02:40:05.398+0000] {standard_task_runner.py:90} INFO - Running: ['***', 'tasks', 'run', 'credit_default_ml_pipeline', 'monitoring.logreg_monitor', 'scheduled__2024-02-01T00:00:00+00:00', '--job-id', '3711', '--raw', '--subdir', 'DAGS_FOLDER/dag.py', '--cfg-path', '/tmp/tmp19rnh3fn']
[2026-06-21T02:40:05.400+0000] {standard_task_runner.py:91} INFO - Job 3711: Subtask monitoring.logreg_monitor
[2026-06-21T02:40:05.423+0000] {task_command.py:426} INFO - Running <TaskInstance: credit_default_ml_pipeline.monitoring.logreg_monitor scheduled__2024-02-01T00:00:00+00:00 [running]> on host f6e9e2801916
[2026-06-21T02:40:05.550+0000] {taskinstance.py:2648} INFO - Exporting env vars: AIRFLOW_CTX_DAG_OWNER='***' AIRFLOW_CTX_DAG_ID='credit_default_ml_pipeline' AIRFLOW_CTX_TASK_ID='monitoring.logreg_monitor' AIRFLOW_CTX_EXECUTION_DATE='2024-02-01T00:00:00+00:00' AIRFLOW_CTX_TRY_NUMBER='1' AIRFLOW_CTX_DAG_RUN_ID='scheduled__2024-02-01T00:00:00+00:00'
[2026-06-21T02:40:05.552+0000] {taskinstance.py:430} INFO - ::endgroup::
[2026-06-21T02:40:05.557+0000] {subprocess.py:63} INFO - Tmp dir root location: /tmp
[2026-06-21T02:40:05.558+0000] {subprocess.py:75} INFO - Running command: ['/usr/bin/bash', '-c', 'cd /opt/***/scripts && if [ ! -f model_bank/champion.txt ]; then echo \'[SKIP] no champion.txt for 2024-02-01\'; exit 0; fi && python3 model_monitor.py --snapshotdate "2024-02-01" --modelname "credit_logreg_2024_09_01.pkl"']
[2026-06-21T02:40:05.564+0000] {subprocess.py:86} INFO - Output:
[2026-06-21T02:40:05.565+0000] {subprocess.py:93} INFO - [SKIP] no champion.txt for 2024-02-01
[2026-06-21T02:40:05.566+0000] {subprocess.py:97} INFO - Command exited with return code 0
[2026-06-21T02:40:05.566+0000] {taskinstance.py:441} INFO - ::group::Post task execution logs
[2026-06-21T02:40:05.576+0000] {taskinstance.py:1206} INFO - Marking task as SUCCESS. dag_id=credit_default_ml_pipeline, task_id=monitoring.logreg_monitor, run_id=scheduled__2024-02-01T00:00:00+00:00, execution_date=20240201T000000, start_date=20260621T024005, end_date=20260621T024005
[2026-06-21T02:40:05.620+0000] {local_task_job_runner.py:243} INFO - Task exited with return code 0
[2026-06-21T02:40:05.624+0000] {local_task_job_runner.py:222} INFO - ::endgroup::
[2026-06-21T06:06:47.968+0000] {local_task_job_runner.py:120} INFO - ::group::Pre task execution logs
[2026-06-21T06:06:47.983+0000] {taskinstance.py:2076} INFO - Dependencies all met for dep_context=non-requeueable deps ti=<TaskInstance: credit_default_ml_pipeline.monitoring.logreg_monitor scheduled__2024-02-01T00:00:00+00:00 [queued]>
[2026-06-21T06:06:47.991+0000] {taskinstance.py:2076} INFO - Dependencies all met for dep_context=requeueable deps ti=<TaskInstance: credit_default_ml_pipeline.monitoring.logreg_monitor scheduled__2024-02-01T00:00:00+00:00 [queued]>
[2026-06-21T06:06:47.991+0000] {taskinstance.py:2306} INFO - Starting attempt 1 of 2
[2026-06-21T06:06:48.091+0000] {taskinstance.py:2330} INFO - Executing <Task(BashOperator): monitoring.logreg_monitor> on 2024-02-01 00:00:00+00:00
[2026-06-21T06:06:48.095+0000] {logging_mixin.py:188} WARNING - /home/***/.local/lib/python3.12/site-packages/***/task/task_runner/standard_task_runner.py:62 DeprecationWarning: This process (pid=45544) is multi-threaded, use of fork() may lead to deadlocks in the child.
[2026-06-21T06:06:48.096+0000] {standard_task_runner.py:64} INFO - Started process 45551 to run task
[2026-06-21T06:06:48.096+0000] {standard_task_runner.py:90} INFO - Running: ['***', 'tasks', 'run', 'credit_default_ml_pipeline', 'monitoring.logreg_monitor', 'scheduled__2024-02-01T00:00:00+00:00', '--job-id', '4173', '--raw', '--subdir', 'DAGS_FOLDER/dag.py', '--cfg-path', '/tmp/tmp_npky0_l']
[2026-06-21T06:06:48.097+0000] {standard_task_runner.py:91} INFO - Job 4173: Subtask monitoring.logreg_monitor
[2026-06-21T06:06:48.120+0000] {task_command.py:426} INFO - Running <TaskInstance: credit_default_ml_pipeline.monitoring.logreg_monitor scheduled__2024-02-01T00:00:00+00:00 [running]> on host 9377a3f0491f
[2026-06-21T06:06:48.154+0000] {taskinstance.py:2648} INFO - Exporting env vars: AIRFLOW_CTX_DAG_OWNER='***' AIRFLOW_CTX_DAG_ID='credit_default_ml_pipeline' AIRFLOW_CTX_TASK_ID='monitoring.logreg_monitor' AIRFLOW_CTX_EXECUTION_DATE='2024-02-01T00:00:00+00:00' AIRFLOW_CTX_TRY_NUMBER='1' AIRFLOW_CTX_DAG_RUN_ID='scheduled__2024-02-01T00:00:00+00:00'
[2026-06-21T06:06:48.155+0000] {taskinstance.py:430} INFO - ::endgroup::
[2026-06-21T06:06:48.161+0000] {subprocess.py:63} INFO - Tmp dir root location: /tmp
[2026-06-21T06:06:48.161+0000] {subprocess.py:75} INFO - Running command: ['/usr/bin/bash', '-c', 'cd /opt/***/scripts && if [ ! -f model_bank/champion.txt ]; then echo \'[SKIP] no champion.txt for 2024-02-01\'; exit 0; fi && python3 model_monitor.py --snapshotdate "2024-02-01" --modelname "credit_logreg_2024_09_01.pkl"']
[2026-06-21T06:06:48.166+0000] {subprocess.py:86} INFO - Output:
[2026-06-21T06:06:48.167+0000] {subprocess.py:93} INFO - [SKIP] no champion.txt for 2024-02-01
[2026-06-21T06:06:48.168+0000] {subprocess.py:97} INFO - Command exited with return code 0
[2026-06-21T06:06:48.168+0000] {taskinstance.py:441} INFO - ::group::Post task execution logs
[2026-06-21T06:06:48.180+0000] {taskinstance.py:1206} INFO - Marking task as SUCCESS. dag_id=credit_default_ml_pipeline, task_id=monitoring.logreg_monitor, run_id=scheduled__2024-02-01T00:00:00+00:00, execution_date=20240201T000000, start_date=20260621T060647, end_date=20260621T060648
[2026-06-21T06:06:48.194+0000] {local_task_job_runner.py:243} INFO - Task exited with return code 0
[2026-06-21T06:06:48.200+0000] {local_task_job_runner.py:222} INFO - ::endgroup::
