[2026-06-17T00:32:48.328+0000] {local_task_job_runner.py:120} INFO - ::group::Pre task execution logs
[2026-06-17T00:32:48.350+0000] {taskinstance.py:2076} INFO - Dependencies all met for dep_context=non-requeueable deps ti=<TaskInstance: credit_default_ml_pipeline.feature_pipeline.gold_feature_store scheduled__2023-01-01T00:00:00+00:00 [queued]>
[2026-06-17T00:32:48.360+0000] {taskinstance.py:2076} INFO - Dependencies all met for dep_context=requeueable deps ti=<TaskInstance: credit_default_ml_pipeline.feature_pipeline.gold_feature_store scheduled__2023-01-01T00:00:00+00:00 [queued]>
[2026-06-17T00:32:48.360+0000] {taskinstance.py:2306} INFO - Starting attempt 2 of 3
[2026-06-17T00:32:48.374+0000] {taskinstance.py:2330} INFO - Executing <Task(BashOperator): feature_pipeline.gold_feature_store> on 2023-01-01 00:00:00+00:00
[2026-06-17T00:32:48.385+0000] {standard_task_runner.py:90} INFO - Running: ['***', 'tasks', 'run', 'credit_default_ml_pipeline', 'feature_pipeline.gold_feature_store', 'scheduled__2023-01-01T00:00:00+00:00', '--job-id', '420', '--raw', '--subdir', 'DAGS_FOLDER/dag.py', '--cfg-path', '/tmp/tmp_8csseef']
[2026-06-17T00:32:48.387+0000] {logging_mixin.py:188} WARNING - /home/***/.local/lib/python3.12/site-packages/***/task/task_runner/standard_task_runner.py:62 DeprecationWarning: This process (pid=41549) is multi-threaded, use of fork() may lead to deadlocks in the child.
[2026-06-17T00:32:48.388+0000] {standard_task_runner.py:91} INFO - Job 420: Subtask feature_pipeline.gold_feature_store
[2026-06-17T00:32:48.388+0000] {standard_task_runner.py:64} INFO - Started process 41553 to run task
[2026-06-17T00:32:48.422+0000] {task_command.py:426} INFO - Running <TaskInstance: credit_default_ml_pipeline.feature_pipeline.gold_feature_store scheduled__2023-01-01T00:00:00+00:00 [running]> on host 2b9b50b7433d
[2026-06-17T00:32:48.490+0000] {taskinstance.py:2648} INFO - Exporting env vars: AIRFLOW_CTX_DAG_OWNER='***' AIRFLOW_CTX_DAG_ID='credit_default_ml_pipeline' AIRFLOW_CTX_TASK_ID='feature_pipeline.gold_feature_store' AIRFLOW_CTX_EXECUTION_DATE='2023-01-01T00:00:00+00:00' AIRFLOW_CTX_TRY_NUMBER='2' AIRFLOW_CTX_DAG_RUN_ID='scheduled__2023-01-01T00:00:00+00:00'
[2026-06-17T00:32:48.492+0000] {taskinstance.py:430} INFO - ::endgroup::
[2026-06-17T00:32:48.500+0000] {subprocess.py:63} INFO - Tmp dir root location: /tmp
[2026-06-17T00:32:48.502+0000] {subprocess.py:75} INFO - Running command: ['/usr/bin/bash', '-c', 'cd /opt/***/scripts && python3 gold_feature_store.py --snapshotdate "2023-01-01"']
[2026-06-17T00:32:48.513+0000] {subprocess.py:86} INFO - Output:
[2026-06-17T00:32:49.904+0000] {subprocess.py:93} INFO - Setting default log level to "WARN".
[2026-06-17T00:32:49.905+0000] {subprocess.py:93} INFO - To adjust logging level use sc.setLogLevel(newLevel). For SparkR, use setLogLevel(newLevel).
[2026-06-17T00:32:50.062+0000] {subprocess.py:93} INFO - 26/06/17 00:32:50 WARN NativeCodeLoader: Unable to load native-hadoop library for your platform... using builtin-java classes where applicable
[2026-06-17T00:33:04.450+0000] {subprocess.py:93} INFO - [Stage 11:>                                                         (0 + 8) / 8]                                                                                [Stage 63:>                                                         (0 + 1) / 1]
[2026-06-17T00:33:04.459+0000] {subprocess.py:93} INFO - --- gold feature 2023-01-01 ---
[2026-06-17T00:33:04.461+0000] {subprocess.py:93} INFO - 
[2026-06-17T00:33:04.463+0000] {subprocess.py:93} INFO - [gold:feature] 2023-01-01 applications (mob=0): 530
[2026-06-17T00:33:04.464+0000] {subprocess.py:93} INFO - [gold:feature] saved to: datamart/gold/feature_store/gold_feature_store_2023_01_01.parquet (530 rows, 86 cols)
[2026-06-17T00:33:04.464+0000] {subprocess.py:93} INFO - 
[2026-06-17T00:33:04.465+0000] {subprocess.py:93} INFO - --- done ---
[2026-06-17T00:33:04.466+0000] {subprocess.py:93} INFO - 
[2026-06-17T00:33:04.974+0000] {subprocess.py:97} INFO - Command exited with return code 0
[2026-06-17T00:33:04.977+0000] {taskinstance.py:441} INFO - ::group::Post task execution logs
[2026-06-17T00:33:05.006+0000] {taskinstance.py:1206} INFO - Marking task as SUCCESS. dag_id=credit_default_ml_pipeline, task_id=feature_pipeline.gold_feature_store, run_id=scheduled__2023-01-01T00:00:00+00:00, execution_date=20230101T000000, start_date=20260617T003248, end_date=20260617T003305
[2026-06-17T00:33:05.027+0000] {local_task_job_runner.py:243} INFO - Task exited with return code 0
[2026-06-17T00:33:05.044+0000] {taskinstance.py:3503} INFO - 0 downstream tasks scheduled from follow-on schedule check
[2026-06-17T00:33:05.045+0000] {local_task_job_runner.py:222} INFO - ::endgroup::
[2026-06-20T05:18:01.244+0000] {local_task_job_runner.py:120} INFO - ::group::Pre task execution logs
[2026-06-20T05:18:01.256+0000] {taskinstance.py:2076} INFO - Dependencies all met for dep_context=non-requeueable deps ti=<TaskInstance: credit_default_ml_pipeline.feature_pipeline.gold_feature_store scheduled__2023-01-01T00:00:00+00:00 [queued]>
[2026-06-20T05:18:01.259+0000] {taskinstance.py:2076} INFO - Dependencies all met for dep_context=requeueable deps ti=<TaskInstance: credit_default_ml_pipeline.feature_pipeline.gold_feature_store scheduled__2023-01-01T00:00:00+00:00 [queued]>
[2026-06-20T05:18:01.260+0000] {taskinstance.py:2306} INFO - Starting attempt 2 of 2
[2026-06-20T05:18:01.265+0000] {taskinstance.py:2330} INFO - Executing <Task(BashOperator): feature_pipeline.gold_feature_store> on 2023-01-01 00:00:00+00:00
[2026-06-20T05:18:01.269+0000] {logging_mixin.py:188} WARNING - /home/***/.local/lib/python3.12/site-packages/***/task/task_runner/standard_task_runner.py:62 DeprecationWarning: This process (pid=706) is multi-threaded, use of fork() may lead to deadlocks in the child.
[2026-06-20T05:18:01.270+0000] {standard_task_runner.py:64} INFO - Started process 708 to run task
[2026-06-20T05:18:01.270+0000] {standard_task_runner.py:90} INFO - Running: ['***', 'tasks', 'run', 'credit_default_ml_pipeline', 'feature_pipeline.gold_feature_store', 'scheduled__2023-01-01T00:00:00+00:00', '--job-id', '1390', '--raw', '--subdir', 'DAGS_FOLDER/dag.py', '--cfg-path', '/tmp/tmp5o5h4b4t']
[2026-06-20T05:18:01.271+0000] {standard_task_runner.py:91} INFO - Job 1390: Subtask feature_pipeline.gold_feature_store
[2026-06-20T05:18:01.360+0000] {task_command.py:426} INFO - Running <TaskInstance: credit_default_ml_pipeline.feature_pipeline.gold_feature_store scheduled__2023-01-01T00:00:00+00:00 [running]> on host 9cf341f51c89
[2026-06-20T05:18:01.383+0000] {taskinstance.py:2648} INFO - Exporting env vars: AIRFLOW_CTX_DAG_OWNER='***' AIRFLOW_CTX_DAG_ID='credit_default_ml_pipeline' AIRFLOW_CTX_TASK_ID='feature_pipeline.gold_feature_store' AIRFLOW_CTX_EXECUTION_DATE='2023-01-01T00:00:00+00:00' AIRFLOW_CTX_TRY_NUMBER='2' AIRFLOW_CTX_DAG_RUN_ID='scheduled__2023-01-01T00:00:00+00:00'
[2026-06-20T05:18:01.384+0000] {taskinstance.py:430} INFO - ::endgroup::
[2026-06-20T05:18:01.388+0000] {subprocess.py:63} INFO - Tmp dir root location: /tmp
[2026-06-20T05:18:01.389+0000] {subprocess.py:75} INFO - Running command: ['/usr/bin/bash', '-c', 'cd /opt/***/scripts && python3 gold_feature_store.py --snapshotdate "2023-01-01"']
[2026-06-20T05:18:01.392+0000] {subprocess.py:86} INFO - Output:
[2026-06-20T05:18:02.394+0000] {subprocess.py:93} INFO - Setting default log level to "WARN".
[2026-06-20T05:18:02.395+0000] {subprocess.py:93} INFO - To adjust logging level use sc.setLogLevel(newLevel). For SparkR, use setLogLevel(newLevel).
[2026-06-20T05:18:02.519+0000] {subprocess.py:93} INFO - 26/06/20 05:18:02 WARN NativeCodeLoader: Unable to load native-hadoop library for your platform... using builtin-java classes where applicable
[2026-06-20T05:18:12.642+0000] {subprocess.py:93} INFO - [Stage 62:>                                                         (0 + 1) / 1]
[2026-06-20T05:18:12.646+0000] {subprocess.py:93} INFO - --- gold feature 2023-01-01 ---
[2026-06-20T05:18:12.646+0000] {subprocess.py:93} INFO - 
[2026-06-20T05:18:12.647+0000] {subprocess.py:93} INFO - [gold:feature] 2023-01-01 applications (mob=0): 530
[2026-06-20T05:18:12.650+0000] {subprocess.py:93} INFO - [gold:feature] saved to: datamart/gold/feature_store/gold_feature_store_2023_01_01.parquet (530 rows, 86 cols)
[2026-06-20T05:18:12.653+0000] {subprocess.py:93} INFO - 
[2026-06-20T05:18:12.667+0000] {subprocess.py:93} INFO - --- done ---
[2026-06-20T05:18:12.668+0000] {subprocess.py:93} INFO - 
[2026-06-20T05:18:13.121+0000] {subprocess.py:97} INFO - Command exited with return code 0
[2026-06-20T05:18:13.122+0000] {taskinstance.py:441} INFO - ::group::Post task execution logs
[2026-06-20T05:18:13.142+0000] {taskinstance.py:1206} INFO - Marking task as SUCCESS. dag_id=credit_default_ml_pipeline, task_id=feature_pipeline.gold_feature_store, run_id=scheduled__2023-01-01T00:00:00+00:00, execution_date=20230101T000000, start_date=20260620T051801, end_date=20260620T051813
[2026-06-20T05:18:13.170+0000] {local_task_job_runner.py:243} INFO - Task exited with return code 0
[2026-06-20T05:18:13.181+0000] {taskinstance.py:3503} INFO - 0 downstream tasks scheduled from follow-on schedule check
[2026-06-20T05:18:13.183+0000] {local_task_job_runner.py:222} INFO - ::endgroup::
