[2026-06-20T05:53:18.466+0000] {local_task_job_runner.py:120} INFO - ::group::Pre task execution logs
[2026-06-20T05:53:18.481+0000] {taskinstance.py:2076} INFO - Dependencies all met for dep_context=non-requeueable deps ti=<TaskInstance: credit_default_ml_pipeline.inference.logreg_inference scheduled__2023-07-01T00:00:00+00:00 [queued]>
[2026-06-20T05:53:18.487+0000] {taskinstance.py:2076} INFO - Dependencies all met for dep_context=requeueable deps ti=<TaskInstance: credit_default_ml_pipeline.inference.logreg_inference scheduled__2023-07-01T00:00:00+00:00 [queued]>
[2026-06-20T05:53:18.488+0000] {taskinstance.py:2306} INFO - Starting attempt 1 of 2
[2026-06-20T05:53:18.559+0000] {taskinstance.py:2330} INFO - Executing <Task(BashOperator): inference.logreg_inference> on 2023-07-01 00:00:00+00:00
[2026-06-20T05:53:18.563+0000] {logging_mixin.py:188} WARNING - /home/***/.local/lib/python3.12/site-packages/***/task/task_runner/standard_task_runner.py:62 DeprecationWarning: This process (pid=32679) is multi-threaded, use of fork() may lead to deadlocks in the child.
[2026-06-20T05:53:18.563+0000] {standard_task_runner.py:64} INFO - Started process 32684 to run task
[2026-06-20T05:53:18.563+0000] {standard_task_runner.py:90} INFO - Running: ['***', 'tasks', 'run', 'credit_default_ml_pipeline', 'inference.logreg_inference', 'scheduled__2023-07-01T00:00:00+00:00', '--job-id', '1569', '--raw', '--subdir', 'DAGS_FOLDER/dag.py', '--cfg-path', '/tmp/tmpv930oco0']
[2026-06-20T05:53:18.564+0000] {standard_task_runner.py:91} INFO - Job 1569: Subtask inference.logreg_inference
[2026-06-20T05:53:18.581+0000] {task_command.py:426} INFO - Running <TaskInstance: credit_default_ml_pipeline.inference.logreg_inference scheduled__2023-07-01T00:00:00+00:00 [running]> on host 9cf341f51c89
[2026-06-20T05:53:18.604+0000] {taskinstance.py:2648} INFO - Exporting env vars: AIRFLOW_CTX_DAG_OWNER='***' AIRFLOW_CTX_DAG_ID='credit_default_ml_pipeline' AIRFLOW_CTX_TASK_ID='inference.logreg_inference' AIRFLOW_CTX_EXECUTION_DATE='2023-07-01T00:00:00+00:00' AIRFLOW_CTX_TRY_NUMBER='1' AIRFLOW_CTX_DAG_RUN_ID='scheduled__2023-07-01T00:00:00+00:00'
[2026-06-20T05:53:18.605+0000] {taskinstance.py:430} INFO - ::endgroup::
[2026-06-20T05:53:18.610+0000] {subprocess.py:63} INFO - Tmp dir root location: /tmp
[2026-06-20T05:53:18.610+0000] {subprocess.py:75} INFO - Running command: ['/usr/bin/bash', '-c', 'cd /opt/***/scripts && if [ ! -f model_bank/champion.txt ]; then echo \'[SKIP] no champion.txt for 2023-07-01\'; exit 0; fi && python3 model_inference.py --snapshotdate "2023-07-01" --modelname "credit_logreg_2024_09_01.pkl"']
[2026-06-20T05:53:18.614+0000] {subprocess.py:86} INFO - Output:
[2026-06-20T05:53:18.616+0000] {subprocess.py:93} INFO - [SKIP] no champion.txt for 2023-07-01
[2026-06-20T05:53:18.617+0000] {subprocess.py:97} INFO - Command exited with return code 0
[2026-06-20T05:53:18.617+0000] {taskinstance.py:441} INFO - ::group::Post task execution logs
[2026-06-20T05:53:18.626+0000] {taskinstance.py:1206} INFO - Marking task as SUCCESS. dag_id=credit_default_ml_pipeline, task_id=inference.logreg_inference, run_id=scheduled__2023-07-01T00:00:00+00:00, execution_date=20230701T000000, start_date=20260620T055318, end_date=20260620T055318
[2026-06-20T05:53:18.662+0000] {local_task_job_runner.py:243} INFO - Task exited with return code 0
[2026-06-20T05:53:18.668+0000] {local_task_job_runner.py:222} INFO - ::endgroup::
[2026-06-20T07:01:02.590+0000] {local_task_job_runner.py:120} INFO - ::group::Pre task execution logs
[2026-06-20T07:01:02.602+0000] {taskinstance.py:2076} INFO - Dependencies all met for dep_context=non-requeueable deps ti=<TaskInstance: credit_default_ml_pipeline.inference.logreg_inference scheduled__2023-07-01T00:00:00+00:00 [queued]>
[2026-06-20T07:01:02.608+0000] {taskinstance.py:2076} INFO - Dependencies all met for dep_context=requeueable deps ti=<TaskInstance: credit_default_ml_pipeline.inference.logreg_inference scheduled__2023-07-01T00:00:00+00:00 [queued]>
[2026-06-20T07:01:02.608+0000] {taskinstance.py:2306} INFO - Starting attempt 1 of 2
[2026-06-20T07:01:02.679+0000] {taskinstance.py:2330} INFO - Executing <Task(BashOperator): inference.logreg_inference> on 2023-07-01 00:00:00+00:00
[2026-06-20T07:01:02.683+0000] {logging_mixin.py:188} WARNING - /home/***/.local/lib/python3.12/site-packages/***/task/task_runner/standard_task_runner.py:62 DeprecationWarning: This process (pid=85604) is multi-threaded, use of fork() may lead to deadlocks in the child.
[2026-06-20T07:01:02.684+0000] {standard_task_runner.py:64} INFO - Started process 85607 to run task
[2026-06-20T07:01:02.683+0000] {standard_task_runner.py:90} INFO - Running: ['***', 'tasks', 'run', 'credit_default_ml_pipeline', 'inference.logreg_inference', 'scheduled__2023-07-01T00:00:00+00:00', '--job-id', '1881', '--raw', '--subdir', 'DAGS_FOLDER/dag.py', '--cfg-path', '/tmp/tmp1cok1guj']
[2026-06-20T07:01:02.685+0000] {standard_task_runner.py:91} INFO - Job 1881: Subtask inference.logreg_inference
[2026-06-20T07:01:02.705+0000] {task_command.py:426} INFO - Running <TaskInstance: credit_default_ml_pipeline.inference.logreg_inference scheduled__2023-07-01T00:00:00+00:00 [running]> on host 9cf341f51c89
[2026-06-20T07:01:02.734+0000] {taskinstance.py:2648} INFO - Exporting env vars: AIRFLOW_CTX_DAG_OWNER='***' AIRFLOW_CTX_DAG_ID='credit_default_ml_pipeline' AIRFLOW_CTX_TASK_ID='inference.logreg_inference' AIRFLOW_CTX_EXECUTION_DATE='2023-07-01T00:00:00+00:00' AIRFLOW_CTX_TRY_NUMBER='1' AIRFLOW_CTX_DAG_RUN_ID='scheduled__2023-07-01T00:00:00+00:00'
[2026-06-20T07:01:02.735+0000] {taskinstance.py:430} INFO - ::endgroup::
[2026-06-20T07:01:02.741+0000] {subprocess.py:63} INFO - Tmp dir root location: /tmp
[2026-06-20T07:01:02.742+0000] {subprocess.py:75} INFO - Running command: ['/usr/bin/bash', '-c', 'cd /opt/***/scripts && if [ ! -f model_bank/champion.txt ]; then echo \'[SKIP] no champion.txt for 2023-07-01\'; exit 0; fi && python3 model_inference.py --snapshotdate "2023-07-01" --modelname "credit_logreg_2024_09_01.pkl"']
[2026-06-20T07:01:02.746+0000] {subprocess.py:86} INFO - Output:
[2026-06-20T07:01:02.747+0000] {subprocess.py:93} INFO - [SKIP] no champion.txt for 2023-07-01
[2026-06-20T07:01:02.748+0000] {subprocess.py:97} INFO - Command exited with return code 0
[2026-06-20T07:01:02.748+0000] {taskinstance.py:441} INFO - ::group::Post task execution logs
[2026-06-20T07:01:02.758+0000] {taskinstance.py:1206} INFO - Marking task as SUCCESS. dag_id=credit_default_ml_pipeline, task_id=inference.logreg_inference, run_id=scheduled__2023-07-01T00:00:00+00:00, execution_date=20230701T000000, start_date=20260620T070102, end_date=20260620T070102
[2026-06-20T07:01:02.784+0000] {local_task_job_runner.py:243} INFO - Task exited with return code 0
[2026-06-20T07:01:02.792+0000] {local_task_job_runner.py:222} INFO - ::endgroup::
[2026-06-20T07:29:38.371+0000] {local_task_job_runner.py:120} INFO - ::group::Pre task execution logs
[2026-06-20T07:29:38.387+0000] {taskinstance.py:2076} INFO - Dependencies all met for dep_context=non-requeueable deps ti=<TaskInstance: credit_default_ml_pipeline.inference.logreg_inference scheduled__2023-07-01T00:00:00+00:00 [queued]>
[2026-06-20T07:29:38.395+0000] {taskinstance.py:2076} INFO - Dependencies all met for dep_context=requeueable deps ti=<TaskInstance: credit_default_ml_pipeline.inference.logreg_inference scheduled__2023-07-01T00:00:00+00:00 [queued]>
[2026-06-20T07:29:38.396+0000] {taskinstance.py:2306} INFO - Starting attempt 1 of 2
[2026-06-20T07:29:38.489+0000] {taskinstance.py:2330} INFO - Executing <Task(BashOperator): inference.logreg_inference> on 2023-07-01 00:00:00+00:00
[2026-06-20T07:29:38.493+0000] {logging_mixin.py:188} WARNING - /home/***/.local/lib/python3.12/site-packages/***/task/task_runner/standard_task_runner.py:62 DeprecationWarning: This process (pid=17262) is multi-threaded, use of fork() may lead to deadlocks in the child.
[2026-06-20T07:29:38.494+0000] {standard_task_runner.py:64} INFO - Started process 17265 to run task
[2026-06-20T07:29:38.493+0000] {standard_task_runner.py:90} INFO - Running: ['***', 'tasks', 'run', 'credit_default_ml_pipeline', 'inference.logreg_inference', 'scheduled__2023-07-01T00:00:00+00:00', '--job-id', '2061', '--raw', '--subdir', 'DAGS_FOLDER/dag.py', '--cfg-path', '/tmp/tmprf4vryxe']
[2026-06-20T07:29:38.495+0000] {standard_task_runner.py:91} INFO - Job 2061: Subtask inference.logreg_inference
[2026-06-20T07:29:38.517+0000] {task_command.py:426} INFO - Running <TaskInstance: credit_default_ml_pipeline.inference.logreg_inference scheduled__2023-07-01T00:00:00+00:00 [running]> on host 9cf341f51c89
[2026-06-20T07:29:38.546+0000] {taskinstance.py:2648} INFO - Exporting env vars: AIRFLOW_CTX_DAG_OWNER='***' AIRFLOW_CTX_DAG_ID='credit_default_ml_pipeline' AIRFLOW_CTX_TASK_ID='inference.logreg_inference' AIRFLOW_CTX_EXECUTION_DATE='2023-07-01T00:00:00+00:00' AIRFLOW_CTX_TRY_NUMBER='1' AIRFLOW_CTX_DAG_RUN_ID='scheduled__2023-07-01T00:00:00+00:00'
[2026-06-20T07:29:38.547+0000] {taskinstance.py:430} INFO - ::endgroup::
[2026-06-20T07:29:38.553+0000] {subprocess.py:63} INFO - Tmp dir root location: /tmp
[2026-06-20T07:29:38.554+0000] {subprocess.py:75} INFO - Running command: ['/usr/bin/bash', '-c', 'cd /opt/***/scripts && if [ ! -f model_bank/champion.txt ]; then echo \'[SKIP] no champion.txt for 2023-07-01\'; exit 0; fi && python3 model_inference.py --snapshotdate "2023-07-01" --modelname "credit_logreg_2024_09_01.pkl"']
[2026-06-20T07:29:38.558+0000] {subprocess.py:86} INFO - Output:
[2026-06-20T07:29:38.560+0000] {subprocess.py:93} INFO - [SKIP] no champion.txt for 2023-07-01
[2026-06-20T07:29:38.560+0000] {subprocess.py:97} INFO - Command exited with return code 0
[2026-06-20T07:29:38.561+0000] {taskinstance.py:441} INFO - ::group::Post task execution logs
[2026-06-20T07:29:38.574+0000] {taskinstance.py:1206} INFO - Marking task as SUCCESS. dag_id=credit_default_ml_pipeline, task_id=inference.logreg_inference, run_id=scheduled__2023-07-01T00:00:00+00:00, execution_date=20230701T000000, start_date=20260620T072938, end_date=20260620T072938
[2026-06-20T07:29:38.592+0000] {local_task_job_runner.py:243} INFO - Task exited with return code 0
[2026-06-20T07:29:38.603+0000] {taskinstance.py:3503} INFO - 0 downstream tasks scheduled from follow-on schedule check
[2026-06-20T07:29:38.604+0000] {local_task_job_runner.py:222} INFO - ::endgroup::
[2026-06-20T15:29:17.590+0000] {local_task_job_runner.py:120} INFO - ::group::Pre task execution logs
[2026-06-20T15:29:17.602+0000] {taskinstance.py:2076} INFO - Dependencies all met for dep_context=non-requeueable deps ti=<TaskInstance: credit_default_ml_pipeline.inference.logreg_inference scheduled__2023-07-01T00:00:00+00:00 [queued]>
[2026-06-20T15:29:17.605+0000] {taskinstance.py:2076} INFO - Dependencies all met for dep_context=requeueable deps ti=<TaskInstance: credit_default_ml_pipeline.inference.logreg_inference scheduled__2023-07-01T00:00:00+00:00 [queued]>
[2026-06-20T15:29:17.605+0000] {taskinstance.py:2306} INFO - Starting attempt 1 of 2
[2026-06-20T15:29:17.679+0000] {taskinstance.py:2330} INFO - Executing <Task(BashOperator): inference.logreg_inference> on 2023-07-01 00:00:00+00:00
[2026-06-20T15:29:17.683+0000] {logging_mixin.py:188} WARNING - /home/***/.local/lib/python3.12/site-packages/***/task/task_runner/standard_task_runner.py:62 DeprecationWarning: This process (pid=4035) is multi-threaded, use of fork() may lead to deadlocks in the child.
[2026-06-20T15:29:17.684+0000] {standard_task_runner.py:64} INFO - Started process 4038 to run task
[2026-06-20T15:29:17.685+0000] {standard_task_runner.py:90} INFO - Running: ['***', 'tasks', 'run', 'credit_default_ml_pipeline', 'inference.logreg_inference', 'scheduled__2023-07-01T00:00:00+00:00', '--job-id', '2531', '--raw', '--subdir', 'DAGS_FOLDER/dag.py', '--cfg-path', '/tmp/tmp__c9lz5s']
[2026-06-20T15:29:17.686+0000] {standard_task_runner.py:91} INFO - Job 2531: Subtask inference.logreg_inference
[2026-06-20T15:29:17.705+0000] {task_command.py:426} INFO - Running <TaskInstance: credit_default_ml_pipeline.inference.logreg_inference scheduled__2023-07-01T00:00:00+00:00 [running]> on host 9cf341f51c89
[2026-06-20T15:29:17.734+0000] {taskinstance.py:2648} INFO - Exporting env vars: AIRFLOW_CTX_DAG_OWNER='***' AIRFLOW_CTX_DAG_ID='credit_default_ml_pipeline' AIRFLOW_CTX_TASK_ID='inference.logreg_inference' AIRFLOW_CTX_EXECUTION_DATE='2023-07-01T00:00:00+00:00' AIRFLOW_CTX_TRY_NUMBER='1' AIRFLOW_CTX_DAG_RUN_ID='scheduled__2023-07-01T00:00:00+00:00'
[2026-06-20T15:29:17.735+0000] {taskinstance.py:430} INFO - ::endgroup::
[2026-06-20T15:29:17.740+0000] {subprocess.py:63} INFO - Tmp dir root location: /tmp
[2026-06-20T15:29:17.740+0000] {subprocess.py:75} INFO - Running command: ['/usr/bin/bash', '-c', 'cd /opt/***/scripts && if [ ! -f model_bank/champion.txt ]; then echo \'[SKIP] no champion.txt for 2023-07-01\'; exit 0; fi && python3 model_inference.py --snapshotdate "2023-07-01" --modelname "credit_logreg_2024_09_01.pkl"']
[2026-06-20T15:29:17.744+0000] {subprocess.py:86} INFO - Output:
[2026-06-20T15:29:17.745+0000] {subprocess.py:93} INFO - [SKIP] no champion.txt for 2023-07-01
[2026-06-20T15:29:17.745+0000] {subprocess.py:97} INFO - Command exited with return code 0
[2026-06-20T15:29:17.746+0000] {taskinstance.py:441} INFO - ::group::Post task execution logs
[2026-06-20T15:29:17.756+0000] {taskinstance.py:1206} INFO - Marking task as SUCCESS. dag_id=credit_default_ml_pipeline, task_id=inference.logreg_inference, run_id=scheduled__2023-07-01T00:00:00+00:00, execution_date=20230701T000000, start_date=20260620T152917, end_date=20260620T152917
[2026-06-20T15:29:17.782+0000] {local_task_job_runner.py:243} INFO - Task exited with return code 0
[2026-06-20T15:29:17.793+0000] {taskinstance.py:3503} INFO - 0 downstream tasks scheduled from follow-on schedule check
[2026-06-20T15:29:17.794+0000] {local_task_job_runner.py:222} INFO - ::endgroup::
[2026-06-20T17:21:55.821+0000] {local_task_job_runner.py:120} INFO - ::group::Pre task execution logs
[2026-06-20T17:21:55.844+0000] {taskinstance.py:2076} INFO - Dependencies all met for dep_context=non-requeueable deps ti=<TaskInstance: credit_default_ml_pipeline.inference.logreg_inference scheduled__2023-07-01T00:00:00+00:00 [queued]>
[2026-06-20T17:21:55.853+0000] {taskinstance.py:2076} INFO - Dependencies all met for dep_context=requeueable deps ti=<TaskInstance: credit_default_ml_pipeline.inference.logreg_inference scheduled__2023-07-01T00:00:00+00:00 [queued]>
[2026-06-20T17:21:55.854+0000] {taskinstance.py:2306} INFO - Starting attempt 1 of 2
[2026-06-20T17:21:55.969+0000] {taskinstance.py:2330} INFO - Executing <Task(BashOperator): inference.logreg_inference> on 2023-07-01 00:00:00+00:00
[2026-06-20T17:21:55.975+0000] {logging_mixin.py:188} WARNING - /home/***/.local/lib/python3.12/site-packages/***/task/task_runner/standard_task_runner.py:62 DeprecationWarning: This process (pid=21958) is multi-threaded, use of fork() may lead to deadlocks in the child.
[2026-06-20T17:21:55.976+0000] {standard_task_runner.py:64} INFO - Started process 21962 to run task
[2026-06-20T17:21:55.976+0000] {standard_task_runner.py:90} INFO - Running: ['***', 'tasks', 'run', 'credit_default_ml_pipeline', 'inference.logreg_inference', 'scheduled__2023-07-01T00:00:00+00:00', '--job-id', '3110', '--raw', '--subdir', 'DAGS_FOLDER/dag.py', '--cfg-path', '/tmp/tmp55_i3zbg']
[2026-06-20T17:21:55.978+0000] {standard_task_runner.py:91} INFO - Job 3110: Subtask inference.logreg_inference
[2026-06-20T17:21:56.005+0000] {task_command.py:426} INFO - Running <TaskInstance: credit_default_ml_pipeline.inference.logreg_inference scheduled__2023-07-01T00:00:00+00:00 [running]> on host 9cf341f51c89
[2026-06-20T17:21:56.047+0000] {taskinstance.py:2648} INFO - Exporting env vars: AIRFLOW_CTX_DAG_OWNER='***' AIRFLOW_CTX_DAG_ID='credit_default_ml_pipeline' AIRFLOW_CTX_TASK_ID='inference.logreg_inference' AIRFLOW_CTX_EXECUTION_DATE='2023-07-01T00:00:00+00:00' AIRFLOW_CTX_TRY_NUMBER='1' AIRFLOW_CTX_DAG_RUN_ID='scheduled__2023-07-01T00:00:00+00:00'
[2026-06-20T17:21:56.048+0000] {taskinstance.py:430} INFO - ::endgroup::
[2026-06-20T17:21:56.055+0000] {subprocess.py:63} INFO - Tmp dir root location: /tmp
[2026-06-20T17:21:56.056+0000] {subprocess.py:75} INFO - Running command: ['/usr/bin/bash', '-c', 'cd /opt/***/scripts && if [ ! -f model_bank/champion.txt ]; then echo \'[SKIP] no champion.txt for 2023-07-01\'; exit 0; fi && python3 model_inference.py --snapshotdate "2023-07-01" --modelname "credit_logreg_2024_09_01.pkl"']
[2026-06-20T17:21:56.061+0000] {subprocess.py:86} INFO - Output:
[2026-06-20T17:21:56.063+0000] {subprocess.py:93} INFO - [SKIP] no champion.txt for 2023-07-01
[2026-06-20T17:21:56.063+0000] {subprocess.py:97} INFO - Command exited with return code 0
[2026-06-20T17:21:56.064+0000] {taskinstance.py:441} INFO - ::group::Post task execution logs
[2026-06-20T17:21:56.078+0000] {taskinstance.py:1206} INFO - Marking task as SUCCESS. dag_id=credit_default_ml_pipeline, task_id=inference.logreg_inference, run_id=scheduled__2023-07-01T00:00:00+00:00, execution_date=20230701T000000, start_date=20260620T172155, end_date=20260620T172156
[2026-06-20T17:21:56.118+0000] {local_task_job_runner.py:243} INFO - Task exited with return code 0
[2026-06-20T17:21:56.129+0000] {local_task_job_runner.py:222} INFO - ::endgroup::
[2026-06-21T01:47:03.420+0000] {local_task_job_runner.py:120} INFO - ::group::Pre task execution logs
[2026-06-21T01:47:03.436+0000] {taskinstance.py:2076} INFO - Dependencies all met for dep_context=non-requeueable deps ti=<TaskInstance: credit_default_ml_pipeline.inference.logreg_inference scheduled__2023-07-01T00:00:00+00:00 [queued]>
[2026-06-21T01:47:03.442+0000] {taskinstance.py:2076} INFO - Dependencies all met for dep_context=requeueable deps ti=<TaskInstance: credit_default_ml_pipeline.inference.logreg_inference scheduled__2023-07-01T00:00:00+00:00 [queued]>
[2026-06-21T01:47:03.442+0000] {taskinstance.py:2306} INFO - Starting attempt 1 of 2
[2026-06-21T01:47:03.448+0000] {taskinstance.py:2330} INFO - Executing <Task(BashOperator): inference.logreg_inference> on 2023-07-01 00:00:00+00:00
[2026-06-21T01:47:03.452+0000] {logging_mixin.py:188} WARNING - /home/***/.local/lib/python3.12/site-packages/***/task/task_runner/standard_task_runner.py:62 DeprecationWarning: This process (pid=22197) is multi-threaded, use of fork() may lead to deadlocks in the child.
[2026-06-21T01:47:03.453+0000] {standard_task_runner.py:64} INFO - Started process 22201 to run task
[2026-06-21T01:47:03.452+0000] {standard_task_runner.py:90} INFO - Running: ['***', 'tasks', 'run', 'credit_default_ml_pipeline', 'inference.logreg_inference', 'scheduled__2023-07-01T00:00:00+00:00', '--job-id', '3574', '--raw', '--subdir', 'DAGS_FOLDER/dag.py', '--cfg-path', '/tmp/tmpjv18lmar']
[2026-06-21T01:47:03.455+0000] {standard_task_runner.py:91} INFO - Job 3574: Subtask inference.logreg_inference
[2026-06-21T01:47:03.473+0000] {task_command.py:426} INFO - Running <TaskInstance: credit_default_ml_pipeline.inference.logreg_inference scheduled__2023-07-01T00:00:00+00:00 [running]> on host f6e9e2801916
[2026-06-21T01:47:03.583+0000] {taskinstance.py:2648} INFO - Exporting env vars: AIRFLOW_CTX_DAG_OWNER='***' AIRFLOW_CTX_DAG_ID='credit_default_ml_pipeline' AIRFLOW_CTX_TASK_ID='inference.logreg_inference' AIRFLOW_CTX_EXECUTION_DATE='2023-07-01T00:00:00+00:00' AIRFLOW_CTX_TRY_NUMBER='1' AIRFLOW_CTX_DAG_RUN_ID='scheduled__2023-07-01T00:00:00+00:00'
[2026-06-21T01:47:03.584+0000] {taskinstance.py:430} INFO - ::endgroup::
[2026-06-21T01:47:03.588+0000] {subprocess.py:63} INFO - Tmp dir root location: /tmp
[2026-06-21T01:47:03.589+0000] {subprocess.py:75} INFO - Running command: ['/usr/bin/bash', '-c', 'cd /opt/***/scripts && if [ ! -f model_bank/champion.txt ]; then   echo \'[SKIP] no champion.txt for 2023-07-01\'; exit 0; fi && APP_DATE=$(python3 app_date_helper.py \'2023-07-01\') && python3 model_inference.py --snapshotdate "$APP_DATE" --labeldate "2023-07-01" --modelname "credit_logreg_2024_09_01.pkl"']
[2026-06-21T01:47:03.593+0000] {subprocess.py:86} INFO - Output:
[2026-06-21T01:47:03.594+0000] {subprocess.py:93} INFO - [SKIP] no champion.txt for 2023-07-01
[2026-06-21T01:47:03.595+0000] {subprocess.py:97} INFO - Command exited with return code 0
[2026-06-21T01:47:03.595+0000] {taskinstance.py:441} INFO - ::group::Post task execution logs
[2026-06-21T01:47:03.605+0000] {taskinstance.py:1206} INFO - Marking task as SUCCESS. dag_id=credit_default_ml_pipeline, task_id=inference.logreg_inference, run_id=scheduled__2023-07-01T00:00:00+00:00, execution_date=20230701T000000, start_date=20260621T014703, end_date=20260621T014703
[2026-06-21T01:47:03.635+0000] {local_task_job_runner.py:243} INFO - Task exited with return code 0
[2026-06-21T01:47:03.643+0000] {local_task_job_runner.py:222} INFO - ::endgroup::
[2026-06-21T05:42:57.374+0000] {local_task_job_runner.py:120} INFO - ::group::Pre task execution logs
[2026-06-21T05:42:57.400+0000] {taskinstance.py:2076} INFO - Dependencies all met for dep_context=non-requeueable deps ti=<TaskInstance: credit_default_ml_pipeline.inference.logreg_inference scheduled__2023-07-01T00:00:00+00:00 [queued]>
[2026-06-21T05:42:57.412+0000] {taskinstance.py:2076} INFO - Dependencies all met for dep_context=requeueable deps ti=<TaskInstance: credit_default_ml_pipeline.inference.logreg_inference scheduled__2023-07-01T00:00:00+00:00 [queued]>
[2026-06-21T05:42:57.413+0000] {taskinstance.py:2306} INFO - Starting attempt 1 of 2
[2026-06-21T05:42:57.551+0000] {taskinstance.py:2330} INFO - Executing <Task(BashOperator): inference.logreg_inference> on 2023-07-01 00:00:00+00:00
[2026-06-21T05:42:57.561+0000] {logging_mixin.py:188} WARNING - /home/***/.local/lib/python3.12/site-packages/***/task/task_runner/standard_task_runner.py:62 DeprecationWarning: This process (pid=22397) is multi-threaded, use of fork() may lead to deadlocks in the child.
[2026-06-21T05:42:57.563+0000] {standard_task_runner.py:64} INFO - Started process 22402 to run task
[2026-06-21T05:42:57.561+0000] {standard_task_runner.py:90} INFO - Running: ['***', 'tasks', 'run', 'credit_default_ml_pipeline', 'inference.logreg_inference', 'scheduled__2023-07-01T00:00:00+00:00', '--job-id', '4038', '--raw', '--subdir', 'DAGS_FOLDER/dag.py', '--cfg-path', '/tmp/tmpsio6o7_j']
[2026-06-21T05:42:57.564+0000] {standard_task_runner.py:91} INFO - Job 4038: Subtask inference.logreg_inference
[2026-06-21T05:42:57.604+0000] {task_command.py:426} INFO - Running <TaskInstance: credit_default_ml_pipeline.inference.logreg_inference scheduled__2023-07-01T00:00:00+00:00 [running]> on host 9377a3f0491f
[2026-06-21T05:42:57.672+0000] {taskinstance.py:2648} INFO - Exporting env vars: AIRFLOW_CTX_DAG_OWNER='***' AIRFLOW_CTX_DAG_ID='credit_default_ml_pipeline' AIRFLOW_CTX_TASK_ID='inference.logreg_inference' AIRFLOW_CTX_EXECUTION_DATE='2023-07-01T00:00:00+00:00' AIRFLOW_CTX_TRY_NUMBER='1' AIRFLOW_CTX_DAG_RUN_ID='scheduled__2023-07-01T00:00:00+00:00'
[2026-06-21T05:42:57.673+0000] {taskinstance.py:430} INFO - ::endgroup::
[2026-06-21T05:42:57.685+0000] {subprocess.py:63} INFO - Tmp dir root location: /tmp
[2026-06-21T05:42:57.686+0000] {subprocess.py:75} INFO - Running command: ['/usr/bin/bash', '-c', 'cd /opt/***/scripts && if [ ! -f model_bank/champion.txt ]; then   echo \'[SKIP] no champion.txt for 2023-07-01\'; exit 0; fi && APP_DATE=$(python3 app_date_helper.py \'2023-07-01\') && python3 model_inference.py --snapshotdate "$APP_DATE" --labeldate "2023-07-01" --modelname "credit_logreg_2024_09_01.pkl"']
[2026-06-21T05:42:57.695+0000] {subprocess.py:86} INFO - Output:
[2026-06-21T05:42:57.697+0000] {subprocess.py:93} INFO - [SKIP] no champion.txt for 2023-07-01
[2026-06-21T05:42:57.698+0000] {subprocess.py:97} INFO - Command exited with return code 0
[2026-06-21T05:42:57.699+0000] {taskinstance.py:441} INFO - ::group::Post task execution logs
[2026-06-21T05:42:57.722+0000] {taskinstance.py:1206} INFO - Marking task as SUCCESS. dag_id=credit_default_ml_pipeline, task_id=inference.logreg_inference, run_id=scheduled__2023-07-01T00:00:00+00:00, execution_date=20230701T000000, start_date=20260621T054257, end_date=20260621T054257
[2026-06-21T05:42:57.745+0000] {local_task_job_runner.py:243} INFO - Task exited with return code 0
[2026-06-21T05:42:57.756+0000] {local_task_job_runner.py:222} INFO - ::endgroup::
[2026-06-25T17:35:52.812+0000] {local_task_job_runner.py:120} INFO - ::group::Pre task execution logs
[2026-06-25T17:35:52.831+0000] {taskinstance.py:2076} INFO - Dependencies all met for dep_context=non-requeueable deps ti=<TaskInstance: credit_default_ml_pipeline.inference.logreg_inference scheduled__2023-07-01T00:00:00+00:00 [queued]>
[2026-06-25T17:35:52.839+0000] {taskinstance.py:2076} INFO - Dependencies all met for dep_context=requeueable deps ti=<TaskInstance: credit_default_ml_pipeline.inference.logreg_inference scheduled__2023-07-01T00:00:00+00:00 [queued]>
[2026-06-25T17:35:52.839+0000] {taskinstance.py:2306} INFO - Starting attempt 1 of 2
[2026-06-25T17:35:52.846+0000] {taskinstance.py:2330} INFO - Executing <Task(BashOperator): inference.logreg_inference> on 2023-07-01 00:00:00+00:00
[2026-06-25T17:35:52.850+0000] {standard_task_runner.py:90} INFO - Running: ['***', 'tasks', 'run', 'credit_default_ml_pipeline', 'inference.logreg_inference', 'scheduled__2023-07-01T00:00:00+00:00', '--job-id', '4497', '--raw', '--subdir', 'DAGS_FOLDER/dag.py', '--cfg-path', '/tmp/tmps34gsb6x']
[2026-06-25T17:35:52.851+0000] {logging_mixin.py:188} WARNING - /home/***/.local/lib/python3.12/site-packages/***/task/task_runner/standard_task_runner.py:62 DeprecationWarning: This process (pid=22428) is multi-threaded, use of fork() may lead to deadlocks in the child.
[2026-06-25T17:35:52.852+0000] {standard_task_runner.py:91} INFO - Job 4497: Subtask inference.logreg_inference
[2026-06-25T17:35:52.853+0000] {standard_task_runner.py:64} INFO - Started process 22431 to run task
[2026-06-25T17:35:52.880+0000] {task_command.py:426} INFO - Running <TaskInstance: credit_default_ml_pipeline.inference.logreg_inference scheduled__2023-07-01T00:00:00+00:00 [running]> on host b54b2be331ab
[2026-06-25T17:35:53.039+0000] {taskinstance.py:2648} INFO - Exporting env vars: AIRFLOW_CTX_DAG_OWNER='***' AIRFLOW_CTX_DAG_ID='credit_default_ml_pipeline' AIRFLOW_CTX_TASK_ID='inference.logreg_inference' AIRFLOW_CTX_EXECUTION_DATE='2023-07-01T00:00:00+00:00' AIRFLOW_CTX_TRY_NUMBER='1' AIRFLOW_CTX_DAG_RUN_ID='scheduled__2023-07-01T00:00:00+00:00'
[2026-06-25T17:35:53.040+0000] {taskinstance.py:430} INFO - ::endgroup::
[2026-06-25T17:35:53.045+0000] {subprocess.py:63} INFO - Tmp dir root location: /tmp
[2026-06-25T17:35:53.046+0000] {subprocess.py:75} INFO - Running command: ['/usr/bin/bash', '-c', 'cd /opt/***/scripts && if [ ! -f model_bank/champion.txt ]; then   echo \'[SKIP] no champion.txt for 2023-07-01\'; exit 0; fi && APP_DATE=$(python3 app_date_helper.py \'2023-07-01\') && python3 model_inference.py --snapshotdate "$APP_DATE" --labeldate "2023-07-01" --modelname "credit_logreg_2024_09_01.pkl"']
[2026-06-25T17:35:53.051+0000] {subprocess.py:86} INFO - Output:
[2026-06-25T17:35:53.052+0000] {subprocess.py:93} INFO - [SKIP] no champion.txt for 2023-07-01
[2026-06-25T17:35:53.053+0000] {subprocess.py:97} INFO - Command exited with return code 0
[2026-06-25T17:35:53.054+0000] {taskinstance.py:441} INFO - ::group::Post task execution logs
[2026-06-25T17:35:53.066+0000] {taskinstance.py:1206} INFO - Marking task as SUCCESS. dag_id=credit_default_ml_pipeline, task_id=inference.logreg_inference, run_id=scheduled__2023-07-01T00:00:00+00:00, execution_date=20230701T000000, start_date=20260625T173552, end_date=20260625T173553
[2026-06-25T17:35:53.078+0000] {local_task_job_runner.py:243} INFO - Task exited with return code 0
[2026-06-25T17:35:53.086+0000] {local_task_job_runner.py:222} INFO - ::endgroup::
