[2026-06-16T15:15:03.711+0000] {local_task_job_runner.py:120} INFO - ::group::Pre task execution logs
[2026-06-16T15:15:03.728+0000] {taskinstance.py:2076} INFO - Dependencies all met for dep_context=non-requeueable deps ti=<TaskInstance: credit_default_ml_pipeline.feature_pipeline.feature_bronze_attributes scheduled__2023-10-01T00:00:00+00:00 [queued]>
[2026-06-16T15:15:03.735+0000] {taskinstance.py:2076} INFO - Dependencies all met for dep_context=requeueable deps ti=<TaskInstance: credit_default_ml_pipeline.feature_pipeline.feature_bronze_attributes scheduled__2023-10-01T00:00:00+00:00 [queued]>
[2026-06-16T15:15:03.736+0000] {taskinstance.py:2306} INFO - Starting attempt 1 of 2
[2026-06-16T15:15:03.744+0000] {taskinstance.py:2330} INFO - Executing <Task(BashOperator): feature_pipeline.feature_bronze_attributes> on 2023-10-01 00:00:00+00:00
[2026-06-16T15:15:03.749+0000] {logging_mixin.py:188} WARNING - /home/***/.local/lib/python3.12/site-packages/***/task/task_runner/standard_task_runner.py:62 DeprecationWarning: This process (pid=45106) is multi-threaded, use of fork() may lead to deadlocks in the child.
[2026-06-16T15:15:03.749+0000] {standard_task_runner.py:90} INFO - Running: ['***', 'tasks', 'run', 'credit_default_ml_pipeline', 'feature_pipeline.feature_bronze_attributes', 'scheduled__2023-10-01T00:00:00+00:00', '--job-id', '209', '--raw', '--subdir', 'DAGS_FOLDER/dag.py', '--cfg-path', '/tmp/tmp5c6igqg2']
[2026-06-16T15:15:03.751+0000] {standard_task_runner.py:64} INFO - Started process 45113 to run task
[2026-06-16T15:15:03.752+0000] {standard_task_runner.py:91} INFO - Job 209: Subtask feature_pipeline.feature_bronze_attributes
[2026-06-16T15:15:03.789+0000] {task_command.py:426} INFO - Running <TaskInstance: credit_default_ml_pipeline.feature_pipeline.feature_bronze_attributes scheduled__2023-10-01T00:00:00+00:00 [running]> on host 1cab6e97738a
[2026-06-16T15:15:03.828+0000] {taskinstance.py:2648} INFO - Exporting env vars: AIRFLOW_CTX_DAG_OWNER='***' AIRFLOW_CTX_DAG_ID='credit_default_ml_pipeline' AIRFLOW_CTX_TASK_ID='feature_pipeline.feature_bronze_attributes' AIRFLOW_CTX_EXECUTION_DATE='2023-10-01T00:00:00+00:00' AIRFLOW_CTX_TRY_NUMBER='1' AIRFLOW_CTX_DAG_RUN_ID='scheduled__2023-10-01T00:00:00+00:00'
[2026-06-16T15:15:03.829+0000] {taskinstance.py:430} INFO - ::endgroup::
[2026-06-16T15:15:03.835+0000] {subprocess.py:63} INFO - Tmp dir root location: /tmp
[2026-06-16T15:15:03.836+0000] {subprocess.py:75} INFO - Running command: ['/usr/bin/bash', '-c', 'cd /opt/***/scripts && python3 bronze_processing.py --snapshotdate "2023-10-01" --source attributes']
[2026-06-16T15:15:03.842+0000] {subprocess.py:86} INFO - Output:
[2026-06-16T15:15:05.345+0000] {subprocess.py:93} INFO - Setting default log level to "WARN".
[2026-06-16T15:15:05.346+0000] {subprocess.py:93} INFO - To adjust logging level use sc.setLogLevel(newLevel). For SparkR, use setLogLevel(newLevel).
[2026-06-16T15:15:05.498+0000] {subprocess.py:93} INFO - 26/06/16 15:15:05 WARN NativeCodeLoader: Unable to load native-hadoop library for your platform... using builtin-java classes where applicable
[2026-06-16T15:15:12.452+0000] {subprocess.py:93} INFO - [Stage 1:>                                                          (0 + 1) / 1]
[2026-06-16T15:15:12.461+0000] {subprocess.py:93} INFO - --- bronze attributes 2023-10-01 ---
[2026-06-16T15:15:12.462+0000] {subprocess.py:93} INFO - 
[2026-06-16T15:15:12.466+0000] {subprocess.py:93} INFO - [bronze:attributes] 2023-10-01 row count: 487
[2026-06-16T15:15:12.471+0000] {subprocess.py:93} INFO - [bronze:attributes] saved to: datamart/bronze/attributes/bronze_attributes_2023_10_01.csv
[2026-06-16T15:15:12.473+0000] {subprocess.py:93} INFO - 
[2026-06-16T15:15:12.473+0000] {subprocess.py:93} INFO - --- done ---
[2026-06-16T15:15:12.474+0000] {subprocess.py:93} INFO - 
[2026-06-16T15:15:13.023+0000] {subprocess.py:97} INFO - Command exited with return code 0
[2026-06-16T15:15:13.027+0000] {taskinstance.py:441} INFO - ::group::Post task execution logs
[2026-06-16T15:15:13.099+0000] {taskinstance.py:1206} INFO - Marking task as SUCCESS. dag_id=credit_default_ml_pipeline, task_id=feature_pipeline.feature_bronze_attributes, run_id=scheduled__2023-10-01T00:00:00+00:00, execution_date=20231001T000000, start_date=20260616T151503, end_date=20260616T151513
[2026-06-16T15:15:13.127+0000] {local_task_job_runner.py:243} INFO - Task exited with return code 0
[2026-06-16T15:15:13.140+0000] {local_task_job_runner.py:222} INFO - ::endgroup::
[2026-06-20T05:56:59.554+0000] {local_task_job_runner.py:120} INFO - ::group::Pre task execution logs
[2026-06-20T05:56:59.569+0000] {taskinstance.py:2076} INFO - Dependencies all met for dep_context=non-requeueable deps ti=<TaskInstance: credit_default_ml_pipeline.feature_pipeline.feature_bronze_attributes scheduled__2023-10-01T00:00:00+00:00 [queued]>
[2026-06-20T05:56:59.574+0000] {taskinstance.py:2076} INFO - Dependencies all met for dep_context=requeueable deps ti=<TaskInstance: credit_default_ml_pipeline.feature_pipeline.feature_bronze_attributes scheduled__2023-10-01T00:00:00+00:00 [queued]>
[2026-06-20T05:56:59.575+0000] {taskinstance.py:2306} INFO - Starting attempt 1 of 2
[2026-06-20T05:56:59.582+0000] {taskinstance.py:2330} INFO - Executing <Task(BashOperator): feature_pipeline.feature_bronze_attributes> on 2023-10-01 00:00:00+00:00
[2026-06-20T05:56:59.586+0000] {logging_mixin.py:188} WARNING - /home/***/.local/lib/python3.12/site-packages/***/task/task_runner/standard_task_runner.py:62 DeprecationWarning: This process (pid=38816) is multi-threaded, use of fork() may lead to deadlocks in the child.
[2026-06-20T05:56:59.587+0000] {standard_task_runner.py:64} INFO - Started process 38826 to run task
[2026-06-20T05:56:59.587+0000] {standard_task_runner.py:90} INFO - Running: ['***', 'tasks', 'run', 'credit_default_ml_pipeline', 'feature_pipeline.feature_bronze_attributes', 'scheduled__2023-10-01T00:00:00+00:00', '--job-id', '1614', '--raw', '--subdir', 'DAGS_FOLDER/dag.py', '--cfg-path', '/tmp/tmpgqn0qp5_']
[2026-06-20T05:56:59.589+0000] {standard_task_runner.py:91} INFO - Job 1614: Subtask feature_pipeline.feature_bronze_attributes
[2026-06-20T05:56:59.701+0000] {task_command.py:426} INFO - Running <TaskInstance: credit_default_ml_pipeline.feature_pipeline.feature_bronze_attributes scheduled__2023-10-01T00:00:00+00:00 [running]> on host 9cf341f51c89
[2026-06-20T05:56:59.731+0000] {taskinstance.py:2648} INFO - Exporting env vars: AIRFLOW_CTX_DAG_OWNER='***' AIRFLOW_CTX_DAG_ID='credit_default_ml_pipeline' AIRFLOW_CTX_TASK_ID='feature_pipeline.feature_bronze_attributes' AIRFLOW_CTX_EXECUTION_DATE='2023-10-01T00:00:00+00:00' AIRFLOW_CTX_TRY_NUMBER='1' AIRFLOW_CTX_DAG_RUN_ID='scheduled__2023-10-01T00:00:00+00:00'
[2026-06-20T05:56:59.732+0000] {taskinstance.py:430} INFO - ::endgroup::
[2026-06-20T05:56:59.736+0000] {subprocess.py:63} INFO - Tmp dir root location: /tmp
[2026-06-20T05:56:59.737+0000] {subprocess.py:75} INFO - Running command: ['/usr/bin/bash', '-c', 'cd /opt/***/scripts && python3 bronze_processing.py --snapshotdate "2023-10-01" --source attributes']
[2026-06-20T05:56:59.741+0000] {subprocess.py:86} INFO - Output:
[2026-06-20T05:57:01.095+0000] {subprocess.py:93} INFO - Setting default log level to "WARN".
[2026-06-20T05:57:01.096+0000] {subprocess.py:93} INFO - To adjust logging level use sc.setLogLevel(newLevel). For SparkR, use setLogLevel(newLevel).
[2026-06-20T05:57:01.190+0000] {subprocess.py:93} INFO - 26/06/20 05:57:01 WARN NativeCodeLoader: Unable to load native-hadoop library for your platform... using builtin-java classes where applicable
[2026-06-20T05:57:01.703+0000] {subprocess.py:93} INFO - 26/06/20 05:57:01 WARN Utils: Service 'SparkUI' could not bind on port 4040. Attempting port 4041.
[2026-06-20T05:57:06.976+0000] {subprocess.py:93} INFO - 
[2026-06-20T05:57:06.979+0000] {subprocess.py:93} INFO - --- bronze attributes 2023-10-01 ---
[2026-06-20T05:57:06.988+0000] {subprocess.py:93} INFO - 
[2026-06-20T05:57:06.990+0000] {subprocess.py:93} INFO - [bronze:attributes] 2023-10-01 row count: 487
[2026-06-20T05:57:06.992+0000] {subprocess.py:93} INFO - [bronze:attributes] saved to: datamart/bronze/attributes/bronze_attributes_2023_10_01.csv
[2026-06-20T05:57:06.997+0000] {subprocess.py:93} INFO - 
[2026-06-20T05:57:06.998+0000] {subprocess.py:93} INFO - --- done ---
[2026-06-20T05:57:06.999+0000] {subprocess.py:93} INFO - 
[2026-06-20T05:57:07.537+0000] {subprocess.py:97} INFO - Command exited with return code 0
[2026-06-20T05:57:07.540+0000] {taskinstance.py:441} INFO - ::group::Post task execution logs
[2026-06-20T05:57:07.571+0000] {taskinstance.py:1206} INFO - Marking task as SUCCESS. dag_id=credit_default_ml_pipeline, task_id=feature_pipeline.feature_bronze_attributes, run_id=scheduled__2023-10-01T00:00:00+00:00, execution_date=20231001T000000, start_date=20260620T055659, end_date=20260620T055707
[2026-06-20T05:57:07.609+0000] {local_task_job_runner.py:243} INFO - Task exited with return code 0
[2026-06-20T05:57:07.645+0000] {taskinstance.py:3503} INFO - 1 downstream tasks scheduled from follow-on schedule check
[2026-06-20T05:57:07.647+0000] {local_task_job_runner.py:222} INFO - ::endgroup::
[2026-06-20T07:07:16.580+0000] {local_task_job_runner.py:120} INFO - ::group::Pre task execution logs
[2026-06-20T07:07:16.592+0000] {taskinstance.py:2076} INFO - Dependencies all met for dep_context=non-requeueable deps ti=<TaskInstance: credit_default_ml_pipeline.feature_pipeline.feature_bronze_attributes scheduled__2023-10-01T00:00:00+00:00 [queued]>
[2026-06-20T07:07:16.597+0000] {taskinstance.py:2076} INFO - Dependencies all met for dep_context=requeueable deps ti=<TaskInstance: credit_default_ml_pipeline.feature_pipeline.feature_bronze_attributes scheduled__2023-10-01T00:00:00+00:00 [queued]>
[2026-06-20T07:07:16.597+0000] {taskinstance.py:2306} INFO - Starting attempt 1 of 2
[2026-06-20T07:07:16.604+0000] {taskinstance.py:2330} INFO - Executing <Task(BashOperator): feature_pipeline.feature_bronze_attributes> on 2023-10-01 00:00:00+00:00
[2026-06-20T07:07:16.609+0000] {logging_mixin.py:188} WARNING - /home/***/.local/lib/python3.12/site-packages/***/task/task_runner/standard_task_runner.py:62 DeprecationWarning: This process (pid=92171) is multi-threaded, use of fork() may lead to deadlocks in the child.
[2026-06-20T07:07:16.610+0000] {standard_task_runner.py:64} INFO - Started process 92176 to run task
[2026-06-20T07:07:16.610+0000] {standard_task_runner.py:90} INFO - Running: ['***', 'tasks', 'run', 'credit_default_ml_pipeline', 'feature_pipeline.feature_bronze_attributes', 'scheduled__2023-10-01T00:00:00+00:00', '--job-id', '1926', '--raw', '--subdir', 'DAGS_FOLDER/dag.py', '--cfg-path', '/tmp/tmpj_7djrnl']
[2026-06-20T07:07:16.611+0000] {standard_task_runner.py:91} INFO - Job 1926: Subtask feature_pipeline.feature_bronze_attributes
[2026-06-20T07:07:16.737+0000] {task_command.py:426} INFO - Running <TaskInstance: credit_default_ml_pipeline.feature_pipeline.feature_bronze_attributes scheduled__2023-10-01T00:00:00+00:00 [running]> on host 9cf341f51c89
[2026-06-20T07:07:16.769+0000] {taskinstance.py:2648} INFO - Exporting env vars: AIRFLOW_CTX_DAG_OWNER='***' AIRFLOW_CTX_DAG_ID='credit_default_ml_pipeline' AIRFLOW_CTX_TASK_ID='feature_pipeline.feature_bronze_attributes' AIRFLOW_CTX_EXECUTION_DATE='2023-10-01T00:00:00+00:00' AIRFLOW_CTX_TRY_NUMBER='1' AIRFLOW_CTX_DAG_RUN_ID='scheduled__2023-10-01T00:00:00+00:00'
[2026-06-20T07:07:16.769+0000] {taskinstance.py:430} INFO - ::endgroup::
[2026-06-20T07:07:16.774+0000] {subprocess.py:63} INFO - Tmp dir root location: /tmp
[2026-06-20T07:07:16.775+0000] {subprocess.py:75} INFO - Running command: ['/usr/bin/bash', '-c', 'cd /opt/***/scripts && python3 bronze_processing.py --snapshotdate "2023-10-01" --source attributes']
[2026-06-20T07:07:16.780+0000] {subprocess.py:86} INFO - Output:
[2026-06-20T07:07:18.519+0000] {subprocess.py:93} INFO - Setting default log level to "WARN".
[2026-06-20T07:07:18.521+0000] {subprocess.py:93} INFO - To adjust logging level use sc.setLogLevel(newLevel). For SparkR, use setLogLevel(newLevel).
[2026-06-20T07:07:18.730+0000] {subprocess.py:93} INFO - 26/06/20 07:07:18 WARN NativeCodeLoader: Unable to load native-hadoop library for your platform... using builtin-java classes where applicable
[2026-06-20T07:07:28.713+0000] {subprocess.py:93} INFO - [Stage 1:>                                                          (0 + 1) / 1]
[2026-06-20T07:07:28.722+0000] {subprocess.py:93} INFO - --- bronze attributes 2023-10-01 ---
[2026-06-20T07:07:28.730+0000] {subprocess.py:93} INFO - 
[2026-06-20T07:07:28.735+0000] {subprocess.py:93} INFO - [bronze:attributes] 2023-10-01 row count: 487
[2026-06-20T07:07:28.744+0000] {subprocess.py:93} INFO - [bronze:attributes] saved to: datamart/bronze/attributes/bronze_attributes_2023_10_01.csv
[2026-06-20T07:07:28.751+0000] {subprocess.py:93} INFO - 
[2026-06-20T07:07:28.758+0000] {subprocess.py:93} INFO - --- done ---
[2026-06-20T07:07:28.760+0000] {subprocess.py:93} INFO - 
[2026-06-20T07:07:29.662+0000] {subprocess.py:97} INFO - Command exited with return code 0
[2026-06-20T07:07:29.667+0000] {taskinstance.py:441} INFO - ::group::Post task execution logs
[2026-06-20T07:07:29.733+0000] {taskinstance.py:1206} INFO - Marking task as SUCCESS. dag_id=credit_default_ml_pipeline, task_id=feature_pipeline.feature_bronze_attributes, run_id=scheduled__2023-10-01T00:00:00+00:00, execution_date=20231001T000000, start_date=20260620T070716, end_date=20260620T070729
[2026-06-20T07:07:29.810+0000] {local_task_job_runner.py:243} INFO - Task exited with return code 0
[2026-06-20T07:07:29.880+0000] {taskinstance.py:3503} INFO - 1 downstream tasks scheduled from follow-on schedule check
[2026-06-20T07:07:29.885+0000] {local_task_job_runner.py:222} INFO - ::endgroup::
[2026-06-20T07:35:43.067+0000] {local_task_job_runner.py:120} INFO - ::group::Pre task execution logs
[2026-06-20T07:35:43.085+0000] {taskinstance.py:2076} INFO - Dependencies all met for dep_context=non-requeueable deps ti=<TaskInstance: credit_default_ml_pipeline.feature_pipeline.feature_bronze_attributes scheduled__2023-10-01T00:00:00+00:00 [queued]>
[2026-06-20T07:35:43.091+0000] {taskinstance.py:2076} INFO - Dependencies all met for dep_context=requeueable deps ti=<TaskInstance: credit_default_ml_pipeline.feature_pipeline.feature_bronze_attributes scheduled__2023-10-01T00:00:00+00:00 [queued]>
[2026-06-20T07:35:43.092+0000] {taskinstance.py:2306} INFO - Starting attempt 1 of 2
[2026-06-20T07:35:43.098+0000] {taskinstance.py:2330} INFO - Executing <Task(BashOperator): feature_pipeline.feature_bronze_attributes> on 2023-10-01 00:00:00+00:00
[2026-06-20T07:35:43.102+0000] {logging_mixin.py:188} WARNING - /home/***/.local/lib/python3.12/site-packages/***/task/task_runner/standard_task_runner.py:62 DeprecationWarning: This process (pid=23732) is multi-threaded, use of fork() may lead to deadlocks in the child.
[2026-06-20T07:35:43.103+0000] {standard_task_runner.py:64} INFO - Started process 23738 to run task
[2026-06-20T07:35:43.105+0000] {standard_task_runner.py:90} INFO - Running: ['***', 'tasks', 'run', 'credit_default_ml_pipeline', 'feature_pipeline.feature_bronze_attributes', 'scheduled__2023-10-01T00:00:00+00:00', '--job-id', '2106', '--raw', '--subdir', 'DAGS_FOLDER/dag.py', '--cfg-path', '/tmp/tmppbtt_jil']
[2026-06-20T07:35:43.107+0000] {standard_task_runner.py:91} INFO - Job 2106: Subtask feature_pipeline.feature_bronze_attributes
[2026-06-20T07:35:43.231+0000] {task_command.py:426} INFO - Running <TaskInstance: credit_default_ml_pipeline.feature_pipeline.feature_bronze_attributes scheduled__2023-10-01T00:00:00+00:00 [running]> on host 9cf341f51c89
[2026-06-20T07:35:43.261+0000] {taskinstance.py:2648} INFO - Exporting env vars: AIRFLOW_CTX_DAG_OWNER='***' AIRFLOW_CTX_DAG_ID='credit_default_ml_pipeline' AIRFLOW_CTX_TASK_ID='feature_pipeline.feature_bronze_attributes' AIRFLOW_CTX_EXECUTION_DATE='2023-10-01T00:00:00+00:00' AIRFLOW_CTX_TRY_NUMBER='1' AIRFLOW_CTX_DAG_RUN_ID='scheduled__2023-10-01T00:00:00+00:00'
[2026-06-20T07:35:43.262+0000] {taskinstance.py:430} INFO - ::endgroup::
[2026-06-20T07:35:43.267+0000] {subprocess.py:63} INFO - Tmp dir root location: /tmp
[2026-06-20T07:35:43.267+0000] {subprocess.py:75} INFO - Running command: ['/usr/bin/bash', '-c', 'cd /opt/***/scripts && python3 bronze_processing.py --snapshotdate "2023-10-01" --source attributes']
[2026-06-20T07:35:43.272+0000] {subprocess.py:86} INFO - Output:
[2026-06-20T07:35:44.884+0000] {subprocess.py:93} INFO - Setting default log level to "WARN".
[2026-06-20T07:35:44.886+0000] {subprocess.py:93} INFO - To adjust logging level use sc.setLogLevel(newLevel). For SparkR, use setLogLevel(newLevel).
[2026-06-20T07:35:45.154+0000] {subprocess.py:93} INFO - 26/06/20 07:35:45 WARN NativeCodeLoader: Unable to load native-hadoop library for your platform... using builtin-java classes where applicable
[2026-06-20T07:35:45.762+0000] {subprocess.py:93} INFO - 26/06/20 07:35:45 WARN Utils: Service 'SparkUI' could not bind on port 4040. Attempting port 4041.
[2026-06-20T07:35:45.764+0000] {subprocess.py:93} INFO - 26/06/20 07:35:45 WARN Utils: Service 'SparkUI' could not bind on port 4041. Attempting port 4042.
[2026-06-20T07:35:55.132+0000] {subprocess.py:93} INFO - [Stage 1:>                                                          (0 + 1) / 1]
[2026-06-20T07:35:55.140+0000] {subprocess.py:93} INFO - --- bronze attributes 2023-10-01 ---
[2026-06-20T07:35:55.142+0000] {subprocess.py:93} INFO - 
[2026-06-20T07:35:55.143+0000] {subprocess.py:93} INFO - [bronze:attributes] 2023-10-01 row count: 487
[2026-06-20T07:35:55.144+0000] {subprocess.py:93} INFO - [bronze:attributes] saved to: datamart/bronze/attributes/bronze_attributes_2023_10_01.csv
[2026-06-20T07:35:55.146+0000] {subprocess.py:93} INFO - 
[2026-06-20T07:35:55.147+0000] {subprocess.py:93} INFO - --- done ---
[2026-06-20T07:35:55.148+0000] {subprocess.py:93} INFO - 
[2026-06-20T07:35:55.737+0000] {subprocess.py:97} INFO - Command exited with return code 0
[2026-06-20T07:35:55.739+0000] {taskinstance.py:441} INFO - ::group::Post task execution logs
[2026-06-20T07:35:55.769+0000] {taskinstance.py:1206} INFO - Marking task as SUCCESS. dag_id=credit_default_ml_pipeline, task_id=feature_pipeline.feature_bronze_attributes, run_id=scheduled__2023-10-01T00:00:00+00:00, execution_date=20231001T000000, start_date=20260620T073543, end_date=20260620T073555
[2026-06-20T07:35:55.803+0000] {local_task_job_runner.py:243} INFO - Task exited with return code 0
[2026-06-20T07:35:55.833+0000] {taskinstance.py:3503} INFO - 0 downstream tasks scheduled from follow-on schedule check
[2026-06-20T07:35:55.835+0000] {local_task_job_runner.py:222} INFO - ::endgroup::
[2026-06-20T15:34:59.778+0000] {local_task_job_runner.py:120} INFO - ::group::Pre task execution logs
[2026-06-20T15:34:59.798+0000] {taskinstance.py:2076} INFO - Dependencies all met for dep_context=non-requeueable deps ti=<TaskInstance: credit_default_ml_pipeline.feature_pipeline.feature_bronze_attributes scheduled__2023-10-01T00:00:00+00:00 [queued]>
[2026-06-20T15:34:59.804+0000] {taskinstance.py:2076} INFO - Dependencies all met for dep_context=requeueable deps ti=<TaskInstance: credit_default_ml_pipeline.feature_pipeline.feature_bronze_attributes scheduled__2023-10-01T00:00:00+00:00 [queued]>
[2026-06-20T15:34:59.804+0000] {taskinstance.py:2306} INFO - Starting attempt 1 of 2
[2026-06-20T15:34:59.813+0000] {taskinstance.py:2330} INFO - Executing <Task(BashOperator): feature_pipeline.feature_bronze_attributes> on 2023-10-01 00:00:00+00:00
[2026-06-20T15:34:59.817+0000] {logging_mixin.py:188} WARNING - /home/***/.local/lib/python3.12/site-packages/***/task/task_runner/standard_task_runner.py:62 DeprecationWarning: This process (pid=10369) is multi-threaded, use of fork() may lead to deadlocks in the child.
[2026-06-20T15:34:59.817+0000] {standard_task_runner.py:90} INFO - Running: ['***', 'tasks', 'run', 'credit_default_ml_pipeline', 'feature_pipeline.feature_bronze_attributes', 'scheduled__2023-10-01T00:00:00+00:00', '--job-id', '2575', '--raw', '--subdir', 'DAGS_FOLDER/dag.py', '--cfg-path', '/tmp/tmp06ps_i0a']
[2026-06-20T15:34:59.818+0000] {standard_task_runner.py:64} INFO - Started process 10374 to run task
[2026-06-20T15:34:59.818+0000] {standard_task_runner.py:91} INFO - Job 2575: Subtask feature_pipeline.feature_bronze_attributes
[2026-06-20T15:34:59.943+0000] {task_command.py:426} INFO - Running <TaskInstance: credit_default_ml_pipeline.feature_pipeline.feature_bronze_attributes scheduled__2023-10-01T00:00:00+00:00 [running]> on host 9cf341f51c89
[2026-06-20T15:34:59.974+0000] {taskinstance.py:2648} INFO - Exporting env vars: AIRFLOW_CTX_DAG_OWNER='***' AIRFLOW_CTX_DAG_ID='credit_default_ml_pipeline' AIRFLOW_CTX_TASK_ID='feature_pipeline.feature_bronze_attributes' AIRFLOW_CTX_EXECUTION_DATE='2023-10-01T00:00:00+00:00' AIRFLOW_CTX_TRY_NUMBER='1' AIRFLOW_CTX_DAG_RUN_ID='scheduled__2023-10-01T00:00:00+00:00'
[2026-06-20T15:34:59.975+0000] {taskinstance.py:430} INFO - ::endgroup::
[2026-06-20T15:34:59.980+0000] {subprocess.py:63} INFO - Tmp dir root location: /tmp
[2026-06-20T15:34:59.981+0000] {subprocess.py:75} INFO - Running command: ['/usr/bin/bash', '-c', 'cd /opt/***/scripts && python3 bronze_processing.py --snapshotdate "2023-10-01" --source attributes']
[2026-06-20T15:34:59.985+0000] {subprocess.py:86} INFO - Output:
[2026-06-20T15:35:01.498+0000] {subprocess.py:93} INFO - Setting default log level to "WARN".
[2026-06-20T15:35:01.499+0000] {subprocess.py:93} INFO - To adjust logging level use sc.setLogLevel(newLevel). For SparkR, use setLogLevel(newLevel).
[2026-06-20T15:35:01.646+0000] {subprocess.py:93} INFO - 26/06/20 15:35:01 WARN NativeCodeLoader: Unable to load native-hadoop library for your platform... using builtin-java classes where applicable
[2026-06-20T15:35:02.297+0000] {subprocess.py:93} INFO - 26/06/20 15:35:02 WARN Utils: Service 'SparkUI' could not bind on port 4040. Attempting port 4041.
[2026-06-20T15:35:02.300+0000] {subprocess.py:93} INFO - 26/06/20 15:35:02 WARN Utils: Service 'SparkUI' could not bind on port 4041. Attempting port 4042.
[2026-06-20T15:35:02.302+0000] {subprocess.py:93} INFO - 26/06/20 15:35:02 WARN Utils: Service 'SparkUI' could not bind on port 4042. Attempting port 4043.
[2026-06-20T15:35:08.082+0000] {subprocess.py:93} INFO - 
[2026-06-20T15:35:08.089+0000] {subprocess.py:93} INFO - --- bronze attributes 2023-10-01 ---
[2026-06-20T15:35:08.110+0000] {subprocess.py:93} INFO - 
[2026-06-20T15:35:08.127+0000] {subprocess.py:93} INFO - [bronze:attributes] 2023-10-01 row count: 487
[2026-06-20T15:35:08.142+0000] {subprocess.py:93} INFO - [bronze:attributes] saved to: datamart/bronze/attributes/bronze_attributes_2023_10_01.csv
[2026-06-20T15:35:08.157+0000] {subprocess.py:93} INFO - 
[2026-06-20T15:35:08.165+0000] {subprocess.py:93} INFO - --- done ---
[2026-06-20T15:35:08.174+0000] {subprocess.py:93} INFO - 
[2026-06-20T15:35:08.651+0000] {subprocess.py:97} INFO - Command exited with return code 0
[2026-06-20T15:35:08.652+0000] {taskinstance.py:441} INFO - ::group::Post task execution logs
[2026-06-20T15:35:08.686+0000] {taskinstance.py:1206} INFO - Marking task as SUCCESS. dag_id=credit_default_ml_pipeline, task_id=feature_pipeline.feature_bronze_attributes, run_id=scheduled__2023-10-01T00:00:00+00:00, execution_date=20231001T000000, start_date=20260620T153459, end_date=20260620T153508
[2026-06-20T15:35:08.720+0000] {local_task_job_runner.py:243} INFO - Task exited with return code 0
[2026-06-20T15:35:08.749+0000] {taskinstance.py:3503} INFO - 1 downstream tasks scheduled from follow-on schedule check
[2026-06-20T15:35:08.752+0000] {local_task_job_runner.py:222} INFO - ::endgroup::
[2026-06-20T17:28:21.859+0000] {local_task_job_runner.py:120} INFO - ::group::Pre task execution logs
[2026-06-20T17:28:21.882+0000] {taskinstance.py:2076} INFO - Dependencies all met for dep_context=non-requeueable deps ti=<TaskInstance: credit_default_ml_pipeline.feature_pipeline.feature_bronze_attributes scheduled__2023-10-01T00:00:00+00:00 [queued]>
[2026-06-20T17:28:21.888+0000] {taskinstance.py:2076} INFO - Dependencies all met for dep_context=requeueable deps ti=<TaskInstance: credit_default_ml_pipeline.feature_pipeline.feature_bronze_attributes scheduled__2023-10-01T00:00:00+00:00 [queued]>
[2026-06-20T17:28:21.889+0000] {taskinstance.py:2306} INFO - Starting attempt 1 of 2
[2026-06-20T17:28:21.899+0000] {taskinstance.py:2330} INFO - Executing <Task(BashOperator): feature_pipeline.feature_bronze_attributes> on 2023-10-01 00:00:00+00:00
[2026-06-20T17:28:21.908+0000] {logging_mixin.py:188} WARNING - /home/***/.local/lib/python3.12/site-packages/***/task/task_runner/standard_task_runner.py:62 DeprecationWarning: This process (pid=28448) is multi-threaded, use of fork() may lead to deadlocks in the child.
[2026-06-20T17:28:21.910+0000] {standard_task_runner.py:64} INFO - Started process 28457 to run task
[2026-06-20T17:28:21.908+0000] {standard_task_runner.py:90} INFO - Running: ['***', 'tasks', 'run', 'credit_default_ml_pipeline', 'feature_pipeline.feature_bronze_attributes', 'scheduled__2023-10-01T00:00:00+00:00', '--job-id', '3155', '--raw', '--subdir', 'DAGS_FOLDER/dag.py', '--cfg-path', '/tmp/tmpshd5922y']
[2026-06-20T17:28:21.912+0000] {standard_task_runner.py:91} INFO - Job 3155: Subtask feature_pipeline.feature_bronze_attributes
[2026-06-20T17:28:22.125+0000] {task_command.py:426} INFO - Running <TaskInstance: credit_default_ml_pipeline.feature_pipeline.feature_bronze_attributes scheduled__2023-10-01T00:00:00+00:00 [running]> on host 9cf341f51c89
[2026-06-20T17:28:22.198+0000] {taskinstance.py:2648} INFO - Exporting env vars: AIRFLOW_CTX_DAG_OWNER='***' AIRFLOW_CTX_DAG_ID='credit_default_ml_pipeline' AIRFLOW_CTX_TASK_ID='feature_pipeline.feature_bronze_attributes' AIRFLOW_CTX_EXECUTION_DATE='2023-10-01T00:00:00+00:00' AIRFLOW_CTX_TRY_NUMBER='1' AIRFLOW_CTX_DAG_RUN_ID='scheduled__2023-10-01T00:00:00+00:00'
[2026-06-20T17:28:22.199+0000] {taskinstance.py:430} INFO - ::endgroup::
[2026-06-20T17:28:22.213+0000] {subprocess.py:63} INFO - Tmp dir root location: /tmp
[2026-06-20T17:28:22.215+0000] {subprocess.py:75} INFO - Running command: ['/usr/bin/bash', '-c', 'cd /opt/***/scripts && python3 bronze_processing.py --snapshotdate "2023-10-01" --source attributes']
[2026-06-20T17:28:22.228+0000] {subprocess.py:86} INFO - Output:
[2026-06-20T17:28:25.472+0000] {subprocess.py:93} INFO - Setting default log level to "WARN".
[2026-06-20T17:28:25.481+0000] {subprocess.py:93} INFO - To adjust logging level use sc.setLogLevel(newLevel). For SparkR, use setLogLevel(newLevel).
[2026-06-20T17:28:25.785+0000] {subprocess.py:93} INFO - 26/06/20 17:28:25 WARN NativeCodeLoader: Unable to load native-hadoop library for your platform... using builtin-java classes where applicable
[2026-06-20T17:28:39.763+0000] {subprocess.py:93} INFO - [Stage 0:>                                                          (0 + 1) / 1]                                                                                [Stage 1:>                                                          (0 + 1) / 1]
[2026-06-20T17:28:39.772+0000] {subprocess.py:93} INFO - --- bronze attributes 2023-10-01 ---
[2026-06-20T17:28:39.783+0000] {subprocess.py:93} INFO - 
[2026-06-20T17:28:39.785+0000] {subprocess.py:93} INFO - [bronze:attributes] 2023-10-01 row count: 487
[2026-06-20T17:28:39.799+0000] {subprocess.py:93} INFO - [bronze:attributes] saved to: datamart/bronze/attributes/bronze_attributes_2023_10_01.csv
[2026-06-20T17:28:39.808+0000] {subprocess.py:93} INFO - 
[2026-06-20T17:28:39.828+0000] {subprocess.py:93} INFO - --- done ---
[2026-06-20T17:28:39.836+0000] {subprocess.py:93} INFO - 
[2026-06-20T17:28:40.652+0000] {subprocess.py:97} INFO - Command exited with return code 0
[2026-06-20T17:28:40.655+0000] {taskinstance.py:441} INFO - ::group::Post task execution logs
[2026-06-20T17:28:40.729+0000] {taskinstance.py:1206} INFO - Marking task as SUCCESS. dag_id=credit_default_ml_pipeline, task_id=feature_pipeline.feature_bronze_attributes, run_id=scheduled__2023-10-01T00:00:00+00:00, execution_date=20231001T000000, start_date=20260620T172821, end_date=20260620T172840
[2026-06-20T17:28:40.795+0000] {local_task_job_runner.py:243} INFO - Task exited with return code 0
[2026-06-20T17:28:40.850+0000] {taskinstance.py:3503} INFO - 1 downstream tasks scheduled from follow-on schedule check
[2026-06-20T17:28:40.853+0000] {local_task_job_runner.py:222} INFO - ::endgroup::
[2026-06-21T01:52:50.407+0000] {local_task_job_runner.py:120} INFO - ::group::Pre task execution logs
[2026-06-21T01:52:50.420+0000] {taskinstance.py:2076} INFO - Dependencies all met for dep_context=non-requeueable deps ti=<TaskInstance: credit_default_ml_pipeline.feature_pipeline.feature_bronze_attributes scheduled__2023-10-01T00:00:00+00:00 [queued]>
[2026-06-21T01:52:50.424+0000] {taskinstance.py:2076} INFO - Dependencies all met for dep_context=requeueable deps ti=<TaskInstance: credit_default_ml_pipeline.feature_pipeline.feature_bronze_attributes scheduled__2023-10-01T00:00:00+00:00 [queued]>
[2026-06-21T01:52:50.424+0000] {taskinstance.py:2306} INFO - Starting attempt 1 of 2
[2026-06-21T01:52:50.429+0000] {taskinstance.py:2330} INFO - Executing <Task(BashOperator): feature_pipeline.feature_bronze_attributes> on 2023-10-01 00:00:00+00:00
[2026-06-21T01:52:50.434+0000] {logging_mixin.py:188} WARNING - /home/***/.local/lib/python3.12/site-packages/***/task/task_runner/standard_task_runner.py:62 DeprecationWarning: This process (pid=28321) is multi-threaded, use of fork() may lead to deadlocks in the child.
[2026-06-21T01:52:50.435+0000] {standard_task_runner.py:64} INFO - Started process 28327 to run task
[2026-06-21T01:52:50.435+0000] {standard_task_runner.py:90} INFO - Running: ['***', 'tasks', 'run', 'credit_default_ml_pipeline', 'feature_pipeline.feature_bronze_attributes', 'scheduled__2023-10-01T00:00:00+00:00', '--job-id', '3619', '--raw', '--subdir', 'DAGS_FOLDER/dag.py', '--cfg-path', '/tmp/tmpvbd9ejx4']
[2026-06-21T01:52:50.437+0000] {standard_task_runner.py:91} INFO - Job 3619: Subtask feature_pipeline.feature_bronze_attributes
[2026-06-21T01:52:50.461+0000] {task_command.py:426} INFO - Running <TaskInstance: credit_default_ml_pipeline.feature_pipeline.feature_bronze_attributes scheduled__2023-10-01T00:00:00+00:00 [running]> on host f6e9e2801916
[2026-06-21T01:52:50.588+0000] {taskinstance.py:2648} INFO - Exporting env vars: AIRFLOW_CTX_DAG_OWNER='***' AIRFLOW_CTX_DAG_ID='credit_default_ml_pipeline' AIRFLOW_CTX_TASK_ID='feature_pipeline.feature_bronze_attributes' AIRFLOW_CTX_EXECUTION_DATE='2023-10-01T00:00:00+00:00' AIRFLOW_CTX_TRY_NUMBER='1' AIRFLOW_CTX_DAG_RUN_ID='scheduled__2023-10-01T00:00:00+00:00'
[2026-06-21T01:52:50.589+0000] {taskinstance.py:430} INFO - ::endgroup::
[2026-06-21T01:52:50.593+0000] {subprocess.py:63} INFO - Tmp dir root location: /tmp
[2026-06-21T01:52:50.595+0000] {subprocess.py:75} INFO - Running command: ['/usr/bin/bash', '-c', 'cd /opt/***/scripts && python3 bronze_processing.py --snapshotdate "2023-10-01" --source attributes']
[2026-06-21T01:52:50.601+0000] {subprocess.py:86} INFO - Output:
[2026-06-21T01:52:51.986+0000] {subprocess.py:93} INFO - Setting default log level to "WARN".
[2026-06-21T01:52:51.987+0000] {subprocess.py:93} INFO - To adjust logging level use sc.setLogLevel(newLevel). For SparkR, use setLogLevel(newLevel).
[2026-06-21T01:52:52.156+0000] {subprocess.py:93} INFO - 26/06/21 01:52:52 WARN NativeCodeLoader: Unable to load native-hadoop library for your platform... using builtin-java classes where applicable
[2026-06-21T01:52:52.755+0000] {subprocess.py:93} INFO - 26/06/21 01:52:52 WARN Utils: Service 'SparkUI' could not bind on port 4040. Attempting port 4041.
[2026-06-21T01:52:52.756+0000] {subprocess.py:93} INFO - 26/06/21 01:52:52 WARN Utils: Service 'SparkUI' could not bind on port 4041. Attempting port 4042.
[2026-06-21T01:52:59.578+0000] {subprocess.py:93} INFO - [Stage 1:>                                                          (0 + 1) / 1]
[2026-06-21T01:52:59.601+0000] {subprocess.py:93} INFO - --- bronze attributes 2023-10-01 ---
[2026-06-21T01:52:59.605+0000] {subprocess.py:93} INFO - 
[2026-06-21T01:52:59.610+0000] {subprocess.py:93} INFO - [bronze:attributes] 2023-10-01 row count: 487
[2026-06-21T01:52:59.619+0000] {subprocess.py:93} INFO - [bronze:attributes] saved to: datamart/bronze/attributes/bronze_attributes_2023_10_01.csv
[2026-06-21T01:52:59.626+0000] {subprocess.py:93} INFO - 
[2026-06-21T01:52:59.632+0000] {subprocess.py:93} INFO - --- done ---
[2026-06-21T01:52:59.647+0000] {subprocess.py:93} INFO - 
[2026-06-21T01:53:00.196+0000] {subprocess.py:97} INFO - Command exited with return code 0
[2026-06-21T01:53:00.200+0000] {taskinstance.py:441} INFO - ::group::Post task execution logs
[2026-06-21T01:53:00.235+0000] {taskinstance.py:1206} INFO - Marking task as SUCCESS. dag_id=credit_default_ml_pipeline, task_id=feature_pipeline.feature_bronze_attributes, run_id=scheduled__2023-10-01T00:00:00+00:00, execution_date=20231001T000000, start_date=20260621T015250, end_date=20260621T015300
[2026-06-21T01:53:00.260+0000] {local_task_job_runner.py:243} INFO - Task exited with return code 0
[2026-06-21T01:53:00.442+0000] {taskinstance.py:3503} INFO - 1 downstream tasks scheduled from follow-on schedule check
[2026-06-21T01:53:00.445+0000] {local_task_job_runner.py:222} INFO - ::endgroup::
[2026-06-21T05:49:54.500+0000] {local_task_job_runner.py:120} INFO - ::group::Pre task execution logs
[2026-06-21T05:49:54.527+0000] {taskinstance.py:2076} INFO - Dependencies all met for dep_context=non-requeueable deps ti=<TaskInstance: credit_default_ml_pipeline.feature_pipeline.feature_bronze_attributes scheduled__2023-10-01T00:00:00+00:00 [queued]>
[2026-06-21T05:49:54.534+0000] {taskinstance.py:2076} INFO - Dependencies all met for dep_context=requeueable deps ti=<TaskInstance: credit_default_ml_pipeline.feature_pipeline.feature_bronze_attributes scheduled__2023-10-01T00:00:00+00:00 [queued]>
[2026-06-21T05:49:54.534+0000] {taskinstance.py:2306} INFO - Starting attempt 1 of 2
[2026-06-21T05:49:54.546+0000] {taskinstance.py:2330} INFO - Executing <Task(BashOperator): feature_pipeline.feature_bronze_attributes> on 2023-10-01 00:00:00+00:00
[2026-06-21T05:49:54.553+0000] {logging_mixin.py:188} WARNING - /home/***/.local/lib/python3.12/site-packages/***/task/task_runner/standard_task_runner.py:62 DeprecationWarning: This process (pid=28993) is multi-threaded, use of fork() may lead to deadlocks in the child.
[2026-06-21T05:49:54.554+0000] {standard_task_runner.py:64} INFO - Started process 28998 to run task
[2026-06-21T05:49:54.554+0000] {standard_task_runner.py:90} INFO - Running: ['***', 'tasks', 'run', 'credit_default_ml_pipeline', 'feature_pipeline.feature_bronze_attributes', 'scheduled__2023-10-01T00:00:00+00:00', '--job-id', '4083', '--raw', '--subdir', 'DAGS_FOLDER/dag.py', '--cfg-path', '/tmp/tmp0olxj4qp']
[2026-06-21T05:49:54.557+0000] {standard_task_runner.py:91} INFO - Job 4083: Subtask feature_pipeline.feature_bronze_attributes
[2026-06-21T05:49:54.776+0000] {task_command.py:426} INFO - Running <TaskInstance: credit_default_ml_pipeline.feature_pipeline.feature_bronze_attributes scheduled__2023-10-01T00:00:00+00:00 [running]> on host 9377a3f0491f
[2026-06-21T05:49:54.839+0000] {taskinstance.py:2648} INFO - Exporting env vars: AIRFLOW_CTX_DAG_OWNER='***' AIRFLOW_CTX_DAG_ID='credit_default_ml_pipeline' AIRFLOW_CTX_TASK_ID='feature_pipeline.feature_bronze_attributes' AIRFLOW_CTX_EXECUTION_DATE='2023-10-01T00:00:00+00:00' AIRFLOW_CTX_TRY_NUMBER='1' AIRFLOW_CTX_DAG_RUN_ID='scheduled__2023-10-01T00:00:00+00:00'
[2026-06-21T05:49:54.842+0000] {taskinstance.py:430} INFO - ::endgroup::
[2026-06-21T05:49:54.853+0000] {subprocess.py:63} INFO - Tmp dir root location: /tmp
[2026-06-21T05:49:54.855+0000] {subprocess.py:75} INFO - Running command: ['/usr/bin/bash', '-c', 'cd /opt/***/scripts && python3 bronze_processing.py --snapshotdate "2023-10-01" --source attributes']
[2026-06-21T05:49:54.865+0000] {subprocess.py:86} INFO - Output:
[2026-06-21T05:49:58.028+0000] {subprocess.py:93} INFO - Setting default log level to "WARN".
[2026-06-21T05:49:58.029+0000] {subprocess.py:93} INFO - To adjust logging level use sc.setLogLevel(newLevel). For SparkR, use setLogLevel(newLevel).
[2026-06-21T05:49:58.214+0000] {subprocess.py:93} INFO - 26/06/21 05:49:58 WARN NativeCodeLoader: Unable to load native-hadoop library for your platform... using builtin-java classes where applicable
[2026-06-21T05:50:11.617+0000] {subprocess.py:93} INFO - [Stage 1:>                                                          (0 + 1) / 1]                                                                                [Stage 2:>                                                          (0 + 1) / 1]
[2026-06-21T05:50:11.622+0000] {subprocess.py:93} INFO - --- bronze attributes 2023-10-01 ---
[2026-06-21T05:50:11.623+0000] {subprocess.py:93} INFO - 
[2026-06-21T05:50:11.625+0000] {subprocess.py:93} INFO - [bronze:attributes] 2023-10-01 row count: 487
[2026-06-21T05:50:11.627+0000] {subprocess.py:93} INFO - [bronze:attributes] saved to: datamart/bronze/attributes/bronze_attributes_2023_10_01.csv
[2026-06-21T05:50:11.629+0000] {subprocess.py:93} INFO - 
[2026-06-21T05:50:11.629+0000] {subprocess.py:93} INFO - --- done ---
[2026-06-21T05:50:11.633+0000] {subprocess.py:93} INFO - 
[2026-06-21T05:50:12.273+0000] {subprocess.py:97} INFO - Command exited with return code 0
[2026-06-21T05:50:12.275+0000] {taskinstance.py:441} INFO - ::group::Post task execution logs
[2026-06-21T05:50:12.312+0000] {taskinstance.py:1206} INFO - Marking task as SUCCESS. dag_id=credit_default_ml_pipeline, task_id=feature_pipeline.feature_bronze_attributes, run_id=scheduled__2023-10-01T00:00:00+00:00, execution_date=20231001T000000, start_date=20260621T054954, end_date=20260621T055012
[2026-06-21T05:50:12.369+0000] {local_task_job_runner.py:243} INFO - Task exited with return code 0
[2026-06-21T05:50:12.422+0000] {taskinstance.py:3503} INFO - 0 downstream tasks scheduled from follow-on schedule check
[2026-06-21T05:50:12.425+0000] {local_task_job_runner.py:222} INFO - ::endgroup::
[2026-06-25T17:42:28.733+0000] {local_task_job_runner.py:120} INFO - ::group::Pre task execution logs
[2026-06-25T17:42:28.765+0000] {taskinstance.py:2076} INFO - Dependencies all met for dep_context=non-requeueable deps ti=<TaskInstance: credit_default_ml_pipeline.feature_pipeline.feature_bronze_attributes scheduled__2023-10-01T00:00:00+00:00 [queued]>
[2026-06-25T17:42:28.776+0000] {taskinstance.py:2076} INFO - Dependencies all met for dep_context=requeueable deps ti=<TaskInstance: credit_default_ml_pipeline.feature_pipeline.feature_bronze_attributes scheduled__2023-10-01T00:00:00+00:00 [queued]>
[2026-06-25T17:42:28.776+0000] {taskinstance.py:2306} INFO - Starting attempt 1 of 2
[2026-06-25T17:42:28.789+0000] {taskinstance.py:2330} INFO - Executing <Task(BashOperator): feature_pipeline.feature_bronze_attributes> on 2023-10-01 00:00:00+00:00
[2026-06-25T17:42:28.798+0000] {logging_mixin.py:188} WARNING - /home/***/.local/lib/python3.12/site-packages/***/task/task_runner/standard_task_runner.py:62 DeprecationWarning: This process (pid=28915) is multi-threaded, use of fork() may lead to deadlocks in the child.
[2026-06-25T17:42:28.799+0000] {standard_task_runner.py:64} INFO - Started process 28923 to run task
[2026-06-25T17:42:28.798+0000] {standard_task_runner.py:90} INFO - Running: ['***', 'tasks', 'run', 'credit_default_ml_pipeline', 'feature_pipeline.feature_bronze_attributes', 'scheduled__2023-10-01T00:00:00+00:00', '--job-id', '4542', '--raw', '--subdir', 'DAGS_FOLDER/dag.py', '--cfg-path', '/tmp/tmp689p8n2j']
[2026-06-25T17:42:28.801+0000] {standard_task_runner.py:91} INFO - Job 4542: Subtask feature_pipeline.feature_bronze_attributes
[2026-06-25T17:42:28.856+0000] {task_command.py:426} INFO - Running <TaskInstance: credit_default_ml_pipeline.feature_pipeline.feature_bronze_attributes scheduled__2023-10-01T00:00:00+00:00 [running]> on host b54b2be331ab
[2026-06-25T17:42:29.091+0000] {taskinstance.py:2648} INFO - Exporting env vars: AIRFLOW_CTX_DAG_OWNER='***' AIRFLOW_CTX_DAG_ID='credit_default_ml_pipeline' AIRFLOW_CTX_TASK_ID='feature_pipeline.feature_bronze_attributes' AIRFLOW_CTX_EXECUTION_DATE='2023-10-01T00:00:00+00:00' AIRFLOW_CTX_TRY_NUMBER='1' AIRFLOW_CTX_DAG_RUN_ID='scheduled__2023-10-01T00:00:00+00:00'
[2026-06-25T17:42:29.092+0000] {taskinstance.py:430} INFO - ::endgroup::
[2026-06-25T17:42:29.100+0000] {subprocess.py:63} INFO - Tmp dir root location: /tmp
[2026-06-25T17:42:29.103+0000] {subprocess.py:75} INFO - Running command: ['/usr/bin/bash', '-c', 'cd /opt/***/scripts && python3 bronze_processing.py --snapshotdate "2023-10-01" --source attributes']
[2026-06-25T17:42:29.113+0000] {subprocess.py:86} INFO - Output:
[2026-06-25T17:42:31.751+0000] {subprocess.py:93} INFO - Setting default log level to "WARN".
[2026-06-25T17:42:31.756+0000] {subprocess.py:93} INFO - To adjust logging level use sc.setLogLevel(newLevel). For SparkR, use setLogLevel(newLevel).
[2026-06-25T17:42:31.937+0000] {subprocess.py:93} INFO - 26/06/25 17:42:31 WARN NativeCodeLoader: Unable to load native-hadoop library for your platform... using builtin-java classes where applicable
[2026-06-25T17:42:43.369+0000] {subprocess.py:93} INFO - [Stage 1:>                                                          (0 + 1) / 1]                                                                                [Stage 2:>                                                          (0 + 1) / 1]
[2026-06-25T17:42:43.372+0000] {subprocess.py:93} INFO - --- bronze attributes 2023-10-01 ---
[2026-06-25T17:42:43.375+0000] {subprocess.py:93} INFO - 
[2026-06-25T17:42:43.380+0000] {subprocess.py:93} INFO - [bronze:attributes] 2023-10-01 row count: 487
[2026-06-25T17:42:43.382+0000] {subprocess.py:93} INFO - [bronze:attributes] saved to: datamart/bronze/attributes/bronze_attributes_2023_10_01.csv
[2026-06-25T17:42:43.383+0000] {subprocess.py:93} INFO - 
[2026-06-25T17:42:43.385+0000] {subprocess.py:93} INFO - --- done ---
[2026-06-25T17:42:43.386+0000] {subprocess.py:93} INFO - 
[2026-06-25T17:42:43.987+0000] {subprocess.py:97} INFO - Command exited with return code 0
[2026-06-25T17:42:43.990+0000] {taskinstance.py:441} INFO - ::group::Post task execution logs
[2026-06-25T17:42:44.026+0000] {taskinstance.py:1206} INFO - Marking task as SUCCESS. dag_id=credit_default_ml_pipeline, task_id=feature_pipeline.feature_bronze_attributes, run_id=scheduled__2023-10-01T00:00:00+00:00, execution_date=20231001T000000, start_date=20260625T174228, end_date=20260625T174244
[2026-06-25T17:42:44.067+0000] {local_task_job_runner.py:243} INFO - Task exited with return code 0
[2026-06-25T17:42:44.301+0000] {taskinstance.py:3503} INFO - 1 downstream tasks scheduled from follow-on schedule check
[2026-06-25T17:42:44.304+0000] {local_task_job_runner.py:222} INFO - ::endgroup::
