[2026-06-17T01:01:29.676+0000] {local_task_job_runner.py:120} INFO - ::group::Pre task execution logs
[2026-06-17T01:01:29.694+0000] {taskinstance.py:2076} INFO - Dependencies all met for dep_context=non-requeueable deps ti=<TaskInstance: credit_default_ml_pipeline.inference.challenger_inference scheduled__2023-11-01T00:00:00+00:00 [queued]>
[2026-06-17T01:01:29.700+0000] {taskinstance.py:2076} INFO - Dependencies all met for dep_context=requeueable deps ti=<TaskInstance: credit_default_ml_pipeline.inference.challenger_inference scheduled__2023-11-01T00:00:00+00:00 [queued]>
[2026-06-17T01:01:29.700+0000] {taskinstance.py:2306} INFO - Starting attempt 1 of 2
[2026-06-17T01:01:29.708+0000] {taskinstance.py:2330} INFO - Executing <Task(BashOperator): inference.challenger_inference> on 2023-11-01 00:00:00+00:00
[2026-06-17T01:01:29.711+0000] {standard_task_runner.py:90} INFO - Running: ['***', 'tasks', 'run', 'credit_default_ml_pipeline', 'inference.challenger_inference', 'scheduled__2023-11-01T00:00:00+00:00', '--job-id', '593', '--raw', '--subdir', 'DAGS_FOLDER/dag.py', '--cfg-path', '/tmp/tmpiv7wa19n']
[2026-06-17T01:01:29.713+0000] {standard_task_runner.py:91} INFO - Job 593: Subtask inference.challenger_inference
[2026-06-17T01:01:29.712+0000] {logging_mixin.py:188} WARNING - /home/***/.local/lib/python3.12/site-packages/***/task/task_runner/standard_task_runner.py:62 DeprecationWarning: This process (pid=74654) is multi-threaded, use of fork() may lead to deadlocks in the child.
[2026-06-17T01:01:29.713+0000] {standard_task_runner.py:64} INFO - Started process 74655 to run task
[2026-06-17T01:01:29.734+0000] {task_command.py:426} INFO - Running <TaskInstance: credit_default_ml_pipeline.inference.challenger_inference scheduled__2023-11-01T00:00:00+00:00 [running]> on host 2b9b50b7433d
[2026-06-17T01:01:29.764+0000] {taskinstance.py:2648} INFO - Exporting env vars: AIRFLOW_CTX_DAG_OWNER='***' AIRFLOW_CTX_DAG_ID='credit_default_ml_pipeline' AIRFLOW_CTX_TASK_ID='inference.challenger_inference' AIRFLOW_CTX_EXECUTION_DATE='2023-11-01T00:00:00+00:00' AIRFLOW_CTX_TRY_NUMBER='1' AIRFLOW_CTX_DAG_RUN_ID='scheduled__2023-11-01T00:00:00+00:00'
[2026-06-17T01:01:29.765+0000] {taskinstance.py:430} INFO - ::endgroup::
[2026-06-17T01:01:29.771+0000] {subprocess.py:63} INFO - Tmp dir root location: /tmp
[2026-06-17T01:01:29.773+0000] {subprocess.py:75} INFO - Running command: ['/usr/bin/bash', '-c', 'cd /opt/***/scripts && python3 model_inference.py --snapshotdate "2023-11-01" --modelname "credit_logreg_2024_09_01.pkl"']
[2026-06-17T01:01:29.776+0000] {subprocess.py:86} INFO - Output:
[2026-06-17T01:01:30.208+0000] {subprocess.py:93} INFO - 
[2026-06-17T01:01:30.208+0000] {subprocess.py:93} INFO - --- inference 2023-11-01 / credit_logreg_2024_09_01.pkl ---
[2026-06-17T01:01:30.209+0000] {subprocess.py:93} INFO - 
[2026-06-17T01:01:30.209+0000] {subprocess.py:93} INFO - model credit_logreg_2024_09_01.pkl not in bank yet (trained on a later month); skipping inference for 2023-11-01.
[2026-06-17T01:01:30.251+0000] {subprocess.py:97} INFO - Command exited with return code 0
[2026-06-17T01:01:30.251+0000] {taskinstance.py:441} INFO - ::group::Post task execution logs
[2026-06-17T01:01:30.261+0000] {taskinstance.py:1206} INFO - Marking task as SUCCESS. dag_id=credit_default_ml_pipeline, task_id=inference.challenger_inference, run_id=scheduled__2023-11-01T00:00:00+00:00, execution_date=20231101T000000, start_date=20260617T010129, end_date=20260617T010130
[2026-06-17T01:01:30.271+0000] {local_task_job_runner.py:243} INFO - Task exited with return code 0
[2026-06-17T01:01:30.278+0000] {local_task_job_runner.py:222} INFO - ::endgroup::
