[2026-06-18T04:04:09.727+0000] {local_task_job_runner.py:120} INFO - ::group::Pre task execution logs
[2026-06-18T04:04:09.747+0000] {taskinstance.py:2076} INFO - Dependencies all met for dep_context=non-requeueable deps ti=<TaskInstance: credit_default_ml_pipeline.inference.challenger_inference scheduled__2023-11-01T00:00:00+00:00 [queued]>
[2026-06-18T04:04:09.753+0000] {taskinstance.py:2076} INFO - Dependencies all met for dep_context=requeueable deps ti=<TaskInstance: credit_default_ml_pipeline.inference.challenger_inference scheduled__2023-11-01T00:00:00+00:00 [queued]>
[2026-06-18T04:04:09.754+0000] {taskinstance.py:2306} INFO - Starting attempt 2 of 3
[2026-06-18T04:04:09.763+0000] {taskinstance.py:2330} INFO - Executing <Task(BashOperator): inference.challenger_inference> on 2023-11-01 00:00:00+00:00
[2026-06-18T04:04:09.767+0000] {logging_mixin.py:188} WARNING - /home/***/.local/lib/python3.12/site-packages/***/task/task_runner/standard_task_runner.py:62 DeprecationWarning: This process (pid=59130) is multi-threaded, use of fork() may lead to deadlocks in the child.
[2026-06-18T04:04:09.768+0000] {standard_task_runner.py:90} INFO - Running: ['***', 'tasks', 'run', 'credit_default_ml_pipeline', 'inference.challenger_inference', 'scheduled__2023-11-01T00:00:00+00:00', '--job-id', '1098', '--raw', '--subdir', 'DAGS_FOLDER/dag.py', '--cfg-path', '/tmp/tmpv9ci46s8']
[2026-06-18T04:04:09.769+0000] {standard_task_runner.py:64} INFO - Started process 59134 to run task
[2026-06-18T04:04:09.769+0000] {standard_task_runner.py:91} INFO - Job 1098: Subtask inference.challenger_inference
[2026-06-18T04:04:09.793+0000] {task_command.py:426} INFO - Running <TaskInstance: credit_default_ml_pipeline.inference.challenger_inference scheduled__2023-11-01T00:00:00+00:00 [running]> on host bfbc24b887a5
[2026-06-18T04:04:09.936+0000] {taskinstance.py:2648} INFO - Exporting env vars: AIRFLOW_CTX_DAG_OWNER='***' AIRFLOW_CTX_DAG_ID='credit_default_ml_pipeline' AIRFLOW_CTX_TASK_ID='inference.challenger_inference' AIRFLOW_CTX_EXECUTION_DATE='2023-11-01T00:00:00+00:00' AIRFLOW_CTX_TRY_NUMBER='2' AIRFLOW_CTX_DAG_RUN_ID='scheduled__2023-11-01T00:00:00+00:00'
[2026-06-18T04:04:09.937+0000] {taskinstance.py:430} INFO - ::endgroup::
[2026-06-18T04:04:09.943+0000] {subprocess.py:63} INFO - Tmp dir root location: /tmp
[2026-06-18T04:04:09.943+0000] {subprocess.py:75} INFO - Running command: ['/usr/bin/bash', '-c', 'cd /opt/***/scripts && python3 model_inference.py --snapshotdate "2023-11-01" --modelname "credit_logreg_2024_09_01.pkl"']
[2026-06-18T04:04:09.949+0000] {subprocess.py:86} INFO - Output:
[2026-06-18T04:04:10.568+0000] {subprocess.py:93} INFO - 
[2026-06-18T04:04:10.568+0000] {subprocess.py:93} INFO - --- inference 2023-11-01 / credit_logreg_2024_09_01.pkl ---
[2026-06-18T04:04:10.569+0000] {subprocess.py:93} INFO - 
[2026-06-18T04:04:10.571+0000] {subprocess.py:93} INFO - model credit_logreg_2024_09_01.pkl not in bank yet (trained on a later month); skipping inference for 2023-11-01.
[2026-06-18T04:04:10.630+0000] {subprocess.py:97} INFO - Command exited with return code 0
[2026-06-18T04:04:10.631+0000] {taskinstance.py:441} INFO - ::group::Post task execution logs
[2026-06-18T04:04:10.645+0000] {taskinstance.py:1206} INFO - Marking task as SUCCESS. dag_id=credit_default_ml_pipeline, task_id=inference.challenger_inference, run_id=scheduled__2023-11-01T00:00:00+00:00, execution_date=20231101T000000, start_date=20260618T040409, end_date=20260618T040410
[2026-06-18T04:04:10.699+0000] {local_task_job_runner.py:243} INFO - Task exited with return code 0
[2026-06-18T04:04:10.715+0000] {taskinstance.py:3503} INFO - 0 downstream tasks scheduled from follow-on schedule check
[2026-06-18T04:04:10.717+0000] {local_task_job_runner.py:222} INFO - ::endgroup::
