[2026-06-20T05:50:29.015+0000] {local_task_job_runner.py:120} INFO - ::group::Pre task execution logs
[2026-06-20T05:50:29.030+0000] {taskinstance.py:2076} INFO - Dependencies all met for dep_context=non-requeueable deps ti=<TaskInstance: credit_default_ml_pipeline.inference.logreg_inference scheduled__2023-06-01T00:00:00+00:00 [queued]>
[2026-06-20T05:50:29.035+0000] {taskinstance.py:2076} INFO - Dependencies all met for dep_context=requeueable deps ti=<TaskInstance: credit_default_ml_pipeline.inference.logreg_inference scheduled__2023-06-01T00:00:00+00:00 [queued]>
[2026-06-20T05:50:29.035+0000] {taskinstance.py:2306} INFO - Starting attempt 1 of 2
[2026-06-20T05:50:29.113+0000] {taskinstance.py:2330} INFO - Executing <Task(BashOperator): inference.logreg_inference> on 2023-06-01 00:00:00+00:00
[2026-06-20T05:50:29.116+0000] {logging_mixin.py:188} WARNING - /home/***/.local/lib/python3.12/site-packages/***/task/task_runner/standard_task_runner.py:62 DeprecationWarning: This process (pid=29495) is multi-threaded, use of fork() may lead to deadlocks in the child.
[2026-06-20T05:50:29.116+0000] {standard_task_runner.py:90} INFO - Running: ['***', 'tasks', 'run', 'credit_default_ml_pipeline', 'inference.logreg_inference', 'scheduled__2023-06-01T00:00:00+00:00', '--job-id', '1549', '--raw', '--subdir', 'DAGS_FOLDER/dag.py', '--cfg-path', '/tmp/tmpe7ly7o53']
[2026-06-20T05:50:29.117+0000] {standard_task_runner.py:64} INFO - Started process 29499 to run task
[2026-06-20T05:50:29.117+0000] {standard_task_runner.py:91} INFO - Job 1549: Subtask inference.logreg_inference
[2026-06-20T05:50:29.135+0000] {task_command.py:426} INFO - Running <TaskInstance: credit_default_ml_pipeline.inference.logreg_inference scheduled__2023-06-01T00:00:00+00:00 [running]> on host 9cf341f51c89
[2026-06-20T05:50:29.161+0000] {taskinstance.py:2648} INFO - Exporting env vars: AIRFLOW_CTX_DAG_OWNER='***' AIRFLOW_CTX_DAG_ID='credit_default_ml_pipeline' AIRFLOW_CTX_TASK_ID='inference.logreg_inference' AIRFLOW_CTX_EXECUTION_DATE='2023-06-01T00:00:00+00:00' AIRFLOW_CTX_TRY_NUMBER='1' AIRFLOW_CTX_DAG_RUN_ID='scheduled__2023-06-01T00:00:00+00:00'
[2026-06-20T05:50:29.161+0000] {taskinstance.py:430} INFO - ::endgroup::
[2026-06-20T05:50:29.166+0000] {subprocess.py:63} INFO - Tmp dir root location: /tmp
[2026-06-20T05:50:29.166+0000] {subprocess.py:75} INFO - Running command: ['/usr/bin/bash', '-c', 'cd /opt/***/scripts && if [ ! -f model_bank/champion.txt ]; then echo \'[SKIP] no champion.txt for 2023-06-01\'; exit 0; fi && python3 model_inference.py --snapshotdate "2023-06-01" --modelname "credit_logreg_2024_09_01.pkl"']
[2026-06-20T05:50:29.170+0000] {subprocess.py:86} INFO - Output:
[2026-06-20T05:50:29.171+0000] {subprocess.py:93} INFO - [SKIP] no champion.txt for 2023-06-01
[2026-06-20T05:50:29.172+0000] {subprocess.py:97} INFO - Command exited with return code 0
[2026-06-20T05:50:29.172+0000] {taskinstance.py:441} INFO - ::group::Post task execution logs
[2026-06-20T05:50:29.181+0000] {taskinstance.py:1206} INFO - Marking task as SUCCESS. dag_id=credit_default_ml_pipeline, task_id=inference.logreg_inference, run_id=scheduled__2023-06-01T00:00:00+00:00, execution_date=20230601T000000, start_date=20260620T055029, end_date=20260620T055029
[2026-06-20T05:50:29.217+0000] {local_task_job_runner.py:243} INFO - Task exited with return code 0
[2026-06-20T05:50:29.226+0000] {taskinstance.py:3503} INFO - 0 downstream tasks scheduled from follow-on schedule check
[2026-06-20T05:50:29.228+0000] {local_task_job_runner.py:222} INFO - ::endgroup::
[2026-06-20T06:58:02.012+0000] {local_task_job_runner.py:120} INFO - ::group::Pre task execution logs
[2026-06-20T06:58:02.032+0000] {taskinstance.py:2076} INFO - Dependencies all met for dep_context=non-requeueable deps ti=<TaskInstance: credit_default_ml_pipeline.inference.logreg_inference scheduled__2023-06-01T00:00:00+00:00 [queued]>
[2026-06-20T06:58:02.039+0000] {taskinstance.py:2076} INFO - Dependencies all met for dep_context=requeueable deps ti=<TaskInstance: credit_default_ml_pipeline.inference.logreg_inference scheduled__2023-06-01T00:00:00+00:00 [queued]>
[2026-06-20T06:58:02.040+0000] {taskinstance.py:2306} INFO - Starting attempt 1 of 2
[2026-06-20T06:58:02.127+0000] {taskinstance.py:2330} INFO - Executing <Task(BashOperator): inference.logreg_inference> on 2023-06-01 00:00:00+00:00
[2026-06-20T06:58:02.132+0000] {logging_mixin.py:188} WARNING - /home/***/.local/lib/python3.12/site-packages/***/task/task_runner/standard_task_runner.py:62 DeprecationWarning: This process (pid=82326) is multi-threaded, use of fork() may lead to deadlocks in the child.
[2026-06-20T06:58:02.133+0000] {standard_task_runner.py:64} INFO - Started process 82331 to run task
[2026-06-20T06:58:02.132+0000] {standard_task_runner.py:90} INFO - Running: ['***', 'tasks', 'run', 'credit_default_ml_pipeline', 'inference.logreg_inference', 'scheduled__2023-06-01T00:00:00+00:00', '--job-id', '1862', '--raw', '--subdir', 'DAGS_FOLDER/dag.py', '--cfg-path', '/tmp/tmprlhprai8']
[2026-06-20T06:58:02.135+0000] {standard_task_runner.py:91} INFO - Job 1862: Subtask inference.logreg_inference
[2026-06-20T06:58:02.162+0000] {task_command.py:426} INFO - Running <TaskInstance: credit_default_ml_pipeline.inference.logreg_inference scheduled__2023-06-01T00:00:00+00:00 [running]> on host 9cf341f51c89
[2026-06-20T06:58:02.196+0000] {taskinstance.py:2648} INFO - Exporting env vars: AIRFLOW_CTX_DAG_OWNER='***' AIRFLOW_CTX_DAG_ID='credit_default_ml_pipeline' AIRFLOW_CTX_TASK_ID='inference.logreg_inference' AIRFLOW_CTX_EXECUTION_DATE='2023-06-01T00:00:00+00:00' AIRFLOW_CTX_TRY_NUMBER='1' AIRFLOW_CTX_DAG_RUN_ID='scheduled__2023-06-01T00:00:00+00:00'
[2026-06-20T06:58:02.197+0000] {taskinstance.py:430} INFO - ::endgroup::
[2026-06-20T06:58:02.203+0000] {subprocess.py:63} INFO - Tmp dir root location: /tmp
[2026-06-20T06:58:02.205+0000] {subprocess.py:75} INFO - Running command: ['/usr/bin/bash', '-c', 'cd /opt/***/scripts && if [ ! -f model_bank/champion.txt ]; then echo \'[SKIP] no champion.txt for 2023-06-01\'; exit 0; fi && python3 model_inference.py --snapshotdate "2023-06-01" --modelname "credit_logreg_2024_09_01.pkl"']
[2026-06-20T06:58:02.210+0000] {subprocess.py:86} INFO - Output:
[2026-06-20T06:58:02.213+0000] {subprocess.py:93} INFO - [SKIP] no champion.txt for 2023-06-01
[2026-06-20T06:58:02.214+0000] {subprocess.py:97} INFO - Command exited with return code 0
[2026-06-20T06:58:02.214+0000] {taskinstance.py:441} INFO - ::group::Post task execution logs
[2026-06-20T06:58:02.225+0000] {taskinstance.py:1206} INFO - Marking task as SUCCESS. dag_id=credit_default_ml_pipeline, task_id=inference.logreg_inference, run_id=scheduled__2023-06-01T00:00:00+00:00, execution_date=20230601T000000, start_date=20260620T065802, end_date=20260620T065802
[2026-06-20T06:58:02.274+0000] {local_task_job_runner.py:243} INFO - Task exited with return code 0
[2026-06-20T06:58:02.288+0000] {taskinstance.py:3503} INFO - 0 downstream tasks scheduled from follow-on schedule check
[2026-06-20T06:58:02.291+0000] {local_task_job_runner.py:222} INFO - ::endgroup::
[2026-06-20T07:26:30.455+0000] {local_task_job_runner.py:120} INFO - ::group::Pre task execution logs
[2026-06-20T07:26:30.469+0000] {taskinstance.py:2076} INFO - Dependencies all met for dep_context=non-requeueable deps ti=<TaskInstance: credit_default_ml_pipeline.inference.logreg_inference scheduled__2023-06-01T00:00:00+00:00 [queued]>
[2026-06-20T07:26:30.474+0000] {taskinstance.py:2076} INFO - Dependencies all met for dep_context=requeueable deps ti=<TaskInstance: credit_default_ml_pipeline.inference.logreg_inference scheduled__2023-06-01T00:00:00+00:00 [queued]>
[2026-06-20T07:26:30.475+0000] {taskinstance.py:2306} INFO - Starting attempt 1 of 2
[2026-06-20T07:26:30.557+0000] {taskinstance.py:2330} INFO - Executing <Task(BashOperator): inference.logreg_inference> on 2023-06-01 00:00:00+00:00
[2026-06-20T07:26:30.562+0000] {logging_mixin.py:188} WARNING - /home/***/.local/lib/python3.12/site-packages/***/task/task_runner/standard_task_runner.py:62 DeprecationWarning: This process (pid=14046) is multi-threaded, use of fork() may lead to deadlocks in the child.
[2026-06-20T07:26:30.562+0000] {standard_task_runner.py:90} INFO - Running: ['***', 'tasks', 'run', 'credit_default_ml_pipeline', 'inference.logreg_inference', 'scheduled__2023-06-01T00:00:00+00:00', '--job-id', '2043', '--raw', '--subdir', 'DAGS_FOLDER/dag.py', '--cfg-path', '/tmp/tmpg_2eb93l']
[2026-06-20T07:26:30.563+0000] {standard_task_runner.py:64} INFO - Started process 14049 to run task
[2026-06-20T07:26:30.564+0000] {standard_task_runner.py:91} INFO - Job 2043: Subtask inference.logreg_inference
[2026-06-20T07:26:30.589+0000] {task_command.py:426} INFO - Running <TaskInstance: credit_default_ml_pipeline.inference.logreg_inference scheduled__2023-06-01T00:00:00+00:00 [running]> on host 9cf341f51c89
[2026-06-20T07:26:30.621+0000] {taskinstance.py:2648} INFO - Exporting env vars: AIRFLOW_CTX_DAG_OWNER='***' AIRFLOW_CTX_DAG_ID='credit_default_ml_pipeline' AIRFLOW_CTX_TASK_ID='inference.logreg_inference' AIRFLOW_CTX_EXECUTION_DATE='2023-06-01T00:00:00+00:00' AIRFLOW_CTX_TRY_NUMBER='1' AIRFLOW_CTX_DAG_RUN_ID='scheduled__2023-06-01T00:00:00+00:00'
[2026-06-20T07:26:30.622+0000] {taskinstance.py:430} INFO - ::endgroup::
[2026-06-20T07:26:30.627+0000] {subprocess.py:63} INFO - Tmp dir root location: /tmp
[2026-06-20T07:26:30.629+0000] {subprocess.py:75} INFO - Running command: ['/usr/bin/bash', '-c', 'cd /opt/***/scripts && if [ ! -f model_bank/champion.txt ]; then echo \'[SKIP] no champion.txt for 2023-06-01\'; exit 0; fi && python3 model_inference.py --snapshotdate "2023-06-01" --modelname "credit_logreg_2024_09_01.pkl"']
[2026-06-20T07:26:30.633+0000] {subprocess.py:86} INFO - Output:
[2026-06-20T07:26:30.635+0000] {subprocess.py:93} INFO - [SKIP] no champion.txt for 2023-06-01
[2026-06-20T07:26:30.636+0000] {subprocess.py:97} INFO - Command exited with return code 0
[2026-06-20T07:26:30.637+0000] {taskinstance.py:441} INFO - ::group::Post task execution logs
[2026-06-20T07:26:30.647+0000] {taskinstance.py:1206} INFO - Marking task as SUCCESS. dag_id=credit_default_ml_pipeline, task_id=inference.logreg_inference, run_id=scheduled__2023-06-01T00:00:00+00:00, execution_date=20230601T000000, start_date=20260620T072630, end_date=20260620T072630
[2026-06-20T07:26:30.662+0000] {local_task_job_runner.py:243} INFO - Task exited with return code 0
[2026-06-20T07:26:30.674+0000] {taskinstance.py:3503} INFO - 0 downstream tasks scheduled from follow-on schedule check
[2026-06-20T07:26:30.675+0000] {local_task_job_runner.py:222} INFO - ::endgroup::
[2026-06-20T15:26:21.932+0000] {local_task_job_runner.py:120} INFO - ::group::Pre task execution logs
[2026-06-20T15:26:21.946+0000] {taskinstance.py:2076} INFO - Dependencies all met for dep_context=non-requeueable deps ti=<TaskInstance: credit_default_ml_pipeline.inference.logreg_inference scheduled__2023-06-01T00:00:00+00:00 [queued]>
[2026-06-20T15:26:21.951+0000] {taskinstance.py:2076} INFO - Dependencies all met for dep_context=requeueable deps ti=<TaskInstance: credit_default_ml_pipeline.inference.logreg_inference scheduled__2023-06-01T00:00:00+00:00 [queued]>
[2026-06-20T15:26:21.951+0000] {taskinstance.py:2306} INFO - Starting attempt 1 of 2
[2026-06-20T15:26:22.029+0000] {taskinstance.py:2330} INFO - Executing <Task(BashOperator): inference.logreg_inference> on 2023-06-01 00:00:00+00:00
[2026-06-20T15:26:22.034+0000] {logging_mixin.py:188} WARNING - /home/***/.local/lib/python3.12/site-packages/***/task/task_runner/standard_task_runner.py:62 DeprecationWarning: This process (pid=850) is multi-threaded, use of fork() may lead to deadlocks in the child.
[2026-06-20T15:26:22.034+0000] {standard_task_runner.py:64} INFO - Started process 854 to run task
[2026-06-20T15:26:22.034+0000] {standard_task_runner.py:90} INFO - Running: ['***', 'tasks', 'run', 'credit_default_ml_pipeline', 'inference.logreg_inference', 'scheduled__2023-06-01T00:00:00+00:00', '--job-id', '2512', '--raw', '--subdir', 'DAGS_FOLDER/dag.py', '--cfg-path', '/tmp/tmpx9zyzgd6']
[2026-06-20T15:26:22.036+0000] {standard_task_runner.py:91} INFO - Job 2512: Subtask inference.logreg_inference
[2026-06-20T15:26:22.056+0000] {task_command.py:426} INFO - Running <TaskInstance: credit_default_ml_pipeline.inference.logreg_inference scheduled__2023-06-01T00:00:00+00:00 [running]> on host 9cf341f51c89
[2026-06-20T15:26:22.086+0000] {taskinstance.py:2648} INFO - Exporting env vars: AIRFLOW_CTX_DAG_OWNER='***' AIRFLOW_CTX_DAG_ID='credit_default_ml_pipeline' AIRFLOW_CTX_TASK_ID='inference.logreg_inference' AIRFLOW_CTX_EXECUTION_DATE='2023-06-01T00:00:00+00:00' AIRFLOW_CTX_TRY_NUMBER='1' AIRFLOW_CTX_DAG_RUN_ID='scheduled__2023-06-01T00:00:00+00:00'
[2026-06-20T15:26:22.088+0000] {taskinstance.py:430} INFO - ::endgroup::
[2026-06-20T15:26:22.094+0000] {subprocess.py:63} INFO - Tmp dir root location: /tmp
[2026-06-20T15:26:22.095+0000] {subprocess.py:75} INFO - Running command: ['/usr/bin/bash', '-c', 'cd /opt/***/scripts && if [ ! -f model_bank/champion.txt ]; then echo \'[SKIP] no champion.txt for 2023-06-01\'; exit 0; fi && python3 model_inference.py --snapshotdate "2023-06-01" --modelname "credit_logreg_2024_09_01.pkl"']
[2026-06-20T15:26:22.100+0000] {subprocess.py:86} INFO - Output:
[2026-06-20T15:26:22.100+0000] {subprocess.py:93} INFO - [SKIP] no champion.txt for 2023-06-01
[2026-06-20T15:26:22.102+0000] {subprocess.py:97} INFO - Command exited with return code 0
[2026-06-20T15:26:22.102+0000] {taskinstance.py:441} INFO - ::group::Post task execution logs
[2026-06-20T15:26:22.113+0000] {taskinstance.py:1206} INFO - Marking task as SUCCESS. dag_id=credit_default_ml_pipeline, task_id=inference.logreg_inference, run_id=scheduled__2023-06-01T00:00:00+00:00, execution_date=20230601T000000, start_date=20260620T152621, end_date=20260620T152622
[2026-06-20T15:26:22.135+0000] {local_task_job_runner.py:243} INFO - Task exited with return code 0
[2026-06-20T15:26:22.142+0000] {local_task_job_runner.py:222} INFO - ::endgroup::
[2026-06-20T17:19:04.347+0000] {local_task_job_runner.py:120} INFO - ::group::Pre task execution logs
[2026-06-20T17:19:04.361+0000] {taskinstance.py:2076} INFO - Dependencies all met for dep_context=non-requeueable deps ti=<TaskInstance: credit_default_ml_pipeline.inference.logreg_inference scheduled__2023-06-01T00:00:00+00:00 [queued]>
[2026-06-20T17:19:04.367+0000] {taskinstance.py:2076} INFO - Dependencies all met for dep_context=requeueable deps ti=<TaskInstance: credit_default_ml_pipeline.inference.logreg_inference scheduled__2023-06-01T00:00:00+00:00 [queued]>
[2026-06-20T17:19:04.367+0000] {taskinstance.py:2306} INFO - Starting attempt 1 of 2
[2026-06-20T17:19:04.449+0000] {taskinstance.py:2330} INFO - Executing <Task(BashOperator): inference.logreg_inference> on 2023-06-01 00:00:00+00:00
[2026-06-20T17:19:04.453+0000] {standard_task_runner.py:90} INFO - Running: ['***', 'tasks', 'run', 'credit_default_ml_pipeline', 'inference.logreg_inference', 'scheduled__2023-06-01T00:00:00+00:00', '--job-id', '3090', '--raw', '--subdir', 'DAGS_FOLDER/dag.py', '--cfg-path', '/tmp/tmpue6yuqpk']
[2026-06-20T17:19:04.454+0000] {logging_mixin.py:188} WARNING - /home/***/.local/lib/python3.12/site-packages/***/task/task_runner/standard_task_runner.py:62 DeprecationWarning: This process (pid=18746) is multi-threaded, use of fork() may lead to deadlocks in the child.
[2026-06-20T17:19:04.455+0000] {standard_task_runner.py:91} INFO - Job 3090: Subtask inference.logreg_inference
[2026-06-20T17:19:04.456+0000] {standard_task_runner.py:64} INFO - Started process 18750 to run task
[2026-06-20T17:19:04.475+0000] {task_command.py:426} INFO - Running <TaskInstance: credit_default_ml_pipeline.inference.logreg_inference scheduled__2023-06-01T00:00:00+00:00 [running]> on host 9cf341f51c89
[2026-06-20T17:19:04.501+0000] {taskinstance.py:2648} INFO - Exporting env vars: AIRFLOW_CTX_DAG_OWNER='***' AIRFLOW_CTX_DAG_ID='credit_default_ml_pipeline' AIRFLOW_CTX_TASK_ID='inference.logreg_inference' AIRFLOW_CTX_EXECUTION_DATE='2023-06-01T00:00:00+00:00' AIRFLOW_CTX_TRY_NUMBER='1' AIRFLOW_CTX_DAG_RUN_ID='scheduled__2023-06-01T00:00:00+00:00'
[2026-06-20T17:19:04.502+0000] {taskinstance.py:430} INFO - ::endgroup::
[2026-06-20T17:19:04.507+0000] {subprocess.py:63} INFO - Tmp dir root location: /tmp
[2026-06-20T17:19:04.508+0000] {subprocess.py:75} INFO - Running command: ['/usr/bin/bash', '-c', 'cd /opt/***/scripts && if [ ! -f model_bank/champion.txt ]; then echo \'[SKIP] no champion.txt for 2023-06-01\'; exit 0; fi && python3 model_inference.py --snapshotdate "2023-06-01" --modelname "credit_logreg_2024_09_01.pkl"']
[2026-06-20T17:19:04.513+0000] {subprocess.py:86} INFO - Output:
[2026-06-20T17:19:04.514+0000] {subprocess.py:93} INFO - [SKIP] no champion.txt for 2023-06-01
[2026-06-20T17:19:04.514+0000] {subprocess.py:97} INFO - Command exited with return code 0
[2026-06-20T17:19:04.514+0000] {taskinstance.py:441} INFO - ::group::Post task execution logs
[2026-06-20T17:19:04.524+0000] {taskinstance.py:1206} INFO - Marking task as SUCCESS. dag_id=credit_default_ml_pipeline, task_id=inference.logreg_inference, run_id=scheduled__2023-06-01T00:00:00+00:00, execution_date=20230601T000000, start_date=20260620T171904, end_date=20260620T171904
[2026-06-20T17:19:04.557+0000] {local_task_job_runner.py:243} INFO - Task exited with return code 0
[2026-06-20T17:19:04.569+0000] {taskinstance.py:3503} INFO - 0 downstream tasks scheduled from follow-on schedule check
[2026-06-20T17:19:04.570+0000] {local_task_job_runner.py:222} INFO - ::endgroup::
[2026-06-21T01:44:23.101+0000] {local_task_job_runner.py:120} INFO - ::group::Pre task execution logs
[2026-06-21T01:44:23.128+0000] {taskinstance.py:2076} INFO - Dependencies all met for dep_context=non-requeueable deps ti=<TaskInstance: credit_default_ml_pipeline.inference.logreg_inference scheduled__2023-06-01T00:00:00+00:00 [queued]>
[2026-06-21T01:44:23.134+0000] {taskinstance.py:2076} INFO - Dependencies all met for dep_context=requeueable deps ti=<TaskInstance: credit_default_ml_pipeline.inference.logreg_inference scheduled__2023-06-01T00:00:00+00:00 [queued]>
[2026-06-21T01:44:23.134+0000] {taskinstance.py:2306} INFO - Starting attempt 1 of 2
[2026-06-21T01:44:23.142+0000] {taskinstance.py:2330} INFO - Executing <Task(BashOperator): inference.logreg_inference> on 2023-06-01 00:00:00+00:00
[2026-06-21T01:44:23.146+0000] {logging_mixin.py:188} WARNING - /home/***/.local/lib/python3.12/site-packages/***/task/task_runner/standard_task_runner.py:62 DeprecationWarning: This process (pid=18986) is multi-threaded, use of fork() may lead to deadlocks in the child.
[2026-06-21T01:44:23.148+0000] {standard_task_runner.py:64} INFO - Started process 18990 to run task
[2026-06-21T01:44:23.147+0000] {standard_task_runner.py:90} INFO - Running: ['***', 'tasks', 'run', 'credit_default_ml_pipeline', 'inference.logreg_inference', 'scheduled__2023-06-01T00:00:00+00:00', '--job-id', '3554', '--raw', '--subdir', 'DAGS_FOLDER/dag.py', '--cfg-path', '/tmp/tmptc11bapi']
[2026-06-21T01:44:23.150+0000] {standard_task_runner.py:91} INFO - Job 3554: Subtask inference.logreg_inference
[2026-06-21T01:44:23.192+0000] {task_command.py:426} INFO - Running <TaskInstance: credit_default_ml_pipeline.inference.logreg_inference scheduled__2023-06-01T00:00:00+00:00 [running]> on host f6e9e2801916
[2026-06-21T01:44:23.322+0000] {taskinstance.py:2648} INFO - Exporting env vars: AIRFLOW_CTX_DAG_OWNER='***' AIRFLOW_CTX_DAG_ID='credit_default_ml_pipeline' AIRFLOW_CTX_TASK_ID='inference.logreg_inference' AIRFLOW_CTX_EXECUTION_DATE='2023-06-01T00:00:00+00:00' AIRFLOW_CTX_TRY_NUMBER='1' AIRFLOW_CTX_DAG_RUN_ID='scheduled__2023-06-01T00:00:00+00:00'
[2026-06-21T01:44:23.324+0000] {taskinstance.py:430} INFO - ::endgroup::
[2026-06-21T01:44:23.329+0000] {subprocess.py:63} INFO - Tmp dir root location: /tmp
[2026-06-21T01:44:23.330+0000] {subprocess.py:75} INFO - Running command: ['/usr/bin/bash', '-c', 'cd /opt/***/scripts && if [ ! -f model_bank/champion.txt ]; then   echo \'[SKIP] no champion.txt for 2023-06-01\'; exit 0; fi && APP_DATE=$(python3 app_date_helper.py \'2023-06-01\') && python3 model_inference.py --snapshotdate "$APP_DATE" --labeldate "2023-06-01" --modelname "credit_logreg_2024_09_01.pkl"']
[2026-06-21T01:44:23.335+0000] {subprocess.py:86} INFO - Output:
[2026-06-21T01:44:23.336+0000] {subprocess.py:93} INFO - [SKIP] no champion.txt for 2023-06-01
[2026-06-21T01:44:23.337+0000] {subprocess.py:97} INFO - Command exited with return code 0
[2026-06-21T01:44:23.338+0000] {taskinstance.py:441} INFO - ::group::Post task execution logs
[2026-06-21T01:44:23.346+0000] {taskinstance.py:1206} INFO - Marking task as SUCCESS. dag_id=credit_default_ml_pipeline, task_id=inference.logreg_inference, run_id=scheduled__2023-06-01T00:00:00+00:00, execution_date=20230601T000000, start_date=20260621T014423, end_date=20260621T014423
[2026-06-21T01:44:23.375+0000] {local_task_job_runner.py:243} INFO - Task exited with return code 0
[2026-06-21T01:44:23.383+0000] {local_task_job_runner.py:222} INFO - ::endgroup::
[2026-06-21T05:39:25.460+0000] {local_task_job_runner.py:120} INFO - ::group::Pre task execution logs
[2026-06-21T05:39:25.482+0000] {taskinstance.py:2076} INFO - Dependencies all met for dep_context=non-requeueable deps ti=<TaskInstance: credit_default_ml_pipeline.inference.logreg_inference scheduled__2023-06-01T00:00:00+00:00 [queued]>
[2026-06-21T05:39:25.489+0000] {taskinstance.py:2076} INFO - Dependencies all met for dep_context=requeueable deps ti=<TaskInstance: credit_default_ml_pipeline.inference.logreg_inference scheduled__2023-06-01T00:00:00+00:00 [queued]>
[2026-06-21T05:39:25.491+0000] {taskinstance.py:2306} INFO - Starting attempt 1 of 2
[2026-06-21T05:39:25.596+0000] {taskinstance.py:2330} INFO - Executing <Task(BashOperator): inference.logreg_inference> on 2023-06-01 00:00:00+00:00
[2026-06-21T05:39:25.605+0000] {logging_mixin.py:188} WARNING - /home/***/.local/lib/python3.12/site-packages/***/task/task_runner/standard_task_runner.py:62 DeprecationWarning: This process (pid=19136) is multi-threaded, use of fork() may lead to deadlocks in the child.
[2026-06-21T05:39:25.606+0000] {standard_task_runner.py:64} INFO - Started process 19141 to run task
[2026-06-21T05:39:25.605+0000] {standard_task_runner.py:90} INFO - Running: ['***', 'tasks', 'run', 'credit_default_ml_pipeline', 'inference.logreg_inference', 'scheduled__2023-06-01T00:00:00+00:00', '--job-id', '4018', '--raw', '--subdir', 'DAGS_FOLDER/dag.py', '--cfg-path', '/tmp/tmpnm75rucm']
[2026-06-21T05:39:25.607+0000] {standard_task_runner.py:91} INFO - Job 4018: Subtask inference.logreg_inference
[2026-06-21T05:39:25.636+0000] {task_command.py:426} INFO - Running <TaskInstance: credit_default_ml_pipeline.inference.logreg_inference scheduled__2023-06-01T00:00:00+00:00 [running]> on host 9377a3f0491f
[2026-06-21T05:39:25.680+0000] {taskinstance.py:2648} INFO - Exporting env vars: AIRFLOW_CTX_DAG_OWNER='***' AIRFLOW_CTX_DAG_ID='credit_default_ml_pipeline' AIRFLOW_CTX_TASK_ID='inference.logreg_inference' AIRFLOW_CTX_EXECUTION_DATE='2023-06-01T00:00:00+00:00' AIRFLOW_CTX_TRY_NUMBER='1' AIRFLOW_CTX_DAG_RUN_ID='scheduled__2023-06-01T00:00:00+00:00'
[2026-06-21T05:39:25.681+0000] {taskinstance.py:430} INFO - ::endgroup::
[2026-06-21T05:39:25.689+0000] {subprocess.py:63} INFO - Tmp dir root location: /tmp
[2026-06-21T05:39:25.689+0000] {subprocess.py:75} INFO - Running command: ['/usr/bin/bash', '-c', 'cd /opt/***/scripts && if [ ! -f model_bank/champion.txt ]; then   echo \'[SKIP] no champion.txt for 2023-06-01\'; exit 0; fi && APP_DATE=$(python3 app_date_helper.py \'2023-06-01\') && python3 model_inference.py --snapshotdate "$APP_DATE" --labeldate "2023-06-01" --modelname "credit_logreg_2024_09_01.pkl"']
[2026-06-21T05:39:25.696+0000] {subprocess.py:86} INFO - Output:
[2026-06-21T05:39:25.698+0000] {subprocess.py:93} INFO - [SKIP] no champion.txt for 2023-06-01
[2026-06-21T05:39:25.698+0000] {subprocess.py:97} INFO - Command exited with return code 0
[2026-06-21T05:39:25.699+0000] {taskinstance.py:441} INFO - ::group::Post task execution logs
[2026-06-21T05:39:25.714+0000] {taskinstance.py:1206} INFO - Marking task as SUCCESS. dag_id=credit_default_ml_pipeline, task_id=inference.logreg_inference, run_id=scheduled__2023-06-01T00:00:00+00:00, execution_date=20230601T000000, start_date=20260621T053925, end_date=20260621T053925
[2026-06-21T05:39:25.747+0000] {local_task_job_runner.py:243} INFO - Task exited with return code 0
[2026-06-21T05:39:25.757+0000] {local_task_job_runner.py:222} INFO - ::endgroup::
[2026-06-25T17:32:41.192+0000] {local_task_job_runner.py:120} INFO - ::group::Pre task execution logs
[2026-06-25T17:32:41.223+0000] {taskinstance.py:2076} INFO - Dependencies all met for dep_context=non-requeueable deps ti=<TaskInstance: credit_default_ml_pipeline.inference.logreg_inference scheduled__2023-06-01T00:00:00+00:00 [queued]>
[2026-06-25T17:32:41.234+0000] {taskinstance.py:2076} INFO - Dependencies all met for dep_context=requeueable deps ti=<TaskInstance: credit_default_ml_pipeline.inference.logreg_inference scheduled__2023-06-01T00:00:00+00:00 [queued]>
[2026-06-25T17:32:41.237+0000] {taskinstance.py:2306} INFO - Starting attempt 1 of 2
[2026-06-25T17:32:41.249+0000] {taskinstance.py:2330} INFO - Executing <Task(BashOperator): inference.logreg_inference> on 2023-06-01 00:00:00+00:00
[2026-06-25T17:32:41.260+0000] {logging_mixin.py:188} WARNING - /home/***/.local/lib/python3.12/site-packages/***/task/task_runner/standard_task_runner.py:62 DeprecationWarning: This process (pid=19143) is multi-threaded, use of fork() may lead to deadlocks in the child.
[2026-06-25T17:32:41.260+0000] {standard_task_runner.py:90} INFO - Running: ['***', 'tasks', 'run', 'credit_default_ml_pipeline', 'inference.logreg_inference', 'scheduled__2023-06-01T00:00:00+00:00', '--job-id', '4479', '--raw', '--subdir', 'DAGS_FOLDER/dag.py', '--cfg-path', '/tmp/tmp0v4z8k54']
[2026-06-25T17:32:41.262+0000] {standard_task_runner.py:64} INFO - Started process 19147 to run task
[2026-06-25T17:32:41.264+0000] {standard_task_runner.py:91} INFO - Job 4479: Subtask inference.logreg_inference
[2026-06-25T17:32:41.323+0000] {task_command.py:426} INFO - Running <TaskInstance: credit_default_ml_pipeline.inference.logreg_inference scheduled__2023-06-01T00:00:00+00:00 [running]> on host b54b2be331ab
[2026-06-25T17:32:41.560+0000] {taskinstance.py:2648} INFO - Exporting env vars: AIRFLOW_CTX_DAG_OWNER='***' AIRFLOW_CTX_DAG_ID='credit_default_ml_pipeline' AIRFLOW_CTX_TASK_ID='inference.logreg_inference' AIRFLOW_CTX_EXECUTION_DATE='2023-06-01T00:00:00+00:00' AIRFLOW_CTX_TRY_NUMBER='1' AIRFLOW_CTX_DAG_RUN_ID='scheduled__2023-06-01T00:00:00+00:00'
[2026-06-25T17:32:41.562+0000] {taskinstance.py:430} INFO - ::endgroup::
[2026-06-25T17:32:41.572+0000] {subprocess.py:63} INFO - Tmp dir root location: /tmp
[2026-06-25T17:32:41.573+0000] {subprocess.py:75} INFO - Running command: ['/usr/bin/bash', '-c', 'cd /opt/***/scripts && if [ ! -f model_bank/champion.txt ]; then   echo \'[SKIP] no champion.txt for 2023-06-01\'; exit 0; fi && APP_DATE=$(python3 app_date_helper.py \'2023-06-01\') && python3 model_inference.py --snapshotdate "$APP_DATE" --labeldate "2023-06-01" --modelname "credit_logreg_2024_09_01.pkl"']
[2026-06-25T17:32:41.584+0000] {subprocess.py:86} INFO - Output:
[2026-06-25T17:32:41.587+0000] {subprocess.py:93} INFO - [SKIP] no champion.txt for 2023-06-01
[2026-06-25T17:32:41.589+0000] {subprocess.py:97} INFO - Command exited with return code 0
[2026-06-25T17:32:41.590+0000] {taskinstance.py:441} INFO - ::group::Post task execution logs
[2026-06-25T17:32:41.614+0000] {taskinstance.py:1206} INFO - Marking task as SUCCESS. dag_id=credit_default_ml_pipeline, task_id=inference.logreg_inference, run_id=scheduled__2023-06-01T00:00:00+00:00, execution_date=20230601T000000, start_date=20260625T173241, end_date=20260625T173241
[2026-06-25T17:32:41.650+0000] {local_task_job_runner.py:243} INFO - Task exited with return code 0
[2026-06-25T17:32:41.684+0000] {taskinstance.py:3503} INFO - 0 downstream tasks scheduled from follow-on schedule check
[2026-06-25T17:32:41.685+0000] {local_task_job_runner.py:222} INFO - ::endgroup::
