[2026-06-16T16:13:48.737+0000] {local_task_job_runner.py:120} INFO - ::group::Pre task execution logs
[2026-06-16T16:13:48.752+0000] {taskinstance.py:2076} INFO - Dependencies all met for dep_context=non-requeueable deps ti=<TaskInstance: credit_default_ml_pipeline.feature_pipeline.feature_bronze_financials scheduled__2024-11-01T00:00:00+00:00 [queued]>
[2026-06-16T16:13:48.756+0000] {taskinstance.py:2076} INFO - Dependencies all met for dep_context=requeueable deps ti=<TaskInstance: credit_default_ml_pipeline.feature_pipeline.feature_bronze_financials scheduled__2024-11-01T00:00:00+00:00 [queued]>
[2026-06-16T16:13:48.757+0000] {taskinstance.py:2306} INFO - Starting attempt 1 of 2
[2026-06-16T16:13:48.763+0000] {taskinstance.py:2330} INFO - Executing <Task(BashOperator): feature_pipeline.feature_bronze_financials> on 2024-11-01 00:00:00+00:00
[2026-06-16T16:13:48.770+0000] {logging_mixin.py:188} WARNING - /home/***/.local/lib/python3.12/site-packages/***/task/task_runner/standard_task_runner.py:62 DeprecationWarning: This process (pid=29534) is multi-threaded, use of fork() may lead to deadlocks in the child.
[2026-06-16T16:13:48.770+0000] {standard_task_runner.py:90} INFO - Running: ['***', 'tasks', 'run', 'credit_default_ml_pipeline', 'feature_pipeline.feature_bronze_financials', 'scheduled__2024-11-01T00:00:00+00:00', '--job-id', '383', '--raw', '--subdir', 'DAGS_FOLDER/dag.py', '--cfg-path', '/tmp/tmp_dvmrhph']
[2026-06-16T16:13:48.771+0000] {standard_task_runner.py:64} INFO - Started process 29537 to run task
[2026-06-16T16:13:48.772+0000] {standard_task_runner.py:91} INFO - Job 383: Subtask feature_pipeline.feature_bronze_financials
[2026-06-16T16:13:48.803+0000] {task_command.py:426} INFO - Running <TaskInstance: credit_default_ml_pipeline.feature_pipeline.feature_bronze_financials scheduled__2024-11-01T00:00:00+00:00 [running]> on host 2b9b50b7433d
[2026-06-16T16:13:48.839+0000] {taskinstance.py:2648} INFO - Exporting env vars: AIRFLOW_CTX_DAG_OWNER='***' AIRFLOW_CTX_DAG_ID='credit_default_ml_pipeline' AIRFLOW_CTX_TASK_ID='feature_pipeline.feature_bronze_financials' AIRFLOW_CTX_EXECUTION_DATE='2024-11-01T00:00:00+00:00' AIRFLOW_CTX_TRY_NUMBER='1' AIRFLOW_CTX_DAG_RUN_ID='scheduled__2024-11-01T00:00:00+00:00'
[2026-06-16T16:13:48.840+0000] {taskinstance.py:430} INFO - ::endgroup::
[2026-06-16T16:13:48.847+0000] {subprocess.py:63} INFO - Tmp dir root location: /tmp
[2026-06-16T16:13:48.848+0000] {subprocess.py:75} INFO - Running command: ['/usr/bin/bash', '-c', 'cd /opt/***/scripts && python3 bronze_processing.py --snapshotdate "2024-11-01" --source financials']
[2026-06-16T16:13:48.852+0000] {subprocess.py:86} INFO - Output:
[2026-06-16T16:13:50.343+0000] {subprocess.py:93} INFO - Setting default log level to "WARN".
[2026-06-16T16:13:50.345+0000] {subprocess.py:93} INFO - To adjust logging level use sc.setLogLevel(newLevel). For SparkR, use setLogLevel(newLevel).
[2026-06-16T16:13:50.497+0000] {subprocess.py:93} INFO - 26/06/16 16:13:50 WARN NativeCodeLoader: Unable to load native-hadoop library for your platform... using builtin-java classes where applicable
[2026-06-16T16:13:51.133+0000] {subprocess.py:93} INFO - 26/06/16 16:13:51 WARN Utils: Service 'SparkUI' could not bind on port 4040. Attempting port 4041.
[2026-06-16T16:13:56.989+0000] {subprocess.py:93} INFO - 
[2026-06-16T16:13:57.001+0000] {subprocess.py:93} INFO - --- bronze financials 2024-11-01 ---
[2026-06-16T16:13:57.008+0000] {subprocess.py:93} INFO - 
[2026-06-16T16:13:57.011+0000] {subprocess.py:93} INFO - [bronze:financials] 2024-11-01 row count: 488
[2026-06-16T16:13:57.013+0000] {subprocess.py:93} INFO - [bronze:financials] saved to: datamart/bronze/financials/bronze_financials_2024_11_01.csv
[2026-06-16T16:13:57.016+0000] {subprocess.py:93} INFO - 
[2026-06-16T16:13:57.018+0000] {subprocess.py:93} INFO - --- done ---
[2026-06-16T16:13:57.027+0000] {subprocess.py:93} INFO - 
[2026-06-16T16:13:57.516+0000] {subprocess.py:97} INFO - Command exited with return code 0
[2026-06-16T16:13:57.517+0000] {taskinstance.py:441} INFO - ::group::Post task execution logs
[2026-06-16T16:13:57.536+0000] {taskinstance.py:1206} INFO - Marking task as SUCCESS. dag_id=credit_default_ml_pipeline, task_id=feature_pipeline.feature_bronze_financials, run_id=scheduled__2024-11-01T00:00:00+00:00, execution_date=20241101T000000, start_date=20260616T161348, end_date=20260616T161357
[2026-06-16T16:13:57.588+0000] {local_task_job_runner.py:243} INFO - Task exited with return code 0
[2026-06-16T16:13:57.609+0000] {taskinstance.py:3503} INFO - 1 downstream tasks scheduled from follow-on schedule check
[2026-06-16T16:13:57.612+0000] {local_task_job_runner.py:222} INFO - ::endgroup::
[2026-06-20T08:16:32.422+0000] {local_task_job_runner.py:120} INFO - ::group::Pre task execution logs
[2026-06-20T08:16:32.442+0000] {taskinstance.py:2076} INFO - Dependencies all met for dep_context=non-requeueable deps ti=<TaskInstance: credit_default_ml_pipeline.feature_pipeline.feature_bronze_financials scheduled__2024-11-01T00:00:00+00:00 [queued]>
[2026-06-20T08:16:32.448+0000] {taskinstance.py:2076} INFO - Dependencies all met for dep_context=requeueable deps ti=<TaskInstance: credit_default_ml_pipeline.feature_pipeline.feature_bronze_financials scheduled__2024-11-01T00:00:00+00:00 [queued]>
[2026-06-20T08:16:32.449+0000] {taskinstance.py:2306} INFO - Starting attempt 1 of 2
[2026-06-20T08:16:32.459+0000] {taskinstance.py:2330} INFO - Executing <Task(BashOperator): feature_pipeline.feature_bronze_financials> on 2024-11-01 00:00:00+00:00
[2026-06-20T08:16:32.465+0000] {logging_mixin.py:188} WARNING - /home/***/.local/lib/python3.12/site-packages/***/task/task_runner/standard_task_runner.py:62 DeprecationWarning: This process (pid=68118) is multi-threaded, use of fork() may lead to deadlocks in the child.
[2026-06-20T08:16:32.467+0000] {standard_task_runner.py:64} INFO - Started process 68127 to run task
[2026-06-20T08:16:32.466+0000] {standard_task_runner.py:90} INFO - Running: ['***', 'tasks', 'run', 'credit_default_ml_pipeline', 'feature_pipeline.feature_bronze_financials', 'scheduled__2024-11-01T00:00:00+00:00', '--job-id', '2361', '--raw', '--subdir', 'DAGS_FOLDER/dag.py', '--cfg-path', '/tmp/tmpd4oaal_8']
[2026-06-20T08:16:32.469+0000] {standard_task_runner.py:91} INFO - Job 2361: Subtask feature_pipeline.feature_bronze_financials
[2026-06-20T08:16:32.642+0000] {task_command.py:426} INFO - Running <TaskInstance: credit_default_ml_pipeline.feature_pipeline.feature_bronze_financials scheduled__2024-11-01T00:00:00+00:00 [running]> on host 9cf341f51c89
[2026-06-20T08:16:32.693+0000] {taskinstance.py:2648} INFO - Exporting env vars: AIRFLOW_CTX_DAG_OWNER='***' AIRFLOW_CTX_DAG_ID='credit_default_ml_pipeline' AIRFLOW_CTX_TASK_ID='feature_pipeline.feature_bronze_financials' AIRFLOW_CTX_EXECUTION_DATE='2024-11-01T00:00:00+00:00' AIRFLOW_CTX_TRY_NUMBER='1' AIRFLOW_CTX_DAG_RUN_ID='scheduled__2024-11-01T00:00:00+00:00'
[2026-06-20T08:16:32.695+0000] {taskinstance.py:430} INFO - ::endgroup::
[2026-06-20T08:16:32.702+0000] {subprocess.py:63} INFO - Tmp dir root location: /tmp
[2026-06-20T08:16:32.703+0000] {subprocess.py:75} INFO - Running command: ['/usr/bin/bash', '-c', 'cd /opt/***/scripts && python3 bronze_processing.py --snapshotdate "2024-11-01" --source financials']
[2026-06-20T08:16:32.710+0000] {subprocess.py:86} INFO - Output:
[2026-06-20T08:16:35.635+0000] {subprocess.py:93} INFO - Setting default log level to "WARN".
[2026-06-20T08:16:35.636+0000] {subprocess.py:93} INFO - To adjust logging level use sc.setLogLevel(newLevel). For SparkR, use setLogLevel(newLevel).
[2026-06-20T08:16:35.909+0000] {subprocess.py:93} INFO - 26/06/20 08:16:35 WARN NativeCodeLoader: Unable to load native-hadoop library for your platform... using builtin-java classes where applicable
[2026-06-20T08:16:37.054+0000] {subprocess.py:93} INFO - 26/06/20 08:16:37 WARN Utils: Service 'SparkUI' could not bind on port 4040. Attempting port 4041.
[2026-06-20T08:16:37.056+0000] {subprocess.py:93} INFO - 26/06/20 08:16:37 WARN Utils: Service 'SparkUI' could not bind on port 4041. Attempting port 4042.
[2026-06-20T08:16:37.057+0000] {subprocess.py:93} INFO - 26/06/20 08:16:37 WARN Utils: Service 'SparkUI' could not bind on port 4042. Attempting port 4043.
[2026-06-20T08:16:49.133+0000] {subprocess.py:93} INFO - [Stage 1:>                                                          (0 + 1) / 1]                                                                                [Stage 2:>                                                          (0 + 1) / 1]
[2026-06-20T08:16:49.139+0000] {subprocess.py:93} INFO - --- bronze financials 2024-11-01 ---
[2026-06-20T08:16:49.140+0000] {subprocess.py:93} INFO - 
[2026-06-20T08:16:49.142+0000] {subprocess.py:93} INFO - [bronze:financials] 2024-11-01 row count: 488
[2026-06-20T08:16:49.143+0000] {subprocess.py:93} INFO - [bronze:financials] saved to: datamart/bronze/financials/bronze_financials_2024_11_01.csv
[2026-06-20T08:16:49.144+0000] {subprocess.py:93} INFO - 
[2026-06-20T08:16:49.148+0000] {subprocess.py:93} INFO - --- done ---
[2026-06-20T08:16:49.150+0000] {subprocess.py:93} INFO - 
[2026-06-20T08:16:49.746+0000] {subprocess.py:97} INFO - Command exited with return code 0
[2026-06-20T08:16:49.749+0000] {taskinstance.py:441} INFO - ::group::Post task execution logs
[2026-06-20T08:16:49.791+0000] {taskinstance.py:1206} INFO - Marking task as SUCCESS. dag_id=credit_default_ml_pipeline, task_id=feature_pipeline.feature_bronze_financials, run_id=scheduled__2024-11-01T00:00:00+00:00, execution_date=20241101T000000, start_date=20260620T081632, end_date=20260620T081649
[2026-06-20T08:16:49.836+0000] {local_task_job_runner.py:243} INFO - Task exited with return code 0
[2026-06-20T08:16:49.878+0000] {taskinstance.py:3503} INFO - 1 downstream tasks scheduled from follow-on schedule check
[2026-06-20T08:16:49.880+0000] {local_task_job_runner.py:222} INFO - ::endgroup::
[2026-06-20T16:15:49.550+0000] {local_task_job_runner.py:120} INFO - ::group::Pre task execution logs
[2026-06-20T16:15:49.562+0000] {taskinstance.py:2076} INFO - Dependencies all met for dep_context=non-requeueable deps ti=<TaskInstance: credit_default_ml_pipeline.feature_pipeline.feature_bronze_financials scheduled__2024-11-01T00:00:00+00:00 [queued]>
[2026-06-20T16:15:49.565+0000] {taskinstance.py:2076} INFO - Dependencies all met for dep_context=requeueable deps ti=<TaskInstance: credit_default_ml_pipeline.feature_pipeline.feature_bronze_financials scheduled__2024-11-01T00:00:00+00:00 [queued]>
[2026-06-20T16:15:49.566+0000] {taskinstance.py:2306} INFO - Starting attempt 1 of 2
[2026-06-20T16:15:49.575+0000] {taskinstance.py:2330} INFO - Executing <Task(BashOperator): feature_pipeline.feature_bronze_financials> on 2024-11-01 00:00:00+00:00
[2026-06-20T16:15:49.579+0000] {logging_mixin.py:188} WARNING - /home/***/.local/lib/python3.12/site-packages/***/task/task_runner/standard_task_runner.py:62 DeprecationWarning: This process (pid=53141) is multi-threaded, use of fork() may lead to deadlocks in the child.
[2026-06-20T16:15:49.580+0000] {standard_task_runner.py:90} INFO - Running: ['***', 'tasks', 'run', 'credit_default_ml_pipeline', 'feature_pipeline.feature_bronze_financials', 'scheduled__2024-11-01T00:00:00+00:00', '--job-id', '2832', '--raw', '--subdir', 'DAGS_FOLDER/dag.py', '--cfg-path', '/tmp/tmp00tdg167']
[2026-06-20T16:15:49.581+0000] {standard_task_runner.py:64} INFO - Started process 53149 to run task
[2026-06-20T16:15:49.582+0000] {standard_task_runner.py:91} INFO - Job 2832: Subtask feature_pipeline.feature_bronze_financials
[2026-06-20T16:15:49.700+0000] {task_command.py:426} INFO - Running <TaskInstance: credit_default_ml_pipeline.feature_pipeline.feature_bronze_financials scheduled__2024-11-01T00:00:00+00:00 [running]> on host 9cf341f51c89
[2026-06-20T16:15:49.735+0000] {taskinstance.py:2648} INFO - Exporting env vars: AIRFLOW_CTX_DAG_OWNER='***' AIRFLOW_CTX_DAG_ID='credit_default_ml_pipeline' AIRFLOW_CTX_TASK_ID='feature_pipeline.feature_bronze_financials' AIRFLOW_CTX_EXECUTION_DATE='2024-11-01T00:00:00+00:00' AIRFLOW_CTX_TRY_NUMBER='1' AIRFLOW_CTX_DAG_RUN_ID='scheduled__2024-11-01T00:00:00+00:00'
[2026-06-20T16:15:49.736+0000] {taskinstance.py:430} INFO - ::endgroup::
[2026-06-20T16:15:49.742+0000] {subprocess.py:63} INFO - Tmp dir root location: /tmp
[2026-06-20T16:15:49.744+0000] {subprocess.py:75} INFO - Running command: ['/usr/bin/bash', '-c', 'cd /opt/***/scripts && python3 bronze_processing.py --snapshotdate "2024-11-01" --source financials']
[2026-06-20T16:15:49.749+0000] {subprocess.py:86} INFO - Output:
[2026-06-20T16:15:51.201+0000] {subprocess.py:93} INFO - Setting default log level to "WARN".
[2026-06-20T16:15:51.202+0000] {subprocess.py:93} INFO - To adjust logging level use sc.setLogLevel(newLevel). For SparkR, use setLogLevel(newLevel).
[2026-06-20T16:15:51.317+0000] {subprocess.py:93} INFO - 26/06/20 16:15:51 WARN NativeCodeLoader: Unable to load native-hadoop library for your platform... using builtin-java classes where applicable
[2026-06-20T16:15:51.892+0000] {subprocess.py:93} INFO - 26/06/20 16:15:51 WARN Utils: Service 'SparkUI' could not bind on port 4040. Attempting port 4041.
[2026-06-20T16:15:51.894+0000] {subprocess.py:93} INFO - 26/06/20 16:15:51 WARN Utils: Service 'SparkUI' could not bind on port 4041. Attempting port 4042.
[2026-06-20T16:15:57.634+0000] {subprocess.py:93} INFO - 
[2026-06-20T16:15:57.649+0000] {subprocess.py:93} INFO - --- bronze financials 2024-11-01 ---
[2026-06-20T16:15:57.652+0000] {subprocess.py:93} INFO - 
[2026-06-20T16:15:57.658+0000] {subprocess.py:93} INFO - [bronze:financials] 2024-11-01 row count: 488
[2026-06-20T16:15:57.666+0000] {subprocess.py:93} INFO - [bronze:financials] saved to: datamart/bronze/financials/bronze_financials_2024_11_01.csv
[2026-06-20T16:15:57.667+0000] {subprocess.py:93} INFO - 
[2026-06-20T16:15:57.668+0000] {subprocess.py:93} INFO - --- done ---
[2026-06-20T16:15:57.669+0000] {subprocess.py:93} INFO - 
[2026-06-20T16:15:58.198+0000] {subprocess.py:97} INFO - Command exited with return code 0
[2026-06-20T16:15:58.199+0000] {taskinstance.py:441} INFO - ::group::Post task execution logs
[2026-06-20T16:15:58.213+0000] {taskinstance.py:1206} INFO - Marking task as SUCCESS. dag_id=credit_default_ml_pipeline, task_id=feature_pipeline.feature_bronze_financials, run_id=scheduled__2024-11-01T00:00:00+00:00, execution_date=20241101T000000, start_date=20260620T161549, end_date=20260620T161558
[2026-06-20T16:15:58.236+0000] {local_task_job_runner.py:243} INFO - Task exited with return code 0
[2026-06-20T16:15:58.253+0000] {taskinstance.py:3503} INFO - 1 downstream tasks scheduled from follow-on schedule check
[2026-06-20T16:15:58.254+0000] {local_task_job_runner.py:222} INFO - ::endgroup::
[2026-06-20T18:09:46.221+0000] {local_task_job_runner.py:120} INFO - ::group::Pre task execution logs
[2026-06-20T18:09:46.250+0000] {taskinstance.py:2076} INFO - Dependencies all met for dep_context=non-requeueable deps ti=<TaskInstance: credit_default_ml_pipeline.feature_pipeline.feature_bronze_financials scheduled__2024-11-01T00:00:00+00:00 [queued]>
[2026-06-20T18:09:46.260+0000] {taskinstance.py:2076} INFO - Dependencies all met for dep_context=requeueable deps ti=<TaskInstance: credit_default_ml_pipeline.feature_pipeline.feature_bronze_financials scheduled__2024-11-01T00:00:00+00:00 [queued]>
[2026-06-20T18:09:46.263+0000] {taskinstance.py:2306} INFO - Starting attempt 1 of 2
[2026-06-20T18:09:46.282+0000] {taskinstance.py:2330} INFO - Executing <Task(BashOperator): feature_pipeline.feature_bronze_financials> on 2024-11-01 00:00:00+00:00
[2026-06-20T18:09:46.293+0000] {logging_mixin.py:188} WARNING - /home/***/.local/lib/python3.12/site-packages/***/task/task_runner/standard_task_runner.py:62 DeprecationWarning: This process (pid=72386) is multi-threaded, use of fork() may lead to deadlocks in the child.
[2026-06-20T18:09:46.295+0000] {standard_task_runner.py:64} INFO - Started process 72393 to run task
[2026-06-20T18:09:46.294+0000] {standard_task_runner.py:90} INFO - Running: ['***', 'tasks', 'run', 'credit_default_ml_pipeline', 'feature_pipeline.feature_bronze_financials', 'scheduled__2024-11-01T00:00:00+00:00', '--job-id', '3407', '--raw', '--subdir', 'DAGS_FOLDER/dag.py', '--cfg-path', '/tmp/tmpphzr14td']
[2026-06-20T18:09:46.299+0000] {standard_task_runner.py:91} INFO - Job 3407: Subtask feature_pipeline.feature_bronze_financials
[2026-06-20T18:09:46.558+0000] {task_command.py:426} INFO - Running <TaskInstance: credit_default_ml_pipeline.feature_pipeline.feature_bronze_financials scheduled__2024-11-01T00:00:00+00:00 [running]> on host 9cf341f51c89
[2026-06-20T18:09:46.627+0000] {taskinstance.py:2648} INFO - Exporting env vars: AIRFLOW_CTX_DAG_OWNER='***' AIRFLOW_CTX_DAG_ID='credit_default_ml_pipeline' AIRFLOW_CTX_TASK_ID='feature_pipeline.feature_bronze_financials' AIRFLOW_CTX_EXECUTION_DATE='2024-11-01T00:00:00+00:00' AIRFLOW_CTX_TRY_NUMBER='1' AIRFLOW_CTX_DAG_RUN_ID='scheduled__2024-11-01T00:00:00+00:00'
[2026-06-20T18:09:46.629+0000] {taskinstance.py:430} INFO - ::endgroup::
[2026-06-20T18:09:46.640+0000] {subprocess.py:63} INFO - Tmp dir root location: /tmp
[2026-06-20T18:09:46.642+0000] {subprocess.py:75} INFO - Running command: ['/usr/bin/bash', '-c', 'cd /opt/***/scripts && python3 bronze_processing.py --snapshotdate "2024-11-01" --source financials']
[2026-06-20T18:09:46.651+0000] {subprocess.py:86} INFO - Output:
[2026-06-20T18:09:49.910+0000] {subprocess.py:93} INFO - Setting default log level to "WARN".
[2026-06-20T18:09:49.913+0000] {subprocess.py:93} INFO - To adjust logging level use sc.setLogLevel(newLevel). For SparkR, use setLogLevel(newLevel).
[2026-06-20T18:09:50.313+0000] {subprocess.py:93} INFO - 26/06/20 18:09:50 WARN NativeCodeLoader: Unable to load native-hadoop library for your platform... using builtin-java classes where applicable
[2026-06-20T18:09:51.878+0000] {subprocess.py:93} INFO - 26/06/20 18:09:51 WARN Utils: Service 'SparkUI' could not bind on port 4040. Attempting port 4041.
[2026-06-20T18:10:05.987+0000] {subprocess.py:93} INFO - [Stage 1:>                                                          (0 + 1) / 1]                                                                                [Stage 2:>                                                          (0 + 1) / 1]
[2026-06-20T18:10:05.993+0000] {subprocess.py:93} INFO - --- bronze financials 2024-11-01 ---
[2026-06-20T18:10:05.995+0000] {subprocess.py:93} INFO - 
[2026-06-20T18:10:05.997+0000] {subprocess.py:93} INFO - [bronze:financials] 2024-11-01 row count: 488
[2026-06-20T18:10:06.003+0000] {subprocess.py:93} INFO - [bronze:financials] saved to: datamart/bronze/financials/bronze_financials_2024_11_01.csv
[2026-06-20T18:10:06.014+0000] {subprocess.py:93} INFO - 
[2026-06-20T18:10:06.026+0000] {subprocess.py:93} INFO - --- done ---
[2026-06-20T18:10:06.031+0000] {subprocess.py:93} INFO - 
[2026-06-20T18:10:06.658+0000] {subprocess.py:97} INFO - Command exited with return code 0
[2026-06-20T18:10:06.668+0000] {taskinstance.py:441} INFO - ::group::Post task execution logs
[2026-06-20T18:10:06.782+0000] {taskinstance.py:1206} INFO - Marking task as SUCCESS. dag_id=credit_default_ml_pipeline, task_id=feature_pipeline.feature_bronze_financials, run_id=scheduled__2024-11-01T00:00:00+00:00, execution_date=20241101T000000, start_date=20260620T180946, end_date=20260620T181006
[2026-06-20T18:10:06.811+0000] {local_task_job_runner.py:243} INFO - Task exited with return code 0
[2026-06-20T18:10:06.860+0000] {taskinstance.py:3503} INFO - 1 downstream tasks scheduled from follow-on schedule check
[2026-06-20T18:10:06.862+0000] {local_task_job_runner.py:222} INFO - ::endgroup::
[2026-06-21T03:03:58.996+0000] {local_task_job_runner.py:120} INFO - ::group::Pre task execution logs
[2026-06-21T03:03:59.010+0000] {taskinstance.py:2076} INFO - Dependencies all met for dep_context=non-requeueable deps ti=<TaskInstance: credit_default_ml_pipeline.feature_pipeline.feature_bronze_financials scheduled__2024-11-01T00:00:00+00:00 [queued]>
[2026-06-21T03:03:59.014+0000] {taskinstance.py:2076} INFO - Dependencies all met for dep_context=requeueable deps ti=<TaskInstance: credit_default_ml_pipeline.feature_pipeline.feature_bronze_financials scheduled__2024-11-01T00:00:00+00:00 [queued]>
[2026-06-21T03:03:59.014+0000] {taskinstance.py:2306} INFO - Starting attempt 1 of 2
[2026-06-21T03:03:59.020+0000] {taskinstance.py:2330} INFO - Executing <Task(BashOperator): feature_pipeline.feature_bronze_financials> on 2024-11-01 00:00:00+00:00
[2026-06-21T03:03:59.024+0000] {logging_mixin.py:188} WARNING - /home/***/.local/lib/python3.12/site-packages/***/task/task_runner/standard_task_runner.py:62 DeprecationWarning: This process (pid=70844) is multi-threaded, use of fork() may lead to deadlocks in the child.
[2026-06-21T03:03:59.025+0000] {standard_task_runner.py:90} INFO - Running: ['***', 'tasks', 'run', 'credit_default_ml_pipeline', 'feature_pipeline.feature_bronze_financials', 'scheduled__2024-11-01T00:00:00+00:00', '--job-id', '3871', '--raw', '--subdir', 'DAGS_FOLDER/dag.py', '--cfg-path', '/tmp/tmpg2r35ew0']
[2026-06-21T03:03:59.027+0000] {standard_task_runner.py:64} INFO - Started process 70851 to run task
[2026-06-21T03:03:59.028+0000] {standard_task_runner.py:91} INFO - Job 3871: Subtask feature_pipeline.feature_bronze_financials
[2026-06-21T03:03:59.056+0000] {task_command.py:426} INFO - Running <TaskInstance: credit_default_ml_pipeline.feature_pipeline.feature_bronze_financials scheduled__2024-11-01T00:00:00+00:00 [running]> on host f6e9e2801916
[2026-06-21T03:03:59.205+0000] {taskinstance.py:2648} INFO - Exporting env vars: AIRFLOW_CTX_DAG_OWNER='***' AIRFLOW_CTX_DAG_ID='credit_default_ml_pipeline' AIRFLOW_CTX_TASK_ID='feature_pipeline.feature_bronze_financials' AIRFLOW_CTX_EXECUTION_DATE='2024-11-01T00:00:00+00:00' AIRFLOW_CTX_TRY_NUMBER='1' AIRFLOW_CTX_DAG_RUN_ID='scheduled__2024-11-01T00:00:00+00:00'
[2026-06-21T03:03:59.206+0000] {taskinstance.py:430} INFO - ::endgroup::
[2026-06-21T03:03:59.212+0000] {subprocess.py:63} INFO - Tmp dir root location: /tmp
[2026-06-21T03:03:59.213+0000] {subprocess.py:75} INFO - Running command: ['/usr/bin/bash', '-c', 'cd /opt/***/scripts && python3 bronze_processing.py --snapshotdate "2024-11-01" --source financials']
[2026-06-21T03:03:59.219+0000] {subprocess.py:86} INFO - Output:
[2026-06-21T03:04:00.821+0000] {subprocess.py:93} INFO - Setting default log level to "WARN".
[2026-06-21T03:04:00.822+0000] {subprocess.py:93} INFO - To adjust logging level use sc.setLogLevel(newLevel). For SparkR, use setLogLevel(newLevel).
[2026-06-21T03:04:00.988+0000] {subprocess.py:93} INFO - 26/06/21 03:04:00 WARN NativeCodeLoader: Unable to load native-hadoop library for your platform... using builtin-java classes where applicable
[2026-06-21T03:04:01.618+0000] {subprocess.py:93} INFO - 26/06/21 03:04:01 WARN Utils: Service 'SparkUI' could not bind on port 4040. Attempting port 4041.
[2026-06-21T03:04:01.624+0000] {subprocess.py:93} INFO - 26/06/21 03:04:01 WARN Utils: Service 'SparkUI' could not bind on port 4041. Attempting port 4042.
[2026-06-21T03:04:01.625+0000] {subprocess.py:93} INFO - 26/06/21 03:04:01 WARN Utils: Service 'SparkUI' could not bind on port 4042. Attempting port 4043.
[2026-06-21T03:04:08.913+0000] {subprocess.py:93} INFO - [Stage 1:>                                                          (0 + 1) / 1]
[2026-06-21T03:04:08.932+0000] {subprocess.py:93} INFO - --- bronze financials 2024-11-01 ---
[2026-06-21T03:04:08.933+0000] {subprocess.py:93} INFO - 
[2026-06-21T03:04:08.940+0000] {subprocess.py:93} INFO - [bronze:financials] 2024-11-01 row count: 488
[2026-06-21T03:04:08.961+0000] {subprocess.py:93} INFO - [bronze:financials] saved to: datamart/bronze/financials/bronze_financials_2024_11_01.csv
[2026-06-21T03:04:08.971+0000] {subprocess.py:93} INFO - 
[2026-06-21T03:04:08.985+0000] {subprocess.py:93} INFO - --- done ---
[2026-06-21T03:04:08.990+0000] {subprocess.py:93} INFO - 
[2026-06-21T03:04:09.432+0000] {subprocess.py:97} INFO - Command exited with return code 0
[2026-06-21T03:04:09.434+0000] {taskinstance.py:441} INFO - ::group::Post task execution logs
[2026-06-21T03:04:09.477+0000] {taskinstance.py:1206} INFO - Marking task as SUCCESS. dag_id=credit_default_ml_pipeline, task_id=feature_pipeline.feature_bronze_financials, run_id=scheduled__2024-11-01T00:00:00+00:00, execution_date=20241101T000000, start_date=20260621T030359, end_date=20260621T030409
[2026-06-21T03:04:09.510+0000] {local_task_job_runner.py:243} INFO - Task exited with return code 0
[2026-06-21T03:04:09.519+0000] {local_task_job_runner.py:222} INFO - ::endgroup::
[2026-06-21T06:31:18.851+0000] {local_task_job_runner.py:120} INFO - ::group::Pre task execution logs
[2026-06-21T06:31:18.869+0000] {taskinstance.py:2076} INFO - Dependencies all met for dep_context=non-requeueable deps ti=<TaskInstance: credit_default_ml_pipeline.feature_pipeline.feature_bronze_financials scheduled__2024-11-01T00:00:00+00:00 [queued]>
[2026-06-21T06:31:18.875+0000] {taskinstance.py:2076} INFO - Dependencies all met for dep_context=requeueable deps ti=<TaskInstance: credit_default_ml_pipeline.feature_pipeline.feature_bronze_financials scheduled__2024-11-01T00:00:00+00:00 [queued]>
[2026-06-21T06:31:18.876+0000] {taskinstance.py:2306} INFO - Starting attempt 1 of 2
[2026-06-21T06:31:18.888+0000] {taskinstance.py:2330} INFO - Executing <Task(BashOperator): feature_pipeline.feature_bronze_financials> on 2024-11-01 00:00:00+00:00
[2026-06-21T06:31:18.895+0000] {logging_mixin.py:188} WARNING - /home/***/.local/lib/python3.12/site-packages/***/task/task_runner/standard_task_runner.py:62 DeprecationWarning: This process (pid=73102) is multi-threaded, use of fork() may lead to deadlocks in the child.
[2026-06-21T06:31:18.897+0000] {standard_task_runner.py:64} INFO - Started process 73107 to run task
[2026-06-21T06:31:18.896+0000] {standard_task_runner.py:90} INFO - Running: ['***', 'tasks', 'run', 'credit_default_ml_pipeline', 'feature_pipeline.feature_bronze_financials', 'scheduled__2024-11-01T00:00:00+00:00', '--job-id', '4331', '--raw', '--subdir', 'DAGS_FOLDER/dag.py', '--cfg-path', '/tmp/tmp_vdn3vtg']
[2026-06-21T06:31:18.898+0000] {standard_task_runner.py:91} INFO - Job 4331: Subtask feature_pipeline.feature_bronze_financials
[2026-06-21T06:31:19.043+0000] {task_command.py:426} INFO - Running <TaskInstance: credit_default_ml_pipeline.feature_pipeline.feature_bronze_financials scheduled__2024-11-01T00:00:00+00:00 [running]> on host 9377a3f0491f
[2026-06-21T06:31:19.085+0000] {taskinstance.py:2648} INFO - Exporting env vars: AIRFLOW_CTX_DAG_OWNER='***' AIRFLOW_CTX_DAG_ID='credit_default_ml_pipeline' AIRFLOW_CTX_TASK_ID='feature_pipeline.feature_bronze_financials' AIRFLOW_CTX_EXECUTION_DATE='2024-11-01T00:00:00+00:00' AIRFLOW_CTX_TRY_NUMBER='1' AIRFLOW_CTX_DAG_RUN_ID='scheduled__2024-11-01T00:00:00+00:00'
[2026-06-21T06:31:19.086+0000] {taskinstance.py:430} INFO - ::endgroup::
[2026-06-21T06:31:19.092+0000] {subprocess.py:63} INFO - Tmp dir root location: /tmp
[2026-06-21T06:31:19.094+0000] {subprocess.py:75} INFO - Running command: ['/usr/bin/bash', '-c', 'cd /opt/***/scripts && python3 bronze_processing.py --snapshotdate "2024-11-01" --source financials']
[2026-06-21T06:31:19.100+0000] {subprocess.py:86} INFO - Output:
[2026-06-21T06:31:21.750+0000] {subprocess.py:93} INFO - Setting default log level to "WARN".
[2026-06-21T06:31:21.754+0000] {subprocess.py:93} INFO - To adjust logging level use sc.setLogLevel(newLevel). For SparkR, use setLogLevel(newLevel).
[2026-06-21T06:31:22.042+0000] {subprocess.py:93} INFO - 26/06/21 06:31:22 WARN NativeCodeLoader: Unable to load native-hadoop library for your platform... using builtin-java classes where applicable
[2026-06-21T06:31:23.098+0000] {subprocess.py:93} INFO - 26/06/21 06:31:23 WARN Utils: Service 'SparkUI' could not bind on port 4040. Attempting port 4041.
[2026-06-21T06:31:23.103+0000] {subprocess.py:93} INFO - 26/06/21 06:31:23 WARN Utils: Service 'SparkUI' could not bind on port 4041. Attempting port 4042.
[2026-06-21T06:31:23.105+0000] {subprocess.py:93} INFO - 26/06/21 06:31:23 WARN Utils: Service 'SparkUI' could not bind on port 4042. Attempting port 4043.
[2026-06-21T06:31:33.591+0000] {subprocess.py:93} INFO - [Stage 1:>                                                          (0 + 1) / 1]                                                                                [Stage 2:>                                                          (0 + 1) / 1]
[2026-06-21T06:31:33.614+0000] {subprocess.py:93} INFO - --- bronze financials 2024-11-01 ---
[2026-06-21T06:31:33.625+0000] {subprocess.py:93} INFO - 
[2026-06-21T06:31:33.638+0000] {subprocess.py:93} INFO - [bronze:financials] 2024-11-01 row count: 488
[2026-06-21T06:31:33.646+0000] {subprocess.py:93} INFO - [bronze:financials] saved to: datamart/bronze/financials/bronze_financials_2024_11_01.csv
[2026-06-21T06:31:33.649+0000] {subprocess.py:93} INFO - 
[2026-06-21T06:31:33.650+0000] {subprocess.py:93} INFO - --- done ---
[2026-06-21T06:31:33.652+0000] {subprocess.py:93} INFO - 
[2026-06-21T06:31:34.217+0000] {subprocess.py:97} INFO - Command exited with return code 0
[2026-06-21T06:31:34.220+0000] {taskinstance.py:441} INFO - ::group::Post task execution logs
[2026-06-21T06:31:34.276+0000] {taskinstance.py:1206} INFO - Marking task as SUCCESS. dag_id=credit_default_ml_pipeline, task_id=feature_pipeline.feature_bronze_financials, run_id=scheduled__2024-11-01T00:00:00+00:00, execution_date=20241101T000000, start_date=20260621T063118, end_date=20260621T063134
[2026-06-21T06:31:34.304+0000] {local_task_job_runner.py:243} INFO - Task exited with return code 0
[2026-06-21T06:31:34.342+0000] {taskinstance.py:3503} INFO - 1 downstream tasks scheduled from follow-on schedule check
[2026-06-21T06:31:34.344+0000] {local_task_job_runner.py:222} INFO - ::endgroup::
