[2026-06-18T03:49:38.310+0000] {local_task_job_runner.py:120} INFO - ::group::Pre task execution logs
[2026-06-18T03:49:38.348+0000] {taskinstance.py:2076} INFO - Dependencies all met for dep_context=non-requeueable deps ti=<TaskInstance: credit_default_ml_pipeline.feature_pipeline.feature_silver_lms scheduled__2023-06-01T00:00:00+00:00 [queued]>
[2026-06-18T03:49:38.365+0000] {taskinstance.py:2076} INFO - Dependencies all met for dep_context=requeueable deps ti=<TaskInstance: credit_default_ml_pipeline.feature_pipeline.feature_silver_lms scheduled__2023-06-01T00:00:00+00:00 [queued]>
[2026-06-18T03:49:38.366+0000] {taskinstance.py:2306} INFO - Starting attempt 4 of 5
[2026-06-18T03:49:38.388+0000] {taskinstance.py:2330} INFO - Executing <Task(BashOperator): feature_pipeline.feature_silver_lms> on 2023-06-01 00:00:00+00:00
[2026-06-18T03:49:38.399+0000] {standard_task_runner.py:90} INFO - Running: ['***', 'tasks', 'run', 'credit_default_ml_pipeline', 'feature_pipeline.feature_silver_lms', 'scheduled__2023-06-01T00:00:00+00:00', '--job-id', '1004', '--raw', '--subdir', 'DAGS_FOLDER/dag.py', '--cfg-path', '/tmp/tmp8q3ne1yn']
[2026-06-18T03:49:38.400+0000] {logging_mixin.py:188} WARNING - /home/***/.local/lib/python3.12/site-packages/***/task/task_runner/standard_task_runner.py:62 DeprecationWarning: This process (pid=41064) is multi-threaded, use of fork() may lead to deadlocks in the child.
[2026-06-18T03:49:38.407+0000] {standard_task_runner.py:91} INFO - Job 1004: Subtask feature_pipeline.feature_silver_lms
[2026-06-18T03:49:38.409+0000] {standard_task_runner.py:64} INFO - Started process 41120 to run task
[2026-06-18T03:49:38.469+0000] {task_command.py:426} INFO - Running <TaskInstance: credit_default_ml_pipeline.feature_pipeline.feature_silver_lms scheduled__2023-06-01T00:00:00+00:00 [running]> on host bfbc24b887a5
[2026-06-18T03:49:38.848+0000] {taskinstance.py:2648} INFO - Exporting env vars: AIRFLOW_CTX_DAG_OWNER='***' AIRFLOW_CTX_DAG_ID='credit_default_ml_pipeline' AIRFLOW_CTX_TASK_ID='feature_pipeline.feature_silver_lms' AIRFLOW_CTX_EXECUTION_DATE='2023-06-01T00:00:00+00:00' AIRFLOW_CTX_TRY_NUMBER='4' AIRFLOW_CTX_DAG_RUN_ID='scheduled__2023-06-01T00:00:00+00:00'
[2026-06-18T03:49:38.852+0000] {taskinstance.py:430} INFO - ::endgroup::
[2026-06-18T03:49:38.877+0000] {subprocess.py:63} INFO - Tmp dir root location: /tmp
[2026-06-18T03:49:38.879+0000] {subprocess.py:75} INFO - Running command: ['/usr/bin/bash', '-c', 'cd /opt/***/scripts && python3 silver_processing.py --snapshotdate "2023-06-01" --source lms']
[2026-06-18T03:49:38.896+0000] {subprocess.py:86} INFO - Output:
[2026-06-18T03:49:41.737+0000] {subprocess.py:93} INFO - Setting default log level to "WARN".
[2026-06-18T03:49:41.747+0000] {subprocess.py:93} INFO - To adjust logging level use sc.setLogLevel(newLevel). For SparkR, use setLogLevel(newLevel).
[2026-06-18T03:49:42.083+0000] {subprocess.py:93} INFO - 26/06/18 03:49:42 WARN NativeCodeLoader: Unable to load native-hadoop library for your platform... using builtin-java classes where applicable
[2026-06-18T03:49:43.245+0000] {subprocess.py:93} INFO - 26/06/18 03:49:43 WARN Utils: Service 'SparkUI' could not bind on port 4040. Attempting port 4041.
[2026-06-18T03:49:43.248+0000] {subprocess.py:93} INFO - 26/06/18 03:49:43 WARN Utils: Service 'SparkUI' could not bind on port 4041. Attempting port 4042.
[2026-06-18T03:49:54.348+0000] {subprocess.py:93} INFO - [Stage 1:>                                                          (0 + 1) / 1]                                                                                [Stage 5:>                                                          (0 + 1) / 1]
[2026-06-18T03:49:54.355+0000] {subprocess.py:93} INFO - --- silver lms 2023-06-01 ---
[2026-06-18T03:49:54.356+0000] {subprocess.py:93} INFO - 
[2026-06-18T03:49:54.358+0000] {subprocess.py:93} INFO - [silver:lms] loaded datamart/bronze/lms/bronze_lms_2023_06_01.csv rows: 3085
[2026-06-18T03:49:54.360+0000] {subprocess.py:93} INFO - [silver:lms] saved to: datamart/silver/lms/2023_06_01.parquet
[2026-06-18T03:49:54.363+0000] {subprocess.py:93} INFO - 
[2026-06-18T03:49:54.370+0000] {subprocess.py:93} INFO - --- done ---
[2026-06-18T03:49:54.372+0000] {subprocess.py:93} INFO - 
[2026-06-18T03:49:54.842+0000] {subprocess.py:97} INFO - Command exited with return code 0
[2026-06-18T03:49:54.845+0000] {taskinstance.py:441} INFO - ::group::Post task execution logs
[2026-06-18T03:49:54.880+0000] {taskinstance.py:1206} INFO - Marking task as SUCCESS. dag_id=credit_default_ml_pipeline, task_id=feature_pipeline.feature_silver_lms, run_id=scheduled__2023-06-01T00:00:00+00:00, execution_date=20230601T000000, start_date=20260618T034938, end_date=20260618T034954
[2026-06-18T03:49:54.933+0000] {local_task_job_runner.py:243} INFO - Task exited with return code 0
[2026-06-18T03:49:55.171+0000] {taskinstance.py:3503} INFO - 0 downstream tasks scheduled from follow-on schedule check
[2026-06-18T03:49:55.174+0000] {local_task_job_runner.py:222} INFO - ::endgroup::
