[2026-06-18T04:30:21.974+0000] {local_task_job_runner.py:120} INFO - ::group::Pre task execution logs
[2026-06-18T04:30:22.010+0000] {taskinstance.py:2076} INFO - Dependencies all met for dep_context=non-requeueable deps ti=<TaskInstance: credit_default_ml_pipeline.label_pipeline.gold_label_store scheduled__2024-08-01T00:00:00+00:00 [queued]>
[2026-06-18T04:30:22.019+0000] {taskinstance.py:2076} INFO - Dependencies all met for dep_context=requeueable deps ti=<TaskInstance: credit_default_ml_pipeline.label_pipeline.gold_label_store scheduled__2024-08-01T00:00:00+00:00 [queued]>
[2026-06-18T04:30:22.020+0000] {taskinstance.py:2306} INFO - Starting attempt 4 of 5
[2026-06-18T04:30:22.032+0000] {taskinstance.py:2330} INFO - Executing <Task(BashOperator): label_pipeline.gold_label_store> on 2024-08-01 00:00:00+00:00
[2026-06-18T04:30:22.041+0000] {logging_mixin.py:188} WARNING - /home/***/.local/lib/python3.12/site-packages/***/task/task_runner/standard_task_runner.py:62 DeprecationWarning: This process (pid=87490) is multi-threaded, use of fork() may lead to deadlocks in the child.
[2026-06-18T04:30:22.042+0000] {standard_task_runner.py:64} INFO - Started process 87508 to run task
[2026-06-18T04:30:22.041+0000] {standard_task_runner.py:90} INFO - Running: ['***', 'tasks', 'run', 'credit_default_ml_pipeline', 'label_pipeline.gold_label_store', 'scheduled__2024-08-01T00:00:00+00:00', '--job-id', '1256', '--raw', '--subdir', 'DAGS_FOLDER/dag.py', '--cfg-path', '/tmp/tmpyf7q5zjt']
[2026-06-18T04:30:22.044+0000] {standard_task_runner.py:91} INFO - Job 1256: Subtask label_pipeline.gold_label_store
[2026-06-18T04:30:22.096+0000] {task_command.py:426} INFO - Running <TaskInstance: credit_default_ml_pipeline.label_pipeline.gold_label_store scheduled__2024-08-01T00:00:00+00:00 [running]> on host bfbc24b887a5
[2026-06-18T04:30:22.403+0000] {taskinstance.py:2648} INFO - Exporting env vars: AIRFLOW_CTX_DAG_OWNER='***' AIRFLOW_CTX_DAG_ID='credit_default_ml_pipeline' AIRFLOW_CTX_TASK_ID='label_pipeline.gold_label_store' AIRFLOW_CTX_EXECUTION_DATE='2024-08-01T00:00:00+00:00' AIRFLOW_CTX_TRY_NUMBER='4' AIRFLOW_CTX_DAG_RUN_ID='scheduled__2024-08-01T00:00:00+00:00'
[2026-06-18T04:30:22.406+0000] {taskinstance.py:430} INFO - ::endgroup::
[2026-06-18T04:30:22.420+0000] {subprocess.py:63} INFO - Tmp dir root location: /tmp
[2026-06-18T04:30:22.424+0000] {subprocess.py:75} INFO - Running command: ['/usr/bin/bash', '-c', 'cd /opt/***/scripts && python3 gold_label_store.py --snapshotdate "2024-08-01"']
[2026-06-18T04:30:22.444+0000] {subprocess.py:86} INFO - Output:
[2026-06-18T04:30:25.273+0000] {subprocess.py:93} INFO - Setting default log level to "WARN".
[2026-06-18T04:30:25.274+0000] {subprocess.py:93} INFO - To adjust logging level use sc.setLogLevel(newLevel). For SparkR, use setLogLevel(newLevel).
[2026-06-18T04:30:25.492+0000] {subprocess.py:93} INFO - 26/06/18 04:30:25 WARN NativeCodeLoader: Unable to load native-hadoop library for your platform... using builtin-java classes where applicable
[2026-06-18T04:30:30.880+0000] {subprocess.py:93} INFO - 
[2026-06-18T04:30:30.881+0000] {subprocess.py:93} INFO - --- gold label 2024-08-01 ---
[2026-06-18T04:30:30.884+0000] {subprocess.py:93} INFO - 
[2026-06-18T04:30:30.884+0000] {subprocess.py:93} INFO - [gold:label] loaded datamart/silver/lms/2024_08_01.parquet rows: 5531
[2026-06-18T04:30:30.885+0000] {subprocess.py:93} INFO - [gold:label] saved to: datamart/gold/label_store/gold_label_store_2024_08_01.parquet
[2026-06-18T04:30:30.886+0000] {subprocess.py:93} INFO - 
[2026-06-18T04:30:30.887+0000] {subprocess.py:93} INFO - --- done ---
[2026-06-18T04:30:30.888+0000] {subprocess.py:93} INFO - 
[2026-06-18T04:30:31.461+0000] {subprocess.py:97} INFO - Command exited with return code 0
[2026-06-18T04:30:31.463+0000] {taskinstance.py:441} INFO - ::group::Post task execution logs
[2026-06-18T04:30:31.479+0000] {taskinstance.py:1206} INFO - Marking task as SUCCESS. dag_id=credit_default_ml_pipeline, task_id=label_pipeline.gold_label_store, run_id=scheduled__2024-08-01T00:00:00+00:00, execution_date=20240801T000000, start_date=20260618T043022, end_date=20260618T043031
[2026-06-18T04:30:31.503+0000] {local_task_job_runner.py:243} INFO - Task exited with return code 0
[2026-06-18T04:30:31.638+0000] {taskinstance.py:3503} INFO - 0 downstream tasks scheduled from follow-on schedule check
[2026-06-18T04:30:31.640+0000] {local_task_job_runner.py:222} INFO - ::endgroup::
