[2026-06-20T08:19:28.338+0000] {local_task_job_runner.py:120} INFO - ::group::Pre task execution logs
[2026-06-20T08:19:28.353+0000] {taskinstance.py:2076} INFO - Dependencies all met for dep_context=non-requeueable deps ti=<TaskInstance: credit_default_ml_pipeline.training.xgb_train scheduled__2024-11-01T00:00:00+00:00 [queued]>
[2026-06-20T08:19:28.357+0000] {taskinstance.py:2076} INFO - Dependencies all met for dep_context=requeueable deps ti=<TaskInstance: credit_default_ml_pipeline.training.xgb_train scheduled__2024-11-01T00:00:00+00:00 [queued]>
[2026-06-20T08:19:28.358+0000] {taskinstance.py:2306} INFO - Starting attempt 1 of 2
[2026-06-20T08:19:28.367+0000] {taskinstance.py:2330} INFO - Executing <Task(BashOperator): training.xgb_train> on 2024-11-01 00:00:00+00:00
[2026-06-20T08:19:28.370+0000] {logging_mixin.py:188} WARNING - /home/***/.local/lib/python3.12/site-packages/***/task/task_runner/standard_task_runner.py:62 DeprecationWarning: This process (pid=71389) is multi-threaded, use of fork() may lead to deadlocks in the child.
[2026-06-20T08:19:28.371+0000] {standard_task_runner.py:64} INFO - Started process 71393 to run task
[2026-06-20T08:19:28.371+0000] {standard_task_runner.py:90} INFO - Running: ['***', 'tasks', 'run', 'credit_default_ml_pipeline', 'training.xgb_train', 'scheduled__2024-11-01T00:00:00+00:00', '--job-id', '2373', '--raw', '--subdir', 'DAGS_FOLDER/dag.py', '--cfg-path', '/tmp/tmpiy43qgn2']
[2026-06-20T08:19:28.372+0000] {standard_task_runner.py:91} INFO - Job 2373: Subtask training.xgb_train
[2026-06-20T08:19:28.482+0000] {task_command.py:426} INFO - Running <TaskInstance: credit_default_ml_pipeline.training.xgb_train scheduled__2024-11-01T00:00:00+00:00 [running]> on host 9cf341f51c89
[2026-06-20T08:19:28.507+0000] {taskinstance.py:2648} INFO - Exporting env vars: AIRFLOW_CTX_DAG_OWNER='***' AIRFLOW_CTX_DAG_ID='credit_default_ml_pipeline' AIRFLOW_CTX_TASK_ID='training.xgb_train' AIRFLOW_CTX_EXECUTION_DATE='2024-11-01T00:00:00+00:00' AIRFLOW_CTX_TRY_NUMBER='1' AIRFLOW_CTX_DAG_RUN_ID='scheduled__2024-11-01T00:00:00+00:00'
[2026-06-20T08:19:28.508+0000] {taskinstance.py:430} INFO - ::endgroup::
[2026-06-20T08:19:28.512+0000] {subprocess.py:63} INFO - Tmp dir root location: /tmp
[2026-06-20T08:19:28.512+0000] {subprocess.py:75} INFO - Running command: ['/usr/bin/bash', '-c', 'cd /opt/***/scripts && python3 model_train_xgb.py --snapshotdate "2024-11-01"']
[2026-06-20T08:19:28.516+0000] {subprocess.py:86} INFO - Output:
[2026-06-20T08:19:30.577+0000] {subprocess.py:93} INFO - Setting default log level to "WARN".
[2026-06-20T08:19:30.578+0000] {subprocess.py:93} INFO - To adjust logging level use sc.setLogLevel(newLevel). For SparkR, use setLogLevel(newLevel).
[2026-06-20T08:19:30.762+0000] {subprocess.py:93} INFO - 26/06/20 08:19:30 WARN NativeCodeLoader: Unable to load native-hadoop library for your platform... using builtin-java classes where applicable
[2026-06-20T08:19:31.251+0000] {subprocess.py:93} INFO - 26/06/20 08:19:31 WARN Utils: Service 'SparkUI' could not bind on port 4040. Attempting port 4041.
[2026-06-20T08:19:37.089+0000] {subprocess.py:93} INFO - 2026/06/20 08:19:37 WARNING mlflow.utils.git_utils: Failed to import Git (the Git executable is probably not on your PATH), so Git SHA is not available. Error: Failed to initialize: Bad git executable.
[2026-06-20T08:19:37.090+0000] {subprocess.py:93} INFO - The git executable must be specified in one of the following ways:
[2026-06-20T08:19:37.091+0000] {subprocess.py:93} INFO -     - be included in your $PATH
[2026-06-20T08:19:37.092+0000] {subprocess.py:93} INFO -     - be set via $GIT_PYTHON_GIT_EXECUTABLE
[2026-06-20T08:19:37.093+0000] {subprocess.py:93} INFO -     - explicitly set via git.refresh(<full-path-to-git-executable>)
[2026-06-20T08:19:37.094+0000] {subprocess.py:93} INFO - 
[2026-06-20T08:19:37.095+0000] {subprocess.py:93} INFO - All git commands will error until this is rectified.
[2026-06-20T08:19:37.095+0000] {subprocess.py:93} INFO - 
[2026-06-20T08:19:37.096+0000] {subprocess.py:93} INFO - This initial message can be silenced or aggravated in the future by setting the
[2026-06-20T08:19:37.097+0000] {subprocess.py:93} INFO - $GIT_PYTHON_REFRESH environment variable. Use one of the following values:
[2026-06-20T08:19:37.099+0000] {subprocess.py:93} INFO -     - quiet|q|silence|s|silent|none|n|0: for no message or exception
[2026-06-20T08:19:37.100+0000] {subprocess.py:93} INFO -     - warn|w|warning|log|l|1: for a warning message (logging level CRITICAL, displayed by default)
[2026-06-20T08:19:37.101+0000] {subprocess.py:93} INFO -     - error|e|exception|raise|r|2: for a raised exception
[2026-06-20T08:19:37.101+0000] {subprocess.py:93} INFO - 
[2026-06-20T08:19:37.102+0000] {subprocess.py:93} INFO - Example:
[2026-06-20T08:19:37.102+0000] {subprocess.py:93} INFO -     export GIT_PYTHON_REFRESH=quiet
[2026-06-20T08:19:37.103+0000] {subprocess.py:93} INFO - 
[2026-06-20T08:19:37.164+0000] {subprocess.py:93} INFO - 
[2026-06-20T08:19:37.165+0000] {subprocess.py:93} INFO - --- XGBoost training 2024-11-01 (tt_months=12) ---
[2026-06-20T08:19:37.167+0000] {subprocess.py:93} INFO - 
[2026-06-20T08:19:37.168+0000] {subprocess.py:93} INFO - aligned rows: 6954  bad rate: 0.287
[2026-06-20T08:19:42.433+0000] {subprocess.py:93} INFO - 2026/06/20 08:19:42 INFO mlflow.tracking._tracking_service.client: 🏃 View run xgb_champion_2024-11-01_tt12m at: http://mlflow-ui:5000/#/experiments/295278157830474540/runs/a47e515d6d8b487693adc3265ef6a7d5.
[2026-06-20T08:19:42.434+0000] {subprocess.py:93} INFO - 2026/06/20 08:19:42 INFO mlflow.tracking._tracking_service.client: 🧪 View experiment at: http://mlflow-ui:5000/#/experiments/295278157830474540.
[2026-06-20T08:19:42.491+0000] {subprocess.py:93} INFO - XGB AUC: {'train': 0.9388, 'test': 0.9285, 'oot': 0.9243}
[2026-06-20T08:19:42.495+0000] {subprocess.py:93} INFO - XGB precision/recall/F1 (oot): {'precision': 0.8314, 'recall': 0.6839, 'f1': 0.7504}
[2026-06-20T08:19:42.514+0000] {subprocess.py:93} INFO - XGB calibration (oot) - Brier raw: 0.1003  Brier calibrated: 0.0995  AUC calibrated: 0.9243
[2026-06-20T08:19:42.525+0000] {subprocess.py:93} INFO - saved reliability diagram: reports/calibration/xgb_2024_11_01_reliability.png
[2026-06-20T08:19:42.538+0000] {subprocess.py:93} INFO - saved XGBoost artefact: model_bank/credit_xgb_2024_11_01.pkl
[2026-06-20T08:19:42.566+0000] {subprocess.py:93} INFO - saved OOT1 predictions: datamart/gold/model_predictions/credit_xgb_2024_11_01/credit_xgb_2024_11_01_predictions_2024_09_01.parquet (511 rows)
[2026-06-20T08:19:42.581+0000] {subprocess.py:93} INFO - saved OOT1 predictions: datamart/gold/model_predictions/credit_xgb_2024_11_01/credit_xgb_2024_11_01_predictions_2024_10_01.parquet (513 rows)
[2026-06-20T08:19:42.585+0000] {subprocess.py:93} INFO - 
[2026-06-20T08:19:42.593+0000] {subprocess.py:93} INFO - --- done ---
[2026-06-20T08:19:42.598+0000] {subprocess.py:93} INFO - 
[2026-06-20T08:19:43.707+0000] {subprocess.py:97} INFO - Command exited with return code 0
[2026-06-20T08:19:43.709+0000] {taskinstance.py:441} INFO - ::group::Post task execution logs
[2026-06-20T08:19:43.729+0000] {taskinstance.py:1206} INFO - Marking task as SUCCESS. dag_id=credit_default_ml_pipeline, task_id=training.xgb_train, run_id=scheduled__2024-11-01T00:00:00+00:00, execution_date=20241101T000000, start_date=20260620T081928, end_date=20260620T081943
[2026-06-20T08:19:43.773+0000] {local_task_job_runner.py:243} INFO - Task exited with return code 0
[2026-06-20T08:19:43.789+0000] {taskinstance.py:3503} INFO - 1 downstream tasks scheduled from follow-on schedule check
[2026-06-20T08:19:43.790+0000] {local_task_job_runner.py:222} INFO - ::endgroup::
