[2026-06-16T15:45:21.687+0000] {local_task_job_runner.py:120} INFO - ::group::Pre task execution logs
[2026-06-16T15:45:21.702+0000] {taskinstance.py:2076} INFO - Dependencies all met for dep_context=non-requeueable deps ti=<TaskInstance: credit_default_ml_pipeline.feature_pipeline.feature_bronze_financials scheduled__2024-05-01T00:00:00+00:00 [queued]>
[2026-06-16T15:45:21.706+0000] {taskinstance.py:2076} INFO - Dependencies all met for dep_context=requeueable deps ti=<TaskInstance: credit_default_ml_pipeline.feature_pipeline.feature_bronze_financials scheduled__2024-05-01T00:00:00+00:00 [queued]>
[2026-06-16T15:45:21.707+0000] {taskinstance.py:2306} INFO - Starting attempt 1 of 2
[2026-06-16T15:45:21.715+0000] {taskinstance.py:2330} INFO - Executing <Task(BashOperator): feature_pipeline.feature_bronze_financials> on 2024-05-01 00:00:00+00:00
[2026-06-16T15:45:21.721+0000] {logging_mixin.py:188} WARNING - /home/***/.local/lib/python3.12/site-packages/***/task/task_runner/standard_task_runner.py:62 DeprecationWarning: This process (pid=10440) is multi-threaded, use of fork() may lead to deadlocks in the child.
[2026-06-16T15:45:21.723+0000] {standard_task_runner.py:64} INFO - Started process 10444 to run task
[2026-06-16T15:45:21.724+0000] {standard_task_runner.py:90} INFO - Running: ['***', 'tasks', 'run', 'credit_default_ml_pipeline', 'feature_pipeline.feature_bronze_financials', 'scheduled__2024-05-01T00:00:00+00:00', '--job-id', '297', '--raw', '--subdir', 'DAGS_FOLDER/dag.py', '--cfg-path', '/tmp/tmpwfr8xzg5']
[2026-06-16T15:45:21.727+0000] {standard_task_runner.py:91} INFO - Job 297: Subtask feature_pipeline.feature_bronze_financials
[2026-06-16T15:45:21.776+0000] {task_command.py:426} INFO - Running <TaskInstance: credit_default_ml_pipeline.feature_pipeline.feature_bronze_financials scheduled__2024-05-01T00:00:00+00:00 [running]> on host 2b9b50b7433d
[2026-06-16T15:45:21.828+0000] {taskinstance.py:2648} INFO - Exporting env vars: AIRFLOW_CTX_DAG_OWNER='***' AIRFLOW_CTX_DAG_ID='credit_default_ml_pipeline' AIRFLOW_CTX_TASK_ID='feature_pipeline.feature_bronze_financials' AIRFLOW_CTX_EXECUTION_DATE='2024-05-01T00:00:00+00:00' AIRFLOW_CTX_TRY_NUMBER='1' AIRFLOW_CTX_DAG_RUN_ID='scheduled__2024-05-01T00:00:00+00:00'
[2026-06-16T15:45:21.830+0000] {taskinstance.py:430} INFO - ::endgroup::
[2026-06-16T15:45:21.838+0000] {subprocess.py:63} INFO - Tmp dir root location: /tmp
[2026-06-16T15:45:21.839+0000] {subprocess.py:75} INFO - Running command: ['/usr/bin/bash', '-c', 'cd /opt/***/scripts && python3 bronze_processing.py --snapshotdate "2024-05-01" --source financials']
[2026-06-16T15:45:21.843+0000] {subprocess.py:86} INFO - Output:
[2026-06-16T15:45:23.555+0000] {subprocess.py:93} INFO - Setting default log level to "WARN".
[2026-06-16T15:45:23.556+0000] {subprocess.py:93} INFO - To adjust logging level use sc.setLogLevel(newLevel). For SparkR, use setLogLevel(newLevel).
[2026-06-16T15:45:23.678+0000] {subprocess.py:93} INFO - 26/06/16 15:45:23 WARN NativeCodeLoader: Unable to load native-hadoop library for your platform... using builtin-java classes where applicable
[2026-06-16T15:45:24.342+0000] {subprocess.py:93} INFO - 26/06/16 15:45:24 WARN Utils: Service 'SparkUI' could not bind on port 4040. Attempting port 4041.
[2026-06-16T15:45:30.597+0000] {subprocess.py:93} INFO - 
[2026-06-16T15:45:30.602+0000] {subprocess.py:93} INFO - --- bronze financials 2024-05-01 ---
[2026-06-16T15:45:30.602+0000] {subprocess.py:93} INFO - 
[2026-06-16T15:45:30.603+0000] {subprocess.py:93} INFO - [bronze:financials] 2024-05-01 row count: 491
[2026-06-16T15:45:30.604+0000] {subprocess.py:93} INFO - [bronze:financials] saved to: datamart/bronze/financials/bronze_financials_2024_05_01.csv
[2026-06-16T15:45:30.604+0000] {subprocess.py:93} INFO - 
[2026-06-16T15:45:30.605+0000] {subprocess.py:93} INFO - --- done ---
[2026-06-16T15:45:30.606+0000] {subprocess.py:93} INFO - 
[2026-06-16T15:45:31.073+0000] {subprocess.py:97} INFO - Command exited with return code 0
[2026-06-16T15:45:31.076+0000] {taskinstance.py:441} INFO - ::group::Post task execution logs
[2026-06-16T15:45:31.107+0000] {taskinstance.py:1206} INFO - Marking task as SUCCESS. dag_id=credit_default_ml_pipeline, task_id=feature_pipeline.feature_bronze_financials, run_id=scheduled__2024-05-01T00:00:00+00:00, execution_date=20240501T000000, start_date=20260616T154521, end_date=20260616T154531
[2026-06-16T15:45:31.125+0000] {local_task_job_runner.py:243} INFO - Task exited with return code 0
[2026-06-16T15:45:31.161+0000] {taskinstance.py:3503} INFO - 1 downstream tasks scheduled from follow-on schedule check
[2026-06-16T15:45:31.163+0000] {local_task_job_runner.py:222} INFO - ::endgroup::
[2026-06-20T06:36:43.764+0000] {local_task_job_runner.py:120} INFO - ::group::Pre task execution logs
[2026-06-20T06:36:43.781+0000] {taskinstance.py:2076} INFO - Dependencies all met for dep_context=non-requeueable deps ti=<TaskInstance: credit_default_ml_pipeline.feature_pipeline.feature_bronze_financials scheduled__2024-05-01T00:00:00+00:00 [queued]>
[2026-06-20T06:36:43.785+0000] {taskinstance.py:2076} INFO - Dependencies all met for dep_context=requeueable deps ti=<TaskInstance: credit_default_ml_pipeline.feature_pipeline.feature_bronze_financials scheduled__2024-05-01T00:00:00+00:00 [queued]>
[2026-06-20T06:36:43.786+0000] {taskinstance.py:2306} INFO - Starting attempt 1 of 2
[2026-06-20T06:36:43.794+0000] {taskinstance.py:2330} INFO - Executing <Task(BashOperator): feature_pipeline.feature_bronze_financials> on 2024-05-01 00:00:00+00:00
[2026-06-20T06:36:43.799+0000] {logging_mixin.py:188} WARNING - /home/***/.local/lib/python3.12/site-packages/***/task/task_runner/standard_task_runner.py:62 DeprecationWarning: This process (pid=60776) is multi-threaded, use of fork() may lead to deadlocks in the child.
[2026-06-20T06:36:43.801+0000] {standard_task_runner.py:64} INFO - Started process 60781 to run task
[2026-06-20T06:36:43.800+0000] {standard_task_runner.py:90} INFO - Running: ['***', 'tasks', 'run', 'credit_default_ml_pipeline', 'feature_pipeline.feature_bronze_financials', 'scheduled__2024-05-01T00:00:00+00:00', '--job-id', '1743', '--raw', '--subdir', 'DAGS_FOLDER/dag.py', '--cfg-path', '/tmp/tmpa_7sk9jz']
[2026-06-20T06:36:43.802+0000] {standard_task_runner.py:91} INFO - Job 1743: Subtask feature_pipeline.feature_bronze_financials
[2026-06-20T06:36:43.971+0000] {task_command.py:426} INFO - Running <TaskInstance: credit_default_ml_pipeline.feature_pipeline.feature_bronze_financials scheduled__2024-05-01T00:00:00+00:00 [running]> on host 9cf341f51c89
[2026-06-20T06:36:44.011+0000] {taskinstance.py:2648} INFO - Exporting env vars: AIRFLOW_CTX_DAG_OWNER='***' AIRFLOW_CTX_DAG_ID='credit_default_ml_pipeline' AIRFLOW_CTX_TASK_ID='feature_pipeline.feature_bronze_financials' AIRFLOW_CTX_EXECUTION_DATE='2024-05-01T00:00:00+00:00' AIRFLOW_CTX_TRY_NUMBER='1' AIRFLOW_CTX_DAG_RUN_ID='scheduled__2024-05-01T00:00:00+00:00'
[2026-06-20T06:36:44.012+0000] {taskinstance.py:430} INFO - ::endgroup::
[2026-06-20T06:36:44.018+0000] {subprocess.py:63} INFO - Tmp dir root location: /tmp
[2026-06-20T06:36:44.019+0000] {subprocess.py:75} INFO - Running command: ['/usr/bin/bash', '-c', 'cd /opt/***/scripts && python3 bronze_processing.py --snapshotdate "2024-05-01" --source financials']
[2026-06-20T06:36:44.024+0000] {subprocess.py:86} INFO - Output:
[2026-06-20T06:36:46.393+0000] {subprocess.py:93} INFO - Setting default log level to "WARN".
[2026-06-20T06:36:46.399+0000] {subprocess.py:93} INFO - To adjust logging level use sc.setLogLevel(newLevel). For SparkR, use setLogLevel(newLevel).
[2026-06-20T06:36:46.698+0000] {subprocess.py:93} INFO - 26/06/20 06:36:46 WARN NativeCodeLoader: Unable to load native-hadoop library for your platform... using builtin-java classes where applicable
[2026-06-20T06:36:57.252+0000] {subprocess.py:93} INFO - [Stage 1:>                                                          (0 + 1) / 1]
[2026-06-20T06:36:57.263+0000] {subprocess.py:93} INFO - --- bronze financials 2024-05-01 ---
[2026-06-20T06:36:57.276+0000] {subprocess.py:93} INFO - 
[2026-06-20T06:36:57.296+0000] {subprocess.py:93} INFO - [bronze:financials] 2024-05-01 row count: 491
[2026-06-20T06:36:57.319+0000] {subprocess.py:93} INFO - [bronze:financials] saved to: datamart/bronze/financials/bronze_financials_2024_05_01.csv
[2026-06-20T06:36:57.323+0000] {subprocess.py:93} INFO - 
[2026-06-20T06:36:57.357+0000] {subprocess.py:93} INFO - --- done ---
[2026-06-20T06:36:57.374+0000] {subprocess.py:93} INFO - 
[2026-06-20T06:36:58.008+0000] {subprocess.py:97} INFO - Command exited with return code 0
[2026-06-20T06:36:58.010+0000] {taskinstance.py:441} INFO - ::group::Post task execution logs
[2026-06-20T06:36:58.040+0000] {taskinstance.py:1206} INFO - Marking task as SUCCESS. dag_id=credit_default_ml_pipeline, task_id=feature_pipeline.feature_bronze_financials, run_id=scheduled__2024-05-01T00:00:00+00:00, execution_date=20240501T000000, start_date=20260620T063643, end_date=20260620T063658
[2026-06-20T06:36:58.090+0000] {local_task_job_runner.py:243} INFO - Task exited with return code 0
[2026-06-20T06:36:58.135+0000] {taskinstance.py:3503} INFO - 1 downstream tasks scheduled from follow-on schedule check
[2026-06-20T06:36:58.137+0000] {local_task_job_runner.py:222} INFO - ::endgroup::
[2026-06-20T07:57:23.543+0000] {local_task_job_runner.py:120} INFO - ::group::Pre task execution logs
[2026-06-20T07:57:23.559+0000] {taskinstance.py:2076} INFO - Dependencies all met for dep_context=non-requeueable deps ti=<TaskInstance: credit_default_ml_pipeline.feature_pipeline.feature_bronze_financials scheduled__2024-05-01T00:00:00+00:00 [queued]>
[2026-06-20T07:57:23.566+0000] {taskinstance.py:2076} INFO - Dependencies all met for dep_context=requeueable deps ti=<TaskInstance: credit_default_ml_pipeline.feature_pipeline.feature_bronze_financials scheduled__2024-05-01T00:00:00+00:00 [queued]>
[2026-06-20T07:57:23.566+0000] {taskinstance.py:2306} INFO - Starting attempt 1 of 2
[2026-06-20T07:57:23.669+0000] {taskinstance.py:2330} INFO - Executing <Task(BashOperator): feature_pipeline.feature_bronze_financials> on 2024-05-01 00:00:00+00:00
[2026-06-20T07:57:23.674+0000] {logging_mixin.py:188} WARNING - /home/***/.local/lib/python3.12/site-packages/***/task/task_runner/standard_task_runner.py:62 DeprecationWarning: This process (pid=46438) is multi-threaded, use of fork() may lead to deadlocks in the child.
[2026-06-20T07:57:23.675+0000] {standard_task_runner.py:64} INFO - Started process 46448 to run task
[2026-06-20T07:57:23.675+0000] {standard_task_runner.py:90} INFO - Running: ['***', 'tasks', 'run', 'credit_default_ml_pipeline', 'feature_pipeline.feature_bronze_financials', 'scheduled__2024-05-01T00:00:00+00:00', '--job-id', '2238', '--raw', '--subdir', 'DAGS_FOLDER/dag.py', '--cfg-path', '/tmp/tmpe31pup2_']
[2026-06-20T07:57:23.676+0000] {standard_task_runner.py:91} INFO - Job 2238: Subtask feature_pipeline.feature_bronze_financials
[2026-06-20T07:57:23.704+0000] {task_command.py:426} INFO - Running <TaskInstance: credit_default_ml_pipeline.feature_pipeline.feature_bronze_financials scheduled__2024-05-01T00:00:00+00:00 [running]> on host 9cf341f51c89
[2026-06-20T07:57:23.743+0000] {taskinstance.py:2648} INFO - Exporting env vars: AIRFLOW_CTX_DAG_OWNER='***' AIRFLOW_CTX_DAG_ID='credit_default_ml_pipeline' AIRFLOW_CTX_TASK_ID='feature_pipeline.feature_bronze_financials' AIRFLOW_CTX_EXECUTION_DATE='2024-05-01T00:00:00+00:00' AIRFLOW_CTX_TRY_NUMBER='1' AIRFLOW_CTX_DAG_RUN_ID='scheduled__2024-05-01T00:00:00+00:00'
[2026-06-20T07:57:23.745+0000] {taskinstance.py:430} INFO - ::endgroup::
[2026-06-20T07:57:23.751+0000] {subprocess.py:63} INFO - Tmp dir root location: /tmp
[2026-06-20T07:57:23.752+0000] {subprocess.py:75} INFO - Running command: ['/usr/bin/bash', '-c', 'cd /opt/***/scripts && python3 bronze_processing.py --snapshotdate "2024-05-01" --source financials']
[2026-06-20T07:57:23.758+0000] {subprocess.py:86} INFO - Output:
[2026-06-20T07:57:25.724+0000] {subprocess.py:93} INFO - Setting default log level to "WARN".
[2026-06-20T07:57:25.728+0000] {subprocess.py:93} INFO - To adjust logging level use sc.setLogLevel(newLevel). For SparkR, use setLogLevel(newLevel).
[2026-06-20T07:57:25.989+0000] {subprocess.py:93} INFO - 26/06/20 07:57:25 WARN NativeCodeLoader: Unable to load native-hadoop library for your platform... using builtin-java classes where applicable
[2026-06-20T07:57:26.884+0000] {subprocess.py:93} INFO - 26/06/20 07:57:26 WARN Utils: Service 'SparkUI' could not bind on port 4040. Attempting port 4041.
[2026-06-20T07:57:37.771+0000] {subprocess.py:93} INFO - [Stage 0:>                                                          (0 + 1) / 1]                                                                                [Stage 1:>                                                          (0 + 1) / 1]
[2026-06-20T07:57:37.776+0000] {subprocess.py:93} INFO - --- bronze financials 2024-05-01 ---
[2026-06-20T07:57:37.777+0000] {subprocess.py:93} INFO - 
[2026-06-20T07:57:37.778+0000] {subprocess.py:93} INFO - [bronze:financials] 2024-05-01 row count: 491
[2026-06-20T07:57:37.780+0000] {subprocess.py:93} INFO - [bronze:financials] saved to: datamart/bronze/financials/bronze_financials_2024_05_01.csv
[2026-06-20T07:57:37.781+0000] {subprocess.py:93} INFO - 
[2026-06-20T07:57:37.782+0000] {subprocess.py:93} INFO - --- done ---
[2026-06-20T07:57:37.783+0000] {subprocess.py:93} INFO - 
[2026-06-20T07:57:38.358+0000] {subprocess.py:97} INFO - Command exited with return code 0
[2026-06-20T07:57:38.360+0000] {taskinstance.py:441} INFO - ::group::Post task execution logs
[2026-06-20T07:57:38.406+0000] {taskinstance.py:1206} INFO - Marking task as SUCCESS. dag_id=credit_default_ml_pipeline, task_id=feature_pipeline.feature_bronze_financials, run_id=scheduled__2024-05-01T00:00:00+00:00, execution_date=20240501T000000, start_date=20260620T075723, end_date=20260620T075738
[2026-06-20T07:57:38.438+0000] {local_task_job_runner.py:243} INFO - Task exited with return code 0
[2026-06-20T07:57:38.496+0000] {taskinstance.py:3503} INFO - 1 downstream tasks scheduled from follow-on schedule check
[2026-06-20T07:57:38.498+0000] {local_task_job_runner.py:222} INFO - ::endgroup::
[2026-06-20T15:54:50.140+0000] {local_task_job_runner.py:120} INFO - ::group::Pre task execution logs
[2026-06-20T15:54:50.152+0000] {taskinstance.py:2076} INFO - Dependencies all met for dep_context=non-requeueable deps ti=<TaskInstance: credit_default_ml_pipeline.feature_pipeline.feature_bronze_financials scheduled__2024-05-01T00:00:00+00:00 [queued]>
[2026-06-20T15:54:50.157+0000] {taskinstance.py:2076} INFO - Dependencies all met for dep_context=requeueable deps ti=<TaskInstance: credit_default_ml_pipeline.feature_pipeline.feature_bronze_financials scheduled__2024-05-01T00:00:00+00:00 [queued]>
[2026-06-20T15:54:50.158+0000] {taskinstance.py:2306} INFO - Starting attempt 1 of 2
[2026-06-20T15:54:50.165+0000] {taskinstance.py:2330} INFO - Executing <Task(BashOperator): feature_pipeline.feature_bronze_financials> on 2024-05-01 00:00:00+00:00
[2026-06-20T15:54:50.170+0000] {logging_mixin.py:188} WARNING - /home/***/.local/lib/python3.12/site-packages/***/task/task_runner/standard_task_runner.py:62 DeprecationWarning: This process (pid=32705) is multi-threaded, use of fork() may lead to deadlocks in the child.
[2026-06-20T15:54:50.170+0000] {standard_task_runner.py:64} INFO - Started process 32713 to run task
[2026-06-20T15:54:50.170+0000] {standard_task_runner.py:90} INFO - Running: ['***', 'tasks', 'run', 'credit_default_ml_pipeline', 'feature_pipeline.feature_bronze_financials', 'scheduled__2024-05-01T00:00:00+00:00', '--job-id', '2712', '--raw', '--subdir', 'DAGS_FOLDER/dag.py', '--cfg-path', '/tmp/tmph52v611w']
[2026-06-20T15:54:50.173+0000] {standard_task_runner.py:91} INFO - Job 2712: Subtask feature_pipeline.feature_bronze_financials
[2026-06-20T15:54:50.288+0000] {task_command.py:426} INFO - Running <TaskInstance: credit_default_ml_pipeline.feature_pipeline.feature_bronze_financials scheduled__2024-05-01T00:00:00+00:00 [running]> on host 9cf341f51c89
[2026-06-20T15:54:50.317+0000] {taskinstance.py:2648} INFO - Exporting env vars: AIRFLOW_CTX_DAG_OWNER='***' AIRFLOW_CTX_DAG_ID='credit_default_ml_pipeline' AIRFLOW_CTX_TASK_ID='feature_pipeline.feature_bronze_financials' AIRFLOW_CTX_EXECUTION_DATE='2024-05-01T00:00:00+00:00' AIRFLOW_CTX_TRY_NUMBER='1' AIRFLOW_CTX_DAG_RUN_ID='scheduled__2024-05-01T00:00:00+00:00'
[2026-06-20T15:54:50.318+0000] {taskinstance.py:430} INFO - ::endgroup::
[2026-06-20T15:54:50.323+0000] {subprocess.py:63} INFO - Tmp dir root location: /tmp
[2026-06-20T15:54:50.324+0000] {subprocess.py:75} INFO - Running command: ['/usr/bin/bash', '-c', 'cd /opt/***/scripts && python3 bronze_processing.py --snapshotdate "2024-05-01" --source financials']
[2026-06-20T15:54:50.328+0000] {subprocess.py:86} INFO - Output:
[2026-06-20T15:54:51.780+0000] {subprocess.py:93} INFO - Setting default log level to "WARN".
[2026-06-20T15:54:51.783+0000] {subprocess.py:93} INFO - To adjust logging level use sc.setLogLevel(newLevel). For SparkR, use setLogLevel(newLevel).
[2026-06-20T15:54:52.002+0000] {subprocess.py:93} INFO - 26/06/20 15:54:52 WARN NativeCodeLoader: Unable to load native-hadoop library for your platform... using builtin-java classes where applicable
[2026-06-20T15:54:52.578+0000] {subprocess.py:93} INFO - 26/06/20 15:54:52 WARN Utils: Service 'SparkUI' could not bind on port 4040. Attempting port 4041.
[2026-06-20T15:54:52.586+0000] {subprocess.py:93} INFO - 26/06/20 15:54:52 WARN Utils: Service 'SparkUI' could not bind on port 4041. Attempting port 4042.
[2026-06-20T15:54:52.588+0000] {subprocess.py:93} INFO - 26/06/20 15:54:52 WARN Utils: Service 'SparkUI' could not bind on port 4042. Attempting port 4043.
[2026-06-20T15:54:58.850+0000] {subprocess.py:93} INFO - 
[2026-06-20T15:54:58.851+0000] {subprocess.py:93} INFO - --- bronze financials 2024-05-01 ---
[2026-06-20T15:54:58.852+0000] {subprocess.py:93} INFO - 
[2026-06-20T15:54:58.853+0000] {subprocess.py:93} INFO - [bronze:financials] 2024-05-01 row count: 491
[2026-06-20T15:54:58.854+0000] {subprocess.py:93} INFO - [bronze:financials] saved to: datamart/bronze/financials/bronze_financials_2024_05_01.csv
[2026-06-20T15:54:58.855+0000] {subprocess.py:93} INFO - 
[2026-06-20T15:54:58.856+0000] {subprocess.py:93} INFO - --- done ---
[2026-06-20T15:54:58.859+0000] {subprocess.py:93} INFO - 
[2026-06-20T15:54:59.309+0000] {subprocess.py:97} INFO - Command exited with return code 0
[2026-06-20T15:54:59.312+0000] {taskinstance.py:441} INFO - ::group::Post task execution logs
[2026-06-20T15:54:59.327+0000] {taskinstance.py:1206} INFO - Marking task as SUCCESS. dag_id=credit_default_ml_pipeline, task_id=feature_pipeline.feature_bronze_financials, run_id=scheduled__2024-05-01T00:00:00+00:00, execution_date=20240501T000000, start_date=20260620T155450, end_date=20260620T155459
[2026-06-20T15:54:59.354+0000] {local_task_job_runner.py:243} INFO - Task exited with return code 0
[2026-06-20T15:54:59.379+0000] {taskinstance.py:3503} INFO - 1 downstream tasks scheduled from follow-on schedule check
[2026-06-20T15:54:59.382+0000] {local_task_job_runner.py:222} INFO - ::endgroup::
[2026-06-20T17:50:01.008+0000] {local_task_job_runner.py:120} INFO - ::group::Pre task execution logs
[2026-06-20T17:50:01.020+0000] {taskinstance.py:2076} INFO - Dependencies all met for dep_context=non-requeueable deps ti=<TaskInstance: credit_default_ml_pipeline.feature_pipeline.feature_bronze_financials scheduled__2024-05-01T00:00:00+00:00 [queued]>
[2026-06-20T17:50:01.025+0000] {taskinstance.py:2076} INFO - Dependencies all met for dep_context=requeueable deps ti=<TaskInstance: credit_default_ml_pipeline.feature_pipeline.feature_bronze_financials scheduled__2024-05-01T00:00:00+00:00 [queued]>
[2026-06-20T17:50:01.026+0000] {taskinstance.py:2306} INFO - Starting attempt 1 of 2
[2026-06-20T17:50:01.031+0000] {taskinstance.py:2330} INFO - Executing <Task(BashOperator): feature_pipeline.feature_bronze_financials> on 2024-05-01 00:00:00+00:00
[2026-06-20T17:50:01.035+0000] {logging_mixin.py:188} WARNING - /home/***/.local/lib/python3.12/site-packages/***/task/task_runner/standard_task_runner.py:62 DeprecationWarning: This process (pid=51150) is multi-threaded, use of fork() may lead to deadlocks in the child.
[2026-06-20T17:50:01.036+0000] {standard_task_runner.py:90} INFO - Running: ['***', 'tasks', 'run', 'credit_default_ml_pipeline', 'feature_pipeline.feature_bronze_financials', 'scheduled__2024-05-01T00:00:00+00:00', '--job-id', '3286', '--raw', '--subdir', 'DAGS_FOLDER/dag.py', '--cfg-path', '/tmp/tmppmwycyg3']
[2026-06-20T17:50:01.038+0000] {standard_task_runner.py:64} INFO - Started process 51157 to run task
[2026-06-20T17:50:01.040+0000] {standard_task_runner.py:91} INFO - Job 3286: Subtask feature_pipeline.feature_bronze_financials
[2026-06-20T17:50:01.163+0000] {task_command.py:426} INFO - Running <TaskInstance: credit_default_ml_pipeline.feature_pipeline.feature_bronze_financials scheduled__2024-05-01T00:00:00+00:00 [running]> on host 9cf341f51c89
[2026-06-20T17:50:01.196+0000] {taskinstance.py:2648} INFO - Exporting env vars: AIRFLOW_CTX_DAG_OWNER='***' AIRFLOW_CTX_DAG_ID='credit_default_ml_pipeline' AIRFLOW_CTX_TASK_ID='feature_pipeline.feature_bronze_financials' AIRFLOW_CTX_EXECUTION_DATE='2024-05-01T00:00:00+00:00' AIRFLOW_CTX_TRY_NUMBER='1' AIRFLOW_CTX_DAG_RUN_ID='scheduled__2024-05-01T00:00:00+00:00'
[2026-06-20T17:50:01.197+0000] {taskinstance.py:430} INFO - ::endgroup::
[2026-06-20T17:50:01.202+0000] {subprocess.py:63} INFO - Tmp dir root location: /tmp
[2026-06-20T17:50:01.203+0000] {subprocess.py:75} INFO - Running command: ['/usr/bin/bash', '-c', 'cd /opt/***/scripts && python3 bronze_processing.py --snapshotdate "2024-05-01" --source financials']
[2026-06-20T17:50:01.210+0000] {subprocess.py:86} INFO - Output:
[2026-06-20T17:50:02.744+0000] {subprocess.py:93} INFO - Setting default log level to "WARN".
[2026-06-20T17:50:02.747+0000] {subprocess.py:93} INFO - To adjust logging level use sc.setLogLevel(newLevel). For SparkR, use setLogLevel(newLevel).
[2026-06-20T17:50:02.920+0000] {subprocess.py:93} INFO - 26/06/20 17:50:02 WARN NativeCodeLoader: Unable to load native-hadoop library for your platform... using builtin-java classes where applicable
[2026-06-20T17:50:13.136+0000] {subprocess.py:93} INFO - [Stage 1:>                                                          (0 + 1) / 1]
[2026-06-20T17:50:13.148+0000] {subprocess.py:93} INFO - --- bronze financials 2024-05-01 ---
[2026-06-20T17:50:13.158+0000] {subprocess.py:93} INFO - 
[2026-06-20T17:50:13.163+0000] {subprocess.py:93} INFO - [bronze:financials] 2024-05-01 row count: 491
[2026-06-20T17:50:13.170+0000] {subprocess.py:93} INFO - [bronze:financials] saved to: datamart/bronze/financials/bronze_financials_2024_05_01.csv
[2026-06-20T17:50:13.176+0000] {subprocess.py:93} INFO - 
[2026-06-20T17:50:13.180+0000] {subprocess.py:93} INFO - --- done ---
[2026-06-20T17:50:13.185+0000] {subprocess.py:93} INFO - 
[2026-06-20T17:50:13.762+0000] {subprocess.py:97} INFO - Command exited with return code 0
[2026-06-20T17:50:13.764+0000] {taskinstance.py:441} INFO - ::group::Post task execution logs
[2026-06-20T17:50:13.809+0000] {taskinstance.py:1206} INFO - Marking task as SUCCESS. dag_id=credit_default_ml_pipeline, task_id=feature_pipeline.feature_bronze_financials, run_id=scheduled__2024-05-01T00:00:00+00:00, execution_date=20240501T000000, start_date=20260620T175001, end_date=20260620T175013
[2026-06-20T17:50:13.848+0000] {local_task_job_runner.py:243} INFO - Task exited with return code 0
[2026-06-20T17:50:13.880+0000] {taskinstance.py:3503} INFO - 1 downstream tasks scheduled from follow-on schedule check
[2026-06-20T17:50:13.883+0000] {local_task_job_runner.py:222} INFO - ::endgroup::
[2026-06-21T02:45:42.915+0000] {local_task_job_runner.py:120} INFO - ::group::Pre task execution logs
[2026-06-21T02:45:42.928+0000] {taskinstance.py:2076} INFO - Dependencies all met for dep_context=non-requeueable deps ti=<TaskInstance: credit_default_ml_pipeline.feature_pipeline.feature_bronze_financials scheduled__2024-05-01T00:00:00+00:00 [queued]>
[2026-06-21T02:45:42.934+0000] {taskinstance.py:2076} INFO - Dependencies all met for dep_context=requeueable deps ti=<TaskInstance: credit_default_ml_pipeline.feature_pipeline.feature_bronze_financials scheduled__2024-05-01T00:00:00+00:00 [queued]>
[2026-06-21T02:45:42.935+0000] {taskinstance.py:2306} INFO - Starting attempt 1 of 2
[2026-06-21T02:45:42.940+0000] {taskinstance.py:2330} INFO - Executing <Task(BashOperator): feature_pipeline.feature_bronze_financials> on 2024-05-01 00:00:00+00:00
[2026-06-21T02:45:42.946+0000] {logging_mixin.py:188} WARNING - /home/***/.local/lib/python3.12/site-packages/***/task/task_runner/standard_task_runner.py:62 DeprecationWarning: This process (pid=50552) is multi-threaded, use of fork() may lead to deadlocks in the child.
[2026-06-21T02:45:42.946+0000] {standard_task_runner.py:64} INFO - Started process 50562 to run task
[2026-06-21T02:45:42.947+0000] {standard_task_runner.py:90} INFO - Running: ['***', 'tasks', 'run', 'credit_default_ml_pipeline', 'feature_pipeline.feature_bronze_financials', 'scheduled__2024-05-01T00:00:00+00:00', '--job-id', '3754', '--raw', '--subdir', 'DAGS_FOLDER/dag.py', '--cfg-path', '/tmp/tmpv2_yrjif']
[2026-06-21T02:45:42.949+0000] {standard_task_runner.py:91} INFO - Job 3754: Subtask feature_pipeline.feature_bronze_financials
[2026-06-21T02:45:42.974+0000] {task_command.py:426} INFO - Running <TaskInstance: credit_default_ml_pipeline.feature_pipeline.feature_bronze_financials scheduled__2024-05-01T00:00:00+00:00 [running]> on host f6e9e2801916
[2026-06-21T02:45:43.128+0000] {taskinstance.py:2648} INFO - Exporting env vars: AIRFLOW_CTX_DAG_OWNER='***' AIRFLOW_CTX_DAG_ID='credit_default_ml_pipeline' AIRFLOW_CTX_TASK_ID='feature_pipeline.feature_bronze_financials' AIRFLOW_CTX_EXECUTION_DATE='2024-05-01T00:00:00+00:00' AIRFLOW_CTX_TRY_NUMBER='1' AIRFLOW_CTX_DAG_RUN_ID='scheduled__2024-05-01T00:00:00+00:00'
[2026-06-21T02:45:43.129+0000] {taskinstance.py:430} INFO - ::endgroup::
[2026-06-21T02:45:43.134+0000] {subprocess.py:63} INFO - Tmp dir root location: /tmp
[2026-06-21T02:45:43.135+0000] {subprocess.py:75} INFO - Running command: ['/usr/bin/bash', '-c', 'cd /opt/***/scripts && python3 bronze_processing.py --snapshotdate "2024-05-01" --source financials']
[2026-06-21T02:45:43.140+0000] {subprocess.py:86} INFO - Output:
[2026-06-21T02:45:44.778+0000] {subprocess.py:93} INFO - Setting default log level to "WARN".
[2026-06-21T02:45:44.779+0000] {subprocess.py:93} INFO - To adjust logging level use sc.setLogLevel(newLevel). For SparkR, use setLogLevel(newLevel).
[2026-06-21T02:45:44.960+0000] {subprocess.py:93} INFO - 26/06/21 02:45:44 WARN NativeCodeLoader: Unable to load native-hadoop library for your platform... using builtin-java classes where applicable
[2026-06-21T02:45:45.594+0000] {subprocess.py:93} INFO - 26/06/21 02:45:45 WARN Utils: Service 'SparkUI' could not bind on port 4040. Attempting port 4041.
[2026-06-21T02:45:45.597+0000] {subprocess.py:93} INFO - 26/06/21 02:45:45 WARN Utils: Service 'SparkUI' could not bind on port 4041. Attempting port 4042.
[2026-06-21T02:45:51.903+0000] {subprocess.py:93} INFO - [Stage 1:>                                                          (0 + 1) / 1]
[2026-06-21T02:45:51.909+0000] {subprocess.py:93} INFO - --- bronze financials 2024-05-01 ---
[2026-06-21T02:45:51.911+0000] {subprocess.py:93} INFO - 
[2026-06-21T02:45:51.913+0000] {subprocess.py:93} INFO - [bronze:financials] 2024-05-01 row count: 491
[2026-06-21T02:45:51.914+0000] {subprocess.py:93} INFO - [bronze:financials] saved to: datamart/bronze/financials/bronze_financials_2024_05_01.csv
[2026-06-21T02:45:51.917+0000] {subprocess.py:93} INFO - 
[2026-06-21T02:45:51.918+0000] {subprocess.py:93} INFO - --- done ---
[2026-06-21T02:45:51.925+0000] {subprocess.py:93} INFO - 
[2026-06-21T02:45:52.530+0000] {subprocess.py:97} INFO - Command exited with return code 0
[2026-06-21T02:45:52.531+0000] {taskinstance.py:441} INFO - ::group::Post task execution logs
[2026-06-21T02:45:52.552+0000] {taskinstance.py:1206} INFO - Marking task as SUCCESS. dag_id=credit_default_ml_pipeline, task_id=feature_pipeline.feature_bronze_financials, run_id=scheduled__2024-05-01T00:00:00+00:00, execution_date=20240501T000000, start_date=20260621T024542, end_date=20260621T024552
[2026-06-21T02:45:52.595+0000] {local_task_job_runner.py:243} INFO - Task exited with return code 0
[2026-06-21T02:45:52.736+0000] {taskinstance.py:3503} INFO - 1 downstream tasks scheduled from follow-on schedule check
[2026-06-21T02:45:52.738+0000] {local_task_job_runner.py:222} INFO - ::endgroup::
[2026-06-21T06:11:23.608+0000] {local_task_job_runner.py:120} INFO - ::group::Pre task execution logs
[2026-06-21T06:11:23.626+0000] {taskinstance.py:2076} INFO - Dependencies all met for dep_context=non-requeueable deps ti=<TaskInstance: credit_default_ml_pipeline.feature_pipeline.feature_bronze_financials scheduled__2024-05-01T00:00:00+00:00 [queued]>
[2026-06-21T06:11:23.632+0000] {taskinstance.py:2076} INFO - Dependencies all met for dep_context=requeueable deps ti=<TaskInstance: credit_default_ml_pipeline.feature_pipeline.feature_bronze_financials scheduled__2024-05-01T00:00:00+00:00 [queued]>
[2026-06-21T06:11:23.632+0000] {taskinstance.py:2306} INFO - Starting attempt 1 of 2
[2026-06-21T06:11:23.642+0000] {taskinstance.py:2330} INFO - Executing <Task(BashOperator): feature_pipeline.feature_bronze_financials> on 2024-05-01 00:00:00+00:00
[2026-06-21T06:11:23.648+0000] {logging_mixin.py:188} WARNING - /home/***/.local/lib/python3.12/site-packages/***/task/task_runner/standard_task_runner.py:62 DeprecationWarning: This process (pid=51872) is multi-threaded, use of fork() may lead to deadlocks in the child.
[2026-06-21T06:11:23.648+0000] {standard_task_runner.py:90} INFO - Running: ['***', 'tasks', 'run', 'credit_default_ml_pipeline', 'feature_pipeline.feature_bronze_financials', 'scheduled__2024-05-01T00:00:00+00:00', '--job-id', '4213', '--raw', '--subdir', 'DAGS_FOLDER/dag.py', '--cfg-path', '/tmp/tmpzdc7o3t7']
[2026-06-21T06:11:23.650+0000] {standard_task_runner.py:64} INFO - Started process 51879 to run task
[2026-06-21T06:11:23.650+0000] {standard_task_runner.py:91} INFO - Job 4213: Subtask feature_pipeline.feature_bronze_financials
[2026-06-21T06:11:23.786+0000] {task_command.py:426} INFO - Running <TaskInstance: credit_default_ml_pipeline.feature_pipeline.feature_bronze_financials scheduled__2024-05-01T00:00:00+00:00 [running]> on host 9377a3f0491f
[2026-06-21T06:11:23.821+0000] {taskinstance.py:2648} INFO - Exporting env vars: AIRFLOW_CTX_DAG_OWNER='***' AIRFLOW_CTX_DAG_ID='credit_default_ml_pipeline' AIRFLOW_CTX_TASK_ID='feature_pipeline.feature_bronze_financials' AIRFLOW_CTX_EXECUTION_DATE='2024-05-01T00:00:00+00:00' AIRFLOW_CTX_TRY_NUMBER='1' AIRFLOW_CTX_DAG_RUN_ID='scheduled__2024-05-01T00:00:00+00:00'
[2026-06-21T06:11:23.822+0000] {taskinstance.py:430} INFO - ::endgroup::
[2026-06-21T06:11:23.827+0000] {subprocess.py:63} INFO - Tmp dir root location: /tmp
[2026-06-21T06:11:23.829+0000] {subprocess.py:75} INFO - Running command: ['/usr/bin/bash', '-c', 'cd /opt/***/scripts && python3 bronze_processing.py --snapshotdate "2024-05-01" --source financials']
[2026-06-21T06:11:23.836+0000] {subprocess.py:86} INFO - Output:
[2026-06-21T06:11:26.460+0000] {subprocess.py:93} INFO - Setting default log level to "WARN".
[2026-06-21T06:11:26.464+0000] {subprocess.py:93} INFO - To adjust logging level use sc.setLogLevel(newLevel). For SparkR, use setLogLevel(newLevel).
[2026-06-21T06:11:26.716+0000] {subprocess.py:93} INFO - 26/06/21 06:11:26 WARN NativeCodeLoader: Unable to load native-hadoop library for your platform... using builtin-java classes where applicable
[2026-06-21T06:11:38.864+0000] {subprocess.py:93} INFO - [Stage 1:>                                                          (0 + 1) / 1]
[2026-06-21T06:11:38.874+0000] {subprocess.py:93} INFO - --- bronze financials 2024-05-01 ---
[2026-06-21T06:11:38.876+0000] {subprocess.py:93} INFO - 
[2026-06-21T06:11:38.886+0000] {subprocess.py:93} INFO - [bronze:financials] 2024-05-01 row count: 491
[2026-06-21T06:11:38.888+0000] {subprocess.py:93} INFO - [bronze:financials] saved to: datamart/bronze/financials/bronze_financials_2024_05_01.csv
[2026-06-21T06:11:38.889+0000] {subprocess.py:93} INFO - 
[2026-06-21T06:11:38.893+0000] {subprocess.py:93} INFO - --- done ---
[2026-06-21T06:11:38.896+0000] {subprocess.py:93} INFO - 
[2026-06-21T06:11:39.642+0000] {subprocess.py:97} INFO - Command exited with return code 0
[2026-06-21T06:11:39.648+0000] {taskinstance.py:441} INFO - ::group::Post task execution logs
[2026-06-21T06:11:39.700+0000] {taskinstance.py:1206} INFO - Marking task as SUCCESS. dag_id=credit_default_ml_pipeline, task_id=feature_pipeline.feature_bronze_financials, run_id=scheduled__2024-05-01T00:00:00+00:00, execution_date=20240501T000000, start_date=20260621T061123, end_date=20260621T061139
[2026-06-21T06:11:39.762+0000] {local_task_job_runner.py:243} INFO - Task exited with return code 0
[2026-06-21T06:11:39.810+0000] {taskinstance.py:3503} INFO - 1 downstream tasks scheduled from follow-on schedule check
[2026-06-21T06:11:39.814+0000] {local_task_job_runner.py:222} INFO - ::endgroup::
