[2026-06-16T14:48:27.672+0000] {local_task_job_runner.py:120} INFO - ::group::Pre task execution logs
[2026-06-16T14:48:27.690+0000] {taskinstance.py:2076} INFO - Dependencies all met for dep_context=non-requeueable deps ti=<TaskInstance: credit_default_ml_pipeline.feature_pipeline.feature_bronze_financials scheduled__2023-04-01T00:00:00+00:00 [queued]>
[2026-06-16T14:48:27.694+0000] {taskinstance.py:2076} INFO - Dependencies all met for dep_context=requeueable deps ti=<TaskInstance: credit_default_ml_pipeline.feature_pipeline.feature_bronze_financials scheduled__2023-04-01T00:00:00+00:00 [queued]>
[2026-06-16T14:48:27.695+0000] {taskinstance.py:2306} INFO - Starting attempt 1 of 2
[2026-06-16T14:48:27.704+0000] {taskinstance.py:2330} INFO - Executing <Task(BashOperator): feature_pipeline.feature_bronze_financials> on 2023-04-01 00:00:00+00:00
[2026-06-16T14:48:27.710+0000] {logging_mixin.py:188} WARNING - /home/***/.local/lib/python3.12/site-packages/***/task/task_runner/standard_task_runner.py:62 DeprecationWarning: This process (pid=26424) is multi-threaded, use of fork() may lead to deadlocks in the child.
[2026-06-16T14:48:27.711+0000] {standard_task_runner.py:64} INFO - Started process 26427 to run task
[2026-06-16T14:48:27.710+0000] {standard_task_runner.py:90} INFO - Running: ['***', 'tasks', 'run', 'credit_default_ml_pipeline', 'feature_pipeline.feature_bronze_financials', 'scheduled__2023-04-01T00:00:00+00:00', '--job-id', '124', '--raw', '--subdir', 'DAGS_FOLDER/dag.py', '--cfg-path', '/tmp/tmp8uz79j82']
[2026-06-16T14:48:27.713+0000] {standard_task_runner.py:91} INFO - Job 124: Subtask feature_pipeline.feature_bronze_financials
[2026-06-16T14:48:27.756+0000] {task_command.py:426} INFO - Running <TaskInstance: credit_default_ml_pipeline.feature_pipeline.feature_bronze_financials scheduled__2023-04-01T00:00:00+00:00 [running]> on host 1cab6e97738a
[2026-06-16T14:48:27.795+0000] {taskinstance.py:2648} INFO - Exporting env vars: AIRFLOW_CTX_DAG_OWNER='***' AIRFLOW_CTX_DAG_ID='credit_default_ml_pipeline' AIRFLOW_CTX_TASK_ID='feature_pipeline.feature_bronze_financials' AIRFLOW_CTX_EXECUTION_DATE='2023-04-01T00:00:00+00:00' AIRFLOW_CTX_TRY_NUMBER='1' AIRFLOW_CTX_DAG_RUN_ID='scheduled__2023-04-01T00:00:00+00:00'
[2026-06-16T14:48:27.796+0000] {taskinstance.py:430} INFO - ::endgroup::
[2026-06-16T14:48:27.803+0000] {subprocess.py:63} INFO - Tmp dir root location: /tmp
[2026-06-16T14:48:27.804+0000] {subprocess.py:75} INFO - Running command: ['/usr/bin/bash', '-c', 'cd /opt/***/scripts && python3 bronze_processing.py --snapshotdate "2023-04-01" --source financials']
[2026-06-16T14:48:27.810+0000] {subprocess.py:86} INFO - Output:
[2026-06-16T14:48:29.307+0000] {subprocess.py:93} INFO - Setting default log level to "WARN".
[2026-06-16T14:48:29.309+0000] {subprocess.py:93} INFO - To adjust logging level use sc.setLogLevel(newLevel). For SparkR, use setLogLevel(newLevel).
[2026-06-16T14:48:29.495+0000] {subprocess.py:93} INFO - 26/06/16 14:48:29 WARN NativeCodeLoader: Unable to load native-hadoop library for your platform... using builtin-java classes where applicable
[2026-06-16T14:48:36.410+0000] {subprocess.py:93} INFO - 
[2026-06-16T14:48:36.417+0000] {subprocess.py:93} INFO - --- bronze financials 2023-04-01 ---
[2026-06-16T14:48:36.419+0000] {subprocess.py:93} INFO - 
[2026-06-16T14:48:36.420+0000] {subprocess.py:93} INFO - [bronze:financials] 2023-04-01 row count: 510
[2026-06-16T14:48:36.421+0000] {subprocess.py:93} INFO - [bronze:financials] saved to: datamart/bronze/financials/bronze_financials_2023_04_01.csv
[2026-06-16T14:48:36.422+0000] {subprocess.py:93} INFO - 
[2026-06-16T14:48:36.423+0000] {subprocess.py:93} INFO - --- done ---
[2026-06-16T14:48:36.425+0000] {subprocess.py:93} INFO - 
[2026-06-16T14:48:36.974+0000] {subprocess.py:97} INFO - Command exited with return code 0
[2026-06-16T14:48:36.975+0000] {taskinstance.py:441} INFO - ::group::Post task execution logs
[2026-06-16T14:48:37.000+0000] {taskinstance.py:1206} INFO - Marking task as SUCCESS. dag_id=credit_default_ml_pipeline, task_id=feature_pipeline.feature_bronze_financials, run_id=scheduled__2023-04-01T00:00:00+00:00, execution_date=20230401T000000, start_date=20260616T144827, end_date=20260616T144837
[2026-06-16T14:48:37.017+0000] {local_task_job_runner.py:243} INFO - Task exited with return code 0
[2026-06-16T14:48:37.045+0000] {taskinstance.py:3503} INFO - 1 downstream tasks scheduled from follow-on schedule check
[2026-06-16T14:48:37.046+0000] {local_task_job_runner.py:222} INFO - ::endgroup::
[2026-06-20T05:28:01.142+0000] {local_task_job_runner.py:120} INFO - ::group::Pre task execution logs
[2026-06-20T05:28:01.158+0000] {taskinstance.py:2076} INFO - Dependencies all met for dep_context=non-requeueable deps ti=<TaskInstance: credit_default_ml_pipeline.feature_pipeline.feature_bronze_financials scheduled__2023-04-01T00:00:00+00:00 [queued]>
[2026-06-20T05:28:01.164+0000] {taskinstance.py:2076} INFO - Dependencies all met for dep_context=requeueable deps ti=<TaskInstance: credit_default_ml_pipeline.feature_pipeline.feature_bronze_financials scheduled__2023-04-01T00:00:00+00:00 [queued]>
[2026-06-20T05:28:01.164+0000] {taskinstance.py:2306} INFO - Starting attempt 1 of 2
[2026-06-20T05:28:01.170+0000] {taskinstance.py:2330} INFO - Executing <Task(BashOperator): feature_pipeline.feature_bronze_financials> on 2023-04-01 00:00:00+00:00
[2026-06-20T05:28:01.174+0000] {logging_mixin.py:188} WARNING - /home/***/.local/lib/python3.12/site-packages/***/task/task_runner/standard_task_runner.py:62 DeprecationWarning: This process (pid=7446) is multi-threaded, use of fork() may lead to deadlocks in the child.
[2026-06-20T05:28:01.175+0000] {standard_task_runner.py:64} INFO - Started process 7454 to run task
[2026-06-20T05:28:01.175+0000] {standard_task_runner.py:90} INFO - Running: ['***', 'tasks', 'run', 'credit_default_ml_pipeline', 'feature_pipeline.feature_bronze_financials', 'scheduled__2023-04-01T00:00:00+00:00', '--job-id', '1427', '--raw', '--subdir', 'DAGS_FOLDER/dag.py', '--cfg-path', '/tmp/tmp8p86lwxg']
[2026-06-20T05:28:01.176+0000] {standard_task_runner.py:91} INFO - Job 1427: Subtask feature_pipeline.feature_bronze_financials
[2026-06-20T05:28:01.312+0000] {task_command.py:426} INFO - Running <TaskInstance: credit_default_ml_pipeline.feature_pipeline.feature_bronze_financials scheduled__2023-04-01T00:00:00+00:00 [running]> on host 9cf341f51c89
[2026-06-20T05:28:01.343+0000] {taskinstance.py:2648} INFO - Exporting env vars: AIRFLOW_CTX_DAG_OWNER='***' AIRFLOW_CTX_DAG_ID='credit_default_ml_pipeline' AIRFLOW_CTX_TASK_ID='feature_pipeline.feature_bronze_financials' AIRFLOW_CTX_EXECUTION_DATE='2023-04-01T00:00:00+00:00' AIRFLOW_CTX_TRY_NUMBER='1' AIRFLOW_CTX_DAG_RUN_ID='scheduled__2023-04-01T00:00:00+00:00'
[2026-06-20T05:28:01.344+0000] {taskinstance.py:430} INFO - ::endgroup::
[2026-06-20T05:28:01.349+0000] {subprocess.py:63} INFO - Tmp dir root location: /tmp
[2026-06-20T05:28:01.350+0000] {subprocess.py:75} INFO - Running command: ['/usr/bin/bash', '-c', 'cd /opt/***/scripts && python3 bronze_processing.py --snapshotdate "2023-04-01" --source financials']
[2026-06-20T05:28:01.355+0000] {subprocess.py:86} INFO - Output:
[2026-06-20T05:28:02.828+0000] {subprocess.py:93} INFO - Setting default log level to "WARN".
[2026-06-20T05:28:02.829+0000] {subprocess.py:93} INFO - To adjust logging level use sc.setLogLevel(newLevel). For SparkR, use setLogLevel(newLevel).
[2026-06-20T05:28:03.012+0000] {subprocess.py:93} INFO - 26/06/20 05:28:03 WARN NativeCodeLoader: Unable to load native-hadoop library for your platform... using builtin-java classes where applicable
[2026-06-20T05:28:03.547+0000] {subprocess.py:93} INFO - 26/06/20 05:28:03 WARN Utils: Service 'SparkUI' could not bind on port 4040. Attempting port 4041.
[2026-06-20T05:28:03.548+0000] {subprocess.py:93} INFO - 26/06/20 05:28:03 WARN Utils: Service 'SparkUI' could not bind on port 4041. Attempting port 4042.
[2026-06-20T05:28:09.305+0000] {subprocess.py:93} INFO - 
[2026-06-20T05:28:09.306+0000] {subprocess.py:93} INFO - --- bronze financials 2023-04-01 ---
[2026-06-20T05:28:09.306+0000] {subprocess.py:93} INFO - 
[2026-06-20T05:28:09.307+0000] {subprocess.py:93} INFO - [bronze:financials] 2023-04-01 row count: 510
[2026-06-20T05:28:09.307+0000] {subprocess.py:93} INFO - [bronze:financials] saved to: datamart/bronze/financials/bronze_financials_2023_04_01.csv
[2026-06-20T05:28:09.308+0000] {subprocess.py:93} INFO - 
[2026-06-20T05:28:09.309+0000] {subprocess.py:93} INFO - --- done ---
[2026-06-20T05:28:09.309+0000] {subprocess.py:93} INFO - 
[2026-06-20T05:28:09.778+0000] {subprocess.py:97} INFO - Command exited with return code 0
[2026-06-20T05:28:09.779+0000] {taskinstance.py:441} INFO - ::group::Post task execution logs
[2026-06-20T05:28:09.787+0000] {taskinstance.py:1206} INFO - Marking task as SUCCESS. dag_id=credit_default_ml_pipeline, task_id=feature_pipeline.feature_bronze_financials, run_id=scheduled__2023-04-01T00:00:00+00:00, execution_date=20230401T000000, start_date=20260620T052801, end_date=20260620T052809
[2026-06-20T05:28:09.828+0000] {local_task_job_runner.py:243} INFO - Task exited with return code 0
[2026-06-20T05:28:09.840+0000] {taskinstance.py:3503} INFO - 1 downstream tasks scheduled from follow-on schedule check
[2026-06-20T05:28:09.841+0000] {local_task_job_runner.py:222} INFO - ::endgroup::
[2026-06-20T05:42:31.471+0000] {local_task_job_runner.py:120} INFO - ::group::Pre task execution logs
[2026-06-20T05:42:31.485+0000] {taskinstance.py:2076} INFO - Dependencies all met for dep_context=non-requeueable deps ti=<TaskInstance: credit_default_ml_pipeline.feature_pipeline.feature_bronze_financials scheduled__2023-04-01T00:00:00+00:00 [queued]>
[2026-06-20T05:42:31.490+0000] {taskinstance.py:2076} INFO - Dependencies all met for dep_context=requeueable deps ti=<TaskInstance: credit_default_ml_pipeline.feature_pipeline.feature_bronze_financials scheduled__2023-04-01T00:00:00+00:00 [queued]>
[2026-06-20T05:42:31.491+0000] {taskinstance.py:2306} INFO - Starting attempt 1 of 2
[2026-06-20T05:42:31.497+0000] {taskinstance.py:2330} INFO - Executing <Task(BashOperator): feature_pipeline.feature_bronze_financials> on 2023-04-01 00:00:00+00:00
[2026-06-20T05:42:31.503+0000] {logging_mixin.py:188} WARNING - /home/***/.local/lib/python3.12/site-packages/***/task/task_runner/standard_task_runner.py:62 DeprecationWarning: This process (pid=20085) is multi-threaded, use of fork() may lead to deadlocks in the child.
[2026-06-20T05:42:31.503+0000] {standard_task_runner.py:90} INFO - Running: ['***', 'tasks', 'run', 'credit_default_ml_pipeline', 'feature_pipeline.feature_bronze_financials', 'scheduled__2023-04-01T00:00:00+00:00', '--job-id', '1498', '--raw', '--subdir', 'DAGS_FOLDER/dag.py', '--cfg-path', '/tmp/tmp638ha4du']
[2026-06-20T05:42:31.504+0000] {standard_task_runner.py:64} INFO - Started process 20092 to run task
[2026-06-20T05:42:31.505+0000] {standard_task_runner.py:91} INFO - Job 1498: Subtask feature_pipeline.feature_bronze_financials
[2026-06-20T05:42:31.621+0000] {task_command.py:426} INFO - Running <TaskInstance: credit_default_ml_pipeline.feature_pipeline.feature_bronze_financials scheduled__2023-04-01T00:00:00+00:00 [running]> on host 9cf341f51c89
[2026-06-20T05:42:31.650+0000] {taskinstance.py:2648} INFO - Exporting env vars: AIRFLOW_CTX_DAG_OWNER='***' AIRFLOW_CTX_DAG_ID='credit_default_ml_pipeline' AIRFLOW_CTX_TASK_ID='feature_pipeline.feature_bronze_financials' AIRFLOW_CTX_EXECUTION_DATE='2023-04-01T00:00:00+00:00' AIRFLOW_CTX_TRY_NUMBER='1' AIRFLOW_CTX_DAG_RUN_ID='scheduled__2023-04-01T00:00:00+00:00'
[2026-06-20T05:42:31.651+0000] {taskinstance.py:430} INFO - ::endgroup::
[2026-06-20T05:42:31.655+0000] {subprocess.py:63} INFO - Tmp dir root location: /tmp
[2026-06-20T05:42:31.656+0000] {subprocess.py:75} INFO - Running command: ['/usr/bin/bash', '-c', 'cd /opt/***/scripts && python3 bronze_processing.py --snapshotdate "2023-04-01" --source financials']
[2026-06-20T05:42:31.661+0000] {subprocess.py:86} INFO - Output:
[2026-06-20T05:42:33.014+0000] {subprocess.py:93} INFO - Setting default log level to "WARN".
[2026-06-20T05:42:33.015+0000] {subprocess.py:93} INFO - To adjust logging level use sc.setLogLevel(newLevel). For SparkR, use setLogLevel(newLevel).
[2026-06-20T05:42:33.198+0000] {subprocess.py:93} INFO - 26/06/20 05:42:33 WARN NativeCodeLoader: Unable to load native-hadoop library for your platform... using builtin-java classes where applicable
[2026-06-20T05:42:33.734+0000] {subprocess.py:93} INFO - 26/06/20 05:42:33 WARN Utils: Service 'SparkUI' could not bind on port 4040. Attempting port 4041.
[2026-06-20T05:42:33.739+0000] {subprocess.py:93} INFO - 26/06/20 05:42:33 WARN Utils: Service 'SparkUI' could not bind on port 4041. Attempting port 4042.
[2026-06-20T05:42:33.741+0000] {subprocess.py:93} INFO - 26/06/20 05:42:33 WARN Utils: Service 'SparkUI' could not bind on port 4042. Attempting port 4043.
[2026-06-20T05:42:39.526+0000] {subprocess.py:93} INFO - 
[2026-06-20T05:42:39.530+0000] {subprocess.py:93} INFO - --- bronze financials 2023-04-01 ---
[2026-06-20T05:42:39.531+0000] {subprocess.py:93} INFO - 
[2026-06-20T05:42:39.532+0000] {subprocess.py:93} INFO - [bronze:financials] 2023-04-01 row count: 510
[2026-06-20T05:42:39.533+0000] {subprocess.py:93} INFO - [bronze:financials] saved to: datamart/bronze/financials/bronze_financials_2023_04_01.csv
[2026-06-20T05:42:39.534+0000] {subprocess.py:93} INFO - 
[2026-06-20T05:42:39.534+0000] {subprocess.py:93} INFO - --- done ---
[2026-06-20T05:42:39.535+0000] {subprocess.py:93} INFO - 
[2026-06-20T05:42:40.087+0000] {subprocess.py:97} INFO - Command exited with return code 0
[2026-06-20T05:42:40.088+0000] {taskinstance.py:441} INFO - ::group::Post task execution logs
[2026-06-20T05:42:40.107+0000] {taskinstance.py:1206} INFO - Marking task as SUCCESS. dag_id=credit_default_ml_pipeline, task_id=feature_pipeline.feature_bronze_financials, run_id=scheduled__2023-04-01T00:00:00+00:00, execution_date=20230401T000000, start_date=20260620T054231, end_date=20260620T054240
[2026-06-20T05:42:40.127+0000] {local_task_job_runner.py:243} INFO - Task exited with return code 0
[2026-06-20T05:42:40.143+0000] {taskinstance.py:3503} INFO - 1 downstream tasks scheduled from follow-on schedule check
[2026-06-20T05:42:40.144+0000] {local_task_job_runner.py:222} INFO - ::endgroup::
[2026-06-20T06:49:10.546+0000] {local_task_job_runner.py:120} INFO - ::group::Pre task execution logs
[2026-06-20T06:49:10.561+0000] {taskinstance.py:2076} INFO - Dependencies all met for dep_context=non-requeueable deps ti=<TaskInstance: credit_default_ml_pipeline.feature_pipeline.feature_bronze_financials scheduled__2023-04-01T00:00:00+00:00 [queued]>
[2026-06-20T06:49:10.568+0000] {taskinstance.py:2076} INFO - Dependencies all met for dep_context=requeueable deps ti=<TaskInstance: credit_default_ml_pipeline.feature_pipeline.feature_bronze_financials scheduled__2023-04-01T00:00:00+00:00 [queued]>
[2026-06-20T06:49:10.569+0000] {taskinstance.py:2306} INFO - Starting attempt 1 of 2
[2026-06-20T06:49:10.576+0000] {taskinstance.py:2330} INFO - Executing <Task(BashOperator): feature_pipeline.feature_bronze_financials> on 2023-04-01 00:00:00+00:00
[2026-06-20T06:49:10.581+0000] {standard_task_runner.py:90} INFO - Running: ['***', 'tasks', 'run', 'credit_default_ml_pipeline', 'feature_pipeline.feature_bronze_financials', 'scheduled__2023-04-01T00:00:00+00:00', '--job-id', '1810', '--raw', '--subdir', 'DAGS_FOLDER/dag.py', '--cfg-path', '/tmp/tmpexvl1p2o']
[2026-06-20T06:49:10.582+0000] {logging_mixin.py:188} WARNING - /home/***/.local/lib/python3.12/site-packages/***/task/task_runner/standard_task_runner.py:62 DeprecationWarning: This process (pid=72789) is multi-threaded, use of fork() may lead to deadlocks in the child.
[2026-06-20T06:49:10.583+0000] {standard_task_runner.py:91} INFO - Job 1810: Subtask feature_pipeline.feature_bronze_financials
[2026-06-20T06:49:10.583+0000] {standard_task_runner.py:64} INFO - Started process 72795 to run task
[2026-06-20T06:49:10.721+0000] {task_command.py:426} INFO - Running <TaskInstance: credit_default_ml_pipeline.feature_pipeline.feature_bronze_financials scheduled__2023-04-01T00:00:00+00:00 [running]> on host 9cf341f51c89
[2026-06-20T06:49:10.755+0000] {taskinstance.py:2648} INFO - Exporting env vars: AIRFLOW_CTX_DAG_OWNER='***' AIRFLOW_CTX_DAG_ID='credit_default_ml_pipeline' AIRFLOW_CTX_TASK_ID='feature_pipeline.feature_bronze_financials' AIRFLOW_CTX_EXECUTION_DATE='2023-04-01T00:00:00+00:00' AIRFLOW_CTX_TRY_NUMBER='1' AIRFLOW_CTX_DAG_RUN_ID='scheduled__2023-04-01T00:00:00+00:00'
[2026-06-20T06:49:10.756+0000] {taskinstance.py:430} INFO - ::endgroup::
[2026-06-20T06:49:10.761+0000] {subprocess.py:63} INFO - Tmp dir root location: /tmp
[2026-06-20T06:49:10.762+0000] {subprocess.py:75} INFO - Running command: ['/usr/bin/bash', '-c', 'cd /opt/***/scripts && python3 bronze_processing.py --snapshotdate "2023-04-01" --source financials']
[2026-06-20T06:49:10.768+0000] {subprocess.py:86} INFO - Output:
[2026-06-20T06:49:12.335+0000] {subprocess.py:93} INFO - Setting default log level to "WARN".
[2026-06-20T06:49:12.337+0000] {subprocess.py:93} INFO - To adjust logging level use sc.setLogLevel(newLevel). For SparkR, use setLogLevel(newLevel).
[2026-06-20T06:49:12.480+0000] {subprocess.py:93} INFO - 26/06/20 06:49:12 WARN NativeCodeLoader: Unable to load native-hadoop library for your platform... using builtin-java classes where applicable
[2026-06-20T06:49:13.136+0000] {subprocess.py:93} INFO - 26/06/20 06:49:13 WARN Utils: Service 'SparkUI' could not bind on port 4040. Attempting port 4041.
[2026-06-20T06:49:20.497+0000] {subprocess.py:93} INFO - [Stage 1:>                                                          (0 + 1) / 1]
[2026-06-20T06:49:20.499+0000] {subprocess.py:93} INFO - --- bronze financials 2023-04-01 ---
[2026-06-20T06:49:20.500+0000] {subprocess.py:93} INFO - 
[2026-06-20T06:49:20.501+0000] {subprocess.py:93} INFO - [bronze:financials] 2023-04-01 row count: 510
[2026-06-20T06:49:20.501+0000] {subprocess.py:93} INFO - [bronze:financials] saved to: datamart/bronze/financials/bronze_financials_2023_04_01.csv
[2026-06-20T06:49:20.504+0000] {subprocess.py:93} INFO - 
[2026-06-20T06:49:20.505+0000] {subprocess.py:93} INFO - --- done ---
[2026-06-20T06:49:20.510+0000] {subprocess.py:93} INFO - 
[2026-06-20T06:49:21.063+0000] {subprocess.py:97} INFO - Command exited with return code 0
[2026-06-20T06:49:21.064+0000] {taskinstance.py:441} INFO - ::group::Post task execution logs
[2026-06-20T06:49:21.085+0000] {taskinstance.py:1206} INFO - Marking task as SUCCESS. dag_id=credit_default_ml_pipeline, task_id=feature_pipeline.feature_bronze_financials, run_id=scheduled__2023-04-01T00:00:00+00:00, execution_date=20230401T000000, start_date=20260620T064910, end_date=20260620T064921
[2026-06-20T06:49:21.114+0000] {local_task_job_runner.py:243} INFO - Task exited with return code 0
[2026-06-20T06:49:21.139+0000] {taskinstance.py:3503} INFO - 1 downstream tasks scheduled from follow-on schedule check
[2026-06-20T06:49:21.140+0000] {local_task_job_runner.py:222} INFO - ::endgroup::
[2026-06-20T07:17:21.669+0000] {local_task_job_runner.py:120} INFO - ::group::Pre task execution logs
[2026-06-20T07:17:21.681+0000] {taskinstance.py:2076} INFO - Dependencies all met for dep_context=non-requeueable deps ti=<TaskInstance: credit_default_ml_pipeline.feature_pipeline.feature_bronze_financials scheduled__2023-04-01T00:00:00+00:00 [queued]>
[2026-06-20T07:17:21.685+0000] {taskinstance.py:2076} INFO - Dependencies all met for dep_context=requeueable deps ti=<TaskInstance: credit_default_ml_pipeline.feature_pipeline.feature_bronze_financials scheduled__2023-04-01T00:00:00+00:00 [queued]>
[2026-06-20T07:17:21.685+0000] {taskinstance.py:2306} INFO - Starting attempt 1 of 2
[2026-06-20T07:17:21.693+0000] {taskinstance.py:2330} INFO - Executing <Task(BashOperator): feature_pipeline.feature_bronze_financials> on 2023-04-01 00:00:00+00:00
[2026-06-20T07:17:21.697+0000] {logging_mixin.py:188} WARNING - /home/***/.local/lib/python3.12/site-packages/***/task/task_runner/standard_task_runner.py:62 DeprecationWarning: This process (pid=4273) is multi-threaded, use of fork() may lead to deadlocks in the child.
[2026-06-20T07:17:21.697+0000] {standard_task_runner.py:90} INFO - Running: ['***', 'tasks', 'run', 'credit_default_ml_pipeline', 'feature_pipeline.feature_bronze_financials', 'scheduled__2023-04-01T00:00:00+00:00', '--job-id', '1992', '--raw', '--subdir', 'DAGS_FOLDER/dag.py', '--cfg-path', '/tmp/tmpu8_xm22z']
[2026-06-20T07:17:21.698+0000] {standard_task_runner.py:64} INFO - Started process 4278 to run task
[2026-06-20T07:17:21.699+0000] {standard_task_runner.py:91} INFO - Job 1992: Subtask feature_pipeline.feature_bronze_financials
[2026-06-20T07:17:21.825+0000] {task_command.py:426} INFO - Running <TaskInstance: credit_default_ml_pipeline.feature_pipeline.feature_bronze_financials scheduled__2023-04-01T00:00:00+00:00 [running]> on host 9cf341f51c89
[2026-06-20T07:17:21.854+0000] {taskinstance.py:2648} INFO - Exporting env vars: AIRFLOW_CTX_DAG_OWNER='***' AIRFLOW_CTX_DAG_ID='credit_default_ml_pipeline' AIRFLOW_CTX_TASK_ID='feature_pipeline.feature_bronze_financials' AIRFLOW_CTX_EXECUTION_DATE='2023-04-01T00:00:00+00:00' AIRFLOW_CTX_TRY_NUMBER='1' AIRFLOW_CTX_DAG_RUN_ID='scheduled__2023-04-01T00:00:00+00:00'
[2026-06-20T07:17:21.854+0000] {taskinstance.py:430} INFO - ::endgroup::
[2026-06-20T07:17:21.859+0000] {subprocess.py:63} INFO - Tmp dir root location: /tmp
[2026-06-20T07:17:21.859+0000] {subprocess.py:75} INFO - Running command: ['/usr/bin/bash', '-c', 'cd /opt/***/scripts && python3 bronze_processing.py --snapshotdate "2023-04-01" --source financials']
[2026-06-20T07:17:21.865+0000] {subprocess.py:86} INFO - Output:
[2026-06-20T07:17:23.383+0000] {subprocess.py:93} INFO - Setting default log level to "WARN".
[2026-06-20T07:17:23.384+0000] {subprocess.py:93} INFO - To adjust logging level use sc.setLogLevel(newLevel). For SparkR, use setLogLevel(newLevel).
[2026-06-20T07:17:23.534+0000] {subprocess.py:93} INFO - 26/06/20 07:17:23 WARN NativeCodeLoader: Unable to load native-hadoop library for your platform... using builtin-java classes where applicable
[2026-06-20T07:17:24.152+0000] {subprocess.py:93} INFO - 26/06/20 07:17:24 WARN Utils: Service 'SparkUI' could not bind on port 4040. Attempting port 4041.
[2026-06-20T07:17:32.455+0000] {subprocess.py:93} INFO - [Stage 1:>                                                          (0 + 1) / 1]
[2026-06-20T07:17:32.462+0000] {subprocess.py:93} INFO - --- bronze financials 2023-04-01 ---
[2026-06-20T07:17:32.463+0000] {subprocess.py:93} INFO - 
[2026-06-20T07:17:32.465+0000] {subprocess.py:93} INFO - [bronze:financials] 2023-04-01 row count: 510
[2026-06-20T07:17:32.467+0000] {subprocess.py:93} INFO - [bronze:financials] saved to: datamart/bronze/financials/bronze_financials_2023_04_01.csv
[2026-06-20T07:17:32.468+0000] {subprocess.py:93} INFO - 
[2026-06-20T07:17:32.469+0000] {subprocess.py:93} INFO - --- done ---
[2026-06-20T07:17:32.469+0000] {subprocess.py:93} INFO - 
[2026-06-20T07:17:33.005+0000] {subprocess.py:97} INFO - Command exited with return code 0
[2026-06-20T07:17:33.008+0000] {taskinstance.py:441} INFO - ::group::Post task execution logs
[2026-06-20T07:17:33.062+0000] {taskinstance.py:1206} INFO - Marking task as SUCCESS. dag_id=credit_default_ml_pipeline, task_id=feature_pipeline.feature_bronze_financials, run_id=scheduled__2023-04-01T00:00:00+00:00, execution_date=20230401T000000, start_date=20260620T071721, end_date=20260620T071733
[2026-06-20T07:17:33.092+0000] {local_task_job_runner.py:243} INFO - Task exited with return code 0
[2026-06-20T07:17:33.122+0000] {taskinstance.py:3503} INFO - 1 downstream tasks scheduled from follow-on schedule check
[2026-06-20T07:17:33.124+0000] {local_task_job_runner.py:222} INFO - ::endgroup::
[2026-06-20T15:20:07.869+0000] {local_task_job_runner.py:120} INFO - ::group::Pre task execution logs
[2026-06-20T15:20:07.885+0000] {taskinstance.py:2076} INFO - Dependencies all met for dep_context=non-requeueable deps ti=<TaskInstance: credit_default_ml_pipeline.feature_pipeline.feature_bronze_financials scheduled__2023-04-01T00:00:00+00:00 [queued]>
[2026-06-20T15:20:07.891+0000] {taskinstance.py:2076} INFO - Dependencies all met for dep_context=requeueable deps ti=<TaskInstance: credit_default_ml_pipeline.feature_pipeline.feature_bronze_financials scheduled__2023-04-01T00:00:00+00:00 [queued]>
[2026-06-20T15:20:07.893+0000] {taskinstance.py:2306} INFO - Starting attempt 1 of 2
[2026-06-20T15:20:07.905+0000] {taskinstance.py:2330} INFO - Executing <Task(BashOperator): feature_pipeline.feature_bronze_financials> on 2023-04-01 00:00:00+00:00
[2026-06-20T15:20:07.911+0000] {standard_task_runner.py:90} INFO - Running: ['***', 'tasks', 'run', 'credit_default_ml_pipeline', 'feature_pipeline.feature_bronze_financials', 'scheduled__2023-04-01T00:00:00+00:00', '--job-id', '2463', '--raw', '--subdir', 'DAGS_FOLDER/dag.py', '--cfg-path', '/tmp/tmpm4e56z2i']
[2026-06-20T15:20:07.913+0000] {logging_mixin.py:188} WARNING - /home/***/.local/lib/python3.12/site-packages/***/task/task_runner/standard_task_runner.py:62 DeprecationWarning: This process (pid=91333) is multi-threaded, use of fork() may lead to deadlocks in the child.
[2026-06-20T15:20:07.915+0000] {standard_task_runner.py:91} INFO - Job 2463: Subtask feature_pipeline.feature_bronze_financials
[2026-06-20T15:20:07.916+0000] {standard_task_runner.py:64} INFO - Started process 91339 to run task
[2026-06-20T15:20:08.050+0000] {task_command.py:426} INFO - Running <TaskInstance: credit_default_ml_pipeline.feature_pipeline.feature_bronze_financials scheduled__2023-04-01T00:00:00+00:00 [running]> on host 9cf341f51c89
[2026-06-20T15:20:08.088+0000] {taskinstance.py:2648} INFO - Exporting env vars: AIRFLOW_CTX_DAG_OWNER='***' AIRFLOW_CTX_DAG_ID='credit_default_ml_pipeline' AIRFLOW_CTX_TASK_ID='feature_pipeline.feature_bronze_financials' AIRFLOW_CTX_EXECUTION_DATE='2023-04-01T00:00:00+00:00' AIRFLOW_CTX_TRY_NUMBER='1' AIRFLOW_CTX_DAG_RUN_ID='scheduled__2023-04-01T00:00:00+00:00'
[2026-06-20T15:20:08.089+0000] {taskinstance.py:430} INFO - ::endgroup::
[2026-06-20T15:20:08.094+0000] {subprocess.py:63} INFO - Tmp dir root location: /tmp
[2026-06-20T15:20:08.096+0000] {subprocess.py:75} INFO - Running command: ['/usr/bin/bash', '-c', 'cd /opt/***/scripts && python3 bronze_processing.py --snapshotdate "2023-04-01" --source financials']
[2026-06-20T15:20:08.101+0000] {subprocess.py:86} INFO - Output:
[2026-06-20T15:20:09.574+0000] {subprocess.py:93} INFO - Setting default log level to "WARN".
[2026-06-20T15:20:09.576+0000] {subprocess.py:93} INFO - To adjust logging level use sc.setLogLevel(newLevel). For SparkR, use setLogLevel(newLevel).
[2026-06-20T15:20:09.718+0000] {subprocess.py:93} INFO - 26/06/20 15:20:09 WARN NativeCodeLoader: Unable to load native-hadoop library for your platform... using builtin-java classes where applicable
[2026-06-20T15:20:10.236+0000] {subprocess.py:93} INFO - 26/06/20 15:20:10 WARN Utils: Service 'SparkUI' could not bind on port 4040. Attempting port 4041.
[2026-06-20T15:20:16.499+0000] {subprocess.py:93} INFO - 
[2026-06-20T15:20:16.501+0000] {subprocess.py:93} INFO - --- bronze financials 2023-04-01 ---
[2026-06-20T15:20:16.502+0000] {subprocess.py:93} INFO - 
[2026-06-20T15:20:16.502+0000] {subprocess.py:93} INFO - [bronze:financials] 2023-04-01 row count: 510
[2026-06-20T15:20:16.503+0000] {subprocess.py:93} INFO - [bronze:financials] saved to: datamart/bronze/financials/bronze_financials_2023_04_01.csv
[2026-06-20T15:20:16.503+0000] {subprocess.py:93} INFO - 
[2026-06-20T15:20:16.503+0000] {subprocess.py:93} INFO - --- done ---
[2026-06-20T15:20:16.504+0000] {subprocess.py:93} INFO - 
[2026-06-20T15:20:16.958+0000] {subprocess.py:97} INFO - Command exited with return code 0
[2026-06-20T15:20:16.960+0000] {taskinstance.py:441} INFO - ::group::Post task execution logs
[2026-06-20T15:20:16.984+0000] {taskinstance.py:1206} INFO - Marking task as SUCCESS. dag_id=credit_default_ml_pipeline, task_id=feature_pipeline.feature_bronze_financials, run_id=scheduled__2023-04-01T00:00:00+00:00, execution_date=20230401T000000, start_date=20260620T152007, end_date=20260620T152016
[2026-06-20T15:20:17.008+0000] {local_task_job_runner.py:243} INFO - Task exited with return code 0
[2026-06-20T15:20:17.026+0000] {taskinstance.py:3503} INFO - 1 downstream tasks scheduled from follow-on schedule check
[2026-06-20T15:20:17.029+0000] {local_task_job_runner.py:222} INFO - ::endgroup::
[2026-06-20T16:58:48.070+0000] {local_task_job_runner.py:120} INFO - ::group::Pre task execution logs
[2026-06-20T16:58:48.092+0000] {taskinstance.py:2076} INFO - Dependencies all met for dep_context=non-requeueable deps ti=<TaskInstance: credit_default_ml_pipeline.feature_pipeline.feature_bronze_financials scheduled__2023-04-01T00:00:00+00:00 [queued]>
[2026-06-20T16:58:48.098+0000] {taskinstance.py:2076} INFO - Dependencies all met for dep_context=requeueable deps ti=<TaskInstance: credit_default_ml_pipeline.feature_pipeline.feature_bronze_financials scheduled__2023-04-01T00:00:00+00:00 [queued]>
[2026-06-20T16:58:48.100+0000] {taskinstance.py:2306} INFO - Starting attempt 1 of 2
[2026-06-20T16:58:48.109+0000] {taskinstance.py:2330} INFO - Executing <Task(BashOperator): feature_pipeline.feature_bronze_financials> on 2023-04-01 00:00:00+00:00
[2026-06-20T16:58:48.113+0000] {logging_mixin.py:188} WARNING - /home/***/.local/lib/python3.12/site-packages/***/task/task_runner/standard_task_runner.py:62 DeprecationWarning: This process (pid=76417) is multi-threaded, use of fork() may lead to deadlocks in the child.
[2026-06-20T16:58:48.115+0000] {standard_task_runner.py:64} INFO - Started process 76426 to run task
[2026-06-20T16:58:48.115+0000] {standard_task_runner.py:90} INFO - Running: ['***', 'tasks', 'run', 'credit_default_ml_pipeline', 'feature_pipeline.feature_bronze_financials', 'scheduled__2023-04-01T00:00:00+00:00', '--job-id', '2953', '--raw', '--subdir', 'DAGS_FOLDER/dag.py', '--cfg-path', '/tmp/tmp30zfah6a']
[2026-06-20T16:58:48.117+0000] {standard_task_runner.py:91} INFO - Job 2953: Subtask feature_pipeline.feature_bronze_financials
[2026-06-20T16:58:48.281+0000] {task_command.py:426} INFO - Running <TaskInstance: credit_default_ml_pipeline.feature_pipeline.feature_bronze_financials scheduled__2023-04-01T00:00:00+00:00 [running]> on host 9cf341f51c89
[2026-06-20T16:58:48.324+0000] {taskinstance.py:2648} INFO - Exporting env vars: AIRFLOW_CTX_DAG_OWNER='***' AIRFLOW_CTX_DAG_ID='credit_default_ml_pipeline' AIRFLOW_CTX_TASK_ID='feature_pipeline.feature_bronze_financials' AIRFLOW_CTX_EXECUTION_DATE='2023-04-01T00:00:00+00:00' AIRFLOW_CTX_TRY_NUMBER='1' AIRFLOW_CTX_DAG_RUN_ID='scheduled__2023-04-01T00:00:00+00:00'
[2026-06-20T16:58:48.325+0000] {taskinstance.py:430} INFO - ::endgroup::
[2026-06-20T16:58:48.330+0000] {subprocess.py:63} INFO - Tmp dir root location: /tmp
[2026-06-20T16:58:48.331+0000] {subprocess.py:75} INFO - Running command: ['/usr/bin/bash', '-c', 'cd /opt/***/scripts && python3 bronze_processing.py --snapshotdate "2023-04-01" --source financials']
[2026-06-20T16:58:48.337+0000] {subprocess.py:86} INFO - Output:
[2026-06-20T16:58:50.348+0000] {subprocess.py:93} INFO - Setting default log level to "WARN".
[2026-06-20T16:58:50.350+0000] {subprocess.py:93} INFO - To adjust logging level use sc.setLogLevel(newLevel). For SparkR, use setLogLevel(newLevel).
[2026-06-20T16:58:50.509+0000] {subprocess.py:93} INFO - 26/06/20 16:58:50 WARN NativeCodeLoader: Unable to load native-hadoop library for your platform... using builtin-java classes where applicable
[2026-06-20T16:58:51.256+0000] {subprocess.py:93} INFO - 26/06/20 16:58:51 WARN Utils: Service 'SparkUI' could not bind on port 4040. Attempting port 4041.
[2026-06-20T16:58:51.261+0000] {subprocess.py:93} INFO - 26/06/20 16:58:51 WARN Utils: Service 'SparkUI' could not bind on port 4041. Attempting port 4042.
[2026-06-20T16:58:51.262+0000] {subprocess.py:93} INFO - 26/06/20 16:58:51 WARN Utils: Service 'SparkUI' could not bind on port 4042. Attempting port 4043.
[2026-06-20T16:59:01.136+0000] {subprocess.py:93} INFO - [Stage 1:>                                                          (0 + 1) / 1]                                                                                [Stage 2:>                                                          (0 + 1) / 1]
[2026-06-20T16:59:01.141+0000] {subprocess.py:93} INFO - --- bronze financials 2023-04-01 ---
[2026-06-20T16:59:01.142+0000] {subprocess.py:93} INFO - 
[2026-06-20T16:59:01.144+0000] {subprocess.py:93} INFO - [bronze:financials] 2023-04-01 row count: 510
[2026-06-20T16:59:01.145+0000] {subprocess.py:93} INFO - [bronze:financials] saved to: datamart/bronze/financials/bronze_financials_2023_04_01.csv
[2026-06-20T16:59:01.145+0000] {subprocess.py:93} INFO - 
[2026-06-20T16:59:01.147+0000] {subprocess.py:93} INFO - --- done ---
[2026-06-20T16:59:01.149+0000] {subprocess.py:93} INFO - 
[2026-06-20T16:59:01.652+0000] {subprocess.py:97} INFO - Command exited with return code 0
[2026-06-20T16:59:01.668+0000] {taskinstance.py:441} INFO - ::group::Post task execution logs
[2026-06-20T16:59:01.725+0000] {taskinstance.py:1206} INFO - Marking task as SUCCESS. dag_id=credit_default_ml_pipeline, task_id=feature_pipeline.feature_bronze_financials, run_id=scheduled__2023-04-01T00:00:00+00:00, execution_date=20230401T000000, start_date=20260620T165848, end_date=20260620T165901
[2026-06-20T16:59:01.763+0000] {local_task_job_runner.py:243} INFO - Task exited with return code 0
[2026-06-20T16:59:01.803+0000] {taskinstance.py:3503} INFO - 1 downstream tasks scheduled from follow-on schedule check
[2026-06-20T16:59:01.806+0000] {local_task_job_runner.py:222} INFO - ::endgroup::
[2026-06-20T17:10:40.355+0000] {local_task_job_runner.py:120} INFO - ::group::Pre task execution logs
[2026-06-20T17:10:40.368+0000] {taskinstance.py:2076} INFO - Dependencies all met for dep_context=non-requeueable deps ti=<TaskInstance: credit_default_ml_pipeline.feature_pipeline.feature_bronze_financials scheduled__2023-04-01T00:00:00+00:00 [queued]>
[2026-06-20T17:10:40.372+0000] {taskinstance.py:2076} INFO - Dependencies all met for dep_context=requeueable deps ti=<TaskInstance: credit_default_ml_pipeline.feature_pipeline.feature_bronze_financials scheduled__2023-04-01T00:00:00+00:00 [queued]>
[2026-06-20T17:10:40.373+0000] {taskinstance.py:2306} INFO - Starting attempt 1 of 2
[2026-06-20T17:10:40.477+0000] {taskinstance.py:2330} INFO - Executing <Task(BashOperator): feature_pipeline.feature_bronze_financials> on 2023-04-01 00:00:00+00:00
[2026-06-20T17:10:40.483+0000] {logging_mixin.py:188} WARNING - /home/***/.local/lib/python3.12/site-packages/***/task/task_runner/standard_task_runner.py:62 DeprecationWarning: This process (pid=9291) is multi-threaded, use of fork() may lead to deadlocks in the child.
[2026-06-20T17:10:40.485+0000] {standard_task_runner.py:64} INFO - Started process 9301 to run task
[2026-06-20T17:10:40.483+0000] {standard_task_runner.py:90} INFO - Running: ['***', 'tasks', 'run', 'credit_default_ml_pipeline', 'feature_pipeline.feature_bronze_financials', 'scheduled__2023-04-01T00:00:00+00:00', '--job-id', '3041', '--raw', '--subdir', 'DAGS_FOLDER/dag.py', '--cfg-path', '/tmp/tmps7uxbng8']
[2026-06-20T17:10:40.486+0000] {standard_task_runner.py:91} INFO - Job 3041: Subtask feature_pipeline.feature_bronze_financials
[2026-06-20T17:10:40.514+0000] {task_command.py:426} INFO - Running <TaskInstance: credit_default_ml_pipeline.feature_pipeline.feature_bronze_financials scheduled__2023-04-01T00:00:00+00:00 [running]> on host 9cf341f51c89
[2026-06-20T17:10:40.550+0000] {taskinstance.py:2648} INFO - Exporting env vars: AIRFLOW_CTX_DAG_OWNER='***' AIRFLOW_CTX_DAG_ID='credit_default_ml_pipeline' AIRFLOW_CTX_TASK_ID='feature_pipeline.feature_bronze_financials' AIRFLOW_CTX_EXECUTION_DATE='2023-04-01T00:00:00+00:00' AIRFLOW_CTX_TRY_NUMBER='1' AIRFLOW_CTX_DAG_RUN_ID='scheduled__2023-04-01T00:00:00+00:00'
[2026-06-20T17:10:40.551+0000] {taskinstance.py:430} INFO - ::endgroup::
[2026-06-20T17:10:40.556+0000] {subprocess.py:63} INFO - Tmp dir root location: /tmp
[2026-06-20T17:10:40.557+0000] {subprocess.py:75} INFO - Running command: ['/usr/bin/bash', '-c', 'cd /opt/***/scripts && python3 bronze_processing.py --snapshotdate "2023-04-01" --source financials']
[2026-06-20T17:10:40.562+0000] {subprocess.py:86} INFO - Output:
[2026-06-20T17:10:42.035+0000] {subprocess.py:93} INFO - Setting default log level to "WARN".
[2026-06-20T17:10:42.038+0000] {subprocess.py:93} INFO - To adjust logging level use sc.setLogLevel(newLevel). For SparkR, use setLogLevel(newLevel).
[2026-06-20T17:10:42.222+0000] {subprocess.py:93} INFO - 26/06/20 17:10:42 WARN NativeCodeLoader: Unable to load native-hadoop library for your platform... using builtin-java classes where applicable
[2026-06-20T17:10:42.785+0000] {subprocess.py:93} INFO - 26/06/20 17:10:42 WARN Utils: Service 'SparkUI' could not bind on port 4040. Attempting port 4041.
[2026-06-20T17:10:42.786+0000] {subprocess.py:93} INFO - 26/06/20 17:10:42 WARN Utils: Service 'SparkUI' could not bind on port 4041. Attempting port 4042.
[2026-06-20T17:10:49.018+0000] {subprocess.py:93} INFO - [Stage 1:>                                                          (0 + 1) / 1]
[2026-06-20T17:10:49.020+0000] {subprocess.py:93} INFO - --- bronze financials 2023-04-01 ---
[2026-06-20T17:10:49.020+0000] {subprocess.py:93} INFO - 
[2026-06-20T17:10:49.020+0000] {subprocess.py:93} INFO - [bronze:financials] 2023-04-01 row count: 510
[2026-06-20T17:10:49.020+0000] {subprocess.py:93} INFO - [bronze:financials] saved to: datamart/bronze/financials/bronze_financials_2023_04_01.csv
[2026-06-20T17:10:49.021+0000] {subprocess.py:93} INFO - 
[2026-06-20T17:10:49.021+0000] {subprocess.py:93} INFO - --- done ---
[2026-06-20T17:10:49.021+0000] {subprocess.py:93} INFO - 
[2026-06-20T17:10:49.479+0000] {subprocess.py:97} INFO - Command exited with return code 0
[2026-06-20T17:10:49.481+0000] {taskinstance.py:441} INFO - ::group::Post task execution logs
[2026-06-20T17:10:49.494+0000] {taskinstance.py:1206} INFO - Marking task as SUCCESS. dag_id=credit_default_ml_pipeline, task_id=feature_pipeline.feature_bronze_financials, run_id=scheduled__2023-04-01T00:00:00+00:00, execution_date=20230401T000000, start_date=20260620T171040, end_date=20260620T171049
[2026-06-20T17:10:49.525+0000] {local_task_job_runner.py:243} INFO - Task exited with return code 0
[2026-06-20T17:10:49.541+0000] {taskinstance.py:3503} INFO - 1 downstream tasks scheduled from follow-on schedule check
[2026-06-20T17:10:49.542+0000] {local_task_job_runner.py:222} INFO - ::endgroup::
[2026-06-21T01:36:11.440+0000] {local_task_job_runner.py:120} INFO - ::group::Pre task execution logs
[2026-06-21T01:36:11.453+0000] {taskinstance.py:2076} INFO - Dependencies all met for dep_context=non-requeueable deps ti=<TaskInstance: credit_default_ml_pipeline.feature_pipeline.feature_bronze_financials scheduled__2023-04-01T00:00:00+00:00 [queued]>
[2026-06-21T01:36:11.456+0000] {taskinstance.py:2076} INFO - Dependencies all met for dep_context=requeueable deps ti=<TaskInstance: credit_default_ml_pipeline.feature_pipeline.feature_bronze_financials scheduled__2023-04-01T00:00:00+00:00 [queued]>
[2026-06-21T01:36:11.457+0000] {taskinstance.py:2306} INFO - Starting attempt 1 of 2
[2026-06-21T01:36:11.461+0000] {taskinstance.py:2330} INFO - Executing <Task(BashOperator): feature_pipeline.feature_bronze_financials> on 2023-04-01 00:00:00+00:00
[2026-06-21T01:36:11.465+0000] {logging_mixin.py:188} WARNING - /home/***/.local/lib/python3.12/site-packages/***/task/task_runner/standard_task_runner.py:62 DeprecationWarning: This process (pid=9904) is multi-threaded, use of fork() may lead to deadlocks in the child.
[2026-06-21T01:36:11.466+0000] {standard_task_runner.py:64} INFO - Started process 9912 to run task
[2026-06-21T01:36:11.465+0000] {standard_task_runner.py:90} INFO - Running: ['***', 'tasks', 'run', 'credit_default_ml_pipeline', 'feature_pipeline.feature_bronze_financials', 'scheduled__2023-04-01T00:00:00+00:00', '--job-id', '3505', '--raw', '--subdir', 'DAGS_FOLDER/dag.py', '--cfg-path', '/tmp/tmpld8wverz']
[2026-06-21T01:36:11.467+0000] {standard_task_runner.py:91} INFO - Job 3505: Subtask feature_pipeline.feature_bronze_financials
[2026-06-21T01:36:11.491+0000] {task_command.py:426} INFO - Running <TaskInstance: credit_default_ml_pipeline.feature_pipeline.feature_bronze_financials scheduled__2023-04-01T00:00:00+00:00 [running]> on host f6e9e2801916
[2026-06-21T01:36:11.620+0000] {taskinstance.py:2648} INFO - Exporting env vars: AIRFLOW_CTX_DAG_OWNER='***' AIRFLOW_CTX_DAG_ID='credit_default_ml_pipeline' AIRFLOW_CTX_TASK_ID='feature_pipeline.feature_bronze_financials' AIRFLOW_CTX_EXECUTION_DATE='2023-04-01T00:00:00+00:00' AIRFLOW_CTX_TRY_NUMBER='1' AIRFLOW_CTX_DAG_RUN_ID='scheduled__2023-04-01T00:00:00+00:00'
[2026-06-21T01:36:11.623+0000] {taskinstance.py:430} INFO - ::endgroup::
[2026-06-21T01:36:11.627+0000] {subprocess.py:63} INFO - Tmp dir root location: /tmp
[2026-06-21T01:36:11.628+0000] {subprocess.py:75} INFO - Running command: ['/usr/bin/bash', '-c', 'cd /opt/***/scripts && python3 bronze_processing.py --snapshotdate "2023-04-01" --source financials']
[2026-06-21T01:36:11.634+0000] {subprocess.py:86} INFO - Output:
[2026-06-21T01:36:13.079+0000] {subprocess.py:93} INFO - Setting default log level to "WARN".
[2026-06-21T01:36:13.080+0000] {subprocess.py:93} INFO - To adjust logging level use sc.setLogLevel(newLevel). For SparkR, use setLogLevel(newLevel).
[2026-06-21T01:36:13.236+0000] {subprocess.py:93} INFO - 26/06/21 01:36:13 WARN NativeCodeLoader: Unable to load native-hadoop library for your platform... using builtin-java classes where applicable
[2026-06-21T01:36:13.827+0000] {subprocess.py:93} INFO - 26/06/21 01:36:13 WARN Utils: Service 'SparkUI' could not bind on port 4040. Attempting port 4041.
[2026-06-21T01:36:13.830+0000] {subprocess.py:93} INFO - 26/06/21 01:36:13 WARN Utils: Service 'SparkUI' could not bind on port 4041. Attempting port 4042.
[2026-06-21T01:36:13.831+0000] {subprocess.py:93} INFO - 26/06/21 01:36:13 WARN Utils: Service 'SparkUI' could not bind on port 4042. Attempting port 4043.
[2026-06-21T01:36:20.089+0000] {subprocess.py:93} INFO - 
[2026-06-21T01:36:20.091+0000] {subprocess.py:93} INFO - --- bronze financials 2023-04-01 ---
[2026-06-21T01:36:20.092+0000] {subprocess.py:93} INFO - 
[2026-06-21T01:36:20.093+0000] {subprocess.py:93} INFO - [bronze:financials] 2023-04-01 row count: 510
[2026-06-21T01:36:20.095+0000] {subprocess.py:93} INFO - [bronze:financials] saved to: datamart/bronze/financials/bronze_financials_2023_04_01.csv
[2026-06-21T01:36:20.096+0000] {subprocess.py:93} INFO - 
[2026-06-21T01:36:20.106+0000] {subprocess.py:93} INFO - --- done ---
[2026-06-21T01:36:20.109+0000] {subprocess.py:93} INFO - 
[2026-06-21T01:36:20.605+0000] {subprocess.py:97} INFO - Command exited with return code 0
[2026-06-21T01:36:20.606+0000] {taskinstance.py:441} INFO - ::group::Post task execution logs
[2026-06-21T01:36:20.626+0000] {taskinstance.py:1206} INFO - Marking task as SUCCESS. dag_id=credit_default_ml_pipeline, task_id=feature_pipeline.feature_bronze_financials, run_id=scheduled__2023-04-01T00:00:00+00:00, execution_date=20230401T000000, start_date=20260621T013611, end_date=20260621T013620
[2026-06-21T01:36:20.668+0000] {local_task_job_runner.py:243} INFO - Task exited with return code 0
[2026-06-21T01:36:20.673+0000] {local_task_job_runner.py:222} INFO - ::endgroup::
[2026-06-21T05:30:36.088+0000] {local_task_job_runner.py:120} INFO - ::group::Pre task execution logs
[2026-06-21T05:30:36.107+0000] {taskinstance.py:2076} INFO - Dependencies all met for dep_context=non-requeueable deps ti=<TaskInstance: credit_default_ml_pipeline.feature_pipeline.feature_bronze_financials scheduled__2023-04-01T00:00:00+00:00 [queued]>
[2026-06-21T05:30:36.112+0000] {taskinstance.py:2076} INFO - Dependencies all met for dep_context=requeueable deps ti=<TaskInstance: credit_default_ml_pipeline.feature_pipeline.feature_bronze_financials scheduled__2023-04-01T00:00:00+00:00 [queued]>
[2026-06-21T05:30:36.113+0000] {taskinstance.py:2306} INFO - Starting attempt 1 of 2
[2026-06-21T05:30:36.122+0000] {taskinstance.py:2330} INFO - Executing <Task(BashOperator): feature_pipeline.feature_bronze_financials> on 2023-04-01 00:00:00+00:00
[2026-06-21T05:30:36.131+0000] {logging_mixin.py:188} WARNING - /home/***/.local/lib/python3.12/site-packages/***/task/task_runner/standard_task_runner.py:62 DeprecationWarning: This process (pid=9597) is multi-threaded, use of fork() may lead to deadlocks in the child.
[2026-06-21T05:30:36.132+0000] {standard_task_runner.py:64} INFO - Started process 9604 to run task
[2026-06-21T05:30:36.131+0000] {standard_task_runner.py:90} INFO - Running: ['***', 'tasks', 'run', 'credit_default_ml_pipeline', 'feature_pipeline.feature_bronze_financials', 'scheduled__2023-04-01T00:00:00+00:00', '--job-id', '3967', '--raw', '--subdir', 'DAGS_FOLDER/dag.py', '--cfg-path', '/tmp/tmp0771x8m2']
[2026-06-21T05:30:36.134+0000] {standard_task_runner.py:91} INFO - Job 3967: Subtask feature_pipeline.feature_bronze_financials
[2026-06-21T05:30:36.272+0000] {task_command.py:426} INFO - Running <TaskInstance: credit_default_ml_pipeline.feature_pipeline.feature_bronze_financials scheduled__2023-04-01T00:00:00+00:00 [running]> on host 9377a3f0491f
[2026-06-21T05:30:36.306+0000] {taskinstance.py:2648} INFO - Exporting env vars: AIRFLOW_CTX_DAG_OWNER='***' AIRFLOW_CTX_DAG_ID='credit_default_ml_pipeline' AIRFLOW_CTX_TASK_ID='feature_pipeline.feature_bronze_financials' AIRFLOW_CTX_EXECUTION_DATE='2023-04-01T00:00:00+00:00' AIRFLOW_CTX_TRY_NUMBER='1' AIRFLOW_CTX_DAG_RUN_ID='scheduled__2023-04-01T00:00:00+00:00'
[2026-06-21T05:30:36.307+0000] {taskinstance.py:430} INFO - ::endgroup::
[2026-06-21T05:30:36.314+0000] {subprocess.py:63} INFO - Tmp dir root location: /tmp
[2026-06-21T05:30:36.315+0000] {subprocess.py:75} INFO - Running command: ['/usr/bin/bash', '-c', 'cd /opt/***/scripts && python3 bronze_processing.py --snapshotdate "2023-04-01" --source financials']
[2026-06-21T05:30:36.320+0000] {subprocess.py:86} INFO - Output:
[2026-06-21T05:30:37.994+0000] {subprocess.py:93} INFO - Setting default log level to "WARN".
[2026-06-21T05:30:37.995+0000] {subprocess.py:93} INFO - To adjust logging level use sc.setLogLevel(newLevel). For SparkR, use setLogLevel(newLevel).
[2026-06-21T05:30:38.120+0000] {subprocess.py:93} INFO - 26/06/21 05:30:38 WARN NativeCodeLoader: Unable to load native-hadoop library for your platform... using builtin-java classes where applicable
[2026-06-21T05:30:38.690+0000] {subprocess.py:93} INFO - 26/06/21 05:30:38 WARN Utils: Service 'SparkUI' could not bind on port 4040. Attempting port 4041.
[2026-06-21T05:30:44.453+0000] {subprocess.py:93} INFO - 
[2026-06-21T05:30:44.458+0000] {subprocess.py:93} INFO - --- bronze financials 2023-04-01 ---
[2026-06-21T05:30:44.461+0000] {subprocess.py:93} INFO - 
[2026-06-21T05:30:44.464+0000] {subprocess.py:93} INFO - [bronze:financials] 2023-04-01 row count: 510
[2026-06-21T05:30:44.465+0000] {subprocess.py:93} INFO - [bronze:financials] saved to: datamart/bronze/financials/bronze_financials_2023_04_01.csv
[2026-06-21T05:30:44.467+0000] {subprocess.py:93} INFO - 
[2026-06-21T05:30:44.468+0000] {subprocess.py:93} INFO - --- done ---
[2026-06-21T05:30:44.468+0000] {subprocess.py:93} INFO - 
[2026-06-21T05:30:45.066+0000] {subprocess.py:97} INFO - Command exited with return code 0
[2026-06-21T05:30:45.069+0000] {taskinstance.py:441} INFO - ::group::Post task execution logs
[2026-06-21T05:30:45.104+0000] {taskinstance.py:1206} INFO - Marking task as SUCCESS. dag_id=credit_default_ml_pipeline, task_id=feature_pipeline.feature_bronze_financials, run_id=scheduled__2023-04-01T00:00:00+00:00, execution_date=20230401T000000, start_date=20260621T053036, end_date=20260621T053045
[2026-06-21T05:30:45.131+0000] {local_task_job_runner.py:243} INFO - Task exited with return code 0
[2026-06-21T05:30:45.164+0000] {taskinstance.py:3503} INFO - 1 downstream tasks scheduled from follow-on schedule check
[2026-06-21T05:30:45.167+0000] {local_task_job_runner.py:222} INFO - ::endgroup::
[2026-06-25T17:25:37.372+0000] {local_task_job_runner.py:120} INFO - ::group::Pre task execution logs
[2026-06-25T17:25:37.389+0000] {taskinstance.py:2076} INFO - Dependencies all met for dep_context=non-requeueable deps ti=<TaskInstance: credit_default_ml_pipeline.feature_pipeline.feature_bronze_financials scheduled__2023-04-01T00:00:00+00:00 [queued]>
[2026-06-25T17:25:37.395+0000] {taskinstance.py:2076} INFO - Dependencies all met for dep_context=requeueable deps ti=<TaskInstance: credit_default_ml_pipeline.feature_pipeline.feature_bronze_financials scheduled__2023-04-01T00:00:00+00:00 [queued]>
[2026-06-25T17:25:37.396+0000] {taskinstance.py:2306} INFO - Starting attempt 1 of 2
[2026-06-25T17:25:37.404+0000] {taskinstance.py:2330} INFO - Executing <Task(BashOperator): feature_pipeline.feature_bronze_financials> on 2023-04-01 00:00:00+00:00
[2026-06-25T17:25:37.408+0000] {logging_mixin.py:188} WARNING - /home/***/.local/lib/python3.12/site-packages/***/task/task_runner/standard_task_runner.py:62 DeprecationWarning: This process (pid=9911) is multi-threaded, use of fork() may lead to deadlocks in the child.
[2026-06-25T17:25:37.409+0000] {standard_task_runner.py:64} INFO - Started process 9917 to run task
[2026-06-25T17:25:37.408+0000] {standard_task_runner.py:90} INFO - Running: ['***', 'tasks', 'run', 'credit_default_ml_pipeline', 'feature_pipeline.feature_bronze_financials', 'scheduled__2023-04-01T00:00:00+00:00', '--job-id', '4428', '--raw', '--subdir', 'DAGS_FOLDER/dag.py', '--cfg-path', '/tmp/tmps7dbdi5i']
[2026-06-25T17:25:37.410+0000] {standard_task_runner.py:91} INFO - Job 4428: Subtask feature_pipeline.feature_bronze_financials
[2026-06-25T17:25:37.434+0000] {task_command.py:426} INFO - Running <TaskInstance: credit_default_ml_pipeline.feature_pipeline.feature_bronze_financials scheduled__2023-04-01T00:00:00+00:00 [running]> on host b54b2be331ab
[2026-06-25T17:25:37.576+0000] {taskinstance.py:2648} INFO - Exporting env vars: AIRFLOW_CTX_DAG_OWNER='***' AIRFLOW_CTX_DAG_ID='credit_default_ml_pipeline' AIRFLOW_CTX_TASK_ID='feature_pipeline.feature_bronze_financials' AIRFLOW_CTX_EXECUTION_DATE='2023-04-01T00:00:00+00:00' AIRFLOW_CTX_TRY_NUMBER='1' AIRFLOW_CTX_DAG_RUN_ID='scheduled__2023-04-01T00:00:00+00:00'
[2026-06-25T17:25:37.577+0000] {taskinstance.py:430} INFO - ::endgroup::
[2026-06-25T17:25:37.582+0000] {subprocess.py:63} INFO - Tmp dir root location: /tmp
[2026-06-25T17:25:37.583+0000] {subprocess.py:75} INFO - Running command: ['/usr/bin/bash', '-c', 'cd /opt/***/scripts && python3 bronze_processing.py --snapshotdate "2023-04-01" --source financials']
[2026-06-25T17:25:37.589+0000] {subprocess.py:86} INFO - Output:
[2026-06-25T17:25:39.112+0000] {subprocess.py:93} INFO - Setting default log level to "WARN".
[2026-06-25T17:25:39.113+0000] {subprocess.py:93} INFO - To adjust logging level use sc.setLogLevel(newLevel). For SparkR, use setLogLevel(newLevel).
[2026-06-25T17:25:39.347+0000] {subprocess.py:93} INFO - 26/06/25 17:25:39 WARN NativeCodeLoader: Unable to load native-hadoop library for your platform... using builtin-java classes where applicable
[2026-06-25T17:25:39.903+0000] {subprocess.py:93} INFO - 26/06/25 17:25:39 WARN Utils: Service 'SparkUI' could not bind on port 4040. Attempting port 4041.
[2026-06-25T17:25:45.700+0000] {subprocess.py:93} INFO - 
[2026-06-25T17:25:45.703+0000] {subprocess.py:93} INFO - --- bronze financials 2023-04-01 ---
[2026-06-25T17:25:45.703+0000] {subprocess.py:93} INFO - 
[2026-06-25T17:25:45.704+0000] {subprocess.py:93} INFO - [bronze:financials] 2023-04-01 row count: 510
[2026-06-25T17:25:45.705+0000] {subprocess.py:93} INFO - [bronze:financials] saved to: datamart/bronze/financials/bronze_financials_2023_04_01.csv
[2026-06-25T17:25:45.706+0000] {subprocess.py:93} INFO - 
[2026-06-25T17:25:45.707+0000] {subprocess.py:93} INFO - --- done ---
[2026-06-25T17:25:45.707+0000] {subprocess.py:93} INFO - 
[2026-06-25T17:25:46.255+0000] {subprocess.py:97} INFO - Command exited with return code 0
[2026-06-25T17:25:46.257+0000] {taskinstance.py:441} INFO - ::group::Post task execution logs
[2026-06-25T17:25:46.294+0000] {taskinstance.py:1206} INFO - Marking task as SUCCESS. dag_id=credit_default_ml_pipeline, task_id=feature_pipeline.feature_bronze_financials, run_id=scheduled__2023-04-01T00:00:00+00:00, execution_date=20230401T000000, start_date=20260625T172537, end_date=20260625T172546
[2026-06-25T17:25:46.324+0000] {local_task_job_runner.py:243} INFO - Task exited with return code 0
[2026-06-25T17:25:46.471+0000] {taskinstance.py:3503} INFO - 1 downstream tasks scheduled from follow-on schedule check
[2026-06-25T17:25:46.473+0000] {local_task_job_runner.py:222} INFO - ::endgroup::
[2026-06-26T01:30:03.822+0000] {local_task_job_runner.py:120} INFO - ::group::Pre task execution logs
[2026-06-26T01:30:03.836+0000] {taskinstance.py:2076} INFO - Dependencies all met for dep_context=non-requeueable deps ti=<TaskInstance: credit_default_ml_pipeline.feature_pipeline.feature_bronze_financials scheduled__2023-04-01T00:00:00+00:00 [queued]>
[2026-06-26T01:30:03.840+0000] {taskinstance.py:2076} INFO - Dependencies all met for dep_context=requeueable deps ti=<TaskInstance: credit_default_ml_pipeline.feature_pipeline.feature_bronze_financials scheduled__2023-04-01T00:00:00+00:00 [queued]>
[2026-06-26T01:30:03.841+0000] {taskinstance.py:2306} INFO - Starting attempt 1 of 2
[2026-06-26T01:30:03.847+0000] {taskinstance.py:2330} INFO - Executing <Task(BashOperator): feature_pipeline.feature_bronze_financials> on 2023-04-01 00:00:00+00:00
[2026-06-26T01:30:03.852+0000] {logging_mixin.py:188} WARNING - /home/***/.local/lib/python3.12/site-packages/***/task/task_runner/standard_task_runner.py:62 DeprecationWarning: This process (pid=93377) is multi-threaded, use of fork() may lead to deadlocks in the child.
[2026-06-26T01:30:03.852+0000] {standard_task_runner.py:90} INFO - Running: ['***', 'tasks', 'run', 'credit_default_ml_pipeline', 'feature_pipeline.feature_bronze_financials', 'scheduled__2023-04-01T00:00:00+00:00', '--job-id', '4890', '--raw', '--subdir', 'DAGS_FOLDER/dag.py', '--cfg-path', '/tmp/tmpep6r8lbn']
[2026-06-26T01:30:03.853+0000] {standard_task_runner.py:64} INFO - Started process 93385 to run task
[2026-06-26T01:30:03.855+0000] {standard_task_runner.py:91} INFO - Job 4890: Subtask feature_pipeline.feature_bronze_financials
[2026-06-26T01:30:03.879+0000] {task_command.py:426} INFO - Running <TaskInstance: credit_default_ml_pipeline.feature_pipeline.feature_bronze_financials scheduled__2023-04-01T00:00:00+00:00 [running]> on host b54b2be331ab
[2026-06-26T01:30:04.031+0000] {taskinstance.py:2648} INFO - Exporting env vars: AIRFLOW_CTX_DAG_OWNER='***' AIRFLOW_CTX_DAG_ID='credit_default_ml_pipeline' AIRFLOW_CTX_TASK_ID='feature_pipeline.feature_bronze_financials' AIRFLOW_CTX_EXECUTION_DATE='2023-04-01T00:00:00+00:00' AIRFLOW_CTX_TRY_NUMBER='1' AIRFLOW_CTX_DAG_RUN_ID='scheduled__2023-04-01T00:00:00+00:00'
[2026-06-26T01:30:04.032+0000] {taskinstance.py:430} INFO - ::endgroup::
[2026-06-26T01:30:04.038+0000] {subprocess.py:63} INFO - Tmp dir root location: /tmp
[2026-06-26T01:30:04.039+0000] {subprocess.py:75} INFO - Running command: ['/usr/bin/bash', '-c', 'cd /opt/***/scripts && python3 bronze_processing.py --snapshotdate "2023-04-01" --source financials']
[2026-06-26T01:30:04.044+0000] {subprocess.py:86} INFO - Output:
[2026-06-26T01:30:05.894+0000] {subprocess.py:93} INFO - Setting default log level to "WARN".
[2026-06-26T01:30:05.895+0000] {subprocess.py:93} INFO - To adjust logging level use sc.setLogLevel(newLevel). For SparkR, use setLogLevel(newLevel).
[2026-06-26T01:30:06.040+0000] {subprocess.py:93} INFO - 26/06/26 01:30:06 WARN NativeCodeLoader: Unable to load native-hadoop library for your platform... using builtin-java classes where applicable
[2026-06-26T01:30:06.751+0000] {subprocess.py:93} INFO - 26/06/26 01:30:06 WARN Utils: Service 'SparkUI' could not bind on port 4040. Attempting port 4041.
[2026-06-26T01:30:06.752+0000] {subprocess.py:93} INFO - 26/06/26 01:30:06 WARN Utils: Service 'SparkUI' could not bind on port 4041. Attempting port 4042.
[2026-06-26T01:30:14.078+0000] {subprocess.py:93} INFO - [Stage 1:>                                                          (0 + 1) / 1]                                                                                [Stage 2:>                                                          (0 + 1) / 1]
[2026-06-26T01:30:14.079+0000] {subprocess.py:93} INFO - --- bronze financials 2023-04-01 ---
[2026-06-26T01:30:14.081+0000] {subprocess.py:93} INFO - 
[2026-06-26T01:30:14.082+0000] {subprocess.py:93} INFO - [bronze:financials] 2023-04-01 row count: 510
[2026-06-26T01:30:14.082+0000] {subprocess.py:93} INFO - [bronze:financials] saved to: datamart/bronze/financials/bronze_financials_2023_04_01.csv
[2026-06-26T01:30:14.083+0000] {subprocess.py:93} INFO - 
[2026-06-26T01:30:14.084+0000] {subprocess.py:93} INFO - --- done ---
[2026-06-26T01:30:14.085+0000] {subprocess.py:93} INFO - 
[2026-06-26T01:30:14.547+0000] {subprocess.py:97} INFO - Command exited with return code 0
[2026-06-26T01:30:14.549+0000] {taskinstance.py:441} INFO - ::group::Post task execution logs
[2026-06-26T01:30:14.565+0000] {taskinstance.py:1206} INFO - Marking task as SUCCESS. dag_id=credit_default_ml_pipeline, task_id=feature_pipeline.feature_bronze_financials, run_id=scheduled__2023-04-01T00:00:00+00:00, execution_date=20230401T000000, start_date=20260626T013003, end_date=20260626T013014
[2026-06-26T01:30:14.591+0000] {local_task_job_runner.py:243} INFO - Task exited with return code 0
[2026-06-26T01:30:14.597+0000] {local_task_job_runner.py:222} INFO - ::endgroup::
