[2026-06-16T11:23:09.554+0000] {local_task_job_runner.py:120} INFO - ::group::Pre task execution logs
[2026-06-16T11:23:09.571+0000] {taskinstance.py:2076} INFO - Dependencies all met for dep_context=non-requeueable deps ti=<TaskInstance: credit_default_ml_pipeline.feature_silver_lms scheduled__2023-02-01T00:00:00+00:00 [queued]>
[2026-06-16T11:23:09.576+0000] {taskinstance.py:2076} INFO - Dependencies all met for dep_context=requeueable deps ti=<TaskInstance: credit_default_ml_pipeline.feature_silver_lms scheduled__2023-02-01T00:00:00+00:00 [queued]>
[2026-06-16T11:23:09.577+0000] {taskinstance.py:2306} INFO - Starting attempt 1 of 2
[2026-06-16T11:23:09.584+0000] {taskinstance.py:2330} INFO - Executing <Task(BashOperator): feature_silver_lms> on 2023-02-01 00:00:00+00:00
[2026-06-16T11:23:09.592+0000] {logging_mixin.py:188} WARNING - /home/***/.local/lib/python3.12/site-packages/***/task/task_runner/standard_task_runner.py:62 DeprecationWarning: This process (pid=4336) is multi-threaded, use of fork() may lead to deadlocks in the child.
[2026-06-16T11:23:09.593+0000] {standard_task_runner.py:64} INFO - Started process 4343 to run task
[2026-06-16T11:23:09.592+0000] {standard_task_runner.py:90} INFO - Running: ['***', 'tasks', 'run', 'credit_default_ml_pipeline', 'feature_silver_lms', 'scheduled__2023-02-01T00:00:00+00:00', '--job-id', '25', '--raw', '--subdir', 'DAGS_FOLDER/dag.py', '--cfg-path', '/tmp/tmpt9jytsgu']
[2026-06-16T11:23:09.595+0000] {standard_task_runner.py:91} INFO - Job 25: Subtask feature_silver_lms
[2026-06-16T11:23:09.619+0000] {task_command.py:426} INFO - Running <TaskInstance: credit_default_ml_pipeline.feature_silver_lms scheduled__2023-02-01T00:00:00+00:00 [running]> on host 1cab6e97738a
[2026-06-16T11:23:09.653+0000] {taskinstance.py:2648} INFO - Exporting env vars: AIRFLOW_CTX_DAG_OWNER='***' AIRFLOW_CTX_DAG_ID='credit_default_ml_pipeline' AIRFLOW_CTX_TASK_ID='feature_silver_lms' AIRFLOW_CTX_EXECUTION_DATE='2023-02-01T00:00:00+00:00' AIRFLOW_CTX_TRY_NUMBER='1' AIRFLOW_CTX_DAG_RUN_ID='scheduled__2023-02-01T00:00:00+00:00'
[2026-06-16T11:23:09.654+0000] {taskinstance.py:430} INFO - ::endgroup::
[2026-06-16T11:23:09.660+0000] {subprocess.py:63} INFO - Tmp dir root location: /tmp
[2026-06-16T11:23:09.661+0000] {subprocess.py:75} INFO - Running command: ['/usr/bin/bash', '-c', 'cd /opt/***/scripts && python3 silver_processing.py --snapshotdate "2023-02-01" --source lms']
[2026-06-16T11:23:09.665+0000] {subprocess.py:86} INFO - Output:
[2026-06-16T11:23:11.351+0000] {subprocess.py:93} INFO - Setting default log level to "WARN".
[2026-06-16T11:23:11.352+0000] {subprocess.py:93} INFO - To adjust logging level use sc.setLogLevel(newLevel). For SparkR, use setLogLevel(newLevel).
[2026-06-16T11:23:11.548+0000] {subprocess.py:93} INFO - 26/06/16 11:23:11 WARN NativeCodeLoader: Unable to load native-hadoop library for your platform... using builtin-java classes where applicable
[2026-06-16T11:23:12.180+0000] {subprocess.py:93} INFO - 26/06/16 11:23:12 WARN Utils: Service 'SparkUI' could not bind on port 4040. Attempting port 4041.
[2026-06-16T11:23:12.181+0000] {subprocess.py:93} INFO - 26/06/16 11:23:12 WARN Utils: Service 'SparkUI' could not bind on port 4041. Attempting port 4042.
[2026-06-16T11:23:19.022+0000] {subprocess.py:93} INFO - [Stage 5:>                                                          (0 + 1) / 1]
[2026-06-16T11:23:19.022+0000] {subprocess.py:93} INFO - --- silver lms 2023-02-01 ---
[2026-06-16T11:23:19.023+0000] {subprocess.py:93} INFO - 
[2026-06-16T11:23:19.024+0000] {subprocess.py:93} INFO - [silver:lms] loaded datamart/bronze/lms/bronze_lms_2023_02_01.csv rows: 1031
[2026-06-16T11:23:19.024+0000] {subprocess.py:93} INFO - [silver:lms] saved to: datamart/silver/lms/2023_02_01.parquet
[2026-06-16T11:23:19.025+0000] {subprocess.py:93} INFO - 
[2026-06-16T11:23:19.025+0000] {subprocess.py:93} INFO - --- done ---
[2026-06-16T11:23:19.026+0000] {subprocess.py:93} INFO - 
[2026-06-16T11:23:19.446+0000] {subprocess.py:97} INFO - Command exited with return code 0
[2026-06-16T11:23:19.448+0000] {taskinstance.py:441} INFO - ::group::Post task execution logs
[2026-06-16T11:23:19.464+0000] {taskinstance.py:1206} INFO - Marking task as SUCCESS. dag_id=credit_default_ml_pipeline, task_id=feature_silver_lms, run_id=scheduled__2023-02-01T00:00:00+00:00, execution_date=20230201T000000, start_date=20260616T112309, end_date=20260616T112319
[2026-06-16T11:23:19.509+0000] {local_task_job_runner.py:243} INFO - Task exited with return code 0
[2026-06-16T11:23:19.515+0000] {local_task_job_runner.py:222} INFO - ::endgroup::
