[2026-06-20T16:42:06.822+0000] {local_task_job_runner.py:120} INFO - ::group::Pre task execution logs
[2026-06-20T16:42:06.839+0000] {taskinstance.py:2076} INFO - Dependencies all met for dep_context=non-requeueable deps ti=<TaskInstance: credit_default_ml_pipeline.monitoring.xgb_monitor scheduled__2024-09-01T00:00:00+00:00 [queued]>
[2026-06-20T16:42:06.849+0000] {taskinstance.py:2076} INFO - Dependencies all met for dep_context=requeueable deps ti=<TaskInstance: credit_default_ml_pipeline.monitoring.xgb_monitor scheduled__2024-09-01T00:00:00+00:00 [queued]>
[2026-06-20T16:42:06.851+0000] {taskinstance.py:2306} INFO - Starting attempt 2 of 3
[2026-06-20T16:42:06.950+0000] {taskinstance.py:2330} INFO - Executing <Task(BashOperator): monitoring.xgb_monitor> on 2024-09-01 00:00:00+00:00
[2026-06-20T16:42:06.954+0000] {logging_mixin.py:188} WARNING - /home/***/.local/lib/python3.12/site-packages/***/task/task_runner/standard_task_runner.py:62 DeprecationWarning: This process (pid=64528) is multi-threaded, use of fork() may lead to deadlocks in the child.
[2026-06-20T16:42:06.954+0000] {standard_task_runner.py:90} INFO - Running: ['***', 'tasks', 'run', 'credit_default_ml_pipeline', 'monitoring.xgb_monitor', 'scheduled__2024-09-01T00:00:00+00:00', '--job-id', '2889', '--raw', '--subdir', 'DAGS_FOLDER/dag.py', '--cfg-path', '/tmp/tmphdlfa2vb']
[2026-06-20T16:42:06.956+0000] {standard_task_runner.py:64} INFO - Started process 64534 to run task
[2026-06-20T16:42:06.956+0000] {standard_task_runner.py:91} INFO - Job 2889: Subtask monitoring.xgb_monitor
[2026-06-20T16:42:06.977+0000] {task_command.py:426} INFO - Running <TaskInstance: credit_default_ml_pipeline.monitoring.xgb_monitor scheduled__2024-09-01T00:00:00+00:00 [running]> on host 9cf341f51c89
[2026-06-20T16:42:07.009+0000] {taskinstance.py:2648} INFO - Exporting env vars: AIRFLOW_CTX_DAG_OWNER='***' AIRFLOW_CTX_DAG_ID='credit_default_ml_pipeline' AIRFLOW_CTX_TASK_ID='monitoring.xgb_monitor' AIRFLOW_CTX_EXECUTION_DATE='2024-09-01T00:00:00+00:00' AIRFLOW_CTX_TRY_NUMBER='2' AIRFLOW_CTX_DAG_RUN_ID='scheduled__2024-09-01T00:00:00+00:00'
[2026-06-20T16:42:07.010+0000] {taskinstance.py:430} INFO - ::endgroup::
[2026-06-20T16:42:07.015+0000] {subprocess.py:63} INFO - Tmp dir root location: /tmp
[2026-06-20T16:42:07.016+0000] {subprocess.py:75} INFO - Running command: ['/usr/bin/bash', '-c', 'cd /opt/***/scripts && if [ ! -f model_bank/champion.txt ]; then echo \'[SKIP] no champion.txt for 2024-09-01\'; exit 0; fi && CHAMP=$(cat model_bank/champion.txt | tr -d \'\\n\') && python3 model_monitor.py --snapshotdate "2024-09-01" --modelname "$CHAMP"']
[2026-06-20T16:42:07.020+0000] {subprocess.py:86} INFO - Output:
[2026-06-20T16:42:08.742+0000] {subprocess.py:93} INFO - 
[2026-06-20T16:42:08.743+0000] {subprocess.py:93} INFO - --- monitoring credit_xgb_2024_09_01.pkl ---
[2026-06-20T16:42:08.744+0000] {subprocess.py:93} INFO - 
[2026-06-20T16:42:08.744+0000] {subprocess.py:93} INFO - OOT1 baseline AUC for credit_xgb_2024_09_01: 0.9217054712537163
[2026-06-20T16:42:08.747+0000] {subprocess.py:93} INFO - OOT1 baseline Brier for credit_xgb_2024_09_01: 0.1013
[2026-06-20T16:42:08.748+0000] {subprocess.py:93} INFO -   [csi] no feature_importance_report.py output found for credit_xgb_2024_09_01 at reports/feature_importance/credit_xgb_2024_09_01_feature_importance.csv; falling back to first 15 feature_cols as a placeholder scope (run feature_importance_report.py for a proper ranking).
[2026-06-20T16:42:08.748+0000] {subprocess.py:93} INFO - [csi] scoping to top 15 features: ['loan_amt', 'tenure', 'Annual_Income', 'Monthly_Inhand_Salary', 'Num_Bank_Accounts', 'Num_Credit_Card', 'Interest_Rate', 'Num_of_Loan', 'Delay_from_due_date', 'Num_of_Delayed_Payment', 'Changed_Credit_Limit', 'Num_Credit_Inquiries', 'Outstanding_Debt', 'Credit_Utilization_Ratio', 'Credit_History_Age']
[2026-06-20T16:42:08.749+0000] {subprocess.py:93} INFO - 
[2026-06-20T16:42:08.753+0000] {subprocess.py:93} INFO - snapshot_date  n_scored  mean_score    psi     f1  precision  recall  brier    auc   gini  auc_drop_from_oot1  csi_max      csi_max_feature  csi_loan_amt  csi_tenure  csi_Annual_Income  csi_Monthly_Inhand_Salary  csi_Num_Bank_Accounts  csi_Num_Credit_Card  csi_Interest_Rate  csi_Num_of_Loan  csi_Delay_from_due_date  csi_Num_of_Delayed_Payment  csi_Changed_Credit_Limit  csi_Num_Credit_Inquiries  csi_Outstanding_Debt  csi_Credit_Utilization_Ratio  csi_Credit_History_Age
[2026-06-20T16:42:08.754+0000] {subprocess.py:93} INFO -    2024-07-01       485      0.2837 0.0000 0.7336     0.8261  0.6597 0.0971 0.9293 0.8587             -0.0076   0.0000             loan_amt           0.0         0.0             0.0000                     0.0000                 0.0000               0.0000             0.0000           0.0000                   0.0000                      0.0000                    0.0000                    0.0000                0.0000                        0.0000                  0.0000
[2026-06-20T16:42:08.755+0000] {subprocess.py:93} INFO -    2024-08-01       518      0.3016 0.0430 0.7174     0.7674  0.6735 0.1053 0.9164 0.8328              0.0053   0.0796 Changed_Credit_Limit           0.0         0.0             0.0606                     0.0491                 0.0442               0.0481             0.0536           0.0291                   0.0288                      0.0256                    0.0796                    0.0290                0.0302                        0.0644                  0.0492
[2026-06-20T16:42:08.755+0000] {subprocess.py:93} INFO -    2024-09-01       493      0.2256 0.3831    NaN        NaN     NaN    NaN    NaN    NaN                 NaN   0.0603        Interest_Rate           0.0         0.0             0.0309                     0.0288                 0.0288               0.0329             0.0603           0.0165                   0.0175                      0.0452                    0.0208                    0.0175                0.0240                        0.0370                  0.0361
[2026-06-20T16:42:08.757+0000] {subprocess.py:93} INFO - 
[2026-06-20T16:42:08.759+0000] {subprocess.py:93} INFO - [ALERT] PSI breached 0.25 for credit_xgb_2024_09_01 at 2024-09-01 (PSI=0.3831); this would trigger a scheduled retrain.
[2026-06-20T16:42:08.759+0000] {subprocess.py:93} INFO - saved monitoring table: datamart/gold/model_monitoring/credit_xgb_2024_09_01/credit_xgb_2024_09_01_monitoring.parquet
[2026-06-20T16:42:08.760+0000] {subprocess.py:93} INFO - saved plots: datamart/gold/monitoring_plots/credit_xgb_2024_09_01/psi_stability.png, datamart/gold/monitoring_plots/credit_xgb_2024_09_01/csi_stability.png, datamart/gold/monitoring_plots/credit_xgb_2024_09_01/csi_breakdown_all_features.png, datamart/gold/monitoring_plots/credit_xgb_2024_09_01/auc_performance.png, datamart/gold/monitoring_plots/credit_xgb_2024_09_01/brier_score.png
[2026-06-20T16:42:08.762+0000] {subprocess.py:93} INFO - 
[2026-06-20T16:42:08.764+0000] {subprocess.py:93} INFO - --- done ---
[2026-06-20T16:42:08.765+0000] {subprocess.py:93} INFO - 
[2026-06-20T16:42:08.914+0000] {subprocess.py:97} INFO - Command exited with return code 0
[2026-06-20T16:42:08.916+0000] {taskinstance.py:441} INFO - ::group::Post task execution logs
[2026-06-20T16:42:08.933+0000] {taskinstance.py:1206} INFO - Marking task as SUCCESS. dag_id=credit_default_ml_pipeline, task_id=monitoring.xgb_monitor, run_id=scheduled__2024-09-01T00:00:00+00:00, execution_date=20240901T000000, start_date=20260620T164206, end_date=20260620T164208
[2026-06-20T16:42:08.977+0000] {local_task_job_runner.py:243} INFO - Task exited with return code 0
[2026-06-20T16:42:08.988+0000] {taskinstance.py:3503} INFO - 0 downstream tasks scheduled from follow-on schedule check
[2026-06-20T16:42:08.989+0000] {local_task_job_runner.py:222} INFO - ::endgroup::
