[2026-06-16T14:36:39.706+0000] {local_task_job_runner.py:120} INFO - ::group::Pre task execution logs
[2026-06-16T14:36:39.720+0000] {taskinstance.py:2076} INFO - Dependencies all met for dep_context=non-requeueable deps ti=<TaskInstance: credit_default_ml_pipeline.label_pipeline.label_silver_lms scheduled__2023-01-01T00:00:00+00:00 [queued]>
[2026-06-16T14:36:39.724+0000] {taskinstance.py:2076} INFO - Dependencies all met for dep_context=requeueable deps ti=<TaskInstance: credit_default_ml_pipeline.label_pipeline.label_silver_lms scheduled__2023-01-01T00:00:00+00:00 [queued]>
[2026-06-16T14:36:39.724+0000] {taskinstance.py:2306} INFO - Starting attempt 2 of 2
[2026-06-16T14:36:39.729+0000] {taskinstance.py:2330} INFO - Executing <Task(BashOperator): label_pipeline.label_silver_lms> on 2023-01-01 00:00:00+00:00
[2026-06-16T14:36:39.732+0000] {logging_mixin.py:188} WARNING - /home/***/.local/lib/python3.12/site-packages/***/task/task_runner/standard_task_runner.py:62 DeprecationWarning: This process (pid=19718) is multi-threaded, use of fork() may lead to deadlocks in the child.
[2026-06-16T14:36:39.732+0000] {standard_task_runner.py:90} INFO - Running: ['***', 'tasks', 'run', 'credit_default_ml_pipeline', 'label_pipeline.label_silver_lms', 'scheduled__2023-01-01T00:00:00+00:00', '--job-id', '90', '--raw', '--subdir', 'DAGS_FOLDER/dag.py', '--cfg-path', '/tmp/tmpej40p6kg']
[2026-06-16T14:36:39.734+0000] {standard_task_runner.py:64} INFO - Started process 19719 to run task
[2026-06-16T14:36:39.734+0000] {standard_task_runner.py:91} INFO - Job 90: Subtask label_pipeline.label_silver_lms
[2026-06-16T14:36:39.754+0000] {task_command.py:426} INFO - Running <TaskInstance: credit_default_ml_pipeline.label_pipeline.label_silver_lms scheduled__2023-01-01T00:00:00+00:00 [running]> on host 1cab6e97738a
[2026-06-16T14:36:39.778+0000] {taskinstance.py:2648} INFO - Exporting env vars: AIRFLOW_CTX_DAG_OWNER='***' AIRFLOW_CTX_DAG_ID='credit_default_ml_pipeline' AIRFLOW_CTX_TASK_ID='label_pipeline.label_silver_lms' AIRFLOW_CTX_EXECUTION_DATE='2023-01-01T00:00:00+00:00' AIRFLOW_CTX_TRY_NUMBER='2' AIRFLOW_CTX_DAG_RUN_ID='scheduled__2023-01-01T00:00:00+00:00'
[2026-06-16T14:36:39.779+0000] {taskinstance.py:430} INFO - ::endgroup::
[2026-06-16T14:36:39.785+0000] {subprocess.py:63} INFO - Tmp dir root location: /tmp
[2026-06-16T14:36:39.786+0000] {subprocess.py:75} INFO - Running command: ['/usr/bin/bash', '-c', 'cd /opt/***/scripts && python3 silver_processing.py --snapshotdate "2023-01-01" --source lms']
[2026-06-16T14:36:39.788+0000] {subprocess.py:86} INFO - Output:
[2026-06-16T14:36:40.626+0000] {subprocess.py:93} INFO - Setting default log level to "WARN".
[2026-06-16T14:36:40.627+0000] {subprocess.py:93} INFO - To adjust logging level use sc.setLogLevel(newLevel). For SparkR, use setLogLevel(newLevel).
[2026-06-16T14:36:40.724+0000] {subprocess.py:93} INFO - 26/06/16 14:36:40 WARN NativeCodeLoader: Unable to load native-hadoop library for your platform... using builtin-java classes where applicable
[2026-06-16T14:36:43.595+0000] {subprocess.py:93} INFO - 
[2026-06-16T14:36:43.597+0000] {subprocess.py:93} INFO - --- silver lms 2023-01-01 ---
[2026-06-16T14:36:43.598+0000] {subprocess.py:93} INFO - 
[2026-06-16T14:36:43.598+0000] {subprocess.py:93} INFO - [silver:lms] loaded datamart/bronze/lms/bronze_lms_2023_01_01.csv rows: 530
[2026-06-16T14:36:43.599+0000] {subprocess.py:93} INFO - [silver:lms] saved to: datamart/silver/lms/2023_01_01.parquet
[2026-06-16T14:36:43.599+0000] {subprocess.py:93} INFO - 
[2026-06-16T14:36:43.600+0000] {subprocess.py:93} INFO - --- done ---
[2026-06-16T14:36:43.600+0000] {subprocess.py:93} INFO - 
[2026-06-16T14:36:44.046+0000] {subprocess.py:97} INFO - Command exited with return code 0
[2026-06-16T14:36:44.049+0000] {taskinstance.py:441} INFO - ::group::Post task execution logs
[2026-06-16T14:36:44.067+0000] {taskinstance.py:1206} INFO - Marking task as SUCCESS. dag_id=credit_default_ml_pipeline, task_id=label_pipeline.label_silver_lms, run_id=scheduled__2023-01-01T00:00:00+00:00, execution_date=20230101T000000, start_date=20260616T143639, end_date=20260616T143644
[2026-06-16T14:36:44.085+0000] {local_task_job_runner.py:243} INFO - Task exited with return code 0
[2026-06-16T14:36:44.101+0000] {taskinstance.py:3503} INFO - 1 downstream tasks scheduled from follow-on schedule check
[2026-06-16T14:36:44.102+0000] {local_task_job_runner.py:222} INFO - ::endgroup::
[2026-06-20T05:14:46.091+0000] {local_task_job_runner.py:120} INFO - ::group::Pre task execution logs
[2026-06-20T05:14:46.103+0000] {taskinstance.py:2076} INFO - Dependencies all met for dep_context=non-requeueable deps ti=<TaskInstance: credit_default_ml_pipeline.label_pipeline.label_silver_lms scheduled__2023-01-01T00:00:00+00:00 [queued]>
[2026-06-20T05:14:46.107+0000] {taskinstance.py:2076} INFO - Dependencies all met for dep_context=requeueable deps ti=<TaskInstance: credit_default_ml_pipeline.label_pipeline.label_silver_lms scheduled__2023-01-01T00:00:00+00:00 [queued]>
[2026-06-20T05:14:46.107+0000] {taskinstance.py:2306} INFO - Starting attempt 2 of 2
[2026-06-20T05:14:46.112+0000] {taskinstance.py:2330} INFO - Executing <Task(BashOperator): label_pipeline.label_silver_lms> on 2023-01-01 00:00:00+00:00
[2026-06-20T05:14:46.115+0000] {logging_mixin.py:188} WARNING - /home/***/.local/lib/python3.12/site-packages/***/task/task_runner/standard_task_runner.py:62 DeprecationWarning: This process (pid=221) is multi-threaded, use of fork() may lead to deadlocks in the child.
[2026-06-20T05:14:46.115+0000] {standard_task_runner.py:90} INFO - Running: ['***', 'tasks', 'run', 'credit_default_ml_pipeline', 'label_pipeline.label_silver_lms', 'scheduled__2023-01-01T00:00:00+00:00', '--job-id', '1388', '--raw', '--subdir', 'DAGS_FOLDER/dag.py', '--cfg-path', '/tmp/tmpvgovcsjq']
[2026-06-20T05:14:46.116+0000] {standard_task_runner.py:64} INFO - Started process 223 to run task
[2026-06-20T05:14:46.117+0000] {standard_task_runner.py:91} INFO - Job 1388: Subtask label_pipeline.label_silver_lms
[2026-06-20T05:14:46.207+0000] {task_command.py:426} INFO - Running <TaskInstance: credit_default_ml_pipeline.label_pipeline.label_silver_lms scheduled__2023-01-01T00:00:00+00:00 [running]> on host 9cf341f51c89
[2026-06-20T05:14:46.231+0000] {taskinstance.py:2648} INFO - Exporting env vars: AIRFLOW_CTX_DAG_OWNER='***' AIRFLOW_CTX_DAG_ID='credit_default_ml_pipeline' AIRFLOW_CTX_TASK_ID='label_pipeline.label_silver_lms' AIRFLOW_CTX_EXECUTION_DATE='2023-01-01T00:00:00+00:00' AIRFLOW_CTX_TRY_NUMBER='2' AIRFLOW_CTX_DAG_RUN_ID='scheduled__2023-01-01T00:00:00+00:00'
[2026-06-20T05:14:46.233+0000] {taskinstance.py:430} INFO - ::endgroup::
[2026-06-20T05:14:46.238+0000] {subprocess.py:63} INFO - Tmp dir root location: /tmp
[2026-06-20T05:14:46.238+0000] {subprocess.py:75} INFO - Running command: ['/usr/bin/bash', '-c', 'cd /opt/***/scripts && python3 silver_processing.py --snapshotdate "2023-01-01" --source lms']
[2026-06-20T05:14:46.242+0000] {subprocess.py:86} INFO - Output:
[2026-06-20T05:14:47.366+0000] {subprocess.py:93} INFO - Setting default log level to "WARN".
[2026-06-20T05:14:47.366+0000] {subprocess.py:93} INFO - To adjust logging level use sc.setLogLevel(newLevel). For SparkR, use setLogLevel(newLevel).
[2026-06-20T05:14:47.516+0000] {subprocess.py:93} INFO - 26/06/20 05:14:47 WARN NativeCodeLoader: Unable to load native-hadoop library for your platform... using builtin-java classes where applicable
[2026-06-20T05:14:51.001+0000] {subprocess.py:93} INFO - 
[2026-06-20T05:14:51.001+0000] {subprocess.py:93} INFO - --- silver lms 2023-01-01 ---
[2026-06-20T05:14:51.002+0000] {subprocess.py:93} INFO - 
[2026-06-20T05:14:51.003+0000] {subprocess.py:93} INFO - [silver:lms] loaded datamart/bronze/lms/bronze_lms_2023_01_01.csv rows: 530
[2026-06-20T05:14:51.004+0000] {subprocess.py:93} INFO - [silver:lms] saved to: datamart/silver/lms/2023_01_01.parquet
[2026-06-20T05:14:51.004+0000] {subprocess.py:93} INFO - 
[2026-06-20T05:14:51.005+0000] {subprocess.py:93} INFO - --- done ---
[2026-06-20T05:14:51.005+0000] {subprocess.py:93} INFO - 
[2026-06-20T05:14:51.439+0000] {subprocess.py:97} INFO - Command exited with return code 0
[2026-06-20T05:14:51.442+0000] {taskinstance.py:441} INFO - ::group::Post task execution logs
[2026-06-20T05:14:51.461+0000] {taskinstance.py:1206} INFO - Marking task as SUCCESS. dag_id=credit_default_ml_pipeline, task_id=label_pipeline.label_silver_lms, run_id=scheduled__2023-01-01T00:00:00+00:00, execution_date=20230101T000000, start_date=20260620T051446, end_date=20260620T051451
[2026-06-20T05:14:51.482+0000] {local_task_job_runner.py:243} INFO - Task exited with return code 0
[2026-06-20T05:14:51.496+0000] {taskinstance.py:3503} INFO - 1 downstream tasks scheduled from follow-on schedule check
[2026-06-20T05:14:51.498+0000] {local_task_job_runner.py:222} INFO - ::endgroup::
[2026-06-20T05:36:41.357+0000] {local_task_job_runner.py:120} INFO - ::group::Pre task execution logs
[2026-06-20T05:36:41.368+0000] {taskinstance.py:2076} INFO - Dependencies all met for dep_context=non-requeueable deps ti=<TaskInstance: credit_default_ml_pipeline.label_pipeline.label_silver_lms scheduled__2023-01-01T00:00:00+00:00 [queued]>
[2026-06-20T05:36:41.372+0000] {taskinstance.py:2076} INFO - Dependencies all met for dep_context=requeueable deps ti=<TaskInstance: credit_default_ml_pipeline.label_pipeline.label_silver_lms scheduled__2023-01-01T00:00:00+00:00 [queued]>
[2026-06-20T05:36:41.372+0000] {taskinstance.py:2306} INFO - Starting attempt 2 of 2
[2026-06-20T05:36:41.377+0000] {taskinstance.py:2330} INFO - Executing <Task(BashOperator): label_pipeline.label_silver_lms> on 2023-01-01 00:00:00+00:00
[2026-06-20T05:36:41.381+0000] {logging_mixin.py:188} WARNING - /home/***/.local/lib/python3.12/site-packages/***/task/task_runner/standard_task_runner.py:62 DeprecationWarning: This process (pid=13304) is multi-threaded, use of fork() may lead to deadlocks in the child.
[2026-06-20T05:36:41.382+0000] {standard_task_runner.py:64} INFO - Started process 13306 to run task
[2026-06-20T05:36:41.381+0000] {standard_task_runner.py:90} INFO - Running: ['***', 'tasks', 'run', 'credit_default_ml_pipeline', 'label_pipeline.label_silver_lms', 'scheduled__2023-01-01T00:00:00+00:00', '--job-id', '1451', '--raw', '--subdir', 'DAGS_FOLDER/dag.py', '--cfg-path', '/tmp/tmp80zmp5_i']
[2026-06-20T05:36:41.383+0000] {standard_task_runner.py:91} INFO - Job 1451: Subtask label_pipeline.label_silver_lms
[2026-06-20T05:36:41.472+0000] {task_command.py:426} INFO - Running <TaskInstance: credit_default_ml_pipeline.label_pipeline.label_silver_lms scheduled__2023-01-01T00:00:00+00:00 [running]> on host 9cf341f51c89
[2026-06-20T05:36:41.492+0000] {taskinstance.py:2648} INFO - Exporting env vars: AIRFLOW_CTX_DAG_OWNER='***' AIRFLOW_CTX_DAG_ID='credit_default_ml_pipeline' AIRFLOW_CTX_TASK_ID='label_pipeline.label_silver_lms' AIRFLOW_CTX_EXECUTION_DATE='2023-01-01T00:00:00+00:00' AIRFLOW_CTX_TRY_NUMBER='2' AIRFLOW_CTX_DAG_RUN_ID='scheduled__2023-01-01T00:00:00+00:00'
[2026-06-20T05:36:41.494+0000] {taskinstance.py:430} INFO - ::endgroup::
[2026-06-20T05:36:41.498+0000] {subprocess.py:63} INFO - Tmp dir root location: /tmp
[2026-06-20T05:36:41.498+0000] {subprocess.py:75} INFO - Running command: ['/usr/bin/bash', '-c', 'cd /opt/***/scripts && python3 silver_processing.py --snapshotdate "2023-01-01" --source lms']
[2026-06-20T05:36:41.501+0000] {subprocess.py:86} INFO - Output:
[2026-06-20T05:36:42.298+0000] {subprocess.py:93} INFO - Setting default log level to "WARN".
[2026-06-20T05:36:42.300+0000] {subprocess.py:93} INFO - To adjust logging level use sc.setLogLevel(newLevel). For SparkR, use setLogLevel(newLevel).
[2026-06-20T05:36:42.419+0000] {subprocess.py:93} INFO - 26/06/20 05:36:42 WARN NativeCodeLoader: Unable to load native-hadoop library for your platform... using builtin-java classes where applicable
[2026-06-20T05:36:45.265+0000] {subprocess.py:93} INFO - 
[2026-06-20T05:36:45.266+0000] {subprocess.py:93} INFO - --- silver lms 2023-01-01 ---
[2026-06-20T05:36:45.267+0000] {subprocess.py:93} INFO - 
[2026-06-20T05:36:45.267+0000] {subprocess.py:93} INFO - [silver:lms] loaded datamart/bronze/lms/bronze_lms_2023_01_01.csv rows: 530
[2026-06-20T05:36:45.268+0000] {subprocess.py:93} INFO - [silver:lms] saved to: datamart/silver/lms/2023_01_01.parquet
[2026-06-20T05:36:45.270+0000] {subprocess.py:93} INFO - 
[2026-06-20T05:36:45.270+0000] {subprocess.py:93} INFO - --- done ---
[2026-06-20T05:36:45.271+0000] {subprocess.py:93} INFO - 
[2026-06-20T05:36:45.710+0000] {subprocess.py:97} INFO - Command exited with return code 0
[2026-06-20T05:36:45.712+0000] {taskinstance.py:441} INFO - ::group::Post task execution logs
[2026-06-20T05:36:45.728+0000] {taskinstance.py:1206} INFO - Marking task as SUCCESS. dag_id=credit_default_ml_pipeline, task_id=label_pipeline.label_silver_lms, run_id=scheduled__2023-01-01T00:00:00+00:00, execution_date=20230101T000000, start_date=20260620T053641, end_date=20260620T053645
[2026-06-20T05:36:45.773+0000] {local_task_job_runner.py:243} INFO - Task exited with return code 0
[2026-06-20T05:36:45.862+0000] {taskinstance.py:3503} INFO - 1 downstream tasks scheduled from follow-on schedule check
[2026-06-20T05:36:45.863+0000] {local_task_job_runner.py:222} INFO - ::endgroup::
[2026-06-20T17:04:48.580+0000] {local_task_job_runner.py:120} INFO - ::group::Pre task execution logs
[2026-06-20T17:04:48.593+0000] {taskinstance.py:2076} INFO - Dependencies all met for dep_context=non-requeueable deps ti=<TaskInstance: credit_default_ml_pipeline.label_pipeline.label_silver_lms scheduled__2023-01-01T00:00:00+00:00 [queued]>
[2026-06-20T17:04:48.597+0000] {taskinstance.py:2076} INFO - Dependencies all met for dep_context=requeueable deps ti=<TaskInstance: credit_default_ml_pipeline.label_pipeline.label_silver_lms scheduled__2023-01-01T00:00:00+00:00 [queued]>
[2026-06-20T17:04:48.598+0000] {taskinstance.py:2306} INFO - Starting attempt 2 of 2
[2026-06-20T17:04:48.602+0000] {taskinstance.py:2330} INFO - Executing <Task(BashOperator): label_pipeline.label_silver_lms> on 2023-01-01 00:00:00+00:00
[2026-06-20T17:04:48.607+0000] {logging_mixin.py:188} WARNING - /home/***/.local/lib/python3.12/site-packages/***/task/task_runner/standard_task_runner.py:62 DeprecationWarning: This process (pid=2864) is multi-threaded, use of fork() may lead to deadlocks in the child.
[2026-06-20T17:04:48.608+0000] {standard_task_runner.py:64} INFO - Started process 2866 to run task
[2026-06-20T17:04:48.607+0000] {standard_task_runner.py:90} INFO - Running: ['***', 'tasks', 'run', 'credit_default_ml_pipeline', 'label_pipeline.label_silver_lms', 'scheduled__2023-01-01T00:00:00+00:00', '--job-id', '2992', '--raw', '--subdir', 'DAGS_FOLDER/dag.py', '--cfg-path', '/tmp/tmpa8ynbdyv']
[2026-06-20T17:04:48.608+0000] {standard_task_runner.py:91} INFO - Job 2992: Subtask label_pipeline.label_silver_lms
[2026-06-20T17:04:48.701+0000] {task_command.py:426} INFO - Running <TaskInstance: credit_default_ml_pipeline.label_pipeline.label_silver_lms scheduled__2023-01-01T00:00:00+00:00 [running]> on host 9cf341f51c89
[2026-06-20T17:04:48.725+0000] {taskinstance.py:2648} INFO - Exporting env vars: AIRFLOW_CTX_DAG_OWNER='***' AIRFLOW_CTX_DAG_ID='credit_default_ml_pipeline' AIRFLOW_CTX_TASK_ID='label_pipeline.label_silver_lms' AIRFLOW_CTX_EXECUTION_DATE='2023-01-01T00:00:00+00:00' AIRFLOW_CTX_TRY_NUMBER='2' AIRFLOW_CTX_DAG_RUN_ID='scheduled__2023-01-01T00:00:00+00:00'
[2026-06-20T17:04:48.726+0000] {taskinstance.py:430} INFO - ::endgroup::
[2026-06-20T17:04:48.730+0000] {subprocess.py:63} INFO - Tmp dir root location: /tmp
[2026-06-20T17:04:48.731+0000] {subprocess.py:75} INFO - Running command: ['/usr/bin/bash', '-c', 'cd /opt/***/scripts && python3 silver_processing.py --snapshotdate "2023-01-01" --source lms']
[2026-06-20T17:04:48.735+0000] {subprocess.py:86} INFO - Output:
[2026-06-20T17:04:49.537+0000] {subprocess.py:93} INFO - Setting default log level to "WARN".
[2026-06-20T17:04:49.538+0000] {subprocess.py:93} INFO - To adjust logging level use sc.setLogLevel(newLevel). For SparkR, use setLogLevel(newLevel).
[2026-06-20T17:04:49.665+0000] {subprocess.py:93} INFO - 26/06/20 17:04:49 WARN NativeCodeLoader: Unable to load native-hadoop library for your platform... using builtin-java classes where applicable
[2026-06-20T17:04:52.522+0000] {subprocess.py:93} INFO - 
[2026-06-20T17:04:52.524+0000] {subprocess.py:93} INFO - --- silver lms 2023-01-01 ---
[2026-06-20T17:04:52.524+0000] {subprocess.py:93} INFO - 
[2026-06-20T17:04:52.525+0000] {subprocess.py:93} INFO - [silver:lms] loaded datamart/bronze/lms/bronze_lms_2023_01_01.csv rows: 530
[2026-06-20T17:04:52.526+0000] {subprocess.py:93} INFO - [silver:lms] cleared stale partition: datamart/silver/lms/2023_01_01.parquet
[2026-06-20T17:04:52.527+0000] {subprocess.py:93} INFO - [silver:lms] saved to: datamart/silver/lms/2023_01_01.parquet
[2026-06-20T17:04:52.527+0000] {subprocess.py:93} INFO - 
[2026-06-20T17:04:52.528+0000] {subprocess.py:93} INFO - --- done ---
[2026-06-20T17:04:52.528+0000] {subprocess.py:93} INFO - 
[2026-06-20T17:04:52.963+0000] {subprocess.py:97} INFO - Command exited with return code 0
[2026-06-20T17:04:52.965+0000] {taskinstance.py:441} INFO - ::group::Post task execution logs
[2026-06-20T17:04:52.980+0000] {taskinstance.py:1206} INFO - Marking task as SUCCESS. dag_id=credit_default_ml_pipeline, task_id=label_pipeline.label_silver_lms, run_id=scheduled__2023-01-01T00:00:00+00:00, execution_date=20230101T000000, start_date=20260620T170448, end_date=20260620T170452
[2026-06-20T17:04:52.997+0000] {local_task_job_runner.py:243} INFO - Task exited with return code 0
[2026-06-20T17:04:53.088+0000] {taskinstance.py:3503} INFO - 1 downstream tasks scheduled from follow-on schedule check
[2026-06-20T17:04:53.089+0000] {local_task_job_runner.py:222} INFO - ::endgroup::
