[2026-06-16T15:45:21.693+0000] {local_task_job_runner.py:120} INFO - ::group::Pre task execution logs
[2026-06-16T15:45:21.708+0000] {taskinstance.py:2076} INFO - Dependencies all met for dep_context=non-requeueable deps ti=<TaskInstance: credit_default_ml_pipeline.feature_pipeline.feature_bronze_attributes scheduled__2024-05-01T00:00:00+00:00 [queued]>
[2026-06-16T15:45:21.714+0000] {taskinstance.py:2076} INFO - Dependencies all met for dep_context=requeueable deps ti=<TaskInstance: credit_default_ml_pipeline.feature_pipeline.feature_bronze_attributes scheduled__2024-05-01T00:00:00+00:00 [queued]>
[2026-06-16T15:45:21.714+0000] {taskinstance.py:2306} INFO - Starting attempt 1 of 2
[2026-06-16T15:45:21.729+0000] {taskinstance.py:2330} INFO - Executing <Task(BashOperator): feature_pipeline.feature_bronze_attributes> on 2024-05-01 00:00:00+00:00
[2026-06-16T15:45:21.736+0000] {logging_mixin.py:188} WARNING - /home/***/.local/lib/python3.12/site-packages/***/task/task_runner/standard_task_runner.py:62 DeprecationWarning: This process (pid=10442) is multi-threaded, use of fork() may lead to deadlocks in the child.
[2026-06-16T15:45:21.737+0000] {standard_task_runner.py:64} INFO - Started process 10447 to run task
[2026-06-16T15:45:21.736+0000] {standard_task_runner.py:90} INFO - Running: ['***', 'tasks', 'run', 'credit_default_ml_pipeline', 'feature_pipeline.feature_bronze_attributes', 'scheduled__2024-05-01T00:00:00+00:00', '--job-id', '299', '--raw', '--subdir', 'DAGS_FOLDER/dag.py', '--cfg-path', '/tmp/tmpfiporvr2']
[2026-06-16T15:45:21.740+0000] {standard_task_runner.py:91} INFO - Job 299: Subtask feature_pipeline.feature_bronze_attributes
[2026-06-16T15:45:21.780+0000] {task_command.py:426} INFO - Running <TaskInstance: credit_default_ml_pipeline.feature_pipeline.feature_bronze_attributes scheduled__2024-05-01T00:00:00+00:00 [running]> on host 2b9b50b7433d
[2026-06-16T15:45:21.836+0000] {taskinstance.py:2648} INFO - Exporting env vars: AIRFLOW_CTX_DAG_OWNER='***' AIRFLOW_CTX_DAG_ID='credit_default_ml_pipeline' AIRFLOW_CTX_TASK_ID='feature_pipeline.feature_bronze_attributes' AIRFLOW_CTX_EXECUTION_DATE='2024-05-01T00:00:00+00:00' AIRFLOW_CTX_TRY_NUMBER='1' AIRFLOW_CTX_DAG_RUN_ID='scheduled__2024-05-01T00:00:00+00:00'
[2026-06-16T15:45:21.838+0000] {taskinstance.py:430} INFO - ::endgroup::
[2026-06-16T15:45:21.846+0000] {subprocess.py:63} INFO - Tmp dir root location: /tmp
[2026-06-16T15:45:21.850+0000] {subprocess.py:75} INFO - Running command: ['/usr/bin/bash', '-c', 'cd /opt/***/scripts && python3 bronze_processing.py --snapshotdate "2024-05-01" --source attributes']
[2026-06-16T15:45:21.858+0000] {subprocess.py:86} INFO - Output:
[2026-06-16T15:45:23.484+0000] {subprocess.py:93} INFO - Setting default log level to "WARN".
[2026-06-16T15:45:23.487+0000] {subprocess.py:93} INFO - To adjust logging level use sc.setLogLevel(newLevel). For SparkR, use setLogLevel(newLevel).
[2026-06-16T15:45:23.726+0000] {subprocess.py:93} INFO - 26/06/16 15:45:23 WARN NativeCodeLoader: Unable to load native-hadoop library for your platform... using builtin-java classes where applicable
[2026-06-16T15:45:24.375+0000] {subprocess.py:93} INFO - 26/06/16 15:45:24 WARN Utils: Service 'SparkUI' could not bind on port 4040. Attempting port 4041.
[2026-06-16T15:45:24.376+0000] {subprocess.py:93} INFO - 26/06/16 15:45:24 WARN Utils: Service 'SparkUI' could not bind on port 4041. Attempting port 4042.
[2026-06-16T15:45:24.377+0000] {subprocess.py:93} INFO - 26/06/16 15:45:24 WARN Utils: Service 'SparkUI' could not bind on port 4042. Attempting port 4043.
[2026-06-16T15:45:30.163+0000] {subprocess.py:93} INFO - 
[2026-06-16T15:45:30.169+0000] {subprocess.py:93} INFO - --- bronze attributes 2024-05-01 ---
[2026-06-16T15:45:30.170+0000] {subprocess.py:93} INFO - 
[2026-06-16T15:45:30.172+0000] {subprocess.py:93} INFO - [bronze:attributes] 2024-05-01 row count: 491
[2026-06-16T15:45:30.173+0000] {subprocess.py:93} INFO - [bronze:attributes] saved to: datamart/bronze/attributes/bronze_attributes_2024_05_01.csv
[2026-06-16T15:45:30.176+0000] {subprocess.py:93} INFO - 
[2026-06-16T15:45:30.178+0000] {subprocess.py:93} INFO - --- done ---
[2026-06-16T15:45:30.179+0000] {subprocess.py:93} INFO - 
[2026-06-16T15:45:30.724+0000] {subprocess.py:97} INFO - Command exited with return code 0
[2026-06-16T15:45:30.728+0000] {taskinstance.py:441} INFO - ::group::Post task execution logs
[2026-06-16T15:45:30.760+0000] {taskinstance.py:1206} INFO - Marking task as SUCCESS. dag_id=credit_default_ml_pipeline, task_id=feature_pipeline.feature_bronze_attributes, run_id=scheduled__2024-05-01T00:00:00+00:00, execution_date=20240501T000000, start_date=20260616T154521, end_date=20260616T154530
[2026-06-16T15:45:30.788+0000] {local_task_job_runner.py:243} INFO - Task exited with return code 0
[2026-06-16T15:45:30.850+0000] {taskinstance.py:3503} INFO - 1 downstream tasks scheduled from follow-on schedule check
[2026-06-16T15:45:30.852+0000] {local_task_job_runner.py:222} INFO - ::endgroup::
[2026-06-20T06:36:43.764+0000] {local_task_job_runner.py:120} INFO - ::group::Pre task execution logs
[2026-06-20T06:36:43.783+0000] {taskinstance.py:2076} INFO - Dependencies all met for dep_context=non-requeueable deps ti=<TaskInstance: credit_default_ml_pipeline.feature_pipeline.feature_bronze_attributes scheduled__2024-05-01T00:00:00+00:00 [queued]>
[2026-06-20T06:36:43.789+0000] {taskinstance.py:2076} INFO - Dependencies all met for dep_context=requeueable deps ti=<TaskInstance: credit_default_ml_pipeline.feature_pipeline.feature_bronze_attributes scheduled__2024-05-01T00:00:00+00:00 [queued]>
[2026-06-20T06:36:43.790+0000] {taskinstance.py:2306} INFO - Starting attempt 1 of 2
[2026-06-20T06:36:43.802+0000] {taskinstance.py:2330} INFO - Executing <Task(BashOperator): feature_pipeline.feature_bronze_attributes> on 2024-05-01 00:00:00+00:00
[2026-06-20T06:36:43.807+0000] {logging_mixin.py:188} WARNING - /home/***/.local/lib/python3.12/site-packages/***/task/task_runner/standard_task_runner.py:62 DeprecationWarning: This process (pid=60774) is multi-threaded, use of fork() may lead to deadlocks in the child.
[2026-06-20T06:36:43.808+0000] {standard_task_runner.py:64} INFO - Started process 60783 to run task
[2026-06-20T06:36:43.808+0000] {standard_task_runner.py:90} INFO - Running: ['***', 'tasks', 'run', 'credit_default_ml_pipeline', 'feature_pipeline.feature_bronze_attributes', 'scheduled__2024-05-01T00:00:00+00:00', '--job-id', '1744', '--raw', '--subdir', 'DAGS_FOLDER/dag.py', '--cfg-path', '/tmp/tmpjh_syola']
[2026-06-20T06:36:43.810+0000] {standard_task_runner.py:91} INFO - Job 1744: Subtask feature_pipeline.feature_bronze_attributes
[2026-06-20T06:36:43.973+0000] {task_command.py:426} INFO - Running <TaskInstance: credit_default_ml_pipeline.feature_pipeline.feature_bronze_attributes scheduled__2024-05-01T00:00:00+00:00 [running]> on host 9cf341f51c89
[2026-06-20T06:36:44.010+0000] {taskinstance.py:2648} INFO - Exporting env vars: AIRFLOW_CTX_DAG_OWNER='***' AIRFLOW_CTX_DAG_ID='credit_default_ml_pipeline' AIRFLOW_CTX_TASK_ID='feature_pipeline.feature_bronze_attributes' AIRFLOW_CTX_EXECUTION_DATE='2024-05-01T00:00:00+00:00' AIRFLOW_CTX_TRY_NUMBER='1' AIRFLOW_CTX_DAG_RUN_ID='scheduled__2024-05-01T00:00:00+00:00'
[2026-06-20T06:36:44.012+0000] {taskinstance.py:430} INFO - ::endgroup::
[2026-06-20T06:36:44.017+0000] {subprocess.py:63} INFO - Tmp dir root location: /tmp
[2026-06-20T06:36:44.018+0000] {subprocess.py:75} INFO - Running command: ['/usr/bin/bash', '-c', 'cd /opt/***/scripts && python3 bronze_processing.py --snapshotdate "2024-05-01" --source attributes']
[2026-06-20T06:36:44.024+0000] {subprocess.py:86} INFO - Output:
[2026-06-20T06:36:46.506+0000] {subprocess.py:93} INFO - Setting default log level to "WARN".
[2026-06-20T06:36:46.512+0000] {subprocess.py:93} INFO - To adjust logging level use sc.setLogLevel(newLevel). For SparkR, use setLogLevel(newLevel).
[2026-06-20T06:36:46.791+0000] {subprocess.py:93} INFO - 26/06/20 06:36:46 WARN NativeCodeLoader: Unable to load native-hadoop library for your platform... using builtin-java classes where applicable
[2026-06-20T06:36:47.875+0000] {subprocess.py:93} INFO - 26/06/20 06:36:47 WARN Utils: Service 'SparkUI' could not bind on port 4040. Attempting port 4041.
[2026-06-20T06:36:56.931+0000] {subprocess.py:93} INFO - [Stage 1:>                                                          (0 + 1) / 1]
[2026-06-20T06:36:56.934+0000] {subprocess.py:93} INFO - --- bronze attributes 2024-05-01 ---
[2026-06-20T06:36:56.936+0000] {subprocess.py:93} INFO - 
[2026-06-20T06:36:56.938+0000] {subprocess.py:93} INFO - [bronze:attributes] 2024-05-01 row count: 491
[2026-06-20T06:36:56.939+0000] {subprocess.py:93} INFO - [bronze:attributes] saved to: datamart/bronze/attributes/bronze_attributes_2024_05_01.csv
[2026-06-20T06:36:56.941+0000] {subprocess.py:93} INFO - 
[2026-06-20T06:36:56.947+0000] {subprocess.py:93} INFO - --- done ---
[2026-06-20T06:36:56.949+0000] {subprocess.py:93} INFO - 
[2026-06-20T06:36:57.641+0000] {subprocess.py:97} INFO - Command exited with return code 0
[2026-06-20T06:36:57.644+0000] {taskinstance.py:441} INFO - ::group::Post task execution logs
[2026-06-20T06:36:57.691+0000] {taskinstance.py:1206} INFO - Marking task as SUCCESS. dag_id=credit_default_ml_pipeline, task_id=feature_pipeline.feature_bronze_attributes, run_id=scheduled__2024-05-01T00:00:00+00:00, execution_date=20240501T000000, start_date=20260620T063643, end_date=20260620T063657
[2026-06-20T06:36:57.751+0000] {local_task_job_runner.py:243} INFO - Task exited with return code 0
[2026-06-20T06:36:57.800+0000] {taskinstance.py:3503} INFO - 1 downstream tasks scheduled from follow-on schedule check
[2026-06-20T06:36:57.804+0000] {local_task_job_runner.py:222} INFO - ::endgroup::
[2026-06-20T07:57:23.563+0000] {local_task_job_runner.py:120} INFO - ::group::Pre task execution logs
[2026-06-20T07:57:23.575+0000] {taskinstance.py:2076} INFO - Dependencies all met for dep_context=non-requeueable deps ti=<TaskInstance: credit_default_ml_pipeline.feature_pipeline.feature_bronze_attributes scheduled__2024-05-01T00:00:00+00:00 [queued]>
[2026-06-20T07:57:23.579+0000] {taskinstance.py:2076} INFO - Dependencies all met for dep_context=requeueable deps ti=<TaskInstance: credit_default_ml_pipeline.feature_pipeline.feature_bronze_attributes scheduled__2024-05-01T00:00:00+00:00 [queued]>
[2026-06-20T07:57:23.579+0000] {taskinstance.py:2306} INFO - Starting attempt 1 of 2
[2026-06-20T07:57:23.587+0000] {taskinstance.py:2330} INFO - Executing <Task(BashOperator): feature_pipeline.feature_bronze_attributes> on 2024-05-01 00:00:00+00:00
[2026-06-20T07:57:23.591+0000] {logging_mixin.py:188} WARNING - /home/***/.local/lib/python3.12/site-packages/***/task/task_runner/standard_task_runner.py:62 DeprecationWarning: This process (pid=46441) is multi-threaded, use of fork() may lead to deadlocks in the child.
[2026-06-20T07:57:23.593+0000] {standard_task_runner.py:90} INFO - Running: ['***', 'tasks', 'run', 'credit_default_ml_pipeline', 'feature_pipeline.feature_bronze_attributes', 'scheduled__2024-05-01T00:00:00+00:00', '--job-id', '2241', '--raw', '--subdir', 'DAGS_FOLDER/dag.py', '--cfg-path', '/tmp/tmpwqf3zapw']
[2026-06-20T07:57:23.596+0000] {standard_task_runner.py:64} INFO - Started process 46447 to run task
[2026-06-20T07:57:23.597+0000] {standard_task_runner.py:91} INFO - Job 2241: Subtask feature_pipeline.feature_bronze_attributes
[2026-06-20T07:57:23.717+0000] {task_command.py:426} INFO - Running <TaskInstance: credit_default_ml_pipeline.feature_pipeline.feature_bronze_attributes scheduled__2024-05-01T00:00:00+00:00 [running]> on host 9cf341f51c89
[2026-06-20T07:57:23.752+0000] {taskinstance.py:2648} INFO - Exporting env vars: AIRFLOW_CTX_DAG_OWNER='***' AIRFLOW_CTX_DAG_ID='credit_default_ml_pipeline' AIRFLOW_CTX_TASK_ID='feature_pipeline.feature_bronze_attributes' AIRFLOW_CTX_EXECUTION_DATE='2024-05-01T00:00:00+00:00' AIRFLOW_CTX_TRY_NUMBER='1' AIRFLOW_CTX_DAG_RUN_ID='scheduled__2024-05-01T00:00:00+00:00'
[2026-06-20T07:57:23.754+0000] {taskinstance.py:430} INFO - ::endgroup::
[2026-06-20T07:57:23.761+0000] {subprocess.py:63} INFO - Tmp dir root location: /tmp
[2026-06-20T07:57:23.762+0000] {subprocess.py:75} INFO - Running command: ['/usr/bin/bash', '-c', 'cd /opt/***/scripts && python3 bronze_processing.py --snapshotdate "2024-05-01" --source attributes']
[2026-06-20T07:57:23.768+0000] {subprocess.py:86} INFO - Output:
[2026-06-20T07:57:25.589+0000] {subprocess.py:93} INFO - Setting default log level to "WARN".
[2026-06-20T07:57:25.593+0000] {subprocess.py:93} INFO - To adjust logging level use sc.setLogLevel(newLevel). For SparkR, use setLogLevel(newLevel).
[2026-06-20T07:57:25.860+0000] {subprocess.py:93} INFO - 26/06/20 07:57:25 WARN NativeCodeLoader: Unable to load native-hadoop library for your platform... using builtin-java classes where applicable
[2026-06-20T07:57:37.245+0000] {subprocess.py:93} INFO - [Stage 1:>                                                          (0 + 1) / 1]                                                                                [Stage 2:>                                                          (0 + 1) / 1]
[2026-06-20T07:57:37.254+0000] {subprocess.py:93} INFO - --- bronze attributes 2024-05-01 ---
[2026-06-20T07:57:37.256+0000] {subprocess.py:93} INFO - 
[2026-06-20T07:57:37.258+0000] {subprocess.py:93} INFO - [bronze:attributes] 2024-05-01 row count: 491
[2026-06-20T07:57:37.260+0000] {subprocess.py:93} INFO - [bronze:attributes] saved to: datamart/bronze/attributes/bronze_attributes_2024_05_01.csv
[2026-06-20T07:57:37.262+0000] {subprocess.py:93} INFO - 
[2026-06-20T07:57:37.264+0000] {subprocess.py:93} INFO - --- done ---
[2026-06-20T07:57:37.266+0000] {subprocess.py:93} INFO - 
[2026-06-20T07:57:37.837+0000] {subprocess.py:97} INFO - Command exited with return code 0
[2026-06-20T07:57:37.840+0000] {taskinstance.py:441} INFO - ::group::Post task execution logs
[2026-06-20T07:57:37.902+0000] {taskinstance.py:1206} INFO - Marking task as SUCCESS. dag_id=credit_default_ml_pipeline, task_id=feature_pipeline.feature_bronze_attributes, run_id=scheduled__2024-05-01T00:00:00+00:00, execution_date=20240501T000000, start_date=20260620T075723, end_date=20260620T075737
[2026-06-20T07:57:37.979+0000] {local_task_job_runner.py:243} INFO - Task exited with return code 0
[2026-06-20T07:57:38.023+0000] {taskinstance.py:3503} INFO - 1 downstream tasks scheduled from follow-on schedule check
[2026-06-20T07:57:38.026+0000] {local_task_job_runner.py:222} INFO - ::endgroup::
[2026-06-20T15:54:50.138+0000] {local_task_job_runner.py:120} INFO - ::group::Pre task execution logs
[2026-06-20T15:54:50.150+0000] {taskinstance.py:2076} INFO - Dependencies all met for dep_context=non-requeueable deps ti=<TaskInstance: credit_default_ml_pipeline.feature_pipeline.feature_bronze_attributes scheduled__2024-05-01T00:00:00+00:00 [queued]>
[2026-06-20T15:54:50.154+0000] {taskinstance.py:2076} INFO - Dependencies all met for dep_context=requeueable deps ti=<TaskInstance: credit_default_ml_pipeline.feature_pipeline.feature_bronze_attributes scheduled__2024-05-01T00:00:00+00:00 [queued]>
[2026-06-20T15:54:50.155+0000] {taskinstance.py:2306} INFO - Starting attempt 1 of 2
[2026-06-20T15:54:50.163+0000] {taskinstance.py:2330} INFO - Executing <Task(BashOperator): feature_pipeline.feature_bronze_attributes> on 2024-05-01 00:00:00+00:00
[2026-06-20T15:54:50.167+0000] {logging_mixin.py:188} WARNING - /home/***/.local/lib/python3.12/site-packages/***/task/task_runner/standard_task_runner.py:62 DeprecationWarning: This process (pid=32704) is multi-threaded, use of fork() may lead to deadlocks in the child.
[2026-06-20T15:54:50.168+0000] {standard_task_runner.py:64} INFO - Started process 32712 to run task
[2026-06-20T15:54:50.168+0000] {standard_task_runner.py:90} INFO - Running: ['***', 'tasks', 'run', 'credit_default_ml_pipeline', 'feature_pipeline.feature_bronze_attributes', 'scheduled__2024-05-01T00:00:00+00:00', '--job-id', '2711', '--raw', '--subdir', 'DAGS_FOLDER/dag.py', '--cfg-path', '/tmp/tmplgr59u46']
[2026-06-20T15:54:50.170+0000] {standard_task_runner.py:91} INFO - Job 2711: Subtask feature_pipeline.feature_bronze_attributes
[2026-06-20T15:54:50.287+0000] {task_command.py:426} INFO - Running <TaskInstance: credit_default_ml_pipeline.feature_pipeline.feature_bronze_attributes scheduled__2024-05-01T00:00:00+00:00 [running]> on host 9cf341f51c89
[2026-06-20T15:54:50.317+0000] {taskinstance.py:2648} INFO - Exporting env vars: AIRFLOW_CTX_DAG_OWNER='***' AIRFLOW_CTX_DAG_ID='credit_default_ml_pipeline' AIRFLOW_CTX_TASK_ID='feature_pipeline.feature_bronze_attributes' AIRFLOW_CTX_EXECUTION_DATE='2024-05-01T00:00:00+00:00' AIRFLOW_CTX_TRY_NUMBER='1' AIRFLOW_CTX_DAG_RUN_ID='scheduled__2024-05-01T00:00:00+00:00'
[2026-06-20T15:54:50.318+0000] {taskinstance.py:430} INFO - ::endgroup::
[2026-06-20T15:54:50.323+0000] {subprocess.py:63} INFO - Tmp dir root location: /tmp
[2026-06-20T15:54:50.323+0000] {subprocess.py:75} INFO - Running command: ['/usr/bin/bash', '-c', 'cd /opt/***/scripts && python3 bronze_processing.py --snapshotdate "2024-05-01" --source attributes']
[2026-06-20T15:54:50.328+0000] {subprocess.py:86} INFO - Output:
[2026-06-20T15:54:51.837+0000] {subprocess.py:93} INFO - Setting default log level to "WARN".
[2026-06-20T15:54:51.838+0000] {subprocess.py:93} INFO - To adjust logging level use sc.setLogLevel(newLevel). For SparkR, use setLogLevel(newLevel).
[2026-06-20T15:54:52.005+0000] {subprocess.py:93} INFO - 26/06/20 15:54:52 WARN NativeCodeLoader: Unable to load native-hadoop library for your platform... using builtin-java classes where applicable
[2026-06-20T15:54:52.533+0000] {subprocess.py:93} INFO - 26/06/20 15:54:52 WARN Utils: Service 'SparkUI' could not bind on port 4040. Attempting port 4041.
[2026-06-20T15:54:52.535+0000] {subprocess.py:93} INFO - 26/06/20 15:54:52 WARN Utils: Service 'SparkUI' could not bind on port 4041. Attempting port 4042.
[2026-06-20T15:54:58.326+0000] {subprocess.py:93} INFO - 
[2026-06-20T15:54:58.330+0000] {subprocess.py:93} INFO - --- bronze attributes 2024-05-01 ---
[2026-06-20T15:54:58.331+0000] {subprocess.py:93} INFO - 
[2026-06-20T15:54:58.341+0000] {subprocess.py:93} INFO - [bronze:attributes] 2024-05-01 row count: 491
[2026-06-20T15:54:58.347+0000] {subprocess.py:93} INFO - [bronze:attributes] saved to: datamart/bronze/attributes/bronze_attributes_2024_05_01.csv
[2026-06-20T15:54:58.349+0000] {subprocess.py:93} INFO - 
[2026-06-20T15:54:58.350+0000] {subprocess.py:93} INFO - --- done ---
[2026-06-20T15:54:58.351+0000] {subprocess.py:93} INFO - 
[2026-06-20T15:54:58.860+0000] {subprocess.py:97} INFO - Command exited with return code 0
[2026-06-20T15:54:58.861+0000] {taskinstance.py:441} INFO - ::group::Post task execution logs
[2026-06-20T15:54:58.875+0000] {taskinstance.py:1206} INFO - Marking task as SUCCESS. dag_id=credit_default_ml_pipeline, task_id=feature_pipeline.feature_bronze_attributes, run_id=scheduled__2024-05-01T00:00:00+00:00, execution_date=20240501T000000, start_date=20260620T155450, end_date=20260620T155458
[2026-06-20T15:54:58.905+0000] {local_task_job_runner.py:243} INFO - Task exited with return code 0
[2026-06-20T15:54:58.921+0000] {taskinstance.py:3503} INFO - 1 downstream tasks scheduled from follow-on schedule check
[2026-06-20T15:54:58.923+0000] {local_task_job_runner.py:222} INFO - ::endgroup::
[2026-06-20T17:50:01.008+0000] {local_task_job_runner.py:120} INFO - ::group::Pre task execution logs
[2026-06-20T17:50:01.020+0000] {taskinstance.py:2076} INFO - Dependencies all met for dep_context=non-requeueable deps ti=<TaskInstance: credit_default_ml_pipeline.feature_pipeline.feature_bronze_attributes scheduled__2024-05-01T00:00:00+00:00 [queued]>
[2026-06-20T17:50:01.025+0000] {taskinstance.py:2076} INFO - Dependencies all met for dep_context=requeueable deps ti=<TaskInstance: credit_default_ml_pipeline.feature_pipeline.feature_bronze_attributes scheduled__2024-05-01T00:00:00+00:00 [queued]>
[2026-06-20T17:50:01.026+0000] {taskinstance.py:2306} INFO - Starting attempt 1 of 2
[2026-06-20T17:50:01.033+0000] {taskinstance.py:2330} INFO - Executing <Task(BashOperator): feature_pipeline.feature_bronze_attributes> on 2024-05-01 00:00:00+00:00
[2026-06-20T17:50:01.037+0000] {logging_mixin.py:188} WARNING - /home/***/.local/lib/python3.12/site-packages/***/task/task_runner/standard_task_runner.py:62 DeprecationWarning: This process (pid=51149) is multi-threaded, use of fork() may lead to deadlocks in the child.
[2026-06-20T17:50:01.038+0000] {standard_task_runner.py:90} INFO - Running: ['***', 'tasks', 'run', 'credit_default_ml_pipeline', 'feature_pipeline.feature_bronze_attributes', 'scheduled__2024-05-01T00:00:00+00:00', '--job-id', '3287', '--raw', '--subdir', 'DAGS_FOLDER/dag.py', '--cfg-path', '/tmp/tmpj232v79a']
[2026-06-20T17:50:01.040+0000] {standard_task_runner.py:91} INFO - Job 3287: Subtask feature_pipeline.feature_bronze_attributes
[2026-06-20T17:50:01.040+0000] {standard_task_runner.py:64} INFO - Started process 51158 to run task
[2026-06-20T17:50:01.163+0000] {task_command.py:426} INFO - Running <TaskInstance: credit_default_ml_pipeline.feature_pipeline.feature_bronze_attributes scheduled__2024-05-01T00:00:00+00:00 [running]> on host 9cf341f51c89
[2026-06-20T17:50:01.196+0000] {taskinstance.py:2648} INFO - Exporting env vars: AIRFLOW_CTX_DAG_OWNER='***' AIRFLOW_CTX_DAG_ID='credit_default_ml_pipeline' AIRFLOW_CTX_TASK_ID='feature_pipeline.feature_bronze_attributes' AIRFLOW_CTX_EXECUTION_DATE='2024-05-01T00:00:00+00:00' AIRFLOW_CTX_TRY_NUMBER='1' AIRFLOW_CTX_DAG_RUN_ID='scheduled__2024-05-01T00:00:00+00:00'
[2026-06-20T17:50:01.198+0000] {taskinstance.py:430} INFO - ::endgroup::
[2026-06-20T17:50:01.203+0000] {subprocess.py:63} INFO - Tmp dir root location: /tmp
[2026-06-20T17:50:01.204+0000] {subprocess.py:75} INFO - Running command: ['/usr/bin/bash', '-c', 'cd /opt/***/scripts && python3 bronze_processing.py --snapshotdate "2024-05-01" --source attributes']
[2026-06-20T17:50:01.210+0000] {subprocess.py:86} INFO - Output:
[2026-06-20T17:50:02.842+0000] {subprocess.py:93} INFO - Setting default log level to "WARN".
[2026-06-20T17:50:02.844+0000] {subprocess.py:93} INFO - To adjust logging level use sc.setLogLevel(newLevel). For SparkR, use setLogLevel(newLevel).
[2026-06-20T17:50:03.055+0000] {subprocess.py:93} INFO - 26/06/20 17:50:03 WARN NativeCodeLoader: Unable to load native-hadoop library for your platform... using builtin-java classes where applicable
[2026-06-20T17:50:03.817+0000] {subprocess.py:93} INFO - 26/06/20 17:50:03 WARN Utils: Service 'SparkUI' could not bind on port 4040. Attempting port 4041.
[2026-06-20T17:50:03.820+0000] {subprocess.py:93} INFO - 26/06/20 17:50:03 WARN Utils: Service 'SparkUI' could not bind on port 4041. Attempting port 4042.
[2026-06-20T17:50:03.822+0000] {subprocess.py:93} INFO - 26/06/20 17:50:03 WARN Utils: Service 'SparkUI' could not bind on port 4042. Attempting port 4043.
[2026-06-20T17:50:13.249+0000] {subprocess.py:93} INFO - [Stage 1:>                                                          (0 + 1) / 1]                                                                                [Stage 2:>                                                          (0 + 1) / 1]
[2026-06-20T17:50:13.256+0000] {subprocess.py:93} INFO - --- bronze attributes 2024-05-01 ---
[2026-06-20T17:50:13.263+0000] {subprocess.py:93} INFO - 
[2026-06-20T17:50:13.265+0000] {subprocess.py:93} INFO - [bronze:attributes] 2024-05-01 row count: 491
[2026-06-20T17:50:13.267+0000] {subprocess.py:93} INFO - [bronze:attributes] saved to: datamart/bronze/attributes/bronze_attributes_2024_05_01.csv
[2026-06-20T17:50:13.268+0000] {subprocess.py:93} INFO - 
[2026-06-20T17:50:13.270+0000] {subprocess.py:93} INFO - --- done ---
[2026-06-20T17:50:13.277+0000] {subprocess.py:93} INFO - 
[2026-06-20T17:50:13.896+0000] {subprocess.py:97} INFO - Command exited with return code 0
[2026-06-20T17:50:13.898+0000] {taskinstance.py:441} INFO - ::group::Post task execution logs
[2026-06-20T17:50:13.927+0000] {taskinstance.py:1206} INFO - Marking task as SUCCESS. dag_id=credit_default_ml_pipeline, task_id=feature_pipeline.feature_bronze_attributes, run_id=scheduled__2024-05-01T00:00:00+00:00, execution_date=20240501T000000, start_date=20260620T175001, end_date=20260620T175013
[2026-06-20T17:50:13.966+0000] {local_task_job_runner.py:243} INFO - Task exited with return code 0
[2026-06-20T17:50:13.992+0000] {taskinstance.py:3503} INFO - 1 downstream tasks scheduled from follow-on schedule check
[2026-06-20T17:50:13.995+0000] {local_task_job_runner.py:222} INFO - ::endgroup::
[2026-06-21T02:45:42.897+0000] {local_task_job_runner.py:120} INFO - ::group::Pre task execution logs
[2026-06-21T02:45:42.912+0000] {taskinstance.py:2076} INFO - Dependencies all met for dep_context=non-requeueable deps ti=<TaskInstance: credit_default_ml_pipeline.feature_pipeline.feature_bronze_attributes scheduled__2024-05-01T00:00:00+00:00 [queued]>
[2026-06-21T02:45:42.918+0000] {taskinstance.py:2076} INFO - Dependencies all met for dep_context=requeueable deps ti=<TaskInstance: credit_default_ml_pipeline.feature_pipeline.feature_bronze_attributes scheduled__2024-05-01T00:00:00+00:00 [queued]>
[2026-06-21T02:45:42.919+0000] {taskinstance.py:2306} INFO - Starting attempt 1 of 2
[2026-06-21T02:45:42.927+0000] {taskinstance.py:2330} INFO - Executing <Task(BashOperator): feature_pipeline.feature_bronze_attributes> on 2024-05-01 00:00:00+00:00
[2026-06-21T02:45:42.931+0000] {logging_mixin.py:188} WARNING - /home/***/.local/lib/python3.12/site-packages/***/task/task_runner/standard_task_runner.py:62 DeprecationWarning: This process (pid=50551) is multi-threaded, use of fork() may lead to deadlocks in the child.
[2026-06-21T02:45:42.932+0000] {standard_task_runner.py:90} INFO - Running: ['***', 'tasks', 'run', 'credit_default_ml_pipeline', 'feature_pipeline.feature_bronze_attributes', 'scheduled__2024-05-01T00:00:00+00:00', '--job-id', '3752', '--raw', '--subdir', 'DAGS_FOLDER/dag.py', '--cfg-path', '/tmp/tmpisx3036v']
[2026-06-21T02:45:42.933+0000] {standard_task_runner.py:64} INFO - Started process 50560 to run task
[2026-06-21T02:45:42.934+0000] {standard_task_runner.py:91} INFO - Job 3752: Subtask feature_pipeline.feature_bronze_attributes
[2026-06-21T02:45:42.959+0000] {task_command.py:426} INFO - Running <TaskInstance: credit_default_ml_pipeline.feature_pipeline.feature_bronze_attributes scheduled__2024-05-01T00:00:00+00:00 [running]> on host f6e9e2801916
[2026-06-21T02:45:43.106+0000] {taskinstance.py:2648} INFO - Exporting env vars: AIRFLOW_CTX_DAG_OWNER='***' AIRFLOW_CTX_DAG_ID='credit_default_ml_pipeline' AIRFLOW_CTX_TASK_ID='feature_pipeline.feature_bronze_attributes' AIRFLOW_CTX_EXECUTION_DATE='2024-05-01T00:00:00+00:00' AIRFLOW_CTX_TRY_NUMBER='1' AIRFLOW_CTX_DAG_RUN_ID='scheduled__2024-05-01T00:00:00+00:00'
[2026-06-21T02:45:43.108+0000] {taskinstance.py:430} INFO - ::endgroup::
[2026-06-21T02:45:43.113+0000] {subprocess.py:63} INFO - Tmp dir root location: /tmp
[2026-06-21T02:45:43.114+0000] {subprocess.py:75} INFO - Running command: ['/usr/bin/bash', '-c', 'cd /opt/***/scripts && python3 bronze_processing.py --snapshotdate "2024-05-01" --source attributes']
[2026-06-21T02:45:43.120+0000] {subprocess.py:86} INFO - Output:
[2026-06-21T02:45:44.688+0000] {subprocess.py:93} INFO - Setting default log level to "WARN".
[2026-06-21T02:45:44.690+0000] {subprocess.py:93} INFO - To adjust logging level use sc.setLogLevel(newLevel). For SparkR, use setLogLevel(newLevel).
[2026-06-21T02:45:44.857+0000] {subprocess.py:93} INFO - 26/06/21 02:45:44 WARN NativeCodeLoader: Unable to load native-hadoop library for your platform... using builtin-java classes where applicable
[2026-06-21T02:45:51.272+0000] {subprocess.py:93} INFO - 
[2026-06-21T02:45:51.275+0000] {subprocess.py:93} INFO - --- bronze attributes 2024-05-01 ---
[2026-06-21T02:45:51.275+0000] {subprocess.py:93} INFO - 
[2026-06-21T02:45:51.279+0000] {subprocess.py:93} INFO - [bronze:attributes] 2024-05-01 row count: 491
[2026-06-21T02:45:51.280+0000] {subprocess.py:93} INFO - [bronze:attributes] saved to: datamart/bronze/attributes/bronze_attributes_2024_05_01.csv
[2026-06-21T02:45:51.281+0000] {subprocess.py:93} INFO - 
[2026-06-21T02:45:51.281+0000] {subprocess.py:93} INFO - --- done ---
[2026-06-21T02:45:51.282+0000] {subprocess.py:93} INFO - 
[2026-06-21T02:45:51.818+0000] {subprocess.py:97} INFO - Command exited with return code 0
[2026-06-21T02:45:51.822+0000] {taskinstance.py:441} INFO - ::group::Post task execution logs
[2026-06-21T02:45:51.862+0000] {taskinstance.py:1206} INFO - Marking task as SUCCESS. dag_id=credit_default_ml_pipeline, task_id=feature_pipeline.feature_bronze_attributes, run_id=scheduled__2024-05-01T00:00:00+00:00, execution_date=20240501T000000, start_date=20260621T024542, end_date=20260621T024551
[2026-06-21T02:45:51.914+0000] {local_task_job_runner.py:243} INFO - Task exited with return code 0
[2026-06-21T02:45:52.135+0000] {taskinstance.py:3503} INFO - 1 downstream tasks scheduled from follow-on schedule check
[2026-06-21T02:45:52.142+0000] {local_task_job_runner.py:222} INFO - ::endgroup::
[2026-06-21T06:11:23.621+0000] {local_task_job_runner.py:120} INFO - ::group::Pre task execution logs
[2026-06-21T06:11:23.633+0000] {taskinstance.py:2076} INFO - Dependencies all met for dep_context=non-requeueable deps ti=<TaskInstance: credit_default_ml_pipeline.feature_pipeline.feature_bronze_attributes scheduled__2024-05-01T00:00:00+00:00 [queued]>
[2026-06-21T06:11:23.636+0000] {taskinstance.py:2076} INFO - Dependencies all met for dep_context=requeueable deps ti=<TaskInstance: credit_default_ml_pipeline.feature_pipeline.feature_bronze_attributes scheduled__2024-05-01T00:00:00+00:00 [queued]>
[2026-06-21T06:11:23.638+0000] {taskinstance.py:2306} INFO - Starting attempt 1 of 2
[2026-06-21T06:11:23.643+0000] {taskinstance.py:2330} INFO - Executing <Task(BashOperator): feature_pipeline.feature_bronze_attributes> on 2024-05-01 00:00:00+00:00
[2026-06-21T06:11:23.647+0000] {logging_mixin.py:188} WARNING - /home/***/.local/lib/python3.12/site-packages/***/task/task_runner/standard_task_runner.py:62 DeprecationWarning: This process (pid=51873) is multi-threaded, use of fork() may lead to deadlocks in the child.
[2026-06-21T06:11:23.648+0000] {standard_task_runner.py:90} INFO - Running: ['***', 'tasks', 'run', 'credit_default_ml_pipeline', 'feature_pipeline.feature_bronze_attributes', 'scheduled__2024-05-01T00:00:00+00:00', '--job-id', '4215', '--raw', '--subdir', 'DAGS_FOLDER/dag.py', '--cfg-path', '/tmp/tmp5__y34kj']
[2026-06-21T06:11:23.649+0000] {standard_task_runner.py:64} INFO - Started process 51878 to run task
[2026-06-21T06:11:23.650+0000] {standard_task_runner.py:91} INFO - Job 4215: Subtask feature_pipeline.feature_bronze_attributes
[2026-06-21T06:11:23.785+0000] {task_command.py:426} INFO - Running <TaskInstance: credit_default_ml_pipeline.feature_pipeline.feature_bronze_attributes scheduled__2024-05-01T00:00:00+00:00 [running]> on host 9377a3f0491f
[2026-06-21T06:11:23.821+0000] {taskinstance.py:2648} INFO - Exporting env vars: AIRFLOW_CTX_DAG_OWNER='***' AIRFLOW_CTX_DAG_ID='credit_default_ml_pipeline' AIRFLOW_CTX_TASK_ID='feature_pipeline.feature_bronze_attributes' AIRFLOW_CTX_EXECUTION_DATE='2024-05-01T00:00:00+00:00' AIRFLOW_CTX_TRY_NUMBER='1' AIRFLOW_CTX_DAG_RUN_ID='scheduled__2024-05-01T00:00:00+00:00'
[2026-06-21T06:11:23.822+0000] {taskinstance.py:430} INFO - ::endgroup::
[2026-06-21T06:11:23.827+0000] {subprocess.py:63} INFO - Tmp dir root location: /tmp
[2026-06-21T06:11:23.829+0000] {subprocess.py:75} INFO - Running command: ['/usr/bin/bash', '-c', 'cd /opt/***/scripts && python3 bronze_processing.py --snapshotdate "2024-05-01" --source attributes']
[2026-06-21T06:11:23.834+0000] {subprocess.py:86} INFO - Output:
[2026-06-21T06:11:26.570+0000] {subprocess.py:93} INFO - Setting default log level to "WARN".
[2026-06-21T06:11:26.573+0000] {subprocess.py:93} INFO - To adjust logging level use sc.setLogLevel(newLevel). For SparkR, use setLogLevel(newLevel).
[2026-06-21T06:11:26.859+0000] {subprocess.py:93} INFO - 26/06/21 06:11:26 WARN NativeCodeLoader: Unable to load native-hadoop library for your platform... using builtin-java classes where applicable
[2026-06-21T06:11:27.889+0000] {subprocess.py:93} INFO - 26/06/21 06:11:27 WARN Utils: Service 'SparkUI' could not bind on port 4040. Attempting port 4041.
[2026-06-21T06:11:38.500+0000] {subprocess.py:93} INFO - [Stage 1:>                                                          (0 + 1) / 1]                                                                                [Stage 2:>                                                          (0 + 1) / 1]
[2026-06-21T06:11:38.505+0000] {subprocess.py:93} INFO - --- bronze attributes 2024-05-01 ---
[2026-06-21T06:11:38.511+0000] {subprocess.py:93} INFO - 
[2026-06-21T06:11:38.512+0000] {subprocess.py:93} INFO - [bronze:attributes] 2024-05-01 row count: 491
[2026-06-21T06:11:38.516+0000] {subprocess.py:93} INFO - [bronze:attributes] saved to: datamart/bronze/attributes/bronze_attributes_2024_05_01.csv
[2026-06-21T06:11:38.517+0000] {subprocess.py:93} INFO - 
[2026-06-21T06:11:38.518+0000] {subprocess.py:93} INFO - --- done ---
[2026-06-21T06:11:38.519+0000] {subprocess.py:93} INFO - 
[2026-06-21T06:11:39.186+0000] {subprocess.py:97} INFO - Command exited with return code 0
[2026-06-21T06:11:39.200+0000] {taskinstance.py:441} INFO - ::group::Post task execution logs
[2026-06-21T06:11:39.313+0000] {taskinstance.py:1206} INFO - Marking task as SUCCESS. dag_id=credit_default_ml_pipeline, task_id=feature_pipeline.feature_bronze_attributes, run_id=scheduled__2024-05-01T00:00:00+00:00, execution_date=20240501T000000, start_date=20260621T061123, end_date=20260621T061139
[2026-06-21T06:11:39.384+0000] {local_task_job_runner.py:243} INFO - Task exited with return code 0
[2026-06-21T06:11:39.478+0000] {taskinstance.py:3503} INFO - 1 downstream tasks scheduled from follow-on schedule check
[2026-06-21T06:11:39.482+0000] {local_task_job_runner.py:222} INFO - ::endgroup::
