[2026-06-17T00:46:48.988+0000] {local_task_job_runner.py:120} INFO - ::group::Pre task execution logs
[2026-06-17T00:46:48.999+0000] {taskinstance.py:2076} INFO - Dependencies all met for dep_context=non-requeueable deps ti=<TaskInstance: credit_default_ml_pipeline.feature_pipeline.gold_feature_store scheduled__2023-06-01T00:00:00+00:00 [queued]>
[2026-06-17T00:46:49.002+0000] {taskinstance.py:2076} INFO - Dependencies all met for dep_context=requeueable deps ti=<TaskInstance: credit_default_ml_pipeline.feature_pipeline.gold_feature_store scheduled__2023-06-01T00:00:00+00:00 [queued]>
[2026-06-17T00:46:49.003+0000] {taskinstance.py:2306} INFO - Starting attempt 2 of 3
[2026-06-17T00:46:49.006+0000] {taskinstance.py:2330} INFO - Executing <Task(BashOperator): feature_pipeline.gold_feature_store> on 2023-06-01 00:00:00+00:00
[2026-06-17T00:46:49.009+0000] {logging_mixin.py:188} WARNING - /home/***/.local/lib/python3.12/site-packages/***/task/task_runner/standard_task_runner.py:62 DeprecationWarning: This process (pid=57866) is multi-threaded, use of fork() may lead to deadlocks in the child.
[2026-06-17T00:46:49.010+0000] {standard_task_runner.py:64} INFO - Started process 57867 to run task
[2026-06-17T00:46:49.009+0000] {standard_task_runner.py:90} INFO - Running: ['***', 'tasks', 'run', 'credit_default_ml_pipeline', 'feature_pipeline.gold_feature_store', 'scheduled__2023-06-01T00:00:00+00:00', '--job-id', '506', '--raw', '--subdir', 'DAGS_FOLDER/dag.py', '--cfg-path', '/tmp/tmpzd9iao5b']
[2026-06-17T00:46:49.012+0000] {standard_task_runner.py:91} INFO - Job 506: Subtask feature_pipeline.gold_feature_store
[2026-06-17T00:46:49.029+0000] {task_command.py:426} INFO - Running <TaskInstance: credit_default_ml_pipeline.feature_pipeline.gold_feature_store scheduled__2023-06-01T00:00:00+00:00 [running]> on host 2b9b50b7433d
[2026-06-17T00:46:49.058+0000] {taskinstance.py:2648} INFO - Exporting env vars: AIRFLOW_CTX_DAG_OWNER='***' AIRFLOW_CTX_DAG_ID='credit_default_ml_pipeline' AIRFLOW_CTX_TASK_ID='feature_pipeline.gold_feature_store' AIRFLOW_CTX_EXECUTION_DATE='2023-06-01T00:00:00+00:00' AIRFLOW_CTX_TRY_NUMBER='2' AIRFLOW_CTX_DAG_RUN_ID='scheduled__2023-06-01T00:00:00+00:00'
[2026-06-17T00:46:49.059+0000] {taskinstance.py:430} INFO - ::endgroup::
[2026-06-17T00:46:49.063+0000] {subprocess.py:63} INFO - Tmp dir root location: /tmp
[2026-06-17T00:46:49.064+0000] {subprocess.py:75} INFO - Running command: ['/usr/bin/bash', '-c', 'cd /opt/***/scripts && python3 gold_feature_store.py --snapshotdate "2023-06-01"']
[2026-06-17T00:46:49.067+0000] {subprocess.py:86} INFO - Output:
[2026-06-17T00:46:50.068+0000] {subprocess.py:93} INFO - Setting default log level to "WARN".
[2026-06-17T00:46:50.069+0000] {subprocess.py:93} INFO - To adjust logging level use sc.setLogLevel(newLevel). For SparkR, use setLogLevel(newLevel).
[2026-06-17T00:46:50.203+0000] {subprocess.py:93} INFO - 26/06/17 00:46:50 WARN NativeCodeLoader: Unable to load native-hadoop library for your platform... using builtin-java classes where applicable
[2026-06-17T00:47:02.711+0000] {subprocess.py:93} INFO - [Stage 11:>                                                         (0 + 8) / 8]                                                                                [Stage 63:>                                                         (0 + 1) / 1]
[2026-06-17T00:47:02.720+0000] {subprocess.py:93} INFO - --- gold feature 2023-06-01 ---
[2026-06-17T00:47:02.722+0000] {subprocess.py:93} INFO - 
[2026-06-17T00:47:02.724+0000] {subprocess.py:93} INFO - [gold:feature] 2023-06-01 applications (mob=0): 517
[2026-06-17T00:47:02.725+0000] {subprocess.py:93} INFO - [gold:feature] saved to: datamart/gold/feature_store/gold_feature_store_2023_06_01.parquet (517 rows, 86 cols)
[2026-06-17T00:47:02.726+0000] {subprocess.py:93} INFO - 
[2026-06-17T00:47:02.727+0000] {subprocess.py:93} INFO - --- done ---
[2026-06-17T00:47:02.728+0000] {subprocess.py:93} INFO - 
[2026-06-17T00:47:03.319+0000] {subprocess.py:97} INFO - Command exited with return code 0
[2026-06-17T00:47:03.323+0000] {taskinstance.py:441} INFO - ::group::Post task execution logs
[2026-06-17T00:47:03.353+0000] {taskinstance.py:1206} INFO - Marking task as SUCCESS. dag_id=credit_default_ml_pipeline, task_id=feature_pipeline.gold_feature_store, run_id=scheduled__2023-06-01T00:00:00+00:00, execution_date=20230601T000000, start_date=20260617T004649, end_date=20260617T004703
[2026-06-17T00:47:03.397+0000] {local_task_job_runner.py:243} INFO - Task exited with return code 0
[2026-06-17T00:47:03.423+0000] {taskinstance.py:3503} INFO - 0 downstream tasks scheduled from follow-on schedule check
[2026-06-17T00:47:03.424+0000] {local_task_job_runner.py:222} INFO - ::endgroup::
