[2026-06-17T01:09:47.495+0000] {local_task_job_runner.py:120} INFO - ::group::Pre task execution logs
[2026-06-17T01:09:47.514+0000] {taskinstance.py:2076} INFO - Dependencies all met for dep_context=non-requeueable deps ti=<TaskInstance: credit_default_ml_pipeline.monitoring.challenger_monitor scheduled__2024-02-01T00:00:00+00:00 [queued]>
[2026-06-17T01:09:47.519+0000] {taskinstance.py:2076} INFO - Dependencies all met for dep_context=requeueable deps ti=<TaskInstance: credit_default_ml_pipeline.monitoring.challenger_monitor scheduled__2024-02-01T00:00:00+00:00 [queued]>
[2026-06-17T01:09:47.520+0000] {taskinstance.py:2306} INFO - Starting attempt 1 of 2
[2026-06-17T01:09:47.526+0000] {taskinstance.py:2330} INFO - Executing <Task(BashOperator): monitoring.challenger_monitor> on 2024-02-01 00:00:00+00:00
[2026-06-17T01:09:47.529+0000] {standard_task_runner.py:90} INFO - Running: ['***', 'tasks', 'run', 'credit_default_ml_pipeline', 'monitoring.challenger_monitor', 'scheduled__2024-02-01T00:00:00+00:00', '--job-id', '646', '--raw', '--subdir', 'DAGS_FOLDER/dag.py', '--cfg-path', '/tmp/tmpajxcjle4']
[2026-06-17T01:09:47.529+0000] {logging_mixin.py:188} WARNING - /home/***/.local/lib/python3.12/site-packages/***/task/task_runner/standard_task_runner.py:62 DeprecationWarning: This process (pid=84309) is multi-threaded, use of fork() may lead to deadlocks in the child.
[2026-06-17T01:09:47.531+0000] {standard_task_runner.py:91} INFO - Job 646: Subtask monitoring.challenger_monitor
[2026-06-17T01:09:47.531+0000] {standard_task_runner.py:64} INFO - Started process 84310 to run task
[2026-06-17T01:09:47.551+0000] {task_command.py:426} INFO - Running <TaskInstance: credit_default_ml_pipeline.monitoring.challenger_monitor scheduled__2024-02-01T00:00:00+00:00 [running]> on host 2b9b50b7433d
[2026-06-17T01:09:47.581+0000] {taskinstance.py:2648} INFO - Exporting env vars: AIRFLOW_CTX_DAG_OWNER='***' AIRFLOW_CTX_DAG_ID='credit_default_ml_pipeline' AIRFLOW_CTX_TASK_ID='monitoring.challenger_monitor' AIRFLOW_CTX_EXECUTION_DATE='2024-02-01T00:00:00+00:00' AIRFLOW_CTX_TRY_NUMBER='1' AIRFLOW_CTX_DAG_RUN_ID='scheduled__2024-02-01T00:00:00+00:00'
[2026-06-17T01:09:47.583+0000] {taskinstance.py:430} INFO - ::endgroup::
[2026-06-17T01:09:47.587+0000] {subprocess.py:63} INFO - Tmp dir root location: /tmp
[2026-06-17T01:09:47.588+0000] {subprocess.py:75} INFO - Running command: ['/usr/bin/bash', '-c', 'cd /opt/***/scripts && python3 model_monitor.py --snapshotdate "2024-02-01" --modelname "credit_logreg_2024_09_01.pkl"']
[2026-06-17T01:09:47.593+0000] {subprocess.py:86} INFO - Output:
[2026-06-17T01:09:48.342+0000] {subprocess.py:93} INFO - 
[2026-06-17T01:09:48.343+0000] {subprocess.py:93} INFO - --- monitoring credit_logreg_2024_09_01.pkl ---
[2026-06-17T01:09:48.344+0000] {subprocess.py:93} INFO - 
[2026-06-17T01:09:48.345+0000] {subprocess.py:93} INFO - model credit_logreg_2024_09_01.pkl not in bank yet; skipping monitoring.
[2026-06-17T01:09:48.490+0000] {subprocess.py:97} INFO - Command exited with return code 0
[2026-06-17T01:09:48.492+0000] {taskinstance.py:441} INFO - ::group::Post task execution logs
[2026-06-17T01:09:48.508+0000] {taskinstance.py:1206} INFO - Marking task as SUCCESS. dag_id=credit_default_ml_pipeline, task_id=monitoring.challenger_monitor, run_id=scheduled__2024-02-01T00:00:00+00:00, execution_date=20240201T000000, start_date=20260617T010947, end_date=20260617T010948
[2026-06-17T01:09:48.537+0000] {local_task_job_runner.py:243} INFO - Task exited with return code 0
[2026-06-17T01:09:48.550+0000] {taskinstance.py:3503} INFO - 0 downstream tasks scheduled from follow-on schedule check
[2026-06-17T01:09:48.551+0000] {local_task_job_runner.py:222} INFO - ::endgroup::
