[2026-06-18T02:31:00.480+0000] {local_task_job_runner.py:120} INFO - ::group::Pre task execution logs
[2026-06-18T02:31:00.498+0000] {taskinstance.py:2076} INFO - Dependencies all met for dep_context=non-requeueable deps ti=<TaskInstance: credit_default_ml_pipeline.feature_pipeline.feature_silver_financials scheduled__2023-04-01T00:00:00+00:00 [queued]>
[2026-06-18T02:31:00.504+0000] {taskinstance.py:2076} INFO - Dependencies all met for dep_context=requeueable deps ti=<TaskInstance: credit_default_ml_pipeline.feature_pipeline.feature_silver_financials scheduled__2023-04-01T00:00:00+00:00 [queued]>
[2026-06-18T02:31:00.504+0000] {taskinstance.py:2306} INFO - Starting attempt 3 of 4
[2026-06-18T02:31:00.511+0000] {taskinstance.py:2330} INFO - Executing <Task(BashOperator): feature_pipeline.feature_silver_financials> on 2023-04-01 00:00:00+00:00
[2026-06-18T02:31:00.516+0000] {logging_mixin.py:188} WARNING - /home/***/.local/lib/python3.12/site-packages/***/task/task_runner/standard_task_runner.py:62 DeprecationWarning: This process (pid=20724) is multi-threaded, use of fork() may lead to deadlocks in the child.
[2026-06-18T02:31:00.517+0000] {standard_task_runner.py:64} INFO - Started process 20733 to run task
[2026-06-18T02:31:00.516+0000] {standard_task_runner.py:90} INFO - Running: ['***', 'tasks', 'run', 'credit_default_ml_pipeline', 'feature_pipeline.feature_silver_financials', 'scheduled__2023-04-01T00:00:00+00:00', '--job-id', '900', '--raw', '--subdir', 'DAGS_FOLDER/dag.py', '--cfg-path', '/tmp/tmpzt1s4cu3']
[2026-06-18T02:31:00.518+0000] {standard_task_runner.py:91} INFO - Job 900: Subtask feature_pipeline.feature_silver_financials
[2026-06-18T02:31:00.548+0000] {task_command.py:426} INFO - Running <TaskInstance: credit_default_ml_pipeline.feature_pipeline.feature_silver_financials scheduled__2023-04-01T00:00:00+00:00 [running]> on host bfbc24b887a5
[2026-06-18T02:31:00.724+0000] {taskinstance.py:2648} INFO - Exporting env vars: AIRFLOW_CTX_DAG_OWNER='***' AIRFLOW_CTX_DAG_ID='credit_default_ml_pipeline' AIRFLOW_CTX_TASK_ID='feature_pipeline.feature_silver_financials' AIRFLOW_CTX_EXECUTION_DATE='2023-04-01T00:00:00+00:00' AIRFLOW_CTX_TRY_NUMBER='3' AIRFLOW_CTX_DAG_RUN_ID='scheduled__2023-04-01T00:00:00+00:00'
[2026-06-18T02:31:00.726+0000] {taskinstance.py:430} INFO - ::endgroup::
[2026-06-18T02:31:00.731+0000] {subprocess.py:63} INFO - Tmp dir root location: /tmp
[2026-06-18T02:31:00.732+0000] {subprocess.py:75} INFO - Running command: ['/usr/bin/bash', '-c', 'cd /opt/***/scripts && python3 silver_processing.py --snapshotdate "2023-04-01" --source financials']
[2026-06-18T02:31:00.739+0000] {subprocess.py:86} INFO - Output:
[2026-06-18T02:31:02.937+0000] {subprocess.py:93} INFO - Setting default log level to "WARN".
[2026-06-18T02:31:02.939+0000] {subprocess.py:93} INFO - To adjust logging level use sc.setLogLevel(newLevel). For SparkR, use setLogLevel(newLevel).
[2026-06-18T02:31:03.152+0000] {subprocess.py:93} INFO - 26/06/18 02:31:03 WARN NativeCodeLoader: Unable to load native-hadoop library for your platform... using builtin-java classes where applicable
[2026-06-18T02:31:04.007+0000] {subprocess.py:93} INFO - 26/06/18 02:31:04 WARN Utils: Service 'SparkUI' could not bind on port 4040. Attempting port 4041.
[2026-06-18T02:31:04.008+0000] {subprocess.py:93} INFO - 26/06/18 02:31:04 WARN Utils: Service 'SparkUI' could not bind on port 4041. Attempting port 4042.
[2026-06-18T02:31:04.010+0000] {subprocess.py:93} INFO - 26/06/18 02:31:04 WARN Utils: Service 'SparkUI' could not bind on port 4042. Attempting port 4043.
[2026-06-18T02:31:04.011+0000] {subprocess.py:93} INFO - 26/06/18 02:31:04 WARN Utils: Service 'SparkUI' could not bind on port 4043. Attempting port 4044.
[2026-06-18T02:31:15.541+0000] {subprocess.py:93} INFO - [Stage 10:>                                                         (0 + 1) / 1]
[2026-06-18T02:31:15.543+0000] {subprocess.py:93} INFO - --- silver financials 2023-04-01 ---
[2026-06-18T02:31:15.543+0000] {subprocess.py:93} INFO - 
[2026-06-18T02:31:15.544+0000] {subprocess.py:93} INFO - [silver:financials] loaded datamart/bronze/financials/bronze_financials_2023_04_01.csv rows: 510
[2026-06-18T02:31:15.545+0000] {subprocess.py:93} INFO - [silver:loan_type] saved to: datamart/silver/loan_type/2023_04_01.parquet
[2026-06-18T02:31:15.545+0000] {subprocess.py:93} INFO - [silver:financials] saved to: datamart/silver/financials/2023_04_01.parquet
[2026-06-18T02:31:15.546+0000] {subprocess.py:93} INFO - 
[2026-06-18T02:31:15.546+0000] {subprocess.py:93} INFO - --- done ---
[2026-06-18T02:31:15.547+0000] {subprocess.py:93} INFO - 
[2026-06-18T02:31:15.958+0000] {subprocess.py:97} INFO - Command exited with return code 0
[2026-06-18T02:31:15.960+0000] {taskinstance.py:441} INFO - ::group::Post task execution logs
[2026-06-18T02:31:15.988+0000] {taskinstance.py:1206} INFO - Marking task as SUCCESS. dag_id=credit_default_ml_pipeline, task_id=feature_pipeline.feature_silver_financials, run_id=scheduled__2023-04-01T00:00:00+00:00, execution_date=20230401T000000, start_date=20260618T023100, end_date=20260618T023115
[2026-06-18T02:31:16.021+0000] {local_task_job_runner.py:243} INFO - Task exited with return code 0
[2026-06-18T02:31:16.154+0000] {taskinstance.py:3503} INFO - 0 downstream tasks scheduled from follow-on schedule check
[2026-06-18T02:31:16.155+0000] {local_task_job_runner.py:222} INFO - ::endgroup::
