[2026-06-17T01:28:41.556+0000] {local_task_job_runner.py:120} INFO - ::group::Pre task execution logs
[2026-06-17T01:28:41.579+0000] {taskinstance.py:2076} INFO - Dependencies all met for dep_context=non-requeueable deps ti=<TaskInstance: credit_default_ml_pipeline.feature_pipeline.feature_silver_lms scheduled__2024-10-01T00:00:00+00:00 [queued]>
[2026-06-17T01:28:41.585+0000] {taskinstance.py:2076} INFO - Dependencies all met for dep_context=requeueable deps ti=<TaskInstance: credit_default_ml_pipeline.feature_pipeline.feature_silver_lms scheduled__2024-10-01T00:00:00+00:00 [queued]>
[2026-06-17T01:28:41.586+0000] {taskinstance.py:2306} INFO - Starting attempt 2 of 3
[2026-06-17T01:28:41.592+0000] {taskinstance.py:2330} INFO - Executing <Task(BashOperator): feature_pipeline.feature_silver_lms> on 2024-10-01 00:00:00+00:00
[2026-06-17T01:28:41.596+0000] {logging_mixin.py:188} WARNING - /home/***/.local/lib/python3.12/site-packages/***/task/task_runner/standard_task_runner.py:62 DeprecationWarning: This process (pid=8547) is multi-threaded, use of fork() may lead to deadlocks in the child.
[2026-06-17T01:28:41.596+0000] {standard_task_runner.py:90} INFO - Running: ['***', 'tasks', 'run', 'credit_default_ml_pipeline', 'feature_pipeline.feature_silver_lms', 'scheduled__2024-10-01T00:00:00+00:00', '--job-id', '773', '--raw', '--subdir', 'DAGS_FOLDER/dag.py', '--cfg-path', '/tmp/tmpkxye5ipc']
[2026-06-17T01:28:41.598+0000] {standard_task_runner.py:64} INFO - Started process 8551 to run task
[2026-06-17T01:28:41.598+0000] {standard_task_runner.py:91} INFO - Job 773: Subtask feature_pipeline.feature_silver_lms
[2026-06-17T01:28:41.632+0000] {task_command.py:426} INFO - Running <TaskInstance: credit_default_ml_pipeline.feature_pipeline.feature_silver_lms scheduled__2024-10-01T00:00:00+00:00 [running]> on host 2b9b50b7433d
[2026-06-17T01:28:41.680+0000] {taskinstance.py:2648} INFO - Exporting env vars: AIRFLOW_CTX_DAG_OWNER='***' AIRFLOW_CTX_DAG_ID='credit_default_ml_pipeline' AIRFLOW_CTX_TASK_ID='feature_pipeline.feature_silver_lms' AIRFLOW_CTX_EXECUTION_DATE='2024-10-01T00:00:00+00:00' AIRFLOW_CTX_TRY_NUMBER='2' AIRFLOW_CTX_DAG_RUN_ID='scheduled__2024-10-01T00:00:00+00:00'
[2026-06-17T01:28:41.682+0000] {taskinstance.py:430} INFO - ::endgroup::
[2026-06-17T01:28:41.691+0000] {subprocess.py:63} INFO - Tmp dir root location: /tmp
[2026-06-17T01:28:41.692+0000] {subprocess.py:75} INFO - Running command: ['/usr/bin/bash', '-c', 'cd /opt/***/scripts && python3 silver_processing.py --snapshotdate "2024-10-01" --source lms']
[2026-06-17T01:28:41.699+0000] {subprocess.py:86} INFO - Output:
[2026-06-17T01:28:43.622+0000] {subprocess.py:93} INFO - Setting default log level to "WARN".
[2026-06-17T01:28:43.624+0000] {subprocess.py:93} INFO - To adjust logging level use sc.setLogLevel(newLevel). For SparkR, use setLogLevel(newLevel).
[2026-06-17T01:28:43.861+0000] {subprocess.py:93} INFO - 26/06/17 01:28:43 WARN NativeCodeLoader: Unable to load native-hadoop library for your platform... using builtin-java classes where applicable
[2026-06-17T01:28:44.934+0000] {subprocess.py:93} INFO - 26/06/17 01:28:44 WARN Utils: Service 'SparkUI' could not bind on port 4040. Attempting port 4041.
[2026-06-17T01:28:44.937+0000] {subprocess.py:93} INFO - 26/06/17 01:28:44 WARN Utils: Service 'SparkUI' could not bind on port 4041. Attempting port 4042.
[2026-06-17T01:28:44.939+0000] {subprocess.py:93} INFO - 26/06/17 01:28:44 WARN Utils: Service 'SparkUI' could not bind on port 4042. Attempting port 4043.
[2026-06-17T01:28:44.957+0000] {subprocess.py:93} INFO - 26/06/17 01:28:44 WARN Utils: Service 'SparkUI' could not bind on port 4043. Attempting port 4044.
[2026-06-17T01:28:52.793+0000] {subprocess.py:93} INFO - [Stage 5:>                                                          (0 + 1) / 1]
[2026-06-17T01:28:52.797+0000] {subprocess.py:93} INFO - --- silver lms 2024-10-01 ---
[2026-06-17T01:28:52.802+0000] {subprocess.py:93} INFO - 
[2026-06-17T01:28:52.803+0000] {subprocess.py:93} INFO - [silver:lms] loaded datamart/bronze/lms/bronze_lms_2024_10_01.csv rows: 5502
[2026-06-17T01:28:52.806+0000] {subprocess.py:93} INFO - [silver:lms] saved to: datamart/silver/lms/2024_10_01.parquet
[2026-06-17T01:28:52.807+0000] {subprocess.py:93} INFO - 
[2026-06-17T01:28:52.808+0000] {subprocess.py:93} INFO - --- done ---
[2026-06-17T01:28:52.812+0000] {subprocess.py:93} INFO - 
[2026-06-17T01:28:53.252+0000] {subprocess.py:97} INFO - Command exited with return code 0
[2026-06-17T01:28:53.254+0000] {taskinstance.py:441} INFO - ::group::Post task execution logs
[2026-06-17T01:28:53.290+0000] {taskinstance.py:1206} INFO - Marking task as SUCCESS. dag_id=credit_default_ml_pipeline, task_id=feature_pipeline.feature_silver_lms, run_id=scheduled__2024-10-01T00:00:00+00:00, execution_date=20241001T000000, start_date=20260617T012841, end_date=20260617T012853
[2026-06-17T01:28:53.333+0000] {local_task_job_runner.py:243} INFO - Task exited with return code 0
[2026-06-17T01:28:53.367+0000] {taskinstance.py:3503} INFO - 0 downstream tasks scheduled from follow-on schedule check
[2026-06-17T01:28:53.368+0000] {local_task_job_runner.py:222} INFO - ::endgroup::
[2026-06-20T16:15:18.291+0000] {local_task_job_runner.py:120} INFO - ::group::Pre task execution logs
[2026-06-20T16:15:18.303+0000] {taskinstance.py:2076} INFO - Dependencies all met for dep_context=non-requeueable deps ti=<TaskInstance: credit_default_ml_pipeline.feature_pipeline.feature_silver_lms scheduled__2024-10-01T00:00:00+00:00 [queued]>
[2026-06-20T16:15:18.307+0000] {taskinstance.py:2076} INFO - Dependencies all met for dep_context=requeueable deps ti=<TaskInstance: credit_default_ml_pipeline.feature_pipeline.feature_silver_lms scheduled__2024-10-01T00:00:00+00:00 [queued]>
[2026-06-20T16:15:18.308+0000] {taskinstance.py:2306} INFO - Starting attempt 2 of 2
[2026-06-20T16:15:18.313+0000] {taskinstance.py:2330} INFO - Executing <Task(BashOperator): feature_pipeline.feature_silver_lms> on 2024-10-01 00:00:00+00:00
[2026-06-20T16:15:18.316+0000] {logging_mixin.py:188} WARNING - /home/***/.local/lib/python3.12/site-packages/***/task/task_runner/standard_task_runner.py:62 DeprecationWarning: This process (pid=52087) is multi-threaded, use of fork() may lead to deadlocks in the child.
[2026-06-20T16:15:18.317+0000] {standard_task_runner.py:64} INFO - Started process 52089 to run task
[2026-06-20T16:15:18.316+0000] {standard_task_runner.py:90} INFO - Running: ['***', 'tasks', 'run', 'credit_default_ml_pipeline', 'feature_pipeline.feature_silver_lms', 'scheduled__2024-10-01T00:00:00+00:00', '--job-id', '2819', '--raw', '--subdir', 'DAGS_FOLDER/dag.py', '--cfg-path', '/tmp/tmp6vu_lnyw']
[2026-06-20T16:15:18.321+0000] {standard_task_runner.py:91} INFO - Job 2819: Subtask feature_pipeline.feature_silver_lms
[2026-06-20T16:15:18.442+0000] {task_command.py:426} INFO - Running <TaskInstance: credit_default_ml_pipeline.feature_pipeline.feature_silver_lms scheduled__2024-10-01T00:00:00+00:00 [running]> on host 9cf341f51c89
[2026-06-20T16:15:18.466+0000] {taskinstance.py:2648} INFO - Exporting env vars: AIRFLOW_CTX_DAG_OWNER='***' AIRFLOW_CTX_DAG_ID='credit_default_ml_pipeline' AIRFLOW_CTX_TASK_ID='feature_pipeline.feature_silver_lms' AIRFLOW_CTX_EXECUTION_DATE='2024-10-01T00:00:00+00:00' AIRFLOW_CTX_TRY_NUMBER='2' AIRFLOW_CTX_DAG_RUN_ID='scheduled__2024-10-01T00:00:00+00:00'
[2026-06-20T16:15:18.467+0000] {taskinstance.py:430} INFO - ::endgroup::
[2026-06-20T16:15:18.471+0000] {subprocess.py:63} INFO - Tmp dir root location: /tmp
[2026-06-20T16:15:18.472+0000] {subprocess.py:75} INFO - Running command: ['/usr/bin/bash', '-c', 'cd /opt/***/scripts && python3 silver_processing.py --snapshotdate "2024-10-01" --source lms']
[2026-06-20T16:15:18.475+0000] {subprocess.py:86} INFO - Output:
[2026-06-20T16:15:19.327+0000] {subprocess.py:93} INFO - Setting default log level to "WARN".
[2026-06-20T16:15:19.328+0000] {subprocess.py:93} INFO - To adjust logging level use sc.setLogLevel(newLevel). For SparkR, use setLogLevel(newLevel).
[2026-06-20T16:15:19.414+0000] {subprocess.py:93} INFO - 26/06/20 16:15:19 WARN NativeCodeLoader: Unable to load native-hadoop library for your platform... using builtin-java classes where applicable
[2026-06-20T16:15:22.296+0000] {subprocess.py:93} INFO - 
[2026-06-20T16:15:22.297+0000] {subprocess.py:93} INFO - --- silver lms 2024-10-01 ---
[2026-06-20T16:15:22.297+0000] {subprocess.py:93} INFO - 
[2026-06-20T16:15:22.298+0000] {subprocess.py:93} INFO - [silver:lms] loaded datamart/bronze/lms/bronze_lms_2024_10_01.csv rows: 5502
[2026-06-20T16:15:22.298+0000] {subprocess.py:93} INFO - [silver:lms] cleared stale partition: datamart/silver/lms/2024_10_01.parquet
[2026-06-20T16:15:22.298+0000] {subprocess.py:93} INFO - [silver:lms] saved to: datamart/silver/lms/2024_10_01.parquet
[2026-06-20T16:15:22.298+0000] {subprocess.py:93} INFO - 
[2026-06-20T16:15:22.299+0000] {subprocess.py:93} INFO - --- done ---
[2026-06-20T16:15:22.299+0000] {subprocess.py:93} INFO - 
[2026-06-20T16:15:22.712+0000] {subprocess.py:97} INFO - Command exited with return code 0
[2026-06-20T16:15:22.716+0000] {taskinstance.py:441} INFO - ::group::Post task execution logs
[2026-06-20T16:15:22.743+0000] {taskinstance.py:1206} INFO - Marking task as SUCCESS. dag_id=credit_default_ml_pipeline, task_id=feature_pipeline.feature_silver_lms, run_id=scheduled__2024-10-01T00:00:00+00:00, execution_date=20241001T000000, start_date=20260620T161518, end_date=20260620T161522
[2026-06-20T16:15:22.757+0000] {local_task_job_runner.py:243} INFO - Task exited with return code 0
[2026-06-20T16:15:22.845+0000] {taskinstance.py:3503} INFO - 1 downstream tasks scheduled from follow-on schedule check
[2026-06-20T16:15:22.848+0000] {local_task_job_runner.py:222} INFO - ::endgroup::
[2026-06-21T03:03:17.604+0000] {local_task_job_runner.py:120} INFO - ::group::Pre task execution logs
[2026-06-21T03:03:17.617+0000] {taskinstance.py:2076} INFO - Dependencies all met for dep_context=non-requeueable deps ti=<TaskInstance: credit_default_ml_pipeline.feature_pipeline.feature_silver_lms scheduled__2024-10-01T00:00:00+00:00 [queued]>
[2026-06-21T03:03:17.621+0000] {taskinstance.py:2076} INFO - Dependencies all met for dep_context=requeueable deps ti=<TaskInstance: credit_default_ml_pipeline.feature_pipeline.feature_silver_lms scheduled__2024-10-01T00:00:00+00:00 [queued]>
[2026-06-21T03:03:17.621+0000] {taskinstance.py:2306} INFO - Starting attempt 2 of 2
[2026-06-21T03:03:17.626+0000] {taskinstance.py:2330} INFO - Executing <Task(BashOperator): feature_pipeline.feature_silver_lms> on 2024-10-01 00:00:00+00:00
[2026-06-21T03:03:17.631+0000] {logging_mixin.py:188} WARNING - /home/***/.local/lib/python3.12/site-packages/***/task/task_runner/standard_task_runner.py:62 DeprecationWarning: This process (pid=69468) is multi-threaded, use of fork() may lead to deadlocks in the child.
[2026-06-21T03:03:17.631+0000] {standard_task_runner.py:64} INFO - Started process 69470 to run task
[2026-06-21T03:03:17.631+0000] {standard_task_runner.py:90} INFO - Running: ['***', 'tasks', 'run', 'credit_default_ml_pipeline', 'feature_pipeline.feature_silver_lms', 'scheduled__2024-10-01T00:00:00+00:00', '--job-id', '3860', '--raw', '--subdir', 'DAGS_FOLDER/dag.py', '--cfg-path', '/tmp/tmppg1r2fri']
[2026-06-21T03:03:17.632+0000] {standard_task_runner.py:91} INFO - Job 3860: Subtask feature_pipeline.feature_silver_lms
[2026-06-21T03:03:17.650+0000] {task_command.py:426} INFO - Running <TaskInstance: credit_default_ml_pipeline.feature_pipeline.feature_silver_lms scheduled__2024-10-01T00:00:00+00:00 [running]> on host f6e9e2801916
[2026-06-21T03:03:17.746+0000] {taskinstance.py:2648} INFO - Exporting env vars: AIRFLOW_CTX_DAG_OWNER='***' AIRFLOW_CTX_DAG_ID='credit_default_ml_pipeline' AIRFLOW_CTX_TASK_ID='feature_pipeline.feature_silver_lms' AIRFLOW_CTX_EXECUTION_DATE='2024-10-01T00:00:00+00:00' AIRFLOW_CTX_TRY_NUMBER='2' AIRFLOW_CTX_DAG_RUN_ID='scheduled__2024-10-01T00:00:00+00:00'
[2026-06-21T03:03:17.747+0000] {taskinstance.py:430} INFO - ::endgroup::
[2026-06-21T03:03:17.752+0000] {subprocess.py:63} INFO - Tmp dir root location: /tmp
[2026-06-21T03:03:17.753+0000] {subprocess.py:75} INFO - Running command: ['/usr/bin/bash', '-c', 'cd /opt/***/scripts && python3 silver_processing.py --snapshotdate "2024-10-01" --source lms']
[2026-06-21T03:03:17.759+0000] {subprocess.py:86} INFO - Output:
[2026-06-21T03:03:18.640+0000] {subprocess.py:93} INFO - Setting default log level to "WARN".
[2026-06-21T03:03:18.641+0000] {subprocess.py:93} INFO - To adjust logging level use sc.setLogLevel(newLevel). For SparkR, use setLogLevel(newLevel).
[2026-06-21T03:03:18.710+0000] {subprocess.py:93} INFO - 26/06/21 03:03:18 WARN NativeCodeLoader: Unable to load native-hadoop library for your platform... using builtin-java classes where applicable
[2026-06-21T03:03:21.625+0000] {subprocess.py:93} INFO - 
[2026-06-21T03:03:21.626+0000] {subprocess.py:93} INFO - --- silver lms 2024-10-01 ---
[2026-06-21T03:03:21.626+0000] {subprocess.py:93} INFO - 
[2026-06-21T03:03:21.626+0000] {subprocess.py:93} INFO - [silver:lms] loaded datamart/bronze/lms/bronze_lms_2024_10_01.csv rows: 5502
[2026-06-21T03:03:21.626+0000] {subprocess.py:93} INFO - [silver:lms] cleared stale partition: datamart/silver/lms/2024_10_01.parquet
[2026-06-21T03:03:21.627+0000] {subprocess.py:93} INFO - [silver:lms] saved to: datamart/silver/lms/2024_10_01.parquet
[2026-06-21T03:03:21.627+0000] {subprocess.py:93} INFO - 
[2026-06-21T03:03:21.627+0000] {subprocess.py:93} INFO - --- done ---
[2026-06-21T03:03:21.628+0000] {subprocess.py:93} INFO - 
[2026-06-21T03:03:22.057+0000] {subprocess.py:97} INFO - Command exited with return code 0
[2026-06-21T03:03:22.059+0000] {taskinstance.py:441} INFO - ::group::Post task execution logs
[2026-06-21T03:03:22.076+0000] {taskinstance.py:1206} INFO - Marking task as SUCCESS. dag_id=credit_default_ml_pipeline, task_id=feature_pipeline.feature_silver_lms, run_id=scheduled__2024-10-01T00:00:00+00:00, execution_date=20241001T000000, start_date=20260621T030317, end_date=20260621T030322
[2026-06-21T03:03:22.103+0000] {local_task_job_runner.py:243} INFO - Task exited with return code 0
[2026-06-21T03:03:22.119+0000] {taskinstance.py:3503} INFO - 1 downstream tasks scheduled from follow-on schedule check
[2026-06-21T03:03:22.121+0000] {local_task_job_runner.py:222} INFO - ::endgroup::
