[2026-06-18T04:37:25.714+0000] {local_task_job_runner.py:120} INFO - ::group::Pre task execution logs
[2026-06-18T04:37:25.760+0000] {taskinstance.py:2076} INFO - Dependencies all met for dep_context=non-requeueable deps ti=<TaskInstance: credit_default_ml_pipeline.feature_pipeline.feature_silver_lms scheduled__2024-10-01T00:00:00+00:00 [queued]>
[2026-06-18T04:37:25.771+0000] {taskinstance.py:2076} INFO - Dependencies all met for dep_context=requeueable deps ti=<TaskInstance: credit_default_ml_pipeline.feature_pipeline.feature_silver_lms scheduled__2024-10-01T00:00:00+00:00 [queued]>
[2026-06-18T04:37:25.773+0000] {taskinstance.py:2306} INFO - Starting attempt 3 of 4
[2026-06-18T04:37:25.794+0000] {taskinstance.py:2330} INFO - Executing <Task(BashOperator): feature_pipeline.feature_silver_lms> on 2024-10-01 00:00:00+00:00
[2026-06-18T04:37:25.808+0000] {logging_mixin.py:188} WARNING - /home/***/.local/lib/python3.12/site-packages/***/task/task_runner/standard_task_runner.py:62 DeprecationWarning: This process (pid=93736) is multi-threaded, use of fork() may lead to deadlocks in the child.
[2026-06-18T04:37:25.811+0000] {standard_task_runner.py:64} INFO - Started process 93761 to run task
[2026-06-18T04:37:25.808+0000] {standard_task_runner.py:90} INFO - Running: ['***', 'tasks', 'run', 'credit_default_ml_pipeline', 'feature_pipeline.feature_silver_lms', 'scheduled__2024-10-01T00:00:00+00:00', '--job-id', '1292', '--raw', '--subdir', 'DAGS_FOLDER/dag.py', '--cfg-path', '/tmp/tmpsj4_hs5r']
[2026-06-18T04:37:25.813+0000] {standard_task_runner.py:91} INFO - Job 1292: Subtask feature_pipeline.feature_silver_lms
[2026-06-18T04:37:25.892+0000] {task_command.py:426} INFO - Running <TaskInstance: credit_default_ml_pipeline.feature_pipeline.feature_silver_lms scheduled__2024-10-01T00:00:00+00:00 [running]> on host bfbc24b887a5
[2026-06-18T04:37:26.267+0000] {taskinstance.py:2648} INFO - Exporting env vars: AIRFLOW_CTX_DAG_OWNER='***' AIRFLOW_CTX_DAG_ID='credit_default_ml_pipeline' AIRFLOW_CTX_TASK_ID='feature_pipeline.feature_silver_lms' AIRFLOW_CTX_EXECUTION_DATE='2024-10-01T00:00:00+00:00' AIRFLOW_CTX_TRY_NUMBER='3' AIRFLOW_CTX_DAG_RUN_ID='scheduled__2024-10-01T00:00:00+00:00'
[2026-06-18T04:37:26.269+0000] {taskinstance.py:430} INFO - ::endgroup::
[2026-06-18T04:37:26.284+0000] {subprocess.py:63} INFO - Tmp dir root location: /tmp
[2026-06-18T04:37:26.288+0000] {subprocess.py:75} INFO - Running command: ['/usr/bin/bash', '-c', 'cd /opt/***/scripts && python3 silver_processing.py --snapshotdate "2024-10-01" --source lms']
[2026-06-18T04:37:26.303+0000] {subprocess.py:86} INFO - Output:
[2026-06-18T04:37:30.002+0000] {subprocess.py:93} INFO - Setting default log level to "WARN".
[2026-06-18T04:37:30.009+0000] {subprocess.py:93} INFO - To adjust logging level use sc.setLogLevel(newLevel). For SparkR, use setLogLevel(newLevel).
[2026-06-18T04:37:30.307+0000] {subprocess.py:93} INFO - 26/06/18 04:37:30 WARN NativeCodeLoader: Unable to load native-hadoop library for your platform... using builtin-java classes where applicable
[2026-06-18T04:37:31.606+0000] {subprocess.py:93} INFO - 26/06/18 04:37:31 WARN Utils: Service 'SparkUI' could not bind on port 4040. Attempting port 4041.
[2026-06-18T04:37:31.610+0000] {subprocess.py:93} INFO - 26/06/18 04:37:31 WARN Utils: Service 'SparkUI' could not bind on port 4041. Attempting port 4042.
[2026-06-18T04:37:45.306+0000] {subprocess.py:93} INFO - [Stage 0:>                                                          (0 + 1) / 1]                                                                                [Stage 5:>                                                          (0 + 1) / 1]
[2026-06-18T04:37:45.309+0000] {subprocess.py:93} INFO - --- silver lms 2024-10-01 ---
[2026-06-18T04:37:45.311+0000] {subprocess.py:93} INFO - 
[2026-06-18T04:37:45.312+0000] {subprocess.py:93} INFO - [silver:lms] loaded datamart/bronze/lms/bronze_lms_2024_10_01.csv rows: 5502
[2026-06-18T04:37:45.313+0000] {subprocess.py:93} INFO - [silver:lms] saved to: datamart/silver/lms/2024_10_01.parquet
[2026-06-18T04:37:45.314+0000] {subprocess.py:93} INFO - 
[2026-06-18T04:37:45.316+0000] {subprocess.py:93} INFO - --- done ---
[2026-06-18T04:37:45.317+0000] {subprocess.py:93} INFO - 
[2026-06-18T04:37:45.813+0000] {subprocess.py:97} INFO - Command exited with return code 0
[2026-06-18T04:37:45.816+0000] {taskinstance.py:441} INFO - ::group::Post task execution logs
[2026-06-18T04:37:45.857+0000] {taskinstance.py:1206} INFO - Marking task as SUCCESS. dag_id=credit_default_ml_pipeline, task_id=feature_pipeline.feature_silver_lms, run_id=scheduled__2024-10-01T00:00:00+00:00, execution_date=20241001T000000, start_date=20260618T043725, end_date=20260618T043745
[2026-06-18T04:37:45.900+0000] {local_task_job_runner.py:243} INFO - Task exited with return code 0
[2026-06-18T04:37:45.916+0000] {local_task_job_runner.py:222} INFO - ::endgroup::
