[2026-06-18T04:13:58.787+0000] {local_task_job_runner.py:120} INFO - ::group::Pre task execution logs
[2026-06-18T04:13:58.809+0000] {taskinstance.py:2076} INFO - Dependencies all met for dep_context=non-requeueable deps ti=<TaskInstance: credit_default_ml_pipeline.label_pipeline.label_bronze_lms scheduled__2024-03-01T00:00:00+00:00 [queued]>
[2026-06-18T04:13:58.814+0000] {taskinstance.py:2076} INFO - Dependencies all met for dep_context=requeueable deps ti=<TaskInstance: credit_default_ml_pipeline.label_pipeline.label_bronze_lms scheduled__2024-03-01T00:00:00+00:00 [queued]>
[2026-06-18T04:13:58.815+0000] {taskinstance.py:2306} INFO - Starting attempt 3 of 4
[2026-06-18T04:13:58.825+0000] {taskinstance.py:2330} INFO - Executing <Task(BashOperator): label_pipeline.label_bronze_lms> on 2024-03-01 00:00:00+00:00
[2026-06-18T04:13:58.830+0000] {logging_mixin.py:188} WARNING - /home/***/.local/lib/python3.12/site-packages/***/task/task_runner/standard_task_runner.py:62 DeprecationWarning: This process (pid=69061) is multi-threaded, use of fork() may lead to deadlocks in the child.
[2026-06-18T04:13:58.831+0000] {standard_task_runner.py:64} INFO - Started process 69067 to run task
[2026-06-18T04:13:58.830+0000] {standard_task_runner.py:90} INFO - Running: ['***', 'tasks', 'run', 'credit_default_ml_pipeline', 'label_pipeline.label_bronze_lms', 'scheduled__2024-03-01T00:00:00+00:00', '--job-id', '1157', '--raw', '--subdir', 'DAGS_FOLDER/dag.py', '--cfg-path', '/tmp/tmpkkml97zo']
[2026-06-18T04:13:58.833+0000] {standard_task_runner.py:91} INFO - Job 1157: Subtask label_pipeline.label_bronze_lms
[2026-06-18T04:13:58.865+0000] {task_command.py:426} INFO - Running <TaskInstance: credit_default_ml_pipeline.label_pipeline.label_bronze_lms scheduled__2024-03-01T00:00:00+00:00 [running]> on host bfbc24b887a5
[2026-06-18T04:13:59.069+0000] {taskinstance.py:2648} INFO - Exporting env vars: AIRFLOW_CTX_DAG_OWNER='***' AIRFLOW_CTX_DAG_ID='credit_default_ml_pipeline' AIRFLOW_CTX_TASK_ID='label_pipeline.label_bronze_lms' AIRFLOW_CTX_EXECUTION_DATE='2024-03-01T00:00:00+00:00' AIRFLOW_CTX_TRY_NUMBER='3' AIRFLOW_CTX_DAG_RUN_ID='scheduled__2024-03-01T00:00:00+00:00'
[2026-06-18T04:13:59.071+0000] {taskinstance.py:430} INFO - ::endgroup::
[2026-06-18T04:13:59.078+0000] {subprocess.py:63} INFO - Tmp dir root location: /tmp
[2026-06-18T04:13:59.081+0000] {subprocess.py:75} INFO - Running command: ['/usr/bin/bash', '-c', 'cd /opt/***/scripts && python3 bronze_processing.py --snapshotdate "2024-03-01" --source lms']
[2026-06-18T04:13:59.090+0000] {subprocess.py:86} INFO - Output:
[2026-06-18T04:14:01.868+0000] {subprocess.py:93} INFO - Setting default log level to "WARN".
[2026-06-18T04:14:01.877+0000] {subprocess.py:93} INFO - To adjust logging level use sc.setLogLevel(newLevel). For SparkR, use setLogLevel(newLevel).
[2026-06-18T04:14:02.183+0000] {subprocess.py:93} INFO - 26/06/18 04:14:02 WARN NativeCodeLoader: Unable to load native-hadoop library for your platform... using builtin-java classes where applicable
[2026-06-18T04:14:14.245+0000] {subprocess.py:93} INFO - [Stage 1:>                                                          (0 + 3) / 3]                                                                                [Stage 2:>                                                          (0 + 3) / 3]                                                                                [Stage 5:>                                                          (0 + 3) / 3]
[2026-06-18T04:14:14.261+0000] {subprocess.py:93} INFO - --- bronze lms 2024-03-01 ---
[2026-06-18T04:14:14.264+0000] {subprocess.py:93} INFO - 
[2026-06-18T04:14:14.266+0000] {subprocess.py:93} INFO - [bronze:lms] 2024-03-01 row count: 5425
[2026-06-18T04:14:14.271+0000] {subprocess.py:93} INFO - [bronze:lms] saved to: datamart/bronze/lms/bronze_lms_2024_03_01.csv
[2026-06-18T04:14:14.275+0000] {subprocess.py:93} INFO - 
[2026-06-18T04:14:14.277+0000] {subprocess.py:93} INFO - --- done ---
[2026-06-18T04:14:14.279+0000] {subprocess.py:93} INFO - 
[2026-06-18T04:14:14.958+0000] {subprocess.py:97} INFO - Command exited with return code 0
[2026-06-18T04:14:14.963+0000] {taskinstance.py:441} INFO - ::group::Post task execution logs
[2026-06-18T04:14:15.004+0000] {taskinstance.py:1206} INFO - Marking task as SUCCESS. dag_id=credit_default_ml_pipeline, task_id=label_pipeline.label_bronze_lms, run_id=scheduled__2024-03-01T00:00:00+00:00, execution_date=20240301T000000, start_date=20260618T041358, end_date=20260618T041415
[2026-06-18T04:14:15.053+0000] {local_task_job_runner.py:243} INFO - Task exited with return code 0
[2026-06-18T04:14:15.313+0000] {taskinstance.py:3503} INFO - 2 downstream tasks scheduled from follow-on schedule check
[2026-06-18T04:14:15.315+0000] {local_task_job_runner.py:222} INFO - ::endgroup::
