[2026-06-18T04:03:18.317+0000] {local_task_job_runner.py:120} INFO - ::group::Pre task execution logs
[2026-06-18T04:03:18.344+0000] {taskinstance.py:2076} INFO - Dependencies all met for dep_context=non-requeueable deps ti=<TaskInstance: credit_default_ml_pipeline.feature_pipeline.feature_silver_lms scheduled__2023-11-01T00:00:00+00:00 [queued]>
[2026-06-18T04:03:18.354+0000] {taskinstance.py:2076} INFO - Dependencies all met for dep_context=requeueable deps ti=<TaskInstance: credit_default_ml_pipeline.feature_pipeline.feature_silver_lms scheduled__2023-11-01T00:00:00+00:00 [queued]>
[2026-06-18T04:03:18.355+0000] {taskinstance.py:2306} INFO - Starting attempt 4 of 5
[2026-06-18T04:03:18.367+0000] {taskinstance.py:2330} INFO - Executing <Task(BashOperator): feature_pipeline.feature_silver_lms> on 2023-11-01 00:00:00+00:00
[2026-06-18T04:03:18.375+0000] {logging_mixin.py:188} WARNING - /home/***/.local/lib/python3.12/site-packages/***/task/task_runner/standard_task_runner.py:62 DeprecationWarning: This process (pid=57026) is multi-threaded, use of fork() may lead to deadlocks in the child.
[2026-06-18T04:03:18.376+0000] {standard_task_runner.py:90} INFO - Running: ['***', 'tasks', 'run', 'credit_default_ml_pipeline', 'feature_pipeline.feature_silver_lms', 'scheduled__2023-11-01T00:00:00+00:00', '--job-id', '1092', '--raw', '--subdir', 'DAGS_FOLDER/dag.py', '--cfg-path', '/tmp/tmp7fnbu85q']
[2026-06-18T04:03:18.378+0000] {standard_task_runner.py:64} INFO - Started process 57034 to run task
[2026-06-18T04:03:18.379+0000] {standard_task_runner.py:91} INFO - Job 1092: Subtask feature_pipeline.feature_silver_lms
[2026-06-18T04:03:18.416+0000] {task_command.py:426} INFO - Running <TaskInstance: credit_default_ml_pipeline.feature_pipeline.feature_silver_lms scheduled__2023-11-01T00:00:00+00:00 [running]> on host bfbc24b887a5
[2026-06-18T04:03:18.633+0000] {taskinstance.py:2648} INFO - Exporting env vars: AIRFLOW_CTX_DAG_OWNER='***' AIRFLOW_CTX_DAG_ID='credit_default_ml_pipeline' AIRFLOW_CTX_TASK_ID='feature_pipeline.feature_silver_lms' AIRFLOW_CTX_EXECUTION_DATE='2023-11-01T00:00:00+00:00' AIRFLOW_CTX_TRY_NUMBER='4' AIRFLOW_CTX_DAG_RUN_ID='scheduled__2023-11-01T00:00:00+00:00'
[2026-06-18T04:03:18.634+0000] {taskinstance.py:430} INFO - ::endgroup::
[2026-06-18T04:03:18.643+0000] {subprocess.py:63} INFO - Tmp dir root location: /tmp
[2026-06-18T04:03:18.644+0000] {subprocess.py:75} INFO - Running command: ['/usr/bin/bash', '-c', 'cd /opt/***/scripts && python3 silver_processing.py --snapshotdate "2023-11-01" --source lms']
[2026-06-18T04:03:18.652+0000] {subprocess.py:86} INFO - Output:
[2026-06-18T04:03:21.373+0000] {subprocess.py:93} INFO - Setting default log level to "WARN".
[2026-06-18T04:03:21.375+0000] {subprocess.py:93} INFO - To adjust logging level use sc.setLogLevel(newLevel). For SparkR, use setLogLevel(newLevel).
[2026-06-18T04:03:21.605+0000] {subprocess.py:93} INFO - 26/06/18 04:03:21 WARN NativeCodeLoader: Unable to load native-hadoop library for your platform... using builtin-java classes where applicable
[2026-06-18T04:03:33.672+0000] {subprocess.py:93} INFO - [Stage 5:>                                                          (0 + 1) / 1]
[2026-06-18T04:03:33.673+0000] {subprocess.py:93} INFO - --- silver lms 2023-11-01 ---
[2026-06-18T04:03:33.678+0000] {subprocess.py:93} INFO - 
[2026-06-18T04:03:33.680+0000] {subprocess.py:93} INFO - [silver:lms] loaded datamart/bronze/lms/bronze_lms_2023_11_01.csv rows: 5469
[2026-06-18T04:03:33.682+0000] {subprocess.py:93} INFO - [silver:lms] saved to: datamart/silver/lms/2023_11_01.parquet
[2026-06-18T04:03:33.685+0000] {subprocess.py:93} INFO - 
[2026-06-18T04:03:33.690+0000] {subprocess.py:93} INFO - --- done ---
[2026-06-18T04:03:33.692+0000] {subprocess.py:93} INFO - 
[2026-06-18T04:03:34.143+0000] {subprocess.py:97} INFO - Command exited with return code 0
[2026-06-18T04:03:34.152+0000] {taskinstance.py:441} INFO - ::group::Post task execution logs
[2026-06-18T04:03:34.232+0000] {taskinstance.py:1206} INFO - Marking task as SUCCESS. dag_id=credit_default_ml_pipeline, task_id=feature_pipeline.feature_silver_lms, run_id=scheduled__2023-11-01T00:00:00+00:00, execution_date=20231101T000000, start_date=20260618T040318, end_date=20260618T040334
[2026-06-18T04:03:34.297+0000] {local_task_job_runner.py:243} INFO - Task exited with return code 0
[2026-06-18T04:03:34.626+0000] {taskinstance.py:3503} INFO - 0 downstream tasks scheduled from follow-on schedule check
[2026-06-18T04:03:34.629+0000] {local_task_job_runner.py:222} INFO - ::endgroup::
