[2026-06-18T04:20:47.015+0000] {local_task_job_runner.py:120} INFO - ::group::Pre task execution logs
[2026-06-18T04:20:47.050+0000] {taskinstance.py:2076} INFO - Dependencies all met for dep_context=non-requeueable deps ti=<TaskInstance: credit_default_ml_pipeline.feature_pipeline.feature_silver_financials scheduled__2024-05-01T00:00:00+00:00 [queued]>
[2026-06-18T04:20:47.060+0000] {taskinstance.py:2076} INFO - Dependencies all met for dep_context=requeueable deps ti=<TaskInstance: credit_default_ml_pipeline.feature_pipeline.feature_silver_financials scheduled__2024-05-01T00:00:00+00:00 [queued]>
[2026-06-18T04:20:47.062+0000] {taskinstance.py:2306} INFO - Starting attempt 3 of 4
[2026-06-18T04:20:47.079+0000] {taskinstance.py:2330} INFO - Executing <Task(BashOperator): feature_pipeline.feature_silver_financials> on 2024-05-01 00:00:00+00:00
[2026-06-18T04:20:47.089+0000] {logging_mixin.py:188} WARNING - /home/***/.local/lib/python3.12/site-packages/***/task/task_runner/standard_task_runner.py:62 DeprecationWarning: This process (pid=76514) is multi-threaded, use of fork() may lead to deadlocks in the child.
[2026-06-18T04:20:47.092+0000] {standard_task_runner.py:64} INFO - Started process 76525 to run task
[2026-06-18T04:20:47.089+0000] {standard_task_runner.py:90} INFO - Running: ['***', 'tasks', 'run', 'credit_default_ml_pipeline', 'feature_pipeline.feature_silver_financials', 'scheduled__2024-05-01T00:00:00+00:00', '--job-id', '1201', '--raw', '--subdir', 'DAGS_FOLDER/dag.py', '--cfg-path', '/tmp/tmp7fzls9uy']
[2026-06-18T04:20:47.095+0000] {standard_task_runner.py:91} INFO - Job 1201: Subtask feature_pipeline.feature_silver_financials
[2026-06-18T04:20:47.152+0000] {task_command.py:426} INFO - Running <TaskInstance: credit_default_ml_pipeline.feature_pipeline.feature_silver_financials scheduled__2024-05-01T00:00:00+00:00 [running]> on host bfbc24b887a5
[2026-06-18T04:20:47.464+0000] {taskinstance.py:2648} INFO - Exporting env vars: AIRFLOW_CTX_DAG_OWNER='***' AIRFLOW_CTX_DAG_ID='credit_default_ml_pipeline' AIRFLOW_CTX_TASK_ID='feature_pipeline.feature_silver_financials' AIRFLOW_CTX_EXECUTION_DATE='2024-05-01T00:00:00+00:00' AIRFLOW_CTX_TRY_NUMBER='3' AIRFLOW_CTX_DAG_RUN_ID='scheduled__2024-05-01T00:00:00+00:00'
[2026-06-18T04:20:47.465+0000] {taskinstance.py:430} INFO - ::endgroup::
[2026-06-18T04:20:47.475+0000] {subprocess.py:63} INFO - Tmp dir root location: /tmp
[2026-06-18T04:20:47.476+0000] {subprocess.py:75} INFO - Running command: ['/usr/bin/bash', '-c', 'cd /opt/***/scripts && python3 silver_processing.py --snapshotdate "2024-05-01" --source financials']
[2026-06-18T04:20:47.488+0000] {subprocess.py:86} INFO - Output:
[2026-06-18T04:20:51.115+0000] {subprocess.py:93} INFO - Setting default log level to "WARN".
[2026-06-18T04:20:51.118+0000] {subprocess.py:93} INFO - To adjust logging level use sc.setLogLevel(newLevel). For SparkR, use setLogLevel(newLevel).
[2026-06-18T04:20:51.539+0000] {subprocess.py:93} INFO - 26/06/18 04:20:51 WARN NativeCodeLoader: Unable to load native-hadoop library for your platform... using builtin-java classes where applicable
[2026-06-18T04:20:52.824+0000] {subprocess.py:93} INFO - 26/06/18 04:20:52 WARN Utils: Service 'SparkUI' could not bind on port 4040. Attempting port 4041.
[2026-06-18T04:20:52.827+0000] {subprocess.py:93} INFO - 26/06/18 04:20:52 WARN Utils: Service 'SparkUI' could not bind on port 4041. Attempting port 4042.
[2026-06-18T04:20:52.829+0000] {subprocess.py:93} INFO - 26/06/18 04:20:52 WARN Utils: Service 'SparkUI' could not bind on port 4042. Attempting port 4043.
[2026-06-18T04:20:52.832+0000] {subprocess.py:93} INFO - 26/06/18 04:20:52 WARN Utils: Service 'SparkUI' could not bind on port 4043. Attempting port 4044.
[2026-06-18T04:21:11.784+0000] {subprocess.py:93} INFO - [Stage 0:>                                                          (0 + 1) / 1]                                                                                [Stage 10:>                                                         (0 + 1) / 1]                                                                                [Stage 12:>                                                         (0 + 1) / 1]
[2026-06-18T04:21:11.790+0000] {subprocess.py:93} INFO - --- silver financials 2024-05-01 ---
[2026-06-18T04:21:11.791+0000] {subprocess.py:93} INFO - 
[2026-06-18T04:21:11.792+0000] {subprocess.py:93} INFO - [silver:financials] loaded datamart/bronze/financials/bronze_financials_2024_05_01.csv rows: 491
[2026-06-18T04:21:11.793+0000] {subprocess.py:93} INFO - [silver:loan_type] saved to: datamart/silver/loan_type/2024_05_01.parquet
[2026-06-18T04:21:11.794+0000] {subprocess.py:93} INFO - [silver:financials] saved to: datamart/silver/financials/2024_05_01.parquet
[2026-06-18T04:21:11.795+0000] {subprocess.py:93} INFO - 
[2026-06-18T04:21:11.796+0000] {subprocess.py:93} INFO - --- done ---
[2026-06-18T04:21:11.797+0000] {subprocess.py:93} INFO - 
[2026-06-18T04:21:12.305+0000] {subprocess.py:97} INFO - Command exited with return code 0
[2026-06-18T04:21:12.307+0000] {taskinstance.py:441} INFO - ::group::Post task execution logs
[2026-06-18T04:21:12.342+0000] {taskinstance.py:1206} INFO - Marking task as SUCCESS. dag_id=credit_default_ml_pipeline, task_id=feature_pipeline.feature_silver_financials, run_id=scheduled__2024-05-01T00:00:00+00:00, execution_date=20240501T000000, start_date=20260618T042047, end_date=20260618T042112
[2026-06-18T04:21:12.367+0000] {local_task_job_runner.py:243} INFO - Task exited with return code 0
[2026-06-18T04:21:12.575+0000] {taskinstance.py:3503} INFO - 1 downstream tasks scheduled from follow-on schedule check
[2026-06-18T04:21:12.577+0000] {local_task_job_runner.py:222} INFO - ::endgroup::
