[2026-06-18T04:20:28.619+0000] {local_task_job_runner.py:120} INFO - ::group::Pre task execution logs
[2026-06-18T04:20:28.644+0000] {taskinstance.py:2076} INFO - Dependencies all met for dep_context=non-requeueable deps ti=<TaskInstance: credit_default_ml_pipeline.feature_pipeline.feature_bronze_clickstream scheduled__2024-05-01T00:00:00+00:00 [queued]>
[2026-06-18T04:20:28.653+0000] {taskinstance.py:2076} INFO - Dependencies all met for dep_context=requeueable deps ti=<TaskInstance: credit_default_ml_pipeline.feature_pipeline.feature_bronze_clickstream scheduled__2024-05-01T00:00:00+00:00 [queued]>
[2026-06-18T04:20:28.654+0000] {taskinstance.py:2306} INFO - Starting attempt 3 of 4
[2026-06-18T04:20:28.666+0000] {taskinstance.py:2330} INFO - Executing <Task(BashOperator): feature_pipeline.feature_bronze_clickstream> on 2024-05-01 00:00:00+00:00
[2026-06-18T04:20:28.673+0000] {logging_mixin.py:188} WARNING - /home/***/.local/lib/python3.12/site-packages/***/task/task_runner/standard_task_runner.py:62 DeprecationWarning: This process (pid=75629) is multi-threaded, use of fork() may lead to deadlocks in the child.
[2026-06-18T04:20:28.674+0000] {standard_task_runner.py:64} INFO - Started process 75636 to run task
[2026-06-18T04:20:28.673+0000] {standard_task_runner.py:90} INFO - Running: ['***', 'tasks', 'run', 'credit_default_ml_pipeline', 'feature_pipeline.feature_bronze_clickstream', 'scheduled__2024-05-01T00:00:00+00:00', '--job-id', '1193', '--raw', '--subdir', 'DAGS_FOLDER/dag.py', '--cfg-path', '/tmp/tmpcbd4js48']
[2026-06-18T04:20:28.677+0000] {standard_task_runner.py:91} INFO - Job 1193: Subtask feature_pipeline.feature_bronze_clickstream
[2026-06-18T04:20:28.721+0000] {task_command.py:426} INFO - Running <TaskInstance: credit_default_ml_pipeline.feature_pipeline.feature_bronze_clickstream scheduled__2024-05-01T00:00:00+00:00 [running]> on host bfbc24b887a5
[2026-06-18T04:20:28.968+0000] {taskinstance.py:2648} INFO - Exporting env vars: AIRFLOW_CTX_DAG_OWNER='***' AIRFLOW_CTX_DAG_ID='credit_default_ml_pipeline' AIRFLOW_CTX_TASK_ID='feature_pipeline.feature_bronze_clickstream' AIRFLOW_CTX_EXECUTION_DATE='2024-05-01T00:00:00+00:00' AIRFLOW_CTX_TRY_NUMBER='3' AIRFLOW_CTX_DAG_RUN_ID='scheduled__2024-05-01T00:00:00+00:00'
[2026-06-18T04:20:28.971+0000] {taskinstance.py:430} INFO - ::endgroup::
[2026-06-18T04:20:28.980+0000] {subprocess.py:63} INFO - Tmp dir root location: /tmp
[2026-06-18T04:20:28.981+0000] {subprocess.py:75} INFO - Running command: ['/usr/bin/bash', '-c', 'cd /opt/***/scripts && python3 bronze_processing.py --snapshotdate "2024-05-01" --source clickstream']
[2026-06-18T04:20:28.991+0000] {subprocess.py:86} INFO - Output:
[2026-06-18T04:20:31.914+0000] {subprocess.py:93} INFO - Setting default log level to "WARN".
[2026-06-18T04:20:31.919+0000] {subprocess.py:93} INFO - To adjust logging level use sc.setLogLevel(newLevel). For SparkR, use setLogLevel(newLevel).
[2026-06-18T04:20:32.320+0000] {subprocess.py:93} INFO - 26/06/18 04:20:32 WARN NativeCodeLoader: Unable to load native-hadoop library for your platform... using builtin-java classes where applicable
[2026-06-18T04:20:33.409+0000] {subprocess.py:93} INFO - 26/06/18 04:20:33 WARN Utils: Service 'SparkUI' could not bind on port 4040. Attempting port 4041.
[2026-06-18T04:20:33.410+0000] {subprocess.py:93} INFO - 26/06/18 04:20:33 WARN Utils: Service 'SparkUI' could not bind on port 4041. Attempting port 4042.
[2026-06-18T04:20:33.412+0000] {subprocess.py:93} INFO - 26/06/18 04:20:33 WARN Utils: Service 'SparkUI' could not bind on port 4042. Attempting port 4043.
[2026-06-18T04:20:45.382+0000] {subprocess.py:93} INFO - [Stage 1:>                                                          (0 + 5) / 5][Stage 1:=======================>                                   (2 + 3) / 5]                                                                                [Stage 2:>                                                          (0 + 5) / 5]                                                                                [Stage 5:>                                                          (0 + 5) / 5]
[2026-06-18T04:20:45.388+0000] {subprocess.py:93} INFO - --- bronze clickstream 2024-05-01 ---
[2026-06-18T04:20:45.391+0000] {subprocess.py:93} INFO - 
[2026-06-18T04:20:45.392+0000] {subprocess.py:93} INFO - [bronze:clickstream] 2024-05-01 row count: 8974
[2026-06-18T04:20:45.394+0000] {subprocess.py:93} INFO - [bronze:clickstream] saved to: datamart/bronze/clickstream/bronze_clickstream_2024_05_01.csv
[2026-06-18T04:20:45.395+0000] {subprocess.py:93} INFO - 
[2026-06-18T04:20:45.396+0000] {subprocess.py:93} INFO - --- done ---
[2026-06-18T04:20:45.414+0000] {subprocess.py:93} INFO - 
[2026-06-18T04:20:46.034+0000] {subprocess.py:97} INFO - Command exited with return code 0
[2026-06-18T04:20:46.037+0000] {taskinstance.py:441} INFO - ::group::Post task execution logs
[2026-06-18T04:20:46.099+0000] {taskinstance.py:1206} INFO - Marking task as SUCCESS. dag_id=credit_default_ml_pipeline, task_id=feature_pipeline.feature_bronze_clickstream, run_id=scheduled__2024-05-01T00:00:00+00:00, execution_date=20240501T000000, start_date=20260618T042028, end_date=20260618T042046
[2026-06-18T04:20:46.134+0000] {local_task_job_runner.py:243} INFO - Task exited with return code 0
[2026-06-18T04:20:46.150+0000] {local_task_job_runner.py:222} INFO - ::endgroup::
