[2026-06-17T00:59:07.514+0000] {local_task_job_runner.py:120} INFO - ::group::Pre task execution logs
[2026-06-17T00:59:07.542+0000] {taskinstance.py:2076} INFO - Dependencies all met for dep_context=non-requeueable deps ti=<TaskInstance: credit_default_ml_pipeline.label_pipeline.gold_label_store scheduled__2023-11-01T00:00:00+00:00 [queued]>
[2026-06-17T00:59:07.548+0000] {taskinstance.py:2076} INFO - Dependencies all met for dep_context=requeueable deps ti=<TaskInstance: credit_default_ml_pipeline.label_pipeline.gold_label_store scheduled__2023-11-01T00:00:00+00:00 [queued]>
[2026-06-17T00:59:07.548+0000] {taskinstance.py:2306} INFO - Starting attempt 2 of 3
[2026-06-17T00:59:07.554+0000] {taskinstance.py:2330} INFO - Executing <Task(BashOperator): label_pipeline.gold_label_store> on 2023-11-01 00:00:00+00:00
[2026-06-17T00:59:07.560+0000] {logging_mixin.py:188} WARNING - /home/***/.local/lib/python3.12/site-packages/***/task/task_runner/standard_task_runner.py:62 DeprecationWarning: This process (pid=73484) is multi-threaded, use of fork() may lead to deadlocks in the child.
[2026-06-17T00:59:07.561+0000] {standard_task_runner.py:64} INFO - Started process 73500 to run task
[2026-06-17T00:59:07.560+0000] {standard_task_runner.py:90} INFO - Running: ['***', 'tasks', 'run', 'credit_default_ml_pipeline', 'label_pipeline.gold_label_store', 'scheduled__2023-11-01T00:00:00+00:00', '--job-id', '589', '--raw', '--subdir', 'DAGS_FOLDER/dag.py', '--cfg-path', '/tmp/tmpy7hccvxp']
[2026-06-17T00:59:07.562+0000] {standard_task_runner.py:91} INFO - Job 589: Subtask label_pipeline.gold_label_store
[2026-06-17T00:59:07.584+0000] {task_command.py:426} INFO - Running <TaskInstance: credit_default_ml_pipeline.label_pipeline.gold_label_store scheduled__2023-11-01T00:00:00+00:00 [running]> on host 2b9b50b7433d
[2026-06-17T00:59:07.617+0000] {taskinstance.py:2648} INFO - Exporting env vars: AIRFLOW_CTX_DAG_OWNER='***' AIRFLOW_CTX_DAG_ID='credit_default_ml_pipeline' AIRFLOW_CTX_TASK_ID='label_pipeline.gold_label_store' AIRFLOW_CTX_EXECUTION_DATE='2023-11-01T00:00:00+00:00' AIRFLOW_CTX_TRY_NUMBER='2' AIRFLOW_CTX_DAG_RUN_ID='scheduled__2023-11-01T00:00:00+00:00'
[2026-06-17T00:59:07.618+0000] {taskinstance.py:430} INFO - ::endgroup::
[2026-06-17T00:59:07.625+0000] {subprocess.py:63} INFO - Tmp dir root location: /tmp
[2026-06-17T00:59:07.626+0000] {subprocess.py:75} INFO - Running command: ['/usr/bin/bash', '-c', 'cd /opt/***/scripts && python3 gold_label_store.py --snapshotdate "2023-11-01"']
[2026-06-17T00:59:07.631+0000] {subprocess.py:86} INFO - Output:
[2026-06-17T00:59:08.907+0000] {subprocess.py:93} INFO - Setting default log level to "WARN".
[2026-06-17T00:59:08.908+0000] {subprocess.py:93} INFO - To adjust logging level use sc.setLogLevel(newLevel). For SparkR, use setLogLevel(newLevel).
[2026-06-17T00:59:09.036+0000] {subprocess.py:93} INFO - 26/06/17 00:59:09 WARN NativeCodeLoader: Unable to load native-hadoop library for your platform... using builtin-java classes where applicable
[2026-06-17T00:59:11.490+0000] {subprocess.py:93} INFO - 
[2026-06-17T00:59:11.491+0000] {subprocess.py:93} INFO - --- gold label 2023-11-01 ---
[2026-06-17T00:59:11.492+0000] {subprocess.py:93} INFO - 
[2026-06-17T00:59:11.493+0000] {subprocess.py:93} INFO - [gold:label] loaded datamart/silver/lms/2023_11_01.parquet rows: 5469
[2026-06-17T00:59:11.493+0000] {subprocess.py:93} INFO - [gold:label] saved to: datamart/gold/label_store/gold_label_store_2023_11_01.parquet
[2026-06-17T00:59:11.494+0000] {subprocess.py:93} INFO - 
[2026-06-17T00:59:11.494+0000] {subprocess.py:93} INFO - --- done ---
[2026-06-17T00:59:11.495+0000] {subprocess.py:93} INFO - 
[2026-06-17T00:59:11.962+0000] {subprocess.py:97} INFO - Command exited with return code 0
[2026-06-17T00:59:11.963+0000] {taskinstance.py:441} INFO - ::group::Post task execution logs
[2026-06-17T00:59:11.973+0000] {taskinstance.py:1206} INFO - Marking task as SUCCESS. dag_id=credit_default_ml_pipeline, task_id=label_pipeline.gold_label_store, run_id=scheduled__2023-11-01T00:00:00+00:00, execution_date=20231101T000000, start_date=20260617T005907, end_date=20260617T005911
[2026-06-17T00:59:12.007+0000] {local_task_job_runner.py:243} INFO - Task exited with return code 0
[2026-06-17T00:59:12.023+0000] {taskinstance.py:3503} INFO - 0 downstream tasks scheduled from follow-on schedule check
[2026-06-17T00:59:12.025+0000] {local_task_job_runner.py:222} INFO - ::endgroup::
[2026-06-21T02:30:40.889+0000] {local_task_job_runner.py:120} INFO - ::group::Pre task execution logs
[2026-06-21T02:30:40.902+0000] {taskinstance.py:2076} INFO - Dependencies all met for dep_context=non-requeueable deps ti=<TaskInstance: credit_default_ml_pipeline.label_pipeline.gold_label_store scheduled__2023-11-01T00:00:00+00:00 [queued]>
[2026-06-21T02:30:40.907+0000] {taskinstance.py:2076} INFO - Dependencies all met for dep_context=requeueable deps ti=<TaskInstance: credit_default_ml_pipeline.label_pipeline.gold_label_store scheduled__2023-11-01T00:00:00+00:00 [queued]>
[2026-06-21T02:30:40.907+0000] {taskinstance.py:2306} INFO - Starting attempt 2 of 2
[2026-06-21T02:30:40.916+0000] {taskinstance.py:2330} INFO - Executing <Task(BashOperator): label_pipeline.gold_label_store> on 2023-11-01 00:00:00+00:00
[2026-06-21T02:30:40.919+0000] {logging_mixin.py:188} WARNING - /home/***/.local/lib/python3.12/site-packages/***/task/task_runner/standard_task_runner.py:62 DeprecationWarning: This process (pid=34073) is multi-threaded, use of fork() may lead to deadlocks in the child.
[2026-06-21T02:30:40.920+0000] {standard_task_runner.py:90} INFO - Running: ['***', 'tasks', 'run', 'credit_default_ml_pipeline', 'label_pipeline.gold_label_store', 'scheduled__2023-11-01T00:00:00+00:00', '--job-id', '3648', '--raw', '--subdir', 'DAGS_FOLDER/dag.py', '--cfg-path', '/tmp/tmpld88zipi']
[2026-06-21T02:30:40.921+0000] {standard_task_runner.py:64} INFO - Started process 34077 to run task
[2026-06-21T02:30:40.921+0000] {standard_task_runner.py:91} INFO - Job 3648: Subtask label_pipeline.gold_label_store
[2026-06-21T02:30:40.941+0000] {task_command.py:426} INFO - Running <TaskInstance: credit_default_ml_pipeline.label_pipeline.gold_label_store scheduled__2023-11-01T00:00:00+00:00 [running]> on host f6e9e2801916
[2026-06-21T02:30:41.046+0000] {taskinstance.py:2648} INFO - Exporting env vars: AIRFLOW_CTX_DAG_OWNER='***' AIRFLOW_CTX_DAG_ID='credit_default_ml_pipeline' AIRFLOW_CTX_TASK_ID='label_pipeline.gold_label_store' AIRFLOW_CTX_EXECUTION_DATE='2023-11-01T00:00:00+00:00' AIRFLOW_CTX_TRY_NUMBER='2' AIRFLOW_CTX_DAG_RUN_ID='scheduled__2023-11-01T00:00:00+00:00'
[2026-06-21T02:30:41.047+0000] {taskinstance.py:430} INFO - ::endgroup::
[2026-06-21T02:30:41.051+0000] {subprocess.py:63} INFO - Tmp dir root location: /tmp
[2026-06-21T02:30:41.051+0000] {subprocess.py:75} INFO - Running command: ['/usr/bin/bash', '-c', 'cd /opt/***/scripts && python3 gold_label_store.py --snapshotdate "2023-11-01"']
[2026-06-21T02:30:41.055+0000] {subprocess.py:86} INFO - Output:
[2026-06-21T02:30:42.205+0000] {subprocess.py:93} INFO - Setting default log level to "WARN".
[2026-06-21T02:30:42.206+0000] {subprocess.py:93} INFO - To adjust logging level use sc.setLogLevel(newLevel). For SparkR, use setLogLevel(newLevel).
[2026-06-21T02:30:42.309+0000] {subprocess.py:93} INFO - 26/06/21 02:30:42 WARN NativeCodeLoader: Unable to load native-hadoop library for your platform... using builtin-java classes where applicable
[2026-06-21T02:30:45.864+0000] {subprocess.py:93} INFO - 
[2026-06-21T02:30:45.866+0000] {subprocess.py:93} INFO - --- gold label 2023-11-01 ---
[2026-06-21T02:30:45.868+0000] {subprocess.py:93} INFO - 
[2026-06-21T02:30:45.869+0000] {subprocess.py:93} INFO - [gold:label] loaded datamart/silver/lms/2023_11_01.parquet rows: 5469
[2026-06-21T02:30:45.875+0000] {subprocess.py:93} INFO - [gold:label] saved to: datamart/gold/label_store/gold_label_store_2023_11_01.parquet
[2026-06-21T02:30:45.878+0000] {subprocess.py:93} INFO - 
[2026-06-21T02:30:45.879+0000] {subprocess.py:93} INFO - --- done ---
[2026-06-21T02:30:45.880+0000] {subprocess.py:93} INFO - 
[2026-06-21T02:30:46.369+0000] {subprocess.py:97} INFO - Command exited with return code 0
[2026-06-21T02:30:46.375+0000] {taskinstance.py:441} INFO - ::group::Post task execution logs
[2026-06-21T02:30:46.406+0000] {taskinstance.py:1206} INFO - Marking task as SUCCESS. dag_id=credit_default_ml_pipeline, task_id=label_pipeline.gold_label_store, run_id=scheduled__2023-11-01T00:00:00+00:00, execution_date=20231101T000000, start_date=20260621T023040, end_date=20260621T023046
[2026-06-21T02:30:46.462+0000] {local_task_job_runner.py:243} INFO - Task exited with return code 0
[2026-06-21T02:30:46.631+0000] {taskinstance.py:3503} INFO - 0 downstream tasks scheduled from follow-on schedule check
[2026-06-21T02:30:46.632+0000] {local_task_job_runner.py:222} INFO - ::endgroup::
