[2026-06-16T11:29:32.537+0000] {local_task_job_runner.py:120} INFO - ::group::Pre task execution logs
[2026-06-16T11:29:32.571+0000] {taskinstance.py:2076} INFO - Dependencies all met for dep_context=non-requeueable deps ti=<TaskInstance: credit_default_ml_pipeline.gold_label_store scheduled__2023-05-01T00:00:00+00:00 [queued]>
[2026-06-16T11:29:32.579+0000] {taskinstance.py:2076} INFO - Dependencies all met for dep_context=requeueable deps ti=<TaskInstance: credit_default_ml_pipeline.gold_label_store scheduled__2023-05-01T00:00:00+00:00 [queued]>
[2026-06-16T11:29:32.581+0000] {taskinstance.py:2306} INFO - Starting attempt 1 of 2
[2026-06-16T11:29:32.590+0000] {taskinstance.py:2330} INFO - Executing <Task(BashOperator): gold_label_store> on 2023-05-01 00:00:00+00:00
[2026-06-16T11:29:32.597+0000] {logging_mixin.py:188} WARNING - /home/***/.local/lib/python3.12/site-packages/***/task/task_runner/standard_task_runner.py:62 DeprecationWarning: This process (pid=14753) is multi-threaded, use of fork() may lead to deadlocks in the child.
[2026-06-16T11:29:32.597+0000] {standard_task_runner.py:90} INFO - Running: ['***', 'tasks', 'run', 'credit_default_ml_pipeline', 'gold_label_store', 'scheduled__2023-05-01T00:00:00+00:00', '--job-id', '79', '--raw', '--subdir', 'DAGS_FOLDER/dag.py', '--cfg-path', '/tmp/tmp8ps04o3f']
[2026-06-16T11:29:32.599+0000] {standard_task_runner.py:64} INFO - Started process 14758 to run task
[2026-06-16T11:29:32.600+0000] {standard_task_runner.py:91} INFO - Job 79: Subtask gold_label_store
[2026-06-16T11:29:32.642+0000] {task_command.py:426} INFO - Running <TaskInstance: credit_default_ml_pipeline.gold_label_store scheduled__2023-05-01T00:00:00+00:00 [running]> on host 1cab6e97738a
[2026-06-16T11:29:32.708+0000] {taskinstance.py:2648} INFO - Exporting env vars: AIRFLOW_CTX_DAG_OWNER='***' AIRFLOW_CTX_DAG_ID='credit_default_ml_pipeline' AIRFLOW_CTX_TASK_ID='gold_label_store' AIRFLOW_CTX_EXECUTION_DATE='2023-05-01T00:00:00+00:00' AIRFLOW_CTX_TRY_NUMBER='1' AIRFLOW_CTX_DAG_RUN_ID='scheduled__2023-05-01T00:00:00+00:00'
[2026-06-16T11:29:32.709+0000] {taskinstance.py:430} INFO - ::endgroup::
[2026-06-16T11:29:32.717+0000] {subprocess.py:63} INFO - Tmp dir root location: /tmp
[2026-06-16T11:29:32.718+0000] {subprocess.py:75} INFO - Running command: ['/usr/bin/bash', '-c', 'cd /opt/***/scripts && python3 gold_label_store.py --snapshotdate "2023-05-01"']
[2026-06-16T11:29:32.722+0000] {subprocess.py:86} INFO - Output:
[2026-06-16T11:29:34.523+0000] {subprocess.py:93} INFO - Setting default log level to "WARN".
[2026-06-16T11:29:34.524+0000] {subprocess.py:93} INFO - To adjust logging level use sc.setLogLevel(newLevel). For SparkR, use setLogLevel(newLevel).
[2026-06-16T11:29:34.662+0000] {subprocess.py:93} INFO - 26/06/16 11:29:34 WARN NativeCodeLoader: Unable to load native-hadoop library for your platform... using builtin-java classes where applicable
[2026-06-16T11:29:37.072+0000] {subprocess.py:93} INFO - 
[2026-06-16T11:29:37.075+0000] {subprocess.py:93} INFO - --- gold label 2023-05-01 ---
[2026-06-16T11:29:37.076+0000] {subprocess.py:93} INFO - 
[2026-06-16T11:29:37.077+0000] {subprocess.py:93} INFO - [gold:label] loaded datamart/silver/lms/2023_05_01.parquet rows: 2568
[2026-06-16T11:29:37.078+0000] {subprocess.py:93} INFO - [gold:label] saved to: datamart/gold/label_store/gold_label_store_2023_05_01.parquet
[2026-06-16T11:29:37.079+0000] {subprocess.py:93} INFO - 
[2026-06-16T11:29:37.080+0000] {subprocess.py:93} INFO - --- done ---
[2026-06-16T11:29:37.081+0000] {subprocess.py:93} INFO - 
[2026-06-16T11:29:37.575+0000] {subprocess.py:97} INFO - Command exited with return code 0
[2026-06-16T11:29:37.578+0000] {taskinstance.py:441} INFO - ::group::Post task execution logs
[2026-06-16T11:29:37.596+0000] {taskinstance.py:1206} INFO - Marking task as SUCCESS. dag_id=credit_default_ml_pipeline, task_id=gold_label_store, run_id=scheduled__2023-05-01T00:00:00+00:00, execution_date=20230501T000000, start_date=20260616T112932, end_date=20260616T112937
[2026-06-16T11:29:37.613+0000] {local_task_job_runner.py:243} INFO - Task exited with return code 0
[2026-06-16T11:29:37.625+0000] {taskinstance.py:3503} INFO - 0 downstream tasks scheduled from follow-on schedule check
[2026-06-16T11:29:37.626+0000] {local_task_job_runner.py:222} INFO - ::endgroup::
