[2026-06-18T03:54:27.651+0000] {local_task_job_runner.py:120} INFO - ::group::Pre task execution logs
[2026-06-18T03:54:27.682+0000] {taskinstance.py:2076} INFO - Dependencies all met for dep_context=non-requeueable deps ti=<TaskInstance: credit_default_ml_pipeline.label_pipeline.gold_label_store scheduled__2023-08-01T00:00:00+00:00 [queued]>
[2026-06-18T03:54:27.690+0000] {taskinstance.py:2076} INFO - Dependencies all met for dep_context=requeueable deps ti=<TaskInstance: credit_default_ml_pipeline.label_pipeline.gold_label_store scheduled__2023-08-01T00:00:00+00:00 [queued]>
[2026-06-18T03:54:27.691+0000] {taskinstance.py:2306} INFO - Starting attempt 3 of 4
[2026-06-18T03:54:27.701+0000] {taskinstance.py:2330} INFO - Executing <Task(BashOperator): label_pipeline.gold_label_store> on 2023-08-01 00:00:00+00:00
[2026-06-18T03:54:27.709+0000] {logging_mixin.py:188} WARNING - /home/***/.local/lib/python3.12/site-packages/***/task/task_runner/standard_task_runner.py:62 DeprecationWarning: This process (pid=48402) is multi-threaded, use of fork() may lead to deadlocks in the child.
[2026-06-18T03:54:27.711+0000] {standard_task_runner.py:64} INFO - Started process 48452 to run task
[2026-06-18T03:54:27.709+0000] {standard_task_runner.py:90} INFO - Running: ['***', 'tasks', 'run', 'credit_default_ml_pipeline', 'label_pipeline.gold_label_store', 'scheduled__2023-08-01T00:00:00+00:00', '--job-id', '1041', '--raw', '--subdir', 'DAGS_FOLDER/dag.py', '--cfg-path', '/tmp/tmp70g0n7hz']
[2026-06-18T03:54:27.713+0000] {standard_task_runner.py:91} INFO - Job 1041: Subtask label_pipeline.gold_label_store
[2026-06-18T03:54:27.758+0000] {task_command.py:426} INFO - Running <TaskInstance: credit_default_ml_pipeline.label_pipeline.gold_label_store scheduled__2023-08-01T00:00:00+00:00 [running]> on host bfbc24b887a5
[2026-06-18T03:54:27.988+0000] {taskinstance.py:2648} INFO - Exporting env vars: AIRFLOW_CTX_DAG_OWNER='***' AIRFLOW_CTX_DAG_ID='credit_default_ml_pipeline' AIRFLOW_CTX_TASK_ID='label_pipeline.gold_label_store' AIRFLOW_CTX_EXECUTION_DATE='2023-08-01T00:00:00+00:00' AIRFLOW_CTX_TRY_NUMBER='3' AIRFLOW_CTX_DAG_RUN_ID='scheduled__2023-08-01T00:00:00+00:00'
[2026-06-18T03:54:27.991+0000] {taskinstance.py:430} INFO - ::endgroup::
[2026-06-18T03:54:28.000+0000] {subprocess.py:63} INFO - Tmp dir root location: /tmp
[2026-06-18T03:54:28.002+0000] {subprocess.py:75} INFO - Running command: ['/usr/bin/bash', '-c', 'cd /opt/***/scripts && python3 gold_label_store.py --snapshotdate "2023-08-01"']
[2026-06-18T03:54:28.011+0000] {subprocess.py:86} INFO - Output:
[2026-06-18T03:54:30.863+0000] {subprocess.py:93} INFO - Setting default log level to "WARN".
[2026-06-18T03:54:30.865+0000] {subprocess.py:93} INFO - To adjust logging level use sc.setLogLevel(newLevel). For SparkR, use setLogLevel(newLevel).
[2026-06-18T03:54:31.087+0000] {subprocess.py:93} INFO - 26/06/18 03:54:31 WARN NativeCodeLoader: Unable to load native-hadoop library for your platform... using builtin-java classes where applicable
[2026-06-18T03:54:36.020+0000] {subprocess.py:93} INFO - 
[2026-06-18T03:54:36.021+0000] {subprocess.py:93} INFO - --- gold label 2023-08-01 ---
[2026-06-18T03:54:36.023+0000] {subprocess.py:93} INFO - 
[2026-06-18T03:54:36.024+0000] {subprocess.py:93} INFO - [gold:label] loaded datamart/silver/lms/2023_08_01.parquet rows: 4037
[2026-06-18T03:54:36.026+0000] {subprocess.py:93} INFO - [gold:label] saved to: datamart/gold/label_store/gold_label_store_2023_08_01.parquet
[2026-06-18T03:54:36.027+0000] {subprocess.py:93} INFO - 
[2026-06-18T03:54:36.029+0000] {subprocess.py:93} INFO - --- done ---
[2026-06-18T03:54:36.030+0000] {subprocess.py:93} INFO - 
[2026-06-18T03:54:36.554+0000] {subprocess.py:97} INFO - Command exited with return code 0
[2026-06-18T03:54:36.555+0000] {taskinstance.py:441} INFO - ::group::Post task execution logs
[2026-06-18T03:54:36.572+0000] {taskinstance.py:1206} INFO - Marking task as SUCCESS. dag_id=credit_default_ml_pipeline, task_id=label_pipeline.gold_label_store, run_id=scheduled__2023-08-01T00:00:00+00:00, execution_date=20230801T000000, start_date=20260618T035427, end_date=20260618T035436
[2026-06-18T03:54:36.603+0000] {local_task_job_runner.py:243} INFO - Task exited with return code 0
[2026-06-18T03:54:36.715+0000] {taskinstance.py:3503} INFO - 0 downstream tasks scheduled from follow-on schedule check
[2026-06-18T03:54:36.718+0000] {local_task_job_runner.py:222} INFO - ::endgroup::
