[2026-06-17T00:38:50.784+0000] {local_task_job_runner.py:120} INFO - ::group::Pre task execution logs
[2026-06-17T00:38:50.799+0000] {taskinstance.py:2076} INFO - Dependencies all met for dep_context=non-requeueable deps ti=<TaskInstance: credit_default_ml_pipeline.label_pipeline.label_bronze_lms scheduled__2023-04-01T00:00:00+00:00 [queued]>
[2026-06-17T00:38:50.804+0000] {taskinstance.py:2076} INFO - Dependencies all met for dep_context=requeueable deps ti=<TaskInstance: credit_default_ml_pipeline.label_pipeline.label_bronze_lms scheduled__2023-04-01T00:00:00+00:00 [queued]>
[2026-06-17T00:38:50.805+0000] {taskinstance.py:2306} INFO - Starting attempt 2 of 3
[2026-06-17T00:38:50.812+0000] {taskinstance.py:2330} INFO - Executing <Task(BashOperator): label_pipeline.label_bronze_lms> on 2023-04-01 00:00:00+00:00
[2026-06-17T00:38:50.818+0000] {logging_mixin.py:188} WARNING - /home/***/.local/lib/python3.12/site-packages/***/task/task_runner/standard_task_runner.py:62 DeprecationWarning: This process (pid=48937) is multi-threaded, use of fork() may lead to deadlocks in the child.
[2026-06-17T00:38:50.819+0000] {standard_task_runner.py:64} INFO - Started process 48939 to run task
[2026-06-17T00:38:50.819+0000] {standard_task_runner.py:90} INFO - Running: ['***', 'tasks', 'run', 'credit_default_ml_pipeline', 'label_pipeline.label_bronze_lms', 'scheduled__2023-04-01T00:00:00+00:00', '--job-id', '461', '--raw', '--subdir', 'DAGS_FOLDER/dag.py', '--cfg-path', '/tmp/tmp3s_7dq48']
[2026-06-17T00:38:50.820+0000] {standard_task_runner.py:91} INFO - Job 461: Subtask label_pipeline.label_bronze_lms
[2026-06-17T00:38:50.842+0000] {task_command.py:426} INFO - Running <TaskInstance: credit_default_ml_pipeline.label_pipeline.label_bronze_lms scheduled__2023-04-01T00:00:00+00:00 [running]> on host 2b9b50b7433d
[2026-06-17T00:38:50.876+0000] {taskinstance.py:2648} INFO - Exporting env vars: AIRFLOW_CTX_DAG_OWNER='***' AIRFLOW_CTX_DAG_ID='credit_default_ml_pipeline' AIRFLOW_CTX_TASK_ID='label_pipeline.label_bronze_lms' AIRFLOW_CTX_EXECUTION_DATE='2023-04-01T00:00:00+00:00' AIRFLOW_CTX_TRY_NUMBER='2' AIRFLOW_CTX_DAG_RUN_ID='scheduled__2023-04-01T00:00:00+00:00'
[2026-06-17T00:38:50.878+0000] {taskinstance.py:430} INFO - ::endgroup::
[2026-06-17T00:38:50.882+0000] {subprocess.py:63} INFO - Tmp dir root location: /tmp
[2026-06-17T00:38:50.884+0000] {subprocess.py:75} INFO - Running command: ['/usr/bin/bash', '-c', 'cd /opt/***/scripts && python3 bronze_processing.py --snapshotdate "2023-04-01" --source lms']
[2026-06-17T00:38:50.888+0000] {subprocess.py:86} INFO - Output:
[2026-06-17T00:38:52.283+0000] {subprocess.py:93} INFO - Setting default log level to "WARN".
[2026-06-17T00:38:52.286+0000] {subprocess.py:93} INFO - To adjust logging level use sc.setLogLevel(newLevel). For SparkR, use setLogLevel(newLevel).
[2026-06-17T00:38:52.456+0000] {subprocess.py:93} INFO - 26/06/17 00:38:52 WARN NativeCodeLoader: Unable to load native-hadoop library for your platform... using builtin-java classes where applicable
[2026-06-17T00:38:53.063+0000] {subprocess.py:93} INFO - 26/06/17 00:38:53 WARN Utils: Service 'SparkUI' could not bind on port 4040. Attempting port 4041.
[2026-06-17T00:38:59.335+0000] {subprocess.py:93} INFO - 
[2026-06-17T00:38:59.337+0000] {subprocess.py:93} INFO - --- bronze lms 2023-04-01 ---
[2026-06-17T00:38:59.337+0000] {subprocess.py:93} INFO - 
[2026-06-17T00:38:59.338+0000] {subprocess.py:93} INFO - [bronze:lms] 2023-04-01 row count: 2047
[2026-06-17T00:38:59.339+0000] {subprocess.py:93} INFO - [bronze:lms] saved to: datamart/bronze/lms/bronze_lms_2023_04_01.csv
[2026-06-17T00:38:59.340+0000] {subprocess.py:93} INFO - 
[2026-06-17T00:38:59.340+0000] {subprocess.py:93} INFO - --- done ---
[2026-06-17T00:38:59.340+0000] {subprocess.py:93} INFO - 
[2026-06-17T00:38:59.796+0000] {subprocess.py:97} INFO - Command exited with return code 0
[2026-06-17T00:38:59.799+0000] {taskinstance.py:441} INFO - ::group::Post task execution logs
[2026-06-17T00:38:59.831+0000] {taskinstance.py:1206} INFO - Marking task as SUCCESS. dag_id=credit_default_ml_pipeline, task_id=label_pipeline.label_bronze_lms, run_id=scheduled__2023-04-01T00:00:00+00:00, execution_date=20230401T000000, start_date=20260617T003850, end_date=20260617T003859
[2026-06-17T00:38:59.869+0000] {local_task_job_runner.py:243} INFO - Task exited with return code 0
[2026-06-17T00:38:59.898+0000] {taskinstance.py:3503} INFO - 2 downstream tasks scheduled from follow-on schedule check
[2026-06-17T00:38:59.901+0000] {local_task_job_runner.py:222} INFO - ::endgroup::
