[2026-06-18T02:31:00.478+0000] {local_task_job_runner.py:120} INFO - ::group::Pre task execution logs
[2026-06-18T02:31:00.498+0000] {taskinstance.py:2076} INFO - Dependencies all met for dep_context=non-requeueable deps ti=<TaskInstance: credit_default_ml_pipeline.label_pipeline.label_silver_lms scheduled__2023-04-01T00:00:00+00:00 [queued]>
[2026-06-18T02:31:00.503+0000] {taskinstance.py:2076} INFO - Dependencies all met for dep_context=requeueable deps ti=<TaskInstance: credit_default_ml_pipeline.label_pipeline.label_silver_lms scheduled__2023-04-01T00:00:00+00:00 [queued]>
[2026-06-18T02:31:00.504+0000] {taskinstance.py:2306} INFO - Starting attempt 3 of 4
[2026-06-18T02:31:00.511+0000] {taskinstance.py:2330} INFO - Executing <Task(BashOperator): label_pipeline.label_silver_lms> on 2023-04-01 00:00:00+00:00
[2026-06-18T02:31:00.516+0000] {standard_task_runner.py:90} INFO - Running: ['***', 'tasks', 'run', 'credit_default_ml_pipeline', 'label_pipeline.label_silver_lms', 'scheduled__2023-04-01T00:00:00+00:00', '--job-id', '899', '--raw', '--subdir', 'DAGS_FOLDER/dag.py', '--cfg-path', '/tmp/tmp062ki8wd']
[2026-06-18T02:31:00.518+0000] {logging_mixin.py:188} WARNING - /home/***/.local/lib/python3.12/site-packages/***/task/task_runner/standard_task_runner.py:62 DeprecationWarning: This process (pid=20726) is multi-threaded, use of fork() may lead to deadlocks in the child.
[2026-06-18T02:31:00.519+0000] {standard_task_runner.py:91} INFO - Job 899: Subtask label_pipeline.label_silver_lms
[2026-06-18T02:31:00.519+0000] {standard_task_runner.py:64} INFO - Started process 20734 to run task
[2026-06-18T02:31:00.552+0000] {task_command.py:426} INFO - Running <TaskInstance: credit_default_ml_pipeline.label_pipeline.label_silver_lms scheduled__2023-04-01T00:00:00+00:00 [running]> on host bfbc24b887a5
[2026-06-18T02:31:00.730+0000] {taskinstance.py:2648} INFO - Exporting env vars: AIRFLOW_CTX_DAG_OWNER='***' AIRFLOW_CTX_DAG_ID='credit_default_ml_pipeline' AIRFLOW_CTX_TASK_ID='label_pipeline.label_silver_lms' AIRFLOW_CTX_EXECUTION_DATE='2023-04-01T00:00:00+00:00' AIRFLOW_CTX_TRY_NUMBER='3' AIRFLOW_CTX_DAG_RUN_ID='scheduled__2023-04-01T00:00:00+00:00'
[2026-06-18T02:31:00.732+0000] {taskinstance.py:430} INFO - ::endgroup::
[2026-06-18T02:31:00.737+0000] {subprocess.py:63} INFO - Tmp dir root location: /tmp
[2026-06-18T02:31:00.738+0000] {subprocess.py:75} INFO - Running command: ['/usr/bin/bash', '-c', 'cd /opt/***/scripts && python3 silver_processing.py --snapshotdate "2023-04-01" --source lms']
[2026-06-18T02:31:00.743+0000] {subprocess.py:86} INFO - Output:
[2026-06-18T02:31:02.806+0000] {subprocess.py:93} INFO - Setting default log level to "WARN".
[2026-06-18T02:31:02.808+0000] {subprocess.py:93} INFO - To adjust logging level use sc.setLogLevel(newLevel). For SparkR, use setLogLevel(newLevel).
[2026-06-18T02:31:02.987+0000] {subprocess.py:93} INFO - 26/06/18 02:31:02 WARN NativeCodeLoader: Unable to load native-hadoop library for your platform... using builtin-java classes where applicable
[2026-06-18T02:31:11.095+0000] {subprocess.py:93} INFO - [Stage 5:>                                                          (0 + 1) / 1]
[2026-06-18T02:31:11.098+0000] {subprocess.py:93} INFO - --- silver lms 2023-04-01 ---
[2026-06-18T02:31:11.100+0000] {subprocess.py:93} INFO - 
[2026-06-18T02:31:11.101+0000] {subprocess.py:93} INFO - [silver:lms] loaded datamart/bronze/lms/bronze_lms_2023_04_01.csv rows: 2047
[2026-06-18T02:31:11.102+0000] {subprocess.py:93} INFO - [silver:lms] saved to: datamart/silver/lms/2023_04_01.parquet
[2026-06-18T02:31:11.104+0000] {subprocess.py:93} INFO - 
[2026-06-18T02:31:11.106+0000] {subprocess.py:93} INFO - --- done ---
[2026-06-18T02:31:11.107+0000] {subprocess.py:93} INFO - 
[2026-06-18T02:31:11.527+0000] {subprocess.py:97} INFO - Command exited with return code 0
[2026-06-18T02:31:11.531+0000] {taskinstance.py:441} INFO - ::group::Post task execution logs
[2026-06-18T02:31:11.564+0000] {taskinstance.py:1206} INFO - Marking task as SUCCESS. dag_id=credit_default_ml_pipeline, task_id=label_pipeline.label_silver_lms, run_id=scheduled__2023-04-01T00:00:00+00:00, execution_date=20230401T000000, start_date=20260618T023100, end_date=20260618T023111
[2026-06-18T02:31:11.613+0000] {local_task_job_runner.py:243} INFO - Task exited with return code 0
[2026-06-18T02:31:11.837+0000] {taskinstance.py:3503} INFO - 1 downstream tasks scheduled from follow-on schedule check
[2026-06-18T02:31:11.838+0000] {local_task_job_runner.py:222} INFO - ::endgroup::
