[2026-06-18T04:29:24.644+0000] {local_task_job_runner.py:120} INFO - ::group::Pre task execution logs
[2026-06-18T04:29:24.659+0000] {taskinstance.py:2076} INFO - Dependencies all met for dep_context=non-requeueable deps ti=<TaskInstance: credit_default_ml_pipeline.label_pipeline.gold_label_store scheduled__2024-07-01T00:00:00+00:00 [queued]>
[2026-06-18T04:29:24.663+0000] {taskinstance.py:2076} INFO - Dependencies all met for dep_context=requeueable deps ti=<TaskInstance: credit_default_ml_pipeline.label_pipeline.gold_label_store scheduled__2024-07-01T00:00:00+00:00 [queued]>
[2026-06-18T04:29:24.664+0000] {taskinstance.py:2306} INFO - Starting attempt 3 of 4
[2026-06-18T04:29:24.670+0000] {taskinstance.py:2330} INFO - Executing <Task(BashOperator): label_pipeline.gold_label_store> on 2024-07-01 00:00:00+00:00
[2026-06-18T04:29:24.674+0000] {logging_mixin.py:188} WARNING - /home/***/.local/lib/python3.12/site-packages/***/task/task_runner/standard_task_runner.py:62 DeprecationWarning: This process (pid=85177) is multi-threaded, use of fork() may lead to deadlocks in the child.
[2026-06-18T04:29:24.675+0000] {standard_task_runner.py:64} INFO - Started process 85179 to run task
[2026-06-18T04:29:24.675+0000] {standard_task_runner.py:90} INFO - Running: ['***', 'tasks', 'run', 'credit_default_ml_pipeline', 'label_pipeline.gold_label_store', 'scheduled__2024-07-01T00:00:00+00:00', '--job-id', '1240', '--raw', '--subdir', 'DAGS_FOLDER/dag.py', '--cfg-path', '/tmp/tmpvvhpt66t']
[2026-06-18T04:29:24.677+0000] {standard_task_runner.py:91} INFO - Job 1240: Subtask label_pipeline.gold_label_store
[2026-06-18T04:29:24.699+0000] {task_command.py:426} INFO - Running <TaskInstance: credit_default_ml_pipeline.label_pipeline.gold_label_store scheduled__2024-07-01T00:00:00+00:00 [running]> on host bfbc24b887a5
[2026-06-18T04:29:24.827+0000] {taskinstance.py:2648} INFO - Exporting env vars: AIRFLOW_CTX_DAG_OWNER='***' AIRFLOW_CTX_DAG_ID='credit_default_ml_pipeline' AIRFLOW_CTX_TASK_ID='label_pipeline.gold_label_store' AIRFLOW_CTX_EXECUTION_DATE='2024-07-01T00:00:00+00:00' AIRFLOW_CTX_TRY_NUMBER='3' AIRFLOW_CTX_DAG_RUN_ID='scheduled__2024-07-01T00:00:00+00:00'
[2026-06-18T04:29:24.829+0000] {taskinstance.py:430} INFO - ::endgroup::
[2026-06-18T04:29:24.834+0000] {subprocess.py:63} INFO - Tmp dir root location: /tmp
[2026-06-18T04:29:24.835+0000] {subprocess.py:75} INFO - Running command: ['/usr/bin/bash', '-c', 'cd /opt/***/scripts && python3 gold_label_store.py --snapshotdate "2024-07-01"']
[2026-06-18T04:29:24.840+0000] {subprocess.py:86} INFO - Output:
[2026-06-18T04:29:26.380+0000] {subprocess.py:93} INFO - Setting default log level to "WARN".
[2026-06-18T04:29:26.381+0000] {subprocess.py:93} INFO - To adjust logging level use sc.setLogLevel(newLevel). For SparkR, use setLogLevel(newLevel).
[2026-06-18T04:29:26.568+0000] {subprocess.py:93} INFO - 26/06/18 04:29:26 WARN NativeCodeLoader: Unable to load native-hadoop library for your platform... using builtin-java classes where applicable
[2026-06-18T04:29:30.766+0000] {subprocess.py:93} INFO - 
[2026-06-18T04:29:30.767+0000] {subprocess.py:93} INFO - --- gold label 2024-07-01 ---
[2026-06-18T04:29:30.769+0000] {subprocess.py:93} INFO - 
[2026-06-18T04:29:30.770+0000] {subprocess.py:93} INFO - [gold:label] loaded datamart/silver/lms/2024_07_01.parquet rows: 5442
[2026-06-18T04:29:30.771+0000] {subprocess.py:93} INFO - [gold:label] saved to: datamart/gold/label_store/gold_label_store_2024_07_01.parquet
[2026-06-18T04:29:30.772+0000] {subprocess.py:93} INFO - 
[2026-06-18T04:29:30.773+0000] {subprocess.py:93} INFO - --- done ---
[2026-06-18T04:29:30.773+0000] {subprocess.py:93} INFO - 
[2026-06-18T04:29:31.293+0000] {subprocess.py:97} INFO - Command exited with return code 0
[2026-06-18T04:29:31.294+0000] {taskinstance.py:441} INFO - ::group::Post task execution logs
[2026-06-18T04:29:31.309+0000] {taskinstance.py:1206} INFO - Marking task as SUCCESS. dag_id=credit_default_ml_pipeline, task_id=label_pipeline.gold_label_store, run_id=scheduled__2024-07-01T00:00:00+00:00, execution_date=20240701T000000, start_date=20260618T042924, end_date=20260618T042931
[2026-06-18T04:29:31.335+0000] {local_task_job_runner.py:243} INFO - Task exited with return code 0
[2026-06-18T04:29:31.448+0000] {taskinstance.py:3503} INFO - 0 downstream tasks scheduled from follow-on schedule check
[2026-06-18T04:29:31.450+0000] {local_task_job_runner.py:222} INFO - ::endgroup::
