[2026-06-20T05:56:57.617+0000] {local_task_job_runner.py:120} INFO - ::group::Pre task execution logs
[2026-06-20T05:56:57.629+0000] {taskinstance.py:2076} INFO - Dependencies all met for dep_context=non-requeueable deps ti=<TaskInstance: credit_default_ml_pipeline.monitoring.check_drift_alert scheduled__2023-09-01T00:00:00+00:00 [queued]>
[2026-06-20T05:56:57.633+0000] {taskinstance.py:2076} INFO - Dependencies all met for dep_context=requeueable deps ti=<TaskInstance: credit_default_ml_pipeline.monitoring.check_drift_alert scheduled__2023-09-01T00:00:00+00:00 [queued]>
[2026-06-20T05:56:57.634+0000] {taskinstance.py:2306} INFO - Starting attempt 1 of 2
[2026-06-20T05:56:57.694+0000] {taskinstance.py:2330} INFO - Executing <Task(ShortCircuitOperator): monitoring.check_drift_alert> on 2023-09-01 00:00:00+00:00
[2026-06-20T05:56:57.697+0000] {logging_mixin.py:188} WARNING - /home/***/.local/lib/python3.12/site-packages/***/task/task_runner/standard_task_runner.py:62 DeprecationWarning: This process (pid=38812) is multi-threaded, use of fork() may lead to deadlocks in the child.
[2026-06-20T05:56:57.697+0000] {standard_task_runner.py:64} INFO - Started process 38814 to run task
[2026-06-20T05:56:57.697+0000] {standard_task_runner.py:90} INFO - Running: ['***', 'tasks', 'run', 'credit_default_ml_pipeline', 'monitoring.check_drift_alert', 'scheduled__2023-09-01T00:00:00+00:00', '--job-id', '1610', '--raw', '--subdir', 'DAGS_FOLDER/dag.py', '--cfg-path', '/tmp/tmp1njyt2y3']
[2026-06-20T05:56:57.699+0000] {standard_task_runner.py:91} INFO - Job 1610: Subtask monitoring.check_drift_alert
[2026-06-20T05:56:57.717+0000] {task_command.py:426} INFO - Running <TaskInstance: credit_default_ml_pipeline.monitoring.check_drift_alert scheduled__2023-09-01T00:00:00+00:00 [running]> on host 9cf341f51c89
[2026-06-20T05:56:57.740+0000] {taskinstance.py:2648} INFO - Exporting env vars: AIRFLOW_CTX_DAG_OWNER='***' AIRFLOW_CTX_DAG_ID='credit_default_ml_pipeline' AIRFLOW_CTX_TASK_ID='monitoring.check_drift_alert' AIRFLOW_CTX_EXECUTION_DATE='2023-09-01T00:00:00+00:00' AIRFLOW_CTX_TRY_NUMBER='1' AIRFLOW_CTX_DAG_RUN_ID='scheduled__2023-09-01T00:00:00+00:00'
[2026-06-20T05:56:57.742+0000] {taskinstance.py:430} INFO - ::endgroup::
[2026-06-20T05:56:57.746+0000] {baseoperator.py:400} WARNING - ShortCircuitOperator.execute cannot be called outside TaskInstance!
[2026-06-20T05:56:57.747+0000] {python.py:237} INFO - Done. Returned value was: False
[2026-06-20T05:56:57.748+0000] {python.py:304} INFO - Condition result is False
[2026-06-20T05:56:57.748+0000] {python.py:331} INFO - Skipping downstream tasks
[2026-06-20T05:56:57.755+0000] {python.py:339} INFO - Done.
[2026-06-20T05:56:57.755+0000] {taskinstance.py:441} INFO - ::group::Post task execution logs
[2026-06-20T05:56:57.760+0000] {taskinstance.py:1206} INFO - Marking task as SUCCESS. dag_id=credit_default_ml_pipeline, task_id=monitoring.check_drift_alert, run_id=scheduled__2023-09-01T00:00:00+00:00, execution_date=20230901T000000, start_date=20260620T055657, end_date=20260620T055657
[2026-06-20T05:56:57.797+0000] {local_task_job_runner.py:243} INFO - Task exited with return code 0
[2026-06-20T05:56:57.803+0000] {taskinstance.py:3503} INFO - 0 downstream tasks scheduled from follow-on schedule check
[2026-06-20T05:56:57.804+0000] {local_task_job_runner.py:222} INFO - ::endgroup::
[2026-06-20T07:07:14.434+0000] {local_task_job_runner.py:120} INFO - ::group::Pre task execution logs
[2026-06-20T07:07:14.448+0000] {taskinstance.py:2076} INFO - Dependencies all met for dep_context=non-requeueable deps ti=<TaskInstance: credit_default_ml_pipeline.monitoring.check_drift_alert scheduled__2023-09-01T00:00:00+00:00 [queued]>
[2026-06-20T07:07:14.454+0000] {taskinstance.py:2076} INFO - Dependencies all met for dep_context=requeueable deps ti=<TaskInstance: credit_default_ml_pipeline.monitoring.check_drift_alert scheduled__2023-09-01T00:00:00+00:00 [queued]>
[2026-06-20T07:07:14.457+0000] {taskinstance.py:2306} INFO - Starting attempt 1 of 2
[2026-06-20T07:07:14.535+0000] {taskinstance.py:2330} INFO - Executing <Task(ShortCircuitOperator): monitoring.check_drift_alert> on 2023-09-01 00:00:00+00:00
[2026-06-20T07:07:14.539+0000] {logging_mixin.py:188} WARNING - /home/***/.local/lib/python3.12/site-packages/***/task/task_runner/standard_task_runner.py:62 DeprecationWarning: This process (pid=92159) is multi-threaded, use of fork() may lead to deadlocks in the child.
[2026-06-20T07:07:14.540+0000] {standard_task_runner.py:64} INFO - Started process 92165 to run task
[2026-06-20T07:07:14.540+0000] {standard_task_runner.py:90} INFO - Running: ['***', 'tasks', 'run', 'credit_default_ml_pipeline', 'monitoring.check_drift_alert', 'scheduled__2023-09-01T00:00:00+00:00', '--job-id', '1923', '--raw', '--subdir', 'DAGS_FOLDER/dag.py', '--cfg-path', '/tmp/tmpt08vpoby']
[2026-06-20T07:07:14.541+0000] {standard_task_runner.py:91} INFO - Job 1923: Subtask monitoring.check_drift_alert
[2026-06-20T07:07:14.558+0000] {task_command.py:426} INFO - Running <TaskInstance: credit_default_ml_pipeline.monitoring.check_drift_alert scheduled__2023-09-01T00:00:00+00:00 [running]> on host 9cf341f51c89
[2026-06-20T07:07:14.585+0000] {taskinstance.py:2648} INFO - Exporting env vars: AIRFLOW_CTX_DAG_OWNER='***' AIRFLOW_CTX_DAG_ID='credit_default_ml_pipeline' AIRFLOW_CTX_TASK_ID='monitoring.check_drift_alert' AIRFLOW_CTX_EXECUTION_DATE='2023-09-01T00:00:00+00:00' AIRFLOW_CTX_TRY_NUMBER='1' AIRFLOW_CTX_DAG_RUN_ID='scheduled__2023-09-01T00:00:00+00:00'
[2026-06-20T07:07:14.586+0000] {taskinstance.py:430} INFO - ::endgroup::
[2026-06-20T07:07:14.590+0000] {baseoperator.py:400} WARNING - ShortCircuitOperator.execute cannot be called outside TaskInstance!
[2026-06-20T07:07:14.591+0000] {python.py:237} INFO - Done. Returned value was: False
[2026-06-20T07:07:14.591+0000] {python.py:304} INFO - Condition result is False
[2026-06-20T07:07:14.592+0000] {python.py:331} INFO - Skipping downstream tasks
[2026-06-20T07:07:14.600+0000] {python.py:339} INFO - Done.
[2026-06-20T07:07:14.600+0000] {taskinstance.py:441} INFO - ::group::Post task execution logs
[2026-06-20T07:07:14.606+0000] {taskinstance.py:1206} INFO - Marking task as SUCCESS. dag_id=credit_default_ml_pipeline, task_id=monitoring.check_drift_alert, run_id=scheduled__2023-09-01T00:00:00+00:00, execution_date=20230901T000000, start_date=20260620T070714, end_date=20260620T070714
[2026-06-20T07:07:14.638+0000] {local_task_job_runner.py:243} INFO - Task exited with return code 0
[2026-06-20T07:07:14.648+0000] {taskinstance.py:3503} INFO - 0 downstream tasks scheduled from follow-on schedule check
[2026-06-20T07:07:14.649+0000] {local_task_job_runner.py:222} INFO - ::endgroup::
[2026-06-20T07:35:40.960+0000] {local_task_job_runner.py:120} INFO - ::group::Pre task execution logs
[2026-06-20T07:35:40.972+0000] {taskinstance.py:2076} INFO - Dependencies all met for dep_context=non-requeueable deps ti=<TaskInstance: credit_default_ml_pipeline.monitoring.check_drift_alert scheduled__2023-09-01T00:00:00+00:00 [queued]>
[2026-06-20T07:35:40.975+0000] {taskinstance.py:2076} INFO - Dependencies all met for dep_context=requeueable deps ti=<TaskInstance: credit_default_ml_pipeline.monitoring.check_drift_alert scheduled__2023-09-01T00:00:00+00:00 [queued]>
[2026-06-20T07:35:40.975+0000] {taskinstance.py:2306} INFO - Starting attempt 1 of 2
[2026-06-20T07:35:41.041+0000] {taskinstance.py:2330} INFO - Executing <Task(ShortCircuitOperator): monitoring.check_drift_alert> on 2023-09-01 00:00:00+00:00
[2026-06-20T07:35:41.044+0000] {logging_mixin.py:188} WARNING - /home/***/.local/lib/python3.12/site-packages/***/task/task_runner/standard_task_runner.py:62 DeprecationWarning: This process (pid=23727) is multi-threaded, use of fork() may lead to deadlocks in the child.
[2026-06-20T07:35:41.045+0000] {standard_task_runner.py:64} INFO - Started process 23729 to run task
[2026-06-20T07:35:41.045+0000] {standard_task_runner.py:90} INFO - Running: ['***', 'tasks', 'run', 'credit_default_ml_pipeline', 'monitoring.check_drift_alert', 'scheduled__2023-09-01T00:00:00+00:00', '--job-id', '2104', '--raw', '--subdir', 'DAGS_FOLDER/dag.py', '--cfg-path', '/tmp/tmpsa26e39_']
[2026-06-20T07:35:41.046+0000] {standard_task_runner.py:91} INFO - Job 2104: Subtask monitoring.check_drift_alert
[2026-06-20T07:35:41.062+0000] {task_command.py:426} INFO - Running <TaskInstance: credit_default_ml_pipeline.monitoring.check_drift_alert scheduled__2023-09-01T00:00:00+00:00 [running]> on host 9cf341f51c89
[2026-06-20T07:35:41.087+0000] {taskinstance.py:2648} INFO - Exporting env vars: AIRFLOW_CTX_DAG_OWNER='***' AIRFLOW_CTX_DAG_ID='credit_default_ml_pipeline' AIRFLOW_CTX_TASK_ID='monitoring.check_drift_alert' AIRFLOW_CTX_EXECUTION_DATE='2023-09-01T00:00:00+00:00' AIRFLOW_CTX_TRY_NUMBER='1' AIRFLOW_CTX_DAG_RUN_ID='scheduled__2023-09-01T00:00:00+00:00'
[2026-06-20T07:35:41.088+0000] {taskinstance.py:430} INFO - ::endgroup::
[2026-06-20T07:35:41.092+0000] {baseoperator.py:400} WARNING - ShortCircuitOperator.execute cannot be called outside TaskInstance!
[2026-06-20T07:35:41.093+0000] {python.py:237} INFO - Done. Returned value was: False
[2026-06-20T07:35:41.093+0000] {python.py:304} INFO - Condition result is False
[2026-06-20T07:35:41.093+0000] {python.py:331} INFO - Skipping downstream tasks
[2026-06-20T07:35:41.101+0000] {python.py:339} INFO - Done.
[2026-06-20T07:35:41.102+0000] {taskinstance.py:441} INFO - ::group::Post task execution logs
[2026-06-20T07:35:41.108+0000] {taskinstance.py:1206} INFO - Marking task as SUCCESS. dag_id=credit_default_ml_pipeline, task_id=monitoring.check_drift_alert, run_id=scheduled__2023-09-01T00:00:00+00:00, execution_date=20230901T000000, start_date=20260620T073540, end_date=20260620T073541
[2026-06-20T07:35:41.150+0000] {local_task_job_runner.py:243} INFO - Task exited with return code 0
[2026-06-20T07:35:41.157+0000] {taskinstance.py:3503} INFO - 0 downstream tasks scheduled from follow-on schedule check
[2026-06-20T07:35:41.159+0000] {local_task_job_runner.py:222} INFO - ::endgroup::
[2026-06-20T15:34:58.254+0000] {local_task_job_runner.py:120} INFO - ::group::Pre task execution logs
[2026-06-20T15:34:58.266+0000] {taskinstance.py:2076} INFO - Dependencies all met for dep_context=non-requeueable deps ti=<TaskInstance: credit_default_ml_pipeline.monitoring.check_drift_alert scheduled__2023-09-01T00:00:00+00:00 [queued]>
[2026-06-20T15:34:58.269+0000] {taskinstance.py:2076} INFO - Dependencies all met for dep_context=requeueable deps ti=<TaskInstance: credit_default_ml_pipeline.monitoring.check_drift_alert scheduled__2023-09-01T00:00:00+00:00 [queued]>
[2026-06-20T15:34:58.270+0000] {taskinstance.py:2306} INFO - Starting attempt 1 of 2
[2026-06-20T15:34:58.335+0000] {taskinstance.py:2330} INFO - Executing <Task(ShortCircuitOperator): monitoring.check_drift_alert> on 2023-09-01 00:00:00+00:00
[2026-06-20T15:34:58.338+0000] {logging_mixin.py:188} WARNING - /home/***/.local/lib/python3.12/site-packages/***/task/task_runner/standard_task_runner.py:62 DeprecationWarning: This process (pid=10363) is multi-threaded, use of fork() may lead to deadlocks in the child.
[2026-06-20T15:34:58.339+0000] {standard_task_runner.py:64} INFO - Started process 10365 to run task
[2026-06-20T15:34:58.338+0000] {standard_task_runner.py:90} INFO - Running: ['***', 'tasks', 'run', 'credit_default_ml_pipeline', 'monitoring.check_drift_alert', 'scheduled__2023-09-01T00:00:00+00:00', '--job-id', '2574', '--raw', '--subdir', 'DAGS_FOLDER/dag.py', '--cfg-path', '/tmp/tmpsiivgw2i']
[2026-06-20T15:34:58.339+0000] {standard_task_runner.py:91} INFO - Job 2574: Subtask monitoring.check_drift_alert
[2026-06-20T15:34:58.356+0000] {task_command.py:426} INFO - Running <TaskInstance: credit_default_ml_pipeline.monitoring.check_drift_alert scheduled__2023-09-01T00:00:00+00:00 [running]> on host 9cf341f51c89
[2026-06-20T15:34:58.381+0000] {taskinstance.py:2648} INFO - Exporting env vars: AIRFLOW_CTX_DAG_OWNER='***' AIRFLOW_CTX_DAG_ID='credit_default_ml_pipeline' AIRFLOW_CTX_TASK_ID='monitoring.check_drift_alert' AIRFLOW_CTX_EXECUTION_DATE='2023-09-01T00:00:00+00:00' AIRFLOW_CTX_TRY_NUMBER='1' AIRFLOW_CTX_DAG_RUN_ID='scheduled__2023-09-01T00:00:00+00:00'
[2026-06-20T15:34:58.382+0000] {taskinstance.py:430} INFO - ::endgroup::
[2026-06-20T15:34:58.387+0000] {baseoperator.py:400} WARNING - ShortCircuitOperator.execute cannot be called outside TaskInstance!
[2026-06-20T15:34:58.387+0000] {python.py:237} INFO - Done. Returned value was: False
[2026-06-20T15:34:58.388+0000] {python.py:304} INFO - Condition result is False
[2026-06-20T15:34:58.388+0000] {python.py:331} INFO - Skipping downstream tasks
[2026-06-20T15:34:58.395+0000] {python.py:339} INFO - Done.
[2026-06-20T15:34:58.396+0000] {taskinstance.py:441} INFO - ::group::Post task execution logs
[2026-06-20T15:34:58.401+0000] {taskinstance.py:1206} INFO - Marking task as SUCCESS. dag_id=credit_default_ml_pipeline, task_id=monitoring.check_drift_alert, run_id=scheduled__2023-09-01T00:00:00+00:00, execution_date=20230901T000000, start_date=20260620T153458, end_date=20260620T153458
[2026-06-20T15:34:58.440+0000] {local_task_job_runner.py:243} INFO - Task exited with return code 0
[2026-06-20T15:34:58.448+0000] {taskinstance.py:3503} INFO - 0 downstream tasks scheduled from follow-on schedule check
[2026-06-20T15:34:58.449+0000] {local_task_job_runner.py:222} INFO - ::endgroup::
[2026-06-20T17:28:19.914+0000] {local_task_job_runner.py:120} INFO - ::group::Pre task execution logs
[2026-06-20T17:28:19.938+0000] {taskinstance.py:2076} INFO - Dependencies all met for dep_context=non-requeueable deps ti=<TaskInstance: credit_default_ml_pipeline.monitoring.check_drift_alert scheduled__2023-09-01T00:00:00+00:00 [queued]>
[2026-06-20T17:28:19.947+0000] {taskinstance.py:2076} INFO - Dependencies all met for dep_context=requeueable deps ti=<TaskInstance: credit_default_ml_pipeline.monitoring.check_drift_alert scheduled__2023-09-01T00:00:00+00:00 [queued]>
[2026-06-20T17:28:19.948+0000] {taskinstance.py:2306} INFO - Starting attempt 1 of 2
[2026-06-20T17:28:20.069+0000] {taskinstance.py:2330} INFO - Executing <Task(ShortCircuitOperator): monitoring.check_drift_alert> on 2023-09-01 00:00:00+00:00
[2026-06-20T17:28:20.075+0000] {logging_mixin.py:188} WARNING - /home/***/.local/lib/python3.12/site-packages/***/task/task_runner/standard_task_runner.py:62 DeprecationWarning: This process (pid=28444) is multi-threaded, use of fork() may lead to deadlocks in the child.
[2026-06-20T17:28:20.077+0000] {standard_task_runner.py:64} INFO - Started process 28446 to run task
[2026-06-20T17:28:20.076+0000] {standard_task_runner.py:90} INFO - Running: ['***', 'tasks', 'run', 'credit_default_ml_pipeline', 'monitoring.check_drift_alert', 'scheduled__2023-09-01T00:00:00+00:00', '--job-id', '3152', '--raw', '--subdir', 'DAGS_FOLDER/dag.py', '--cfg-path', '/tmp/tmpjdrg_oiq']
[2026-06-20T17:28:20.079+0000] {standard_task_runner.py:91} INFO - Job 3152: Subtask monitoring.check_drift_alert
[2026-06-20T17:28:20.115+0000] {task_command.py:426} INFO - Running <TaskInstance: credit_default_ml_pipeline.monitoring.check_drift_alert scheduled__2023-09-01T00:00:00+00:00 [running]> on host 9cf341f51c89
[2026-06-20T17:28:20.169+0000] {taskinstance.py:2648} INFO - Exporting env vars: AIRFLOW_CTX_DAG_OWNER='***' AIRFLOW_CTX_DAG_ID='credit_default_ml_pipeline' AIRFLOW_CTX_TASK_ID='monitoring.check_drift_alert' AIRFLOW_CTX_EXECUTION_DATE='2023-09-01T00:00:00+00:00' AIRFLOW_CTX_TRY_NUMBER='1' AIRFLOW_CTX_DAG_RUN_ID='scheduled__2023-09-01T00:00:00+00:00'
[2026-06-20T17:28:20.170+0000] {taskinstance.py:430} INFO - ::endgroup::
[2026-06-20T17:28:20.180+0000] {baseoperator.py:400} WARNING - ShortCircuitOperator.execute cannot be called outside TaskInstance!
[2026-06-20T17:28:20.181+0000] {python.py:237} INFO - Done. Returned value was: False
[2026-06-20T17:28:20.182+0000] {python.py:304} INFO - Condition result is False
[2026-06-20T17:28:20.182+0000] {python.py:331} INFO - Skipping downstream tasks
[2026-06-20T17:28:20.198+0000] {python.py:339} INFO - Done.
[2026-06-20T17:28:20.200+0000] {taskinstance.py:441} INFO - ::group::Post task execution logs
[2026-06-20T17:28:20.212+0000] {taskinstance.py:1206} INFO - Marking task as SUCCESS. dag_id=credit_default_ml_pipeline, task_id=monitoring.check_drift_alert, run_id=scheduled__2023-09-01T00:00:00+00:00, execution_date=20230901T000000, start_date=20260620T172819, end_date=20260620T172820
[2026-06-20T17:28:20.263+0000] {local_task_job_runner.py:243} INFO - Task exited with return code 0
[2026-06-20T17:28:20.277+0000] {taskinstance.py:3503} INFO - 0 downstream tasks scheduled from follow-on schedule check
[2026-06-20T17:28:20.278+0000] {local_task_job_runner.py:222} INFO - ::endgroup::
[2026-06-21T01:52:48.230+0000] {local_task_job_runner.py:120} INFO - ::group::Pre task execution logs
[2026-06-21T01:52:48.244+0000] {taskinstance.py:2076} INFO - Dependencies all met for dep_context=non-requeueable deps ti=<TaskInstance: credit_default_ml_pipeline.monitoring.check_drift_alert scheduled__2023-09-01T00:00:00+00:00 [queued]>
[2026-06-21T01:52:48.247+0000] {taskinstance.py:2076} INFO - Dependencies all met for dep_context=requeueable deps ti=<TaskInstance: credit_default_ml_pipeline.monitoring.check_drift_alert scheduled__2023-09-01T00:00:00+00:00 [queued]>
[2026-06-21T01:52:48.248+0000] {taskinstance.py:2306} INFO - Starting attempt 1 of 2
[2026-06-21T01:52:48.252+0000] {taskinstance.py:2330} INFO - Executing <Task(ShortCircuitOperator): monitoring.check_drift_alert> on 2023-09-01 00:00:00+00:00
[2026-06-21T01:52:48.255+0000] {logging_mixin.py:188} WARNING - /home/***/.local/lib/python3.12/site-packages/***/task/task_runner/standard_task_runner.py:62 DeprecationWarning: This process (pid=28315) is multi-threaded, use of fork() may lead to deadlocks in the child.
[2026-06-21T01:52:48.255+0000] {standard_task_runner.py:64} INFO - Started process 28317 to run task
[2026-06-21T01:52:48.255+0000] {standard_task_runner.py:90} INFO - Running: ['***', 'tasks', 'run', 'credit_default_ml_pipeline', 'monitoring.check_drift_alert', 'scheduled__2023-09-01T00:00:00+00:00', '--job-id', '3616', '--raw', '--subdir', 'DAGS_FOLDER/dag.py', '--cfg-path', '/tmp/tmpnv2i9ag_']
[2026-06-21T01:52:48.258+0000] {standard_task_runner.py:91} INFO - Job 3616: Subtask monitoring.check_drift_alert
[2026-06-21T01:52:48.276+0000] {task_command.py:426} INFO - Running <TaskInstance: credit_default_ml_pipeline.monitoring.check_drift_alert scheduled__2023-09-01T00:00:00+00:00 [running]> on host f6e9e2801916
[2026-06-21T01:52:48.371+0000] {taskinstance.py:2648} INFO - Exporting env vars: AIRFLOW_CTX_DAG_OWNER='***' AIRFLOW_CTX_DAG_ID='credit_default_ml_pipeline' AIRFLOW_CTX_TASK_ID='monitoring.check_drift_alert' AIRFLOW_CTX_EXECUTION_DATE='2023-09-01T00:00:00+00:00' AIRFLOW_CTX_TRY_NUMBER='1' AIRFLOW_CTX_DAG_RUN_ID='scheduled__2023-09-01T00:00:00+00:00'
[2026-06-21T01:52:48.373+0000] {taskinstance.py:430} INFO - ::endgroup::
[2026-06-21T01:52:48.377+0000] {baseoperator.py:400} WARNING - ShortCircuitOperator.execute cannot be called outside TaskInstance!
[2026-06-21T01:52:48.379+0000] {python.py:237} INFO - Done. Returned value was: False
[2026-06-21T01:52:48.379+0000] {python.py:304} INFO - Condition result is False
[2026-06-21T01:52:48.379+0000] {python.py:331} INFO - Skipping downstream tasks
[2026-06-21T01:52:48.386+0000] {python.py:339} INFO - Done.
[2026-06-21T01:52:48.388+0000] {taskinstance.py:441} INFO - ::group::Post task execution logs
[2026-06-21T01:52:48.393+0000] {taskinstance.py:1206} INFO - Marking task as SUCCESS. dag_id=credit_default_ml_pipeline, task_id=monitoring.check_drift_alert, run_id=scheduled__2023-09-01T00:00:00+00:00, execution_date=20230901T000000, start_date=20260621T015248, end_date=20260621T015248
[2026-06-21T01:52:48.441+0000] {local_task_job_runner.py:243} INFO - Task exited with return code 0
[2026-06-21T01:52:48.449+0000] {taskinstance.py:3503} INFO - 0 downstream tasks scheduled from follow-on schedule check
[2026-06-21T01:52:48.450+0000] {local_task_job_runner.py:222} INFO - ::endgroup::
[2026-06-21T05:49:52.288+0000] {local_task_job_runner.py:120} INFO - ::group::Pre task execution logs
[2026-06-21T05:49:52.309+0000] {taskinstance.py:2076} INFO - Dependencies all met for dep_context=non-requeueable deps ti=<TaskInstance: credit_default_ml_pipeline.monitoring.check_drift_alert scheduled__2023-09-01T00:00:00+00:00 [queued]>
[2026-06-21T05:49:52.316+0000] {taskinstance.py:2076} INFO - Dependencies all met for dep_context=requeueable deps ti=<TaskInstance: credit_default_ml_pipeline.monitoring.check_drift_alert scheduled__2023-09-01T00:00:00+00:00 [queued]>
[2026-06-21T05:49:52.317+0000] {taskinstance.py:2306} INFO - Starting attempt 1 of 2
[2026-06-21T05:49:52.430+0000] {taskinstance.py:2330} INFO - Executing <Task(ShortCircuitOperator): monitoring.check_drift_alert> on 2023-09-01 00:00:00+00:00
[2026-06-21T05:49:52.437+0000] {logging_mixin.py:188} WARNING - /home/***/.local/lib/python3.12/site-packages/***/task/task_runner/standard_task_runner.py:62 DeprecationWarning: This process (pid=28987) is multi-threaded, use of fork() may lead to deadlocks in the child.
[2026-06-21T05:49:52.439+0000] {standard_task_runner.py:64} INFO - Started process 28989 to run task
[2026-06-21T05:49:52.438+0000] {standard_task_runner.py:90} INFO - Running: ['***', 'tasks', 'run', 'credit_default_ml_pipeline', 'monitoring.check_drift_alert', 'scheduled__2023-09-01T00:00:00+00:00', '--job-id', '4080', '--raw', '--subdir', 'DAGS_FOLDER/dag.py', '--cfg-path', '/tmp/tmps5vdnq5h']
[2026-06-21T05:49:52.442+0000] {standard_task_runner.py:91} INFO - Job 4080: Subtask monitoring.check_drift_alert
[2026-06-21T05:49:52.478+0000] {task_command.py:426} INFO - Running <TaskInstance: credit_default_ml_pipeline.monitoring.check_drift_alert scheduled__2023-09-01T00:00:00+00:00 [running]> on host 9377a3f0491f
[2026-06-21T05:49:52.533+0000] {taskinstance.py:2648} INFO - Exporting env vars: AIRFLOW_CTX_DAG_OWNER='***' AIRFLOW_CTX_DAG_ID='credit_default_ml_pipeline' AIRFLOW_CTX_TASK_ID='monitoring.check_drift_alert' AIRFLOW_CTX_EXECUTION_DATE='2023-09-01T00:00:00+00:00' AIRFLOW_CTX_TRY_NUMBER='1' AIRFLOW_CTX_DAG_RUN_ID='scheduled__2023-09-01T00:00:00+00:00'
[2026-06-21T05:49:52.534+0000] {taskinstance.py:430} INFO - ::endgroup::
[2026-06-21T05:49:52.544+0000] {baseoperator.py:400} WARNING - ShortCircuitOperator.execute cannot be called outside TaskInstance!
[2026-06-21T05:49:52.545+0000] {python.py:237} INFO - Done. Returned value was: False
[2026-06-21T05:49:52.546+0000] {python.py:304} INFO - Condition result is False
[2026-06-21T05:49:52.547+0000] {python.py:331} INFO - Skipping downstream tasks
[2026-06-21T05:49:52.562+0000] {python.py:339} INFO - Done.
[2026-06-21T05:49:52.563+0000] {taskinstance.py:441} INFO - ::group::Post task execution logs
[2026-06-21T05:49:52.574+0000] {taskinstance.py:1206} INFO - Marking task as SUCCESS. dag_id=credit_default_ml_pipeline, task_id=monitoring.check_drift_alert, run_id=scheduled__2023-09-01T00:00:00+00:00, execution_date=20230901T000000, start_date=20260621T054952, end_date=20260621T054952
[2026-06-21T05:49:52.623+0000] {local_task_job_runner.py:243} INFO - Task exited with return code 0
[2026-06-21T05:49:52.637+0000] {taskinstance.py:3503} INFO - 0 downstream tasks scheduled from follow-on schedule check
[2026-06-21T05:49:52.639+0000] {local_task_job_runner.py:222} INFO - ::endgroup::
[2026-06-25T17:42:26.544+0000] {local_task_job_runner.py:120} INFO - ::group::Pre task execution logs
[2026-06-25T17:42:26.570+0000] {taskinstance.py:2076} INFO - Dependencies all met for dep_context=non-requeueable deps ti=<TaskInstance: credit_default_ml_pipeline.monitoring.check_drift_alert scheduled__2023-09-01T00:00:00+00:00 [queued]>
[2026-06-25T17:42:26.580+0000] {taskinstance.py:2076} INFO - Dependencies all met for dep_context=requeueable deps ti=<TaskInstance: credit_default_ml_pipeline.monitoring.check_drift_alert scheduled__2023-09-01T00:00:00+00:00 [queued]>
[2026-06-25T17:42:26.581+0000] {taskinstance.py:2306} INFO - Starting attempt 1 of 2
[2026-06-25T17:42:26.591+0000] {taskinstance.py:2330} INFO - Executing <Task(ShortCircuitOperator): monitoring.check_drift_alert> on 2023-09-01 00:00:00+00:00
[2026-06-25T17:42:26.598+0000] {logging_mixin.py:188} WARNING - /home/***/.local/lib/python3.12/site-packages/***/task/task_runner/standard_task_runner.py:62 DeprecationWarning: This process (pid=28911) is multi-threaded, use of fork() may lead to deadlocks in the child.
[2026-06-25T17:42:26.600+0000] {standard_task_runner.py:64} INFO - Started process 28913 to run task
[2026-06-25T17:42:26.598+0000] {standard_task_runner.py:90} INFO - Running: ['***', 'tasks', 'run', 'credit_default_ml_pipeline', 'monitoring.check_drift_alert', 'scheduled__2023-09-01T00:00:00+00:00', '--job-id', '4540', '--raw', '--subdir', 'DAGS_FOLDER/dag.py', '--cfg-path', '/tmp/tmpuyyggrqi']
[2026-06-25T17:42:26.601+0000] {standard_task_runner.py:91} INFO - Job 4540: Subtask monitoring.check_drift_alert
[2026-06-25T17:42:26.642+0000] {task_command.py:426} INFO - Running <TaskInstance: credit_default_ml_pipeline.monitoring.check_drift_alert scheduled__2023-09-01T00:00:00+00:00 [running]> on host b54b2be331ab
[2026-06-25T17:42:26.828+0000] {taskinstance.py:2648} INFO - Exporting env vars: AIRFLOW_CTX_DAG_OWNER='***' AIRFLOW_CTX_DAG_ID='credit_default_ml_pipeline' AIRFLOW_CTX_TASK_ID='monitoring.check_drift_alert' AIRFLOW_CTX_EXECUTION_DATE='2023-09-01T00:00:00+00:00' AIRFLOW_CTX_TRY_NUMBER='1' AIRFLOW_CTX_DAG_RUN_ID='scheduled__2023-09-01T00:00:00+00:00'
[2026-06-25T17:42:26.830+0000] {taskinstance.py:430} INFO - ::endgroup::
[2026-06-25T17:42:26.838+0000] {baseoperator.py:400} WARNING - ShortCircuitOperator.execute cannot be called outside TaskInstance!
[2026-06-25T17:42:26.840+0000] {python.py:237} INFO - Done. Returned value was: False
[2026-06-25T17:42:26.841+0000] {python.py:304} INFO - Condition result is False
[2026-06-25T17:42:26.842+0000] {python.py:331} INFO - Skipping downstream tasks
[2026-06-25T17:42:26.855+0000] {python.py:339} INFO - Done.
[2026-06-25T17:42:26.856+0000] {taskinstance.py:441} INFO - ::group::Post task execution logs
[2026-06-25T17:42:26.866+0000] {taskinstance.py:1206} INFO - Marking task as SUCCESS. dag_id=credit_default_ml_pipeline, task_id=monitoring.check_drift_alert, run_id=scheduled__2023-09-01T00:00:00+00:00, execution_date=20230901T000000, start_date=20260625T174226, end_date=20260625T174226
[2026-06-25T17:42:26.908+0000] {local_task_job_runner.py:243} INFO - Task exited with return code 0
[2026-06-25T17:42:26.920+0000] {taskinstance.py:3503} INFO - 0 downstream tasks scheduled from follow-on schedule check
[2026-06-25T17:42:26.921+0000] {local_task_job_runner.py:222} INFO - ::endgroup::
