[2026-06-17T01:04:27.366+0000] {local_task_job_runner.py:120} INFO - ::group::Pre task execution logs
[2026-06-17T01:04:27.382+0000] {taskinstance.py:2076} INFO - Dependencies all met for dep_context=non-requeueable deps ti=<TaskInstance: credit_default_ml_pipeline.feature_pipeline.feature_bronze_clickstream scheduled__2024-01-01T00:00:00+00:00 [queued]>
[2026-06-17T01:04:27.386+0000] {taskinstance.py:2076} INFO - Dependencies all met for dep_context=requeueable deps ti=<TaskInstance: credit_default_ml_pipeline.feature_pipeline.feature_bronze_clickstream scheduled__2024-01-01T00:00:00+00:00 [queued]>
[2026-06-17T01:04:27.386+0000] {taskinstance.py:2306} INFO - Starting attempt 3 of 4
[2026-06-17T01:04:27.394+0000] {taskinstance.py:2330} INFO - Executing <Task(BashOperator): feature_pipeline.feature_bronze_clickstream> on 2024-01-01 00:00:00+00:00
[2026-06-17T01:04:27.400+0000] {standard_task_runner.py:90} INFO - Running: ['***', 'tasks', 'run', 'credit_default_ml_pipeline', 'feature_pipeline.feature_bronze_clickstream', 'scheduled__2024-01-01T00:00:00+00:00', '--job-id', '617', '--raw', '--subdir', 'DAGS_FOLDER/dag.py', '--cfg-path', '/tmp/tmph1dxawa_']
[2026-06-17T01:04:27.401+0000] {logging_mixin.py:188} WARNING - /home/***/.local/lib/python3.12/site-packages/***/task/task_runner/standard_task_runner.py:62 DeprecationWarning: This process (pid=77918) is multi-threaded, use of fork() may lead to deadlocks in the child.
[2026-06-17T01:04:27.402+0000] {standard_task_runner.py:91} INFO - Job 617: Subtask feature_pipeline.feature_bronze_clickstream
[2026-06-17T01:04:27.403+0000] {standard_task_runner.py:64} INFO - Started process 77922 to run task
[2026-06-17T01:04:27.428+0000] {task_command.py:426} INFO - Running <TaskInstance: credit_default_ml_pipeline.feature_pipeline.feature_bronze_clickstream scheduled__2024-01-01T00:00:00+00:00 [running]> on host 2b9b50b7433d
[2026-06-17T01:04:27.462+0000] {taskinstance.py:2648} INFO - Exporting env vars: AIRFLOW_CTX_DAG_OWNER='***' AIRFLOW_CTX_DAG_ID='credit_default_ml_pipeline' AIRFLOW_CTX_TASK_ID='feature_pipeline.feature_bronze_clickstream' AIRFLOW_CTX_EXECUTION_DATE='2024-01-01T00:00:00+00:00' AIRFLOW_CTX_TRY_NUMBER='3' AIRFLOW_CTX_DAG_RUN_ID='scheduled__2024-01-01T00:00:00+00:00'
[2026-06-17T01:04:27.464+0000] {taskinstance.py:430} INFO - ::endgroup::
[2026-06-17T01:04:27.470+0000] {subprocess.py:63} INFO - Tmp dir root location: /tmp
[2026-06-17T01:04:27.470+0000] {subprocess.py:75} INFO - Running command: ['/usr/bin/bash', '-c', 'cd /opt/***/scripts && python3 bronze_processing.py --snapshotdate "2024-01-01" --source clickstream']
[2026-06-17T01:04:27.475+0000] {subprocess.py:86} INFO - Output:
[2026-06-17T01:04:29.022+0000] {subprocess.py:93} INFO - Setting default log level to "WARN".
[2026-06-17T01:04:29.023+0000] {subprocess.py:93} INFO - To adjust logging level use sc.setLogLevel(newLevel). For SparkR, use setLogLevel(newLevel).
[2026-06-17T01:04:29.112+0000] {subprocess.py:93} INFO - 26/06/17 01:04:29 WARN NativeCodeLoader: Unable to load native-hadoop library for your platform... using builtin-java classes where applicable
[2026-06-17T01:04:36.954+0000] {subprocess.py:93} INFO - [Stage 1:>                                                          (0 + 5) / 5][Stage 1:===============================================>           (4 + 1) / 5]                                                                                [Stage 5:===============================================>           (4 + 1) / 5]
[2026-06-17T01:04:36.958+0000] {subprocess.py:93} INFO - --- bronze clickstream 2024-01-01 ---
[2026-06-17T01:04:36.960+0000] {subprocess.py:93} INFO - 
[2026-06-17T01:04:36.961+0000] {subprocess.py:93} INFO - [bronze:clickstream] 2024-01-01 row count: 8974
[2026-06-17T01:04:36.962+0000] {subprocess.py:93} INFO - [bronze:clickstream] saved to: datamart/bronze/clickstream/bronze_clickstream_2024_01_01.csv
[2026-06-17T01:04:36.962+0000] {subprocess.py:93} INFO - 
[2026-06-17T01:04:36.963+0000] {subprocess.py:93} INFO - --- done ---
[2026-06-17T01:04:36.965+0000] {subprocess.py:93} INFO - 
[2026-06-17T01:04:37.418+0000] {subprocess.py:97} INFO - Command exited with return code 0
[2026-06-17T01:04:37.421+0000] {taskinstance.py:441} INFO - ::group::Post task execution logs
[2026-06-17T01:04:37.454+0000] {taskinstance.py:1206} INFO - Marking task as SUCCESS. dag_id=credit_default_ml_pipeline, task_id=feature_pipeline.feature_bronze_clickstream, run_id=scheduled__2024-01-01T00:00:00+00:00, execution_date=20240101T000000, start_date=20260617T010427, end_date=20260617T010437
[2026-06-17T01:04:37.499+0000] {local_task_job_runner.py:243} INFO - Task exited with return code 0
[2026-06-17T01:04:37.532+0000] {taskinstance.py:3503} INFO - 1 downstream tasks scheduled from follow-on schedule check
[2026-06-17T01:04:37.536+0000] {local_task_job_runner.py:222} INFO - ::endgroup::
