[2026-06-17T16:51:27.001+0000] {local_task_job_runner.py:120} INFO - ::group::Pre task execution logs
[2026-06-17T16:51:27.019+0000] {taskinstance.py:2076} INFO - Dependencies all met for dep_context=non-requeueable deps ti=<TaskInstance: credit_default_ml_pipeline.inference.challenger_inference manual__2024-09-01T00:00:00+00:00 [queued]>
[2026-06-17T16:51:27.023+0000] {taskinstance.py:2076} INFO - Dependencies all met for dep_context=requeueable deps ti=<TaskInstance: credit_default_ml_pipeline.inference.challenger_inference manual__2024-09-01T00:00:00+00:00 [queued]>
[2026-06-17T16:51:27.024+0000] {taskinstance.py:2306} INFO - Starting attempt 1 of 2
[2026-06-17T16:51:27.030+0000] {taskinstance.py:2330} INFO - Executing <Task(BashOperator): inference.challenger_inference> on 2024-09-01 00:00:00+00:00
[2026-06-17T16:51:27.036+0000] {standard_task_runner.py:90} INFO - Running: ['***', 'tasks', 'run', 'credit_default_ml_pipeline', 'inference.challenger_inference', 'manual__2024-09-01T00:00:00+00:00', '--job-id', '833', '--raw', '--subdir', 'DAGS_FOLDER/dag.py', '--cfg-path', '/tmp/tmp4mcw_g2x']
[2026-06-17T16:51:27.038+0000] {standard_task_runner.py:91} INFO - Job 833: Subtask inference.challenger_inference
[2026-06-17T16:51:27.042+0000] {logging_mixin.py:188} WARNING - /home/***/.local/lib/python3.12/site-packages/***/task/task_runner/standard_task_runner.py:62 DeprecationWarning: This process (pid=6025) is multi-threaded, use of fork() may lead to deadlocks in the child.
[2026-06-17T16:51:27.044+0000] {standard_task_runner.py:64} INFO - Started process 6084 to run task
[2026-06-17T16:51:27.071+0000] {task_command.py:426} INFO - Running <TaskInstance: credit_default_ml_pipeline.inference.challenger_inference manual__2024-09-01T00:00:00+00:00 [running]> on host bfbc24b887a5
[2026-06-17T16:51:27.207+0000] {taskinstance.py:2648} INFO - Exporting env vars: AIRFLOW_CTX_DAG_OWNER='***' AIRFLOW_CTX_DAG_ID='credit_default_ml_pipeline' AIRFLOW_CTX_TASK_ID='inference.challenger_inference' AIRFLOW_CTX_EXECUTION_DATE='2024-09-01T00:00:00+00:00' AIRFLOW_CTX_TRY_NUMBER='1' AIRFLOW_CTX_DAG_RUN_ID='manual__2024-09-01T00:00:00+00:00'
[2026-06-17T16:51:27.209+0000] {taskinstance.py:430} INFO - ::endgroup::
[2026-06-17T16:51:27.215+0000] {subprocess.py:63} INFO - Tmp dir root location: /tmp
[2026-06-17T16:51:27.216+0000] {subprocess.py:75} INFO - Running command: ['/usr/bin/bash', '-c', 'cd /opt/***/scripts && python3 model_inference.py --snapshotdate "2024-09-01" --modelname "credit_logreg_2024_09_01.pkl"']
[2026-06-17T16:51:27.221+0000] {subprocess.py:86} INFO - Output:
[2026-06-17T16:51:28.787+0000] {subprocess.py:93} INFO - Setting default log level to "WARN".
[2026-06-17T16:51:28.789+0000] {subprocess.py:93} INFO - To adjust logging level use sc.setLogLevel(newLevel). For SparkR, use setLogLevel(newLevel).
[2026-06-17T16:51:28.958+0000] {subprocess.py:93} INFO - 26/06/17 16:51:28 WARN NativeCodeLoader: Unable to load native-hadoop library for your platform... using builtin-java classes where applicable
[2026-06-17T16:51:29.396+0000] {subprocess.py:93} INFO - 26/06/17 16:51:29 WARN Utils: Service 'SparkUI' could not bind on port 4040. Attempting port 4041.
[2026-06-17T16:51:32.697+0000] {subprocess.py:93} INFO - 
[2026-06-17T16:51:32.699+0000] {subprocess.py:93} INFO - --- inference 2024-09-01 / credit_logreg_2024_09_01.pkl ---
[2026-06-17T16:51:32.700+0000] {subprocess.py:93} INFO - 
[2026-06-17T16:51:32.701+0000] {subprocess.py:93} INFO - loaded model: model_bank/credit_logreg_2024_09_01.pkl
[2026-06-17T16:51:32.701+0000] {subprocess.py:93} INFO - using raw model probabilities (no calibrator in this artefact)
[2026-06-17T16:51:32.703+0000] {subprocess.py:93} INFO - saved predictions: datamart/gold/model_predictions/credit_logreg_2024_09_01/credit_logreg_2024_09_01_predictions_2024_09_01.parquet (493 rows, mean_score=0.4253)
[2026-06-17T16:51:32.703+0000] {subprocess.py:93} INFO - 
[2026-06-17T16:51:32.705+0000] {subprocess.py:93} INFO - --- done ---
[2026-06-17T16:51:32.705+0000] {subprocess.py:93} INFO - 
[2026-06-17T16:51:33.288+0000] {subprocess.py:97} INFO - Command exited with return code 0
[2026-06-17T16:51:33.289+0000] {taskinstance.py:441} INFO - ::group::Post task execution logs
[2026-06-17T16:51:33.303+0000] {taskinstance.py:1206} INFO - Marking task as SUCCESS. dag_id=credit_default_ml_pipeline, task_id=inference.challenger_inference, run_id=manual__2024-09-01T00:00:00+00:00, execution_date=20240901T000000, start_date=20260617T165127, end_date=20260617T165133
[2026-06-17T16:51:33.335+0000] {local_task_job_runner.py:243} INFO - Task exited with return code 0
[2026-06-17T16:51:33.354+0000] {taskinstance.py:3503} INFO - 0 downstream tasks scheduled from follow-on schedule check
[2026-06-17T16:51:33.356+0000] {local_task_job_runner.py:222} INFO - ::endgroup::
