[2026-06-20T06:24:50.305+0000] {local_task_job_runner.py:120} INFO - ::group::Pre task execution logs
[2026-06-20T06:24:50.321+0000] {taskinstance.py:2076} INFO - Dependencies all met for dep_context=non-requeueable deps ti=<TaskInstance: credit_default_ml_pipeline.inference.logreg_inference scheduled__2023-12-01T00:00:00+00:00 [queued]>
[2026-06-20T06:24:50.327+0000] {taskinstance.py:2076} INFO - Dependencies all met for dep_context=requeueable deps ti=<TaskInstance: credit_default_ml_pipeline.inference.logreg_inference scheduled__2023-12-01T00:00:00+00:00 [queued]>
[2026-06-20T06:24:50.328+0000] {taskinstance.py:2306} INFO - Starting attempt 1 of 2
[2026-06-20T06:24:50.415+0000] {taskinstance.py:2330} INFO - Executing <Task(BashOperator): inference.logreg_inference> on 2023-12-01 00:00:00+00:00
[2026-06-20T06:24:50.420+0000] {logging_mixin.py:188} WARNING - /home/***/.local/lib/python3.12/site-packages/***/task/task_runner/standard_task_runner.py:62 DeprecationWarning: This process (pid=48365) is multi-threaded, use of fork() may lead to deadlocks in the child.
[2026-06-20T06:24:50.421+0000] {standard_task_runner.py:64} INFO - Started process 48370 to run task
[2026-06-20T06:24:50.420+0000] {standard_task_runner.py:90} INFO - Running: ['***', 'tasks', 'run', 'credit_default_ml_pipeline', 'inference.logreg_inference', 'scheduled__2023-12-01T00:00:00+00:00', '--job-id', '1663', '--raw', '--subdir', 'DAGS_FOLDER/dag.py', '--cfg-path', '/tmp/tmp8ngm6bjr']
[2026-06-20T06:24:50.421+0000] {standard_task_runner.py:91} INFO - Job 1663: Subtask inference.logreg_inference
[2026-06-20T06:24:50.440+0000] {task_command.py:426} INFO - Running <TaskInstance: credit_default_ml_pipeline.inference.logreg_inference scheduled__2023-12-01T00:00:00+00:00 [running]> on host 9cf341f51c89
[2026-06-20T06:24:50.469+0000] {taskinstance.py:2648} INFO - Exporting env vars: AIRFLOW_CTX_DAG_OWNER='***' AIRFLOW_CTX_DAG_ID='credit_default_ml_pipeline' AIRFLOW_CTX_TASK_ID='inference.logreg_inference' AIRFLOW_CTX_EXECUTION_DATE='2023-12-01T00:00:00+00:00' AIRFLOW_CTX_TRY_NUMBER='1' AIRFLOW_CTX_DAG_RUN_ID='scheduled__2023-12-01T00:00:00+00:00'
[2026-06-20T06:24:50.471+0000] {taskinstance.py:430} INFO - ::endgroup::
[2026-06-20T06:24:50.475+0000] {subprocess.py:63} INFO - Tmp dir root location: /tmp
[2026-06-20T06:24:50.477+0000] {subprocess.py:75} INFO - Running command: ['/usr/bin/bash', '-c', 'cd /opt/***/scripts && if [ ! -f model_bank/champion.txt ]; then echo \'[SKIP] no champion.txt for 2023-12-01\'; exit 0; fi && python3 model_inference.py --snapshotdate "2023-12-01" --modelname "credit_logreg_2024_09_01.pkl"']
[2026-06-20T06:24:50.481+0000] {subprocess.py:86} INFO - Output:
[2026-06-20T06:24:50.482+0000] {subprocess.py:93} INFO - [SKIP] no champion.txt for 2023-12-01
[2026-06-20T06:24:50.483+0000] {subprocess.py:97} INFO - Command exited with return code 0
[2026-06-20T06:24:50.484+0000] {taskinstance.py:441} INFO - ::group::Post task execution logs
[2026-06-20T06:24:50.494+0000] {taskinstance.py:1206} INFO - Marking task as SUCCESS. dag_id=credit_default_ml_pipeline, task_id=inference.logreg_inference, run_id=scheduled__2023-12-01T00:00:00+00:00, execution_date=20231201T000000, start_date=20260620T062450, end_date=20260620T062450
[2026-06-20T06:24:50.519+0000] {local_task_job_runner.py:243} INFO - Task exited with return code 0
[2026-06-20T06:24:50.531+0000] {taskinstance.py:3503} INFO - 0 downstream tasks scheduled from follow-on schedule check
[2026-06-20T06:24:50.532+0000] {local_task_job_runner.py:222} INFO - ::endgroup::
[2026-06-20T07:44:59.114+0000] {local_task_job_runner.py:120} INFO - ::group::Pre task execution logs
[2026-06-20T07:44:59.135+0000] {taskinstance.py:2076} INFO - Dependencies all met for dep_context=non-requeueable deps ti=<TaskInstance: credit_default_ml_pipeline.inference.logreg_inference scheduled__2023-12-01T00:00:00+00:00 [queued]>
[2026-06-20T07:44:59.143+0000] {taskinstance.py:2076} INFO - Dependencies all met for dep_context=requeueable deps ti=<TaskInstance: credit_default_ml_pipeline.inference.logreg_inference scheduled__2023-12-01T00:00:00+00:00 [queued]>
[2026-06-20T07:44:59.143+0000] {taskinstance.py:2306} INFO - Starting attempt 1 of 2
[2026-06-20T07:44:59.275+0000] {taskinstance.py:2330} INFO - Executing <Task(BashOperator): inference.logreg_inference> on 2023-12-01 00:00:00+00:00
[2026-06-20T07:44:59.279+0000] {logging_mixin.py:188} WARNING - /home/***/.local/lib/python3.12/site-packages/***/task/task_runner/standard_task_runner.py:62 DeprecationWarning: This process (pid=33452) is multi-threaded, use of fork() may lead to deadlocks in the child.
[2026-06-20T07:44:59.279+0000] {standard_task_runner.py:90} INFO - Running: ['***', 'tasks', 'run', 'credit_default_ml_pipeline', 'inference.logreg_inference', 'scheduled__2023-12-01T00:00:00+00:00', '--job-id', '2157', '--raw', '--subdir', 'DAGS_FOLDER/dag.py', '--cfg-path', '/tmp/tmplb8vj4mv']
[2026-06-20T07:44:59.281+0000] {standard_task_runner.py:64} INFO - Started process 33456 to run task
[2026-06-20T07:44:59.281+0000] {standard_task_runner.py:91} INFO - Job 2157: Subtask inference.logreg_inference
[2026-06-20T07:44:59.304+0000] {task_command.py:426} INFO - Running <TaskInstance: credit_default_ml_pipeline.inference.logreg_inference scheduled__2023-12-01T00:00:00+00:00 [running]> on host 9cf341f51c89
[2026-06-20T07:44:59.333+0000] {taskinstance.py:2648} INFO - Exporting env vars: AIRFLOW_CTX_DAG_OWNER='***' AIRFLOW_CTX_DAG_ID='credit_default_ml_pipeline' AIRFLOW_CTX_TASK_ID='inference.logreg_inference' AIRFLOW_CTX_EXECUTION_DATE='2023-12-01T00:00:00+00:00' AIRFLOW_CTX_TRY_NUMBER='1' AIRFLOW_CTX_DAG_RUN_ID='scheduled__2023-12-01T00:00:00+00:00'
[2026-06-20T07:44:59.334+0000] {taskinstance.py:430} INFO - ::endgroup::
[2026-06-20T07:44:59.339+0000] {subprocess.py:63} INFO - Tmp dir root location: /tmp
[2026-06-20T07:44:59.340+0000] {subprocess.py:75} INFO - Running command: ['/usr/bin/bash', '-c', 'cd /opt/***/scripts && if [ ! -f model_bank/champion.txt ]; then echo \'[SKIP] no champion.txt for 2023-12-01\'; exit 0; fi && python3 model_inference.py --snapshotdate "2023-12-01" --modelname "credit_logreg_2024_09_01.pkl"']
[2026-06-20T07:44:59.344+0000] {subprocess.py:86} INFO - Output:
[2026-06-20T07:44:59.345+0000] {subprocess.py:93} INFO - [SKIP] no champion.txt for 2023-12-01
[2026-06-20T07:44:59.346+0000] {subprocess.py:97} INFO - Command exited with return code 0
[2026-06-20T07:44:59.347+0000] {taskinstance.py:441} INFO - ::group::Post task execution logs
[2026-06-20T07:44:59.365+0000] {taskinstance.py:1206} INFO - Marking task as SUCCESS. dag_id=credit_default_ml_pipeline, task_id=inference.logreg_inference, run_id=scheduled__2023-12-01T00:00:00+00:00, execution_date=20231201T000000, start_date=20260620T074459, end_date=20260620T074459
[2026-06-20T07:44:59.381+0000] {local_task_job_runner.py:243} INFO - Task exited with return code 0
[2026-06-20T07:44:59.388+0000] {local_task_job_runner.py:222} INFO - ::endgroup::
[2026-06-20T15:43:13.031+0000] {local_task_job_runner.py:120} INFO - ::group::Pre task execution logs
[2026-06-20T15:43:13.044+0000] {taskinstance.py:2076} INFO - Dependencies all met for dep_context=non-requeueable deps ti=<TaskInstance: credit_default_ml_pipeline.inference.logreg_inference scheduled__2023-12-01T00:00:00+00:00 [queued]>
[2026-06-20T15:43:13.049+0000] {taskinstance.py:2076} INFO - Dependencies all met for dep_context=requeueable deps ti=<TaskInstance: credit_default_ml_pipeline.inference.logreg_inference scheduled__2023-12-01T00:00:00+00:00 [queued]>
[2026-06-20T15:43:13.050+0000] {taskinstance.py:2306} INFO - Starting attempt 1 of 2
[2026-06-20T15:43:13.123+0000] {taskinstance.py:2330} INFO - Executing <Task(BashOperator): inference.logreg_inference> on 2023-12-01 00:00:00+00:00
[2026-06-20T15:43:13.129+0000] {logging_mixin.py:188} WARNING - /home/***/.local/lib/python3.12/site-packages/***/task/task_runner/standard_task_runner.py:62 DeprecationWarning: This process (pid=19859) is multi-threaded, use of fork() may lead to deadlocks in the child.
[2026-06-20T15:43:13.129+0000] {standard_task_runner.py:90} INFO - Running: ['***', 'tasks', 'run', 'credit_default_ml_pipeline', 'inference.logreg_inference', 'scheduled__2023-12-01T00:00:00+00:00', '--job-id', '2626', '--raw', '--subdir', 'DAGS_FOLDER/dag.py', '--cfg-path', '/tmp/tmpmuag5tmm']
[2026-06-20T15:43:13.131+0000] {standard_task_runner.py:64} INFO - Started process 19863 to run task
[2026-06-20T15:43:13.131+0000] {standard_task_runner.py:91} INFO - Job 2626: Subtask inference.logreg_inference
[2026-06-20T15:43:13.149+0000] {task_command.py:426} INFO - Running <TaskInstance: credit_default_ml_pipeline.inference.logreg_inference scheduled__2023-12-01T00:00:00+00:00 [running]> on host 9cf341f51c89
[2026-06-20T15:43:13.176+0000] {taskinstance.py:2648} INFO - Exporting env vars: AIRFLOW_CTX_DAG_OWNER='***' AIRFLOW_CTX_DAG_ID='credit_default_ml_pipeline' AIRFLOW_CTX_TASK_ID='inference.logreg_inference' AIRFLOW_CTX_EXECUTION_DATE='2023-12-01T00:00:00+00:00' AIRFLOW_CTX_TRY_NUMBER='1' AIRFLOW_CTX_DAG_RUN_ID='scheduled__2023-12-01T00:00:00+00:00'
[2026-06-20T15:43:13.178+0000] {taskinstance.py:430} INFO - ::endgroup::
[2026-06-20T15:43:13.182+0000] {subprocess.py:63} INFO - Tmp dir root location: /tmp
[2026-06-20T15:43:13.183+0000] {subprocess.py:75} INFO - Running command: ['/usr/bin/bash', '-c', 'cd /opt/***/scripts && if [ ! -f model_bank/champion.txt ]; then echo \'[SKIP] no champion.txt for 2023-12-01\'; exit 0; fi && python3 model_inference.py --snapshotdate "2023-12-01" --modelname "credit_logreg_2024_09_01.pkl"']
[2026-06-20T15:43:13.187+0000] {subprocess.py:86} INFO - Output:
[2026-06-20T15:43:13.189+0000] {subprocess.py:93} INFO - [SKIP] no champion.txt for 2023-12-01
[2026-06-20T15:43:13.189+0000] {subprocess.py:97} INFO - Command exited with return code 0
[2026-06-20T15:43:13.189+0000] {taskinstance.py:441} INFO - ::group::Post task execution logs
[2026-06-20T15:43:13.199+0000] {taskinstance.py:1206} INFO - Marking task as SUCCESS. dag_id=credit_default_ml_pipeline, task_id=inference.logreg_inference, run_id=scheduled__2023-12-01T00:00:00+00:00, execution_date=20231201T000000, start_date=20260620T154313, end_date=20260620T154313
[2026-06-20T15:43:13.228+0000] {local_task_job_runner.py:243} INFO - Task exited with return code 0
[2026-06-20T15:43:13.239+0000] {taskinstance.py:3503} INFO - 0 downstream tasks scheduled from follow-on schedule check
[2026-06-20T15:43:13.242+0000] {local_task_job_runner.py:222} INFO - ::endgroup::
[2026-06-20T17:37:45.875+0000] {local_task_job_runner.py:120} INFO - ::group::Pre task execution logs
[2026-06-20T17:37:45.889+0000] {taskinstance.py:2076} INFO - Dependencies all met for dep_context=non-requeueable deps ti=<TaskInstance: credit_default_ml_pipeline.inference.logreg_inference scheduled__2023-12-01T00:00:00+00:00 [queued]>
[2026-06-20T17:37:45.894+0000] {taskinstance.py:2076} INFO - Dependencies all met for dep_context=requeueable deps ti=<TaskInstance: credit_default_ml_pipeline.inference.logreg_inference scheduled__2023-12-01T00:00:00+00:00 [queued]>
[2026-06-20T17:37:45.894+0000] {taskinstance.py:2306} INFO - Starting attempt 1 of 2
[2026-06-20T17:37:45.982+0000] {taskinstance.py:2330} INFO - Executing <Task(BashOperator): inference.logreg_inference> on 2023-12-01 00:00:00+00:00
[2026-06-20T17:37:45.986+0000] {logging_mixin.py:188} WARNING - /home/***/.local/lib/python3.12/site-packages/***/task/task_runner/standard_task_runner.py:62 DeprecationWarning: This process (pid=38239) is multi-threaded, use of fork() may lead to deadlocks in the child.
[2026-06-20T17:37:45.987+0000] {standard_task_runner.py:64} INFO - Started process 38243 to run task
[2026-06-20T17:37:45.986+0000] {standard_task_runner.py:90} INFO - Running: ['***', 'tasks', 'run', 'credit_default_ml_pipeline', 'inference.logreg_inference', 'scheduled__2023-12-01T00:00:00+00:00', '--job-id', '3205', '--raw', '--subdir', 'DAGS_FOLDER/dag.py', '--cfg-path', '/tmp/tmpzvqka6ez']
[2026-06-20T17:37:45.988+0000] {standard_task_runner.py:91} INFO - Job 3205: Subtask inference.logreg_inference
[2026-06-20T17:37:46.009+0000] {task_command.py:426} INFO - Running <TaskInstance: credit_default_ml_pipeline.inference.logreg_inference scheduled__2023-12-01T00:00:00+00:00 [running]> on host 9cf341f51c89
[2026-06-20T17:37:46.036+0000] {taskinstance.py:2648} INFO - Exporting env vars: AIRFLOW_CTX_DAG_OWNER='***' AIRFLOW_CTX_DAG_ID='credit_default_ml_pipeline' AIRFLOW_CTX_TASK_ID='inference.logreg_inference' AIRFLOW_CTX_EXECUTION_DATE='2023-12-01T00:00:00+00:00' AIRFLOW_CTX_TRY_NUMBER='1' AIRFLOW_CTX_DAG_RUN_ID='scheduled__2023-12-01T00:00:00+00:00'
[2026-06-20T17:37:46.037+0000] {taskinstance.py:430} INFO - ::endgroup::
[2026-06-20T17:37:46.041+0000] {subprocess.py:63} INFO - Tmp dir root location: /tmp
[2026-06-20T17:37:46.042+0000] {subprocess.py:75} INFO - Running command: ['/usr/bin/bash', '-c', 'cd /opt/***/scripts && if [ ! -f model_bank/champion.txt ]; then echo \'[SKIP] no champion.txt for 2023-12-01\'; exit 0; fi && python3 model_inference.py --snapshotdate "2023-12-01" --modelname "credit_logreg_2024_09_01.pkl"']
[2026-06-20T17:37:46.046+0000] {subprocess.py:86} INFO - Output:
[2026-06-20T17:37:46.048+0000] {subprocess.py:93} INFO - [SKIP] no champion.txt for 2023-12-01
[2026-06-20T17:37:46.048+0000] {subprocess.py:97} INFO - Command exited with return code 0
[2026-06-20T17:37:46.049+0000] {taskinstance.py:441} INFO - ::group::Post task execution logs
[2026-06-20T17:37:46.059+0000] {taskinstance.py:1206} INFO - Marking task as SUCCESS. dag_id=credit_default_ml_pipeline, task_id=inference.logreg_inference, run_id=scheduled__2023-12-01T00:00:00+00:00, execution_date=20231201T000000, start_date=20260620T173745, end_date=20260620T173746
[2026-06-20T17:37:46.087+0000] {local_task_job_runner.py:243} INFO - Task exited with return code 0
[2026-06-20T17:37:46.097+0000] {taskinstance.py:3503} INFO - 0 downstream tasks scheduled from follow-on schedule check
[2026-06-20T17:37:46.098+0000] {local_task_job_runner.py:222} INFO - ::endgroup::
[2026-06-21T02:34:02.194+0000] {local_task_job_runner.py:120} INFO - ::group::Pre task execution logs
[2026-06-21T02:34:02.212+0000] {taskinstance.py:2076} INFO - Dependencies all met for dep_context=non-requeueable deps ti=<TaskInstance: credit_default_ml_pipeline.inference.logreg_inference scheduled__2023-12-01T00:00:00+00:00 [queued]>
[2026-06-21T02:34:02.217+0000] {taskinstance.py:2076} INFO - Dependencies all met for dep_context=requeueable deps ti=<TaskInstance: credit_default_ml_pipeline.inference.logreg_inference scheduled__2023-12-01T00:00:00+00:00 [queued]>
[2026-06-21T02:34:02.217+0000] {taskinstance.py:2306} INFO - Starting attempt 1 of 2
[2026-06-21T02:34:02.224+0000] {taskinstance.py:2330} INFO - Executing <Task(BashOperator): inference.logreg_inference> on 2023-12-01 00:00:00+00:00
[2026-06-21T02:34:02.228+0000] {logging_mixin.py:188} WARNING - /home/***/.local/lib/python3.12/site-packages/***/task/task_runner/standard_task_runner.py:62 DeprecationWarning: This process (pid=38082) is multi-threaded, use of fork() may lead to deadlocks in the child.
[2026-06-21T02:34:02.229+0000] {standard_task_runner.py:64} INFO - Started process 38086 to run task
[2026-06-21T02:34:02.230+0000] {standard_task_runner.py:90} INFO - Running: ['***', 'tasks', 'run', 'credit_default_ml_pipeline', 'inference.logreg_inference', 'scheduled__2023-12-01T00:00:00+00:00', '--job-id', '3669', '--raw', '--subdir', 'DAGS_FOLDER/dag.py', '--cfg-path', '/tmp/tmp679yimj2']
[2026-06-21T02:34:02.231+0000] {standard_task_runner.py:91} INFO - Job 3669: Subtask inference.logreg_inference
[2026-06-21T02:34:02.263+0000] {task_command.py:426} INFO - Running <TaskInstance: credit_default_ml_pipeline.inference.logreg_inference scheduled__2023-12-01T00:00:00+00:00 [running]> on host f6e9e2801916
[2026-06-21T02:34:02.419+0000] {taskinstance.py:2648} INFO - Exporting env vars: AIRFLOW_CTX_DAG_OWNER='***' AIRFLOW_CTX_DAG_ID='credit_default_ml_pipeline' AIRFLOW_CTX_TASK_ID='inference.logreg_inference' AIRFLOW_CTX_EXECUTION_DATE='2023-12-01T00:00:00+00:00' AIRFLOW_CTX_TRY_NUMBER='1' AIRFLOW_CTX_DAG_RUN_ID='scheduled__2023-12-01T00:00:00+00:00'
[2026-06-21T02:34:02.421+0000] {taskinstance.py:430} INFO - ::endgroup::
[2026-06-21T02:34:02.425+0000] {subprocess.py:63} INFO - Tmp dir root location: /tmp
[2026-06-21T02:34:02.426+0000] {subprocess.py:75} INFO - Running command: ['/usr/bin/bash', '-c', 'cd /opt/***/scripts && if [ ! -f model_bank/champion.txt ]; then   echo \'[SKIP] no champion.txt for 2023-12-01\'; exit 0; fi && APP_DATE=$(python3 app_date_helper.py \'2023-12-01\') && python3 model_inference.py --snapshotdate "$APP_DATE" --labeldate "2023-12-01" --modelname "credit_logreg_2024_09_01.pkl"']
[2026-06-21T02:34:02.431+0000] {subprocess.py:86} INFO - Output:
[2026-06-21T02:34:02.433+0000] {subprocess.py:93} INFO - [SKIP] no champion.txt for 2023-12-01
[2026-06-21T02:34:02.434+0000] {subprocess.py:97} INFO - Command exited with return code 0
[2026-06-21T02:34:02.434+0000] {taskinstance.py:441} INFO - ::group::Post task execution logs
[2026-06-21T02:34:02.443+0000] {taskinstance.py:1206} INFO - Marking task as SUCCESS. dag_id=credit_default_ml_pipeline, task_id=inference.logreg_inference, run_id=scheduled__2023-12-01T00:00:00+00:00, execution_date=20231201T000000, start_date=20260621T023402, end_date=20260621T023402
[2026-06-21T02:34:02.494+0000] {local_task_job_runner.py:243} INFO - Task exited with return code 0
[2026-06-21T02:34:02.503+0000] {local_task_job_runner.py:222} INFO - ::endgroup::
[2026-06-21T05:59:55.233+0000] {local_task_job_runner.py:120} INFO - ::group::Pre task execution logs
[2026-06-21T05:59:55.261+0000] {taskinstance.py:2076} INFO - Dependencies all met for dep_context=non-requeueable deps ti=<TaskInstance: credit_default_ml_pipeline.inference.logreg_inference scheduled__2023-12-01T00:00:00+00:00 [queued]>
[2026-06-21T05:59:55.273+0000] {taskinstance.py:2076} INFO - Dependencies all met for dep_context=requeueable deps ti=<TaskInstance: credit_default_ml_pipeline.inference.logreg_inference scheduled__2023-12-01T00:00:00+00:00 [queued]>
[2026-06-21T05:59:55.274+0000] {taskinstance.py:2306} INFO - Starting attempt 1 of 2
[2026-06-21T05:59:55.409+0000] {taskinstance.py:2330} INFO - Executing <Task(BashOperator): inference.logreg_inference> on 2023-12-01 00:00:00+00:00
[2026-06-21T05:59:55.418+0000] {logging_mixin.py:188} WARNING - /home/***/.local/lib/python3.12/site-packages/***/task/task_runner/standard_task_runner.py:62 DeprecationWarning: This process (pid=38902) is multi-threaded, use of fork() may lead to deadlocks in the child.
[2026-06-21T05:59:55.420+0000] {standard_task_runner.py:64} INFO - Started process 38911 to run task
[2026-06-21T05:59:55.418+0000] {standard_task_runner.py:90} INFO - Running: ['***', 'tasks', 'run', 'credit_default_ml_pipeline', 'inference.logreg_inference', 'scheduled__2023-12-01T00:00:00+00:00', '--job-id', '4133', '--raw', '--subdir', 'DAGS_FOLDER/dag.py', '--cfg-path', '/tmp/tmpdycfzj2g']
[2026-06-21T05:59:55.422+0000] {standard_task_runner.py:91} INFO - Job 4133: Subtask inference.logreg_inference
[2026-06-21T05:59:55.462+0000] {task_command.py:426} INFO - Running <TaskInstance: credit_default_ml_pipeline.inference.logreg_inference scheduled__2023-12-01T00:00:00+00:00 [running]> on host 9377a3f0491f
[2026-06-21T05:59:55.527+0000] {taskinstance.py:2648} INFO - Exporting env vars: AIRFLOW_CTX_DAG_OWNER='***' AIRFLOW_CTX_DAG_ID='credit_default_ml_pipeline' AIRFLOW_CTX_TASK_ID='inference.logreg_inference' AIRFLOW_CTX_EXECUTION_DATE='2023-12-01T00:00:00+00:00' AIRFLOW_CTX_TRY_NUMBER='1' AIRFLOW_CTX_DAG_RUN_ID='scheduled__2023-12-01T00:00:00+00:00'
[2026-06-21T05:59:55.528+0000] {taskinstance.py:430} INFO - ::endgroup::
[2026-06-21T05:59:55.538+0000] {subprocess.py:63} INFO - Tmp dir root location: /tmp
[2026-06-21T05:59:55.540+0000] {subprocess.py:75} INFO - Running command: ['/usr/bin/bash', '-c', 'cd /opt/***/scripts && if [ ! -f model_bank/champion.txt ]; then   echo \'[SKIP] no champion.txt for 2023-12-01\'; exit 0; fi && APP_DATE=$(python3 app_date_helper.py \'2023-12-01\') && python3 model_inference.py --snapshotdate "$APP_DATE" --labeldate "2023-12-01" --modelname "credit_logreg_2024_09_01.pkl"']
[2026-06-21T05:59:55.547+0000] {subprocess.py:86} INFO - Output:
[2026-06-21T05:59:55.549+0000] {subprocess.py:93} INFO - [SKIP] no champion.txt for 2023-12-01
[2026-06-21T05:59:55.552+0000] {subprocess.py:97} INFO - Command exited with return code 0
[2026-06-21T05:59:55.553+0000] {taskinstance.py:441} INFO - ::group::Post task execution logs
[2026-06-21T05:59:55.573+0000] {taskinstance.py:1206} INFO - Marking task as SUCCESS. dag_id=credit_default_ml_pipeline, task_id=inference.logreg_inference, run_id=scheduled__2023-12-01T00:00:00+00:00, execution_date=20231201T000000, start_date=20260621T055955, end_date=20260621T055955
[2026-06-21T05:59:55.604+0000] {local_task_job_runner.py:243} INFO - Task exited with return code 0
[2026-06-21T05:59:55.616+0000] {local_task_job_runner.py:222} INFO - ::endgroup::
