[2026-06-18T04:44:54.857+0000] {local_task_job_runner.py:120} INFO - ::group::Pre task execution logs
[2026-06-18T04:44:54.897+0000] {taskinstance.py:2076} INFO - Dependencies all met for dep_context=non-requeueable deps ti=<TaskInstance: credit_default_ml_pipeline.feature_pipeline.feature_silver_clickstream scheduled__2024-12-01T00:00:00+00:00 [queued]>
[2026-06-18T04:44:54.910+0000] {taskinstance.py:2076} INFO - Dependencies all met for dep_context=requeueable deps ti=<TaskInstance: credit_default_ml_pipeline.feature_pipeline.feature_silver_clickstream scheduled__2024-12-01T00:00:00+00:00 [queued]>
[2026-06-18T04:44:54.912+0000] {taskinstance.py:2306} INFO - Starting attempt 3 of 4
[2026-06-18T04:44:54.935+0000] {taskinstance.py:2330} INFO - Executing <Task(BashOperator): feature_pipeline.feature_silver_clickstream> on 2024-12-01 00:00:00+00:00
[2026-06-18T04:44:54.948+0000] {logging_mixin.py:188} WARNING - /home/***/.local/lib/python3.12/site-packages/***/task/task_runner/standard_task_runner.py:62 DeprecationWarning: This process (pid=1945) is multi-threaded, use of fork() may lead to deadlocks in the child.
[2026-06-18T04:44:54.968+0000] {standard_task_runner.py:64} INFO - Started process 1953 to run task
[2026-06-18T04:44:54.956+0000] {standard_task_runner.py:90} INFO - Running: ['***', 'tasks', 'run', 'credit_default_ml_pipeline', 'feature_pipeline.feature_silver_clickstream', 'scheduled__2024-12-01T00:00:00+00:00', '--job-id', '1333', '--raw', '--subdir', 'DAGS_FOLDER/dag.py', '--cfg-path', '/tmp/tmpccnyqmd_']
[2026-06-18T04:44:54.990+0000] {standard_task_runner.py:91} INFO - Job 1333: Subtask feature_pipeline.feature_silver_clickstream
[2026-06-18T04:44:55.084+0000] {task_command.py:426} INFO - Running <TaskInstance: credit_default_ml_pipeline.feature_pipeline.feature_silver_clickstream scheduled__2024-12-01T00:00:00+00:00 [running]> on host bfbc24b887a5
[2026-06-18T04:44:55.507+0000] {taskinstance.py:2648} INFO - Exporting env vars: AIRFLOW_CTX_DAG_OWNER='***' AIRFLOW_CTX_DAG_ID='credit_default_ml_pipeline' AIRFLOW_CTX_TASK_ID='feature_pipeline.feature_silver_clickstream' AIRFLOW_CTX_EXECUTION_DATE='2024-12-01T00:00:00+00:00' AIRFLOW_CTX_TRY_NUMBER='3' AIRFLOW_CTX_DAG_RUN_ID='scheduled__2024-12-01T00:00:00+00:00'
[2026-06-18T04:44:55.509+0000] {taskinstance.py:430} INFO - ::endgroup::
[2026-06-18T04:44:55.523+0000] {subprocess.py:63} INFO - Tmp dir root location: /tmp
[2026-06-18T04:44:55.525+0000] {subprocess.py:75} INFO - Running command: ['/usr/bin/bash', '-c', 'cd /opt/***/scripts && python3 silver_processing.py --snapshotdate "2024-12-01" --source clickstream']
[2026-06-18T04:44:55.541+0000] {subprocess.py:86} INFO - Output:
[2026-06-18T04:44:59.965+0000] {subprocess.py:93} INFO - Setting default log level to "WARN".
[2026-06-18T04:44:59.967+0000] {subprocess.py:93} INFO - To adjust logging level use sc.setLogLevel(newLevel). For SparkR, use setLogLevel(newLevel).
[2026-06-18T04:45:00.396+0000] {subprocess.py:93} INFO - 26/06/18 04:45:00 WARN NativeCodeLoader: Unable to load native-hadoop library for your platform... using builtin-java classes where applicable
[2026-06-18T04:45:01.552+0000] {subprocess.py:93} INFO - 26/06/18 04:45:01 WARN Utils: Service 'SparkUI' could not bind on port 4040. Attempting port 4041.
[2026-06-18T04:45:01.557+0000] {subprocess.py:93} INFO - 26/06/18 04:45:01 WARN Utils: Service 'SparkUI' could not bind on port 4041. Attempting port 4042.
[2026-06-18T04:45:01.559+0000] {subprocess.py:93} INFO - 26/06/18 04:45:01 WARN Utils: Service 'SparkUI' could not bind on port 4042. Attempting port 4043.
[2026-06-18T04:45:01.561+0000] {subprocess.py:93} INFO - 26/06/18 04:45:01 WARN Utils: Service 'SparkUI' could not bind on port 4043. Attempting port 4044.
[2026-06-18T04:45:15.176+0000] {subprocess.py:93} INFO - [Stage 0:>                                                          (0 + 1) / 1][Stage 0:===========================================================(1 + 0) / 1]                                                                                [Stage 5:>                                                          (0 + 1) / 1]
[2026-06-18T04:45:15.181+0000] {subprocess.py:93} INFO - --- silver clickstream 2024-12-01 ---
[2026-06-18T04:45:15.184+0000] {subprocess.py:93} INFO - 
[2026-06-18T04:45:15.187+0000] {subprocess.py:93} INFO - [silver:clickstream] loaded datamart/bronze/clickstream/bronze_clickstream_2024_12_01.csv rows: 8974
[2026-06-18T04:45:15.190+0000] {subprocess.py:93} INFO - [silver:clickstream] saved to: datamart/silver/clickstream/2024_12_01.parquet
[2026-06-18T04:45:15.192+0000] {subprocess.py:93} INFO - 
[2026-06-18T04:45:15.193+0000] {subprocess.py:93} INFO - --- done ---
[2026-06-18T04:45:15.194+0000] {subprocess.py:93} INFO - 
[2026-06-18T04:45:15.739+0000] {subprocess.py:97} INFO - Command exited with return code 0
[2026-06-18T04:45:15.743+0000] {taskinstance.py:441} INFO - ::group::Post task execution logs
[2026-06-18T04:45:15.792+0000] {taskinstance.py:1206} INFO - Marking task as SUCCESS. dag_id=credit_default_ml_pipeline, task_id=feature_pipeline.feature_silver_clickstream, run_id=scheduled__2024-12-01T00:00:00+00:00, execution_date=20241201T000000, start_date=20260618T044454, end_date=20260618T044515
[2026-06-18T04:45:15.833+0000] {local_task_job_runner.py:243} INFO - Task exited with return code 0
[2026-06-18T04:45:16.147+0000] {taskinstance.py:3503} INFO - 0 downstream tasks scheduled from follow-on schedule check
[2026-06-18T04:45:16.151+0000] {local_task_job_runner.py:222} INFO - ::endgroup::
