[2026-06-20T08:00:13.177+0000] {local_task_job_runner.py:120} INFO - ::group::Pre task execution logs
[2026-06-20T08:00:13.188+0000] {taskinstance.py:2076} INFO - Dependencies all met for dep_context=non-requeueable deps ti=<TaskInstance: credit_default_ml_pipeline.training.training_gate scheduled__2024-05-01T00:00:00+00:00 [queued]>
[2026-06-20T08:00:13.191+0000] {taskinstance.py:2076} INFO - Dependencies all met for dep_context=requeueable deps ti=<TaskInstance: credit_default_ml_pipeline.training.training_gate scheduled__2024-05-01T00:00:00+00:00 [queued]>
[2026-06-20T08:00:13.192+0000] {taskinstance.py:2306} INFO - Starting attempt 1 of 2
[2026-06-20T08:00:13.197+0000] {taskinstance.py:2330} INFO - Executing <Task(BranchPythonOperator): training.training_gate> on 2024-05-01 00:00:00+00:00
[2026-06-20T08:00:13.200+0000] {logging_mixin.py:188} WARNING - /home/***/.local/lib/python3.12/site-packages/***/task/task_runner/standard_task_runner.py:62 DeprecationWarning: This process (pid=49719) is multi-threaded, use of fork() may lead to deadlocks in the child.
[2026-06-20T08:00:13.201+0000] {standard_task_runner.py:64} INFO - Started process 49721 to run task
[2026-06-20T08:00:13.200+0000] {standard_task_runner.py:90} INFO - Running: ['***', 'tasks', 'run', 'credit_default_ml_pipeline', 'training.training_gate', 'scheduled__2024-05-01T00:00:00+00:00', '--job-id', '2250', '--raw', '--subdir', 'DAGS_FOLDER/dag.py', '--cfg-path', '/tmp/tmpft2rchvh']
[2026-06-20T08:00:13.202+0000] {standard_task_runner.py:91} INFO - Job 2250: Subtask training.training_gate
[2026-06-20T08:00:13.304+0000] {task_command.py:426} INFO - Running <TaskInstance: credit_default_ml_pipeline.training.training_gate scheduled__2024-05-01T00:00:00+00:00 [running]> on host 9cf341f51c89
[2026-06-20T08:00:13.329+0000] {taskinstance.py:2648} INFO - Exporting env vars: AIRFLOW_CTX_DAG_OWNER='***' AIRFLOW_CTX_DAG_ID='credit_default_ml_pipeline' AIRFLOW_CTX_TASK_ID='training.training_gate' AIRFLOW_CTX_EXECUTION_DATE='2024-05-01T00:00:00+00:00' AIRFLOW_CTX_TRY_NUMBER='1' AIRFLOW_CTX_DAG_RUN_ID='scheduled__2024-05-01T00:00:00+00:00'
[2026-06-20T08:00:13.331+0000] {taskinstance.py:430} INFO - ::endgroup::
[2026-06-20T08:00:13.335+0000] {baseoperator.py:400} WARNING - BranchPythonOperator.execute cannot be called outside TaskInstance!
[2026-06-20T08:00:13.336+0000] {logging_mixin.py:188} INFO - [retrain-trigger] no monitoring history yet for credit_xgb_2024_09_01 (first eligible month); skipping training.
[2026-06-20T08:00:13.337+0000] {python.py:237} INFO - Done. Returned value was: training.skip_training
[2026-06-20T08:00:13.337+0000] {branch.py:36} INFO - Branch into training.skip_training
[2026-06-20T08:00:13.337+0000] {skipmixin.py:178} INFO - Following branch training.skip_training
[2026-06-20T08:00:13.342+0000] {skipmixin.py:246} INFO - Skipping tasks [('training.start_training', -1)]
[2026-06-20T08:00:13.350+0000] {taskinstance.py:441} INFO - ::group::Post task execution logs
[2026-06-20T08:00:13.356+0000] {taskinstance.py:1206} INFO - Marking task as SUCCESS. dag_id=credit_default_ml_pipeline, task_id=training.training_gate, run_id=scheduled__2024-05-01T00:00:00+00:00, execution_date=20240501T000000, start_date=20260620T080013, end_date=20260620T080013
[2026-06-20T08:00:13.385+0000] {local_task_job_runner.py:243} INFO - Task exited with return code 0
[2026-06-20T08:00:13.467+0000] {taskinstance.py:3503} INFO - 0 downstream tasks scheduled from follow-on schedule check
[2026-06-20T08:00:13.469+0000] {local_task_job_runner.py:222} INFO - ::endgroup::
[2026-06-20T15:57:33.297+0000] {local_task_job_runner.py:120} INFO - ::group::Pre task execution logs
[2026-06-20T15:57:33.310+0000] {taskinstance.py:2076} INFO - Dependencies all met for dep_context=non-requeueable deps ti=<TaskInstance: credit_default_ml_pipeline.training.training_gate scheduled__2024-05-01T00:00:00+00:00 [queued]>
[2026-06-20T15:57:33.314+0000] {taskinstance.py:2076} INFO - Dependencies all met for dep_context=requeueable deps ti=<TaskInstance: credit_default_ml_pipeline.training.training_gate scheduled__2024-05-01T00:00:00+00:00 [queued]>
[2026-06-20T15:57:33.315+0000] {taskinstance.py:2306} INFO - Starting attempt 1 of 2
[2026-06-20T15:57:33.320+0000] {taskinstance.py:2330} INFO - Executing <Task(BranchPythonOperator): training.training_gate> on 2024-05-01 00:00:00+00:00
[2026-06-20T15:57:33.324+0000] {logging_mixin.py:188} WARNING - /home/***/.local/lib/python3.12/site-packages/***/task/task_runner/standard_task_runner.py:62 DeprecationWarning: This process (pid=36038) is multi-threaded, use of fork() may lead to deadlocks in the child.
[2026-06-20T15:57:33.325+0000] {standard_task_runner.py:64} INFO - Started process 36040 to run task
[2026-06-20T15:57:33.324+0000] {standard_task_runner.py:90} INFO - Running: ['***', 'tasks', 'run', 'credit_default_ml_pipeline', 'training.training_gate', 'scheduled__2024-05-01T00:00:00+00:00', '--job-id', '2722', '--raw', '--subdir', 'DAGS_FOLDER/dag.py', '--cfg-path', '/tmp/tmp5hs5rtbn']
[2026-06-20T15:57:33.325+0000] {standard_task_runner.py:91} INFO - Job 2722: Subtask training.training_gate
[2026-06-20T15:57:33.409+0000] {task_command.py:426} INFO - Running <TaskInstance: credit_default_ml_pipeline.training.training_gate scheduled__2024-05-01T00:00:00+00:00 [running]> on host 9cf341f51c89
[2026-06-20T15:57:33.431+0000] {taskinstance.py:2648} INFO - Exporting env vars: AIRFLOW_CTX_DAG_OWNER='***' AIRFLOW_CTX_DAG_ID='credit_default_ml_pipeline' AIRFLOW_CTX_TASK_ID='training.training_gate' AIRFLOW_CTX_EXECUTION_DATE='2024-05-01T00:00:00+00:00' AIRFLOW_CTX_TRY_NUMBER='1' AIRFLOW_CTX_DAG_RUN_ID='scheduled__2024-05-01T00:00:00+00:00'
[2026-06-20T15:57:33.432+0000] {taskinstance.py:430} INFO - ::endgroup::
[2026-06-20T15:57:33.436+0000] {baseoperator.py:400} WARNING - BranchPythonOperator.execute cannot be called outside TaskInstance!
[2026-06-20T15:57:33.436+0000] {logging_mixin.py:188} INFO - [training] 2024-05-01 — retraining is manual; skipping automated training.
[2026-06-20T15:57:33.436+0000] {python.py:237} INFO - Done. Returned value was: training.skip_training
[2026-06-20T15:57:33.436+0000] {branch.py:36} INFO - Branch into training.skip_training
[2026-06-20T15:57:33.437+0000] {skipmixin.py:178} INFO - Following branch training.skip_training
[2026-06-20T15:57:33.441+0000] {skipmixin.py:246} INFO - Skipping tasks [('training.start_training', -1)]
[2026-06-20T15:57:33.447+0000] {taskinstance.py:441} INFO - ::group::Post task execution logs
[2026-06-20T15:57:33.454+0000] {taskinstance.py:1206} INFO - Marking task as SUCCESS. dag_id=credit_default_ml_pipeline, task_id=training.training_gate, run_id=scheduled__2024-05-01T00:00:00+00:00, execution_date=20240501T000000, start_date=20260620T155733, end_date=20260620T155733
[2026-06-20T15:57:33.463+0000] {local_task_job_runner.py:243} INFO - Task exited with return code 0
[2026-06-20T15:57:33.545+0000] {taskinstance.py:3503} INFO - 0 downstream tasks scheduled from follow-on schedule check
[2026-06-20T15:57:33.546+0000] {local_task_job_runner.py:222} INFO - ::endgroup::
[2026-06-20T17:53:03.889+0000] {local_task_job_runner.py:120} INFO - ::group::Pre task execution logs
[2026-06-20T17:53:03.905+0000] {taskinstance.py:2076} INFO - Dependencies all met for dep_context=non-requeueable deps ti=<TaskInstance: credit_default_ml_pipeline.training.training_gate scheduled__2024-05-01T00:00:00+00:00 [queued]>
[2026-06-20T17:53:03.910+0000] {taskinstance.py:2076} INFO - Dependencies all met for dep_context=requeueable deps ti=<TaskInstance: credit_default_ml_pipeline.training.training_gate scheduled__2024-05-01T00:00:00+00:00 [queued]>
[2026-06-20T17:53:03.910+0000] {taskinstance.py:2306} INFO - Starting attempt 1 of 2
[2026-06-20T17:53:03.917+0000] {taskinstance.py:2330} INFO - Executing <Task(BranchPythonOperator): training.training_gate> on 2024-05-01 00:00:00+00:00
[2026-06-20T17:53:03.921+0000] {logging_mixin.py:188} WARNING - /home/***/.local/lib/python3.12/site-packages/***/task/task_runner/standard_task_runner.py:62 DeprecationWarning: This process (pid=54359) is multi-threaded, use of fork() may lead to deadlocks in the child.
[2026-06-20T17:53:03.922+0000] {standard_task_runner.py:64} INFO - Started process 54361 to run task
[2026-06-20T17:53:03.921+0000] {standard_task_runner.py:90} INFO - Running: ['***', 'tasks', 'run', 'credit_default_ml_pipeline', 'training.training_gate', 'scheduled__2024-05-01T00:00:00+00:00', '--job-id', '3298', '--raw', '--subdir', 'DAGS_FOLDER/dag.py', '--cfg-path', '/tmp/tmpqfoxrqy1']
[2026-06-20T17:53:03.923+0000] {standard_task_runner.py:91} INFO - Job 3298: Subtask training.training_gate
[2026-06-20T17:53:04.043+0000] {task_command.py:426} INFO - Running <TaskInstance: credit_default_ml_pipeline.training.training_gate scheduled__2024-05-01T00:00:00+00:00 [running]> on host 9cf341f51c89
[2026-06-20T17:53:04.076+0000] {taskinstance.py:2648} INFO - Exporting env vars: AIRFLOW_CTX_DAG_OWNER='***' AIRFLOW_CTX_DAG_ID='credit_default_ml_pipeline' AIRFLOW_CTX_TASK_ID='training.training_gate' AIRFLOW_CTX_EXECUTION_DATE='2024-05-01T00:00:00+00:00' AIRFLOW_CTX_TRY_NUMBER='1' AIRFLOW_CTX_DAG_RUN_ID='scheduled__2024-05-01T00:00:00+00:00'
[2026-06-20T17:53:04.078+0000] {taskinstance.py:430} INFO - ::endgroup::
[2026-06-20T17:53:04.083+0000] {baseoperator.py:400} WARNING - BranchPythonOperator.execute cannot be called outside TaskInstance!
[2026-06-20T17:53:04.083+0000] {logging_mixin.py:188} INFO - [training] 2024-05-01 — retraining is manual; skipping automated training.
[2026-06-20T17:53:04.084+0000] {python.py:237} INFO - Done. Returned value was: training.skip_training
[2026-06-20T17:53:04.084+0000] {branch.py:36} INFO - Branch into training.skip_training
[2026-06-20T17:53:04.085+0000] {skipmixin.py:178} INFO - Following branch training.skip_training
[2026-06-20T17:53:04.091+0000] {skipmixin.py:246} INFO - Skipping tasks [('training.start_training', -1)]
[2026-06-20T17:53:04.100+0000] {taskinstance.py:441} INFO - ::group::Post task execution logs
[2026-06-20T17:53:04.109+0000] {taskinstance.py:1206} INFO - Marking task as SUCCESS. dag_id=credit_default_ml_pipeline, task_id=training.training_gate, run_id=scheduled__2024-05-01T00:00:00+00:00, execution_date=20240501T000000, start_date=20260620T175303, end_date=20260620T175304
[2026-06-20T17:53:04.125+0000] {local_task_job_runner.py:243} INFO - Task exited with return code 0
[2026-06-20T17:53:04.226+0000] {taskinstance.py:3503} INFO - 0 downstream tasks scheduled from follow-on schedule check
[2026-06-20T17:53:04.229+0000] {local_task_job_runner.py:222} INFO - ::endgroup::
[2026-06-21T02:48:30.456+0000] {local_task_job_runner.py:120} INFO - ::group::Pre task execution logs
[2026-06-21T02:48:30.468+0000] {taskinstance.py:2076} INFO - Dependencies all met for dep_context=non-requeueable deps ti=<TaskInstance: credit_default_ml_pipeline.training.training_gate scheduled__2024-05-01T00:00:00+00:00 [queued]>
[2026-06-21T02:48:30.472+0000] {taskinstance.py:2076} INFO - Dependencies all met for dep_context=requeueable deps ti=<TaskInstance: credit_default_ml_pipeline.training.training_gate scheduled__2024-05-01T00:00:00+00:00 [queued]>
[2026-06-21T02:48:30.472+0000] {taskinstance.py:2306} INFO - Starting attempt 1 of 2
[2026-06-21T02:48:30.477+0000] {taskinstance.py:2330} INFO - Executing <Task(BranchPythonOperator): training.training_gate> on 2024-05-01 00:00:00+00:00
[2026-06-21T02:48:30.481+0000] {logging_mixin.py:188} WARNING - /home/***/.local/lib/python3.12/site-packages/***/task/task_runner/standard_task_runner.py:62 DeprecationWarning: This process (pid=53730) is multi-threaded, use of fork() may lead to deadlocks in the child.
[2026-06-21T02:48:30.481+0000] {standard_task_runner.py:90} INFO - Running: ['***', 'tasks', 'run', 'credit_default_ml_pipeline', 'training.training_gate', 'scheduled__2024-05-01T00:00:00+00:00', '--job-id', '3763', '--raw', '--subdir', 'DAGS_FOLDER/dag.py', '--cfg-path', '/tmp/tmp_3nfgc4k']
[2026-06-21T02:48:30.482+0000] {standard_task_runner.py:64} INFO - Started process 53732 to run task
[2026-06-21T02:48:30.483+0000] {standard_task_runner.py:91} INFO - Job 3763: Subtask training.training_gate
[2026-06-21T02:48:30.504+0000] {task_command.py:426} INFO - Running <TaskInstance: credit_default_ml_pipeline.training.training_gate scheduled__2024-05-01T00:00:00+00:00 [running]> on host f6e9e2801916
[2026-06-21T02:48:30.603+0000] {taskinstance.py:2648} INFO - Exporting env vars: AIRFLOW_CTX_DAG_OWNER='***' AIRFLOW_CTX_DAG_ID='credit_default_ml_pipeline' AIRFLOW_CTX_TASK_ID='training.training_gate' AIRFLOW_CTX_EXECUTION_DATE='2024-05-01T00:00:00+00:00' AIRFLOW_CTX_TRY_NUMBER='1' AIRFLOW_CTX_DAG_RUN_ID='scheduled__2024-05-01T00:00:00+00:00'
[2026-06-21T02:48:30.604+0000] {taskinstance.py:430} INFO - ::endgroup::
[2026-06-21T02:48:30.608+0000] {baseoperator.py:400} WARNING - BranchPythonOperator.execute cannot be called outside TaskInstance!
[2026-06-21T02:48:30.609+0000] {logging_mixin.py:188} INFO - [training] 2024-05-01 — retraining is manual; skipping automated training.
[2026-06-21T02:48:30.610+0000] {python.py:237} INFO - Done. Returned value was: training.skip_training
[2026-06-21T02:48:30.610+0000] {branch.py:36} INFO - Branch into training.skip_training
[2026-06-21T02:48:30.611+0000] {skipmixin.py:178} INFO - Following branch training.skip_training
[2026-06-21T02:48:30.616+0000] {skipmixin.py:246} INFO - Skipping tasks [('training.start_training', -1)]
[2026-06-21T02:48:30.623+0000] {taskinstance.py:441} INFO - ::group::Post task execution logs
[2026-06-21T02:48:30.627+0000] {taskinstance.py:1206} INFO - Marking task as SUCCESS. dag_id=credit_default_ml_pipeline, task_id=training.training_gate, run_id=scheduled__2024-05-01T00:00:00+00:00, execution_date=20240501T000000, start_date=20260621T024830, end_date=20260621T024830
[2026-06-21T02:48:30.675+0000] {local_task_job_runner.py:243} INFO - Task exited with return code 0
[2026-06-21T02:48:30.689+0000] {taskinstance.py:3503} INFO - 0 downstream tasks scheduled from follow-on schedule check
[2026-06-21T02:48:30.692+0000] {local_task_job_runner.py:222} INFO - ::endgroup::
[2026-06-21T06:14:16.848+0000] {local_task_job_runner.py:120} INFO - ::group::Pre task execution logs
[2026-06-21T06:14:16.866+0000] {taskinstance.py:2076} INFO - Dependencies all met for dep_context=non-requeueable deps ti=<TaskInstance: credit_default_ml_pipeline.training.training_gate scheduled__2024-05-01T00:00:00+00:00 [queued]>
[2026-06-21T06:14:16.871+0000] {taskinstance.py:2076} INFO - Dependencies all met for dep_context=requeueable deps ti=<TaskInstance: credit_default_ml_pipeline.training.training_gate scheduled__2024-05-01T00:00:00+00:00 [queued]>
[2026-06-21T06:14:16.872+0000] {taskinstance.py:2306} INFO - Starting attempt 1 of 2
[2026-06-21T06:14:16.879+0000] {taskinstance.py:2330} INFO - Executing <Task(BranchPythonOperator): training.training_gate> on 2024-05-01 00:00:00+00:00
[2026-06-21T06:14:16.883+0000] {logging_mixin.py:188} WARNING - /home/***/.local/lib/python3.12/site-packages/***/task/task_runner/standard_task_runner.py:62 DeprecationWarning: This process (pid=55127) is multi-threaded, use of fork() may lead to deadlocks in the child.
[2026-06-21T06:14:16.885+0000] {standard_task_runner.py:64} INFO - Started process 55129 to run task
[2026-06-21T06:14:16.884+0000] {standard_task_runner.py:90} INFO - Running: ['***', 'tasks', 'run', 'credit_default_ml_pipeline', 'training.training_gate', 'scheduled__2024-05-01T00:00:00+00:00', '--job-id', '4225', '--raw', '--subdir', 'DAGS_FOLDER/dag.py', '--cfg-path', '/tmp/tmpimce04j7']
[2026-06-21T06:14:16.886+0000] {standard_task_runner.py:91} INFO - Job 4225: Subtask training.training_gate
[2026-06-21T06:14:17.007+0000] {task_command.py:426} INFO - Running <TaskInstance: credit_default_ml_pipeline.training.training_gate scheduled__2024-05-01T00:00:00+00:00 [running]> on host 9377a3f0491f
[2026-06-21T06:14:17.046+0000] {taskinstance.py:2648} INFO - Exporting env vars: AIRFLOW_CTX_DAG_OWNER='***' AIRFLOW_CTX_DAG_ID='credit_default_ml_pipeline' AIRFLOW_CTX_TASK_ID='training.training_gate' AIRFLOW_CTX_EXECUTION_DATE='2024-05-01T00:00:00+00:00' AIRFLOW_CTX_TRY_NUMBER='1' AIRFLOW_CTX_DAG_RUN_ID='scheduled__2024-05-01T00:00:00+00:00'
[2026-06-21T06:14:17.048+0000] {taskinstance.py:430} INFO - ::endgroup::
[2026-06-21T06:14:17.054+0000] {baseoperator.py:400} WARNING - BranchPythonOperator.execute cannot be called outside TaskInstance!
[2026-06-21T06:14:17.055+0000] {logging_mixin.py:188} INFO - [training] 2024-05-01 — retraining is manual; skipping automated training.
[2026-06-21T06:14:17.055+0000] {python.py:237} INFO - Done. Returned value was: training.skip_training
[2026-06-21T06:14:17.056+0000] {branch.py:36} INFO - Branch into training.skip_training
[2026-06-21T06:14:17.056+0000] {skipmixin.py:178} INFO - Following branch training.skip_training
[2026-06-21T06:14:17.064+0000] {skipmixin.py:246} INFO - Skipping tasks [('training.start_training', -1)]
[2026-06-21T06:14:17.076+0000] {taskinstance.py:441} INFO - ::group::Post task execution logs
[2026-06-21T06:14:17.085+0000] {taskinstance.py:1206} INFO - Marking task as SUCCESS. dag_id=credit_default_ml_pipeline, task_id=training.training_gate, run_id=scheduled__2024-05-01T00:00:00+00:00, execution_date=20240501T000000, start_date=20260621T061416, end_date=20260621T061417
[2026-06-21T06:14:17.112+0000] {local_task_job_runner.py:243} INFO - Task exited with return code 0
[2026-06-21T06:14:17.221+0000] {taskinstance.py:3503} INFO - 0 downstream tasks scheduled from follow-on schedule check
[2026-06-21T06:14:17.225+0000] {local_task_job_runner.py:222} INFO - ::endgroup::
