[2026-06-16T14:48:50.158+0000] {local_task_job_runner.py:120} INFO - ::group::Pre task execution logs
[2026-06-16T14:48:50.181+0000] {taskinstance.py:2076} INFO - Dependencies all met for dep_context=non-requeueable deps ti=<TaskInstance: credit_default_ml_pipeline.label_pipeline.gold_label_store scheduled__2023-04-01T00:00:00+00:00 [queued]>
[2026-06-16T14:48:50.186+0000] {taskinstance.py:2076} INFO - Dependencies all met for dep_context=requeueable deps ti=<TaskInstance: credit_default_ml_pipeline.label_pipeline.gold_label_store scheduled__2023-04-01T00:00:00+00:00 [queued]>
[2026-06-16T14:48:50.187+0000] {taskinstance.py:2306} INFO - Starting attempt 1 of 2
[2026-06-16T14:48:50.194+0000] {taskinstance.py:2330} INFO - Executing <Task(BashOperator): label_pipeline.gold_label_store> on 2023-04-01 00:00:00+00:00
[2026-06-16T14:48:50.199+0000] {logging_mixin.py:188} WARNING - /home/***/.local/lib/python3.12/site-packages/***/task/task_runner/standard_task_runner.py:62 DeprecationWarning: This process (pid=28358) is multi-threaded, use of fork() may lead to deadlocks in the child.
[2026-06-16T14:48:50.198+0000] {standard_task_runner.py:90} INFO - Running: ['***', 'tasks', 'run', 'credit_default_ml_pipeline', 'label_pipeline.gold_label_store', 'scheduled__2023-04-01T00:00:00+00:00', '--job-id', '131', '--raw', '--subdir', 'DAGS_FOLDER/dag.py', '--cfg-path', '/tmp/tmpscwaqwuy']
[2026-06-16T14:48:50.201+0000] {standard_task_runner.py:64} INFO - Started process 28359 to run task
[2026-06-16T14:48:50.202+0000] {standard_task_runner.py:91} INFO - Job 131: Subtask label_pipeline.gold_label_store
[2026-06-16T14:48:50.238+0000] {task_command.py:426} INFO - Running <TaskInstance: credit_default_ml_pipeline.label_pipeline.gold_label_store scheduled__2023-04-01T00:00:00+00:00 [running]> on host 1cab6e97738a
[2026-06-16T14:48:50.283+0000] {taskinstance.py:2648} INFO - Exporting env vars: AIRFLOW_CTX_DAG_OWNER='***' AIRFLOW_CTX_DAG_ID='credit_default_ml_pipeline' AIRFLOW_CTX_TASK_ID='label_pipeline.gold_label_store' AIRFLOW_CTX_EXECUTION_DATE='2023-04-01T00:00:00+00:00' AIRFLOW_CTX_TRY_NUMBER='1' AIRFLOW_CTX_DAG_RUN_ID='scheduled__2023-04-01T00:00:00+00:00'
[2026-06-16T14:48:50.284+0000] {taskinstance.py:430} INFO - ::endgroup::
[2026-06-16T14:48:50.294+0000] {subprocess.py:63} INFO - Tmp dir root location: /tmp
[2026-06-16T14:48:50.296+0000] {subprocess.py:75} INFO - Running command: ['/usr/bin/bash', '-c', 'cd /opt/***/scripts && python3 gold_label_store.py --snapshotdate "2023-04-01"']
[2026-06-16T14:48:50.302+0000] {subprocess.py:86} INFO - Output:
[2026-06-16T14:48:51.947+0000] {subprocess.py:93} INFO - Setting default log level to "WARN".
[2026-06-16T14:48:51.948+0000] {subprocess.py:93} INFO - To adjust logging level use sc.setLogLevel(newLevel). For SparkR, use setLogLevel(newLevel).
[2026-06-16T14:48:52.127+0000] {subprocess.py:93} INFO - 26/06/16 14:48:52 WARN NativeCodeLoader: Unable to load native-hadoop library for your platform... using builtin-java classes where applicable
[2026-06-16T14:48:53.449+0000] {subprocess.py:93} INFO - 
[2026-06-16T14:48:53.449+0000] {subprocess.py:93} INFO - --- gold label 2023-04-01 ---
[2026-06-16T14:48:53.450+0000] {subprocess.py:93} INFO - 
[2026-06-16T14:48:53.450+0000] {subprocess.py:93} INFO - Traceback (most recent call last):
[2026-06-16T14:48:53.451+0000] {subprocess.py:93} INFO -   File "/opt/***/scripts/gold_label_store.py", line 25, in <module>
[2026-06-16T14:48:53.452+0000] {subprocess.py:93} INFO -     main(a.snapshotdate)
[2026-06-16T14:48:53.452+0000] {subprocess.py:93} INFO -   File "/opt/***/scripts/gold_label_store.py", line 13, in main
[2026-06-16T14:48:53.453+0000] {subprocess.py:93} INFO -     gold.process_labels_gold_table(
[2026-06-16T14:48:53.453+0000] {subprocess.py:93} INFO -   File "/opt/***/scripts/utils/data_processing_gold_table.py", line 48, in process_labels_gold_table
[2026-06-16T14:48:53.453+0000] {subprocess.py:93} INFO -     df = spark.read.parquet(part)
[2026-06-16T14:48:53.454+0000] {subprocess.py:93} INFO -          ^^^^^^^^^^^^^^^^^^^^^^^^
[2026-06-16T14:48:53.454+0000] {subprocess.py:93} INFO -   File "/home/***/.local/lib/python3.12/site-packages/pyspark/sql/readwriter.py", line 544, in parquet
[2026-06-16T14:48:53.456+0000] {subprocess.py:93} INFO -     return self._df(self._jreader.parquet(_to_seq(self._spark._sc, paths)))
[2026-06-16T14:48:53.456+0000] {subprocess.py:93} INFO -                     ^^^^^^^^^^^^^^^^^^^^^^^^^^^^^^^^^^^^^^^^^^^^^^^^^^^^^^
[2026-06-16T14:48:53.457+0000] {subprocess.py:93} INFO -   File "/home/***/.local/lib/python3.12/site-packages/py4j/java_gateway.py", line 1322, in __call__
[2026-06-16T14:48:53.458+0000] {subprocess.py:93} INFO -     return_value = get_return_value(
[2026-06-16T14:48:53.458+0000] {subprocess.py:93} INFO -                    ^^^^^^^^^^^^^^^^^
[2026-06-16T14:48:53.458+0000] {subprocess.py:93} INFO -   File "/home/***/.local/lib/python3.12/site-packages/pyspark/errors/exceptions/captured.py", line 185, in deco
[2026-06-16T14:48:53.458+0000] {subprocess.py:93} INFO -     raise converted from None
[2026-06-16T14:48:53.459+0000] {subprocess.py:93} INFO - pyspark.errors.exceptions.captured.AnalysisException: [UNABLE_TO_INFER_SCHEMA] Unable to infer schema for Parquet. It must be specified manually.
[2026-06-16T14:48:53.970+0000] {subprocess.py:97} INFO - Command exited with return code 1
[2026-06-16T14:48:53.972+0000] {taskinstance.py:441} INFO - ::group::Post task execution logs
[2026-06-16T14:48:53.980+0000] {taskinstance.py:2905} ERROR - Task failed with exception
Traceback (most recent call last):
  File "/home/airflow/.local/lib/python3.12/site-packages/airflow/models/taskinstance.py", line 465, in _execute_task
    result = _execute_callable(context=context, **execute_callable_kwargs)
             ^^^^^^^^^^^^^^^^^^^^^^^^^^^^^^^^^^^^^^^^^^^^^^^^^^^^^^^^^^^^^
  File "/home/airflow/.local/lib/python3.12/site-packages/airflow/models/taskinstance.py", line 432, in _execute_callable
    return execute_callable(context=context, **execute_callable_kwargs)
           ^^^^^^^^^^^^^^^^^^^^^^^^^^^^^^^^^^^^^^^^^^^^^^^^^^^^^^^^^^^^
  File "/home/airflow/.local/lib/python3.12/site-packages/airflow/models/baseoperator.py", line 401, in wrapper
    return func(self, *args, **kwargs)
           ^^^^^^^^^^^^^^^^^^^^^^^^^^^
  File "/home/airflow/.local/lib/python3.12/site-packages/airflow/operators/bash.py", line 243, in execute
    raise AirflowException(
airflow.exceptions.AirflowException: Bash command failed. The command returned a non-zero exit code 1.
[2026-06-16T14:48:53.983+0000] {taskinstance.py:1206} INFO - Marking task as UP_FOR_RETRY. dag_id=credit_default_ml_pipeline, task_id=label_pipeline.gold_label_store, run_id=scheduled__2023-04-01T00:00:00+00:00, execution_date=20230401T000000, start_date=20260616T144850, end_date=20260616T144853
[2026-06-16T14:48:53.990+0000] {standard_task_runner.py:110} ERROR - Failed to execute job 131 for task label_pipeline.gold_label_store (Bash command failed. The command returned a non-zero exit code 1.; 28359)
[2026-06-16T14:48:54.012+0000] {local_task_job_runner.py:243} INFO - Task exited with return code 1
[2026-06-16T14:48:54.026+0000] {taskinstance.py:3503} INFO - 0 downstream tasks scheduled from follow-on schedule check
[2026-06-16T14:48:54.028+0000] {local_task_job_runner.py:222} INFO - ::endgroup::
[2026-06-20T05:30:25.209+0000] {local_task_job_runner.py:120} INFO - ::group::Pre task execution logs
[2026-06-20T05:30:25.222+0000] {taskinstance.py:2076} INFO - Dependencies all met for dep_context=non-requeueable deps ti=<TaskInstance: credit_default_ml_pipeline.label_pipeline.gold_label_store scheduled__2023-04-01T00:00:00+00:00 [queued]>
[2026-06-20T05:30:25.226+0000] {taskinstance.py:2076} INFO - Dependencies all met for dep_context=requeueable deps ti=<TaskInstance: credit_default_ml_pipeline.label_pipeline.gold_label_store scheduled__2023-04-01T00:00:00+00:00 [queued]>
[2026-06-20T05:30:25.227+0000] {taskinstance.py:2306} INFO - Starting attempt 1 of 2
[2026-06-20T05:30:25.232+0000] {taskinstance.py:2330} INFO - Executing <Task(BashOperator): label_pipeline.gold_label_store> on 2023-04-01 00:00:00+00:00
[2026-06-20T05:30:25.235+0000] {logging_mixin.py:188} WARNING - /home/***/.local/lib/python3.12/site-packages/***/task/task_runner/standard_task_runner.py:62 DeprecationWarning: This process (pid=10328) is multi-threaded, use of fork() may lead to deadlocks in the child.
[2026-06-20T05:30:25.236+0000] {standard_task_runner.py:64} INFO - Started process 10330 to run task
[2026-06-20T05:30:25.235+0000] {standard_task_runner.py:90} INFO - Running: ['***', 'tasks', 'run', 'credit_default_ml_pipeline', 'label_pipeline.gold_label_store', 'scheduled__2023-04-01T00:00:00+00:00', '--job-id', '1437', '--raw', '--subdir', 'DAGS_FOLDER/dag.py', '--cfg-path', '/tmp/tmpiza01nl6']
[2026-06-20T05:30:25.237+0000] {standard_task_runner.py:91} INFO - Job 1437: Subtask label_pipeline.gold_label_store
[2026-06-20T05:30:25.334+0000] {task_command.py:426} INFO - Running <TaskInstance: credit_default_ml_pipeline.label_pipeline.gold_label_store scheduled__2023-04-01T00:00:00+00:00 [running]> on host 9cf341f51c89
[2026-06-20T05:30:25.356+0000] {taskinstance.py:2648} INFO - Exporting env vars: AIRFLOW_CTX_DAG_OWNER='***' AIRFLOW_CTX_DAG_ID='credit_default_ml_pipeline' AIRFLOW_CTX_TASK_ID='label_pipeline.gold_label_store' AIRFLOW_CTX_EXECUTION_DATE='2023-04-01T00:00:00+00:00' AIRFLOW_CTX_TRY_NUMBER='1' AIRFLOW_CTX_DAG_RUN_ID='scheduled__2023-04-01T00:00:00+00:00'
[2026-06-20T05:30:25.356+0000] {taskinstance.py:430} INFO - ::endgroup::
[2026-06-20T05:30:25.360+0000] {subprocess.py:63} INFO - Tmp dir root location: /tmp
[2026-06-20T05:30:25.361+0000] {subprocess.py:75} INFO - Running command: ['/usr/bin/bash', '-c', 'cd /opt/***/scripts && python3 gold_label_store.py --snapshotdate "2023-04-01"']
[2026-06-20T05:30:25.364+0000] {subprocess.py:86} INFO - Output:
[2026-06-20T05:30:26.484+0000] {subprocess.py:93} INFO - Setting default log level to "WARN".
[2026-06-20T05:30:26.486+0000] {subprocess.py:93} INFO - To adjust logging level use sc.setLogLevel(newLevel). For SparkR, use setLogLevel(newLevel).
[2026-06-20T05:30:26.637+0000] {subprocess.py:93} INFO - 26/06/20 05:30:26 WARN NativeCodeLoader: Unable to load native-hadoop library for your platform... using builtin-java classes where applicable
[2026-06-20T05:30:29.073+0000] {subprocess.py:93} INFO - 
[2026-06-20T05:30:29.074+0000] {subprocess.py:93} INFO - --- gold label 2023-04-01 ---
[2026-06-20T05:30:29.075+0000] {subprocess.py:93} INFO - 
[2026-06-20T05:30:29.076+0000] {subprocess.py:93} INFO - [gold:label] loaded datamart/silver/lms/2023_04_01.parquet rows: 2047
[2026-06-20T05:30:29.077+0000] {subprocess.py:93} INFO - [gold:label] saved to: datamart/gold/label_store/gold_label_store_2023_04_01.parquet
[2026-06-20T05:30:29.078+0000] {subprocess.py:93} INFO - 
[2026-06-20T05:30:29.078+0000] {subprocess.py:93} INFO - --- done ---
[2026-06-20T05:30:29.079+0000] {subprocess.py:93} INFO - 
[2026-06-20T05:30:29.558+0000] {subprocess.py:97} INFO - Command exited with return code 0
[2026-06-20T05:30:29.559+0000] {taskinstance.py:441} INFO - ::group::Post task execution logs
[2026-06-20T05:30:29.574+0000] {taskinstance.py:1206} INFO - Marking task as SUCCESS. dag_id=credit_default_ml_pipeline, task_id=label_pipeline.gold_label_store, run_id=scheduled__2023-04-01T00:00:00+00:00, execution_date=20230401T000000, start_date=20260620T053025, end_date=20260620T053029
[2026-06-20T05:30:29.591+0000] {local_task_job_runner.py:243} INFO - Task exited with return code 0
[2026-06-20T05:30:29.676+0000] {taskinstance.py:3503} INFO - 0 downstream tasks scheduled from follow-on schedule check
[2026-06-20T05:30:29.678+0000] {local_task_job_runner.py:222} INFO - ::endgroup::
[2026-06-20T05:44:55.899+0000] {local_task_job_runner.py:120} INFO - ::group::Pre task execution logs
[2026-06-20T05:44:55.910+0000] {taskinstance.py:2076} INFO - Dependencies all met for dep_context=non-requeueable deps ti=<TaskInstance: credit_default_ml_pipeline.label_pipeline.gold_label_store scheduled__2023-04-01T00:00:00+00:00 [queued]>
[2026-06-20T05:44:55.913+0000] {taskinstance.py:2076} INFO - Dependencies all met for dep_context=requeueable deps ti=<TaskInstance: credit_default_ml_pipeline.label_pipeline.gold_label_store scheduled__2023-04-01T00:00:00+00:00 [queued]>
[2026-06-20T05:44:55.914+0000] {taskinstance.py:2306} INFO - Starting attempt 1 of 2
[2026-06-20T05:44:55.918+0000] {taskinstance.py:2330} INFO - Executing <Task(BashOperator): label_pipeline.gold_label_store> on 2023-04-01 00:00:00+00:00
[2026-06-20T05:44:55.921+0000] {logging_mixin.py:188} WARNING - /home/***/.local/lib/python3.12/site-packages/***/task/task_runner/standard_task_runner.py:62 DeprecationWarning: This process (pid=22942) is multi-threaded, use of fork() may lead to deadlocks in the child.
[2026-06-20T05:44:55.921+0000] {standard_task_runner.py:90} INFO - Running: ['***', 'tasks', 'run', 'credit_default_ml_pipeline', 'label_pipeline.gold_label_store', 'scheduled__2023-04-01T00:00:00+00:00', '--job-id', '1509', '--raw', '--subdir', 'DAGS_FOLDER/dag.py', '--cfg-path', '/tmp/tmpk4i3c6jw']
[2026-06-20T05:44:55.923+0000] {standard_task_runner.py:64} INFO - Started process 22944 to run task
[2026-06-20T05:44:55.923+0000] {standard_task_runner.py:91} INFO - Job 1509: Subtask label_pipeline.gold_label_store
[2026-06-20T05:44:56.006+0000] {task_command.py:426} INFO - Running <TaskInstance: credit_default_ml_pipeline.label_pipeline.gold_label_store scheduled__2023-04-01T00:00:00+00:00 [running]> on host 9cf341f51c89
[2026-06-20T05:44:56.030+0000] {taskinstance.py:2648} INFO - Exporting env vars: AIRFLOW_CTX_DAG_OWNER='***' AIRFLOW_CTX_DAG_ID='credit_default_ml_pipeline' AIRFLOW_CTX_TASK_ID='label_pipeline.gold_label_store' AIRFLOW_CTX_EXECUTION_DATE='2023-04-01T00:00:00+00:00' AIRFLOW_CTX_TRY_NUMBER='1' AIRFLOW_CTX_DAG_RUN_ID='scheduled__2023-04-01T00:00:00+00:00'
[2026-06-20T05:44:56.031+0000] {taskinstance.py:430} INFO - ::endgroup::
[2026-06-20T05:44:56.035+0000] {subprocess.py:63} INFO - Tmp dir root location: /tmp
[2026-06-20T05:44:56.035+0000] {subprocess.py:75} INFO - Running command: ['/usr/bin/bash', '-c', 'cd /opt/***/scripts && python3 gold_label_store.py --snapshotdate "2023-04-01"']
[2026-06-20T05:44:56.039+0000] {subprocess.py:86} INFO - Output:
[2026-06-20T05:44:56.991+0000] {subprocess.py:93} INFO - Setting default log level to "WARN".
[2026-06-20T05:44:56.992+0000] {subprocess.py:93} INFO - To adjust logging level use sc.setLogLevel(newLevel). For SparkR, use setLogLevel(newLevel).
[2026-06-20T05:44:57.054+0000] {subprocess.py:93} INFO - 26/06/20 05:44:57 WARN NativeCodeLoader: Unable to load native-hadoop library for your platform... using builtin-java classes where applicable
[2026-06-20T05:44:59.424+0000] {subprocess.py:93} INFO - 
[2026-06-20T05:44:59.426+0000] {subprocess.py:93} INFO - --- gold label 2023-04-01 ---
[2026-06-20T05:44:59.428+0000] {subprocess.py:93} INFO - 
[2026-06-20T05:44:59.430+0000] {subprocess.py:93} INFO - [gold:label] loaded datamart/silver/lms/2023_04_01.parquet rows: 2047
[2026-06-20T05:44:59.432+0000] {subprocess.py:93} INFO - [gold:label] saved to: datamart/gold/label_store/gold_label_store_2023_04_01.parquet
[2026-06-20T05:44:59.433+0000] {subprocess.py:93} INFO - 
[2026-06-20T05:44:59.433+0000] {subprocess.py:93} INFO - --- done ---
[2026-06-20T05:44:59.434+0000] {subprocess.py:93} INFO - 
[2026-06-20T05:44:59.942+0000] {subprocess.py:97} INFO - Command exited with return code 0
[2026-06-20T05:44:59.943+0000] {taskinstance.py:441} INFO - ::group::Post task execution logs
[2026-06-20T05:44:59.961+0000] {taskinstance.py:1206} INFO - Marking task as SUCCESS. dag_id=credit_default_ml_pipeline, task_id=label_pipeline.gold_label_store, run_id=scheduled__2023-04-01T00:00:00+00:00, execution_date=20230401T000000, start_date=20260620T054455, end_date=20260620T054459
[2026-06-20T05:44:59.977+0000] {local_task_job_runner.py:243} INFO - Task exited with return code 0
[2026-06-20T05:45:00.052+0000] {taskinstance.py:3503} INFO - 0 downstream tasks scheduled from follow-on schedule check
[2026-06-20T05:45:00.053+0000] {local_task_job_runner.py:222} INFO - ::endgroup::
[2026-06-20T06:49:35.910+0000] {local_task_job_runner.py:120} INFO - ::group::Pre task execution logs
[2026-06-20T06:49:35.928+0000] {taskinstance.py:2076} INFO - Dependencies all met for dep_context=non-requeueable deps ti=<TaskInstance: credit_default_ml_pipeline.label_pipeline.gold_label_store scheduled__2023-04-01T00:00:00+00:00 [queued]>
[2026-06-20T06:49:35.934+0000] {taskinstance.py:2076} INFO - Dependencies all met for dep_context=requeueable deps ti=<TaskInstance: credit_default_ml_pipeline.label_pipeline.gold_label_store scheduled__2023-04-01T00:00:00+00:00 [queued]>
[2026-06-20T06:49:35.935+0000] {taskinstance.py:2306} INFO - Starting attempt 1 of 2
[2026-06-20T06:49:35.945+0000] {taskinstance.py:2330} INFO - Executing <Task(BashOperator): label_pipeline.gold_label_store> on 2023-04-01 00:00:00+00:00
[2026-06-20T06:49:35.950+0000] {logging_mixin.py:188} WARNING - /home/***/.local/lib/python3.12/site-packages/***/task/task_runner/standard_task_runner.py:62 DeprecationWarning: This process (pid=74793) is multi-threaded, use of fork() may lead to deadlocks in the child.
[2026-06-20T06:49:35.951+0000] {standard_task_runner.py:64} INFO - Started process 74806 to run task
[2026-06-20T06:49:35.950+0000] {standard_task_runner.py:90} INFO - Running: ['***', 'tasks', 'run', 'credit_default_ml_pipeline', 'label_pipeline.gold_label_store', 'scheduled__2023-04-01T00:00:00+00:00', '--job-id', '1819', '--raw', '--subdir', 'DAGS_FOLDER/dag.py', '--cfg-path', '/tmp/tmpuc4lnibn']
[2026-06-20T06:49:35.952+0000] {standard_task_runner.py:91} INFO - Job 1819: Subtask label_pipeline.gold_label_store
[2026-06-20T06:49:36.099+0000] {task_command.py:426} INFO - Running <TaskInstance: credit_default_ml_pipeline.label_pipeline.gold_label_store scheduled__2023-04-01T00:00:00+00:00 [running]> on host 9cf341f51c89
[2026-06-20T06:49:36.147+0000] {taskinstance.py:2648} INFO - Exporting env vars: AIRFLOW_CTX_DAG_OWNER='***' AIRFLOW_CTX_DAG_ID='credit_default_ml_pipeline' AIRFLOW_CTX_TASK_ID='label_pipeline.gold_label_store' AIRFLOW_CTX_EXECUTION_DATE='2023-04-01T00:00:00+00:00' AIRFLOW_CTX_TRY_NUMBER='1' AIRFLOW_CTX_DAG_RUN_ID='scheduled__2023-04-01T00:00:00+00:00'
[2026-06-20T06:49:36.148+0000] {taskinstance.py:430} INFO - ::endgroup::
[2026-06-20T06:49:36.155+0000] {subprocess.py:63} INFO - Tmp dir root location: /tmp
[2026-06-20T06:49:36.156+0000] {subprocess.py:75} INFO - Running command: ['/usr/bin/bash', '-c', 'cd /opt/***/scripts && python3 gold_label_store.py --snapshotdate "2023-04-01"']
[2026-06-20T06:49:36.162+0000] {subprocess.py:86} INFO - Output:
[2026-06-20T06:49:37.937+0000] {subprocess.py:93} INFO - Setting default log level to "WARN".
[2026-06-20T06:49:37.938+0000] {subprocess.py:93} INFO - To adjust logging level use sc.setLogLevel(newLevel). For SparkR, use setLogLevel(newLevel).
[2026-06-20T06:49:38.096+0000] {subprocess.py:93} INFO - 26/06/20 06:49:38 WARN NativeCodeLoader: Unable to load native-hadoop library for your platform... using builtin-java classes where applicable
[2026-06-20T06:49:41.204+0000] {subprocess.py:93} INFO - 
[2026-06-20T06:49:41.205+0000] {subprocess.py:93} INFO - --- gold label 2023-04-01 ---
[2026-06-20T06:49:41.206+0000] {subprocess.py:93} INFO - 
[2026-06-20T06:49:41.207+0000] {subprocess.py:93} INFO - [gold:label] loaded datamart/silver/lms/2023_04_01.parquet rows: 2047
[2026-06-20T06:49:41.208+0000] {subprocess.py:93} INFO - [gold:label] saved to: datamart/gold/label_store/gold_label_store_2023_04_01.parquet
[2026-06-20T06:49:41.208+0000] {subprocess.py:93} INFO - 
[2026-06-20T06:49:41.209+0000] {subprocess.py:93} INFO - --- done ---
[2026-06-20T06:49:41.209+0000] {subprocess.py:93} INFO - 
[2026-06-20T06:49:41.685+0000] {subprocess.py:97} INFO - Command exited with return code 0
[2026-06-20T06:49:41.687+0000] {taskinstance.py:441} INFO - ::group::Post task execution logs
[2026-06-20T06:49:41.702+0000] {taskinstance.py:1206} INFO - Marking task as SUCCESS. dag_id=credit_default_ml_pipeline, task_id=label_pipeline.gold_label_store, run_id=scheduled__2023-04-01T00:00:00+00:00, execution_date=20230401T000000, start_date=20260620T064935, end_date=20260620T064941
[2026-06-20T06:49:41.730+0000] {local_task_job_runner.py:243} INFO - Task exited with return code 0
[2026-06-20T06:49:41.742+0000] {taskinstance.py:3503} INFO - 0 downstream tasks scheduled from follow-on schedule check
[2026-06-20T06:49:41.744+0000] {local_task_job_runner.py:222} INFO - ::endgroup::
[2026-06-20T07:17:50.444+0000] {local_task_job_runner.py:120} INFO - ::group::Pre task execution logs
[2026-06-20T07:17:50.467+0000] {taskinstance.py:2076} INFO - Dependencies all met for dep_context=non-requeueable deps ti=<TaskInstance: credit_default_ml_pipeline.label_pipeline.gold_label_store scheduled__2023-04-01T00:00:00+00:00 [queued]>
[2026-06-20T07:17:50.474+0000] {taskinstance.py:2076} INFO - Dependencies all met for dep_context=requeueable deps ti=<TaskInstance: credit_default_ml_pipeline.label_pipeline.gold_label_store scheduled__2023-04-01T00:00:00+00:00 [queued]>
[2026-06-20T07:17:50.475+0000] {taskinstance.py:2306} INFO - Starting attempt 1 of 2
[2026-06-20T07:17:50.485+0000] {taskinstance.py:2330} INFO - Executing <Task(BashOperator): label_pipeline.gold_label_store> on 2023-04-01 00:00:00+00:00
[2026-06-20T07:17:50.492+0000] {logging_mixin.py:188} WARNING - /home/***/.local/lib/python3.12/site-packages/***/task/task_runner/standard_task_runner.py:62 DeprecationWarning: This process (pid=6273) is multi-threaded, use of fork() may lead to deadlocks in the child.
[2026-06-20T07:17:50.494+0000] {standard_task_runner.py:64} INFO - Started process 6278 to run task
[2026-06-20T07:17:50.493+0000] {standard_task_runner.py:90} INFO - Running: ['***', 'tasks', 'run', 'credit_default_ml_pipeline', 'label_pipeline.gold_label_store', 'scheduled__2023-04-01T00:00:00+00:00', '--job-id', '1999', '--raw', '--subdir', 'DAGS_FOLDER/dag.py', '--cfg-path', '/tmp/tmpxzbvzuxq']
[2026-06-20T07:17:50.496+0000] {standard_task_runner.py:91} INFO - Job 1999: Subtask label_pipeline.gold_label_store
[2026-06-20T07:17:50.668+0000] {task_command.py:426} INFO - Running <TaskInstance: credit_default_ml_pipeline.label_pipeline.gold_label_store scheduled__2023-04-01T00:00:00+00:00 [running]> on host 9cf341f51c89
[2026-06-20T07:17:50.712+0000] {taskinstance.py:2648} INFO - Exporting env vars: AIRFLOW_CTX_DAG_OWNER='***' AIRFLOW_CTX_DAG_ID='credit_default_ml_pipeline' AIRFLOW_CTX_TASK_ID='label_pipeline.gold_label_store' AIRFLOW_CTX_EXECUTION_DATE='2023-04-01T00:00:00+00:00' AIRFLOW_CTX_TRY_NUMBER='1' AIRFLOW_CTX_DAG_RUN_ID='scheduled__2023-04-01T00:00:00+00:00'
[2026-06-20T07:17:50.714+0000] {taskinstance.py:430} INFO - ::endgroup::
[2026-06-20T07:17:50.722+0000] {subprocess.py:63} INFO - Tmp dir root location: /tmp
[2026-06-20T07:17:50.723+0000] {subprocess.py:75} INFO - Running command: ['/usr/bin/bash', '-c', 'cd /opt/***/scripts && python3 gold_label_store.py --snapshotdate "2023-04-01"']
[2026-06-20T07:17:50.729+0000] {subprocess.py:86} INFO - Output:
[2026-06-20T07:17:52.975+0000] {subprocess.py:93} INFO - Setting default log level to "WARN".
[2026-06-20T07:17:52.976+0000] {subprocess.py:93} INFO - To adjust logging level use sc.setLogLevel(newLevel). For SparkR, use setLogLevel(newLevel).
[2026-06-20T07:17:53.125+0000] {subprocess.py:93} INFO - 26/06/20 07:17:53 WARN NativeCodeLoader: Unable to load native-hadoop library for your platform... using builtin-java classes where applicable
[2026-06-20T07:17:57.412+0000] {subprocess.py:93} INFO - 
[2026-06-20T07:17:57.413+0000] {subprocess.py:93} INFO - --- gold label 2023-04-01 ---
[2026-06-20T07:17:57.414+0000] {subprocess.py:93} INFO - 
[2026-06-20T07:17:57.416+0000] {subprocess.py:93} INFO - [gold:label] loaded datamart/silver/lms/2023_04_01.parquet rows: 4094
[2026-06-20T07:17:57.417+0000] {subprocess.py:93} INFO - [gold:label] saved to: datamart/gold/label_store/gold_label_store_2023_04_01.parquet
[2026-06-20T07:17:57.418+0000] {subprocess.py:93} INFO - 
[2026-06-20T07:17:57.418+0000] {subprocess.py:93} INFO - --- done ---
[2026-06-20T07:17:57.419+0000] {subprocess.py:93} INFO - 
[2026-06-20T07:17:57.915+0000] {subprocess.py:97} INFO - Command exited with return code 0
[2026-06-20T07:17:57.916+0000] {taskinstance.py:441} INFO - ::group::Post task execution logs
[2026-06-20T07:17:57.937+0000] {taskinstance.py:1206} INFO - Marking task as SUCCESS. dag_id=credit_default_ml_pipeline, task_id=label_pipeline.gold_label_store, run_id=scheduled__2023-04-01T00:00:00+00:00, execution_date=20230401T000000, start_date=20260620T071750, end_date=20260620T071757
[2026-06-20T07:17:57.974+0000] {local_task_job_runner.py:243} INFO - Task exited with return code 0
[2026-06-20T07:17:57.990+0000] {taskinstance.py:3503} INFO - 0 downstream tasks scheduled from follow-on schedule check
[2026-06-20T07:17:57.991+0000] {local_task_job_runner.py:222} INFO - ::endgroup::
[2026-06-20T15:22:33.663+0000] {local_task_job_runner.py:120} INFO - ::group::Pre task execution logs
[2026-06-20T15:22:33.675+0000] {taskinstance.py:2076} INFO - Dependencies all met for dep_context=non-requeueable deps ti=<TaskInstance: credit_default_ml_pipeline.label_pipeline.gold_label_store scheduled__2023-04-01T00:00:00+00:00 [queued]>
[2026-06-20T15:22:33.678+0000] {taskinstance.py:2076} INFO - Dependencies all met for dep_context=requeueable deps ti=<TaskInstance: credit_default_ml_pipeline.label_pipeline.gold_label_store scheduled__2023-04-01T00:00:00+00:00 [queued]>
[2026-06-20T15:22:33.679+0000] {taskinstance.py:2306} INFO - Starting attempt 1 of 2
[2026-06-20T15:22:33.684+0000] {taskinstance.py:2330} INFO - Executing <Task(BashOperator): label_pipeline.gold_label_store> on 2023-04-01 00:00:00+00:00
[2026-06-20T15:22:33.687+0000] {logging_mixin.py:188} WARNING - /home/***/.local/lib/python3.12/site-packages/***/task/task_runner/standard_task_runner.py:62 DeprecationWarning: This process (pid=94254) is multi-threaded, use of fork() may lead to deadlocks in the child.
[2026-06-20T15:22:33.688+0000] {standard_task_runner.py:64} INFO - Started process 94256 to run task
[2026-06-20T15:22:33.687+0000] {standard_task_runner.py:90} INFO - Running: ['***', 'tasks', 'run', 'credit_default_ml_pipeline', 'label_pipeline.gold_label_store', 'scheduled__2023-04-01T00:00:00+00:00', '--job-id', '2473', '--raw', '--subdir', 'DAGS_FOLDER/dag.py', '--cfg-path', '/tmp/tmp94yvvtye']
[2026-06-20T15:22:33.688+0000] {standard_task_runner.py:91} INFO - Job 2473: Subtask label_pipeline.gold_label_store
[2026-06-20T15:22:33.770+0000] {task_command.py:426} INFO - Running <TaskInstance: credit_default_ml_pipeline.label_pipeline.gold_label_store scheduled__2023-04-01T00:00:00+00:00 [running]> on host 9cf341f51c89
[2026-06-20T15:22:33.793+0000] {taskinstance.py:2648} INFO - Exporting env vars: AIRFLOW_CTX_DAG_OWNER='***' AIRFLOW_CTX_DAG_ID='credit_default_ml_pipeline' AIRFLOW_CTX_TASK_ID='label_pipeline.gold_label_store' AIRFLOW_CTX_EXECUTION_DATE='2023-04-01T00:00:00+00:00' AIRFLOW_CTX_TRY_NUMBER='1' AIRFLOW_CTX_DAG_RUN_ID='scheduled__2023-04-01T00:00:00+00:00'
[2026-06-20T15:22:33.794+0000] {taskinstance.py:430} INFO - ::endgroup::
[2026-06-20T15:22:33.797+0000] {subprocess.py:63} INFO - Tmp dir root location: /tmp
[2026-06-20T15:22:33.798+0000] {subprocess.py:75} INFO - Running command: ['/usr/bin/bash', '-c', 'cd /opt/***/scripts && python3 gold_label_store.py --snapshotdate "2023-04-01"']
[2026-06-20T15:22:33.801+0000] {subprocess.py:86} INFO - Output:
[2026-06-20T15:22:34.815+0000] {subprocess.py:93} INFO - Setting default log level to "WARN".
[2026-06-20T15:22:34.817+0000] {subprocess.py:93} INFO - To adjust logging level use sc.setLogLevel(newLevel). For SparkR, use setLogLevel(newLevel).
[2026-06-20T15:22:34.939+0000] {subprocess.py:93} INFO - 26/06/20 15:22:34 WARN NativeCodeLoader: Unable to load native-hadoop library for your platform... using builtin-java classes where applicable
[2026-06-20T15:22:37.302+0000] {subprocess.py:93} INFO - 
[2026-06-20T15:22:37.305+0000] {subprocess.py:93} INFO - --- gold label 2023-04-01 ---
[2026-06-20T15:22:37.306+0000] {subprocess.py:93} INFO - 
[2026-06-20T15:22:37.307+0000] {subprocess.py:93} INFO - [gold:label] loaded datamart/silver/lms/2023_04_01.parquet rows: 2047
[2026-06-20T15:22:37.308+0000] {subprocess.py:93} INFO - [gold:label] saved to: datamart/gold/label_store/gold_label_store_2023_04_01.parquet
[2026-06-20T15:22:37.309+0000] {subprocess.py:93} INFO - 
[2026-06-20T15:22:37.310+0000] {subprocess.py:93} INFO - --- done ---
[2026-06-20T15:22:37.311+0000] {subprocess.py:93} INFO - 
[2026-06-20T15:22:37.829+0000] {subprocess.py:97} INFO - Command exited with return code 0
[2026-06-20T15:22:37.831+0000] {taskinstance.py:441} INFO - ::group::Post task execution logs
[2026-06-20T15:22:37.847+0000] {taskinstance.py:1206} INFO - Marking task as SUCCESS. dag_id=credit_default_ml_pipeline, task_id=label_pipeline.gold_label_store, run_id=scheduled__2023-04-01T00:00:00+00:00, execution_date=20230401T000000, start_date=20260620T152233, end_date=20260620T152237
[2026-06-20T15:22:37.879+0000] {local_task_job_runner.py:243} INFO - Task exited with return code 0
[2026-06-20T15:22:37.955+0000] {taskinstance.py:3503} INFO - 0 downstream tasks scheduled from follow-on schedule check
[2026-06-20T15:22:37.956+0000] {local_task_job_runner.py:222} INFO - ::endgroup::
[2026-06-20T16:59:16.773+0000] {local_task_job_runner.py:120} INFO - ::group::Pre task execution logs
[2026-06-20T16:59:16.793+0000] {taskinstance.py:2076} INFO - Dependencies all met for dep_context=non-requeueable deps ti=<TaskInstance: credit_default_ml_pipeline.label_pipeline.gold_label_store scheduled__2023-04-01T00:00:00+00:00 [queued]>
[2026-06-20T16:59:16.799+0000] {taskinstance.py:2076} INFO - Dependencies all met for dep_context=requeueable deps ti=<TaskInstance: credit_default_ml_pipeline.label_pipeline.gold_label_store scheduled__2023-04-01T00:00:00+00:00 [queued]>
[2026-06-20T16:59:16.800+0000] {taskinstance.py:2306} INFO - Starting attempt 1 of 2
[2026-06-20T16:59:16.807+0000] {taskinstance.py:2330} INFO - Executing <Task(BashOperator): label_pipeline.gold_label_store> on 2023-04-01 00:00:00+00:00
[2026-06-20T16:59:16.812+0000] {logging_mixin.py:188} WARNING - /home/***/.local/lib/python3.12/site-packages/***/task/task_runner/standard_task_runner.py:62 DeprecationWarning: This process (pid=78401) is multi-threaded, use of fork() may lead to deadlocks in the child.
[2026-06-20T16:59:16.813+0000] {standard_task_runner.py:64} INFO - Started process 78405 to run task
[2026-06-20T16:59:16.812+0000] {standard_task_runner.py:90} INFO - Running: ['***', 'tasks', 'run', 'credit_default_ml_pipeline', 'label_pipeline.gold_label_store', 'scheduled__2023-04-01T00:00:00+00:00', '--job-id', '2961', '--raw', '--subdir', 'DAGS_FOLDER/dag.py', '--cfg-path', '/tmp/tmpa4n1z_9x']
[2026-06-20T16:59:16.815+0000] {standard_task_runner.py:91} INFO - Job 2961: Subtask label_pipeline.gold_label_store
[2026-06-20T16:59:16.980+0000] {task_command.py:426} INFO - Running <TaskInstance: credit_default_ml_pipeline.label_pipeline.gold_label_store scheduled__2023-04-01T00:00:00+00:00 [running]> on host 9cf341f51c89
[2026-06-20T16:59:17.037+0000] {taskinstance.py:2648} INFO - Exporting env vars: AIRFLOW_CTX_DAG_OWNER='***' AIRFLOW_CTX_DAG_ID='credit_default_ml_pipeline' AIRFLOW_CTX_TASK_ID='label_pipeline.gold_label_store' AIRFLOW_CTX_EXECUTION_DATE='2023-04-01T00:00:00+00:00' AIRFLOW_CTX_TRY_NUMBER='1' AIRFLOW_CTX_DAG_RUN_ID='scheduled__2023-04-01T00:00:00+00:00'
[2026-06-20T16:59:17.038+0000] {taskinstance.py:430} INFO - ::endgroup::
[2026-06-20T16:59:17.046+0000] {subprocess.py:63} INFO - Tmp dir root location: /tmp
[2026-06-20T16:59:17.047+0000] {subprocess.py:75} INFO - Running command: ['/usr/bin/bash', '-c', 'cd /opt/***/scripts && python3 gold_label_store.py --snapshotdate "2023-04-01"']
[2026-06-20T16:59:17.055+0000] {subprocess.py:86} INFO - Output:
[2026-06-20T16:59:19.577+0000] {subprocess.py:93} INFO - Setting default log level to "WARN".
[2026-06-20T16:59:19.577+0000] {subprocess.py:93} INFO - To adjust logging level use sc.setLogLevel(newLevel). For SparkR, use setLogLevel(newLevel).
[2026-06-20T16:59:19.680+0000] {subprocess.py:93} INFO - 26/06/20 16:59:19 WARN NativeCodeLoader: Unable to load native-hadoop library for your platform... using builtin-java classes where applicable
[2026-06-20T16:59:23.471+0000] {subprocess.py:93} INFO - 
[2026-06-20T16:59:23.473+0000] {subprocess.py:93} INFO - --- gold label 2023-04-01 ---
[2026-06-20T16:59:23.473+0000] {subprocess.py:93} INFO - 
[2026-06-20T16:59:23.474+0000] {subprocess.py:93} INFO - [gold:label] loaded datamart/silver/lms/2023_04_01.parquet rows: 2047
[2026-06-20T16:59:23.474+0000] {subprocess.py:93} INFO - [gold:label] saved to: datamart/gold/label_store/gold_label_store_2023_04_01.parquet
[2026-06-20T16:59:23.475+0000] {subprocess.py:93} INFO - 
[2026-06-20T16:59:23.476+0000] {subprocess.py:93} INFO - --- done ---
[2026-06-20T16:59:23.477+0000] {subprocess.py:93} INFO - 
[2026-06-20T16:59:23.931+0000] {subprocess.py:97} INFO - Command exited with return code 0
[2026-06-20T16:59:23.933+0000] {taskinstance.py:441} INFO - ::group::Post task execution logs
[2026-06-20T16:59:23.953+0000] {taskinstance.py:1206} INFO - Marking task as SUCCESS. dag_id=credit_default_ml_pipeline, task_id=label_pipeline.gold_label_store, run_id=scheduled__2023-04-01T00:00:00+00:00, execution_date=20230401T000000, start_date=20260620T165916, end_date=20260620T165923
[2026-06-20T16:59:24.005+0000] {local_task_job_runner.py:243} INFO - Task exited with return code 0
[2026-06-20T16:59:24.021+0000] {taskinstance.py:3503} INFO - 0 downstream tasks scheduled from follow-on schedule check
[2026-06-20T16:59:24.023+0000] {local_task_job_runner.py:222} INFO - ::endgroup::
[2026-06-20T17:13:05.766+0000] {local_task_job_runner.py:120} INFO - ::group::Pre task execution logs
[2026-06-20T17:13:05.777+0000] {taskinstance.py:2076} INFO - Dependencies all met for dep_context=non-requeueable deps ti=<TaskInstance: credit_default_ml_pipeline.label_pipeline.gold_label_store scheduled__2023-04-01T00:00:00+00:00 [queued]>
[2026-06-20T17:13:05.780+0000] {taskinstance.py:2076} INFO - Dependencies all met for dep_context=requeueable deps ti=<TaskInstance: credit_default_ml_pipeline.label_pipeline.gold_label_store scheduled__2023-04-01T00:00:00+00:00 [queued]>
[2026-06-20T17:13:05.780+0000] {taskinstance.py:2306} INFO - Starting attempt 1 of 2
[2026-06-20T17:13:05.784+0000] {taskinstance.py:2330} INFO - Executing <Task(BashOperator): label_pipeline.gold_label_store> on 2023-04-01 00:00:00+00:00
[2026-06-20T17:13:05.788+0000] {logging_mixin.py:188} WARNING - /home/***/.local/lib/python3.12/site-packages/***/task/task_runner/standard_task_runner.py:62 DeprecationWarning: This process (pid=12156) is multi-threaded, use of fork() may lead to deadlocks in the child.
[2026-06-20T17:13:05.789+0000] {standard_task_runner.py:64} INFO - Started process 12158 to run task
[2026-06-20T17:13:05.788+0000] {standard_task_runner.py:90} INFO - Running: ['***', 'tasks', 'run', 'credit_default_ml_pipeline', 'label_pipeline.gold_label_store', 'scheduled__2023-04-01T00:00:00+00:00', '--job-id', '3050', '--raw', '--subdir', 'DAGS_FOLDER/dag.py', '--cfg-path', '/tmp/tmp47mnsc1m']
[2026-06-20T17:13:05.789+0000] {standard_task_runner.py:91} INFO - Job 3050: Subtask label_pipeline.gold_label_store
[2026-06-20T17:13:05.881+0000] {task_command.py:426} INFO - Running <TaskInstance: credit_default_ml_pipeline.label_pipeline.gold_label_store scheduled__2023-04-01T00:00:00+00:00 [running]> on host 9cf341f51c89
[2026-06-20T17:13:05.904+0000] {taskinstance.py:2648} INFO - Exporting env vars: AIRFLOW_CTX_DAG_OWNER='***' AIRFLOW_CTX_DAG_ID='credit_default_ml_pipeline' AIRFLOW_CTX_TASK_ID='label_pipeline.gold_label_store' AIRFLOW_CTX_EXECUTION_DATE='2023-04-01T00:00:00+00:00' AIRFLOW_CTX_TRY_NUMBER='1' AIRFLOW_CTX_DAG_RUN_ID='scheduled__2023-04-01T00:00:00+00:00'
[2026-06-20T17:13:05.904+0000] {taskinstance.py:430} INFO - ::endgroup::
[2026-06-20T17:13:05.908+0000] {subprocess.py:63} INFO - Tmp dir root location: /tmp
[2026-06-20T17:13:05.909+0000] {subprocess.py:75} INFO - Running command: ['/usr/bin/bash', '-c', 'cd /opt/***/scripts && python3 gold_label_store.py --snapshotdate "2023-04-01"']
[2026-06-20T17:13:05.912+0000] {subprocess.py:86} INFO - Output:
[2026-06-20T17:13:06.923+0000] {subprocess.py:93} INFO - Setting default log level to "WARN".
[2026-06-20T17:13:06.924+0000] {subprocess.py:93} INFO - To adjust logging level use sc.setLogLevel(newLevel). For SparkR, use setLogLevel(newLevel).
[2026-06-20T17:13:07.063+0000] {subprocess.py:93} INFO - 26/06/20 17:13:07 WARN NativeCodeLoader: Unable to load native-hadoop library for your platform... using builtin-java classes where applicable
[2026-06-20T17:13:09.429+0000] {subprocess.py:93} INFO - 
[2026-06-20T17:13:09.430+0000] {subprocess.py:93} INFO - --- gold label 2023-04-01 ---
[2026-06-20T17:13:09.431+0000] {subprocess.py:93} INFO - 
[2026-06-20T17:13:09.432+0000] {subprocess.py:93} INFO - [gold:label] loaded datamart/silver/lms/2023_04_01.parquet rows: 2047
[2026-06-20T17:13:09.433+0000] {subprocess.py:93} INFO - [gold:label] saved to: datamart/gold/label_store/gold_label_store_2023_04_01.parquet
[2026-06-20T17:13:09.434+0000] {subprocess.py:93} INFO - 
[2026-06-20T17:13:09.434+0000] {subprocess.py:93} INFO - --- done ---
[2026-06-20T17:13:09.435+0000] {subprocess.py:93} INFO - 
[2026-06-20T17:13:09.958+0000] {subprocess.py:97} INFO - Command exited with return code 0
[2026-06-20T17:13:09.959+0000] {taskinstance.py:441} INFO - ::group::Post task execution logs
[2026-06-20T17:13:09.974+0000] {taskinstance.py:1206} INFO - Marking task as SUCCESS. dag_id=credit_default_ml_pipeline, task_id=label_pipeline.gold_label_store, run_id=scheduled__2023-04-01T00:00:00+00:00, execution_date=20230401T000000, start_date=20260620T171305, end_date=20260620T171309
[2026-06-20T17:13:10.011+0000] {local_task_job_runner.py:243} INFO - Task exited with return code 0
[2026-06-20T17:13:10.088+0000] {taskinstance.py:3503} INFO - 0 downstream tasks scheduled from follow-on schedule check
[2026-06-20T17:13:10.090+0000] {local_task_job_runner.py:222} INFO - ::endgroup::
[2026-06-21T01:36:33.522+0000] {local_task_job_runner.py:120} INFO - ::group::Pre task execution logs
[2026-06-21T01:36:33.541+0000] {taskinstance.py:2076} INFO - Dependencies all met for dep_context=non-requeueable deps ti=<TaskInstance: credit_default_ml_pipeline.label_pipeline.gold_label_store scheduled__2023-04-01T00:00:00+00:00 [queued]>
[2026-06-21T01:36:33.545+0000] {taskinstance.py:2076} INFO - Dependencies all met for dep_context=requeueable deps ti=<TaskInstance: credit_default_ml_pipeline.label_pipeline.gold_label_store scheduled__2023-04-01T00:00:00+00:00 [queued]>
[2026-06-21T01:36:33.546+0000] {taskinstance.py:2306} INFO - Starting attempt 1 of 2
[2026-06-21T01:36:33.553+0000] {taskinstance.py:2330} INFO - Executing <Task(BashOperator): label_pipeline.gold_label_store> on 2023-04-01 00:00:00+00:00
[2026-06-21T01:36:33.557+0000] {logging_mixin.py:188} WARNING - /home/***/.local/lib/python3.12/site-packages/***/task/task_runner/standard_task_runner.py:62 DeprecationWarning: This process (pid=11859) is multi-threaded, use of fork() may lead to deadlocks in the child.
[2026-06-21T01:36:33.558+0000] {standard_task_runner.py:64} INFO - Started process 11868 to run task
[2026-06-21T01:36:33.558+0000] {standard_task_runner.py:90} INFO - Running: ['***', 'tasks', 'run', 'credit_default_ml_pipeline', 'label_pipeline.gold_label_store', 'scheduled__2023-04-01T00:00:00+00:00', '--job-id', '3512', '--raw', '--subdir', 'DAGS_FOLDER/dag.py', '--cfg-path', '/tmp/tmpb8010ixg']
[2026-06-21T01:36:33.560+0000] {standard_task_runner.py:91} INFO - Job 3512: Subtask label_pipeline.gold_label_store
[2026-06-21T01:36:33.587+0000] {task_command.py:426} INFO - Running <TaskInstance: credit_default_ml_pipeline.label_pipeline.gold_label_store scheduled__2023-04-01T00:00:00+00:00 [running]> on host f6e9e2801916
[2026-06-21T01:36:33.749+0000] {taskinstance.py:2648} INFO - Exporting env vars: AIRFLOW_CTX_DAG_OWNER='***' AIRFLOW_CTX_DAG_ID='credit_default_ml_pipeline' AIRFLOW_CTX_TASK_ID='label_pipeline.gold_label_store' AIRFLOW_CTX_EXECUTION_DATE='2023-04-01T00:00:00+00:00' AIRFLOW_CTX_TRY_NUMBER='1' AIRFLOW_CTX_DAG_RUN_ID='scheduled__2023-04-01T00:00:00+00:00'
[2026-06-21T01:36:33.750+0000] {taskinstance.py:430} INFO - ::endgroup::
[2026-06-21T01:36:33.756+0000] {subprocess.py:63} INFO - Tmp dir root location: /tmp
[2026-06-21T01:36:33.759+0000] {subprocess.py:75} INFO - Running command: ['/usr/bin/bash', '-c', 'cd /opt/***/scripts && python3 gold_label_store.py --snapshotdate "2023-04-01"']
[2026-06-21T01:36:33.767+0000] {subprocess.py:86} INFO - Output:
[2026-06-21T01:36:35.291+0000] {subprocess.py:93} INFO - Setting default log level to "WARN".
[2026-06-21T01:36:35.292+0000] {subprocess.py:93} INFO - To adjust logging level use sc.setLogLevel(newLevel). For SparkR, use setLogLevel(newLevel).
[2026-06-21T01:36:35.407+0000] {subprocess.py:93} INFO - 26/06/21 01:36:35 WARN NativeCodeLoader: Unable to load native-hadoop library for your platform... using builtin-java classes where applicable
[2026-06-21T01:36:38.361+0000] {subprocess.py:93} INFO - 
[2026-06-21T01:36:38.362+0000] {subprocess.py:93} INFO - --- gold label 2023-04-01 ---
[2026-06-21T01:36:38.363+0000] {subprocess.py:93} INFO - 
[2026-06-21T01:36:38.364+0000] {subprocess.py:93} INFO - [gold:label] loaded datamart/silver/lms/2023_04_01.parquet rows: 2047
[2026-06-21T01:36:38.364+0000] {subprocess.py:93} INFO - [gold:label] saved to: datamart/gold/label_store/gold_label_store_2023_04_01.parquet
[2026-06-21T01:36:38.365+0000] {subprocess.py:93} INFO - 
[2026-06-21T01:36:38.365+0000] {subprocess.py:93} INFO - --- done ---
[2026-06-21T01:36:38.366+0000] {subprocess.py:93} INFO - 
[2026-06-21T01:36:38.882+0000] {subprocess.py:97} INFO - Command exited with return code 0
[2026-06-21T01:36:38.884+0000] {taskinstance.py:441} INFO - ::group::Post task execution logs
[2026-06-21T01:36:38.901+0000] {taskinstance.py:1206} INFO - Marking task as SUCCESS. dag_id=credit_default_ml_pipeline, task_id=label_pipeline.gold_label_store, run_id=scheduled__2023-04-01T00:00:00+00:00, execution_date=20230401T000000, start_date=20260621T013633, end_date=20260621T013638
[2026-06-21T01:36:38.917+0000] {local_task_job_runner.py:243} INFO - Task exited with return code 0
[2026-06-21T01:36:39.016+0000] {taskinstance.py:3503} INFO - 0 downstream tasks scheduled from follow-on schedule check
[2026-06-21T01:36:39.017+0000] {local_task_job_runner.py:222} INFO - ::endgroup::
[2026-06-21T05:30:58.229+0000] {local_task_job_runner.py:120} INFO - ::group::Pre task execution logs
[2026-06-21T05:30:58.244+0000] {taskinstance.py:2076} INFO - Dependencies all met for dep_context=non-requeueable deps ti=<TaskInstance: credit_default_ml_pipeline.label_pipeline.gold_label_store scheduled__2023-04-01T00:00:00+00:00 [queued]>
[2026-06-21T05:30:58.250+0000] {taskinstance.py:2076} INFO - Dependencies all met for dep_context=requeueable deps ti=<TaskInstance: credit_default_ml_pipeline.label_pipeline.gold_label_store scheduled__2023-04-01T00:00:00+00:00 [queued]>
[2026-06-21T05:30:58.251+0000] {taskinstance.py:2306} INFO - Starting attempt 1 of 2
[2026-06-21T05:30:58.258+0000] {taskinstance.py:2330} INFO - Executing <Task(BashOperator): label_pipeline.gold_label_store> on 2023-04-01 00:00:00+00:00
[2026-06-21T05:30:58.262+0000] {logging_mixin.py:188} WARNING - /home/***/.local/lib/python3.12/site-packages/***/task/task_runner/standard_task_runner.py:62 DeprecationWarning: This process (pid=11555) is multi-threaded, use of fork() may lead to deadlocks in the child.
[2026-06-21T05:30:58.263+0000] {standard_task_runner.py:90} INFO - Running: ['***', 'tasks', 'run', 'credit_default_ml_pipeline', 'label_pipeline.gold_label_store', 'scheduled__2023-04-01T00:00:00+00:00', '--job-id', '3976', '--raw', '--subdir', 'DAGS_FOLDER/dag.py', '--cfg-path', '/tmp/tmp1a5ptxnz']
[2026-06-21T05:30:58.264+0000] {standard_task_runner.py:64} INFO - Started process 11565 to run task
[2026-06-21T05:30:58.264+0000] {standard_task_runner.py:91} INFO - Job 3976: Subtask label_pipeline.gold_label_store
[2026-06-21T05:30:58.389+0000] {task_command.py:426} INFO - Running <TaskInstance: credit_default_ml_pipeline.label_pipeline.gold_label_store scheduled__2023-04-01T00:00:00+00:00 [running]> on host 9377a3f0491f
[2026-06-21T05:30:58.440+0000] {taskinstance.py:2648} INFO - Exporting env vars: AIRFLOW_CTX_DAG_OWNER='***' AIRFLOW_CTX_DAG_ID='credit_default_ml_pipeline' AIRFLOW_CTX_TASK_ID='label_pipeline.gold_label_store' AIRFLOW_CTX_EXECUTION_DATE='2023-04-01T00:00:00+00:00' AIRFLOW_CTX_TRY_NUMBER='1' AIRFLOW_CTX_DAG_RUN_ID='scheduled__2023-04-01T00:00:00+00:00'
[2026-06-21T05:30:58.444+0000] {taskinstance.py:430} INFO - ::endgroup::
[2026-06-21T05:30:58.451+0000] {subprocess.py:63} INFO - Tmp dir root location: /tmp
[2026-06-21T05:30:58.452+0000] {subprocess.py:75} INFO - Running command: ['/usr/bin/bash', '-c', 'cd /opt/***/scripts && python3 gold_label_store.py --snapshotdate "2023-04-01"']
[2026-06-21T05:30:58.457+0000] {subprocess.py:86} INFO - Output:
[2026-06-21T05:30:59.997+0000] {subprocess.py:93} INFO - Setting default log level to "WARN".
[2026-06-21T05:30:59.998+0000] {subprocess.py:93} INFO - To adjust logging level use sc.setLogLevel(newLevel). For SparkR, use setLogLevel(newLevel).
[2026-06-21T05:31:00.111+0000] {subprocess.py:93} INFO - 26/06/21 05:31:00 WARN NativeCodeLoader: Unable to load native-hadoop library for your platform... using builtin-java classes where applicable
[2026-06-21T05:31:03.100+0000] {subprocess.py:93} INFO - 
[2026-06-21T05:31:03.102+0000] {subprocess.py:93} INFO - --- gold label 2023-04-01 ---
[2026-06-21T05:31:03.103+0000] {subprocess.py:93} INFO - 
[2026-06-21T05:31:03.104+0000] {subprocess.py:93} INFO - [gold:label] loaded datamart/silver/lms/2023_04_01.parquet rows: 2047
[2026-06-21T05:31:03.104+0000] {subprocess.py:93} INFO - [gold:label] saved to: datamart/gold/label_store/gold_label_store_2023_04_01.parquet
[2026-06-21T05:31:03.105+0000] {subprocess.py:93} INFO - 
[2026-06-21T05:31:03.106+0000] {subprocess.py:93} INFO - --- done ---
[2026-06-21T05:31:03.106+0000] {subprocess.py:93} INFO - 
[2026-06-21T05:31:03.579+0000] {subprocess.py:97} INFO - Command exited with return code 0
[2026-06-21T05:31:03.580+0000] {taskinstance.py:441} INFO - ::group::Post task execution logs
[2026-06-21T05:31:03.596+0000] {taskinstance.py:1206} INFO - Marking task as SUCCESS. dag_id=credit_default_ml_pipeline, task_id=label_pipeline.gold_label_store, run_id=scheduled__2023-04-01T00:00:00+00:00, execution_date=20230401T000000, start_date=20260621T053058, end_date=20260621T053103
[2026-06-21T05:31:03.615+0000] {local_task_job_runner.py:243} INFO - Task exited with return code 0
[2026-06-21T05:31:03.626+0000] {taskinstance.py:3503} INFO - 0 downstream tasks scheduled from follow-on schedule check
[2026-06-21T05:31:03.627+0000] {local_task_job_runner.py:222} INFO - ::endgroup::
[2026-06-25T17:28:04.453+0000] {local_task_job_runner.py:120} INFO - ::group::Pre task execution logs
[2026-06-25T17:28:04.465+0000] {taskinstance.py:2076} INFO - Dependencies all met for dep_context=non-requeueable deps ti=<TaskInstance: credit_default_ml_pipeline.label_pipeline.gold_label_store scheduled__2023-04-01T00:00:00+00:00 [queued]>
[2026-06-25T17:28:04.469+0000] {taskinstance.py:2076} INFO - Dependencies all met for dep_context=requeueable deps ti=<TaskInstance: credit_default_ml_pipeline.label_pipeline.gold_label_store scheduled__2023-04-01T00:00:00+00:00 [queued]>
[2026-06-25T17:28:04.469+0000] {taskinstance.py:2306} INFO - Starting attempt 1 of 2
[2026-06-25T17:28:04.473+0000] {taskinstance.py:2330} INFO - Executing <Task(BashOperator): label_pipeline.gold_label_store> on 2023-04-01 00:00:00+00:00
[2026-06-25T17:28:04.476+0000] {logging_mixin.py:188} WARNING - /home/***/.local/lib/python3.12/site-packages/***/task/task_runner/standard_task_runner.py:62 DeprecationWarning: This process (pid=12816) is multi-threaded, use of fork() may lead to deadlocks in the child.
[2026-06-25T17:28:04.477+0000] {standard_task_runner.py:64} INFO - Started process 12818 to run task
[2026-06-25T17:28:04.476+0000] {standard_task_runner.py:90} INFO - Running: ['***', 'tasks', 'run', 'credit_default_ml_pipeline', 'label_pipeline.gold_label_store', 'scheduled__2023-04-01T00:00:00+00:00', '--job-id', '4439', '--raw', '--subdir', 'DAGS_FOLDER/dag.py', '--cfg-path', '/tmp/tmp4nl3pu_e']
[2026-06-25T17:28:04.477+0000] {standard_task_runner.py:91} INFO - Job 4439: Subtask label_pipeline.gold_label_store
[2026-06-25T17:28:04.495+0000] {task_command.py:426} INFO - Running <TaskInstance: credit_default_ml_pipeline.label_pipeline.gold_label_store scheduled__2023-04-01T00:00:00+00:00 [running]> on host b54b2be331ab
[2026-06-25T17:28:04.596+0000] {taskinstance.py:2648} INFO - Exporting env vars: AIRFLOW_CTX_DAG_OWNER='***' AIRFLOW_CTX_DAG_ID='credit_default_ml_pipeline' AIRFLOW_CTX_TASK_ID='label_pipeline.gold_label_store' AIRFLOW_CTX_EXECUTION_DATE='2023-04-01T00:00:00+00:00' AIRFLOW_CTX_TRY_NUMBER='1' AIRFLOW_CTX_DAG_RUN_ID='scheduled__2023-04-01T00:00:00+00:00'
[2026-06-25T17:28:04.598+0000] {taskinstance.py:430} INFO - ::endgroup::
[2026-06-25T17:28:04.602+0000] {subprocess.py:63} INFO - Tmp dir root location: /tmp
[2026-06-25T17:28:04.603+0000] {subprocess.py:75} INFO - Running command: ['/usr/bin/bash', '-c', 'cd /opt/***/scripts && python3 gold_label_store.py --snapshotdate "2023-04-01"']
[2026-06-25T17:28:04.606+0000] {subprocess.py:86} INFO - Output:
[2026-06-25T17:28:05.635+0000] {subprocess.py:93} INFO - Setting default log level to "WARN".
[2026-06-25T17:28:05.636+0000] {subprocess.py:93} INFO - To adjust logging level use sc.setLogLevel(newLevel). For SparkR, use setLogLevel(newLevel).
[2026-06-25T17:28:05.762+0000] {subprocess.py:93} INFO - 26/06/25 17:28:05 WARN NativeCodeLoader: Unable to load native-hadoop library for your platform... using builtin-java classes where applicable
[2026-06-25T17:28:08.121+0000] {subprocess.py:93} INFO - 
[2026-06-25T17:28:08.122+0000] {subprocess.py:93} INFO - --- gold label 2023-04-01 ---
[2026-06-25T17:28:08.123+0000] {subprocess.py:93} INFO - 
[2026-06-25T17:28:08.124+0000] {subprocess.py:93} INFO - [gold:label] loaded datamart/silver/lms/2023_04_01.parquet rows: 2047
[2026-06-25T17:28:08.125+0000] {subprocess.py:93} INFO - [gold:label] saved to: datamart/gold/label_store/gold_label_store_2023_04_01.parquet
[2026-06-25T17:28:08.125+0000] {subprocess.py:93} INFO - 
[2026-06-25T17:28:08.126+0000] {subprocess.py:93} INFO - --- done ---
[2026-06-25T17:28:08.127+0000] {subprocess.py:93} INFO - 
[2026-06-25T17:28:08.664+0000] {subprocess.py:97} INFO - Command exited with return code 0
[2026-06-25T17:28:08.667+0000] {taskinstance.py:441} INFO - ::group::Post task execution logs
[2026-06-25T17:28:08.683+0000] {taskinstance.py:1206} INFO - Marking task as SUCCESS. dag_id=credit_default_ml_pipeline, task_id=label_pipeline.gold_label_store, run_id=scheduled__2023-04-01T00:00:00+00:00, execution_date=20230401T000000, start_date=20260625T172804, end_date=20260625T172808
[2026-06-25T17:28:08.699+0000] {local_task_job_runner.py:243} INFO - Task exited with return code 0
[2026-06-25T17:28:08.715+0000] {taskinstance.py:3503} INFO - 0 downstream tasks scheduled from follow-on schedule check
[2026-06-25T17:28:08.717+0000] {local_task_job_runner.py:222} INFO - ::endgroup::
[2026-06-26T01:30:28.341+0000] {local_task_job_runner.py:120} INFO - ::group::Pre task execution logs
[2026-06-26T01:30:28.367+0000] {taskinstance.py:2076} INFO - Dependencies all met for dep_context=non-requeueable deps ti=<TaskInstance: credit_default_ml_pipeline.label_pipeline.gold_label_store scheduled__2023-04-01T00:00:00+00:00 [queued]>
[2026-06-26T01:30:28.374+0000] {taskinstance.py:2076} INFO - Dependencies all met for dep_context=requeueable deps ti=<TaskInstance: credit_default_ml_pipeline.label_pipeline.gold_label_store scheduled__2023-04-01T00:00:00+00:00 [queued]>
[2026-06-26T01:30:28.375+0000] {taskinstance.py:2306} INFO - Starting attempt 1 of 2
[2026-06-26T01:30:28.384+0000] {taskinstance.py:2330} INFO - Executing <Task(BashOperator): label_pipeline.gold_label_store> on 2023-04-01 00:00:00+00:00
[2026-06-26T01:30:28.390+0000] {logging_mixin.py:188} WARNING - /home/***/.local/lib/python3.12/site-packages/***/task/task_runner/standard_task_runner.py:62 DeprecationWarning: This process (pid=95346) is multi-threaded, use of fork() may lead to deadlocks in the child.
[2026-06-26T01:30:28.390+0000] {standard_task_runner.py:90} INFO - Running: ['***', 'tasks', 'run', 'credit_default_ml_pipeline', 'label_pipeline.gold_label_store', 'scheduled__2023-04-01T00:00:00+00:00', '--job-id', '4896', '--raw', '--subdir', 'DAGS_FOLDER/dag.py', '--cfg-path', '/tmp/tmpzwm5meqo']
[2026-06-26T01:30:28.392+0000] {standard_task_runner.py:64} INFO - Started process 95348 to run task
[2026-06-26T01:30:28.394+0000] {standard_task_runner.py:91} INFO - Job 4896: Subtask label_pipeline.gold_label_store
[2026-06-26T01:30:28.426+0000] {task_command.py:426} INFO - Running <TaskInstance: credit_default_ml_pipeline.label_pipeline.gold_label_store scheduled__2023-04-01T00:00:00+00:00 [running]> on host b54b2be331ab
[2026-06-26T01:30:28.585+0000] {taskinstance.py:2648} INFO - Exporting env vars: AIRFLOW_CTX_DAG_OWNER='***' AIRFLOW_CTX_DAG_ID='credit_default_ml_pipeline' AIRFLOW_CTX_TASK_ID='label_pipeline.gold_label_store' AIRFLOW_CTX_EXECUTION_DATE='2023-04-01T00:00:00+00:00' AIRFLOW_CTX_TRY_NUMBER='1' AIRFLOW_CTX_DAG_RUN_ID='scheduled__2023-04-01T00:00:00+00:00'
[2026-06-26T01:30:28.587+0000] {taskinstance.py:430} INFO - ::endgroup::
[2026-06-26T01:30:28.594+0000] {subprocess.py:63} INFO - Tmp dir root location: /tmp
[2026-06-26T01:30:28.596+0000] {subprocess.py:75} INFO - Running command: ['/usr/bin/bash', '-c', 'cd /opt/***/scripts && python3 gold_label_store.py --snapshotdate "2023-04-01"']
[2026-06-26T01:30:28.603+0000] {subprocess.py:86} INFO - Output:
[2026-06-26T01:30:30.236+0000] {subprocess.py:93} INFO - Setting default log level to "WARN".
[2026-06-26T01:30:30.237+0000] {subprocess.py:93} INFO - To adjust logging level use sc.setLogLevel(newLevel). For SparkR, use setLogLevel(newLevel).
[2026-06-26T01:30:30.410+0000] {subprocess.py:93} INFO - 26/06/26 01:30:30 WARN NativeCodeLoader: Unable to load native-hadoop library for your platform... using builtin-java classes where applicable
[2026-06-26T01:30:33.626+0000] {subprocess.py:93} INFO - 
[2026-06-26T01:30:33.628+0000] {subprocess.py:93} INFO - --- gold label 2023-04-01 ---
[2026-06-26T01:30:33.628+0000] {subprocess.py:93} INFO - 
[2026-06-26T01:30:33.629+0000] {subprocess.py:93} INFO - [gold:label] loaded datamart/silver/lms/2023_04_01.parquet rows: 2047
[2026-06-26T01:30:33.629+0000] {subprocess.py:93} INFO - [gold:label] saved to: datamart/gold/label_store/gold_label_store_2023_04_01.parquet
[2026-06-26T01:30:33.629+0000] {subprocess.py:93} INFO - 
[2026-06-26T01:30:33.630+0000] {subprocess.py:93} INFO - --- done ---
[2026-06-26T01:30:33.631+0000] {subprocess.py:93} INFO - 
[2026-06-26T01:30:34.115+0000] {subprocess.py:97} INFO - Command exited with return code 0
[2026-06-26T01:30:34.116+0000] {taskinstance.py:441} INFO - ::group::Post task execution logs
[2026-06-26T01:30:34.132+0000] {taskinstance.py:1206} INFO - Marking task as SUCCESS. dag_id=credit_default_ml_pipeline, task_id=label_pipeline.gold_label_store, run_id=scheduled__2023-04-01T00:00:00+00:00, execution_date=20230401T000000, start_date=20260626T013028, end_date=20260626T013034
[2026-06-26T01:30:34.153+0000] {local_task_job_runner.py:243} INFO - Task exited with return code 0
[2026-06-26T01:30:34.250+0000] {taskinstance.py:3503} INFO - 0 downstream tasks scheduled from follow-on schedule check
[2026-06-26T01:30:34.251+0000] {local_task_job_runner.py:222} INFO - ::endgroup::
