[2026-06-17T16:49:05.585+0000] {local_task_job_runner.py:120} INFO - ::group::Pre task execution logs
[2026-06-17T16:49:05.613+0000] {taskinstance.py:2076} INFO - Dependencies all met for dep_context=non-requeueable deps ti=<TaskInstance: credit_default_ml_pipeline.feature_pipeline.feature_silver_attributes manual__2024-09-01T00:00:00+00:00 [queued]>
[2026-06-17T16:49:05.630+0000] {taskinstance.py:2076} INFO - Dependencies all met for dep_context=requeueable deps ti=<TaskInstance: credit_default_ml_pipeline.feature_pipeline.feature_silver_attributes manual__2024-09-01T00:00:00+00:00 [queued]>
[2026-06-17T16:49:05.631+0000] {taskinstance.py:2306} INFO - Starting attempt 1 of 2
[2026-06-17T16:49:05.649+0000] {taskinstance.py:2330} INFO - Executing <Task(BashOperator): feature_pipeline.feature_silver_attributes> on 2024-09-01 00:00:00+00:00
[2026-06-17T16:49:05.663+0000] {standard_task_runner.py:90} INFO - Running: ['***', 'tasks', 'run', 'credit_default_ml_pipeline', 'feature_pipeline.feature_silver_attributes', 'manual__2024-09-01T00:00:00+00:00', '--job-id', '826', '--raw', '--subdir', 'DAGS_FOLDER/dag.py', '--cfg-path', '/tmp/tmp4k2tqj2w']
[2026-06-17T16:49:05.668+0000] {logging_mixin.py:188} WARNING - /home/***/.local/lib/python3.12/site-packages/***/task/task_runner/standard_task_runner.py:62 DeprecationWarning: This process (pid=3347) is multi-threaded, use of fork() may lead to deadlocks in the child.
[2026-06-17T16:49:05.669+0000] {standard_task_runner.py:91} INFO - Job 826: Subtask feature_pipeline.feature_silver_attributes
[2026-06-17T16:49:05.670+0000] {standard_task_runner.py:64} INFO - Started process 3440 to run task
[2026-06-17T16:49:05.721+0000] {task_command.py:426} INFO - Running <TaskInstance: credit_default_ml_pipeline.feature_pipeline.feature_silver_attributes manual__2024-09-01T00:00:00+00:00 [running]> on host bfbc24b887a5
[2026-06-17T16:49:05.891+0000] {taskinstance.py:2648} INFO - Exporting env vars: AIRFLOW_CTX_DAG_OWNER='***' AIRFLOW_CTX_DAG_ID='credit_default_ml_pipeline' AIRFLOW_CTX_TASK_ID='feature_pipeline.feature_silver_attributes' AIRFLOW_CTX_EXECUTION_DATE='2024-09-01T00:00:00+00:00' AIRFLOW_CTX_TRY_NUMBER='1' AIRFLOW_CTX_DAG_RUN_ID='manual__2024-09-01T00:00:00+00:00'
[2026-06-17T16:49:05.893+0000] {taskinstance.py:430} INFO - ::endgroup::
[2026-06-17T16:49:05.900+0000] {subprocess.py:63} INFO - Tmp dir root location: /tmp
[2026-06-17T16:49:05.901+0000] {subprocess.py:75} INFO - Running command: ['/usr/bin/bash', '-c', 'cd /opt/***/scripts && python3 silver_processing.py --snapshotdate "2024-09-01" --source attributes']
[2026-06-17T16:49:05.909+0000] {subprocess.py:86} INFO - Output:
[2026-06-17T16:49:07.042+0000] {subprocess.py:93} INFO - Setting default log level to "WARN".
[2026-06-17T16:49:07.043+0000] {subprocess.py:93} INFO - To adjust logging level use sc.setLogLevel(newLevel). For SparkR, use setLogLevel(newLevel).
[2026-06-17T16:49:07.156+0000] {subprocess.py:93} INFO - 26/06/17 16:49:07 WARN NativeCodeLoader: Unable to load native-hadoop library for your platform... using builtin-java classes where applicable
[2026-06-17T16:49:07.609+0000] {subprocess.py:93} INFO - 26/06/17 16:49:07 WARN Utils: Service 'SparkUI' could not bind on port 4040. Attempting port 4041.
[2026-06-17T16:49:13.920+0000] {subprocess.py:93} INFO - 
[2026-06-17T16:49:13.921+0000] {subprocess.py:93} INFO - --- silver attributes 2024-09-01 ---
[2026-06-17T16:49:13.923+0000] {subprocess.py:93} INFO - 
[2026-06-17T16:49:13.923+0000] {subprocess.py:93} INFO - [silver:attributes] loaded datamart/bronze/attributes/bronze_attributes_2024_09_01.csv rows: 493
[2026-06-17T16:49:13.924+0000] {subprocess.py:93} INFO - [silver:attributes] saved to: datamart/silver/attributes/2024_09_01.parquet
[2026-06-17T16:49:13.927+0000] {subprocess.py:93} INFO - 
[2026-06-17T16:49:13.927+0000] {subprocess.py:93} INFO - --- done ---
[2026-06-17T16:49:13.929+0000] {subprocess.py:93} INFO - 
[2026-06-17T16:49:14.325+0000] {subprocess.py:97} INFO - Command exited with return code 0
[2026-06-17T16:49:14.327+0000] {taskinstance.py:441} INFO - ::group::Post task execution logs
[2026-06-17T16:49:14.370+0000] {taskinstance.py:1206} INFO - Marking task as SUCCESS. dag_id=credit_default_ml_pipeline, task_id=feature_pipeline.feature_silver_attributes, run_id=manual__2024-09-01T00:00:00+00:00, execution_date=20240901T000000, start_date=20260617T164905, end_date=20260617T164914
[2026-06-17T16:49:14.438+0000] {local_task_job_runner.py:243} INFO - Task exited with return code 0
[2026-06-17T16:49:14.590+0000] {taskinstance.py:3503} INFO - 0 downstream tasks scheduled from follow-on schedule check
[2026-06-17T16:49:14.596+0000] {local_task_job_runner.py:222} INFO - ::endgroup::
