[2026-06-18T04:17:00.907+0000] {local_task_job_runner.py:120} INFO - ::group::Pre task execution logs
[2026-06-18T04:17:00.930+0000] {taskinstance.py:2076} INFO - Dependencies all met for dep_context=non-requeueable deps ti=<TaskInstance: credit_default_ml_pipeline.monitoring.evidently_drift_report scheduled__2024-03-01T00:00:00+00:00 [queued]>
[2026-06-18T04:17:00.938+0000] {taskinstance.py:2076} INFO - Dependencies all met for dep_context=requeueable deps ti=<TaskInstance: credit_default_ml_pipeline.monitoring.evidently_drift_report scheduled__2024-03-01T00:00:00+00:00 [queued]>
[2026-06-18T04:17:00.939+0000] {taskinstance.py:2306} INFO - Starting attempt 1 of 2
[2026-06-18T04:17:00.951+0000] {taskinstance.py:2330} INFO - Executing <Task(BashOperator): monitoring.evidently_drift_report> on 2024-03-01 00:00:00+00:00
[2026-06-18T04:17:00.958+0000] {logging_mixin.py:188} WARNING - /home/***/.local/lib/python3.12/site-packages/***/task/task_runner/standard_task_runner.py:62 DeprecationWarning: This process (pid=72300) is multi-threaded, use of fork() may lead to deadlocks in the child.
[2026-06-18T04:17:00.959+0000] {standard_task_runner.py:64} INFO - Started process 72307 to run task
[2026-06-18T04:17:00.958+0000] {standard_task_runner.py:90} INFO - Running: ['***', 'tasks', 'run', 'credit_default_ml_pipeline', 'monitoring.evidently_drift_report', 'scheduled__2024-03-01T00:00:00+00:00', '--job-id', '1173', '--raw', '--subdir', 'DAGS_FOLDER/dag.py', '--cfg-path', '/tmp/tmp_slikdhs']
[2026-06-18T04:17:00.961+0000] {standard_task_runner.py:91} INFO - Job 1173: Subtask monitoring.evidently_drift_report
[2026-06-18T04:17:00.997+0000] {task_command.py:426} INFO - Running <TaskInstance: credit_default_ml_pipeline.monitoring.evidently_drift_report scheduled__2024-03-01T00:00:00+00:00 [running]> on host bfbc24b887a5
[2026-06-18T04:17:01.189+0000] {taskinstance.py:2648} INFO - Exporting env vars: AIRFLOW_CTX_DAG_OWNER='***' AIRFLOW_CTX_DAG_ID='credit_default_ml_pipeline' AIRFLOW_CTX_TASK_ID='monitoring.evidently_drift_report' AIRFLOW_CTX_EXECUTION_DATE='2024-03-01T00:00:00+00:00' AIRFLOW_CTX_TRY_NUMBER='1' AIRFLOW_CTX_DAG_RUN_ID='scheduled__2024-03-01T00:00:00+00:00'
[2026-06-18T04:17:01.190+0000] {taskinstance.py:430} INFO - ::endgroup::
[2026-06-18T04:17:01.199+0000] {subprocess.py:63} INFO - Tmp dir root location: /tmp
[2026-06-18T04:17:01.202+0000] {subprocess.py:75} INFO - Running command: ['/usr/bin/bash', '-c', 'cd /opt/***/scripts && if [ -f model_bank/champion.txt ]; then CHAMPION=$(cat model_bank/champion.txt) && python3 evidently_drift_report.py --baseline "2024-09-01" --current "2024-03-01" --modelname "$CHAMPION"; else echo "[skip] champion.txt not found yet - no model deployed as of 2024-03-01"; fi']
[2026-06-18T04:17:01.211+0000] {subprocess.py:86} INFO - Output:
[2026-06-18T04:17:01.213+0000] {subprocess.py:93} INFO - [skip] champion.txt not found yet - no model deployed as of 2024-03-01
[2026-06-18T04:17:01.213+0000] {subprocess.py:97} INFO - Command exited with return code 0
[2026-06-18T04:17:01.214+0000] {taskinstance.py:441} INFO - ::group::Post task execution logs
[2026-06-18T04:17:01.230+0000] {taskinstance.py:1206} INFO - Marking task as SUCCESS. dag_id=credit_default_ml_pipeline, task_id=monitoring.evidently_drift_report, run_id=scheduled__2024-03-01T00:00:00+00:00, execution_date=20240301T000000, start_date=20260618T041700, end_date=20260618T041701
[2026-06-18T04:17:01.268+0000] {local_task_job_runner.py:243} INFO - Task exited with return code 0
[2026-06-18T04:17:01.279+0000] {local_task_job_runner.py:222} INFO - ::endgroup::
[2026-06-20T06:33:48.935+0000] {local_task_job_runner.py:120} INFO - ::group::Pre task execution logs
[2026-06-20T06:33:48.949+0000] {taskinstance.py:2076} INFO - Dependencies all met for dep_context=non-requeueable deps ti=<TaskInstance: credit_default_ml_pipeline.monitoring.evidently_drift_report scheduled__2024-03-01T00:00:00+00:00 [queued]>
[2026-06-20T06:33:48.954+0000] {taskinstance.py:2076} INFO - Dependencies all met for dep_context=requeueable deps ti=<TaskInstance: credit_default_ml_pipeline.monitoring.evidently_drift_report scheduled__2024-03-01T00:00:00+00:00 [queued]>
[2026-06-20T06:33:48.956+0000] {taskinstance.py:2306} INFO - Starting attempt 1 of 2
[2026-06-20T06:33:49.050+0000] {taskinstance.py:2330} INFO - Executing <Task(BashOperator): monitoring.evidently_drift_report> on 2024-03-01 00:00:00+00:00
[2026-06-20T06:33:49.054+0000] {logging_mixin.py:188} WARNING - /home/***/.local/lib/python3.12/site-packages/***/task/task_runner/standard_task_runner.py:62 DeprecationWarning: This process (pid=57562) is multi-threaded, use of fork() may lead to deadlocks in the child.
[2026-06-20T06:33:49.055+0000] {standard_task_runner.py:90} INFO - Running: ['***', 'tasks', 'run', 'credit_default_ml_pipeline', 'monitoring.evidently_drift_report', 'scheduled__2024-03-01T00:00:00+00:00', '--job-id', '1720', '--raw', '--subdir', 'DAGS_FOLDER/dag.py', '--cfg-path', '/tmp/tmpbm6sig_p']
[2026-06-20T06:33:49.056+0000] {standard_task_runner.py:64} INFO - Started process 57566 to run task
[2026-06-20T06:33:49.057+0000] {standard_task_runner.py:91} INFO - Job 1720: Subtask monitoring.evidently_drift_report
[2026-06-20T06:33:49.081+0000] {task_command.py:426} INFO - Running <TaskInstance: credit_default_ml_pipeline.monitoring.evidently_drift_report scheduled__2024-03-01T00:00:00+00:00 [running]> on host 9cf341f51c89
[2026-06-20T06:33:49.110+0000] {taskinstance.py:2648} INFO - Exporting env vars: AIRFLOW_CTX_DAG_OWNER='***' AIRFLOW_CTX_DAG_ID='credit_default_ml_pipeline' AIRFLOW_CTX_TASK_ID='monitoring.evidently_drift_report' AIRFLOW_CTX_EXECUTION_DATE='2024-03-01T00:00:00+00:00' AIRFLOW_CTX_TRY_NUMBER='1' AIRFLOW_CTX_DAG_RUN_ID='scheduled__2024-03-01T00:00:00+00:00'
[2026-06-20T06:33:49.111+0000] {taskinstance.py:430} INFO - ::endgroup::
[2026-06-20T06:33:49.116+0000] {subprocess.py:63} INFO - Tmp dir root location: /tmp
[2026-06-20T06:33:49.118+0000] {subprocess.py:75} INFO - Running command: ['/usr/bin/bash', '-c', 'cd /opt/***/scripts && if [ ! -f model_bank/champion.txt ]; then echo \'[SKIP] no champion.txt for 2024-03-01\'; exit 0; fi && CHAMP=$(cat model_bank/champion.txt | tr -d \'\\n\') && python3 evidently_drift_report.py --baseline "2024-09-01" --current "2024-03-01" --modelname "$CHAMP"']
[2026-06-20T06:33:49.122+0000] {subprocess.py:86} INFO - Output:
[2026-06-20T06:33:49.123+0000] {subprocess.py:93} INFO - [SKIP] no champion.txt for 2024-03-01
[2026-06-20T06:33:49.123+0000] {subprocess.py:97} INFO - Command exited with return code 0
[2026-06-20T06:33:49.124+0000] {taskinstance.py:441} INFO - ::group::Post task execution logs
[2026-06-20T06:33:49.134+0000] {taskinstance.py:1206} INFO - Marking task as SUCCESS. dag_id=credit_default_ml_pipeline, task_id=monitoring.evidently_drift_report, run_id=scheduled__2024-03-01T00:00:00+00:00, execution_date=20240301T000000, start_date=20260620T063348, end_date=20260620T063349
[2026-06-20T06:33:49.158+0000] {local_task_job_runner.py:243} INFO - Task exited with return code 0
[2026-06-20T06:33:49.167+0000] {taskinstance.py:3503} INFO - 0 downstream tasks scheduled from follow-on schedule check
[2026-06-20T06:33:49.168+0000] {local_task_job_runner.py:222} INFO - ::endgroup::
[2026-06-20T07:54:21.922+0000] {local_task_job_runner.py:120} INFO - ::group::Pre task execution logs
[2026-06-20T07:54:21.944+0000] {taskinstance.py:2076} INFO - Dependencies all met for dep_context=non-requeueable deps ti=<TaskInstance: credit_default_ml_pipeline.monitoring.evidently_drift_report scheduled__2024-03-01T00:00:00+00:00 [queued]>
[2026-06-20T07:54:21.950+0000] {taskinstance.py:2076} INFO - Dependencies all met for dep_context=requeueable deps ti=<TaskInstance: credit_default_ml_pipeline.monitoring.evidently_drift_report scheduled__2024-03-01T00:00:00+00:00 [queued]>
[2026-06-20T07:54:21.951+0000] {taskinstance.py:2306} INFO - Starting attempt 1 of 2
[2026-06-20T07:54:22.057+0000] {taskinstance.py:2330} INFO - Executing <Task(BashOperator): monitoring.evidently_drift_report> on 2024-03-01 00:00:00+00:00
[2026-06-20T07:54:22.062+0000] {logging_mixin.py:188} WARNING - /home/***/.local/lib/python3.12/site-packages/***/task/task_runner/standard_task_runner.py:62 DeprecationWarning: This process (pid=43173) is multi-threaded, use of fork() may lead to deadlocks in the child.
[2026-06-20T07:54:22.063+0000] {standard_task_runner.py:90} INFO - Running: ['***', 'tasks', 'run', 'credit_default_ml_pipeline', 'monitoring.evidently_drift_report', 'scheduled__2024-03-01T00:00:00+00:00', '--job-id', '2215', '--raw', '--subdir', 'DAGS_FOLDER/dag.py', '--cfg-path', '/tmp/tmprbag6rip']
[2026-06-20T07:54:22.065+0000] {standard_task_runner.py:64} INFO - Started process 43179 to run task
[2026-06-20T07:54:22.065+0000] {standard_task_runner.py:91} INFO - Job 2215: Subtask monitoring.evidently_drift_report
[2026-06-20T07:54:22.097+0000] {task_command.py:426} INFO - Running <TaskInstance: credit_default_ml_pipeline.monitoring.evidently_drift_report scheduled__2024-03-01T00:00:00+00:00 [running]> on host 9cf341f51c89
[2026-06-20T07:54:22.143+0000] {taskinstance.py:2648} INFO - Exporting env vars: AIRFLOW_CTX_DAG_OWNER='***' AIRFLOW_CTX_DAG_ID='credit_default_ml_pipeline' AIRFLOW_CTX_TASK_ID='monitoring.evidently_drift_report' AIRFLOW_CTX_EXECUTION_DATE='2024-03-01T00:00:00+00:00' AIRFLOW_CTX_TRY_NUMBER='1' AIRFLOW_CTX_DAG_RUN_ID='scheduled__2024-03-01T00:00:00+00:00'
[2026-06-20T07:54:22.144+0000] {taskinstance.py:430} INFO - ::endgroup::
[2026-06-20T07:54:22.152+0000] {subprocess.py:63} INFO - Tmp dir root location: /tmp
[2026-06-20T07:54:22.152+0000] {subprocess.py:75} INFO - Running command: ['/usr/bin/bash', '-c', 'cd /opt/***/scripts && if [ ! -f model_bank/champion.txt ]; then echo \'[SKIP] no champion.txt for 2024-03-01\'; exit 0; fi && CHAMP=$(cat model_bank/champion.txt | tr -d \'\\n\') && python3 evidently_drift_report.py --baseline "2024-09-01" --current "2024-03-01" --modelname "$CHAMP"']
[2026-06-20T07:54:22.158+0000] {subprocess.py:86} INFO - Output:
[2026-06-20T07:54:22.159+0000] {subprocess.py:93} INFO - [SKIP] no champion.txt for 2024-03-01
[2026-06-20T07:54:22.160+0000] {subprocess.py:97} INFO - Command exited with return code 0
[2026-06-20T07:54:22.161+0000] {taskinstance.py:441} INFO - ::group::Post task execution logs
[2026-06-20T07:54:22.177+0000] {taskinstance.py:1206} INFO - Marking task as SUCCESS. dag_id=credit_default_ml_pipeline, task_id=monitoring.evidently_drift_report, run_id=scheduled__2024-03-01T00:00:00+00:00, execution_date=20240301T000000, start_date=20260620T075421, end_date=20260620T075422
[2026-06-20T07:54:22.207+0000] {local_task_job_runner.py:243} INFO - Task exited with return code 0
[2026-06-20T07:54:22.222+0000] {taskinstance.py:3503} INFO - 0 downstream tasks scheduled from follow-on schedule check
[2026-06-20T07:54:22.223+0000] {local_task_job_runner.py:222} INFO - ::endgroup::
[2026-06-20T15:51:52.756+0000] {local_task_job_runner.py:120} INFO - ::group::Pre task execution logs
[2026-06-20T15:51:52.772+0000] {taskinstance.py:2076} INFO - Dependencies all met for dep_context=non-requeueable deps ti=<TaskInstance: credit_default_ml_pipeline.monitoring.evidently_drift_report scheduled__2024-03-01T00:00:00+00:00 [queued]>
[2026-06-20T15:51:52.777+0000] {taskinstance.py:2076} INFO - Dependencies all met for dep_context=requeueable deps ti=<TaskInstance: credit_default_ml_pipeline.monitoring.evidently_drift_report scheduled__2024-03-01T00:00:00+00:00 [queued]>
[2026-06-20T15:51:52.778+0000] {taskinstance.py:2306} INFO - Starting attempt 1 of 2
[2026-06-20T15:51:52.868+0000] {taskinstance.py:2330} INFO - Executing <Task(BashOperator): monitoring.evidently_drift_report> on 2024-03-01 00:00:00+00:00
[2026-06-20T15:51:52.873+0000] {logging_mixin.py:188} WARNING - /home/***/.local/lib/python3.12/site-packages/***/task/task_runner/standard_task_runner.py:62 DeprecationWarning: This process (pid=29552) is multi-threaded, use of fork() may lead to deadlocks in the child.
[2026-06-20T15:51:52.874+0000] {standard_task_runner.py:64} INFO - Started process 29556 to run task
[2026-06-20T15:51:52.873+0000] {standard_task_runner.py:90} INFO - Running: ['***', 'tasks', 'run', 'credit_default_ml_pipeline', 'monitoring.evidently_drift_report', 'scheduled__2024-03-01T00:00:00+00:00', '--job-id', '2686', '--raw', '--subdir', 'DAGS_FOLDER/dag.py', '--cfg-path', '/tmp/tmpvalz2l45']
[2026-06-20T15:51:52.876+0000] {standard_task_runner.py:91} INFO - Job 2686: Subtask monitoring.evidently_drift_report
[2026-06-20T15:51:52.899+0000] {task_command.py:426} INFO - Running <TaskInstance: credit_default_ml_pipeline.monitoring.evidently_drift_report scheduled__2024-03-01T00:00:00+00:00 [running]> on host 9cf341f51c89
[2026-06-20T15:51:52.929+0000] {taskinstance.py:2648} INFO - Exporting env vars: AIRFLOW_CTX_DAG_OWNER='***' AIRFLOW_CTX_DAG_ID='credit_default_ml_pipeline' AIRFLOW_CTX_TASK_ID='monitoring.evidently_drift_report' AIRFLOW_CTX_EXECUTION_DATE='2024-03-01T00:00:00+00:00' AIRFLOW_CTX_TRY_NUMBER='1' AIRFLOW_CTX_DAG_RUN_ID='scheduled__2024-03-01T00:00:00+00:00'
[2026-06-20T15:51:52.930+0000] {taskinstance.py:430} INFO - ::endgroup::
[2026-06-20T15:51:52.935+0000] {subprocess.py:63} INFO - Tmp dir root location: /tmp
[2026-06-20T15:51:52.936+0000] {subprocess.py:75} INFO - Running command: ['/usr/bin/bash', '-c', 'cd /opt/***/scripts && if [ ! -f model_bank/champion.txt ]; then echo \'[SKIP] no champion.txt for 2024-03-01\'; exit 0; fi && CHAMP=$(cat model_bank/champion.txt | tr -d \'\\n\') && python3 evidently_drift_report.py --baseline "2024-09-01" --current "2024-03-01" --modelname "$CHAMP"']
[2026-06-20T15:51:52.942+0000] {subprocess.py:86} INFO - Output:
[2026-06-20T15:51:52.943+0000] {subprocess.py:93} INFO - [SKIP] no champion.txt for 2024-03-01
[2026-06-20T15:51:52.944+0000] {subprocess.py:97} INFO - Command exited with return code 0
[2026-06-20T15:51:52.944+0000] {taskinstance.py:441} INFO - ::group::Post task execution logs
[2026-06-20T15:51:52.955+0000] {taskinstance.py:1206} INFO - Marking task as SUCCESS. dag_id=credit_default_ml_pipeline, task_id=monitoring.evidently_drift_report, run_id=scheduled__2024-03-01T00:00:00+00:00, execution_date=20240301T000000, start_date=20260620T155152, end_date=20260620T155152
[2026-06-20T15:51:52.973+0000] {local_task_job_runner.py:243} INFO - Task exited with return code 0
[2026-06-20T15:51:52.978+0000] {local_task_job_runner.py:222} INFO - ::endgroup::
[2026-06-20T17:46:47.507+0000] {local_task_job_runner.py:120} INFO - ::group::Pre task execution logs
[2026-06-20T17:46:47.522+0000] {taskinstance.py:2076} INFO - Dependencies all met for dep_context=non-requeueable deps ti=<TaskInstance: credit_default_ml_pipeline.monitoring.evidently_drift_report scheduled__2024-03-01T00:00:00+00:00 [queued]>
[2026-06-20T17:46:47.530+0000] {taskinstance.py:2076} INFO - Dependencies all met for dep_context=requeueable deps ti=<TaskInstance: credit_default_ml_pipeline.monitoring.evidently_drift_report scheduled__2024-03-01T00:00:00+00:00 [queued]>
[2026-06-20T17:46:47.532+0000] {taskinstance.py:2306} INFO - Starting attempt 1 of 2
[2026-06-20T17:46:47.621+0000] {taskinstance.py:2330} INFO - Executing <Task(BashOperator): monitoring.evidently_drift_report> on 2024-03-01 00:00:00+00:00
[2026-06-20T17:46:47.626+0000] {logging_mixin.py:188} WARNING - /home/***/.local/lib/python3.12/site-packages/***/task/task_runner/standard_task_runner.py:62 DeprecationWarning: This process (pid=47903) is multi-threaded, use of fork() may lead to deadlocks in the child.
[2026-06-20T17:46:47.627+0000] {standard_task_runner.py:64} INFO - Started process 47909 to run task
[2026-06-20T17:46:47.627+0000] {standard_task_runner.py:90} INFO - Running: ['***', 'tasks', 'run', 'credit_default_ml_pipeline', 'monitoring.evidently_drift_report', 'scheduled__2024-03-01T00:00:00+00:00', '--job-id', '3263', '--raw', '--subdir', 'DAGS_FOLDER/dag.py', '--cfg-path', '/tmp/tmpusskh48d']
[2026-06-20T17:46:47.628+0000] {standard_task_runner.py:91} INFO - Job 3263: Subtask monitoring.evidently_drift_report
[2026-06-20T17:46:47.648+0000] {task_command.py:426} INFO - Running <TaskInstance: credit_default_ml_pipeline.monitoring.evidently_drift_report scheduled__2024-03-01T00:00:00+00:00 [running]> on host 9cf341f51c89
[2026-06-20T17:46:47.680+0000] {taskinstance.py:2648} INFO - Exporting env vars: AIRFLOW_CTX_DAG_OWNER='***' AIRFLOW_CTX_DAG_ID='credit_default_ml_pipeline' AIRFLOW_CTX_TASK_ID='monitoring.evidently_drift_report' AIRFLOW_CTX_EXECUTION_DATE='2024-03-01T00:00:00+00:00' AIRFLOW_CTX_TRY_NUMBER='1' AIRFLOW_CTX_DAG_RUN_ID='scheduled__2024-03-01T00:00:00+00:00'
[2026-06-20T17:46:47.682+0000] {taskinstance.py:430} INFO - ::endgroup::
[2026-06-20T17:46:47.687+0000] {subprocess.py:63} INFO - Tmp dir root location: /tmp
[2026-06-20T17:46:47.688+0000] {subprocess.py:75} INFO - Running command: ['/usr/bin/bash', '-c', 'cd /opt/***/scripts && if [ ! -f model_bank/champion.txt ]; then echo \'[SKIP] no champion.txt for 2024-03-01\'; exit 0; fi && CHAMP=$(cat model_bank/champion.txt | tr -d \'\\n\') && python3 evidently_drift_report.py --baseline "2024-09-01" --current "2024-03-01" --modelname "$CHAMP"']
[2026-06-20T17:46:47.694+0000] {subprocess.py:86} INFO - Output:
[2026-06-20T17:46:47.695+0000] {subprocess.py:93} INFO - [SKIP] no champion.txt for 2024-03-01
[2026-06-20T17:46:47.697+0000] {subprocess.py:97} INFO - Command exited with return code 0
[2026-06-20T17:46:47.698+0000] {taskinstance.py:441} INFO - ::group::Post task execution logs
[2026-06-20T17:46:47.709+0000] {taskinstance.py:1206} INFO - Marking task as SUCCESS. dag_id=credit_default_ml_pipeline, task_id=monitoring.evidently_drift_report, run_id=scheduled__2024-03-01T00:00:00+00:00, execution_date=20240301T000000, start_date=20260620T174647, end_date=20260620T174647
[2026-06-20T17:46:47.725+0000] {local_task_job_runner.py:243} INFO - Task exited with return code 0
[2026-06-20T17:46:47.731+0000] {local_task_job_runner.py:222} INFO - ::endgroup::
[2026-06-21T02:42:53.249+0000] {local_task_job_runner.py:120} INFO - ::group::Pre task execution logs
[2026-06-21T02:42:53.262+0000] {taskinstance.py:2076} INFO - Dependencies all met for dep_context=non-requeueable deps ti=<TaskInstance: credit_default_ml_pipeline.monitoring.evidently_drift_report scheduled__2024-03-01T00:00:00+00:00 [queued]>
[2026-06-21T02:42:53.267+0000] {taskinstance.py:2076} INFO - Dependencies all met for dep_context=requeueable deps ti=<TaskInstance: credit_default_ml_pipeline.monitoring.evidently_drift_report scheduled__2024-03-01T00:00:00+00:00 [queued]>
[2026-06-21T02:42:53.267+0000] {taskinstance.py:2306} INFO - Starting attempt 1 of 2
[2026-06-21T02:42:53.272+0000] {taskinstance.py:2330} INFO - Executing <Task(BashOperator): monitoring.evidently_drift_report> on 2024-03-01 00:00:00+00:00
[2026-06-21T02:42:53.276+0000] {logging_mixin.py:188} WARNING - /home/***/.local/lib/python3.12/site-packages/***/task/task_runner/standard_task_runner.py:62 DeprecationWarning: This process (pid=47346) is multi-threaded, use of fork() may lead to deadlocks in the child.
[2026-06-21T02:42:53.277+0000] {standard_task_runner.py:64} INFO - Started process 47351 to run task
[2026-06-21T02:42:53.276+0000] {standard_task_runner.py:90} INFO - Running: ['***', 'tasks', 'run', 'credit_default_ml_pipeline', 'monitoring.evidently_drift_report', 'scheduled__2024-03-01T00:00:00+00:00', '--job-id', '3730', '--raw', '--subdir', 'DAGS_FOLDER/dag.py', '--cfg-path', '/tmp/tmphs55wfg8']
[2026-06-21T02:42:53.278+0000] {standard_task_runner.py:91} INFO - Job 3730: Subtask monitoring.evidently_drift_report
[2026-06-21T02:42:53.300+0000] {task_command.py:426} INFO - Running <TaskInstance: credit_default_ml_pipeline.monitoring.evidently_drift_report scheduled__2024-03-01T00:00:00+00:00 [running]> on host f6e9e2801916
[2026-06-21T02:42:53.419+0000] {taskinstance.py:2648} INFO - Exporting env vars: AIRFLOW_CTX_DAG_OWNER='***' AIRFLOW_CTX_DAG_ID='credit_default_ml_pipeline' AIRFLOW_CTX_TASK_ID='monitoring.evidently_drift_report' AIRFLOW_CTX_EXECUTION_DATE='2024-03-01T00:00:00+00:00' AIRFLOW_CTX_TRY_NUMBER='1' AIRFLOW_CTX_DAG_RUN_ID='scheduled__2024-03-01T00:00:00+00:00'
[2026-06-21T02:42:53.420+0000] {taskinstance.py:430} INFO - ::endgroup::
[2026-06-21T02:42:53.425+0000] {subprocess.py:63} INFO - Tmp dir root location: /tmp
[2026-06-21T02:42:53.425+0000] {subprocess.py:75} INFO - Running command: ['/usr/bin/bash', '-c', 'cd /opt/***/scripts && if [ ! -f model_bank/champion.txt ]; then echo \'[SKIP] no champion.txt for 2024-03-01\'; exit 0; fi && CHAMP=$(cat model_bank/champion.txt | tr -d \'\\n\') && python3 evidently_drift_report.py --baseline "2024-09-01" --current "2024-03-01" --modelname "$CHAMP"']
[2026-06-21T02:42:53.431+0000] {subprocess.py:86} INFO - Output:
[2026-06-21T02:42:53.432+0000] {subprocess.py:93} INFO - [SKIP] no champion.txt for 2024-03-01
[2026-06-21T02:42:53.433+0000] {subprocess.py:97} INFO - Command exited with return code 0
[2026-06-21T02:42:53.433+0000] {taskinstance.py:441} INFO - ::group::Post task execution logs
[2026-06-21T02:42:53.443+0000] {taskinstance.py:1206} INFO - Marking task as SUCCESS. dag_id=credit_default_ml_pipeline, task_id=monitoring.evidently_drift_report, run_id=scheduled__2024-03-01T00:00:00+00:00, execution_date=20240301T000000, start_date=20260621T024253, end_date=20260621T024253
[2026-06-21T02:42:53.459+0000] {local_task_job_runner.py:243} INFO - Task exited with return code 0
[2026-06-21T02:42:53.463+0000] {local_task_job_runner.py:222} INFO - ::endgroup::
[2026-06-21T06:08:12.711+0000] {local_task_job_runner.py:120} INFO - ::group::Pre task execution logs
[2026-06-21T06:08:12.734+0000] {taskinstance.py:2076} INFO - Dependencies all met for dep_context=non-requeueable deps ti=<TaskInstance: credit_default_ml_pipeline.monitoring.evidently_drift_report scheduled__2024-03-01T00:00:00+00:00 [queued]>
[2026-06-21T06:08:12.742+0000] {taskinstance.py:2076} INFO - Dependencies all met for dep_context=requeueable deps ti=<TaskInstance: credit_default_ml_pipeline.monitoring.evidently_drift_report scheduled__2024-03-01T00:00:00+00:00 [queued]>
[2026-06-21T06:08:12.742+0000] {taskinstance.py:2306} INFO - Starting attempt 1 of 2
[2026-06-21T06:08:12.892+0000] {taskinstance.py:2330} INFO - Executing <Task(BashOperator): monitoring.evidently_drift_report> on 2024-03-01 00:00:00+00:00
[2026-06-21T06:08:12.899+0000] {logging_mixin.py:188} WARNING - /home/***/.local/lib/python3.12/site-packages/***/task/task_runner/standard_task_runner.py:62 DeprecationWarning: This process (pid=48581) is multi-threaded, use of fork() may lead to deadlocks in the child.
[2026-06-21T06:08:12.902+0000] {standard_task_runner.py:64} INFO - Started process 48586 to run task
[2026-06-21T06:08:12.900+0000] {standard_task_runner.py:90} INFO - Running: ['***', 'tasks', 'run', 'credit_default_ml_pipeline', 'monitoring.evidently_drift_report', 'scheduled__2024-03-01T00:00:00+00:00', '--job-id', '4191', '--raw', '--subdir', 'DAGS_FOLDER/dag.py', '--cfg-path', '/tmp/tmpdh3uc_rs']
[2026-06-21T06:08:12.904+0000] {standard_task_runner.py:91} INFO - Job 4191: Subtask monitoring.evidently_drift_report
[2026-06-21T06:08:12.945+0000] {task_command.py:426} INFO - Running <TaskInstance: credit_default_ml_pipeline.monitoring.evidently_drift_report scheduled__2024-03-01T00:00:00+00:00 [running]> on host 9377a3f0491f
[2026-06-21T06:08:13.008+0000] {taskinstance.py:2648} INFO - Exporting env vars: AIRFLOW_CTX_DAG_OWNER='***' AIRFLOW_CTX_DAG_ID='credit_default_ml_pipeline' AIRFLOW_CTX_TASK_ID='monitoring.evidently_drift_report' AIRFLOW_CTX_EXECUTION_DATE='2024-03-01T00:00:00+00:00' AIRFLOW_CTX_TRY_NUMBER='1' AIRFLOW_CTX_DAG_RUN_ID='scheduled__2024-03-01T00:00:00+00:00'
[2026-06-21T06:08:13.010+0000] {taskinstance.py:430} INFO - ::endgroup::
[2026-06-21T06:08:13.021+0000] {subprocess.py:63} INFO - Tmp dir root location: /tmp
[2026-06-21T06:08:13.023+0000] {subprocess.py:75} INFO - Running command: ['/usr/bin/bash', '-c', 'cd /opt/***/scripts && if [ ! -f model_bank/champion.txt ]; then echo \'[SKIP] no champion.txt for 2024-03-01\'; exit 0; fi && CHAMP=$(cat model_bank/champion.txt | tr -d \'\\n\') && python3 evidently_drift_report.py --baseline "2024-09-01" --current "2024-03-01" --modelname "$CHAMP"']
[2026-06-21T06:08:13.030+0000] {subprocess.py:86} INFO - Output:
[2026-06-21T06:08:13.033+0000] {subprocess.py:93} INFO - [SKIP] no champion.txt for 2024-03-01
[2026-06-21T06:08:13.034+0000] {subprocess.py:97} INFO - Command exited with return code 0
[2026-06-21T06:08:13.036+0000] {taskinstance.py:441} INFO - ::group::Post task execution logs
[2026-06-21T06:08:13.055+0000] {taskinstance.py:1206} INFO - Marking task as SUCCESS. dag_id=credit_default_ml_pipeline, task_id=monitoring.evidently_drift_report, run_id=scheduled__2024-03-01T00:00:00+00:00, execution_date=20240301T000000, start_date=20260621T060812, end_date=20260621T060813
[2026-06-21T06:08:13.087+0000] {local_task_job_runner.py:243} INFO - Task exited with return code 0
[2026-06-21T06:08:13.096+0000] {local_task_job_runner.py:222} INFO - ::endgroup::
[2026-06-25T18:02:11.148+0000] {local_task_job_runner.py:120} INFO - ::group::Pre task execution logs
[2026-06-25T18:02:11.174+0000] {taskinstance.py:2076} INFO - Dependencies all met for dep_context=non-requeueable deps ti=<TaskInstance: credit_default_ml_pipeline.monitoring.evidently_drift_report scheduled__2024-03-01T00:00:00+00:00 [queued]>
[2026-06-25T18:02:11.183+0000] {taskinstance.py:2076} INFO - Dependencies all met for dep_context=requeueable deps ti=<TaskInstance: credit_default_ml_pipeline.monitoring.evidently_drift_report scheduled__2024-03-01T00:00:00+00:00 [queued]>
[2026-06-25T18:02:11.185+0000] {taskinstance.py:2306} INFO - Starting attempt 1 of 2
[2026-06-25T18:02:11.199+0000] {taskinstance.py:2330} INFO - Executing <Task(BashOperator): monitoring.evidently_drift_report> on 2024-03-01 00:00:00+00:00
[2026-06-25T18:02:11.205+0000] {logging_mixin.py:188} WARNING - /home/***/.local/lib/python3.12/site-packages/***/task/task_runner/standard_task_runner.py:62 DeprecationWarning: This process (pid=48334) is multi-threaded, use of fork() may lead to deadlocks in the child.
[2026-06-25T18:02:11.205+0000] {standard_task_runner.py:90} INFO - Running: ['***', 'tasks', 'run', 'credit_default_ml_pipeline', 'monitoring.evidently_drift_report', 'scheduled__2024-03-01T00:00:00+00:00', '--job-id', '4653', '--raw', '--subdir', 'DAGS_FOLDER/dag.py', '--cfg-path', '/tmp/tmplcwfh8c8']
[2026-06-25T18:02:11.207+0000] {standard_task_runner.py:64} INFO - Started process 48341 to run task
[2026-06-25T18:02:11.208+0000] {standard_task_runner.py:91} INFO - Job 4653: Subtask monitoring.evidently_drift_report
[2026-06-25T18:02:11.244+0000] {task_command.py:426} INFO - Running <TaskInstance: credit_default_ml_pipeline.monitoring.evidently_drift_report scheduled__2024-03-01T00:00:00+00:00 [running]> on host b54b2be331ab
[2026-06-25T18:02:11.462+0000] {taskinstance.py:2648} INFO - Exporting env vars: AIRFLOW_CTX_DAG_OWNER='***' AIRFLOW_CTX_DAG_ID='credit_default_ml_pipeline' AIRFLOW_CTX_TASK_ID='monitoring.evidently_drift_report' AIRFLOW_CTX_EXECUTION_DATE='2024-03-01T00:00:00+00:00' AIRFLOW_CTX_TRY_NUMBER='1' AIRFLOW_CTX_DAG_RUN_ID='scheduled__2024-03-01T00:00:00+00:00'
[2026-06-25T18:02:11.463+0000] {taskinstance.py:430} INFO - ::endgroup::
[2026-06-25T18:02:11.471+0000] {subprocess.py:63} INFO - Tmp dir root location: /tmp
[2026-06-25T18:02:11.472+0000] {subprocess.py:75} INFO - Running command: ['/usr/bin/bash', '-c', 'cd /opt/***/scripts && if [ ! -f model_bank/champion.txt ]; then echo \'[SKIP] no champion.txt for 2024-03-01\'; exit 0; fi && CHAMP=$(cat model_bank/champion.txt | tr -d \'\\n\') && python3 evidently_drift_report.py --baseline "2024-09-01" --current "2024-03-01" --modelname "$CHAMP"']
[2026-06-25T18:02:11.479+0000] {subprocess.py:86} INFO - Output:
[2026-06-25T18:02:11.482+0000] {subprocess.py:93} INFO - [SKIP] no champion.txt for 2024-03-01
[2026-06-25T18:02:11.483+0000] {subprocess.py:97} INFO - Command exited with return code 0
[2026-06-25T18:02:11.484+0000] {taskinstance.py:441} INFO - ::group::Post task execution logs
[2026-06-25T18:02:11.500+0000] {taskinstance.py:1206} INFO - Marking task as SUCCESS. dag_id=credit_default_ml_pipeline, task_id=monitoring.evidently_drift_report, run_id=scheduled__2024-03-01T00:00:00+00:00, execution_date=20240301T000000, start_date=20260625T180211, end_date=20260625T180211
[2026-06-25T18:02:11.519+0000] {local_task_job_runner.py:243} INFO - Task exited with return code 0
[2026-06-25T18:02:11.540+0000] {taskinstance.py:3503} INFO - 0 downstream tasks scheduled from follow-on schedule check
[2026-06-25T18:02:11.542+0000] {local_task_job_runner.py:222} INFO - ::endgroup::
