[2026-06-16T15:57:13.770+0000] {local_task_job_runner.py:120} INFO - ::group::Pre task execution logs
[2026-06-16T15:57:13.784+0000] {taskinstance.py:2076} INFO - Dependencies all met for dep_context=non-requeueable deps ti=<TaskInstance: credit_default_ml_pipeline.feature_pipeline.feature_silver_lms scheduled__2024-07-01T00:00:00+00:00 [queued]>
[2026-06-16T15:57:13.787+0000] {taskinstance.py:2076} INFO - Dependencies all met for dep_context=requeueable deps ti=<TaskInstance: credit_default_ml_pipeline.feature_pipeline.feature_silver_lms scheduled__2024-07-01T00:00:00+00:00 [queued]>
[2026-06-16T15:57:13.787+0000] {taskinstance.py:2306} INFO - Starting attempt 2 of 2
[2026-06-16T15:57:13.792+0000] {taskinstance.py:2330} INFO - Executing <Task(BashOperator): feature_pipeline.feature_silver_lms> on 2024-07-01 00:00:00+00:00
[2026-06-16T15:57:13.796+0000] {standard_task_runner.py:90} INFO - Running: ['***', 'tasks', 'run', 'credit_default_ml_pipeline', 'feature_pipeline.feature_silver_lms', 'scheduled__2024-07-01T00:00:00+00:00', '--job-id', '335', '--raw', '--subdir', 'DAGS_FOLDER/dag.py', '--cfg-path', '/tmp/tmpq8s800tf']
[2026-06-16T15:57:13.797+0000] {logging_mixin.py:188} WARNING - /home/***/.local/lib/python3.12/site-packages/***/task/task_runner/standard_task_runner.py:62 DeprecationWarning: This process (pid=19049) is multi-threaded, use of fork() may lead to deadlocks in the child.
[2026-06-16T15:57:13.799+0000] {standard_task_runner.py:91} INFO - Job 335: Subtask feature_pipeline.feature_silver_lms
[2026-06-16T15:57:13.800+0000] {standard_task_runner.py:64} INFO - Started process 19050 to run task
[2026-06-16T15:57:13.829+0000] {task_command.py:426} INFO - Running <TaskInstance: credit_default_ml_pipeline.feature_pipeline.feature_silver_lms scheduled__2024-07-01T00:00:00+00:00 [running]> on host 2b9b50b7433d
[2026-06-16T15:57:13.859+0000] {taskinstance.py:2648} INFO - Exporting env vars: AIRFLOW_CTX_DAG_OWNER='***' AIRFLOW_CTX_DAG_ID='credit_default_ml_pipeline' AIRFLOW_CTX_TASK_ID='feature_pipeline.feature_silver_lms' AIRFLOW_CTX_EXECUTION_DATE='2024-07-01T00:00:00+00:00' AIRFLOW_CTX_TRY_NUMBER='2' AIRFLOW_CTX_DAG_RUN_ID='scheduled__2024-07-01T00:00:00+00:00'
[2026-06-16T15:57:13.860+0000] {taskinstance.py:430} INFO - ::endgroup::
[2026-06-16T15:57:13.867+0000] {subprocess.py:63} INFO - Tmp dir root location: /tmp
[2026-06-16T15:57:13.868+0000] {subprocess.py:75} INFO - Running command: ['/usr/bin/bash', '-c', 'cd /opt/***/scripts && python3 silver_processing.py --snapshotdate "2024-07-01" --source lms']
[2026-06-16T15:57:13.871+0000] {subprocess.py:86} INFO - Output:
[2026-06-16T15:57:14.720+0000] {subprocess.py:93} INFO - Setting default log level to "WARN".
[2026-06-16T15:57:14.722+0000] {subprocess.py:93} INFO - To adjust logging level use sc.setLogLevel(newLevel). For SparkR, use setLogLevel(newLevel).
[2026-06-16T15:57:14.825+0000] {subprocess.py:93} INFO - 26/06/16 15:57:14 WARN NativeCodeLoader: Unable to load native-hadoop library for your platform... using builtin-java classes where applicable
[2026-06-16T15:57:17.700+0000] {subprocess.py:93} INFO - 
[2026-06-16T15:57:17.701+0000] {subprocess.py:93} INFO - --- silver lms 2024-07-01 ---
[2026-06-16T15:57:17.702+0000] {subprocess.py:93} INFO - 
[2026-06-16T15:57:17.703+0000] {subprocess.py:93} INFO - [silver:lms] loaded datamart/bronze/lms/bronze_lms_2024_07_01.csv rows: 5442
[2026-06-16T15:57:17.704+0000] {subprocess.py:93} INFO - [silver:lms] saved to: datamart/silver/lms/2024_07_01.parquet
[2026-06-16T15:57:17.704+0000] {subprocess.py:93} INFO - 
[2026-06-16T15:57:17.705+0000] {subprocess.py:93} INFO - --- done ---
[2026-06-16T15:57:17.705+0000] {subprocess.py:93} INFO - 
[2026-06-16T15:57:18.194+0000] {subprocess.py:97} INFO - Command exited with return code 0
[2026-06-16T15:57:18.197+0000] {taskinstance.py:441} INFO - ::group::Post task execution logs
[2026-06-16T15:57:18.217+0000] {taskinstance.py:1206} INFO - Marking task as SUCCESS. dag_id=credit_default_ml_pipeline, task_id=feature_pipeline.feature_silver_lms, run_id=scheduled__2024-07-01T00:00:00+00:00, execution_date=20240701T000000, start_date=20260616T155713, end_date=20260616T155718
[2026-06-16T15:57:18.259+0000] {local_task_job_runner.py:243} INFO - Task exited with return code 0
[2026-06-16T15:57:18.279+0000] {taskinstance.py:3503} INFO - 1 downstream tasks scheduled from follow-on schedule check
[2026-06-16T15:57:18.280+0000] {local_task_job_runner.py:222} INFO - ::endgroup::
[2026-06-20T08:05:44.184+0000] {local_task_job_runner.py:120} INFO - ::group::Pre task execution logs
[2026-06-20T08:05:44.197+0000] {taskinstance.py:2076} INFO - Dependencies all met for dep_context=non-requeueable deps ti=<TaskInstance: credit_default_ml_pipeline.feature_pipeline.feature_silver_lms scheduled__2024-07-01T00:00:00+00:00 [queued]>
[2026-06-20T08:05:44.200+0000] {taskinstance.py:2076} INFO - Dependencies all met for dep_context=requeueable deps ti=<TaskInstance: credit_default_ml_pipeline.feature_pipeline.feature_silver_lms scheduled__2024-07-01T00:00:00+00:00 [queued]>
[2026-06-20T08:05:44.202+0000] {taskinstance.py:2306} INFO - Starting attempt 2 of 2
[2026-06-20T08:05:44.207+0000] {taskinstance.py:2330} INFO - Executing <Task(BashOperator): feature_pipeline.feature_silver_lms> on 2024-07-01 00:00:00+00:00
[2026-06-20T08:05:44.210+0000] {logging_mixin.py:188} WARNING - /home/***/.local/lib/python3.12/site-packages/***/task/task_runner/standard_task_runner.py:62 DeprecationWarning: This process (pid=55271) is multi-threaded, use of fork() may lead to deadlocks in the child.
[2026-06-20T08:05:44.210+0000] {standard_task_runner.py:90} INFO - Running: ['***', 'tasks', 'run', 'credit_default_ml_pipeline', 'feature_pipeline.feature_silver_lms', 'scheduled__2024-07-01T00:00:00+00:00', '--job-id', '2286', '--raw', '--subdir', 'DAGS_FOLDER/dag.py', '--cfg-path', '/tmp/tmpnzluvakq']
[2026-06-20T08:05:44.212+0000] {standard_task_runner.py:64} INFO - Started process 55273 to run task
[2026-06-20T08:05:44.213+0000] {standard_task_runner.py:91} INFO - Job 2286: Subtask feature_pipeline.feature_silver_lms
[2026-06-20T08:05:44.306+0000] {task_command.py:426} INFO - Running <TaskInstance: credit_default_ml_pipeline.feature_pipeline.feature_silver_lms scheduled__2024-07-01T00:00:00+00:00 [running]> on host 9cf341f51c89
[2026-06-20T08:05:44.329+0000] {taskinstance.py:2648} INFO - Exporting env vars: AIRFLOW_CTX_DAG_OWNER='***' AIRFLOW_CTX_DAG_ID='credit_default_ml_pipeline' AIRFLOW_CTX_TASK_ID='feature_pipeline.feature_silver_lms' AIRFLOW_CTX_EXECUTION_DATE='2024-07-01T00:00:00+00:00' AIRFLOW_CTX_TRY_NUMBER='2' AIRFLOW_CTX_DAG_RUN_ID='scheduled__2024-07-01T00:00:00+00:00'
[2026-06-20T08:05:44.329+0000] {taskinstance.py:430} INFO - ::endgroup::
[2026-06-20T08:05:44.333+0000] {subprocess.py:63} INFO - Tmp dir root location: /tmp
[2026-06-20T08:05:44.334+0000] {subprocess.py:75} INFO - Running command: ['/usr/bin/bash', '-c', 'cd /opt/***/scripts && python3 silver_processing.py --snapshotdate "2024-07-01" --source lms']
[2026-06-20T08:05:44.338+0000] {subprocess.py:86} INFO - Output:
[2026-06-20T08:05:45.141+0000] {subprocess.py:93} INFO - Setting default log level to "WARN".
[2026-06-20T08:05:45.142+0000] {subprocess.py:93} INFO - To adjust logging level use sc.setLogLevel(newLevel). For SparkR, use setLogLevel(newLevel).
[2026-06-20T08:05:45.267+0000] {subprocess.py:93} INFO - 26/06/20 08:05:45 WARN NativeCodeLoader: Unable to load native-hadoop library for your platform... using builtin-java classes where applicable
[2026-06-20T08:05:48.632+0000] {subprocess.py:93} INFO - 
[2026-06-20T08:05:48.634+0000] {subprocess.py:93} INFO - --- silver lms 2024-07-01 ---
[2026-06-20T08:05:48.635+0000] {subprocess.py:93} INFO - 
[2026-06-20T08:05:48.637+0000] {subprocess.py:93} INFO - [silver:lms] loaded datamart/bronze/lms/bronze_lms_2024_07_01.csv rows: 5442
[2026-06-20T08:05:48.637+0000] {subprocess.py:93} INFO - [silver:lms] cleared stale partition: datamart/silver/lms/2024_07_01.parquet
[2026-06-20T08:05:48.639+0000] {subprocess.py:93} INFO - [silver:lms] saved to: datamart/silver/lms/2024_07_01.parquet
[2026-06-20T08:05:48.640+0000] {subprocess.py:93} INFO - 
[2026-06-20T08:05:48.641+0000] {subprocess.py:93} INFO - --- done ---
[2026-06-20T08:05:48.642+0000] {subprocess.py:93} INFO - 
[2026-06-20T08:05:49.087+0000] {subprocess.py:97} INFO - Command exited with return code 0
[2026-06-20T08:05:49.089+0000] {taskinstance.py:441} INFO - ::group::Post task execution logs
[2026-06-20T08:05:49.106+0000] {taskinstance.py:1206} INFO - Marking task as SUCCESS. dag_id=credit_default_ml_pipeline, task_id=feature_pipeline.feature_silver_lms, run_id=scheduled__2024-07-01T00:00:00+00:00, execution_date=20240701T000000, start_date=20260620T080544, end_date=20260620T080549
[2026-06-20T08:05:49.144+0000] {local_task_job_runner.py:243} INFO - Task exited with return code 0
[2026-06-20T08:05:49.239+0000] {taskinstance.py:3503} INFO - 1 downstream tasks scheduled from follow-on schedule check
[2026-06-20T08:05:49.240+0000] {local_task_job_runner.py:222} INFO - ::endgroup::
[2026-06-20T17:59:05.127+0000] {local_task_job_runner.py:120} INFO - ::group::Pre task execution logs
[2026-06-20T17:59:05.138+0000] {taskinstance.py:2076} INFO - Dependencies all met for dep_context=non-requeueable deps ti=<TaskInstance: credit_default_ml_pipeline.feature_pipeline.feature_silver_lms scheduled__2024-07-01T00:00:00+00:00 [queued]>
[2026-06-20T17:59:05.141+0000] {taskinstance.py:2076} INFO - Dependencies all met for dep_context=requeueable deps ti=<TaskInstance: credit_default_ml_pipeline.feature_pipeline.feature_silver_lms scheduled__2024-07-01T00:00:00+00:00 [queued]>
[2026-06-20T17:59:05.141+0000] {taskinstance.py:2306} INFO - Starting attempt 2 of 2
[2026-06-20T17:59:05.146+0000] {taskinstance.py:2330} INFO - Executing <Task(BashOperator): feature_pipeline.feature_silver_lms> on 2024-07-01 00:00:00+00:00
[2026-06-20T17:59:05.150+0000] {logging_mixin.py:188} WARNING - /home/***/.local/lib/python3.12/site-packages/***/task/task_runner/standard_task_runner.py:62 DeprecationWarning: This process (pid=60065) is multi-threaded, use of fork() may lead to deadlocks in the child.
[2026-06-20T17:59:05.151+0000] {standard_task_runner.py:64} INFO - Started process 60067 to run task
[2026-06-20T17:59:05.150+0000] {standard_task_runner.py:90} INFO - Running: ['***', 'tasks', 'run', 'credit_default_ml_pipeline', 'feature_pipeline.feature_silver_lms', 'scheduled__2024-07-01T00:00:00+00:00', '--job-id', '3334', '--raw', '--subdir', 'DAGS_FOLDER/dag.py', '--cfg-path', '/tmp/tmpfczewl83']
[2026-06-20T17:59:05.151+0000] {standard_task_runner.py:91} INFO - Job 3334: Subtask feature_pipeline.feature_silver_lms
[2026-06-20T17:59:05.247+0000] {task_command.py:426} INFO - Running <TaskInstance: credit_default_ml_pipeline.feature_pipeline.feature_silver_lms scheduled__2024-07-01T00:00:00+00:00 [running]> on host 9cf341f51c89
[2026-06-20T17:59:05.271+0000] {taskinstance.py:2648} INFO - Exporting env vars: AIRFLOW_CTX_DAG_OWNER='***' AIRFLOW_CTX_DAG_ID='credit_default_ml_pipeline' AIRFLOW_CTX_TASK_ID='feature_pipeline.feature_silver_lms' AIRFLOW_CTX_EXECUTION_DATE='2024-07-01T00:00:00+00:00' AIRFLOW_CTX_TRY_NUMBER='2' AIRFLOW_CTX_DAG_RUN_ID='scheduled__2024-07-01T00:00:00+00:00'
[2026-06-20T17:59:05.272+0000] {taskinstance.py:430} INFO - ::endgroup::
[2026-06-20T17:59:05.276+0000] {subprocess.py:63} INFO - Tmp dir root location: /tmp
[2026-06-20T17:59:05.277+0000] {subprocess.py:75} INFO - Running command: ['/usr/bin/bash', '-c', 'cd /opt/***/scripts && python3 silver_processing.py --snapshotdate "2024-07-01" --source lms']
[2026-06-20T17:59:05.281+0000] {subprocess.py:86} INFO - Output:
[2026-06-20T17:59:06.107+0000] {subprocess.py:93} INFO - Setting default log level to "WARN".
[2026-06-20T17:59:06.108+0000] {subprocess.py:93} INFO - To adjust logging level use sc.setLogLevel(newLevel). For SparkR, use setLogLevel(newLevel).
[2026-06-20T17:59:06.223+0000] {subprocess.py:93} INFO - 26/06/20 17:59:06 WARN NativeCodeLoader: Unable to load native-hadoop library for your platform... using builtin-java classes where applicable
[2026-06-20T17:59:10.675+0000] {subprocess.py:93} INFO - [Stage 5:>                                                          (0 + 1) / 1]
[2026-06-20T17:59:10.676+0000] {subprocess.py:93} INFO - --- silver lms 2024-07-01 ---
[2026-06-20T17:59:10.677+0000] {subprocess.py:93} INFO - 
[2026-06-20T17:59:10.677+0000] {subprocess.py:93} INFO - [silver:lms] loaded datamart/bronze/lms/bronze_lms_2024_07_01.csv rows: 5442
[2026-06-20T17:59:10.678+0000] {subprocess.py:93} INFO - [silver:lms] cleared stale partition: datamart/silver/lms/2024_07_01.parquet
[2026-06-20T17:59:10.678+0000] {subprocess.py:93} INFO - [silver:lms] saved to: datamart/silver/lms/2024_07_01.parquet
[2026-06-20T17:59:10.679+0000] {subprocess.py:93} INFO - 
[2026-06-20T17:59:10.679+0000] {subprocess.py:93} INFO - --- done ---
[2026-06-20T17:59:10.681+0000] {subprocess.py:93} INFO - 
[2026-06-20T17:59:11.167+0000] {subprocess.py:97} INFO - Command exited with return code 0
[2026-06-20T17:59:11.169+0000] {taskinstance.py:441} INFO - ::group::Post task execution logs
[2026-06-20T17:59:11.187+0000] {taskinstance.py:1206} INFO - Marking task as SUCCESS. dag_id=credit_default_ml_pipeline, task_id=feature_pipeline.feature_silver_lms, run_id=scheduled__2024-07-01T00:00:00+00:00, execution_date=20240701T000000, start_date=20260620T175905, end_date=20260620T175911
[2026-06-20T17:59:11.215+0000] {local_task_job_runner.py:243} INFO - Task exited with return code 0
[2026-06-20T17:59:11.232+0000] {taskinstance.py:3503} INFO - 1 downstream tasks scheduled from follow-on schedule check
[2026-06-20T17:59:11.233+0000] {local_task_job_runner.py:222} INFO - ::endgroup::
[2026-06-21T02:53:50.005+0000] {local_task_job_runner.py:120} INFO - ::group::Pre task execution logs
[2026-06-21T02:53:50.029+0000] {taskinstance.py:2076} INFO - Dependencies all met for dep_context=non-requeueable deps ti=<TaskInstance: credit_default_ml_pipeline.feature_pipeline.feature_silver_lms scheduled__2024-07-01T00:00:00+00:00 [queued]>
[2026-06-21T02:53:50.037+0000] {taskinstance.py:2076} INFO - Dependencies all met for dep_context=requeueable deps ti=<TaskInstance: credit_default_ml_pipeline.feature_pipeline.feature_silver_lms scheduled__2024-07-01T00:00:00+00:00 [queued]>
[2026-06-21T02:53:50.038+0000] {taskinstance.py:2306} INFO - Starting attempt 2 of 2
[2026-06-21T02:53:50.045+0000] {taskinstance.py:2330} INFO - Executing <Task(BashOperator): feature_pipeline.feature_silver_lms> on 2024-07-01 00:00:00+00:00
[2026-06-21T02:53:50.050+0000] {logging_mixin.py:188} WARNING - /home/***/.local/lib/python3.12/site-packages/***/task/task_runner/standard_task_runner.py:62 DeprecationWarning: This process (pid=58886) is multi-threaded, use of fork() may lead to deadlocks in the child.
[2026-06-21T02:53:50.050+0000] {standard_task_runner.py:90} INFO - Running: ['***', 'tasks', 'run', 'credit_default_ml_pipeline', 'feature_pipeline.feature_silver_lms', 'scheduled__2024-07-01T00:00:00+00:00', '--job-id', '3799', '--raw', '--subdir', 'DAGS_FOLDER/dag.py', '--cfg-path', '/tmp/tmpgryjosax']
[2026-06-21T02:53:50.051+0000] {standard_task_runner.py:64} INFO - Started process 58888 to run task
[2026-06-21T02:53:50.052+0000] {standard_task_runner.py:91} INFO - Job 3799: Subtask feature_pipeline.feature_silver_lms
[2026-06-21T02:53:50.089+0000] {task_command.py:426} INFO - Running <TaskInstance: credit_default_ml_pipeline.feature_pipeline.feature_silver_lms scheduled__2024-07-01T00:00:00+00:00 [running]> on host f6e9e2801916
[2026-06-21T02:53:50.289+0000] {taskinstance.py:2648} INFO - Exporting env vars: AIRFLOW_CTX_DAG_OWNER='***' AIRFLOW_CTX_DAG_ID='credit_default_ml_pipeline' AIRFLOW_CTX_TASK_ID='feature_pipeline.feature_silver_lms' AIRFLOW_CTX_EXECUTION_DATE='2024-07-01T00:00:00+00:00' AIRFLOW_CTX_TRY_NUMBER='2' AIRFLOW_CTX_DAG_RUN_ID='scheduled__2024-07-01T00:00:00+00:00'
[2026-06-21T02:53:50.291+0000] {taskinstance.py:430} INFO - ::endgroup::
[2026-06-21T02:53:50.296+0000] {subprocess.py:63} INFO - Tmp dir root location: /tmp
[2026-06-21T02:53:50.297+0000] {subprocess.py:75} INFO - Running command: ['/usr/bin/bash', '-c', 'cd /opt/***/scripts && python3 silver_processing.py --snapshotdate "2024-07-01" --source lms']
[2026-06-21T02:53:50.303+0000] {subprocess.py:86} INFO - Output:
[2026-06-21T02:53:51.281+0000] {subprocess.py:93} INFO - Setting default log level to "WARN".
[2026-06-21T02:53:51.282+0000] {subprocess.py:93} INFO - To adjust logging level use sc.setLogLevel(newLevel). For SparkR, use setLogLevel(newLevel).
[2026-06-21T02:53:51.389+0000] {subprocess.py:93} INFO - 26/06/21 02:53:51 WARN NativeCodeLoader: Unable to load native-hadoop library for your platform... using builtin-java classes where applicable
[2026-06-21T02:53:57.322+0000] {subprocess.py:93} INFO - [Stage 5:>                                                          (0 + 0) / 1][Stage 5:>                                                          (0 + 1) / 1]
[2026-06-21T02:53:57.330+0000] {subprocess.py:93} INFO - --- silver lms 2024-07-01 ---
[2026-06-21T02:53:57.334+0000] {subprocess.py:93} INFO - 
[2026-06-21T02:53:57.336+0000] {subprocess.py:93} INFO - [silver:lms] loaded datamart/bronze/lms/bronze_lms_2024_07_01.csv rows: 5442
[2026-06-21T02:53:57.338+0000] {subprocess.py:93} INFO - [silver:lms] cleared stale partition: datamart/silver/lms/2024_07_01.parquet
[2026-06-21T02:53:57.340+0000] {subprocess.py:93} INFO - [silver:lms] saved to: datamart/silver/lms/2024_07_01.parquet
[2026-06-21T02:53:57.343+0000] {subprocess.py:93} INFO - 
[2026-06-21T02:53:57.344+0000] {subprocess.py:93} INFO - --- done ---
[2026-06-21T02:53:57.345+0000] {subprocess.py:93} INFO - 
[2026-06-21T02:53:57.783+0000] {subprocess.py:97} INFO - Command exited with return code 0
[2026-06-21T02:53:57.786+0000] {taskinstance.py:441} INFO - ::group::Post task execution logs
[2026-06-21T02:53:57.827+0000] {taskinstance.py:1206} INFO - Marking task as SUCCESS. dag_id=credit_default_ml_pipeline, task_id=feature_pipeline.feature_silver_lms, run_id=scheduled__2024-07-01T00:00:00+00:00, execution_date=20240701T000000, start_date=20260621T025350, end_date=20260621T025357
[2026-06-21T02:53:57.881+0000] {local_task_job_runner.py:243} INFO - Task exited with return code 0
[2026-06-21T02:53:58.078+0000] {taskinstance.py:3503} INFO - 1 downstream tasks scheduled from follow-on schedule check
[2026-06-21T02:53:58.080+0000] {local_task_job_runner.py:222} INFO - ::endgroup::
[2026-06-21T06:20:10.956+0000] {local_task_job_runner.py:120} INFO - ::group::Pre task execution logs
[2026-06-21T06:20:10.968+0000] {taskinstance.py:2076} INFO - Dependencies all met for dep_context=non-requeueable deps ti=<TaskInstance: credit_default_ml_pipeline.feature_pipeline.feature_silver_lms scheduled__2024-07-01T00:00:00+00:00 [queued]>
[2026-06-21T06:20:10.972+0000] {taskinstance.py:2076} INFO - Dependencies all met for dep_context=requeueable deps ti=<TaskInstance: credit_default_ml_pipeline.feature_pipeline.feature_silver_lms scheduled__2024-07-01T00:00:00+00:00 [queued]>
[2026-06-21T06:20:10.973+0000] {taskinstance.py:2306} INFO - Starting attempt 2 of 2
[2026-06-21T06:20:10.978+0000] {taskinstance.py:2330} INFO - Executing <Task(BashOperator): feature_pipeline.feature_silver_lms> on 2024-07-01 00:00:00+00:00
[2026-06-21T06:20:10.981+0000] {logging_mixin.py:188} WARNING - /home/***/.local/lib/python3.12/site-packages/***/task/task_runner/standard_task_runner.py:62 DeprecationWarning: This process (pid=60845) is multi-threaded, use of fork() may lead to deadlocks in the child.
[2026-06-21T06:20:10.982+0000] {standard_task_runner.py:64} INFO - Started process 60847 to run task
[2026-06-21T06:20:10.982+0000] {standard_task_runner.py:90} INFO - Running: ['***', 'tasks', 'run', 'credit_default_ml_pipeline', 'feature_pipeline.feature_silver_lms', 'scheduled__2024-07-01T00:00:00+00:00', '--job-id', '4261', '--raw', '--subdir', 'DAGS_FOLDER/dag.py', '--cfg-path', '/tmp/tmppcbxyzk9']
[2026-06-21T06:20:10.983+0000] {standard_task_runner.py:91} INFO - Job 4261: Subtask feature_pipeline.feature_silver_lms
[2026-06-21T06:20:11.085+0000] {task_command.py:426} INFO - Running <TaskInstance: credit_default_ml_pipeline.feature_pipeline.feature_silver_lms scheduled__2024-07-01T00:00:00+00:00 [running]> on host 9377a3f0491f
[2026-06-21T06:20:11.113+0000] {taskinstance.py:2648} INFO - Exporting env vars: AIRFLOW_CTX_DAG_OWNER='***' AIRFLOW_CTX_DAG_ID='credit_default_ml_pipeline' AIRFLOW_CTX_TASK_ID='feature_pipeline.feature_silver_lms' AIRFLOW_CTX_EXECUTION_DATE='2024-07-01T00:00:00+00:00' AIRFLOW_CTX_TRY_NUMBER='2' AIRFLOW_CTX_DAG_RUN_ID='scheduled__2024-07-01T00:00:00+00:00'
[2026-06-21T06:20:11.115+0000] {taskinstance.py:430} INFO - ::endgroup::
[2026-06-21T06:20:11.120+0000] {subprocess.py:63} INFO - Tmp dir root location: /tmp
[2026-06-21T06:20:11.120+0000] {subprocess.py:75} INFO - Running command: ['/usr/bin/bash', '-c', 'cd /opt/***/scripts && python3 silver_processing.py --snapshotdate "2024-07-01" --source lms']
[2026-06-21T06:20:11.125+0000] {subprocess.py:86} INFO - Output:
[2026-06-21T06:20:11.961+0000] {subprocess.py:93} INFO - Setting default log level to "WARN".
[2026-06-21T06:20:11.962+0000] {subprocess.py:93} INFO - To adjust logging level use sc.setLogLevel(newLevel). For SparkR, use setLogLevel(newLevel).
[2026-06-21T06:20:12.060+0000] {subprocess.py:93} INFO - 26/06/21 06:20:12 WARN NativeCodeLoader: Unable to load native-hadoop library for your platform... using builtin-java classes where applicable
[2026-06-21T06:20:14.934+0000] {subprocess.py:93} INFO - 
[2026-06-21T06:20:14.935+0000] {subprocess.py:93} INFO - --- silver lms 2024-07-01 ---
[2026-06-21T06:20:14.936+0000] {subprocess.py:93} INFO - 
[2026-06-21T06:20:14.936+0000] {subprocess.py:93} INFO - [silver:lms] loaded datamart/bronze/lms/bronze_lms_2024_07_01.csv rows: 5442
[2026-06-21T06:20:14.936+0000] {subprocess.py:93} INFO - [silver:lms] cleared stale partition: datamart/silver/lms/2024_07_01.parquet
[2026-06-21T06:20:14.937+0000] {subprocess.py:93} INFO - [silver:lms] saved to: datamart/silver/lms/2024_07_01.parquet
[2026-06-21T06:20:14.937+0000] {subprocess.py:93} INFO - 
[2026-06-21T06:20:14.937+0000] {subprocess.py:93} INFO - --- done ---
[2026-06-21T06:20:14.937+0000] {subprocess.py:93} INFO - 
[2026-06-21T06:20:15.401+0000] {subprocess.py:97} INFO - Command exited with return code 0
[2026-06-21T06:20:15.403+0000] {taskinstance.py:441} INFO - ::group::Post task execution logs
[2026-06-21T06:20:15.422+0000] {taskinstance.py:1206} INFO - Marking task as SUCCESS. dag_id=credit_default_ml_pipeline, task_id=feature_pipeline.feature_silver_lms, run_id=scheduled__2024-07-01T00:00:00+00:00, execution_date=20240701T000000, start_date=20260621T062010, end_date=20260621T062015
[2026-06-21T06:20:15.480+0000] {local_task_job_runner.py:243} INFO - Task exited with return code 0
[2026-06-21T06:20:15.570+0000] {taskinstance.py:3503} INFO - 1 downstream tasks scheduled from follow-on schedule check
[2026-06-21T06:20:15.572+0000] {local_task_job_runner.py:222} INFO - ::endgroup::
