[2026-06-20T05:23:13.448+0000] {local_task_job_runner.py:120} INFO - ::group::Pre task execution logs
[2026-06-20T05:23:13.460+0000] {taskinstance.py:2076} INFO - Dependencies all met for dep_context=non-requeueable deps ti=<TaskInstance: credit_default_ml_pipeline.inference.xgb_inference scheduled__2023-02-01T00:00:00+00:00 [queued]>
[2026-06-20T05:23:13.465+0000] {taskinstance.py:2076} INFO - Dependencies all met for dep_context=requeueable deps ti=<TaskInstance: credit_default_ml_pipeline.inference.xgb_inference scheduled__2023-02-01T00:00:00+00:00 [queued]>
[2026-06-20T05:23:13.465+0000] {taskinstance.py:2306} INFO - Starting attempt 2 of 2
[2026-06-20T05:23:13.472+0000] {taskinstance.py:2330} INFO - Executing <Task(BashOperator): inference.xgb_inference> on 2023-02-01 00:00:00+00:00
[2026-06-20T05:23:13.475+0000] {logging_mixin.py:188} WARNING - /home/***/.local/lib/python3.12/site-packages/***/task/task_runner/standard_task_runner.py:62 DeprecationWarning: This process (pid=4253) is multi-threaded, use of fork() may lead to deadlocks in the child.
[2026-06-20T05:23:13.476+0000] {standard_task_runner.py:64} INFO - Started process 4255 to run task
[2026-06-20T05:23:13.475+0000] {standard_task_runner.py:90} INFO - Running: ['***', 'tasks', 'run', 'credit_default_ml_pipeline', 'inference.xgb_inference', 'scheduled__2023-02-01T00:00:00+00:00', '--job-id', '1409', '--raw', '--subdir', 'DAGS_FOLDER/dag.py', '--cfg-path', '/tmp/tmpldp7aztw']
[2026-06-20T05:23:13.477+0000] {standard_task_runner.py:91} INFO - Job 1409: Subtask inference.xgb_inference
[2026-06-20T05:23:13.560+0000] {task_command.py:426} INFO - Running <TaskInstance: credit_default_ml_pipeline.inference.xgb_inference scheduled__2023-02-01T00:00:00+00:00 [running]> on host 9cf341f51c89
[2026-06-20T05:23:13.584+0000] {taskinstance.py:2648} INFO - Exporting env vars: AIRFLOW_CTX_DAG_OWNER='***' AIRFLOW_CTX_DAG_ID='credit_default_ml_pipeline' AIRFLOW_CTX_TASK_ID='inference.xgb_inference' AIRFLOW_CTX_EXECUTION_DATE='2023-02-01T00:00:00+00:00' AIRFLOW_CTX_TRY_NUMBER='2' AIRFLOW_CTX_DAG_RUN_ID='scheduled__2023-02-01T00:00:00+00:00'
[2026-06-20T05:23:13.586+0000] {taskinstance.py:430} INFO - ::endgroup::
[2026-06-20T05:23:13.590+0000] {subprocess.py:63} INFO - Tmp dir root location: /tmp
[2026-06-20T05:23:13.591+0000] {subprocess.py:75} INFO - Running command: ['/usr/bin/bash', '-c', 'cd /opt/***/scripts && CHAMP=$(cat model_bank/champion.txt | tr -d \'\\n\') && python3 model_inference.py --snapshotdate "2023-02-01" --modelname "$CHAMP"']
[2026-06-20T05:23:13.595+0000] {subprocess.py:86} INFO - Output:
[2026-06-20T05:23:13.596+0000] {subprocess.py:93} INFO - cat: model_bank/champion.txt: No such file or directory
[2026-06-20T05:23:13.969+0000] {subprocess.py:93} INFO - 
[2026-06-20T05:23:13.970+0000] {subprocess.py:93} INFO - --- inference 2023-02-01 (label date: 2023-02-01) /  ---
[2026-06-20T05:23:13.971+0000] {subprocess.py:93} INFO - 
[2026-06-20T05:23:13.971+0000] {subprocess.py:93} INFO - Traceback (most recent call last):
[2026-06-20T05:23:13.971+0000] {subprocess.py:93} INFO -   File "/opt/***/scripts/model_inference.py", line 126, in <module>
[2026-06-20T05:23:13.971+0000] {subprocess.py:93} INFO -     main(a.snapshotdate, a.modelname, a.labeldate)
[2026-06-20T05:23:13.975+0000] {subprocess.py:93} INFO -   File "/opt/***/scripts/model_inference.py", line 47, in main
[2026-06-20T05:23:13.975+0000] {subprocess.py:93} INFO -     with open(model_path, "rb") as f:
[2026-06-20T05:23:13.975+0000] {subprocess.py:93} INFO -          ^^^^^^^^^^^^^^^^^^^^^^
[2026-06-20T05:23:13.975+0000] {subprocess.py:93} INFO - IsADirectoryError: [Errno 21] Is a directory: 'model_bank/'
[2026-06-20T05:23:14.004+0000] {subprocess.py:97} INFO - Command exited with return code 1
[2026-06-20T05:23:14.005+0000] {taskinstance.py:441} INFO - ::group::Post task execution logs
[2026-06-20T05:23:14.008+0000] {taskinstance.py:2905} ERROR - Task failed with exception
Traceback (most recent call last):
  File "/home/airflow/.local/lib/python3.12/site-packages/airflow/models/taskinstance.py", line 465, in _execute_task
    result = _execute_callable(context=context, **execute_callable_kwargs)
             ^^^^^^^^^^^^^^^^^^^^^^^^^^^^^^^^^^^^^^^^^^^^^^^^^^^^^^^^^^^^^
  File "/home/airflow/.local/lib/python3.12/site-packages/airflow/models/taskinstance.py", line 432, in _execute_callable
    return execute_callable(context=context, **execute_callable_kwargs)
           ^^^^^^^^^^^^^^^^^^^^^^^^^^^^^^^^^^^^^^^^^^^^^^^^^^^^^^^^^^^^
  File "/home/airflow/.local/lib/python3.12/site-packages/airflow/models/baseoperator.py", line 401, in wrapper
    return func(self, *args, **kwargs)
           ^^^^^^^^^^^^^^^^^^^^^^^^^^^
  File "/home/airflow/.local/lib/python3.12/site-packages/airflow/operators/bash.py", line 243, in execute
    raise AirflowException(
airflow.exceptions.AirflowException: Bash command failed. The command returned a non-zero exit code 1.
[2026-06-20T05:23:14.010+0000] {taskinstance.py:1206} INFO - Marking task as FAILED. dag_id=credit_default_ml_pipeline, task_id=inference.xgb_inference, run_id=scheduled__2023-02-01T00:00:00+00:00, execution_date=20230201T000000, start_date=20260620T052313, end_date=20260620T052314
[2026-06-20T05:23:14.015+0000] {standard_task_runner.py:110} ERROR - Failed to execute job 1409 for task inference.xgb_inference (Bash command failed. The command returned a non-zero exit code 1.; 4255)
[2026-06-20T05:23:14.026+0000] {local_task_job_runner.py:243} INFO - Task exited with return code 1
[2026-06-20T05:23:14.095+0000] {taskinstance.py:3503} INFO - 0 downstream tasks scheduled from follow-on schedule check
[2026-06-20T05:23:14.098+0000] {local_task_job_runner.py:222} INFO - ::endgroup::
