[2026-06-18T04:04:18.469+0000] {local_task_job_runner.py:120} INFO - ::group::Pre task execution logs
[2026-06-18T04:04:18.489+0000] {taskinstance.py:2076} INFO - Dependencies all met for dep_context=non-requeueable deps ti=<TaskInstance: credit_default_ml_pipeline.feature_pipeline.feature_bronze_financials scheduled__2023-12-01T00:00:00+00:00 [queued]>
[2026-06-18T04:04:18.496+0000] {taskinstance.py:2076} INFO - Dependencies all met for dep_context=requeueable deps ti=<TaskInstance: credit_default_ml_pipeline.feature_pipeline.feature_bronze_financials scheduled__2023-12-01T00:00:00+00:00 [queued]>
[2026-06-18T04:04:18.497+0000] {taskinstance.py:2306} INFO - Starting attempt 4 of 5
[2026-06-18T04:04:18.508+0000] {taskinstance.py:2330} INFO - Executing <Task(BashOperator): feature_pipeline.feature_bronze_financials> on 2023-12-01 00:00:00+00:00
[2026-06-18T04:04:18.514+0000] {logging_mixin.py:188} WARNING - /home/***/.local/lib/python3.12/site-packages/***/task/task_runner/standard_task_runner.py:62 DeprecationWarning: This process (pid=59185) is multi-threaded, use of fork() may lead to deadlocks in the child.
[2026-06-18T04:04:18.516+0000] {standard_task_runner.py:64} INFO - Started process 59195 to run task
[2026-06-18T04:04:18.515+0000] {standard_task_runner.py:90} INFO - Running: ['***', 'tasks', 'run', 'credit_default_ml_pipeline', 'feature_pipeline.feature_bronze_financials', 'scheduled__2023-12-01T00:00:00+00:00', '--job-id', '1105', '--raw', '--subdir', 'DAGS_FOLDER/dag.py', '--cfg-path', '/tmp/tmpicmyficb']
[2026-06-18T04:04:18.518+0000] {standard_task_runner.py:91} INFO - Job 1105: Subtask feature_pipeline.feature_bronze_financials
[2026-06-18T04:04:18.560+0000] {task_command.py:426} INFO - Running <TaskInstance: credit_default_ml_pipeline.feature_pipeline.feature_bronze_financials scheduled__2023-12-01T00:00:00+00:00 [running]> on host bfbc24b887a5
[2026-06-18T04:04:18.788+0000] {taskinstance.py:2648} INFO - Exporting env vars: AIRFLOW_CTX_DAG_OWNER='***' AIRFLOW_CTX_DAG_ID='credit_default_ml_pipeline' AIRFLOW_CTX_TASK_ID='feature_pipeline.feature_bronze_financials' AIRFLOW_CTX_EXECUTION_DATE='2023-12-01T00:00:00+00:00' AIRFLOW_CTX_TRY_NUMBER='4' AIRFLOW_CTX_DAG_RUN_ID='scheduled__2023-12-01T00:00:00+00:00'
[2026-06-18T04:04:18.790+0000] {taskinstance.py:430} INFO - ::endgroup::
[2026-06-18T04:04:18.799+0000] {subprocess.py:63} INFO - Tmp dir root location: /tmp
[2026-06-18T04:04:18.800+0000] {subprocess.py:75} INFO - Running command: ['/usr/bin/bash', '-c', 'cd /opt/***/scripts && python3 bronze_processing.py --snapshotdate "2023-12-01" --source financials']
[2026-06-18T04:04:18.809+0000] {subprocess.py:86} INFO - Output:
[2026-06-18T04:04:22.233+0000] {subprocess.py:93} INFO - Setting default log level to "WARN".
[2026-06-18T04:04:22.236+0000] {subprocess.py:93} INFO - To adjust logging level use sc.setLogLevel(newLevel). For SparkR, use setLogLevel(newLevel).
[2026-06-18T04:04:22.546+0000] {subprocess.py:93} INFO - 26/06/18 04:04:22 WARN NativeCodeLoader: Unable to load native-hadoop library for your platform... using builtin-java classes where applicable
[2026-06-18T04:04:23.672+0000] {subprocess.py:93} INFO - 26/06/18 04:04:23 WARN Utils: Service 'SparkUI' could not bind on port 4040. Attempting port 4041.
[2026-06-18T04:04:23.676+0000] {subprocess.py:93} INFO - 26/06/18 04:04:23 WARN Utils: Service 'SparkUI' could not bind on port 4041. Attempting port 4042.
[2026-06-18T04:04:23.678+0000] {subprocess.py:93} INFO - 26/06/18 04:04:23 WARN Utils: Service 'SparkUI' could not bind on port 4042. Attempting port 4043.
[2026-06-18T04:04:36.253+0000] {subprocess.py:93} INFO - [Stage 1:>                                                          (0 + 1) / 1]                                                                                [Stage 2:>                                                          (0 + 1) / 1]
[2026-06-18T04:04:36.258+0000] {subprocess.py:93} INFO - --- bronze financials 2023-12-01 ---
[2026-06-18T04:04:36.260+0000] {subprocess.py:93} INFO - 
[2026-06-18T04:04:36.262+0000] {subprocess.py:93} INFO - [bronze:financials] 2023-12-01 row count: 489
[2026-06-18T04:04:36.264+0000] {subprocess.py:93} INFO - [bronze:financials] saved to: datamart/bronze/financials/bronze_financials_2023_12_01.csv
[2026-06-18T04:04:36.266+0000] {subprocess.py:93} INFO - 
[2026-06-18T04:04:36.268+0000] {subprocess.py:93} INFO - --- done ---
[2026-06-18T04:04:36.269+0000] {subprocess.py:93} INFO - 
[2026-06-18T04:04:36.933+0000] {subprocess.py:97} INFO - Command exited with return code 0
[2026-06-18T04:04:36.936+0000] {taskinstance.py:441} INFO - ::group::Post task execution logs
[2026-06-18T04:04:36.980+0000] {taskinstance.py:1206} INFO - Marking task as SUCCESS. dag_id=credit_default_ml_pipeline, task_id=feature_pipeline.feature_bronze_financials, run_id=scheduled__2023-12-01T00:00:00+00:00, execution_date=20231201T000000, start_date=20260618T040418, end_date=20260618T040436
[2026-06-18T04:04:37.023+0000] {local_task_job_runner.py:243} INFO - Task exited with return code 0
[2026-06-18T04:04:37.274+0000] {taskinstance.py:3503} INFO - 1 downstream tasks scheduled from follow-on schedule check
[2026-06-18T04:04:37.277+0000] {local_task_job_runner.py:222} INFO - ::endgroup::
