[2026-06-16T15:50:21.690+0000] {local_task_job_runner.py:120} INFO - ::group::Pre task execution logs
[2026-06-16T15:50:21.708+0000] {taskinstance.py:2076} INFO - Dependencies all met for dep_context=non-requeueable deps ti=<TaskInstance: credit_default_ml_pipeline.feature_pipeline.feature_silver_financials scheduled__2024-06-01T00:00:00+00:00 [queued]>
[2026-06-16T15:50:21.714+0000] {taskinstance.py:2076} INFO - Dependencies all met for dep_context=requeueable deps ti=<TaskInstance: credit_default_ml_pipeline.feature_pipeline.feature_silver_financials scheduled__2024-06-01T00:00:00+00:00 [queued]>
[2026-06-16T15:50:21.716+0000] {taskinstance.py:2306} INFO - Starting attempt 1 of 2
[2026-06-16T15:50:21.726+0000] {taskinstance.py:2330} INFO - Executing <Task(BashOperator): feature_pipeline.feature_silver_financials> on 2024-06-01 00:00:00+00:00
[2026-06-16T15:50:21.730+0000] {logging_mixin.py:188} WARNING - /home/***/.local/lib/python3.12/site-packages/***/task/task_runner/standard_task_runner.py:62 DeprecationWarning: This process (pid=14467) is multi-threaded, use of fork() may lead to deadlocks in the child.
[2026-06-16T15:50:21.730+0000] {standard_task_runner.py:90} INFO - Running: ['***', 'tasks', 'run', 'credit_default_ml_pipeline', 'feature_pipeline.feature_silver_financials', 'scheduled__2024-06-01T00:00:00+00:00', '--job-id', '317', '--raw', '--subdir', 'DAGS_FOLDER/dag.py', '--cfg-path', '/tmp/tmp0fb0_g64']
[2026-06-16T15:50:21.731+0000] {standard_task_runner.py:91} INFO - Job 317: Subtask feature_pipeline.feature_silver_financials
[2026-06-16T15:50:21.731+0000] {standard_task_runner.py:64} INFO - Started process 14470 to run task
[2026-06-16T15:50:21.762+0000] {task_command.py:426} INFO - Running <TaskInstance: credit_default_ml_pipeline.feature_pipeline.feature_silver_financials scheduled__2024-06-01T00:00:00+00:00 [running]> on host 2b9b50b7433d
[2026-06-16T15:50:21.797+0000] {taskinstance.py:2648} INFO - Exporting env vars: AIRFLOW_CTX_DAG_OWNER='***' AIRFLOW_CTX_DAG_ID='credit_default_ml_pipeline' AIRFLOW_CTX_TASK_ID='feature_pipeline.feature_silver_financials' AIRFLOW_CTX_EXECUTION_DATE='2024-06-01T00:00:00+00:00' AIRFLOW_CTX_TRY_NUMBER='1' AIRFLOW_CTX_DAG_RUN_ID='scheduled__2024-06-01T00:00:00+00:00'
[2026-06-16T15:50:21.798+0000] {taskinstance.py:430} INFO - ::endgroup::
[2026-06-16T15:50:21.805+0000] {subprocess.py:63} INFO - Tmp dir root location: /tmp
[2026-06-16T15:50:21.806+0000] {subprocess.py:75} INFO - Running command: ['/usr/bin/bash', '-c', 'cd /opt/***/scripts && python3 silver_processing.py --snapshotdate "2024-06-01" --source financials']
[2026-06-16T15:50:21.811+0000] {subprocess.py:86} INFO - Output:
[2026-06-16T15:50:23.276+0000] {subprocess.py:93} INFO - Setting default log level to "WARN".
[2026-06-16T15:50:23.281+0000] {subprocess.py:93} INFO - To adjust logging level use sc.setLogLevel(newLevel). For SparkR, use setLogLevel(newLevel).
[2026-06-16T15:50:23.522+0000] {subprocess.py:93} INFO - 26/06/16 15:50:23 WARN NativeCodeLoader: Unable to load native-hadoop library for your platform... using builtin-java classes where applicable
[2026-06-16T15:50:24.189+0000] {subprocess.py:93} INFO - 26/06/16 15:50:24 WARN Utils: Service 'SparkUI' could not bind on port 4040. Attempting port 4041.
[2026-06-16T15:50:24.192+0000] {subprocess.py:93} INFO - 26/06/16 15:50:24 WARN Utils: Service 'SparkUI' could not bind on port 4041. Attempting port 4042.
[2026-06-16T15:50:24.195+0000] {subprocess.py:93} INFO - 26/06/16 15:50:24 WARN Utils: Service 'SparkUI' could not bind on port 4042. Attempting port 4043.
[2026-06-16T15:50:34.966+0000] {subprocess.py:93} INFO - [Stage 10:>                                                         (0 + 1) / 1]
[2026-06-16T15:50:34.972+0000] {subprocess.py:93} INFO - --- silver financials 2024-06-01 ---
[2026-06-16T15:50:34.974+0000] {subprocess.py:93} INFO - 
[2026-06-16T15:50:34.977+0000] {subprocess.py:93} INFO - [silver:financials] loaded datamart/bronze/financials/bronze_financials_2024_06_01.csv rows: 498
[2026-06-16T15:50:34.978+0000] {subprocess.py:93} INFO - [silver:loan_type] saved to: datamart/silver/loan_type/2024_06_01.parquet
[2026-06-16T15:50:34.980+0000] {subprocess.py:93} INFO - [silver:financials] saved to: datamart/silver/financials/2024_06_01.parquet
[2026-06-16T15:50:34.980+0000] {subprocess.py:93} INFO - 
[2026-06-16T15:50:34.981+0000] {subprocess.py:93} INFO - --- done ---
[2026-06-16T15:50:34.982+0000] {subprocess.py:93} INFO - 
[2026-06-16T15:50:35.484+0000] {subprocess.py:97} INFO - Command exited with return code 0
[2026-06-16T15:50:35.487+0000] {taskinstance.py:441} INFO - ::group::Post task execution logs
[2026-06-16T15:50:35.519+0000] {taskinstance.py:1206} INFO - Marking task as SUCCESS. dag_id=credit_default_ml_pipeline, task_id=feature_pipeline.feature_silver_financials, run_id=scheduled__2024-06-01T00:00:00+00:00, execution_date=20240601T000000, start_date=20260616T155021, end_date=20260616T155035
[2026-06-16T15:50:35.533+0000] {local_task_job_runner.py:243} INFO - Task exited with return code 0
[2026-06-16T15:50:35.551+0000] {taskinstance.py:3503} INFO - 1 downstream tasks scheduled from follow-on schedule check
[2026-06-16T15:50:35.553+0000] {local_task_job_runner.py:222} INFO - ::endgroup::
[2026-06-20T08:00:34.311+0000] {local_task_job_runner.py:120} INFO - ::group::Pre task execution logs
[2026-06-20T08:00:34.333+0000] {taskinstance.py:2076} INFO - Dependencies all met for dep_context=non-requeueable deps ti=<TaskInstance: credit_default_ml_pipeline.feature_pipeline.feature_silver_financials scheduled__2024-06-01T00:00:00+00:00 [queued]>
[2026-06-20T08:00:34.341+0000] {taskinstance.py:2076} INFO - Dependencies all met for dep_context=requeueable deps ti=<TaskInstance: credit_default_ml_pipeline.feature_pipeline.feature_silver_financials scheduled__2024-06-01T00:00:00+00:00 [queued]>
[2026-06-20T08:00:34.341+0000] {taskinstance.py:2306} INFO - Starting attempt 1 of 2
[2026-06-20T08:00:34.361+0000] {taskinstance.py:2330} INFO - Executing <Task(BashOperator): feature_pipeline.feature_silver_financials> on 2024-06-01 00:00:00+00:00
[2026-06-20T08:00:34.367+0000] {logging_mixin.py:188} WARNING - /home/***/.local/lib/python3.12/site-packages/***/task/task_runner/standard_task_runner.py:62 DeprecationWarning: This process (pid=50586) is multi-threaded, use of fork() may lead to deadlocks in the child.
[2026-06-20T08:00:34.368+0000] {standard_task_runner.py:64} INFO - Started process 50592 to run task
[2026-06-20T08:00:34.368+0000] {standard_task_runner.py:90} INFO - Running: ['***', 'tasks', 'run', 'credit_default_ml_pipeline', 'feature_pipeline.feature_silver_financials', 'scheduled__2024-06-01T00:00:00+00:00', '--job-id', '2262', '--raw', '--subdir', 'DAGS_FOLDER/dag.py', '--cfg-path', '/tmp/tmp7a6wmqhx']
[2026-06-20T08:00:34.371+0000] {standard_task_runner.py:91} INFO - Job 2262: Subtask feature_pipeline.feature_silver_financials
[2026-06-20T08:00:34.600+0000] {task_command.py:426} INFO - Running <TaskInstance: credit_default_ml_pipeline.feature_pipeline.feature_silver_financials scheduled__2024-06-01T00:00:00+00:00 [running]> on host 9cf341f51c89
[2026-06-20T08:00:34.723+0000] {taskinstance.py:2648} INFO - Exporting env vars: AIRFLOW_CTX_DAG_OWNER='***' AIRFLOW_CTX_DAG_ID='credit_default_ml_pipeline' AIRFLOW_CTX_TASK_ID='feature_pipeline.feature_silver_financials' AIRFLOW_CTX_EXECUTION_DATE='2024-06-01T00:00:00+00:00' AIRFLOW_CTX_TRY_NUMBER='1' AIRFLOW_CTX_DAG_RUN_ID='scheduled__2024-06-01T00:00:00+00:00'
[2026-06-20T08:00:34.726+0000] {taskinstance.py:430} INFO - ::endgroup::
[2026-06-20T08:00:34.740+0000] {subprocess.py:63} INFO - Tmp dir root location: /tmp
[2026-06-20T08:00:34.744+0000] {subprocess.py:75} INFO - Running command: ['/usr/bin/bash', '-c', 'cd /opt/***/scripts && python3 silver_processing.py --snapshotdate "2024-06-01" --source financials']
[2026-06-20T08:00:34.752+0000] {subprocess.py:86} INFO - Output:
[2026-06-20T08:00:37.087+0000] {subprocess.py:93} INFO - Setting default log level to "WARN".
[2026-06-20T08:00:37.090+0000] {subprocess.py:93} INFO - To adjust logging level use sc.setLogLevel(newLevel). For SparkR, use setLogLevel(newLevel).
[2026-06-20T08:00:37.340+0000] {subprocess.py:93} INFO - 26/06/20 08:00:37 WARN NativeCodeLoader: Unable to load native-hadoop library for your platform... using builtin-java classes where applicable
[2026-06-20T08:00:38.161+0000] {subprocess.py:93} INFO - 26/06/20 08:00:38 WARN Utils: Service 'SparkUI' could not bind on port 4040. Attempting port 4041.
[2026-06-20T08:00:51.733+0000] {subprocess.py:93} INFO - [Stage 10:>                                                         (0 + 1) / 1]                                                                                [Stage 12:>                                                         (0 + 1) / 1]
[2026-06-20T08:00:51.735+0000] {subprocess.py:93} INFO - --- silver financials 2024-06-01 ---
[2026-06-20T08:00:51.737+0000] {subprocess.py:93} INFO - 
[2026-06-20T08:00:51.738+0000] {subprocess.py:93} INFO - [silver:financials] loaded datamart/bronze/financials/bronze_financials_2024_06_01.csv rows: 498
[2026-06-20T08:00:51.739+0000] {subprocess.py:93} INFO - [silver:loan_type] saved to: datamart/silver/loan_type/2024_06_01.parquet
[2026-06-20T08:00:51.740+0000] {subprocess.py:93} INFO - [silver:financials] saved to: datamart/silver/financials/2024_06_01.parquet
[2026-06-20T08:00:51.742+0000] {subprocess.py:93} INFO - 
[2026-06-20T08:00:51.743+0000] {subprocess.py:93} INFO - --- done ---
[2026-06-20T08:00:51.744+0000] {subprocess.py:93} INFO - 
[2026-06-20T08:00:52.169+0000] {subprocess.py:97} INFO - Command exited with return code 0
[2026-06-20T08:00:52.172+0000] {taskinstance.py:441} INFO - ::group::Post task execution logs
[2026-06-20T08:00:52.205+0000] {taskinstance.py:1206} INFO - Marking task as SUCCESS. dag_id=credit_default_ml_pipeline, task_id=feature_pipeline.feature_silver_financials, run_id=scheduled__2024-06-01T00:00:00+00:00, execution_date=20240601T000000, start_date=20260620T080034, end_date=20260620T080052
[2026-06-20T08:00:52.238+0000] {local_task_job_runner.py:243} INFO - Task exited with return code 0
[2026-06-20T08:00:52.267+0000] {taskinstance.py:3503} INFO - 0 downstream tasks scheduled from follow-on schedule check
[2026-06-20T08:00:52.269+0000] {local_task_job_runner.py:222} INFO - ::endgroup::
[2026-06-20T15:57:51.696+0000] {local_task_job_runner.py:120} INFO - ::group::Pre task execution logs
[2026-06-20T15:57:51.713+0000] {taskinstance.py:2076} INFO - Dependencies all met for dep_context=non-requeueable deps ti=<TaskInstance: credit_default_ml_pipeline.feature_pipeline.feature_silver_financials scheduled__2024-06-01T00:00:00+00:00 [queued]>
[2026-06-20T15:57:51.718+0000] {taskinstance.py:2076} INFO - Dependencies all met for dep_context=requeueable deps ti=<TaskInstance: credit_default_ml_pipeline.feature_pipeline.feature_silver_financials scheduled__2024-06-01T00:00:00+00:00 [queued]>
[2026-06-20T15:57:51.719+0000] {taskinstance.py:2306} INFO - Starting attempt 1 of 2
[2026-06-20T15:57:51.726+0000] {taskinstance.py:2330} INFO - Executing <Task(BashOperator): feature_pipeline.feature_silver_financials> on 2024-06-01 00:00:00+00:00
[2026-06-20T15:57:51.730+0000] {logging_mixin.py:188} WARNING - /home/***/.local/lib/python3.12/site-packages/***/task/task_runner/standard_task_runner.py:62 DeprecationWarning: This process (pid=36891) is multi-threaded, use of fork() may lead to deadlocks in the child.
[2026-06-20T15:57:51.731+0000] {standard_task_runner.py:64} INFO - Started process 36901 to run task
[2026-06-20T15:57:51.731+0000] {standard_task_runner.py:90} INFO - Running: ['***', 'tasks', 'run', 'credit_default_ml_pipeline', 'feature_pipeline.feature_silver_financials', 'scheduled__2024-06-01T00:00:00+00:00', '--job-id', '2734', '--raw', '--subdir', 'DAGS_FOLDER/dag.py', '--cfg-path', '/tmp/tmpgn__do2p']
[2026-06-20T15:57:51.732+0000] {standard_task_runner.py:91} INFO - Job 2734: Subtask feature_pipeline.feature_silver_financials
[2026-06-20T15:57:51.849+0000] {task_command.py:426} INFO - Running <TaskInstance: credit_default_ml_pipeline.feature_pipeline.feature_silver_financials scheduled__2024-06-01T00:00:00+00:00 [running]> on host 9cf341f51c89
[2026-06-20T15:57:51.880+0000] {taskinstance.py:2648} INFO - Exporting env vars: AIRFLOW_CTX_DAG_OWNER='***' AIRFLOW_CTX_DAG_ID='credit_default_ml_pipeline' AIRFLOW_CTX_TASK_ID='feature_pipeline.feature_silver_financials' AIRFLOW_CTX_EXECUTION_DATE='2024-06-01T00:00:00+00:00' AIRFLOW_CTX_TRY_NUMBER='1' AIRFLOW_CTX_DAG_RUN_ID='scheduled__2024-06-01T00:00:00+00:00'
[2026-06-20T15:57:51.881+0000] {taskinstance.py:430} INFO - ::endgroup::
[2026-06-20T15:57:51.886+0000] {subprocess.py:63} INFO - Tmp dir root location: /tmp
[2026-06-20T15:57:51.886+0000] {subprocess.py:75} INFO - Running command: ['/usr/bin/bash', '-c', 'cd /opt/***/scripts && python3 silver_processing.py --snapshotdate "2024-06-01" --source financials']
[2026-06-20T15:57:51.891+0000] {subprocess.py:86} INFO - Output:
[2026-06-20T15:57:53.385+0000] {subprocess.py:93} INFO - Setting default log level to "WARN".
[2026-06-20T15:57:53.386+0000] {subprocess.py:93} INFO - To adjust logging level use sc.setLogLevel(newLevel). For SparkR, use setLogLevel(newLevel).
[2026-06-20T15:57:53.534+0000] {subprocess.py:93} INFO - 26/06/20 15:57:53 WARN NativeCodeLoader: Unable to load native-hadoop library for your platform... using builtin-java classes where applicable
[2026-06-20T15:58:05.086+0000] {subprocess.py:93} INFO - [Stage 10:>                                                         (0 + 1) / 1]
[2026-06-20T15:58:05.087+0000] {subprocess.py:93} INFO - --- silver financials 2024-06-01 ---
[2026-06-20T15:58:05.088+0000] {subprocess.py:93} INFO - 
[2026-06-20T15:58:05.089+0000] {subprocess.py:93} INFO - [silver:financials] loaded datamart/bronze/financials/bronze_financials_2024_06_01.csv rows: 498
[2026-06-20T15:58:05.091+0000] {subprocess.py:93} INFO - [silver:loan_type] saved to: datamart/silver/loan_type/2024_06_01.parquet
[2026-06-20T15:58:05.091+0000] {subprocess.py:93} INFO - [silver:financials] saved to: datamart/silver/financials/2024_06_01.parquet
[2026-06-20T15:58:05.092+0000] {subprocess.py:93} INFO - 
[2026-06-20T15:58:05.092+0000] {subprocess.py:93} INFO - --- done ---
[2026-06-20T15:58:05.093+0000] {subprocess.py:93} INFO - 
[2026-06-20T15:58:05.548+0000] {subprocess.py:97} INFO - Command exited with return code 0
[2026-06-20T15:58:05.549+0000] {taskinstance.py:441} INFO - ::group::Post task execution logs
[2026-06-20T15:58:05.567+0000] {taskinstance.py:1206} INFO - Marking task as SUCCESS. dag_id=credit_default_ml_pipeline, task_id=feature_pipeline.feature_silver_financials, run_id=scheduled__2024-06-01T00:00:00+00:00, execution_date=20240601T000000, start_date=20260620T155751, end_date=20260620T155805
[2026-06-20T15:58:05.605+0000] {local_task_job_runner.py:243} INFO - Task exited with return code 0
[2026-06-20T15:58:05.623+0000] {taskinstance.py:3503} INFO - 0 downstream tasks scheduled from follow-on schedule check
[2026-06-20T15:58:05.625+0000] {local_task_job_runner.py:222} INFO - ::endgroup::
[2026-06-20T17:53:30.974+0000] {local_task_job_runner.py:120} INFO - ::group::Pre task execution logs
[2026-06-20T17:53:31.011+0000] {taskinstance.py:2076} INFO - Dependencies all met for dep_context=non-requeueable deps ti=<TaskInstance: credit_default_ml_pipeline.feature_pipeline.feature_silver_financials scheduled__2024-06-01T00:00:00+00:00 [queued]>
[2026-06-20T17:53:31.022+0000] {taskinstance.py:2076} INFO - Dependencies all met for dep_context=requeueable deps ti=<TaskInstance: credit_default_ml_pipeline.feature_pipeline.feature_silver_financials scheduled__2024-06-01T00:00:00+00:00 [queued]>
[2026-06-20T17:53:31.024+0000] {taskinstance.py:2306} INFO - Starting attempt 1 of 2
[2026-06-20T17:53:31.044+0000] {taskinstance.py:2330} INFO - Executing <Task(BashOperator): feature_pipeline.feature_silver_financials> on 2024-06-01 00:00:00+00:00
[2026-06-20T17:53:31.052+0000] {logging_mixin.py:188} WARNING - /home/***/.local/lib/python3.12/site-packages/***/task/task_runner/standard_task_runner.py:62 DeprecationWarning: This process (pid=55273) is multi-threaded, use of fork() may lead to deadlocks in the child.
[2026-06-20T17:53:31.054+0000] {standard_task_runner.py:64} INFO - Started process 55330 to run task
[2026-06-20T17:53:31.054+0000] {standard_task_runner.py:90} INFO - Running: ['***', 'tasks', 'run', 'credit_default_ml_pipeline', 'feature_pipeline.feature_silver_financials', 'scheduled__2024-06-01T00:00:00+00:00', '--job-id', '3313', '--raw', '--subdir', 'DAGS_FOLDER/dag.py', '--cfg-path', '/tmp/tmp_uj48ait']
[2026-06-20T17:53:31.059+0000] {standard_task_runner.py:91} INFO - Job 3313: Subtask feature_pipeline.feature_silver_financials
[2026-06-20T17:53:31.335+0000] {task_command.py:426} INFO - Running <TaskInstance: credit_default_ml_pipeline.feature_pipeline.feature_silver_financials scheduled__2024-06-01T00:00:00+00:00 [running]> on host 9cf341f51c89
[2026-06-20T17:53:31.413+0000] {taskinstance.py:2648} INFO - Exporting env vars: AIRFLOW_CTX_DAG_OWNER='***' AIRFLOW_CTX_DAG_ID='credit_default_ml_pipeline' AIRFLOW_CTX_TASK_ID='feature_pipeline.feature_silver_financials' AIRFLOW_CTX_EXECUTION_DATE='2024-06-01T00:00:00+00:00' AIRFLOW_CTX_TRY_NUMBER='1' AIRFLOW_CTX_DAG_RUN_ID='scheduled__2024-06-01T00:00:00+00:00'
[2026-06-20T17:53:31.414+0000] {taskinstance.py:430} INFO - ::endgroup::
[2026-06-20T17:53:31.428+0000] {subprocess.py:63} INFO - Tmp dir root location: /tmp
[2026-06-20T17:53:31.430+0000] {subprocess.py:75} INFO - Running command: ['/usr/bin/bash', '-c', 'cd /opt/***/scripts && python3 silver_processing.py --snapshotdate "2024-06-01" --source financials']
[2026-06-20T17:53:31.443+0000] {subprocess.py:86} INFO - Output:
[2026-06-20T17:53:34.858+0000] {subprocess.py:93} INFO - Setting default log level to "WARN".
[2026-06-20T17:53:34.860+0000] {subprocess.py:93} INFO - To adjust logging level use sc.setLogLevel(newLevel). For SparkR, use setLogLevel(newLevel).
[2026-06-20T17:53:35.339+0000] {subprocess.py:93} INFO - 26/06/20 17:53:35 WARN NativeCodeLoader: Unable to load native-hadoop library for your platform... using builtin-java classes where applicable
[2026-06-20T17:53:36.596+0000] {subprocess.py:93} INFO - 26/06/20 17:53:36 WARN Utils: Service 'SparkUI' could not bind on port 4040. Attempting port 4041.
[2026-06-20T17:53:36.602+0000] {subprocess.py:93} INFO - 26/06/20 17:53:36 WARN Utils: Service 'SparkUI' could not bind on port 4041. Attempting port 4042.
[2026-06-20T17:53:36.607+0000] {subprocess.py:93} INFO - 26/06/20 17:53:36 WARN Utils: Service 'SparkUI' could not bind on port 4042. Attempting port 4043.
[2026-06-20T17:53:36.613+0000] {subprocess.py:93} INFO - 26/06/20 17:53:36 WARN Utils: Service 'SparkUI' could not bind on port 4043. Attempting port 4044.
[2026-06-20T17:53:53.476+0000] {subprocess.py:93} INFO - [Stage 10:>                                                         (0 + 1) / 1]                                                                                [Stage 12:>                                                         (0 + 1) / 1]
[2026-06-20T17:53:53.479+0000] {subprocess.py:93} INFO - --- silver financials 2024-06-01 ---
[2026-06-20T17:53:53.480+0000] {subprocess.py:93} INFO - 
[2026-06-20T17:53:53.481+0000] {subprocess.py:93} INFO - [silver:financials] loaded datamart/bronze/financials/bronze_financials_2024_06_01.csv rows: 498
[2026-06-20T17:53:53.482+0000] {subprocess.py:93} INFO - [silver:loan_type] saved to: datamart/silver/loan_type/2024_06_01.parquet
[2026-06-20T17:53:53.483+0000] {subprocess.py:93} INFO - [silver:financials] saved to: datamart/silver/financials/2024_06_01.parquet
[2026-06-20T17:53:53.484+0000] {subprocess.py:93} INFO - 
[2026-06-20T17:53:53.485+0000] {subprocess.py:93} INFO - --- done ---
[2026-06-20T17:53:53.486+0000] {subprocess.py:93} INFO - 
[2026-06-20T17:53:53.969+0000] {subprocess.py:97} INFO - Command exited with return code 0
[2026-06-20T17:53:53.971+0000] {taskinstance.py:441} INFO - ::group::Post task execution logs
[2026-06-20T17:53:54.004+0000] {taskinstance.py:1206} INFO - Marking task as SUCCESS. dag_id=credit_default_ml_pipeline, task_id=feature_pipeline.feature_silver_financials, run_id=scheduled__2024-06-01T00:00:00+00:00, execution_date=20240601T000000, start_date=20260620T175331, end_date=20260620T175354
[2026-06-20T17:53:54.029+0000] {local_task_job_runner.py:243} INFO - Task exited with return code 0
[2026-06-20T17:53:54.061+0000] {taskinstance.py:3503} INFO - 0 downstream tasks scheduled from follow-on schedule check
[2026-06-20T17:53:54.063+0000] {local_task_job_runner.py:222} INFO - ::endgroup::
[2026-06-21T02:48:50.765+0000] {local_task_job_runner.py:120} INFO - ::group::Pre task execution logs
[2026-06-21T02:48:50.782+0000] {taskinstance.py:2076} INFO - Dependencies all met for dep_context=non-requeueable deps ti=<TaskInstance: credit_default_ml_pipeline.feature_pipeline.feature_silver_financials scheduled__2024-06-01T00:00:00+00:00 [queued]>
[2026-06-21T02:48:50.789+0000] {taskinstance.py:2076} INFO - Dependencies all met for dep_context=requeueable deps ti=<TaskInstance: credit_default_ml_pipeline.feature_pipeline.feature_silver_financials scheduled__2024-06-01T00:00:00+00:00 [queued]>
[2026-06-21T02:48:50.791+0000] {taskinstance.py:2306} INFO - Starting attempt 1 of 2
[2026-06-21T02:48:50.799+0000] {taskinstance.py:2330} INFO - Executing <Task(BashOperator): feature_pipeline.feature_silver_financials> on 2024-06-01 00:00:00+00:00
[2026-06-21T02:48:50.803+0000] {logging_mixin.py:188} WARNING - /home/***/.local/lib/python3.12/site-packages/***/task/task_runner/standard_task_runner.py:62 DeprecationWarning: This process (pid=54584) is multi-threaded, use of fork() may lead to deadlocks in the child.
[2026-06-21T02:48:50.803+0000] {standard_task_runner.py:90} INFO - Running: ['***', 'tasks', 'run', 'credit_default_ml_pipeline', 'feature_pipeline.feature_silver_financials', 'scheduled__2024-06-01T00:00:00+00:00', '--job-id', '3774', '--raw', '--subdir', 'DAGS_FOLDER/dag.py', '--cfg-path', '/tmp/tmp_2yymlrn']
[2026-06-21T02:48:50.806+0000] {standard_task_runner.py:64} INFO - Started process 54592 to run task
[2026-06-21T02:48:50.806+0000] {standard_task_runner.py:91} INFO - Job 3774: Subtask feature_pipeline.feature_silver_financials
[2026-06-21T02:48:50.832+0000] {task_command.py:426} INFO - Running <TaskInstance: credit_default_ml_pipeline.feature_pipeline.feature_silver_financials scheduled__2024-06-01T00:00:00+00:00 [running]> on host f6e9e2801916
[2026-06-21T02:48:50.962+0000] {taskinstance.py:2648} INFO - Exporting env vars: AIRFLOW_CTX_DAG_OWNER='***' AIRFLOW_CTX_DAG_ID='credit_default_ml_pipeline' AIRFLOW_CTX_TASK_ID='feature_pipeline.feature_silver_financials' AIRFLOW_CTX_EXECUTION_DATE='2024-06-01T00:00:00+00:00' AIRFLOW_CTX_TRY_NUMBER='1' AIRFLOW_CTX_DAG_RUN_ID='scheduled__2024-06-01T00:00:00+00:00'
[2026-06-21T02:48:50.964+0000] {taskinstance.py:430} INFO - ::endgroup::
[2026-06-21T02:48:50.968+0000] {subprocess.py:63} INFO - Tmp dir root location: /tmp
[2026-06-21T02:48:50.970+0000] {subprocess.py:75} INFO - Running command: ['/usr/bin/bash', '-c', 'cd /opt/***/scripts && python3 silver_processing.py --snapshotdate "2024-06-01" --source financials']
[2026-06-21T02:48:50.975+0000] {subprocess.py:86} INFO - Output:
[2026-06-21T02:48:52.411+0000] {subprocess.py:93} INFO - Setting default log level to "WARN".
[2026-06-21T02:48:52.413+0000] {subprocess.py:93} INFO - To adjust logging level use sc.setLogLevel(newLevel). For SparkR, use setLogLevel(newLevel).
[2026-06-21T02:48:52.600+0000] {subprocess.py:93} INFO - 26/06/21 02:48:52 WARN NativeCodeLoader: Unable to load native-hadoop library for your platform... using builtin-java classes where applicable
[2026-06-21T02:48:53.423+0000] {subprocess.py:93} INFO - 26/06/21 02:48:53 WARN Utils: Service 'SparkUI' could not bind on port 4040. Attempting port 4041.
[2026-06-21T02:49:05.252+0000] {subprocess.py:93} INFO - [Stage 10:>                                                         (0 + 1) / 1]
[2026-06-21T02:49:05.257+0000] {subprocess.py:93} INFO - --- silver financials 2024-06-01 ---
[2026-06-21T02:49:05.258+0000] {subprocess.py:93} INFO - 
[2026-06-21T02:49:05.259+0000] {subprocess.py:93} INFO - [silver:financials] loaded datamart/bronze/financials/bronze_financials_2024_06_01.csv rows: 498
[2026-06-21T02:49:05.260+0000] {subprocess.py:93} INFO - [silver:loan_type] saved to: datamart/silver/loan_type/2024_06_01.parquet
[2026-06-21T02:49:05.261+0000] {subprocess.py:93} INFO - [silver:financials] saved to: datamart/silver/financials/2024_06_01.parquet
[2026-06-21T02:49:05.262+0000] {subprocess.py:93} INFO - 
[2026-06-21T02:49:05.263+0000] {subprocess.py:93} INFO - --- done ---
[2026-06-21T02:49:05.265+0000] {subprocess.py:93} INFO - 
[2026-06-21T02:49:05.729+0000] {subprocess.py:97} INFO - Command exited with return code 0
[2026-06-21T02:49:05.734+0000] {taskinstance.py:441} INFO - ::group::Post task execution logs
[2026-06-21T02:49:05.764+0000] {taskinstance.py:1206} INFO - Marking task as SUCCESS. dag_id=credit_default_ml_pipeline, task_id=feature_pipeline.feature_silver_financials, run_id=scheduled__2024-06-01T00:00:00+00:00, execution_date=20240601T000000, start_date=20260621T024850, end_date=20260621T024905
[2026-06-21T02:49:05.805+0000] {local_task_job_runner.py:243} INFO - Task exited with return code 0
[2026-06-21T02:49:05.936+0000] {taskinstance.py:3503} INFO - 1 downstream tasks scheduled from follow-on schedule check
[2026-06-21T02:49:05.939+0000] {local_task_job_runner.py:222} INFO - ::endgroup::
[2026-06-21T06:14:45.136+0000] {local_task_job_runner.py:120} INFO - ::group::Pre task execution logs
[2026-06-21T06:14:45.162+0000] {taskinstance.py:2076} INFO - Dependencies all met for dep_context=non-requeueable deps ti=<TaskInstance: credit_default_ml_pipeline.feature_pipeline.feature_silver_financials scheduled__2024-06-01T00:00:00+00:00 [queued]>
[2026-06-21T06:14:45.169+0000] {taskinstance.py:2076} INFO - Dependencies all met for dep_context=requeueable deps ti=<TaskInstance: credit_default_ml_pipeline.feature_pipeline.feature_silver_financials scheduled__2024-06-01T00:00:00+00:00 [queued]>
[2026-06-21T06:14:45.170+0000] {taskinstance.py:2306} INFO - Starting attempt 1 of 2
[2026-06-21T06:14:45.184+0000] {taskinstance.py:2330} INFO - Executing <Task(BashOperator): feature_pipeline.feature_silver_financials> on 2024-06-01 00:00:00+00:00
[2026-06-21T06:14:45.191+0000] {logging_mixin.py:188} WARNING - /home/***/.local/lib/python3.12/site-packages/***/task/task_runner/standard_task_runner.py:62 DeprecationWarning: This process (pid=55993) is multi-threaded, use of fork() may lead to deadlocks in the child.
[2026-06-21T06:14:45.193+0000] {standard_task_runner.py:64} INFO - Started process 56007 to run task
[2026-06-21T06:14:45.194+0000] {standard_task_runner.py:90} INFO - Running: ['***', 'tasks', 'run', 'credit_default_ml_pipeline', 'feature_pipeline.feature_silver_financials', 'scheduled__2024-06-01T00:00:00+00:00', '--job-id', '4237', '--raw', '--subdir', 'DAGS_FOLDER/dag.py', '--cfg-path', '/tmp/tmp87dl347t']
[2026-06-21T06:14:45.196+0000] {standard_task_runner.py:91} INFO - Job 4237: Subtask feature_pipeline.feature_silver_financials
[2026-06-21T06:14:45.440+0000] {task_command.py:426} INFO - Running <TaskInstance: credit_default_ml_pipeline.feature_pipeline.feature_silver_financials scheduled__2024-06-01T00:00:00+00:00 [running]> on host 9377a3f0491f
[2026-06-21T06:14:45.524+0000] {taskinstance.py:2648} INFO - Exporting env vars: AIRFLOW_CTX_DAG_OWNER='***' AIRFLOW_CTX_DAG_ID='credit_default_ml_pipeline' AIRFLOW_CTX_TASK_ID='feature_pipeline.feature_silver_financials' AIRFLOW_CTX_EXECUTION_DATE='2024-06-01T00:00:00+00:00' AIRFLOW_CTX_TRY_NUMBER='1' AIRFLOW_CTX_DAG_RUN_ID='scheduled__2024-06-01T00:00:00+00:00'
[2026-06-21T06:14:45.526+0000] {taskinstance.py:430} INFO - ::endgroup::
[2026-06-21T06:14:45.538+0000] {subprocess.py:63} INFO - Tmp dir root location: /tmp
[2026-06-21T06:14:45.539+0000] {subprocess.py:75} INFO - Running command: ['/usr/bin/bash', '-c', 'cd /opt/***/scripts && python3 silver_processing.py --snapshotdate "2024-06-01" --source financials']
[2026-06-21T06:14:45.549+0000] {subprocess.py:86} INFO - Output:
[2026-06-21T06:14:49.099+0000] {subprocess.py:93} INFO - Setting default log level to "WARN".
[2026-06-21T06:14:49.101+0000] {subprocess.py:93} INFO - To adjust logging level use sc.setLogLevel(newLevel). For SparkR, use setLogLevel(newLevel).
[2026-06-21T06:14:49.455+0000] {subprocess.py:93} INFO - 26/06/21 06:14:49 WARN NativeCodeLoader: Unable to load native-hadoop library for your platform... using builtin-java classes where applicable
[2026-06-21T06:15:09.616+0000] {subprocess.py:93} INFO - [Stage 10:>                                                         (0 + 1) / 1]                                                                                [Stage 12:>                                                         (0 + 1) / 1]
[2026-06-21T06:15:09.619+0000] {subprocess.py:93} INFO - --- silver financials 2024-06-01 ---
[2026-06-21T06:15:09.621+0000] {subprocess.py:93} INFO - 
[2026-06-21T06:15:09.622+0000] {subprocess.py:93} INFO - [silver:financials] loaded datamart/bronze/financials/bronze_financials_2024_06_01.csv rows: 498
[2026-06-21T06:15:09.623+0000] {subprocess.py:93} INFO - [silver:loan_type] saved to: datamart/silver/loan_type/2024_06_01.parquet
[2026-06-21T06:15:09.624+0000] {subprocess.py:93} INFO - [silver:financials] saved to: datamart/silver/financials/2024_06_01.parquet
[2026-06-21T06:15:09.625+0000] {subprocess.py:93} INFO - 
[2026-06-21T06:15:09.626+0000] {subprocess.py:93} INFO - --- done ---
[2026-06-21T06:15:09.627+0000] {subprocess.py:93} INFO - 
[2026-06-21T06:15:10.176+0000] {subprocess.py:97} INFO - Command exited with return code 0
[2026-06-21T06:15:10.179+0000] {taskinstance.py:441} INFO - ::group::Post task execution logs
[2026-06-21T06:15:10.203+0000] {taskinstance.py:1206} INFO - Marking task as SUCCESS. dag_id=credit_default_ml_pipeline, task_id=feature_pipeline.feature_silver_financials, run_id=scheduled__2024-06-01T00:00:00+00:00, execution_date=20240601T000000, start_date=20260621T061445, end_date=20260621T061510
[2026-06-21T06:15:10.230+0000] {local_task_job_runner.py:243} INFO - Task exited with return code 0
[2026-06-21T06:15:10.257+0000] {taskinstance.py:3503} INFO - 1 downstream tasks scheduled from follow-on schedule check
[2026-06-21T06:15:10.260+0000] {local_task_job_runner.py:222} INFO - ::endgroup::
