[2026-06-17T00:33:16.182+0000] {local_task_job_runner.py:120} INFO - ::group::Pre task execution logs
[2026-06-17T00:33:16.198+0000] {taskinstance.py:2076} INFO - Dependencies all met for dep_context=non-requeueable deps ti=<TaskInstance: credit_default_ml_pipeline.feature_pipeline.feature_bronze_financials scheduled__2023-02-01T00:00:00+00:00 [queued]>
[2026-06-17T00:33:16.206+0000] {taskinstance.py:2076} INFO - Dependencies all met for dep_context=requeueable deps ti=<TaskInstance: credit_default_ml_pipeline.feature_pipeline.feature_bronze_financials scheduled__2023-02-01T00:00:00+00:00 [queued]>
[2026-06-17T00:33:16.206+0000] {taskinstance.py:2306} INFO - Starting attempt 2 of 3
[2026-06-17T00:33:16.213+0000] {taskinstance.py:2330} INFO - Executing <Task(BashOperator): feature_pipeline.feature_bronze_financials> on 2023-02-01 00:00:00+00:00
[2026-06-17T00:33:16.218+0000] {logging_mixin.py:188} WARNING - /home/***/.local/lib/python3.12/site-packages/***/task/task_runner/standard_task_runner.py:62 DeprecationWarning: This process (pid=42361) is multi-threaded, use of fork() may lead to deadlocks in the child.
[2026-06-17T00:33:16.219+0000] {standard_task_runner.py:64} INFO - Started process 42363 to run task
[2026-06-17T00:33:16.219+0000] {standard_task_runner.py:90} INFO - Running: ['***', 'tasks', 'run', 'credit_default_ml_pipeline', 'feature_pipeline.feature_bronze_financials', 'scheduled__2023-02-01T00:00:00+00:00', '--job-id', '426', '--raw', '--subdir', 'DAGS_FOLDER/dag.py', '--cfg-path', '/tmp/tmpk_knap9u']
[2026-06-17T00:33:16.221+0000] {standard_task_runner.py:91} INFO - Job 426: Subtask feature_pipeline.feature_bronze_financials
[2026-06-17T00:33:16.247+0000] {task_command.py:426} INFO - Running <TaskInstance: credit_default_ml_pipeline.feature_pipeline.feature_bronze_financials scheduled__2023-02-01T00:00:00+00:00 [running]> on host 2b9b50b7433d
[2026-06-17T00:33:16.283+0000] {taskinstance.py:2648} INFO - Exporting env vars: AIRFLOW_CTX_DAG_OWNER='***' AIRFLOW_CTX_DAG_ID='credit_default_ml_pipeline' AIRFLOW_CTX_TASK_ID='feature_pipeline.feature_bronze_financials' AIRFLOW_CTX_EXECUTION_DATE='2023-02-01T00:00:00+00:00' AIRFLOW_CTX_TRY_NUMBER='2' AIRFLOW_CTX_DAG_RUN_ID='scheduled__2023-02-01T00:00:00+00:00'
[2026-06-17T00:33:16.284+0000] {taskinstance.py:430} INFO - ::endgroup::
[2026-06-17T00:33:16.290+0000] {subprocess.py:63} INFO - Tmp dir root location: /tmp
[2026-06-17T00:33:16.291+0000] {subprocess.py:75} INFO - Running command: ['/usr/bin/bash', '-c', 'cd /opt/***/scripts && python3 bronze_processing.py --snapshotdate "2023-02-01" --source financials']
[2026-06-17T00:33:16.295+0000] {subprocess.py:86} INFO - Output:
[2026-06-17T00:33:17.892+0000] {subprocess.py:93} INFO - Setting default log level to "WARN".
[2026-06-17T00:33:17.897+0000] {subprocess.py:93} INFO - To adjust logging level use sc.setLogLevel(newLevel). For SparkR, use setLogLevel(newLevel).
[2026-06-17T00:33:18.023+0000] {subprocess.py:93} INFO - 26/06/17 00:33:18 WARN NativeCodeLoader: Unable to load native-hadoop library for your platform... using builtin-java classes where applicable
[2026-06-17T00:33:18.840+0000] {subprocess.py:93} INFO - 26/06/17 00:33:18 WARN Utils: Service 'SparkUI' could not bind on port 4040. Attempting port 4041.
[2026-06-17T00:33:25.681+0000] {subprocess.py:93} INFO - [Stage 1:>                                                          (0 + 1) / 1]
[2026-06-17T00:33:25.684+0000] {subprocess.py:93} INFO - --- bronze financials 2023-02-01 ---
[2026-06-17T00:33:25.685+0000] {subprocess.py:93} INFO - 
[2026-06-17T00:33:25.685+0000] {subprocess.py:93} INFO - [bronze:financials] 2023-02-01 row count: 501
[2026-06-17T00:33:25.686+0000] {subprocess.py:93} INFO - [bronze:financials] saved to: datamart/bronze/financials/bronze_financials_2023_02_01.csv
[2026-06-17T00:33:25.688+0000] {subprocess.py:93} INFO - 
[2026-06-17T00:33:25.692+0000] {subprocess.py:93} INFO - --- done ---
[2026-06-17T00:33:25.694+0000] {subprocess.py:93} INFO - 
[2026-06-17T00:33:26.183+0000] {subprocess.py:97} INFO - Command exited with return code 0
[2026-06-17T00:33:26.185+0000] {taskinstance.py:441} INFO - ::group::Post task execution logs
[2026-06-17T00:33:26.219+0000] {taskinstance.py:1206} INFO - Marking task as SUCCESS. dag_id=credit_default_ml_pipeline, task_id=feature_pipeline.feature_bronze_financials, run_id=scheduled__2023-02-01T00:00:00+00:00, execution_date=20230201T000000, start_date=20260617T003316, end_date=20260617T003326
[2026-06-17T00:33:26.243+0000] {local_task_job_runner.py:243} INFO - Task exited with return code 0
[2026-06-17T00:33:26.269+0000] {taskinstance.py:3503} INFO - 1 downstream tasks scheduled from follow-on schedule check
[2026-06-17T00:33:26.270+0000] {local_task_job_runner.py:222} INFO - ::endgroup::
