[2026-06-18T02:22:51.697+0000] {local_task_job_runner.py:120} INFO - ::group::Pre task execution logs
[2026-06-18T02:22:51.715+0000] {taskinstance.py:2076} INFO - Dependencies all met for dep_context=non-requeueable deps ti=<TaskInstance: credit_default_ml_pipeline.feature_pipeline.feature_bronze_financials scheduled__2023-02-01T00:00:00+00:00 [queued]>
[2026-06-18T02:22:51.720+0000] {taskinstance.py:2076} INFO - Dependencies all met for dep_context=requeueable deps ti=<TaskInstance: credit_default_ml_pipeline.feature_pipeline.feature_bronze_financials scheduled__2023-02-01T00:00:00+00:00 [queued]>
[2026-06-18T02:22:51.720+0000] {taskinstance.py:2306} INFO - Starting attempt 3 of 4
[2026-06-18T02:22:51.727+0000] {taskinstance.py:2330} INFO - Executing <Task(BashOperator): feature_pipeline.feature_bronze_financials> on 2023-02-01 00:00:00+00:00
[2026-06-18T02:22:51.734+0000] {logging_mixin.py:188} WARNING - /home/***/.local/lib/python3.12/site-packages/***/task/task_runner/standard_task_runner.py:62 DeprecationWarning: This process (pid=11909) is multi-threaded, use of fork() may lead to deadlocks in the child.
[2026-06-18T02:22:51.735+0000] {standard_task_runner.py:64} INFO - Started process 11919 to run task
[2026-06-18T02:22:51.735+0000] {standard_task_runner.py:90} INFO - Running: ['***', 'tasks', 'run', 'credit_default_ml_pipeline', 'feature_pipeline.feature_bronze_financials', 'scheduled__2023-02-01T00:00:00+00:00', '--job-id', '856', '--raw', '--subdir', 'DAGS_FOLDER/dag.py', '--cfg-path', '/tmp/tmpqnzp9tkq']
[2026-06-18T02:22:51.738+0000] {standard_task_runner.py:91} INFO - Job 856: Subtask feature_pipeline.feature_bronze_financials
[2026-06-18T02:22:51.765+0000] {task_command.py:426} INFO - Running <TaskInstance: credit_default_ml_pipeline.feature_pipeline.feature_bronze_financials scheduled__2023-02-01T00:00:00+00:00 [running]> on host bfbc24b887a5
[2026-06-18T02:22:51.936+0000] {taskinstance.py:2648} INFO - Exporting env vars: AIRFLOW_CTX_DAG_OWNER='***' AIRFLOW_CTX_DAG_ID='credit_default_ml_pipeline' AIRFLOW_CTX_TASK_ID='feature_pipeline.feature_bronze_financials' AIRFLOW_CTX_EXECUTION_DATE='2023-02-01T00:00:00+00:00' AIRFLOW_CTX_TRY_NUMBER='3' AIRFLOW_CTX_DAG_RUN_ID='scheduled__2023-02-01T00:00:00+00:00'
[2026-06-18T02:22:51.937+0000] {taskinstance.py:430} INFO - ::endgroup::
[2026-06-18T02:22:51.943+0000] {subprocess.py:63} INFO - Tmp dir root location: /tmp
[2026-06-18T02:22:51.944+0000] {subprocess.py:75} INFO - Running command: ['/usr/bin/bash', '-c', 'cd /opt/***/scripts && python3 bronze_processing.py --snapshotdate "2023-02-01" --source financials']
[2026-06-18T02:22:51.950+0000] {subprocess.py:86} INFO - Output:
[2026-06-18T02:22:53.605+0000] {subprocess.py:93} INFO - Setting default log level to "WARN".
[2026-06-18T02:22:53.607+0000] {subprocess.py:93} INFO - To adjust logging level use sc.setLogLevel(newLevel). For SparkR, use setLogLevel(newLevel).
[2026-06-18T02:22:53.802+0000] {subprocess.py:93} INFO - 26/06/18 02:22:53 WARN NativeCodeLoader: Unable to load native-hadoop library for your platform... using builtin-java classes where applicable
[2026-06-18T02:22:54.476+0000] {subprocess.py:93} INFO - 26/06/18 02:22:54 WARN Utils: Service 'SparkUI' could not bind on port 4040. Attempting port 4041.
[2026-06-18T02:22:54.478+0000] {subprocess.py:93} INFO - 26/06/18 02:22:54 WARN Utils: Service 'SparkUI' could not bind on port 4041. Attempting port 4042.
[2026-06-18T02:23:01.416+0000] {subprocess.py:93} INFO - [Stage 1:>                                                          (0 + 1) / 1]
[2026-06-18T02:23:01.436+0000] {subprocess.py:93} INFO - --- bronze financials 2023-02-01 ---
[2026-06-18T02:23:01.437+0000] {subprocess.py:93} INFO - 
[2026-06-18T02:23:01.438+0000] {subprocess.py:93} INFO - [bronze:financials] 2023-02-01 row count: 501
[2026-06-18T02:23:01.439+0000] {subprocess.py:93} INFO - [bronze:financials] saved to: datamart/bronze/financials/bronze_financials_2023_02_01.csv
[2026-06-18T02:23:01.439+0000] {subprocess.py:93} INFO - 
[2026-06-18T02:23:01.440+0000] {subprocess.py:93} INFO - --- done ---
[2026-06-18T02:23:01.442+0000] {subprocess.py:93} INFO - 
[2026-06-18T02:23:01.901+0000] {subprocess.py:97} INFO - Command exited with return code 0
[2026-06-18T02:23:01.904+0000] {taskinstance.py:441} INFO - ::group::Post task execution logs
[2026-06-18T02:23:01.939+0000] {taskinstance.py:1206} INFO - Marking task as SUCCESS. dag_id=credit_default_ml_pipeline, task_id=feature_pipeline.feature_bronze_financials, run_id=scheduled__2023-02-01T00:00:00+00:00, execution_date=20230201T000000, start_date=20260618T022251, end_date=20260618T022301
[2026-06-18T02:23:01.971+0000] {local_task_job_runner.py:243} INFO - Task exited with return code 0
[2026-06-18T02:23:02.198+0000] {taskinstance.py:3503} INFO - 1 downstream tasks scheduled from follow-on schedule check
[2026-06-18T02:23:02.199+0000] {local_task_job_runner.py:222} INFO - ::endgroup::
