[2026-06-18T02:22:43.937+0000] {local_task_job_runner.py:120} INFO - ::group::Pre task execution logs
[2026-06-18T02:22:43.950+0000] {taskinstance.py:2076} INFO - Dependencies all met for dep_context=non-requeueable deps ti=<TaskInstance: credit_default_ml_pipeline.monitoring.champion_monitor scheduled__2023-01-01T00:00:00+00:00 [queued]>
[2026-06-18T02:22:43.955+0000] {taskinstance.py:2076} INFO - Dependencies all met for dep_context=requeueable deps ti=<TaskInstance: credit_default_ml_pipeline.monitoring.champion_monitor scheduled__2023-01-01T00:00:00+00:00 [queued]>
[2026-06-18T02:22:43.955+0000] {taskinstance.py:2306} INFO - Starting attempt 2 of 3
[2026-06-18T02:22:43.962+0000] {taskinstance.py:2330} INFO - Executing <Task(BashOperator): monitoring.champion_monitor> on 2023-01-01 00:00:00+00:00
[2026-06-18T02:22:43.966+0000] {standard_task_runner.py:90} INFO - Running: ['***', 'tasks', 'run', 'credit_default_ml_pipeline', 'monitoring.champion_monitor', 'scheduled__2023-01-01T00:00:00+00:00', '--job-id', '852', '--raw', '--subdir', 'DAGS_FOLDER/dag.py', '--cfg-path', '/tmp/tmpgvmijyqs']
[2026-06-18T02:22:43.967+0000] {standard_task_runner.py:91} INFO - Job 852: Subtask monitoring.champion_monitor
[2026-06-18T02:22:43.971+0000] {logging_mixin.py:188} WARNING - /home/***/.local/lib/python3.12/site-packages/***/task/task_runner/standard_task_runner.py:62 DeprecationWarning: This process (pid=11777) is multi-threaded, use of fork() may lead to deadlocks in the child.
[2026-06-18T02:22:43.972+0000] {standard_task_runner.py:64} INFO - Started process 11783 to run task
[2026-06-18T02:22:43.987+0000] {task_command.py:426} INFO - Running <TaskInstance: credit_default_ml_pipeline.monitoring.champion_monitor scheduled__2023-01-01T00:00:00+00:00 [running]> on host bfbc24b887a5
[2026-06-18T02:22:44.120+0000] {taskinstance.py:2648} INFO - Exporting env vars: AIRFLOW_CTX_DAG_OWNER='***' AIRFLOW_CTX_DAG_ID='credit_default_ml_pipeline' AIRFLOW_CTX_TASK_ID='monitoring.champion_monitor' AIRFLOW_CTX_EXECUTION_DATE='2023-01-01T00:00:00+00:00' AIRFLOW_CTX_TRY_NUMBER='2' AIRFLOW_CTX_DAG_RUN_ID='scheduled__2023-01-01T00:00:00+00:00'
[2026-06-18T02:22:44.121+0000] {taskinstance.py:430} INFO - ::endgroup::
[2026-06-18T02:22:44.125+0000] {subprocess.py:63} INFO - Tmp dir root location: /tmp
[2026-06-18T02:22:44.127+0000] {subprocess.py:75} INFO - Running command: ['/usr/bin/bash', '-c', 'cd /opt/***/scripts && python3 model_monitor.py --snapshotdate "2023-01-01" --modelname "credit_xgb_2024_09_01.pkl"']
[2026-06-18T02:22:44.134+0000] {subprocess.py:86} INFO - Output:
[2026-06-18T02:22:45.745+0000] {subprocess.py:93} INFO - 
[2026-06-18T02:22:45.747+0000] {subprocess.py:93} INFO - --- monitoring credit_xgb_2024_09_01.pkl ---
[2026-06-18T02:22:45.748+0000] {subprocess.py:93} INFO - 
[2026-06-18T02:22:45.749+0000] {subprocess.py:93} INFO - OOT1 baseline AUC for credit_xgb_2024_09_01: 0.9217054712537163
[2026-06-18T02:22:45.749+0000] {subprocess.py:93} INFO - [csi] scoping to top 15 features: ['Outstanding_Debt', 'Credit_Mix_bad', 'Interest_Rate', 'fe_5', 'Credit_Mix_good', 'Delay_from_due_date', 'fe_10', 'Changed_Credit_Limit', 'fe_9', 'Occupation_musician', 'Num_Credit_Inquiries', 'payment_behaviour_spent_high', 'fe_8', 'fe_3', 'fe_4']
[2026-06-18T02:22:45.750+0000] {subprocess.py:93} INFO - 
[2026-06-18T02:22:45.751+0000] {subprocess.py:93} INFO - snapshot_date  n_scored  mean_score    psi    auc   gini  auc_drop_from_oot1  csi_max  csi_max_feature  csi_Outstanding_Debt  csi_Credit_Mix_bad  csi_Interest_Rate  csi_fe_5  csi_Credit_Mix_good  csi_Delay_from_due_date  csi_fe_10  csi_Changed_Credit_Limit  csi_fe_9  csi_Occupation_musician  csi_Num_Credit_Inquiries  csi_payment_behaviour_spent_high  csi_fe_8  csi_fe_3  csi_fe_4
[2026-06-18T02:22:45.752+0000] {subprocess.py:93} INFO -    2023-01-01       530      0.2992 0.0000 0.9515 0.9029             -0.0298   0.0000 Outstanding_Debt                0.0000              0.0000             0.0000    0.0000               0.0000                   0.0000     0.0000                    0.0000    0.0000                      0.0                    0.0000                            0.0000    0.0000    0.0000    0.0000
[2026-06-18T02:22:45.753+0000] {subprocess.py:93} INFO -    2024-09-01       493      0.2256 0.4356    NaN    NaN                 NaN   8.3196            fe_10                0.0419              0.0122             0.0755    8.2473               0.0001                   0.0196     8.3196                    0.0595    8.1763                      0.0                    0.0418                            0.0001    8.2833    8.2471    8.2472
[2026-06-18T02:22:45.754+0000] {subprocess.py:93} INFO -    2024-10-01       456      0.1795 0.9588    NaN    NaN                 NaN   8.3196            fe_10                0.0149              0.0007             0.0164    8.2473               0.0014                   0.0391     8.3196                    0.0507    8.1763                      0.0                    0.0436                            0.0004    8.2833    8.2471    8.2472
[2026-06-18T02:22:45.755+0000] {subprocess.py:93} INFO -    2024-11-01       488      0.2031 1.0965    NaN    NaN                 NaN   8.3196            fe_10                0.0620              0.0063             0.0508    8.2473               0.0050                   0.0299     8.3196                    0.0628    8.1763                      0.0                    0.0355                            0.0060    8.2833    8.2471    8.2472
[2026-06-18T02:22:45.755+0000] {subprocess.py:93} INFO -    2024-12-01       515      0.1863 0.9532    NaN    NaN                 NaN   8.3196            fe_10                0.0674              0.0009             0.0142    8.2473               0.0009                   0.0342     8.3196                    0.0298    8.1763                      0.0                    0.0199                            0.0002    8.2833    8.2471    8.2472
[2026-06-18T02:22:45.756+0000] {subprocess.py:93} INFO - 
[2026-06-18T02:22:45.757+0000] {subprocess.py:93} INFO - [ALERT] PSI breached 0.25 for credit_xgb_2024_09_01 at 2024-12-01 (PSI=0.9532); this would trigger a scheduled retrain.
[2026-06-18T02:22:45.758+0000] {subprocess.py:93} INFO - 
[2026-06-18T02:22:45.758+0000] {subprocess.py:93} INFO - [ALERT] CSI breached 0.25 for credit_xgb_2024_09_01 at 2024-12-01 on feature 'fe_10' (CSI=8.3196); this would trigger a scheduled retrain.
[2026-06-18T02:22:45.758+0000] {subprocess.py:93} INFO - saved monitoring table: datamart/gold/model_monitoring/credit_xgb_2024_09_01/credit_xgb_2024_09_01_monitoring.parquet
[2026-06-18T02:22:45.760+0000] {subprocess.py:93} INFO - saved plots: datamart/gold/monitoring_plots/credit_xgb_2024_09_01/psi_stability.png, datamart/gold/monitoring_plots/credit_xgb_2024_09_01/csi_stability.png, datamart/gold/monitoring_plots/credit_xgb_2024_09_01/csi_breakdown_all_features.png, datamart/gold/monitoring_plots/credit_xgb_2024_09_01/auc_gini_performance.png
[2026-06-18T02:22:45.761+0000] {subprocess.py:93} INFO - 
[2026-06-18T02:22:45.761+0000] {subprocess.py:93} INFO - --- done ---
[2026-06-18T02:22:45.762+0000] {subprocess.py:93} INFO - 
[2026-06-18T02:22:45.887+0000] {subprocess.py:97} INFO - Command exited with return code 0
[2026-06-18T02:22:45.888+0000] {taskinstance.py:441} INFO - ::group::Post task execution logs
[2026-06-18T02:22:45.898+0000] {taskinstance.py:1206} INFO - Marking task as SUCCESS. dag_id=credit_default_ml_pipeline, task_id=monitoring.champion_monitor, run_id=scheduled__2023-01-01T00:00:00+00:00, execution_date=20230101T000000, start_date=20260618T022243, end_date=20260618T022245
[2026-06-18T02:22:45.924+0000] {local_task_job_runner.py:243} INFO - Task exited with return code 0
[2026-06-18T02:22:45.933+0000] {taskinstance.py:3503} INFO - 0 downstream tasks scheduled from follow-on schedule check
[2026-06-18T02:22:45.933+0000] {local_task_job_runner.py:222} INFO - ::endgroup::
