[2026-06-17T00:36:18.077+0000] {local_task_job_runner.py:120} INFO - ::group::Pre task execution logs
[2026-06-17T00:36:18.122+0000] {taskinstance.py:2076} INFO - Dependencies all met for dep_context=non-requeueable deps ti=<TaskInstance: credit_default_ml_pipeline.feature_pipeline.feature_silver_lms scheduled__2023-03-01T00:00:00+00:00 [queued]>
[2026-06-17T00:36:18.138+0000] {taskinstance.py:2076} INFO - Dependencies all met for dep_context=requeueable deps ti=<TaskInstance: credit_default_ml_pipeline.feature_pipeline.feature_silver_lms scheduled__2023-03-01T00:00:00+00:00 [queued]>
[2026-06-17T00:36:18.140+0000] {taskinstance.py:2306} INFO - Starting attempt 2 of 3
[2026-06-17T00:36:18.153+0000] {taskinstance.py:2330} INFO - Executing <Task(BashOperator): feature_pipeline.feature_silver_lms> on 2023-03-01 00:00:00+00:00
[2026-06-17T00:36:18.159+0000] {standard_task_runner.py:90} INFO - Running: ['***', 'tasks', 'run', 'credit_default_ml_pipeline', 'feature_pipeline.feature_silver_lms', 'scheduled__2023-03-01T00:00:00+00:00', '--job-id', '452', '--raw', '--subdir', 'DAGS_FOLDER/dag.py', '--cfg-path', '/tmp/tmp22d0498q']
[2026-06-17T00:36:18.162+0000] {standard_task_runner.py:91} INFO - Job 452: Subtask feature_pipeline.feature_silver_lms
[2026-06-17T00:36:18.162+0000] {logging_mixin.py:188} WARNING - /home/***/.local/lib/python3.12/site-packages/***/task/task_runner/standard_task_runner.py:62 DeprecationWarning: This process (pid=46696) is multi-threaded, use of fork() may lead to deadlocks in the child.
[2026-06-17T00:36:18.164+0000] {standard_task_runner.py:64} INFO - Started process 46698 to run task
[2026-06-17T00:36:18.197+0000] {task_command.py:426} INFO - Running <TaskInstance: credit_default_ml_pipeline.feature_pipeline.feature_silver_lms scheduled__2023-03-01T00:00:00+00:00 [running]> on host 2b9b50b7433d
[2026-06-17T00:36:18.257+0000] {taskinstance.py:2648} INFO - Exporting env vars: AIRFLOW_CTX_DAG_OWNER='***' AIRFLOW_CTX_DAG_ID='credit_default_ml_pipeline' AIRFLOW_CTX_TASK_ID='feature_pipeline.feature_silver_lms' AIRFLOW_CTX_EXECUTION_DATE='2023-03-01T00:00:00+00:00' AIRFLOW_CTX_TRY_NUMBER='2' AIRFLOW_CTX_DAG_RUN_ID='scheduled__2023-03-01T00:00:00+00:00'
[2026-06-17T00:36:18.259+0000] {taskinstance.py:430} INFO - ::endgroup::
[2026-06-17T00:36:18.269+0000] {subprocess.py:63} INFO - Tmp dir root location: /tmp
[2026-06-17T00:36:18.271+0000] {subprocess.py:75} INFO - Running command: ['/usr/bin/bash', '-c', 'cd /opt/***/scripts && python3 silver_processing.py --snapshotdate "2023-03-01" --source lms']
[2026-06-17T00:36:18.279+0000] {subprocess.py:86} INFO - Output:
[2026-06-17T00:36:20.213+0000] {subprocess.py:93} INFO - Setting default log level to "WARN".
[2026-06-17T00:36:20.222+0000] {subprocess.py:93} INFO - To adjust logging level use sc.setLogLevel(newLevel). For SparkR, use setLogLevel(newLevel).
[2026-06-17T00:36:20.496+0000] {subprocess.py:93} INFO - 26/06/17 00:36:20 WARN NativeCodeLoader: Unable to load native-hadoop library for your platform... using builtin-java classes where applicable
[2026-06-17T00:36:21.209+0000] {subprocess.py:93} INFO - 26/06/17 00:36:21 WARN Utils: Service 'SparkUI' could not bind on port 4040. Attempting port 4041.
[2026-06-17T00:36:21.214+0000] {subprocess.py:93} INFO - 26/06/17 00:36:21 WARN Utils: Service 'SparkUI' could not bind on port 4041. Attempting port 4042.
[2026-06-17T00:36:21.217+0000] {subprocess.py:93} INFO - 26/06/17 00:36:21 WARN Utils: Service 'SparkUI' could not bind on port 4042. Attempting port 4043.
[2026-06-17T00:36:28.556+0000] {subprocess.py:93} INFO - [Stage 5:>                                                          (0 + 1) / 1]
[2026-06-17T00:36:28.559+0000] {subprocess.py:93} INFO - --- silver lms 2023-03-01 ---
[2026-06-17T00:36:28.561+0000] {subprocess.py:93} INFO - 
[2026-06-17T00:36:28.562+0000] {subprocess.py:93} INFO - [silver:lms] loaded datamart/bronze/lms/bronze_lms_2023_03_01.csv rows: 1537
[2026-06-17T00:36:28.563+0000] {subprocess.py:93} INFO - [silver:lms] saved to: datamart/silver/lms/2023_03_01.parquet
[2026-06-17T00:36:28.564+0000] {subprocess.py:93} INFO - 
[2026-06-17T00:36:28.567+0000] {subprocess.py:93} INFO - --- done ---
[2026-06-17T00:36:28.567+0000] {subprocess.py:93} INFO - 
[2026-06-17T00:36:28.992+0000] {subprocess.py:97} INFO - Command exited with return code 0
[2026-06-17T00:36:28.994+0000] {taskinstance.py:441} INFO - ::group::Post task execution logs
[2026-06-17T00:36:29.011+0000] {taskinstance.py:1206} INFO - Marking task as SUCCESS. dag_id=credit_default_ml_pipeline, task_id=feature_pipeline.feature_silver_lms, run_id=scheduled__2023-03-01T00:00:00+00:00, execution_date=20230301T000000, start_date=20260617T003618, end_date=20260617T003629
[2026-06-17T00:36:29.041+0000] {local_task_job_runner.py:243} INFO - Task exited with return code 0
[2026-06-17T00:36:29.059+0000] {taskinstance.py:3503} INFO - 0 downstream tasks scheduled from follow-on schedule check
[2026-06-17T00:36:29.061+0000] {local_task_job_runner.py:222} INFO - ::endgroup::
[2026-06-20T05:42:02.273+0000] {local_task_job_runner.py:120} INFO - ::group::Pre task execution logs
[2026-06-20T05:42:02.285+0000] {taskinstance.py:2076} INFO - Dependencies all met for dep_context=non-requeueable deps ti=<TaskInstance: credit_default_ml_pipeline.feature_pipeline.feature_silver_lms scheduled__2023-03-01T00:00:00+00:00 [queued]>
[2026-06-20T05:42:02.288+0000] {taskinstance.py:2076} INFO - Dependencies all met for dep_context=requeueable deps ti=<TaskInstance: credit_default_ml_pipeline.feature_pipeline.feature_silver_lms scheduled__2023-03-01T00:00:00+00:00 [queued]>
[2026-06-20T05:42:02.289+0000] {taskinstance.py:2306} INFO - Starting attempt 2 of 2
[2026-06-20T05:42:02.295+0000] {taskinstance.py:2330} INFO - Executing <Task(BashOperator): feature_pipeline.feature_silver_lms> on 2023-03-01 00:00:00+00:00
[2026-06-20T05:42:02.298+0000] {logging_mixin.py:188} WARNING - /home/***/.local/lib/python3.12/site-packages/***/task/task_runner/standard_task_runner.py:62 DeprecationWarning: This process (pid=19272) is multi-threaded, use of fork() may lead to deadlocks in the child.
[2026-06-20T05:42:02.298+0000] {standard_task_runner.py:64} INFO - Started process 19274 to run task
[2026-06-20T05:42:02.298+0000] {standard_task_runner.py:90} INFO - Running: ['***', 'tasks', 'run', 'credit_default_ml_pipeline', 'feature_pipeline.feature_silver_lms', 'scheduled__2023-03-01T00:00:00+00:00', '--job-id', '1489', '--raw', '--subdir', 'DAGS_FOLDER/dag.py', '--cfg-path', '/tmp/tmph3lz2q09']
[2026-06-20T05:42:02.299+0000] {standard_task_runner.py:91} INFO - Job 1489: Subtask feature_pipeline.feature_silver_lms
[2026-06-20T05:42:02.384+0000] {task_command.py:426} INFO - Running <TaskInstance: credit_default_ml_pipeline.feature_pipeline.feature_silver_lms scheduled__2023-03-01T00:00:00+00:00 [running]> on host 9cf341f51c89
[2026-06-20T05:42:02.406+0000] {taskinstance.py:2648} INFO - Exporting env vars: AIRFLOW_CTX_DAG_OWNER='***' AIRFLOW_CTX_DAG_ID='credit_default_ml_pipeline' AIRFLOW_CTX_TASK_ID='feature_pipeline.feature_silver_lms' AIRFLOW_CTX_EXECUTION_DATE='2023-03-01T00:00:00+00:00' AIRFLOW_CTX_TRY_NUMBER='2' AIRFLOW_CTX_DAG_RUN_ID='scheduled__2023-03-01T00:00:00+00:00'
[2026-06-20T05:42:02.408+0000] {taskinstance.py:430} INFO - ::endgroup::
[2026-06-20T05:42:02.411+0000] {subprocess.py:63} INFO - Tmp dir root location: /tmp
[2026-06-20T05:42:02.412+0000] {subprocess.py:75} INFO - Running command: ['/usr/bin/bash', '-c', 'cd /opt/***/scripts && python3 silver_processing.py --snapshotdate "2023-03-01" --source lms']
[2026-06-20T05:42:02.415+0000] {subprocess.py:86} INFO - Output:
[2026-06-20T05:42:03.203+0000] {subprocess.py:93} INFO - Setting default log level to "WARN".
[2026-06-20T05:42:03.204+0000] {subprocess.py:93} INFO - To adjust logging level use sc.setLogLevel(newLevel). For SparkR, use setLogLevel(newLevel).
[2026-06-20T05:42:03.350+0000] {subprocess.py:93} INFO - 26/06/20 05:42:03 WARN NativeCodeLoader: Unable to load native-hadoop library for your platform... using builtin-java classes where applicable
[2026-06-20T05:42:06.209+0000] {subprocess.py:93} INFO - 
[2026-06-20T05:42:06.210+0000] {subprocess.py:93} INFO - --- silver lms 2023-03-01 ---
[2026-06-20T05:42:06.213+0000] {subprocess.py:93} INFO - 
[2026-06-20T05:42:06.213+0000] {subprocess.py:93} INFO - [silver:lms] loaded datamart/bronze/lms/bronze_lms_2023_03_01.csv rows: 1537
[2026-06-20T05:42:06.215+0000] {subprocess.py:93} INFO - [silver:lms] saved to: datamart/silver/lms/2023_03_01.parquet
[2026-06-20T05:42:06.215+0000] {subprocess.py:93} INFO - 
[2026-06-20T05:42:06.216+0000] {subprocess.py:93} INFO - --- done ---
[2026-06-20T05:42:06.216+0000] {subprocess.py:93} INFO - 
[2026-06-20T05:42:06.687+0000] {subprocess.py:97} INFO - Command exited with return code 0
[2026-06-20T05:42:06.688+0000] {taskinstance.py:441} INFO - ::group::Post task execution logs
[2026-06-20T05:42:06.708+0000] {taskinstance.py:1206} INFO - Marking task as SUCCESS. dag_id=credit_default_ml_pipeline, task_id=feature_pipeline.feature_silver_lms, run_id=scheduled__2023-03-01T00:00:00+00:00, execution_date=20230301T000000, start_date=20260620T054202, end_date=20260620T054206
[2026-06-20T05:42:06.753+0000] {local_task_job_runner.py:243} INFO - Task exited with return code 0
[2026-06-20T05:42:06.840+0000] {taskinstance.py:3503} INFO - 1 downstream tasks scheduled from follow-on schedule check
[2026-06-20T05:42:06.841+0000] {local_task_job_runner.py:222} INFO - ::endgroup::
[2026-06-20T16:57:59.520+0000] {local_task_job_runner.py:120} INFO - ::group::Pre task execution logs
[2026-06-20T16:57:59.536+0000] {taskinstance.py:2076} INFO - Dependencies all met for dep_context=non-requeueable deps ti=<TaskInstance: credit_default_ml_pipeline.feature_pipeline.feature_silver_lms scheduled__2023-03-01T00:00:00+00:00 [queued]>
[2026-06-20T16:57:59.539+0000] {taskinstance.py:2076} INFO - Dependencies all met for dep_context=requeueable deps ti=<TaskInstance: credit_default_ml_pipeline.feature_pipeline.feature_silver_lms scheduled__2023-03-01T00:00:00+00:00 [queued]>
[2026-06-20T16:57:59.539+0000] {taskinstance.py:2306} INFO - Starting attempt 2 of 2
[2026-06-20T16:57:59.544+0000] {taskinstance.py:2330} INFO - Executing <Task(BashOperator): feature_pipeline.feature_silver_lms> on 2023-03-01 00:00:00+00:00
[2026-06-20T16:57:59.548+0000] {logging_mixin.py:188} WARNING - /home/***/.local/lib/python3.12/site-packages/***/task/task_runner/standard_task_runner.py:62 DeprecationWarning: This process (pid=75023) is multi-threaded, use of fork() may lead to deadlocks in the child.
[2026-06-20T16:57:59.549+0000] {standard_task_runner.py:64} INFO - Started process 75025 to run task
[2026-06-20T16:57:59.548+0000] {standard_task_runner.py:90} INFO - Running: ['***', 'tasks', 'run', 'credit_default_ml_pipeline', 'feature_pipeline.feature_silver_lms', 'scheduled__2023-03-01T00:00:00+00:00', '--job-id', '2942', '--raw', '--subdir', 'DAGS_FOLDER/dag.py', '--cfg-path', '/tmp/tmpg9ec5naf']
[2026-06-20T16:57:59.551+0000] {standard_task_runner.py:91} INFO - Job 2942: Subtask feature_pipeline.feature_silver_lms
[2026-06-20T16:57:59.685+0000] {task_command.py:426} INFO - Running <TaskInstance: credit_default_ml_pipeline.feature_pipeline.feature_silver_lms scheduled__2023-03-01T00:00:00+00:00 [running]> on host 9cf341f51c89
[2026-06-20T16:57:59.710+0000] {taskinstance.py:2648} INFO - Exporting env vars: AIRFLOW_CTX_DAG_OWNER='***' AIRFLOW_CTX_DAG_ID='credit_default_ml_pipeline' AIRFLOW_CTX_TASK_ID='feature_pipeline.feature_silver_lms' AIRFLOW_CTX_EXECUTION_DATE='2023-03-01T00:00:00+00:00' AIRFLOW_CTX_TRY_NUMBER='2' AIRFLOW_CTX_DAG_RUN_ID='scheduled__2023-03-01T00:00:00+00:00'
[2026-06-20T16:57:59.711+0000] {taskinstance.py:430} INFO - ::endgroup::
[2026-06-20T16:57:59.716+0000] {subprocess.py:63} INFO - Tmp dir root location: /tmp
[2026-06-20T16:57:59.718+0000] {subprocess.py:75} INFO - Running command: ['/usr/bin/bash', '-c', 'cd /opt/***/scripts && python3 silver_processing.py --snapshotdate "2023-03-01" --source lms']
[2026-06-20T16:57:59.722+0000] {subprocess.py:86} INFO - Output:
[2026-06-20T16:58:01.604+0000] {subprocess.py:93} INFO - Setting default log level to "WARN".
[2026-06-20T16:58:01.606+0000] {subprocess.py:93} INFO - To adjust logging level use sc.setLogLevel(newLevel). For SparkR, use setLogLevel(newLevel).
[2026-06-20T16:58:01.707+0000] {subprocess.py:93} INFO - 26/06/20 16:58:01 WARN NativeCodeLoader: Unable to load native-hadoop library for your platform... using builtin-java classes where applicable
[2026-06-20T16:58:05.719+0000] {subprocess.py:93} INFO - 
[2026-06-20T16:58:05.721+0000] {subprocess.py:93} INFO - --- silver lms 2023-03-01 ---
[2026-06-20T16:58:05.722+0000] {subprocess.py:93} INFO - 
[2026-06-20T16:58:05.723+0000] {subprocess.py:93} INFO - [silver:lms] loaded datamart/bronze/lms/bronze_lms_2023_03_01.csv rows: 1537
[2026-06-20T16:58:05.723+0000] {subprocess.py:93} INFO - [silver:lms] cleared stale partition: datamart/silver/lms/2023_03_01.parquet
[2026-06-20T16:58:05.724+0000] {subprocess.py:93} INFO - [silver:lms] saved to: datamart/silver/lms/2023_03_01.parquet
[2026-06-20T16:58:05.725+0000] {subprocess.py:93} INFO - 
[2026-06-20T16:58:05.725+0000] {subprocess.py:93} INFO - --- done ---
[2026-06-20T16:58:05.726+0000] {subprocess.py:93} INFO - 
[2026-06-20T16:58:06.189+0000] {subprocess.py:97} INFO - Command exited with return code 0
[2026-06-20T16:58:06.192+0000] {taskinstance.py:441} INFO - ::group::Post task execution logs
[2026-06-20T16:58:06.229+0000] {taskinstance.py:1206} INFO - Marking task as SUCCESS. dag_id=credit_default_ml_pipeline, task_id=feature_pipeline.feature_silver_lms, run_id=scheduled__2023-03-01T00:00:00+00:00, execution_date=20230301T000000, start_date=20260620T165759, end_date=20260620T165806
[2026-06-20T16:58:06.267+0000] {local_task_job_runner.py:243} INFO - Task exited with return code 0
[2026-06-20T16:58:06.283+0000] {taskinstance.py:3503} INFO - 1 downstream tasks scheduled from follow-on schedule check
[2026-06-20T16:58:06.285+0000] {local_task_job_runner.py:222} INFO - ::endgroup::
[2026-06-20T17:10:10.081+0000] {local_task_job_runner.py:120} INFO - ::group::Pre task execution logs
[2026-06-20T17:10:10.093+0000] {taskinstance.py:2076} INFO - Dependencies all met for dep_context=non-requeueable deps ti=<TaskInstance: credit_default_ml_pipeline.feature_pipeline.feature_silver_lms scheduled__2023-03-01T00:00:00+00:00 [queued]>
[2026-06-20T17:10:10.096+0000] {taskinstance.py:2076} INFO - Dependencies all met for dep_context=requeueable deps ti=<TaskInstance: credit_default_ml_pipeline.feature_pipeline.feature_silver_lms scheduled__2023-03-01T00:00:00+00:00 [queued]>
[2026-06-20T17:10:10.097+0000] {taskinstance.py:2306} INFO - Starting attempt 2 of 2
[2026-06-20T17:10:10.102+0000] {taskinstance.py:2330} INFO - Executing <Task(BashOperator): feature_pipeline.feature_silver_lms> on 2023-03-01 00:00:00+00:00
[2026-06-20T17:10:10.106+0000] {logging_mixin.py:188} WARNING - /home/***/.local/lib/python3.12/site-packages/***/task/task_runner/standard_task_runner.py:62 DeprecationWarning: This process (pid=8479) is multi-threaded, use of fork() may lead to deadlocks in the child.
[2026-06-20T17:10:10.106+0000] {standard_task_runner.py:90} INFO - Running: ['***', 'tasks', 'run', 'credit_default_ml_pipeline', 'feature_pipeline.feature_silver_lms', 'scheduled__2023-03-01T00:00:00+00:00', '--job-id', '3030', '--raw', '--subdir', 'DAGS_FOLDER/dag.py', '--cfg-path', '/tmp/tmpv2wpg0i9']
[2026-06-20T17:10:10.107+0000] {standard_task_runner.py:64} INFO - Started process 8481 to run task
[2026-06-20T17:10:10.107+0000] {standard_task_runner.py:91} INFO - Job 3030: Subtask feature_pipeline.feature_silver_lms
[2026-06-20T17:10:10.195+0000] {task_command.py:426} INFO - Running <TaskInstance: credit_default_ml_pipeline.feature_pipeline.feature_silver_lms scheduled__2023-03-01T00:00:00+00:00 [running]> on host 9cf341f51c89
[2026-06-20T17:10:10.219+0000] {taskinstance.py:2648} INFO - Exporting env vars: AIRFLOW_CTX_DAG_OWNER='***' AIRFLOW_CTX_DAG_ID='credit_default_ml_pipeline' AIRFLOW_CTX_TASK_ID='feature_pipeline.feature_silver_lms' AIRFLOW_CTX_EXECUTION_DATE='2023-03-01T00:00:00+00:00' AIRFLOW_CTX_TRY_NUMBER='2' AIRFLOW_CTX_DAG_RUN_ID='scheduled__2023-03-01T00:00:00+00:00'
[2026-06-20T17:10:10.220+0000] {taskinstance.py:430} INFO - ::endgroup::
[2026-06-20T17:10:10.224+0000] {subprocess.py:63} INFO - Tmp dir root location: /tmp
[2026-06-20T17:10:10.225+0000] {subprocess.py:75} INFO - Running command: ['/usr/bin/bash', '-c', 'cd /opt/***/scripts && python3 silver_processing.py --snapshotdate "2023-03-01" --source lms']
[2026-06-20T17:10:10.229+0000] {subprocess.py:86} INFO - Output:
[2026-06-20T17:10:11.077+0000] {subprocess.py:93} INFO - Setting default log level to "WARN".
[2026-06-20T17:10:11.078+0000] {subprocess.py:93} INFO - To adjust logging level use sc.setLogLevel(newLevel). For SparkR, use setLogLevel(newLevel).
[2026-06-20T17:10:11.167+0000] {subprocess.py:93} INFO - 26/06/20 17:10:11 WARN NativeCodeLoader: Unable to load native-hadoop library for your platform... using builtin-java classes where applicable
[2026-06-20T17:10:14.049+0000] {subprocess.py:93} INFO - 
[2026-06-20T17:10:14.051+0000] {subprocess.py:93} INFO - --- silver lms 2023-03-01 ---
[2026-06-20T17:10:14.052+0000] {subprocess.py:93} INFO - 
[2026-06-20T17:10:14.052+0000] {subprocess.py:93} INFO - [silver:lms] loaded datamart/bronze/lms/bronze_lms_2023_03_01.csv rows: 1537
[2026-06-20T17:10:14.053+0000] {subprocess.py:93} INFO - [silver:lms] cleared stale partition: datamart/silver/lms/2023_03_01.parquet
[2026-06-20T17:10:14.053+0000] {subprocess.py:93} INFO - [silver:lms] saved to: datamart/silver/lms/2023_03_01.parquet
[2026-06-20T17:10:14.053+0000] {subprocess.py:93} INFO - 
[2026-06-20T17:10:14.054+0000] {subprocess.py:93} INFO - --- done ---
[2026-06-20T17:10:14.054+0000] {subprocess.py:93} INFO - 
[2026-06-20T17:10:14.547+0000] {subprocess.py:97} INFO - Command exited with return code 0
[2026-06-20T17:10:14.548+0000] {taskinstance.py:441} INFO - ::group::Post task execution logs
[2026-06-20T17:10:14.570+0000] {taskinstance.py:1206} INFO - Marking task as SUCCESS. dag_id=credit_default_ml_pipeline, task_id=feature_pipeline.feature_silver_lms, run_id=scheduled__2023-03-01T00:00:00+00:00, execution_date=20230301T000000, start_date=20260620T171010, end_date=20260620T171014
[2026-06-20T17:10:14.598+0000] {local_task_job_runner.py:243} INFO - Task exited with return code 0
[2026-06-20T17:10:14.697+0000] {taskinstance.py:3503} INFO - 1 downstream tasks scheduled from follow-on schedule check
[2026-06-20T17:10:14.698+0000] {local_task_job_runner.py:222} INFO - ::endgroup::
[2026-06-21T01:35:40.110+0000] {local_task_job_runner.py:120} INFO - ::group::Pre task execution logs
[2026-06-21T01:35:40.125+0000] {taskinstance.py:2076} INFO - Dependencies all met for dep_context=non-requeueable deps ti=<TaskInstance: credit_default_ml_pipeline.feature_pipeline.feature_silver_lms scheduled__2023-03-01T00:00:00+00:00 [queued]>
[2026-06-21T01:35:40.129+0000] {taskinstance.py:2076} INFO - Dependencies all met for dep_context=requeueable deps ti=<TaskInstance: credit_default_ml_pipeline.feature_pipeline.feature_silver_lms scheduled__2023-03-01T00:00:00+00:00 [queued]>
[2026-06-21T01:35:40.129+0000] {taskinstance.py:2306} INFO - Starting attempt 2 of 2
[2026-06-21T01:35:40.134+0000] {taskinstance.py:2330} INFO - Executing <Task(BashOperator): feature_pipeline.feature_silver_lms> on 2023-03-01 00:00:00+00:00
[2026-06-21T01:35:40.138+0000] {logging_mixin.py:188} WARNING - /home/***/.local/lib/python3.12/site-packages/***/task/task_runner/standard_task_runner.py:62 DeprecationWarning: This process (pid=9089) is multi-threaded, use of fork() may lead to deadlocks in the child.
[2026-06-21T01:35:40.139+0000] {standard_task_runner.py:64} INFO - Started process 9091 to run task
[2026-06-21T01:35:40.138+0000] {standard_task_runner.py:90} INFO - Running: ['***', 'tasks', 'run', 'credit_default_ml_pipeline', 'feature_pipeline.feature_silver_lms', 'scheduled__2023-03-01T00:00:00+00:00', '--job-id', '3494', '--raw', '--subdir', 'DAGS_FOLDER/dag.py', '--cfg-path', '/tmp/tmpowvq52z2']
[2026-06-21T01:35:40.139+0000] {standard_task_runner.py:91} INFO - Job 3494: Subtask feature_pipeline.feature_silver_lms
[2026-06-21T01:35:40.157+0000] {task_command.py:426} INFO - Running <TaskInstance: credit_default_ml_pipeline.feature_pipeline.feature_silver_lms scheduled__2023-03-01T00:00:00+00:00 [running]> on host f6e9e2801916
[2026-06-21T01:35:40.260+0000] {taskinstance.py:2648} INFO - Exporting env vars: AIRFLOW_CTX_DAG_OWNER='***' AIRFLOW_CTX_DAG_ID='credit_default_ml_pipeline' AIRFLOW_CTX_TASK_ID='feature_pipeline.feature_silver_lms' AIRFLOW_CTX_EXECUTION_DATE='2023-03-01T00:00:00+00:00' AIRFLOW_CTX_TRY_NUMBER='2' AIRFLOW_CTX_DAG_RUN_ID='scheduled__2023-03-01T00:00:00+00:00'
[2026-06-21T01:35:40.262+0000] {taskinstance.py:430} INFO - ::endgroup::
[2026-06-21T01:35:40.266+0000] {subprocess.py:63} INFO - Tmp dir root location: /tmp
[2026-06-21T01:35:40.266+0000] {subprocess.py:75} INFO - Running command: ['/usr/bin/bash', '-c', 'cd /opt/***/scripts && python3 silver_processing.py --snapshotdate "2023-03-01" --source lms']
[2026-06-21T01:35:40.270+0000] {subprocess.py:86} INFO - Output:
[2026-06-21T01:35:41.090+0000] {subprocess.py:93} INFO - Setting default log level to "WARN".
[2026-06-21T01:35:41.091+0000] {subprocess.py:93} INFO - To adjust logging level use sc.setLogLevel(newLevel). For SparkR, use setLogLevel(newLevel).
[2026-06-21T01:35:41.213+0000] {subprocess.py:93} INFO - 26/06/21 01:35:41 WARN NativeCodeLoader: Unable to load native-hadoop library for your platform... using builtin-java classes where applicable
[2026-06-21T01:35:44.094+0000] {subprocess.py:93} INFO - 
[2026-06-21T01:35:44.095+0000] {subprocess.py:93} INFO - --- silver lms 2023-03-01 ---
[2026-06-21T01:35:44.096+0000] {subprocess.py:93} INFO - 
[2026-06-21T01:35:44.097+0000] {subprocess.py:93} INFO - [silver:lms] loaded datamart/bronze/lms/bronze_lms_2023_03_01.csv rows: 1537
[2026-06-21T01:35:44.097+0000] {subprocess.py:93} INFO - [silver:lms] cleared stale partition: datamart/silver/lms/2023_03_01.parquet
[2026-06-21T01:35:44.097+0000] {subprocess.py:93} INFO - [silver:lms] saved to: datamart/silver/lms/2023_03_01.parquet
[2026-06-21T01:35:44.098+0000] {subprocess.py:93} INFO - 
[2026-06-21T01:35:44.098+0000] {subprocess.py:93} INFO - --- done ---
[2026-06-21T01:35:44.098+0000] {subprocess.py:93} INFO - 
[2026-06-21T01:35:44.563+0000] {subprocess.py:97} INFO - Command exited with return code 0
[2026-06-21T01:35:44.565+0000] {taskinstance.py:441} INFO - ::group::Post task execution logs
[2026-06-21T01:35:44.583+0000] {taskinstance.py:1206} INFO - Marking task as SUCCESS. dag_id=credit_default_ml_pipeline, task_id=feature_pipeline.feature_silver_lms, run_id=scheduled__2023-03-01T00:00:00+00:00, execution_date=20230301T000000, start_date=20260621T013540, end_date=20260621T013544
[2026-06-21T01:35:44.619+0000] {local_task_job_runner.py:243} INFO - Task exited with return code 0
[2026-06-21T01:35:44.639+0000] {taskinstance.py:3503} INFO - 1 downstream tasks scheduled from follow-on schedule check
[2026-06-21T01:35:44.641+0000] {local_task_job_runner.py:222} INFO - ::endgroup::
[2026-06-25T17:25:06.154+0000] {local_task_job_runner.py:120} INFO - ::group::Pre task execution logs
[2026-06-25T17:25:06.167+0000] {taskinstance.py:2076} INFO - Dependencies all met for dep_context=non-requeueable deps ti=<TaskInstance: credit_default_ml_pipeline.feature_pipeline.feature_silver_lms scheduled__2023-03-01T00:00:00+00:00 [queued]>
[2026-06-25T17:25:06.171+0000] {taskinstance.py:2076} INFO - Dependencies all met for dep_context=requeueable deps ti=<TaskInstance: credit_default_ml_pipeline.feature_pipeline.feature_silver_lms scheduled__2023-03-01T00:00:00+00:00 [queued]>
[2026-06-25T17:25:06.173+0000] {taskinstance.py:2306} INFO - Starting attempt 2 of 2
[2026-06-25T17:25:06.177+0000] {taskinstance.py:2330} INFO - Executing <Task(BashOperator): feature_pipeline.feature_silver_lms> on 2023-03-01 00:00:00+00:00
[2026-06-25T17:25:06.181+0000] {logging_mixin.py:188} WARNING - /home/***/.local/lib/python3.12/site-packages/***/task/task_runner/standard_task_runner.py:62 DeprecationWarning: This process (pid=8878) is multi-threaded, use of fork() may lead to deadlocks in the child.
[2026-06-25T17:25:06.181+0000] {standard_task_runner.py:90} INFO - Running: ['***', 'tasks', 'run', 'credit_default_ml_pipeline', 'feature_pipeline.feature_silver_lms', 'scheduled__2023-03-01T00:00:00+00:00', '--job-id', '4418', '--raw', '--subdir', 'DAGS_FOLDER/dag.py', '--cfg-path', '/tmp/tmpkdiok9zc']
[2026-06-25T17:25:06.183+0000] {standard_task_runner.py:64} INFO - Started process 8880 to run task
[2026-06-25T17:25:06.183+0000] {standard_task_runner.py:91} INFO - Job 4418: Subtask feature_pipeline.feature_silver_lms
[2026-06-25T17:25:06.204+0000] {task_command.py:426} INFO - Running <TaskInstance: credit_default_ml_pipeline.feature_pipeline.feature_silver_lms scheduled__2023-03-01T00:00:00+00:00 [running]> on host b54b2be331ab
[2026-06-25T17:25:06.314+0000] {taskinstance.py:2648} INFO - Exporting env vars: AIRFLOW_CTX_DAG_OWNER='***' AIRFLOW_CTX_DAG_ID='credit_default_ml_pipeline' AIRFLOW_CTX_TASK_ID='feature_pipeline.feature_silver_lms' AIRFLOW_CTX_EXECUTION_DATE='2023-03-01T00:00:00+00:00' AIRFLOW_CTX_TRY_NUMBER='2' AIRFLOW_CTX_DAG_RUN_ID='scheduled__2023-03-01T00:00:00+00:00'
[2026-06-25T17:25:06.316+0000] {taskinstance.py:430} INFO - ::endgroup::
[2026-06-25T17:25:06.320+0000] {subprocess.py:63} INFO - Tmp dir root location: /tmp
[2026-06-25T17:25:06.322+0000] {subprocess.py:75} INFO - Running command: ['/usr/bin/bash', '-c', 'cd /opt/***/scripts && python3 silver_processing.py --snapshotdate "2023-03-01" --source lms']
[2026-06-25T17:25:06.326+0000] {subprocess.py:86} INFO - Output:
[2026-06-25T17:25:07.189+0000] {subprocess.py:93} INFO - Setting default log level to "WARN".
[2026-06-25T17:25:07.190+0000] {subprocess.py:93} INFO - To adjust logging level use sc.setLogLevel(newLevel). For SparkR, use setLogLevel(newLevel).
[2026-06-25T17:25:07.265+0000] {subprocess.py:93} INFO - 26/06/25 17:25:07 WARN NativeCodeLoader: Unable to load native-hadoop library for your platform... using builtin-java classes where applicable
[2026-06-25T17:25:10.151+0000] {subprocess.py:93} INFO - 
[2026-06-25T17:25:10.152+0000] {subprocess.py:93} INFO - --- silver lms 2023-03-01 ---
[2026-06-25T17:25:10.152+0000] {subprocess.py:93} INFO - 
[2026-06-25T17:25:10.153+0000] {subprocess.py:93} INFO - [silver:lms] loaded datamart/bronze/lms/bronze_lms_2023_03_01.csv rows: 1537
[2026-06-25T17:25:10.153+0000] {subprocess.py:93} INFO - [silver:lms] cleared stale partition: datamart/silver/lms/2023_03_01.parquet
[2026-06-25T17:25:10.154+0000] {subprocess.py:93} INFO - [silver:lms] saved to: datamart/silver/lms/2023_03_01.parquet
[2026-06-25T17:25:10.154+0000] {subprocess.py:93} INFO - 
[2026-06-25T17:25:10.155+0000] {subprocess.py:93} INFO - --- done ---
[2026-06-25T17:25:10.156+0000] {subprocess.py:93} INFO - 
[2026-06-25T17:25:10.569+0000] {subprocess.py:97} INFO - Command exited with return code 0
[2026-06-25T17:25:10.570+0000] {taskinstance.py:441} INFO - ::group::Post task execution logs
[2026-06-25T17:25:10.584+0000] {taskinstance.py:1206} INFO - Marking task as SUCCESS. dag_id=credit_default_ml_pipeline, task_id=feature_pipeline.feature_silver_lms, run_id=scheduled__2023-03-01T00:00:00+00:00, execution_date=20230301T000000, start_date=20260625T172506, end_date=20260625T172510
[2026-06-25T17:25:10.612+0000] {local_task_job_runner.py:243} INFO - Task exited with return code 0
[2026-06-25T17:25:10.629+0000] {taskinstance.py:3503} INFO - 1 downstream tasks scheduled from follow-on schedule check
[2026-06-25T17:25:10.630+0000] {local_task_job_runner.py:222} INFO - ::endgroup::
[2026-06-26T01:29:33.521+0000] {local_task_job_runner.py:120} INFO - ::group::Pre task execution logs
[2026-06-26T01:29:33.534+0000] {taskinstance.py:2076} INFO - Dependencies all met for dep_context=non-requeueable deps ti=<TaskInstance: credit_default_ml_pipeline.feature_pipeline.feature_silver_lms scheduled__2023-03-01T00:00:00+00:00 [queued]>
[2026-06-26T01:29:33.538+0000] {taskinstance.py:2076} INFO - Dependencies all met for dep_context=requeueable deps ti=<TaskInstance: credit_default_ml_pipeline.feature_pipeline.feature_silver_lms scheduled__2023-03-01T00:00:00+00:00 [queued]>
[2026-06-26T01:29:33.538+0000] {taskinstance.py:2306} INFO - Starting attempt 2 of 2
[2026-06-26T01:29:33.542+0000] {taskinstance.py:2330} INFO - Executing <Task(BashOperator): feature_pipeline.feature_silver_lms> on 2023-03-01 00:00:00+00:00
[2026-06-26T01:29:33.546+0000] {logging_mixin.py:188} WARNING - /home/***/.local/lib/python3.12/site-packages/***/task/task_runner/standard_task_runner.py:62 DeprecationWarning: This process (pid=92571) is multi-threaded, use of fork() may lead to deadlocks in the child.
[2026-06-26T01:29:33.546+0000] {standard_task_runner.py:90} INFO - Running: ['***', 'tasks', 'run', 'credit_default_ml_pipeline', 'feature_pipeline.feature_silver_lms', 'scheduled__2023-03-01T00:00:00+00:00', '--job-id', '4878', '--raw', '--subdir', 'DAGS_FOLDER/dag.py', '--cfg-path', '/tmp/tmps_9vfg4_']
[2026-06-26T01:29:33.547+0000] {standard_task_runner.py:64} INFO - Started process 92573 to run task
[2026-06-26T01:29:33.547+0000] {standard_task_runner.py:91} INFO - Job 4878: Subtask feature_pipeline.feature_silver_lms
[2026-06-26T01:29:33.564+0000] {task_command.py:426} INFO - Running <TaskInstance: credit_default_ml_pipeline.feature_pipeline.feature_silver_lms scheduled__2023-03-01T00:00:00+00:00 [running]> on host b54b2be331ab
[2026-06-26T01:29:33.680+0000] {taskinstance.py:2648} INFO - Exporting env vars: AIRFLOW_CTX_DAG_OWNER='***' AIRFLOW_CTX_DAG_ID='credit_default_ml_pipeline' AIRFLOW_CTX_TASK_ID='feature_pipeline.feature_silver_lms' AIRFLOW_CTX_EXECUTION_DATE='2023-03-01T00:00:00+00:00' AIRFLOW_CTX_TRY_NUMBER='2' AIRFLOW_CTX_DAG_RUN_ID='scheduled__2023-03-01T00:00:00+00:00'
[2026-06-26T01:29:33.681+0000] {taskinstance.py:430} INFO - ::endgroup::
[2026-06-26T01:29:33.686+0000] {subprocess.py:63} INFO - Tmp dir root location: /tmp
[2026-06-26T01:29:33.687+0000] {subprocess.py:75} INFO - Running command: ['/usr/bin/bash', '-c', 'cd /opt/***/scripts && python3 silver_processing.py --snapshotdate "2023-03-01" --source lms']
[2026-06-26T01:29:33.692+0000] {subprocess.py:86} INFO - Output:
[2026-06-26T01:29:34.532+0000] {subprocess.py:93} INFO - Setting default log level to "WARN".
[2026-06-26T01:29:34.533+0000] {subprocess.py:93} INFO - To adjust logging level use sc.setLogLevel(newLevel). For SparkR, use setLogLevel(newLevel).
[2026-06-26T01:29:34.625+0000] {subprocess.py:93} INFO - 26/06/26 01:29:34 WARN NativeCodeLoader: Unable to load native-hadoop library for your platform... using builtin-java classes where applicable
[2026-06-26T01:29:37.499+0000] {subprocess.py:93} INFO - 
[2026-06-26T01:29:37.500+0000] {subprocess.py:93} INFO - --- silver lms 2023-03-01 ---
[2026-06-26T01:29:37.500+0000] {subprocess.py:93} INFO - 
[2026-06-26T01:29:37.501+0000] {subprocess.py:93} INFO - [silver:lms] loaded datamart/bronze/lms/bronze_lms_2023_03_01.csv rows: 1537
[2026-06-26T01:29:37.502+0000] {subprocess.py:93} INFO - [silver:lms] cleared stale partition: datamart/silver/lms/2023_03_01.parquet
[2026-06-26T01:29:37.502+0000] {subprocess.py:93} INFO - [silver:lms] saved to: datamart/silver/lms/2023_03_01.parquet
[2026-06-26T01:29:37.503+0000] {subprocess.py:93} INFO - 
[2026-06-26T01:29:37.504+0000] {subprocess.py:93} INFO - --- done ---
[2026-06-26T01:29:37.504+0000] {subprocess.py:93} INFO - 
[2026-06-26T01:29:37.936+0000] {subprocess.py:97} INFO - Command exited with return code 0
[2026-06-26T01:29:37.937+0000] {taskinstance.py:441} INFO - ::group::Post task execution logs
[2026-06-26T01:29:37.951+0000] {taskinstance.py:1206} INFO - Marking task as SUCCESS. dag_id=credit_default_ml_pipeline, task_id=feature_pipeline.feature_silver_lms, run_id=scheduled__2023-03-01T00:00:00+00:00, execution_date=20230301T000000, start_date=20260626T012933, end_date=20260626T012937
[2026-06-26T01:29:37.978+0000] {local_task_job_runner.py:243} INFO - Task exited with return code 0
[2026-06-26T01:29:37.998+0000] {taskinstance.py:3503} INFO - 1 downstream tasks scheduled from follow-on schedule check
[2026-06-26T01:29:38.000+0000] {local_task_job_runner.py:222} INFO - ::endgroup::
