[2026-06-18T03:43:27.218+0000] {local_task_job_runner.py:120} INFO - ::group::Pre task execution logs
[2026-06-18T03:43:27.247+0000] {taskinstance.py:2076} INFO - Dependencies all met for dep_context=non-requeueable deps ti=<TaskInstance: credit_default_ml_pipeline.feature_pipeline.feature_silver_lms scheduled__2023-03-01T00:00:00+00:00 [queued]>
[2026-06-18T03:43:27.258+0000] {taskinstance.py:2076} INFO - Dependencies all met for dep_context=requeueable deps ti=<TaskInstance: credit_default_ml_pipeline.feature_pipeline.feature_silver_lms scheduled__2023-03-01T00:00:00+00:00 [queued]>
[2026-06-18T03:43:27.259+0000] {taskinstance.py:2306} INFO - Starting attempt 4 of 5
[2026-06-18T03:43:27.270+0000] {taskinstance.py:2330} INFO - Executing <Task(BashOperator): feature_pipeline.feature_silver_lms> on 2023-03-01 00:00:00+00:00
[2026-06-18T03:43:27.280+0000] {logging_mixin.py:188} WARNING - /home/***/.local/lib/python3.12/site-packages/***/task/task_runner/standard_task_runner.py:62 DeprecationWarning: This process (pid=34549) is multi-threaded, use of fork() may lead to deadlocks in the child.
[2026-06-18T03:43:27.281+0000] {standard_task_runner.py:90} INFO - Running: ['***', 'tasks', 'run', 'credit_default_ml_pipeline', 'feature_pipeline.feature_silver_lms', 'scheduled__2023-03-01T00:00:00+00:00', '--job-id', '967', '--raw', '--subdir', 'DAGS_FOLDER/dag.py', '--cfg-path', '/tmp/tmpg0403n4p']
[2026-06-18T03:43:27.284+0000] {standard_task_runner.py:64} INFO - Started process 34557 to run task
[2026-06-18T03:43:27.284+0000] {standard_task_runner.py:91} INFO - Job 967: Subtask feature_pipeline.feature_silver_lms
[2026-06-18T03:43:27.326+0000] {task_command.py:426} INFO - Running <TaskInstance: credit_default_ml_pipeline.feature_pipeline.feature_silver_lms scheduled__2023-03-01T00:00:00+00:00 [running]> on host bfbc24b887a5
[2026-06-18T03:43:27.545+0000] {taskinstance.py:2648} INFO - Exporting env vars: AIRFLOW_CTX_DAG_OWNER='***' AIRFLOW_CTX_DAG_ID='credit_default_ml_pipeline' AIRFLOW_CTX_TASK_ID='feature_pipeline.feature_silver_lms' AIRFLOW_CTX_EXECUTION_DATE='2023-03-01T00:00:00+00:00' AIRFLOW_CTX_TRY_NUMBER='4' AIRFLOW_CTX_DAG_RUN_ID='scheduled__2023-03-01T00:00:00+00:00'
[2026-06-18T03:43:27.546+0000] {taskinstance.py:430} INFO - ::endgroup::
[2026-06-18T03:43:27.555+0000] {subprocess.py:63} INFO - Tmp dir root location: /tmp
[2026-06-18T03:43:27.556+0000] {subprocess.py:75} INFO - Running command: ['/usr/bin/bash', '-c', 'cd /opt/***/scripts && python3 silver_processing.py --snapshotdate "2023-03-01" --source lms']
[2026-06-18T03:43:27.564+0000] {subprocess.py:86} INFO - Output:
[2026-06-18T03:43:30.584+0000] {subprocess.py:93} INFO - Setting default log level to "WARN".
[2026-06-18T03:43:30.590+0000] {subprocess.py:93} INFO - To adjust logging level use sc.setLogLevel(newLevel). For SparkR, use setLogLevel(newLevel).
[2026-06-18T03:43:30.827+0000] {subprocess.py:93} INFO - 26/06/18 03:43:30 WARN NativeCodeLoader: Unable to load native-hadoop library for your platform... using builtin-java classes where applicable
[2026-06-18T03:43:43.535+0000] {subprocess.py:93} INFO - [Stage 5:>                                                          (0 + 1) / 1][Stage 5:===========================================================(1 + 0) / 1]
[2026-06-18T03:43:43.537+0000] {subprocess.py:93} INFO - --- silver lms 2023-03-01 ---
[2026-06-18T03:43:43.538+0000] {subprocess.py:93} INFO - 
[2026-06-18T03:43:43.540+0000] {subprocess.py:93} INFO - [silver:lms] loaded datamart/bronze/lms/bronze_lms_2023_03_01.csv rows: 1537
[2026-06-18T03:43:43.541+0000] {subprocess.py:93} INFO - [silver:lms] saved to: datamart/silver/lms/2023_03_01.parquet
[2026-06-18T03:43:43.542+0000] {subprocess.py:93} INFO - 
[2026-06-18T03:43:43.544+0000] {subprocess.py:93} INFO - --- done ---
[2026-06-18T03:43:43.545+0000] {subprocess.py:93} INFO - 
[2026-06-18T03:43:43.995+0000] {subprocess.py:97} INFO - Command exited with return code 0
[2026-06-18T03:43:43.998+0000] {taskinstance.py:441} INFO - ::group::Post task execution logs
[2026-06-18T03:43:44.041+0000] {taskinstance.py:1206} INFO - Marking task as SUCCESS. dag_id=credit_default_ml_pipeline, task_id=feature_pipeline.feature_silver_lms, run_id=scheduled__2023-03-01T00:00:00+00:00, execution_date=20230301T000000, start_date=20260618T034327, end_date=20260618T034344
[2026-06-18T03:43:44.098+0000] {local_task_job_runner.py:243} INFO - Task exited with return code 0
[2026-06-18T03:43:44.116+0000] {local_task_job_runner.py:222} INFO - ::endgroup::
