[2026-06-16T11:20:10.065+0000] {local_task_job_runner.py:120} INFO - ::group::Pre task execution logs
[2026-06-16T11:20:10.096+0000] {taskinstance.py:2076} INFO - Dependencies all met for dep_context=non-requeueable deps ti=<TaskInstance: credit_default_ml_pipeline.feature_bronze_financials scheduled__2023-01-01T00:00:00+00:00 [queued]>
[2026-06-16T11:20:10.107+0000] {taskinstance.py:2076} INFO - Dependencies all met for dep_context=requeueable deps ti=<TaskInstance: credit_default_ml_pipeline.feature_bronze_financials scheduled__2023-01-01T00:00:00+00:00 [queued]>
[2026-06-16T11:20:10.107+0000] {taskinstance.py:2306} INFO - Starting attempt 1 of 2
[2026-06-16T11:20:10.120+0000] {taskinstance.py:2330} INFO - Executing <Task(BashOperator): feature_bronze_financials> on 2023-01-01 00:00:00+00:00
[2026-06-16T11:20:10.126+0000] {standard_task_runner.py:90} INFO - Running: ['***', 'tasks', 'run', 'credit_default_ml_pipeline', 'feature_bronze_financials', 'scheduled__2023-01-01T00:00:00+00:00', '--job-id', '2', '--raw', '--subdir', 'DAGS_FOLDER/dag.py', '--cfg-path', '/tmp/tmpel_2pjcp']
[2026-06-16T11:20:10.128+0000] {logging_mixin.py:188} WARNING - /home/***/.local/lib/python3.12/site-packages/***/task/task_runner/standard_task_runner.py:62 DeprecationWarning: This process (pid=172) is multi-threaded, use of fork() may lead to deadlocks in the child.
[2026-06-16T11:20:10.129+0000] {standard_task_runner.py:91} INFO - Job 2: Subtask feature_bronze_financials
[2026-06-16T11:20:10.129+0000] {standard_task_runner.py:64} INFO - Started process 177 to run task
[2026-06-16T11:20:10.170+0000] {task_command.py:426} INFO - Running <TaskInstance: credit_default_ml_pipeline.feature_bronze_financials scheduled__2023-01-01T00:00:00+00:00 [running]> on host 1cab6e97738a
[2026-06-16T11:20:10.221+0000] {taskinstance.py:2648} INFO - Exporting env vars: AIRFLOW_CTX_DAG_OWNER='***' AIRFLOW_CTX_DAG_ID='credit_default_ml_pipeline' AIRFLOW_CTX_TASK_ID='feature_bronze_financials' AIRFLOW_CTX_EXECUTION_DATE='2023-01-01T00:00:00+00:00' AIRFLOW_CTX_TRY_NUMBER='1' AIRFLOW_CTX_DAG_RUN_ID='scheduled__2023-01-01T00:00:00+00:00'
[2026-06-16T11:20:10.222+0000] {taskinstance.py:430} INFO - ::endgroup::
[2026-06-16T11:20:10.231+0000] {subprocess.py:63} INFO - Tmp dir root location: /tmp
[2026-06-16T11:20:10.232+0000] {subprocess.py:75} INFO - Running command: ['/usr/bin/bash', '-c', 'cd /opt/***/scripts && python3 bronze_processing.py --snapshotdate "2023-01-01" --source financials']
[2026-06-16T11:20:10.239+0000] {subprocess.py:86} INFO - Output:
[2026-06-16T11:20:12.266+0000] {subprocess.py:93} INFO - Setting default log level to "WARN".
[2026-06-16T11:20:12.268+0000] {subprocess.py:93} INFO - To adjust logging level use sc.setLogLevel(newLevel). For SparkR, use setLogLevel(newLevel).
[2026-06-16T11:20:12.478+0000] {subprocess.py:93} INFO - 26/06/16 11:20:12 WARN NativeCodeLoader: Unable to load native-hadoop library for your platform... using builtin-java classes where applicable
[2026-06-16T11:20:13.080+0000] {subprocess.py:93} INFO - 26/06/16 11:20:13 WARN Utils: Service 'SparkUI' could not bind on port 4040. Attempting port 4041.
[2026-06-16T11:20:13.082+0000] {subprocess.py:93} INFO - 26/06/16 11:20:13 WARN Utils: Service 'SparkUI' could not bind on port 4041. Attempting port 4042.
[2026-06-16T11:20:20.424+0000] {subprocess.py:93} INFO - [Stage 1:>                                                          (0 + 1) / 1]
[2026-06-16T11:20:20.427+0000] {subprocess.py:93} INFO - --- bronze financials 2023-01-01 ---
[2026-06-16T11:20:20.428+0000] {subprocess.py:93} INFO - 
[2026-06-16T11:20:20.428+0000] {subprocess.py:93} INFO - [bronze:financials] 2023-01-01 row count: 530
[2026-06-16T11:20:20.429+0000] {subprocess.py:93} INFO - [bronze:financials] saved to: datamart/bronze/financials/bronze_financials_2023_01_01.csv
[2026-06-16T11:20:20.430+0000] {subprocess.py:93} INFO - 
[2026-06-16T11:20:20.431+0000] {subprocess.py:93} INFO - --- done ---
[2026-06-16T11:20:20.431+0000] {subprocess.py:93} INFO - 
[2026-06-16T11:20:20.896+0000] {subprocess.py:97} INFO - Command exited with return code 0
[2026-06-16T11:20:20.898+0000] {taskinstance.py:441} INFO - ::group::Post task execution logs
[2026-06-16T11:20:20.946+0000] {taskinstance.py:1206} INFO - Marking task as SUCCESS. dag_id=credit_default_ml_pipeline, task_id=feature_bronze_financials, run_id=scheduled__2023-01-01T00:00:00+00:00, execution_date=20230101T000000, start_date=20260616T112010, end_date=20260616T112020
[2026-06-16T11:20:20.978+0000] {local_task_job_runner.py:243} INFO - Task exited with return code 0
[2026-06-16T11:20:21.012+0000] {taskinstance.py:3503} INFO - 1 downstream tasks scheduled from follow-on schedule check
[2026-06-16T11:20:21.014+0000] {local_task_job_runner.py:222} INFO - ::endgroup::
