[2026-06-18T04:13:58.787+0000] {local_task_job_runner.py:120} INFO - ::group::Pre task execution logs
[2026-06-18T04:13:58.807+0000] {taskinstance.py:2076} INFO - Dependencies all met for dep_context=non-requeueable deps ti=<TaskInstance: credit_default_ml_pipeline.feature_pipeline.feature_bronze_financials scheduled__2024-03-01T00:00:00+00:00 [queued]>
[2026-06-18T04:13:58.813+0000] {taskinstance.py:2076} INFO - Dependencies all met for dep_context=requeueable deps ti=<TaskInstance: credit_default_ml_pipeline.feature_pipeline.feature_bronze_financials scheduled__2024-03-01T00:00:00+00:00 [queued]>
[2026-06-18T04:13:58.815+0000] {taskinstance.py:2306} INFO - Starting attempt 3 of 4
[2026-06-18T04:13:58.824+0000] {taskinstance.py:2330} INFO - Executing <Task(BashOperator): feature_pipeline.feature_bronze_financials> on 2024-03-01 00:00:00+00:00
[2026-06-18T04:13:58.830+0000] {logging_mixin.py:188} WARNING - /home/***/.local/lib/python3.12/site-packages/***/task/task_runner/standard_task_runner.py:62 DeprecationWarning: This process (pid=69062) is multi-threaded, use of fork() may lead to deadlocks in the child.
[2026-06-18T04:13:58.831+0000] {standard_task_runner.py:64} INFO - Started process 69068 to run task
[2026-06-18T04:13:58.831+0000] {standard_task_runner.py:90} INFO - Running: ['***', 'tasks', 'run', 'credit_default_ml_pipeline', 'feature_pipeline.feature_bronze_financials', 'scheduled__2024-03-01T00:00:00+00:00', '--job-id', '1158', '--raw', '--subdir', 'DAGS_FOLDER/dag.py', '--cfg-path', '/tmp/tmprqzxr89r']
[2026-06-18T04:13:58.833+0000] {standard_task_runner.py:91} INFO - Job 1158: Subtask feature_pipeline.feature_bronze_financials
[2026-06-18T04:13:58.864+0000] {task_command.py:426} INFO - Running <TaskInstance: credit_default_ml_pipeline.feature_pipeline.feature_bronze_financials scheduled__2024-03-01T00:00:00+00:00 [running]> on host bfbc24b887a5
[2026-06-18T04:13:59.068+0000] {taskinstance.py:2648} INFO - Exporting env vars: AIRFLOW_CTX_DAG_OWNER='***' AIRFLOW_CTX_DAG_ID='credit_default_ml_pipeline' AIRFLOW_CTX_TASK_ID='feature_pipeline.feature_bronze_financials' AIRFLOW_CTX_EXECUTION_DATE='2024-03-01T00:00:00+00:00' AIRFLOW_CTX_TRY_NUMBER='3' AIRFLOW_CTX_DAG_RUN_ID='scheduled__2024-03-01T00:00:00+00:00'
[2026-06-18T04:13:59.070+0000] {taskinstance.py:430} INFO - ::endgroup::
[2026-06-18T04:13:59.078+0000] {subprocess.py:63} INFO - Tmp dir root location: /tmp
[2026-06-18T04:13:59.080+0000] {subprocess.py:75} INFO - Running command: ['/usr/bin/bash', '-c', 'cd /opt/***/scripts && python3 bronze_processing.py --snapshotdate "2024-03-01" --source financials']
[2026-06-18T04:13:59.090+0000] {subprocess.py:86} INFO - Output:
[2026-06-18T04:14:01.866+0000] {subprocess.py:93} INFO - Setting default log level to "WARN".
[2026-06-18T04:14:01.875+0000] {subprocess.py:93} INFO - To adjust logging level use sc.setLogLevel(newLevel). For SparkR, use setLogLevel(newLevel).
[2026-06-18T04:14:02.184+0000] {subprocess.py:93} INFO - 26/06/18 04:14:02 WARN NativeCodeLoader: Unable to load native-hadoop library for your platform... using builtin-java classes where applicable
[2026-06-18T04:14:03.323+0000] {subprocess.py:93} INFO - 26/06/18 04:14:03 WARN Utils: Service 'SparkUI' could not bind on port 4040. Attempting port 4041.
[2026-06-18T04:14:13.278+0000] {subprocess.py:93} INFO - [Stage 1:>                                                          (0 + 1) / 1]                                                                                [Stage 2:>                                                          (0 + 1) / 1]
[2026-06-18T04:14:13.286+0000] {subprocess.py:93} INFO - --- bronze financials 2024-03-01 ---
[2026-06-18T04:14:13.291+0000] {subprocess.py:93} INFO - 
[2026-06-18T04:14:13.313+0000] {subprocess.py:93} INFO - [bronze:financials] 2024-03-01 row count: 511
[2026-06-18T04:14:13.320+0000] {subprocess.py:93} INFO - [bronze:financials] saved to: datamart/bronze/financials/bronze_financials_2024_03_01.csv
[2026-06-18T04:14:13.325+0000] {subprocess.py:93} INFO - 
[2026-06-18T04:14:13.334+0000] {subprocess.py:93} INFO - --- done ---
[2026-06-18T04:14:13.357+0000] {subprocess.py:93} INFO - 
[2026-06-18T04:14:14.028+0000] {subprocess.py:97} INFO - Command exited with return code 0
[2026-06-18T04:14:14.035+0000] {taskinstance.py:441} INFO - ::group::Post task execution logs
[2026-06-18T04:14:14.101+0000] {taskinstance.py:1206} INFO - Marking task as SUCCESS. dag_id=credit_default_ml_pipeline, task_id=feature_pipeline.feature_bronze_financials, run_id=scheduled__2024-03-01T00:00:00+00:00, execution_date=20240301T000000, start_date=20260618T041358, end_date=20260618T041414
[2026-06-18T04:14:14.160+0000] {local_task_job_runner.py:243} INFO - Task exited with return code 0
[2026-06-18T04:14:14.662+0000] {taskinstance.py:3503} INFO - 1 downstream tasks scheduled from follow-on schedule check
[2026-06-18T04:14:14.665+0000] {local_task_job_runner.py:222} INFO - ::endgroup::
