[2026-06-17T01:01:35.149+0000] {local_task_job_runner.py:120} INFO - ::group::Pre task execution logs
[2026-06-17T01:01:35.166+0000] {taskinstance.py:2076} INFO - Dependencies all met for dep_context=non-requeueable deps ti=<TaskInstance: credit_default_ml_pipeline.label_pipeline.label_bronze_lms scheduled__2023-12-01T00:00:00+00:00 [queued]>
[2026-06-17T01:01:35.174+0000] {taskinstance.py:2076} INFO - Dependencies all met for dep_context=requeueable deps ti=<TaskInstance: credit_default_ml_pipeline.label_pipeline.label_bronze_lms scheduled__2023-12-01T00:00:00+00:00 [queued]>
[2026-06-17T01:01:35.175+0000] {taskinstance.py:2306} INFO - Starting attempt 3 of 4
[2026-06-17T01:01:35.180+0000] {taskinstance.py:2330} INFO - Executing <Task(BashOperator): label_pipeline.label_bronze_lms> on 2023-12-01 00:00:00+00:00
[2026-06-17T01:01:35.184+0000] {logging_mixin.py:188} WARNING - /home/***/.local/lib/python3.12/site-packages/***/task/task_runner/standard_task_runner.py:62 DeprecationWarning: This process (pid=74728) is multi-threaded, use of fork() may lead to deadlocks in the child.
[2026-06-17T01:01:35.185+0000] {standard_task_runner.py:64} INFO - Started process 74734 to run task
[2026-06-17T01:01:35.185+0000] {standard_task_runner.py:90} INFO - Running: ['***', 'tasks', 'run', 'credit_default_ml_pipeline', 'label_pipeline.label_bronze_lms', 'scheduled__2023-12-01T00:00:00+00:00', '--job-id', '599', '--raw', '--subdir', 'DAGS_FOLDER/dag.py', '--cfg-path', '/tmp/tmp5r62ysxb']
[2026-06-17T01:01:35.187+0000] {standard_task_runner.py:91} INFO - Job 599: Subtask label_pipeline.label_bronze_lms
[2026-06-17T01:01:35.212+0000] {task_command.py:426} INFO - Running <TaskInstance: credit_default_ml_pipeline.label_pipeline.label_bronze_lms scheduled__2023-12-01T00:00:00+00:00 [running]> on host 2b9b50b7433d
[2026-06-17T01:01:35.244+0000] {taskinstance.py:2648} INFO - Exporting env vars: AIRFLOW_CTX_DAG_OWNER='***' AIRFLOW_CTX_DAG_ID='credit_default_ml_pipeline' AIRFLOW_CTX_TASK_ID='label_pipeline.label_bronze_lms' AIRFLOW_CTX_EXECUTION_DATE='2023-12-01T00:00:00+00:00' AIRFLOW_CTX_TRY_NUMBER='3' AIRFLOW_CTX_DAG_RUN_ID='scheduled__2023-12-01T00:00:00+00:00'
[2026-06-17T01:01:35.245+0000] {taskinstance.py:430} INFO - ::endgroup::
[2026-06-17T01:01:35.254+0000] {subprocess.py:63} INFO - Tmp dir root location: /tmp
[2026-06-17T01:01:35.254+0000] {subprocess.py:75} INFO - Running command: ['/usr/bin/bash', '-c', 'cd /opt/***/scripts && python3 bronze_processing.py --snapshotdate "2023-12-01" --source lms']
[2026-06-17T01:01:35.258+0000] {subprocess.py:86} INFO - Output:
[2026-06-17T01:01:36.738+0000] {subprocess.py:93} INFO - Setting default log level to "WARN".
[2026-06-17T01:01:36.741+0000] {subprocess.py:93} INFO - To adjust logging level use sc.setLogLevel(newLevel). For SparkR, use setLogLevel(newLevel).
[2026-06-17T01:01:36.925+0000] {subprocess.py:93} INFO - 26/06/17 01:01:36 WARN NativeCodeLoader: Unable to load native-hadoop library for your platform... using builtin-java classes where applicable
[2026-06-17T01:01:37.467+0000] {subprocess.py:93} INFO - 26/06/17 01:01:37 WARN Utils: Service 'SparkUI' could not bind on port 4040. Attempting port 4041.
[2026-06-17T01:01:43.726+0000] {subprocess.py:93} INFO - [Stage 1:>                                                          (0 + 3) / 3]
[2026-06-17T01:01:43.728+0000] {subprocess.py:93} INFO - --- bronze lms 2023-12-01 ---
[2026-06-17T01:01:43.729+0000] {subprocess.py:93} INFO - 
[2026-06-17T01:01:43.729+0000] {subprocess.py:93} INFO - [bronze:lms] 2023-12-01 row count: 5428
[2026-06-17T01:01:43.730+0000] {subprocess.py:93} INFO - [bronze:lms] saved to: datamart/bronze/lms/bronze_lms_2023_12_01.csv
[2026-06-17T01:01:43.730+0000] {subprocess.py:93} INFO - 
[2026-06-17T01:01:43.731+0000] {subprocess.py:93} INFO - --- done ---
[2026-06-17T01:01:43.732+0000] {subprocess.py:93} INFO - 
[2026-06-17T01:01:44.221+0000] {subprocess.py:97} INFO - Command exited with return code 0
[2026-06-17T01:01:44.223+0000] {taskinstance.py:441} INFO - ::group::Post task execution logs
[2026-06-17T01:01:44.254+0000] {taskinstance.py:1206} INFO - Marking task as SUCCESS. dag_id=credit_default_ml_pipeline, task_id=label_pipeline.label_bronze_lms, run_id=scheduled__2023-12-01T00:00:00+00:00, execution_date=20231201T000000, start_date=20260617T010135, end_date=20260617T010144
[2026-06-17T01:01:44.271+0000] {local_task_job_runner.py:243} INFO - Task exited with return code 0
[2026-06-17T01:01:44.286+0000] {local_task_job_runner.py:222} INFO - ::endgroup::
