[2026-06-18T04:03:19.572+0000] {local_task_job_runner.py:120} INFO - ::group::Pre task execution logs
[2026-06-18T04:03:19.614+0000] {taskinstance.py:2076} INFO - Dependencies all met for dep_context=non-requeueable deps ti=<TaskInstance: credit_default_ml_pipeline.feature_pipeline.feature_silver_clickstream scheduled__2023-11-01T00:00:00+00:00 [queued]>
[2026-06-18T04:03:19.628+0000] {taskinstance.py:2076} INFO - Dependencies all met for dep_context=requeueable deps ti=<TaskInstance: credit_default_ml_pipeline.feature_pipeline.feature_silver_clickstream scheduled__2023-11-01T00:00:00+00:00 [queued]>
[2026-06-18T04:03:19.631+0000] {taskinstance.py:2306} INFO - Starting attempt 3 of 4
[2026-06-18T04:03:19.643+0000] {taskinstance.py:2330} INFO - Executing <Task(BashOperator): feature_pipeline.feature_silver_clickstream> on 2023-11-01 00:00:00+00:00
[2026-06-18T04:03:19.661+0000] {logging_mixin.py:188} WARNING - /home/***/.local/lib/python3.12/site-packages/***/task/task_runner/standard_task_runner.py:62 DeprecationWarning: This process (pid=57040) is multi-threaded, use of fork() may lead to deadlocks in the child.
[2026-06-18T04:03:19.665+0000] {standard_task_runner.py:64} INFO - Started process 57264 to run task
[2026-06-18T04:03:19.664+0000] {standard_task_runner.py:90} INFO - Running: ['***', 'tasks', 'run', 'credit_default_ml_pipeline', 'feature_pipeline.feature_silver_clickstream', 'scheduled__2023-11-01T00:00:00+00:00', '--job-id', '1094', '--raw', '--subdir', 'DAGS_FOLDER/dag.py', '--cfg-path', '/tmp/tmp5sgc3f6i']
[2026-06-18T04:03:19.668+0000] {standard_task_runner.py:91} INFO - Job 1094: Subtask feature_pipeline.feature_silver_clickstream
[2026-06-18T04:03:19.735+0000] {task_command.py:426} INFO - Running <TaskInstance: credit_default_ml_pipeline.feature_pipeline.feature_silver_clickstream scheduled__2023-11-01T00:00:00+00:00 [running]> on host bfbc24b887a5
[2026-06-18T04:03:20.024+0000] {taskinstance.py:2648} INFO - Exporting env vars: AIRFLOW_CTX_DAG_OWNER='***' AIRFLOW_CTX_DAG_ID='credit_default_ml_pipeline' AIRFLOW_CTX_TASK_ID='feature_pipeline.feature_silver_clickstream' AIRFLOW_CTX_EXECUTION_DATE='2023-11-01T00:00:00+00:00' AIRFLOW_CTX_TRY_NUMBER='3' AIRFLOW_CTX_DAG_RUN_ID='scheduled__2023-11-01T00:00:00+00:00'
[2026-06-18T04:03:20.026+0000] {taskinstance.py:430} INFO - ::endgroup::
[2026-06-18T04:03:20.048+0000] {subprocess.py:63} INFO - Tmp dir root location: /tmp
[2026-06-18T04:03:20.056+0000] {subprocess.py:75} INFO - Running command: ['/usr/bin/bash', '-c', 'cd /opt/***/scripts && python3 silver_processing.py --snapshotdate "2023-11-01" --source clickstream']
[2026-06-18T04:03:20.076+0000] {subprocess.py:86} INFO - Output:
[2026-06-18T04:03:22.826+0000] {subprocess.py:93} INFO - Setting default log level to "WARN".
[2026-06-18T04:03:22.830+0000] {subprocess.py:93} INFO - To adjust logging level use sc.setLogLevel(newLevel). For SparkR, use setLogLevel(newLevel).
[2026-06-18T04:03:23.125+0000] {subprocess.py:93} INFO - 26/06/18 04:03:23 WARN NativeCodeLoader: Unable to load native-hadoop library for your platform... using builtin-java classes where applicable
[2026-06-18T04:03:24.027+0000] {subprocess.py:93} INFO - 26/06/18 04:03:24 WARN Utils: Service 'SparkUI' could not bind on port 4040. Attempting port 4041.
[2026-06-18T04:03:24.029+0000] {subprocess.py:93} INFO - 26/06/18 04:03:24 WARN Utils: Service 'SparkUI' could not bind on port 4041. Attempting port 4042.
[2026-06-18T04:03:24.030+0000] {subprocess.py:93} INFO - 26/06/18 04:03:24 WARN Utils: Service 'SparkUI' could not bind on port 4042. Attempting port 4043.
[2026-06-18T04:03:24.031+0000] {subprocess.py:93} INFO - 26/06/18 04:03:24 WARN Utils: Service 'SparkUI' could not bind on port 4043. Attempting port 4044.
[2026-06-18T04:03:34.075+0000] {subprocess.py:93} INFO - [Stage 5:>                                                          (0 + 1) / 1]
[2026-06-18T04:03:34.076+0000] {subprocess.py:93} INFO - --- silver clickstream 2023-11-01 ---
[2026-06-18T04:03:34.077+0000] {subprocess.py:93} INFO - 
[2026-06-18T04:03:34.078+0000] {subprocess.py:93} INFO - [silver:clickstream] loaded datamart/bronze/clickstream/bronze_clickstream_2023_11_01.csv rows: 8974
[2026-06-18T04:03:34.079+0000] {subprocess.py:93} INFO - [silver:clickstream] saved to: datamart/silver/clickstream/2023_11_01.parquet
[2026-06-18T04:03:34.080+0000] {subprocess.py:93} INFO - 
[2026-06-18T04:03:34.081+0000] {subprocess.py:93} INFO - --- done ---
[2026-06-18T04:03:34.082+0000] {subprocess.py:93} INFO - 
[2026-06-18T04:03:34.570+0000] {subprocess.py:97} INFO - Command exited with return code 0
[2026-06-18T04:03:34.575+0000] {taskinstance.py:441} INFO - ::group::Post task execution logs
[2026-06-18T04:03:34.609+0000] {taskinstance.py:1206} INFO - Marking task as SUCCESS. dag_id=credit_default_ml_pipeline, task_id=feature_pipeline.feature_silver_clickstream, run_id=scheduled__2023-11-01T00:00:00+00:00, execution_date=20231101T000000, start_date=20260618T040319, end_date=20260618T040334
[2026-06-18T04:03:34.649+0000] {local_task_job_runner.py:243} INFO - Task exited with return code 0
[2026-06-18T04:03:34.910+0000] {taskinstance.py:3503} INFO - 0 downstream tasks scheduled from follow-on schedule check
[2026-06-18T04:03:34.912+0000] {local_task_job_runner.py:222} INFO - ::endgroup::
