[2026-06-18T04:30:00.941+0000] {local_task_job_runner.py:120} INFO - ::group::Pre task execution logs
[2026-06-18T04:30:00.971+0000] {taskinstance.py:2076} INFO - Dependencies all met for dep_context=non-requeueable deps ti=<TaskInstance: credit_default_ml_pipeline.feature_pipeline.feature_silver_clickstream scheduled__2024-08-01T00:00:00+00:00 [queued]>
[2026-06-18T04:30:00.984+0000] {taskinstance.py:2076} INFO - Dependencies all met for dep_context=requeueable deps ti=<TaskInstance: credit_default_ml_pipeline.feature_pipeline.feature_silver_clickstream scheduled__2024-08-01T00:00:00+00:00 [queued]>
[2026-06-18T04:30:00.985+0000] {taskinstance.py:2306} INFO - Starting attempt 3 of 4
[2026-06-18T04:30:00.998+0000] {taskinstance.py:2330} INFO - Executing <Task(BashOperator): feature_pipeline.feature_silver_clickstream> on 2024-08-01 00:00:00+00:00
[2026-06-18T04:30:01.007+0000] {logging_mixin.py:188} WARNING - /home/***/.local/lib/python3.12/site-packages/***/task/task_runner/standard_task_runner.py:62 DeprecationWarning: This process (pid=86332) is multi-threaded, use of fork() may lead to deadlocks in the child.
[2026-06-18T04:30:01.010+0000] {standard_task_runner.py:64} INFO - Started process 86448 to run task
[2026-06-18T04:30:01.007+0000] {standard_task_runner.py:90} INFO - Running: ['***', 'tasks', 'run', 'credit_default_ml_pipeline', 'feature_pipeline.feature_silver_clickstream', 'scheduled__2024-08-01T00:00:00+00:00', '--job-id', '1253', '--raw', '--subdir', 'DAGS_FOLDER/dag.py', '--cfg-path', '/tmp/tmpqwg47a6r']
[2026-06-18T04:30:01.011+0000] {standard_task_runner.py:91} INFO - Job 1253: Subtask feature_pipeline.feature_silver_clickstream
[2026-06-18T04:30:01.064+0000] {task_command.py:426} INFO - Running <TaskInstance: credit_default_ml_pipeline.feature_pipeline.feature_silver_clickstream scheduled__2024-08-01T00:00:00+00:00 [running]> on host bfbc24b887a5
[2026-06-18T04:30:01.413+0000] {taskinstance.py:2648} INFO - Exporting env vars: AIRFLOW_CTX_DAG_OWNER='***' AIRFLOW_CTX_DAG_ID='credit_default_ml_pipeline' AIRFLOW_CTX_TASK_ID='feature_pipeline.feature_silver_clickstream' AIRFLOW_CTX_EXECUTION_DATE='2024-08-01T00:00:00+00:00' AIRFLOW_CTX_TRY_NUMBER='3' AIRFLOW_CTX_DAG_RUN_ID='scheduled__2024-08-01T00:00:00+00:00'
[2026-06-18T04:30:01.415+0000] {taskinstance.py:430} INFO - ::endgroup::
[2026-06-18T04:30:01.440+0000] {subprocess.py:63} INFO - Tmp dir root location: /tmp
[2026-06-18T04:30:01.445+0000] {subprocess.py:75} INFO - Running command: ['/usr/bin/bash', '-c', 'cd /opt/***/scripts && python3 silver_processing.py --snapshotdate "2024-08-01" --source clickstream']
[2026-06-18T04:30:01.464+0000] {subprocess.py:86} INFO - Output:
[2026-06-18T04:30:05.036+0000] {subprocess.py:93} INFO - Setting default log level to "WARN".
[2026-06-18T04:30:05.038+0000] {subprocess.py:93} INFO - To adjust logging level use sc.setLogLevel(newLevel). For SparkR, use setLogLevel(newLevel).
[2026-06-18T04:30:05.351+0000] {subprocess.py:93} INFO - 26/06/18 04:30:05 WARN NativeCodeLoader: Unable to load native-hadoop library for your platform... using builtin-java classes where applicable
[2026-06-18T04:30:06.605+0000] {subprocess.py:93} INFO - 26/06/18 04:30:06 WARN Utils: Service 'SparkUI' could not bind on port 4040. Attempting port 4041.
[2026-06-18T04:30:06.611+0000] {subprocess.py:93} INFO - 26/06/18 04:30:06 WARN Utils: Service 'SparkUI' could not bind on port 4041. Attempting port 4042.
[2026-06-18T04:30:06.614+0000] {subprocess.py:93} INFO - 26/06/18 04:30:06 WARN Utils: Service 'SparkUI' could not bind on port 4042. Attempting port 4043.
[2026-06-18T04:30:19.729+0000] {subprocess.py:93} INFO - [Stage 0:>                                                          (0 + 1) / 1]                                                                                [Stage 5:>                                                          (0 + 1) / 1]
[2026-06-18T04:30:19.735+0000] {subprocess.py:93} INFO - --- silver clickstream 2024-08-01 ---
[2026-06-18T04:30:19.736+0000] {subprocess.py:93} INFO - 
[2026-06-18T04:30:19.738+0000] {subprocess.py:93} INFO - [silver:clickstream] loaded datamart/bronze/clickstream/bronze_clickstream_2024_08_01.csv rows: 8974
[2026-06-18T04:30:19.741+0000] {subprocess.py:93} INFO - [silver:clickstream] saved to: datamart/silver/clickstream/2024_08_01.parquet
[2026-06-18T04:30:19.743+0000] {subprocess.py:93} INFO - 
[2026-06-18T04:30:19.745+0000] {subprocess.py:93} INFO - --- done ---
[2026-06-18T04:30:19.747+0000] {subprocess.py:93} INFO - 
[2026-06-18T04:30:20.287+0000] {subprocess.py:97} INFO - Command exited with return code 0
[2026-06-18T04:30:20.294+0000] {taskinstance.py:441} INFO - ::group::Post task execution logs
[2026-06-18T04:30:20.400+0000] {taskinstance.py:1206} INFO - Marking task as SUCCESS. dag_id=credit_default_ml_pipeline, task_id=feature_pipeline.feature_silver_clickstream, run_id=scheduled__2024-08-01T00:00:00+00:00, execution_date=20240801T000000, start_date=20260618T043000, end_date=20260618T043020
[2026-06-18T04:30:20.474+0000] {local_task_job_runner.py:243} INFO - Task exited with return code 0
[2026-06-18T04:30:20.503+0000] {local_task_job_runner.py:222} INFO - ::endgroup::
