[2026-06-18T02:30:42.006+0000] {local_task_job_runner.py:120} INFO - ::group::Pre task execution logs
[2026-06-18T02:30:42.020+0000] {taskinstance.py:2076} INFO - Dependencies all met for dep_context=non-requeueable deps ti=<TaskInstance: credit_default_ml_pipeline.monitoring.evidently_drift_report scheduled__2023-03-01T00:00:00+00:00 [queued]>
[2026-06-18T02:30:42.023+0000] {taskinstance.py:2076} INFO - Dependencies all met for dep_context=requeueable deps ti=<TaskInstance: credit_default_ml_pipeline.monitoring.evidently_drift_report scheduled__2023-03-01T00:00:00+00:00 [queued]>
[2026-06-18T02:30:42.024+0000] {taskinstance.py:2306} INFO - Starting attempt 1 of 2
[2026-06-18T02:30:42.029+0000] {taskinstance.py:2330} INFO - Executing <Task(BashOperator): monitoring.evidently_drift_report> on 2023-03-01 00:00:00+00:00
[2026-06-18T02:30:42.034+0000] {logging_mixin.py:188} WARNING - /home/***/.local/lib/python3.12/site-packages/***/task/task_runner/standard_task_runner.py:62 DeprecationWarning: This process (pid=19739) is multi-threaded, use of fork() may lead to deadlocks in the child.
[2026-06-18T02:30:42.035+0000] {standard_task_runner.py:64} INFO - Started process 19745 to run task
[2026-06-18T02:30:42.040+0000] {standard_task_runner.py:90} INFO - Running: ['***', 'tasks', 'run', 'credit_default_ml_pipeline', 'monitoring.evidently_drift_report', 'scheduled__2023-03-01T00:00:00+00:00', '--job-id', '892', '--raw', '--subdir', 'DAGS_FOLDER/dag.py', '--cfg-path', '/tmp/tmp_f_6utmm']
[2026-06-18T02:30:42.042+0000] {standard_task_runner.py:91} INFO - Job 892: Subtask monitoring.evidently_drift_report
[2026-06-18T02:30:42.066+0000] {task_command.py:426} INFO - Running <TaskInstance: credit_default_ml_pipeline.monitoring.evidently_drift_report scheduled__2023-03-01T00:00:00+00:00 [running]> on host bfbc24b887a5
[2026-06-18T02:30:42.225+0000] {taskinstance.py:2648} INFO - Exporting env vars: AIRFLOW_CTX_DAG_OWNER='***' AIRFLOW_CTX_DAG_ID='credit_default_ml_pipeline' AIRFLOW_CTX_TASK_ID='monitoring.evidently_drift_report' AIRFLOW_CTX_EXECUTION_DATE='2023-03-01T00:00:00+00:00' AIRFLOW_CTX_TRY_NUMBER='1' AIRFLOW_CTX_DAG_RUN_ID='scheduled__2023-03-01T00:00:00+00:00'
[2026-06-18T02:30:42.226+0000] {taskinstance.py:430} INFO - ::endgroup::
[2026-06-18T02:30:42.231+0000] {subprocess.py:63} INFO - Tmp dir root location: /tmp
[2026-06-18T02:30:42.232+0000] {subprocess.py:75} INFO - Running command: ['/usr/bin/bash', '-c', 'cd /opt/***/scripts && python3 evidently_drift_report.py --baseline "2024-09-01" --current "2023-03-01" --modelname "credit_xgb_2024_09_01.pkl"']
[2026-06-18T02:30:42.237+0000] {subprocess.py:86} INFO - Output:
[2026-06-18T02:30:46.524+0000] {subprocess.py:93} INFO - 
[2026-06-18T02:30:46.525+0000] {subprocess.py:93} INFO - --- Evidently drift report: current=2023-03-01, model=credit_xgb_2024_09_01.pkl ---
[2026-06-18T02:30:46.525+0000] {subprocess.py:93} INFO - 
[2026-06-18T02:30:46.526+0000] {subprocess.py:93} INFO - PSI baseline month: 2023-01-01  current: 2023-03-01  PSI=0.048069275946718185
[2026-06-18T02:30:46.527+0000] {subprocess.py:93} INFO - CSI max: 0.8233893389201659 (feature: fe_4)
[2026-06-18T02:30:46.527+0000] {subprocess.py:93} INFO - 
[2026-06-18T02:30:46.528+0000] {subprocess.py:93} INFO - saved combined report (PSI -> CSI -> data summary): reports/evidently/drift_report_2024_09_01_vs_2023_03_01.html
[2026-06-18T02:30:46.528+0000] {subprocess.py:93} INFO - open this file directly in a browser to view the interactive report.
[2026-06-18T02:30:46.529+0000] {subprocess.py:93} INFO - 
[2026-06-18T02:30:46.529+0000] {subprocess.py:93} INFO - --- done ---
[2026-06-18T02:30:46.529+0000] {subprocess.py:93} INFO - 
[2026-06-18T02:30:46.838+0000] {subprocess.py:97} INFO - Command exited with return code 0
[2026-06-18T02:30:46.840+0000] {taskinstance.py:441} INFO - ::group::Post task execution logs
[2026-06-18T02:30:46.850+0000] {taskinstance.py:1206} INFO - Marking task as SUCCESS. dag_id=credit_default_ml_pipeline, task_id=monitoring.evidently_drift_report, run_id=scheduled__2023-03-01T00:00:00+00:00, execution_date=20230301T000000, start_date=20260618T023042, end_date=20260618T023046
[2026-06-18T02:30:46.902+0000] {local_task_job_runner.py:243} INFO - Task exited with return code 0
[2026-06-18T02:30:46.911+0000] {taskinstance.py:3503} INFO - 0 downstream tasks scheduled from follow-on schedule check
[2026-06-18T02:30:46.912+0000] {local_task_job_runner.py:222} INFO - ::endgroup::
[2026-06-20T05:42:27.543+0000] {local_task_job_runner.py:120} INFO - ::group::Pre task execution logs
[2026-06-20T05:42:27.557+0000] {taskinstance.py:2076} INFO - Dependencies all met for dep_context=non-requeueable deps ti=<TaskInstance: credit_default_ml_pipeline.monitoring.evidently_drift_report scheduled__2023-03-01T00:00:00+00:00 [queued]>
[2026-06-20T05:42:27.565+0000] {taskinstance.py:2076} INFO - Dependencies all met for dep_context=requeueable deps ti=<TaskInstance: credit_default_ml_pipeline.monitoring.evidently_drift_report scheduled__2023-03-01T00:00:00+00:00 [queued]>
[2026-06-20T05:42:27.566+0000] {taskinstance.py:2306} INFO - Starting attempt 1 of 2
[2026-06-20T05:42:27.652+0000] {taskinstance.py:2330} INFO - Executing <Task(BashOperator): monitoring.evidently_drift_report> on 2023-03-01 00:00:00+00:00
[2026-06-20T05:42:27.656+0000] {logging_mixin.py:188} WARNING - /home/***/.local/lib/python3.12/site-packages/***/task/task_runner/standard_task_runner.py:62 DeprecationWarning: This process (pid=20069) is multi-threaded, use of fork() may lead to deadlocks in the child.
[2026-06-20T05:42:27.657+0000] {standard_task_runner.py:64} INFO - Started process 20076 to run task
[2026-06-20T05:42:27.656+0000] {standard_task_runner.py:90} INFO - Running: ['***', 'tasks', 'run', 'credit_default_ml_pipeline', 'monitoring.evidently_drift_report', 'scheduled__2023-03-01T00:00:00+00:00', '--job-id', '1496', '--raw', '--subdir', 'DAGS_FOLDER/dag.py', '--cfg-path', '/tmp/tmp21qikumk']
[2026-06-20T05:42:27.658+0000] {standard_task_runner.py:91} INFO - Job 1496: Subtask monitoring.evidently_drift_report
[2026-06-20T05:42:27.677+0000] {task_command.py:426} INFO - Running <TaskInstance: credit_default_ml_pipeline.monitoring.evidently_drift_report scheduled__2023-03-01T00:00:00+00:00 [running]> on host 9cf341f51c89
[2026-06-20T05:42:27.707+0000] {taskinstance.py:2648} INFO - Exporting env vars: AIRFLOW_CTX_DAG_OWNER='***' AIRFLOW_CTX_DAG_ID='credit_default_ml_pipeline' AIRFLOW_CTX_TASK_ID='monitoring.evidently_drift_report' AIRFLOW_CTX_EXECUTION_DATE='2023-03-01T00:00:00+00:00' AIRFLOW_CTX_TRY_NUMBER='1' AIRFLOW_CTX_DAG_RUN_ID='scheduled__2023-03-01T00:00:00+00:00'
[2026-06-20T05:42:27.707+0000] {taskinstance.py:430} INFO - ::endgroup::
[2026-06-20T05:42:27.713+0000] {subprocess.py:63} INFO - Tmp dir root location: /tmp
[2026-06-20T05:42:27.713+0000] {subprocess.py:75} INFO - Running command: ['/usr/bin/bash', '-c', 'cd /opt/***/scripts && if [ ! -f model_bank/champion.txt ]; then echo \'[SKIP] no champion.txt for 2023-03-01\'; exit 0; fi && CHAMP=$(cat model_bank/champion.txt | tr -d \'\\n\') && python3 evidently_drift_report.py --baseline "2024-09-01" --current "2023-03-01" --modelname "$CHAMP"']
[2026-06-20T05:42:27.717+0000] {subprocess.py:86} INFO - Output:
[2026-06-20T05:42:27.719+0000] {subprocess.py:93} INFO - [SKIP] no champion.txt for 2023-03-01
[2026-06-20T05:42:27.719+0000] {subprocess.py:97} INFO - Command exited with return code 0
[2026-06-20T05:42:27.719+0000] {taskinstance.py:441} INFO - ::group::Post task execution logs
[2026-06-20T05:42:27.729+0000] {taskinstance.py:1206} INFO - Marking task as SUCCESS. dag_id=credit_default_ml_pipeline, task_id=monitoring.evidently_drift_report, run_id=scheduled__2023-03-01T00:00:00+00:00, execution_date=20230301T000000, start_date=20260620T054227, end_date=20260620T054227
[2026-06-20T05:42:27.757+0000] {local_task_job_runner.py:243} INFO - Task exited with return code 0
[2026-06-20T05:42:27.767+0000] {taskinstance.py:3503} INFO - 0 downstream tasks scheduled from follow-on schedule check
[2026-06-20T05:42:27.767+0000] {local_task_job_runner.py:222} INFO - ::endgroup::
[2026-06-20T06:49:06.762+0000] {local_task_job_runner.py:120} INFO - ::group::Pre task execution logs
[2026-06-20T06:49:06.778+0000] {taskinstance.py:2076} INFO - Dependencies all met for dep_context=non-requeueable deps ti=<TaskInstance: credit_default_ml_pipeline.monitoring.evidently_drift_report scheduled__2023-03-01T00:00:00+00:00 [queued]>
[2026-06-20T06:49:06.783+0000] {taskinstance.py:2076} INFO - Dependencies all met for dep_context=requeueable deps ti=<TaskInstance: credit_default_ml_pipeline.monitoring.evidently_drift_report scheduled__2023-03-01T00:00:00+00:00 [queued]>
[2026-06-20T06:49:06.783+0000] {taskinstance.py:2306} INFO - Starting attempt 1 of 2
[2026-06-20T06:49:06.868+0000] {taskinstance.py:2330} INFO - Executing <Task(BashOperator): monitoring.evidently_drift_report> on 2023-03-01 00:00:00+00:00
[2026-06-20T06:49:06.872+0000] {logging_mixin.py:188} WARNING - /home/***/.local/lib/python3.12/site-packages/***/task/task_runner/standard_task_runner.py:62 DeprecationWarning: This process (pid=72773) is multi-threaded, use of fork() may lead to deadlocks in the child.
[2026-06-20T06:49:06.873+0000] {standard_task_runner.py:64} INFO - Started process 72780 to run task
[2026-06-20T06:49:06.872+0000] {standard_task_runner.py:90} INFO - Running: ['***', 'tasks', 'run', 'credit_default_ml_pipeline', 'monitoring.evidently_drift_report', 'scheduled__2023-03-01T00:00:00+00:00', '--job-id', '1807', '--raw', '--subdir', 'DAGS_FOLDER/dag.py', '--cfg-path', '/tmp/tmpvh250k8w']
[2026-06-20T06:49:06.874+0000] {standard_task_runner.py:91} INFO - Job 1807: Subtask monitoring.evidently_drift_report
[2026-06-20T06:49:06.892+0000] {task_command.py:426} INFO - Running <TaskInstance: credit_default_ml_pipeline.monitoring.evidently_drift_report scheduled__2023-03-01T00:00:00+00:00 [running]> on host 9cf341f51c89
[2026-06-20T06:49:06.920+0000] {taskinstance.py:2648} INFO - Exporting env vars: AIRFLOW_CTX_DAG_OWNER='***' AIRFLOW_CTX_DAG_ID='credit_default_ml_pipeline' AIRFLOW_CTX_TASK_ID='monitoring.evidently_drift_report' AIRFLOW_CTX_EXECUTION_DATE='2023-03-01T00:00:00+00:00' AIRFLOW_CTX_TRY_NUMBER='1' AIRFLOW_CTX_DAG_RUN_ID='scheduled__2023-03-01T00:00:00+00:00'
[2026-06-20T06:49:06.921+0000] {taskinstance.py:430} INFO - ::endgroup::
[2026-06-20T06:49:06.927+0000] {subprocess.py:63} INFO - Tmp dir root location: /tmp
[2026-06-20T06:49:06.927+0000] {subprocess.py:75} INFO - Running command: ['/usr/bin/bash', '-c', 'cd /opt/***/scripts && if [ ! -f model_bank/champion.txt ]; then echo \'[SKIP] no champion.txt for 2023-03-01\'; exit 0; fi && CHAMP=$(cat model_bank/champion.txt | tr -d \'\\n\') && python3 evidently_drift_report.py --baseline "2024-09-01" --current "2023-03-01" --modelname "$CHAMP"']
[2026-06-20T06:49:06.932+0000] {subprocess.py:86} INFO - Output:
[2026-06-20T06:49:06.934+0000] {subprocess.py:93} INFO - [SKIP] no champion.txt for 2023-03-01
[2026-06-20T06:49:06.935+0000] {subprocess.py:97} INFO - Command exited with return code 0
[2026-06-20T06:49:06.935+0000] {taskinstance.py:441} INFO - ::group::Post task execution logs
[2026-06-20T06:49:06.946+0000] {taskinstance.py:1206} INFO - Marking task as SUCCESS. dag_id=credit_default_ml_pipeline, task_id=monitoring.evidently_drift_report, run_id=scheduled__2023-03-01T00:00:00+00:00, execution_date=20230301T000000, start_date=20260620T064906, end_date=20260620T064906
[2026-06-20T06:49:06.971+0000] {local_task_job_runner.py:243} INFO - Task exited with return code 0
[2026-06-20T06:49:06.976+0000] {local_task_job_runner.py:222} INFO - ::endgroup::
[2026-06-20T07:17:17.650+0000] {local_task_job_runner.py:120} INFO - ::group::Pre task execution logs
[2026-06-20T07:17:17.664+0000] {taskinstance.py:2076} INFO - Dependencies all met for dep_context=non-requeueable deps ti=<TaskInstance: credit_default_ml_pipeline.monitoring.evidently_drift_report scheduled__2023-03-01T00:00:00+00:00 [queued]>
[2026-06-20T07:17:17.668+0000] {taskinstance.py:2076} INFO - Dependencies all met for dep_context=requeueable deps ti=<TaskInstance: credit_default_ml_pipeline.monitoring.evidently_drift_report scheduled__2023-03-01T00:00:00+00:00 [queued]>
[2026-06-20T07:17:17.668+0000] {taskinstance.py:2306} INFO - Starting attempt 1 of 2
[2026-06-20T07:17:17.758+0000] {taskinstance.py:2330} INFO - Executing <Task(BashOperator): monitoring.evidently_drift_report> on 2023-03-01 00:00:00+00:00
[2026-06-20T07:17:17.762+0000] {logging_mixin.py:188} WARNING - /home/***/.local/lib/python3.12/site-packages/***/task/task_runner/standard_task_runner.py:62 DeprecationWarning: This process (pid=4256) is multi-threaded, use of fork() may lead to deadlocks in the child.
[2026-06-20T07:17:17.764+0000] {standard_task_runner.py:64} INFO - Started process 4263 to run task
[2026-06-20T07:17:17.763+0000] {standard_task_runner.py:90} INFO - Running: ['***', 'tasks', 'run', 'credit_default_ml_pipeline', 'monitoring.evidently_drift_report', 'scheduled__2023-03-01T00:00:00+00:00', '--job-id', '1988', '--raw', '--subdir', 'DAGS_FOLDER/dag.py', '--cfg-path', '/tmp/tmpmy9uc2f8']
[2026-06-20T07:17:17.766+0000] {standard_task_runner.py:91} INFO - Job 1988: Subtask monitoring.evidently_drift_report
[2026-06-20T07:17:17.785+0000] {task_command.py:426} INFO - Running <TaskInstance: credit_default_ml_pipeline.monitoring.evidently_drift_report scheduled__2023-03-01T00:00:00+00:00 [running]> on host 9cf341f51c89
[2026-06-20T07:17:17.815+0000] {taskinstance.py:2648} INFO - Exporting env vars: AIRFLOW_CTX_DAG_OWNER='***' AIRFLOW_CTX_DAG_ID='credit_default_ml_pipeline' AIRFLOW_CTX_TASK_ID='monitoring.evidently_drift_report' AIRFLOW_CTX_EXECUTION_DATE='2023-03-01T00:00:00+00:00' AIRFLOW_CTX_TRY_NUMBER='1' AIRFLOW_CTX_DAG_RUN_ID='scheduled__2023-03-01T00:00:00+00:00'
[2026-06-20T07:17:17.817+0000] {taskinstance.py:430} INFO - ::endgroup::
[2026-06-20T07:17:17.822+0000] {subprocess.py:63} INFO - Tmp dir root location: /tmp
[2026-06-20T07:17:17.822+0000] {subprocess.py:75} INFO - Running command: ['/usr/bin/bash', '-c', 'cd /opt/***/scripts && if [ ! -f model_bank/champion.txt ]; then echo \'[SKIP] no champion.txt for 2023-03-01\'; exit 0; fi && CHAMP=$(cat model_bank/champion.txt | tr -d \'\\n\') && python3 evidently_drift_report.py --baseline "2024-09-01" --current "2023-03-01" --modelname "$CHAMP"']
[2026-06-20T07:17:17.828+0000] {subprocess.py:86} INFO - Output:
[2026-06-20T07:17:17.828+0000] {subprocess.py:93} INFO - [SKIP] no champion.txt for 2023-03-01
[2026-06-20T07:17:17.829+0000] {subprocess.py:97} INFO - Command exited with return code 0
[2026-06-20T07:17:17.830+0000] {taskinstance.py:441} INFO - ::group::Post task execution logs
[2026-06-20T07:17:17.840+0000] {taskinstance.py:1206} INFO - Marking task as SUCCESS. dag_id=credit_default_ml_pipeline, task_id=monitoring.evidently_drift_report, run_id=scheduled__2023-03-01T00:00:00+00:00, execution_date=20230301T000000, start_date=20260620T071717, end_date=20260620T071717
[2026-06-20T07:17:17.862+0000] {local_task_job_runner.py:243} INFO - Task exited with return code 0
[2026-06-20T07:17:17.871+0000] {taskinstance.py:3503} INFO - 0 downstream tasks scheduled from follow-on schedule check
[2026-06-20T07:17:17.872+0000] {local_task_job_runner.py:222} INFO - ::endgroup::
[2026-06-20T15:20:04.238+0000] {local_task_job_runner.py:120} INFO - ::group::Pre task execution logs
[2026-06-20T15:20:04.254+0000] {taskinstance.py:2076} INFO - Dependencies all met for dep_context=non-requeueable deps ti=<TaskInstance: credit_default_ml_pipeline.monitoring.evidently_drift_report scheduled__2023-03-01T00:00:00+00:00 [queued]>
[2026-06-20T15:20:04.260+0000] {taskinstance.py:2076} INFO - Dependencies all met for dep_context=requeueable deps ti=<TaskInstance: credit_default_ml_pipeline.monitoring.evidently_drift_report scheduled__2023-03-01T00:00:00+00:00 [queued]>
[2026-06-20T15:20:04.261+0000] {taskinstance.py:2306} INFO - Starting attempt 1 of 2
[2026-06-20T15:20:04.352+0000] {taskinstance.py:2330} INFO - Executing <Task(BashOperator): monitoring.evidently_drift_report> on 2023-03-01 00:00:00+00:00
[2026-06-20T15:20:04.357+0000] {logging_mixin.py:188} WARNING - /home/***/.local/lib/python3.12/site-packages/***/task/task_runner/standard_task_runner.py:62 DeprecationWarning: This process (pid=91316) is multi-threaded, use of fork() may lead to deadlocks in the child.
[2026-06-20T15:20:04.357+0000] {standard_task_runner.py:90} INFO - Running: ['***', 'tasks', 'run', 'credit_default_ml_pipeline', 'monitoring.evidently_drift_report', 'scheduled__2023-03-01T00:00:00+00:00', '--job-id', '2458', '--raw', '--subdir', 'DAGS_FOLDER/dag.py', '--cfg-path', '/tmp/tmpb9mrsu72']
[2026-06-20T15:20:04.358+0000] {standard_task_runner.py:64} INFO - Started process 91322 to run task
[2026-06-20T15:20:04.359+0000] {standard_task_runner.py:91} INFO - Job 2458: Subtask monitoring.evidently_drift_report
[2026-06-20T15:20:04.379+0000] {task_command.py:426} INFO - Running <TaskInstance: credit_default_ml_pipeline.monitoring.evidently_drift_report scheduled__2023-03-01T00:00:00+00:00 [running]> on host 9cf341f51c89
[2026-06-20T15:20:04.407+0000] {taskinstance.py:2648} INFO - Exporting env vars: AIRFLOW_CTX_DAG_OWNER='***' AIRFLOW_CTX_DAG_ID='credit_default_ml_pipeline' AIRFLOW_CTX_TASK_ID='monitoring.evidently_drift_report' AIRFLOW_CTX_EXECUTION_DATE='2023-03-01T00:00:00+00:00' AIRFLOW_CTX_TRY_NUMBER='1' AIRFLOW_CTX_DAG_RUN_ID='scheduled__2023-03-01T00:00:00+00:00'
[2026-06-20T15:20:04.407+0000] {taskinstance.py:430} INFO - ::endgroup::
[2026-06-20T15:20:04.412+0000] {subprocess.py:63} INFO - Tmp dir root location: /tmp
[2026-06-20T15:20:04.413+0000] {subprocess.py:75} INFO - Running command: ['/usr/bin/bash', '-c', 'cd /opt/***/scripts && if [ ! -f model_bank/champion.txt ]; then echo \'[SKIP] no champion.txt for 2023-03-01\'; exit 0; fi && CHAMP=$(cat model_bank/champion.txt | tr -d \'\\n\') && python3 evidently_drift_report.py --baseline "2024-09-01" --current "2023-03-01" --modelname "$CHAMP"']
[2026-06-20T15:20:04.419+0000] {subprocess.py:86} INFO - Output:
[2026-06-20T15:20:04.420+0000] {subprocess.py:93} INFO - [SKIP] no champion.txt for 2023-03-01
[2026-06-20T15:20:04.422+0000] {subprocess.py:97} INFO - Command exited with return code 0
[2026-06-20T15:20:04.422+0000] {taskinstance.py:441} INFO - ::group::Post task execution logs
[2026-06-20T15:20:04.432+0000] {taskinstance.py:1206} INFO - Marking task as SUCCESS. dag_id=credit_default_ml_pipeline, task_id=monitoring.evidently_drift_report, run_id=scheduled__2023-03-01T00:00:00+00:00, execution_date=20230301T000000, start_date=20260620T152004, end_date=20260620T152004
[2026-06-20T15:20:04.456+0000] {local_task_job_runner.py:243} INFO - Task exited with return code 0
[2026-06-20T15:20:04.461+0000] {local_task_job_runner.py:222} INFO - ::endgroup::
[2026-06-20T16:58:37.286+0000] {local_task_job_runner.py:120} INFO - ::group::Pre task execution logs
[2026-06-20T16:58:37.302+0000] {taskinstance.py:2076} INFO - Dependencies all met for dep_context=non-requeueable deps ti=<TaskInstance: credit_default_ml_pipeline.monitoring.evidently_drift_report scheduled__2023-03-01T00:00:00+00:00 [queued]>
[2026-06-20T16:58:37.306+0000] {taskinstance.py:2076} INFO - Dependencies all met for dep_context=requeueable deps ti=<TaskInstance: credit_default_ml_pipeline.monitoring.evidently_drift_report scheduled__2023-03-01T00:00:00+00:00 [queued]>
[2026-06-20T16:58:37.307+0000] {taskinstance.py:2306} INFO - Starting attempt 1 of 2
[2026-06-20T16:58:37.312+0000] {taskinstance.py:2330} INFO - Executing <Task(BashOperator): monitoring.evidently_drift_report> on 2023-03-01 00:00:00+00:00
[2026-06-20T16:58:37.317+0000] {logging_mixin.py:188} WARNING - /home/***/.local/lib/python3.12/site-packages/***/task/task_runner/standard_task_runner.py:62 DeprecationWarning: This process (pid=76256) is multi-threaded, use of fork() may lead to deadlocks in the child.
[2026-06-20T16:58:37.319+0000] {standard_task_runner.py:64} INFO - Started process 76260 to run task
[2026-06-20T16:58:37.318+0000] {standard_task_runner.py:90} INFO - Running: ['***', 'tasks', 'run', 'credit_default_ml_pipeline', 'monitoring.evidently_drift_report', 'scheduled__2023-03-01T00:00:00+00:00', '--job-id', '2949', '--raw', '--subdir', 'DAGS_FOLDER/dag.py', '--cfg-path', '/tmp/tmpy0jej1cj']
[2026-06-20T16:58:37.323+0000] {standard_task_runner.py:91} INFO - Job 2949: Subtask monitoring.evidently_drift_report
[2026-06-20T16:58:37.473+0000] {task_command.py:426} INFO - Running <TaskInstance: credit_default_ml_pipeline.monitoring.evidently_drift_report scheduled__2023-03-01T00:00:00+00:00 [running]> on host 9cf341f51c89
[2026-06-20T16:58:37.504+0000] {taskinstance.py:2648} INFO - Exporting env vars: AIRFLOW_CTX_DAG_OWNER='***' AIRFLOW_CTX_DAG_ID='credit_default_ml_pipeline' AIRFLOW_CTX_TASK_ID='monitoring.evidently_drift_report' AIRFLOW_CTX_EXECUTION_DATE='2023-03-01T00:00:00+00:00' AIRFLOW_CTX_TRY_NUMBER='1' AIRFLOW_CTX_DAG_RUN_ID='scheduled__2023-03-01T00:00:00+00:00'
[2026-06-20T16:58:37.506+0000] {taskinstance.py:430} INFO - ::endgroup::
[2026-06-20T16:58:37.510+0000] {subprocess.py:63} INFO - Tmp dir root location: /tmp
[2026-06-20T16:58:37.511+0000] {subprocess.py:75} INFO - Running command: ['/usr/bin/bash', '-c', 'cd /opt/***/scripts && if [ ! -f model_bank/champion.txt ]; then echo \'[SKIP] no champion.txt for 2023-03-01\'; exit 0; fi && CHAMP=$(cat model_bank/champion.txt | tr -d \'\\n\') && python3 evidently_drift_report.py --baseline "2024-09-01" --current "2023-03-01" --modelname "$CHAMP"']
[2026-06-20T16:58:37.517+0000] {subprocess.py:86} INFO - Output:
[2026-06-20T16:58:42.714+0000] {subprocess.py:93} INFO - 
[2026-06-20T16:58:42.715+0000] {subprocess.py:93} INFO - --- Evidently drift report: current=2023-03-01, model=credit_xgb_2024_09_01.pkl ---
[2026-06-20T16:58:42.716+0000] {subprocess.py:93} INFO - 
[2026-06-20T16:58:42.716+0000] {subprocess.py:93} INFO - PSI baseline month: 2023-01-01  current: 2023-03-01  PSI=0.048069275946718185
[2026-06-20T16:58:42.716+0000] {subprocess.py:93} INFO - CSI max: 0.06961882870998491 (feature: Interest_Rate)
[2026-06-20T16:58:42.717+0000] {subprocess.py:93} INFO - 
[2026-06-20T16:58:42.717+0000] {subprocess.py:93} INFO - saved combined report (PSI -> CSI -> data summary): datamart/gold/evidently_reports/drift_report_2024_09_01_vs_2023_03_01.html
[2026-06-20T16:58:42.720+0000] {subprocess.py:93} INFO - open this file directly in a browser to view the interactive report.
[2026-06-20T16:58:42.721+0000] {subprocess.py:93} INFO - 
[2026-06-20T16:58:42.721+0000] {subprocess.py:93} INFO - --- done ---
[2026-06-20T16:58:42.721+0000] {subprocess.py:93} INFO - 
[2026-06-20T16:58:43.133+0000] {subprocess.py:97} INFO - Command exited with return code 0
[2026-06-20T16:58:43.134+0000] {taskinstance.py:441} INFO - ::group::Post task execution logs
[2026-06-20T16:58:43.146+0000] {taskinstance.py:1206} INFO - Marking task as SUCCESS. dag_id=credit_default_ml_pipeline, task_id=monitoring.evidently_drift_report, run_id=scheduled__2023-03-01T00:00:00+00:00, execution_date=20230301T000000, start_date=20260620T165837, end_date=20260620T165843
[2026-06-20T16:58:43.195+0000] {local_task_job_runner.py:243} INFO - Task exited with return code 0
[2026-06-20T16:58:43.206+0000] {taskinstance.py:3503} INFO - 0 downstream tasks scheduled from follow-on schedule check
[2026-06-20T16:58:43.207+0000] {local_task_job_runner.py:222} INFO - ::endgroup::
[2026-06-20T17:10:36.237+0000] {local_task_job_runner.py:120} INFO - ::group::Pre task execution logs
[2026-06-20T17:10:36.253+0000] {taskinstance.py:2076} INFO - Dependencies all met for dep_context=non-requeueable deps ti=<TaskInstance: credit_default_ml_pipeline.monitoring.evidently_drift_report scheduled__2023-03-01T00:00:00+00:00 [queued]>
[2026-06-20T17:10:36.258+0000] {taskinstance.py:2076} INFO - Dependencies all met for dep_context=requeueable deps ti=<TaskInstance: credit_default_ml_pipeline.monitoring.evidently_drift_report scheduled__2023-03-01T00:00:00+00:00 [queued]>
[2026-06-20T17:10:36.259+0000] {taskinstance.py:2306} INFO - Starting attempt 1 of 2
[2026-06-20T17:10:36.350+0000] {taskinstance.py:2330} INFO - Executing <Task(BashOperator): monitoring.evidently_drift_report> on 2023-03-01 00:00:00+00:00
[2026-06-20T17:10:36.353+0000] {logging_mixin.py:188} WARNING - /home/***/.local/lib/python3.12/site-packages/***/task/task_runner/standard_task_runner.py:62 DeprecationWarning: This process (pid=9277) is multi-threaded, use of fork() may lead to deadlocks in the child.
[2026-06-20T17:10:36.355+0000] {standard_task_runner.py:64} INFO - Started process 9282 to run task
[2026-06-20T17:10:36.354+0000] {standard_task_runner.py:90} INFO - Running: ['***', 'tasks', 'run', 'credit_default_ml_pipeline', 'monitoring.evidently_drift_report', 'scheduled__2023-03-01T00:00:00+00:00', '--job-id', '3035', '--raw', '--subdir', 'DAGS_FOLDER/dag.py', '--cfg-path', '/tmp/tmp1ihgm1uq']
[2026-06-20T17:10:36.357+0000] {standard_task_runner.py:91} INFO - Job 3035: Subtask monitoring.evidently_drift_report
[2026-06-20T17:10:36.381+0000] {task_command.py:426} INFO - Running <TaskInstance: credit_default_ml_pipeline.monitoring.evidently_drift_report scheduled__2023-03-01T00:00:00+00:00 [running]> on host 9cf341f51c89
[2026-06-20T17:10:36.411+0000] {taskinstance.py:2648} INFO - Exporting env vars: AIRFLOW_CTX_DAG_OWNER='***' AIRFLOW_CTX_DAG_ID='credit_default_ml_pipeline' AIRFLOW_CTX_TASK_ID='monitoring.evidently_drift_report' AIRFLOW_CTX_EXECUTION_DATE='2023-03-01T00:00:00+00:00' AIRFLOW_CTX_TRY_NUMBER='1' AIRFLOW_CTX_DAG_RUN_ID='scheduled__2023-03-01T00:00:00+00:00'
[2026-06-20T17:10:36.412+0000] {taskinstance.py:430} INFO - ::endgroup::
[2026-06-20T17:10:36.417+0000] {subprocess.py:63} INFO - Tmp dir root location: /tmp
[2026-06-20T17:10:36.418+0000] {subprocess.py:75} INFO - Running command: ['/usr/bin/bash', '-c', 'cd /opt/***/scripts && if [ ! -f model_bank/champion.txt ]; then echo \'[SKIP] no champion.txt for 2023-03-01\'; exit 0; fi && CHAMP=$(cat model_bank/champion.txt | tr -d \'\\n\') && python3 evidently_drift_report.py --baseline "2024-09-01" --current "2023-03-01" --modelname "$CHAMP"']
[2026-06-20T17:10:36.423+0000] {subprocess.py:86} INFO - Output:
[2026-06-20T17:10:36.424+0000] {subprocess.py:93} INFO - [SKIP] no champion.txt for 2023-03-01
[2026-06-20T17:10:36.425+0000] {subprocess.py:97} INFO - Command exited with return code 0
[2026-06-20T17:10:36.425+0000] {taskinstance.py:441} INFO - ::group::Post task execution logs
[2026-06-20T17:10:36.437+0000] {taskinstance.py:1206} INFO - Marking task as SUCCESS. dag_id=credit_default_ml_pipeline, task_id=monitoring.evidently_drift_report, run_id=scheduled__2023-03-01T00:00:00+00:00, execution_date=20230301T000000, start_date=20260620T171036, end_date=20260620T171036
[2026-06-20T17:10:36.453+0000] {local_task_job_runner.py:243} INFO - Task exited with return code 0
[2026-06-20T17:10:36.462+0000] {taskinstance.py:3503} INFO - 0 downstream tasks scheduled from follow-on schedule check
[2026-06-20T17:10:36.464+0000] {local_task_job_runner.py:222} INFO - ::endgroup::
[2026-06-21T01:36:07.055+0000] {local_task_job_runner.py:120} INFO - ::group::Pre task execution logs
[2026-06-21T01:36:07.073+0000] {taskinstance.py:2076} INFO - Dependencies all met for dep_context=non-requeueable deps ti=<TaskInstance: credit_default_ml_pipeline.monitoring.evidently_drift_report scheduled__2023-03-01T00:00:00+00:00 [queued]>
[2026-06-21T01:36:07.078+0000] {taskinstance.py:2076} INFO - Dependencies all met for dep_context=requeueable deps ti=<TaskInstance: credit_default_ml_pipeline.monitoring.evidently_drift_report scheduled__2023-03-01T00:00:00+00:00 [queued]>
[2026-06-21T01:36:07.079+0000] {taskinstance.py:2306} INFO - Starting attempt 1 of 2
[2026-06-21T01:36:07.084+0000] {taskinstance.py:2330} INFO - Executing <Task(BashOperator): monitoring.evidently_drift_report> on 2023-03-01 00:00:00+00:00
[2026-06-21T01:36:07.089+0000] {logging_mixin.py:188} WARNING - /home/***/.local/lib/python3.12/site-packages/***/task/task_runner/standard_task_runner.py:62 DeprecationWarning: This process (pid=9889) is multi-threaded, use of fork() may lead to deadlocks in the child.
[2026-06-21T01:36:07.088+0000] {standard_task_runner.py:90} INFO - Running: ['***', 'tasks', 'run', 'credit_default_ml_pipeline', 'monitoring.evidently_drift_report', 'scheduled__2023-03-01T00:00:00+00:00', '--job-id', '3499', '--raw', '--subdir', 'DAGS_FOLDER/dag.py', '--cfg-path', '/tmp/tmphau35mbe']
[2026-06-21T01:36:07.089+0000] {standard_task_runner.py:64} INFO - Started process 9893 to run task
[2026-06-21T01:36:07.090+0000] {standard_task_runner.py:91} INFO - Job 3499: Subtask monitoring.evidently_drift_report
[2026-06-21T01:36:07.111+0000] {task_command.py:426} INFO - Running <TaskInstance: credit_default_ml_pipeline.monitoring.evidently_drift_report scheduled__2023-03-01T00:00:00+00:00 [running]> on host f6e9e2801916
[2026-06-21T01:36:07.230+0000] {taskinstance.py:2648} INFO - Exporting env vars: AIRFLOW_CTX_DAG_OWNER='***' AIRFLOW_CTX_DAG_ID='credit_default_ml_pipeline' AIRFLOW_CTX_TASK_ID='monitoring.evidently_drift_report' AIRFLOW_CTX_EXECUTION_DATE='2023-03-01T00:00:00+00:00' AIRFLOW_CTX_TRY_NUMBER='1' AIRFLOW_CTX_DAG_RUN_ID='scheduled__2023-03-01T00:00:00+00:00'
[2026-06-21T01:36:07.231+0000] {taskinstance.py:430} INFO - ::endgroup::
[2026-06-21T01:36:07.236+0000] {subprocess.py:63} INFO - Tmp dir root location: /tmp
[2026-06-21T01:36:07.236+0000] {subprocess.py:75} INFO - Running command: ['/usr/bin/bash', '-c', 'cd /opt/***/scripts && if [ ! -f model_bank/champion.txt ]; then echo \'[SKIP] no champion.txt for 2023-03-01\'; exit 0; fi && CHAMP=$(cat model_bank/champion.txt | tr -d \'\\n\') && python3 evidently_drift_report.py --baseline "2024-09-01" --current "2023-03-01" --modelname "$CHAMP"']
[2026-06-21T01:36:07.240+0000] {subprocess.py:86} INFO - Output:
[2026-06-21T01:36:07.241+0000] {subprocess.py:93} INFO - [SKIP] no champion.txt for 2023-03-01
[2026-06-21T01:36:07.242+0000] {subprocess.py:97} INFO - Command exited with return code 0
[2026-06-21T01:36:07.242+0000] {taskinstance.py:441} INFO - ::group::Post task execution logs
[2026-06-21T01:36:07.252+0000] {taskinstance.py:1206} INFO - Marking task as SUCCESS. dag_id=credit_default_ml_pipeline, task_id=monitoring.evidently_drift_report, run_id=scheduled__2023-03-01T00:00:00+00:00, execution_date=20230301T000000, start_date=20260621T013607, end_date=20260621T013607
[2026-06-21T01:36:07.270+0000] {local_task_job_runner.py:243} INFO - Task exited with return code 0
[2026-06-21T01:36:07.278+0000] {taskinstance.py:3503} INFO - 0 downstream tasks scheduled from follow-on schedule check
[2026-06-21T01:36:07.278+0000] {local_task_job_runner.py:222} INFO - ::endgroup::
[2026-06-21T05:30:31.721+0000] {local_task_job_runner.py:120} INFO - ::group::Pre task execution logs
[2026-06-21T05:30:31.738+0000] {taskinstance.py:2076} INFO - Dependencies all met for dep_context=non-requeueable deps ti=<TaskInstance: credit_default_ml_pipeline.monitoring.evidently_drift_report scheduled__2023-03-01T00:00:00+00:00 [queued]>
[2026-06-21T05:30:31.745+0000] {taskinstance.py:2076} INFO - Dependencies all met for dep_context=requeueable deps ti=<TaskInstance: credit_default_ml_pipeline.monitoring.evidently_drift_report scheduled__2023-03-01T00:00:00+00:00 [queued]>
[2026-06-21T05:30:31.746+0000] {taskinstance.py:2306} INFO - Starting attempt 1 of 2
[2026-06-21T05:30:31.839+0000] {taskinstance.py:2330} INFO - Executing <Task(BashOperator): monitoring.evidently_drift_report> on 2023-03-01 00:00:00+00:00
[2026-06-21T05:30:31.843+0000] {logging_mixin.py:188} WARNING - /home/***/.local/lib/python3.12/site-packages/***/task/task_runner/standard_task_runner.py:62 DeprecationWarning: This process (pid=9582) is multi-threaded, use of fork() may lead to deadlocks in the child.
[2026-06-21T05:30:31.844+0000] {standard_task_runner.py:64} INFO - Started process 9588 to run task
[2026-06-21T05:30:31.843+0000] {standard_task_runner.py:90} INFO - Running: ['***', 'tasks', 'run', 'credit_default_ml_pipeline', 'monitoring.evidently_drift_report', 'scheduled__2023-03-01T00:00:00+00:00', '--job-id', '3965', '--raw', '--subdir', 'DAGS_FOLDER/dag.py', '--cfg-path', '/tmp/tmphrdou2p6']
[2026-06-21T05:30:31.845+0000] {standard_task_runner.py:91} INFO - Job 3965: Subtask monitoring.evidently_drift_report
[2026-06-21T05:30:31.864+0000] {task_command.py:426} INFO - Running <TaskInstance: credit_default_ml_pipeline.monitoring.evidently_drift_report scheduled__2023-03-01T00:00:00+00:00 [running]> on host 9377a3f0491f
[2026-06-21T05:30:31.902+0000] {taskinstance.py:2648} INFO - Exporting env vars: AIRFLOW_CTX_DAG_OWNER='***' AIRFLOW_CTX_DAG_ID='credit_default_ml_pipeline' AIRFLOW_CTX_TASK_ID='monitoring.evidently_drift_report' AIRFLOW_CTX_EXECUTION_DATE='2023-03-01T00:00:00+00:00' AIRFLOW_CTX_TRY_NUMBER='1' AIRFLOW_CTX_DAG_RUN_ID='scheduled__2023-03-01T00:00:00+00:00'
[2026-06-21T05:30:31.903+0000] {taskinstance.py:430} INFO - ::endgroup::
[2026-06-21T05:30:31.910+0000] {subprocess.py:63} INFO - Tmp dir root location: /tmp
[2026-06-21T05:30:31.911+0000] {subprocess.py:75} INFO - Running command: ['/usr/bin/bash', '-c', 'cd /opt/***/scripts && if [ ! -f model_bank/champion.txt ]; then echo \'[SKIP] no champion.txt for 2023-03-01\'; exit 0; fi && CHAMP=$(cat model_bank/champion.txt | tr -d \'\\n\') && python3 evidently_drift_report.py --baseline "2024-09-01" --current "2023-03-01" --modelname "$CHAMP"']
[2026-06-21T05:30:31.915+0000] {subprocess.py:86} INFO - Output:
[2026-06-21T05:30:31.917+0000] {subprocess.py:93} INFO - [SKIP] no champion.txt for 2023-03-01
[2026-06-21T05:30:31.918+0000] {subprocess.py:97} INFO - Command exited with return code 0
[2026-06-21T05:30:31.919+0000] {taskinstance.py:441} INFO - ::group::Post task execution logs
[2026-06-21T05:30:31.929+0000] {taskinstance.py:1206} INFO - Marking task as SUCCESS. dag_id=credit_default_ml_pipeline, task_id=monitoring.evidently_drift_report, run_id=scheduled__2023-03-01T00:00:00+00:00, execution_date=20230301T000000, start_date=20260621T053031, end_date=20260621T053031
[2026-06-21T05:30:31.943+0000] {local_task_job_runner.py:243} INFO - Task exited with return code 0
[2026-06-21T05:30:31.947+0000] {local_task_job_runner.py:222} INFO - ::endgroup::
[2026-06-25T17:25:33.097+0000] {local_task_job_runner.py:120} INFO - ::group::Pre task execution logs
[2026-06-25T17:25:33.118+0000] {taskinstance.py:2076} INFO - Dependencies all met for dep_context=non-requeueable deps ti=<TaskInstance: credit_default_ml_pipeline.monitoring.evidently_drift_report scheduled__2023-03-01T00:00:00+00:00 [queued]>
[2026-06-25T17:25:33.124+0000] {taskinstance.py:2076} INFO - Dependencies all met for dep_context=requeueable deps ti=<TaskInstance: credit_default_ml_pipeline.monitoring.evidently_drift_report scheduled__2023-03-01T00:00:00+00:00 [queued]>
[2026-06-25T17:25:33.125+0000] {taskinstance.py:2306} INFO - Starting attempt 1 of 2
[2026-06-25T17:25:33.130+0000] {taskinstance.py:2330} INFO - Executing <Task(BashOperator): monitoring.evidently_drift_report> on 2023-03-01 00:00:00+00:00
[2026-06-25T17:25:33.134+0000] {logging_mixin.py:188} WARNING - /home/***/.local/lib/python3.12/site-packages/***/task/task_runner/standard_task_runner.py:62 DeprecationWarning: This process (pid=9894) is multi-threaded, use of fork() may lead to deadlocks in the child.
[2026-06-25T17:25:33.135+0000] {standard_task_runner.py:64} INFO - Started process 9899 to run task
[2026-06-25T17:25:33.134+0000] {standard_task_runner.py:90} INFO - Running: ['***', 'tasks', 'run', 'credit_default_ml_pipeline', 'monitoring.evidently_drift_report', 'scheduled__2023-03-01T00:00:00+00:00', '--job-id', '4424', '--raw', '--subdir', 'DAGS_FOLDER/dag.py', '--cfg-path', '/tmp/tmpa5ckeqwr']
[2026-06-25T17:25:33.136+0000] {standard_task_runner.py:91} INFO - Job 4424: Subtask monitoring.evidently_drift_report
[2026-06-25T17:25:33.159+0000] {task_command.py:426} INFO - Running <TaskInstance: credit_default_ml_pipeline.monitoring.evidently_drift_report scheduled__2023-03-01T00:00:00+00:00 [running]> on host b54b2be331ab
[2026-06-25T17:25:33.293+0000] {taskinstance.py:2648} INFO - Exporting env vars: AIRFLOW_CTX_DAG_OWNER='***' AIRFLOW_CTX_DAG_ID='credit_default_ml_pipeline' AIRFLOW_CTX_TASK_ID='monitoring.evidently_drift_report' AIRFLOW_CTX_EXECUTION_DATE='2023-03-01T00:00:00+00:00' AIRFLOW_CTX_TRY_NUMBER='1' AIRFLOW_CTX_DAG_RUN_ID='scheduled__2023-03-01T00:00:00+00:00'
[2026-06-25T17:25:33.294+0000] {taskinstance.py:430} INFO - ::endgroup::
[2026-06-25T17:25:33.298+0000] {subprocess.py:63} INFO - Tmp dir root location: /tmp
[2026-06-25T17:25:33.299+0000] {subprocess.py:75} INFO - Running command: ['/usr/bin/bash', '-c', 'cd /opt/***/scripts && if [ ! -f model_bank/champion.txt ]; then echo \'[SKIP] no champion.txt for 2023-03-01\'; exit 0; fi && CHAMP=$(cat model_bank/champion.txt | tr -d \'\\n\') && python3 evidently_drift_report.py --baseline "2024-09-01" --current "2023-03-01" --modelname "$CHAMP"']
[2026-06-25T17:25:33.304+0000] {subprocess.py:86} INFO - Output:
[2026-06-25T17:25:33.306+0000] {subprocess.py:93} INFO - [SKIP] no champion.txt for 2023-03-01
[2026-06-25T17:25:33.306+0000] {subprocess.py:97} INFO - Command exited with return code 0
[2026-06-25T17:25:33.307+0000] {taskinstance.py:441} INFO - ::group::Post task execution logs
[2026-06-25T17:25:33.317+0000] {taskinstance.py:1206} INFO - Marking task as SUCCESS. dag_id=credit_default_ml_pipeline, task_id=monitoring.evidently_drift_report, run_id=scheduled__2023-03-01T00:00:00+00:00, execution_date=20230301T000000, start_date=20260625T172533, end_date=20260625T172533
[2026-06-25T17:25:33.357+0000] {local_task_job_runner.py:243} INFO - Task exited with return code 0
[2026-06-25T17:25:33.366+0000] {taskinstance.py:3503} INFO - 0 downstream tasks scheduled from follow-on schedule check
[2026-06-25T17:25:33.368+0000] {local_task_job_runner.py:222} INFO - ::endgroup::
[2026-06-26T01:29:59.965+0000] {local_task_job_runner.py:120} INFO - ::group::Pre task execution logs
[2026-06-26T01:29:59.996+0000] {taskinstance.py:2076} INFO - Dependencies all met for dep_context=non-requeueable deps ti=<TaskInstance: credit_default_ml_pipeline.monitoring.evidently_drift_report scheduled__2023-03-01T00:00:00+00:00 [queued]>
[2026-06-26T01:30:00.018+0000] {taskinstance.py:2076} INFO - Dependencies all met for dep_context=requeueable deps ti=<TaskInstance: credit_default_ml_pipeline.monitoring.evidently_drift_report scheduled__2023-03-01T00:00:00+00:00 [queued]>
[2026-06-26T01:30:00.020+0000] {taskinstance.py:2306} INFO - Starting attempt 1 of 2
[2026-06-26T01:30:00.033+0000] {taskinstance.py:2330} INFO - Executing <Task(BashOperator): monitoring.evidently_drift_report> on 2023-03-01 00:00:00+00:00
[2026-06-26T01:30:00.041+0000] {logging_mixin.py:188} WARNING - /home/***/.local/lib/python3.12/site-packages/***/task/task_runner/standard_task_runner.py:62 DeprecationWarning: This process (pid=93361) is multi-threaded, use of fork() may lead to deadlocks in the child.
[2026-06-26T01:30:00.044+0000] {standard_task_runner.py:64} INFO - Started process 93367 to run task
[2026-06-26T01:30:00.042+0000] {standard_task_runner.py:90} INFO - Running: ['***', 'tasks', 'run', 'credit_default_ml_pipeline', 'monitoring.evidently_drift_report', 'scheduled__2023-03-01T00:00:00+00:00', '--job-id', '4884', '--raw', '--subdir', 'DAGS_FOLDER/dag.py', '--cfg-path', '/tmp/tmpxt2lrv4v']
[2026-06-26T01:30:00.052+0000] {standard_task_runner.py:91} INFO - Job 4884: Subtask monitoring.evidently_drift_report
[2026-06-26T01:30:00.097+0000] {task_command.py:426} INFO - Running <TaskInstance: credit_default_ml_pipeline.monitoring.evidently_drift_report scheduled__2023-03-01T00:00:00+00:00 [running]> on host b54b2be331ab
[2026-06-26T01:30:00.255+0000] {taskinstance.py:2648} INFO - Exporting env vars: AIRFLOW_CTX_DAG_OWNER='***' AIRFLOW_CTX_DAG_ID='credit_default_ml_pipeline' AIRFLOW_CTX_TASK_ID='monitoring.evidently_drift_report' AIRFLOW_CTX_EXECUTION_DATE='2023-03-01T00:00:00+00:00' AIRFLOW_CTX_TRY_NUMBER='1' AIRFLOW_CTX_DAG_RUN_ID='scheduled__2023-03-01T00:00:00+00:00'
[2026-06-26T01:30:00.256+0000] {taskinstance.py:430} INFO - ::endgroup::
[2026-06-26T01:30:00.261+0000] {subprocess.py:63} INFO - Tmp dir root location: /tmp
[2026-06-26T01:30:00.261+0000] {subprocess.py:75} INFO - Running command: ['/usr/bin/bash', '-c', 'cd /opt/***/scripts && if [ ! -f model_bank/champion.txt ]; then echo \'[SKIP] no champion.txt for 2023-03-01\'; exit 0; fi && CHAMP=$(cat model_bank/champion.txt | tr -d \'\\n\') && python3 evidently_drift_report.py --baseline "2024-09-01" --current "2023-03-01" --modelname "$CHAMP"']
[2026-06-26T01:30:00.267+0000] {subprocess.py:86} INFO - Output:
[2026-06-26T01:30:00.268+0000] {subprocess.py:93} INFO - [SKIP] no champion.txt for 2023-03-01
[2026-06-26T01:30:00.269+0000] {subprocess.py:97} INFO - Command exited with return code 0
[2026-06-26T01:30:00.270+0000] {taskinstance.py:441} INFO - ::group::Post task execution logs
[2026-06-26T01:30:00.281+0000] {taskinstance.py:1206} INFO - Marking task as SUCCESS. dag_id=credit_default_ml_pipeline, task_id=monitoring.evidently_drift_report, run_id=scheduled__2023-03-01T00:00:00+00:00, execution_date=20230301T000000, start_date=20260626T013000, end_date=20260626T013000
[2026-06-26T01:30:00.292+0000] {local_task_job_runner.py:243} INFO - Task exited with return code 0
[2026-06-26T01:30:00.302+0000] {taskinstance.py:3503} INFO - 0 downstream tasks scheduled from follow-on schedule check
[2026-06-26T01:30:00.302+0000] {local_task_job_runner.py:222} INFO - ::endgroup::
