[2026-06-18T04:39:46.386+0000] {local_task_job_runner.py:120} INFO - ::group::Pre task execution logs
[2026-06-18T04:39:46.402+0000] {taskinstance.py:2076} INFO - Dependencies all met for dep_context=non-requeueable deps ti=<TaskInstance: credit_default_ml_pipeline.label_pipeline.label_silver_lms scheduled__2024-10-01T00:00:00+00:00 [queued]>
[2026-06-18T04:39:46.407+0000] {taskinstance.py:2076} INFO - Dependencies all met for dep_context=requeueable deps ti=<TaskInstance: credit_default_ml_pipeline.label_pipeline.label_silver_lms scheduled__2024-10-01T00:00:00+00:00 [queued]>
[2026-06-18T04:39:46.408+0000] {taskinstance.py:2306} INFO - Starting attempt 6 of 6
[2026-06-18T04:39:46.413+0000] {taskinstance.py:2330} INFO - Executing <Task(BashOperator): label_pipeline.label_silver_lms> on 2024-10-01 00:00:00+00:00
[2026-06-18T04:39:46.419+0000] {logging_mixin.py:188} WARNING - /home/***/.local/lib/python3.12/site-packages/***/task/task_runner/standard_task_runner.py:62 DeprecationWarning: This process (pid=95643) is multi-threaded, use of fork() may lead to deadlocks in the child.
[2026-06-18T04:39:46.418+0000] {standard_task_runner.py:90} INFO - Running: ['***', 'tasks', 'run', 'credit_default_ml_pipeline', 'label_pipeline.label_silver_lms', 'scheduled__2024-10-01T00:00:00+00:00', '--job-id', '1296', '--raw', '--subdir', 'DAGS_FOLDER/dag.py', '--cfg-path', '/tmp/tmpvoxolhte']
[2026-06-18T04:39:46.420+0000] {standard_task_runner.py:64} INFO - Started process 95645 to run task
[2026-06-18T04:39:46.420+0000] {standard_task_runner.py:91} INFO - Job 1296: Subtask label_pipeline.label_silver_lms
[2026-06-18T04:39:46.447+0000] {task_command.py:426} INFO - Running <TaskInstance: credit_default_ml_pipeline.label_pipeline.label_silver_lms scheduled__2024-10-01T00:00:00+00:00 [running]> on host bfbc24b887a5
[2026-06-18T04:39:46.599+0000] {taskinstance.py:2648} INFO - Exporting env vars: AIRFLOW_CTX_DAG_OWNER='***' AIRFLOW_CTX_DAG_ID='credit_default_ml_pipeline' AIRFLOW_CTX_TASK_ID='label_pipeline.label_silver_lms' AIRFLOW_CTX_EXECUTION_DATE='2024-10-01T00:00:00+00:00' AIRFLOW_CTX_TRY_NUMBER='6' AIRFLOW_CTX_DAG_RUN_ID='scheduled__2024-10-01T00:00:00+00:00'
[2026-06-18T04:39:46.600+0000] {taskinstance.py:430} INFO - ::endgroup::
[2026-06-18T04:39:46.605+0000] {subprocess.py:63} INFO - Tmp dir root location: /tmp
[2026-06-18T04:39:46.605+0000] {subprocess.py:75} INFO - Running command: ['/usr/bin/bash', '-c', 'cd /opt/***/scripts && python3 silver_processing.py --snapshotdate "2024-10-01" --source lms']
[2026-06-18T04:39:46.611+0000] {subprocess.py:86} INFO - Output:
[2026-06-18T04:39:47.532+0000] {subprocess.py:93} INFO - Setting default log level to "WARN".
[2026-06-18T04:39:47.533+0000] {subprocess.py:93} INFO - To adjust logging level use sc.setLogLevel(newLevel). For SparkR, use setLogLevel(newLevel).
[2026-06-18T04:39:47.672+0000] {subprocess.py:93} INFO - 26/06/18 04:39:47 WARN NativeCodeLoader: Unable to load native-hadoop library for your platform... using builtin-java classes where applicable
[2026-06-18T04:39:53.208+0000] {subprocess.py:93} INFO - [Stage 5:>                                                          (0 + 1) / 1]
[2026-06-18T04:39:53.210+0000] {subprocess.py:93} INFO - --- silver lms 2024-10-01 ---
[2026-06-18T04:39:53.214+0000] {subprocess.py:93} INFO - 
[2026-06-18T04:39:53.215+0000] {subprocess.py:93} INFO - [silver:lms] loaded datamart/bronze/lms/bronze_lms_2024_10_01.csv rows: 5502
[2026-06-18T04:39:53.216+0000] {subprocess.py:93} INFO - [silver:lms] saved to: datamart/silver/lms/2024_10_01.parquet
[2026-06-18T04:39:53.216+0000] {subprocess.py:93} INFO - 
[2026-06-18T04:39:53.217+0000] {subprocess.py:93} INFO - --- done ---
[2026-06-18T04:39:53.219+0000] {subprocess.py:93} INFO - 
[2026-06-18T04:39:53.684+0000] {subprocess.py:97} INFO - Command exited with return code 0
[2026-06-18T04:39:53.686+0000] {taskinstance.py:441} INFO - ::group::Post task execution logs
[2026-06-18T04:39:53.710+0000] {taskinstance.py:1206} INFO - Marking task as SUCCESS. dag_id=credit_default_ml_pipeline, task_id=label_pipeline.label_silver_lms, run_id=scheduled__2024-10-01T00:00:00+00:00, execution_date=20241001T000000, start_date=20260618T043946, end_date=20260618T043953
[2026-06-18T04:39:53.763+0000] {local_task_job_runner.py:243} INFO - Task exited with return code 0
[2026-06-18T04:39:53.903+0000] {taskinstance.py:3503} INFO - 1 downstream tasks scheduled from follow-on schedule check
[2026-06-18T04:39:53.905+0000] {local_task_job_runner.py:222} INFO - ::endgroup::
