[2026-06-16T11:26:25.984+0000] {local_task_job_runner.py:120} INFO - ::group::Pre task execution logs
[2026-06-16T11:26:26.000+0000] {taskinstance.py:2076} INFO - Dependencies all met for dep_context=non-requeueable deps ti=<TaskInstance: credit_default_ml_pipeline.feature_bronze_clickstream scheduled__2023-04-01T00:00:00+00:00 [queued]>
[2026-06-16T11:26:26.007+0000] {taskinstance.py:2076} INFO - Dependencies all met for dep_context=requeueable deps ti=<TaskInstance: credit_default_ml_pipeline.feature_bronze_clickstream scheduled__2023-04-01T00:00:00+00:00 [queued]>
[2026-06-16T11:26:26.008+0000] {taskinstance.py:2306} INFO - Starting attempt 1 of 2
[2026-06-16T11:26:26.015+0000] {taskinstance.py:2330} INFO - Executing <Task(BashOperator): feature_bronze_clickstream> on 2023-04-01 00:00:00+00:00
[2026-06-16T11:26:26.019+0000] {standard_task_runner.py:90} INFO - Running: ['***', 'tasks', 'run', 'credit_default_ml_pipeline', 'feature_bronze_clickstream', 'scheduled__2023-04-01T00:00:00+00:00', '--job-id', '53', '--raw', '--subdir', 'DAGS_FOLDER/dag.py', '--cfg-path', '/tmp/tmpz6lnqna5']
[2026-06-16T11:26:26.021+0000] {logging_mixin.py:188} WARNING - /home/***/.local/lib/python3.12/site-packages/***/task/task_runner/standard_task_runner.py:62 DeprecationWarning: This process (pid=9598) is multi-threaded, use of fork() may lead to deadlocks in the child.
[2026-06-16T11:26:26.023+0000] {standard_task_runner.py:64} INFO - Started process 9600 to run task
[2026-06-16T11:26:26.022+0000] {standard_task_runner.py:91} INFO - Job 53: Subtask feature_bronze_clickstream
[2026-06-16T11:26:26.047+0000] {task_command.py:426} INFO - Running <TaskInstance: credit_default_ml_pipeline.feature_bronze_clickstream scheduled__2023-04-01T00:00:00+00:00 [running]> on host 1cab6e97738a
[2026-06-16T11:26:26.078+0000] {taskinstance.py:2648} INFO - Exporting env vars: AIRFLOW_CTX_DAG_OWNER='***' AIRFLOW_CTX_DAG_ID='credit_default_ml_pipeline' AIRFLOW_CTX_TASK_ID='feature_bronze_clickstream' AIRFLOW_CTX_EXECUTION_DATE='2023-04-01T00:00:00+00:00' AIRFLOW_CTX_TRY_NUMBER='1' AIRFLOW_CTX_DAG_RUN_ID='scheduled__2023-04-01T00:00:00+00:00'
[2026-06-16T11:26:26.080+0000] {taskinstance.py:430} INFO - ::endgroup::
[2026-06-16T11:26:26.086+0000] {subprocess.py:63} INFO - Tmp dir root location: /tmp
[2026-06-16T11:26:26.087+0000] {subprocess.py:75} INFO - Running command: ['/usr/bin/bash', '-c', 'cd /opt/***/scripts && python3 bronze_processing.py --snapshotdate "2023-04-01" --source clickstream']
[2026-06-16T11:26:26.091+0000] {subprocess.py:86} INFO - Output:
[2026-06-16T11:26:27.457+0000] {subprocess.py:93} INFO - Setting default log level to "WARN".
[2026-06-16T11:26:27.458+0000] {subprocess.py:93} INFO - To adjust logging level use sc.setLogLevel(newLevel). For SparkR, use setLogLevel(newLevel).
[2026-06-16T11:26:27.639+0000] {subprocess.py:93} INFO - 26/06/16 11:26:27 WARN NativeCodeLoader: Unable to load native-hadoop library for your platform... using builtin-java classes where applicable
[2026-06-16T11:26:28.216+0000] {subprocess.py:93} INFO - 26/06/16 11:26:28 WARN Utils: Service 'SparkUI' could not bind on port 4040. Attempting port 4041.
[2026-06-16T11:26:34.003+0000] {subprocess.py:93} INFO - [Stage 1:>                                                          (0 + 5) / 5]
[2026-06-16T11:26:34.004+0000] {subprocess.py:93} INFO - --- bronze clickstream 2023-04-01 ---
[2026-06-16T11:26:34.005+0000] {subprocess.py:93} INFO - 
[2026-06-16T11:26:34.006+0000] {subprocess.py:93} INFO - [bronze:clickstream] 2023-04-01 row count: 8974
[2026-06-16T11:26:34.007+0000] {subprocess.py:93} INFO - [bronze:clickstream] saved to: datamart/bronze/clickstream/bronze_clickstream_2023_04_01.csv
[2026-06-16T11:26:34.007+0000] {subprocess.py:93} INFO - 
[2026-06-16T11:26:34.007+0000] {subprocess.py:93} INFO - --- done ---
[2026-06-16T11:26:34.008+0000] {subprocess.py:93} INFO - 
[2026-06-16T11:26:34.481+0000] {subprocess.py:97} INFO - Command exited with return code 0
[2026-06-16T11:26:34.482+0000] {taskinstance.py:441} INFO - ::group::Post task execution logs
[2026-06-16T11:26:34.494+0000] {taskinstance.py:1206} INFO - Marking task as SUCCESS. dag_id=credit_default_ml_pipeline, task_id=feature_bronze_clickstream, run_id=scheduled__2023-04-01T00:00:00+00:00, execution_date=20230401T000000, start_date=20260616T112626, end_date=20260616T112634
[2026-06-16T11:26:34.531+0000] {local_task_job_runner.py:243} INFO - Task exited with return code 0
[2026-06-16T11:26:34.535+0000] {local_task_job_runner.py:222} INFO - ::endgroup::
