[2026-06-17T01:12:18.174+0000] {local_task_job_runner.py:120} INFO - ::group::Pre task execution logs
[2026-06-17T01:12:18.188+0000] {taskinstance.py:2076} INFO - Dependencies all met for dep_context=non-requeueable deps ti=<TaskInstance: credit_default_ml_pipeline.label_pipeline.gold_label_store scheduled__2024-03-01T00:00:00+00:00 [queued]>
[2026-06-17T01:12:18.192+0000] {taskinstance.py:2076} INFO - Dependencies all met for dep_context=requeueable deps ti=<TaskInstance: credit_default_ml_pipeline.label_pipeline.gold_label_store scheduled__2024-03-01T00:00:00+00:00 [queued]>
[2026-06-17T01:12:18.192+0000] {taskinstance.py:2306} INFO - Starting attempt 2 of 3
[2026-06-17T01:12:18.196+0000] {taskinstance.py:2330} INFO - Executing <Task(BashOperator): label_pipeline.gold_label_store> on 2024-03-01 00:00:00+00:00
[2026-06-17T01:12:18.199+0000] {logging_mixin.py:188} WARNING - /home/***/.local/lib/python3.12/site-packages/***/task/task_runner/standard_task_runner.py:62 DeprecationWarning: This process (pid=87211) is multi-threaded, use of fork() may lead to deadlocks in the child.
[2026-06-17T01:12:18.200+0000] {standard_task_runner.py:64} INFO - Started process 87212 to run task
[2026-06-17T01:12:18.199+0000] {standard_task_runner.py:90} INFO - Running: ['***', 'tasks', 'run', 'credit_default_ml_pipeline', 'label_pipeline.gold_label_store', 'scheduled__2024-03-01T00:00:00+00:00', '--job-id', '659', '--raw', '--subdir', 'DAGS_FOLDER/dag.py', '--cfg-path', '/tmp/tmpo1w1nsph']
[2026-06-17T01:12:18.201+0000] {standard_task_runner.py:91} INFO - Job 659: Subtask label_pipeline.gold_label_store
[2026-06-17T01:12:18.221+0000] {task_command.py:426} INFO - Running <TaskInstance: credit_default_ml_pipeline.label_pipeline.gold_label_store scheduled__2024-03-01T00:00:00+00:00 [running]> on host 2b9b50b7433d
[2026-06-17T01:12:18.249+0000] {taskinstance.py:2648} INFO - Exporting env vars: AIRFLOW_CTX_DAG_OWNER='***' AIRFLOW_CTX_DAG_ID='credit_default_ml_pipeline' AIRFLOW_CTX_TASK_ID='label_pipeline.gold_label_store' AIRFLOW_CTX_EXECUTION_DATE='2024-03-01T00:00:00+00:00' AIRFLOW_CTX_TRY_NUMBER='2' AIRFLOW_CTX_DAG_RUN_ID='scheduled__2024-03-01T00:00:00+00:00'
[2026-06-17T01:12:18.250+0000] {taskinstance.py:430} INFO - ::endgroup::
[2026-06-17T01:12:18.254+0000] {subprocess.py:63} INFO - Tmp dir root location: /tmp
[2026-06-17T01:12:18.255+0000] {subprocess.py:75} INFO - Running command: ['/usr/bin/bash', '-c', 'cd /opt/***/scripts && python3 gold_label_store.py --snapshotdate "2024-03-01"']
[2026-06-17T01:12:18.259+0000] {subprocess.py:86} INFO - Output:
[2026-06-17T01:12:19.251+0000] {subprocess.py:93} INFO - Setting default log level to "WARN".
[2026-06-17T01:12:19.251+0000] {subprocess.py:93} INFO - To adjust logging level use sc.setLogLevel(newLevel). For SparkR, use setLogLevel(newLevel).
[2026-06-17T01:12:19.391+0000] {subprocess.py:93} INFO - 26/06/17 01:12:19 WARN NativeCodeLoader: Unable to load native-hadoop library for your platform... using builtin-java classes where applicable
[2026-06-17T01:12:21.741+0000] {subprocess.py:93} INFO - 
[2026-06-17T01:12:21.743+0000] {subprocess.py:93} INFO - --- gold label 2024-03-01 ---
[2026-06-17T01:12:21.744+0000] {subprocess.py:93} INFO - 
[2026-06-17T01:12:21.746+0000] {subprocess.py:93} INFO - [gold:label] loaded datamart/silver/lms/2024_03_01.parquet rows: 5425
[2026-06-17T01:12:21.747+0000] {subprocess.py:93} INFO - [gold:label] saved to: datamart/gold/label_store/gold_label_store_2024_03_01.parquet
[2026-06-17T01:12:21.748+0000] {subprocess.py:93} INFO - 
[2026-06-17T01:12:21.750+0000] {subprocess.py:93} INFO - --- done ---
[2026-06-17T01:12:21.751+0000] {subprocess.py:93} INFO - 
[2026-06-17T01:12:22.278+0000] {subprocess.py:97} INFO - Command exited with return code 0
[2026-06-17T01:12:22.279+0000] {taskinstance.py:441} INFO - ::group::Post task execution logs
[2026-06-17T01:12:22.295+0000] {taskinstance.py:1206} INFO - Marking task as SUCCESS. dag_id=credit_default_ml_pipeline, task_id=label_pipeline.gold_label_store, run_id=scheduled__2024-03-01T00:00:00+00:00, execution_date=20240301T000000, start_date=20260617T011218, end_date=20260617T011222
[2026-06-17T01:12:22.323+0000] {local_task_job_runner.py:243} INFO - Task exited with return code 0
[2026-06-17T01:12:22.338+0000] {taskinstance.py:3503} INFO - 0 downstream tasks scheduled from follow-on schedule check
[2026-06-17T01:12:22.340+0000] {local_task_job_runner.py:222} INFO - ::endgroup::
