[2026-06-20T08:12:45.825+0000] {local_task_job_runner.py:120} INFO - ::group::Pre task execution logs
[2026-06-20T08:12:45.856+0000] {taskinstance.py:2076} INFO - Dependencies all met for dep_context=non-requeueable deps ti=<TaskInstance: credit_default_ml_pipeline.monitoring.check_drift_alert scheduled__2024-09-01T00:00:00+00:00 [queued]>
[2026-06-20T08:12:45.865+0000] {taskinstance.py:2076} INFO - Dependencies all met for dep_context=requeueable deps ti=<TaskInstance: credit_default_ml_pipeline.monitoring.check_drift_alert scheduled__2024-09-01T00:00:00+00:00 [queued]>
[2026-06-20T08:12:45.867+0000] {taskinstance.py:2306} INFO - Starting attempt 1 of 2
[2026-06-20T08:12:46.079+0000] {taskinstance.py:2330} INFO - Executing <Task(ShortCircuitOperator): monitoring.check_drift_alert> on 2024-09-01 00:00:00+00:00
[2026-06-20T08:12:46.088+0000] {standard_task_runner.py:90} INFO - Running: ['***', 'tasks', 'run', 'credit_default_ml_pipeline', 'monitoring.check_drift_alert', 'scheduled__2024-09-01T00:00:00+00:00', '--job-id', '2335', '--raw', '--subdir', 'DAGS_FOLDER/dag.py', '--cfg-path', '/tmp/tmpvu8poqo6']
[2026-06-20T08:12:46.092+0000] {standard_task_runner.py:91} INFO - Job 2335: Subtask monitoring.check_drift_alert
[2026-06-20T08:12:46.090+0000] {logging_mixin.py:188} WARNING - /home/***/.local/lib/python3.12/site-packages/***/task/task_runner/standard_task_runner.py:62 DeprecationWarning: This process (pid=63705) is multi-threaded, use of fork() may lead to deadlocks in the child.
[2026-06-20T08:12:46.093+0000] {standard_task_runner.py:64} INFO - Started process 63707 to run task
[2026-06-20T08:12:46.140+0000] {task_command.py:426} INFO - Running <TaskInstance: credit_default_ml_pipeline.monitoring.check_drift_alert scheduled__2024-09-01T00:00:00+00:00 [running]> on host 9cf341f51c89
[2026-06-20T08:12:46.209+0000] {taskinstance.py:2648} INFO - Exporting env vars: AIRFLOW_CTX_DAG_OWNER='***' AIRFLOW_CTX_DAG_ID='credit_default_ml_pipeline' AIRFLOW_CTX_TASK_ID='monitoring.check_drift_alert' AIRFLOW_CTX_EXECUTION_DATE='2024-09-01T00:00:00+00:00' AIRFLOW_CTX_TRY_NUMBER='1' AIRFLOW_CTX_DAG_RUN_ID='scheduled__2024-09-01T00:00:00+00:00'
[2026-06-20T08:12:46.212+0000] {taskinstance.py:430} INFO - ::endgroup::
[2026-06-20T08:12:46.225+0000] {baseoperator.py:400} WARNING - ShortCircuitOperator.execute cannot be called outside TaskInstance!
[2026-06-20T08:12:46.227+0000] {logging_mixin.py:188} INFO - [drift-alert] bootstrap month 2024-09-01 — suppressing notification.
[2026-06-20T08:12:46.228+0000] {python.py:237} INFO - Done. Returned value was: False
[2026-06-20T08:12:46.228+0000] {python.py:304} INFO - Condition result is False
[2026-06-20T08:12:46.229+0000] {python.py:331} INFO - Skipping downstream tasks
[2026-06-20T08:12:46.248+0000] {python.py:339} INFO - Done.
[2026-06-20T08:12:46.250+0000] {taskinstance.py:441} INFO - ::group::Post task execution logs
[2026-06-20T08:12:46.262+0000] {taskinstance.py:1206} INFO - Marking task as SUCCESS. dag_id=credit_default_ml_pipeline, task_id=monitoring.check_drift_alert, run_id=scheduled__2024-09-01T00:00:00+00:00, execution_date=20240901T000000, start_date=20260620T081245, end_date=20260620T081246
[2026-06-20T08:12:46.317+0000] {local_task_job_runner.py:243} INFO - Task exited with return code 0
[2026-06-20T08:12:46.332+0000] {taskinstance.py:3503} INFO - 0 downstream tasks scheduled from follow-on schedule check
[2026-06-20T08:12:46.334+0000] {local_task_job_runner.py:222} INFO - ::endgroup::
[2026-06-20T16:12:56.198+0000] {local_task_job_runner.py:120} INFO - ::group::Pre task execution logs
[2026-06-20T16:12:56.209+0000] {taskinstance.py:2076} INFO - Dependencies all met for dep_context=non-requeueable deps ti=<TaskInstance: credit_default_ml_pipeline.monitoring.check_drift_alert scheduled__2024-09-01T00:00:00+00:00 [queued]>
[2026-06-20T16:12:56.213+0000] {taskinstance.py:2076} INFO - Dependencies all met for dep_context=requeueable deps ti=<TaskInstance: credit_default_ml_pipeline.monitoring.check_drift_alert scheduled__2024-09-01T00:00:00+00:00 [queued]>
[2026-06-20T16:12:56.213+0000] {taskinstance.py:2306} INFO - Starting attempt 1 of 2
[2026-06-20T16:12:56.275+0000] {taskinstance.py:2330} INFO - Executing <Task(ShortCircuitOperator): monitoring.check_drift_alert> on 2024-09-01 00:00:00+00:00
[2026-06-20T16:12:56.278+0000] {logging_mixin.py:188} WARNING - /home/***/.local/lib/python3.12/site-packages/***/task/task_runner/standard_task_runner.py:62 DeprecationWarning: This process (pid=49757) is multi-threaded, use of fork() may lead to deadlocks in the child.
[2026-06-20T16:12:56.279+0000] {standard_task_runner.py:64} INFO - Started process 49759 to run task
[2026-06-20T16:12:56.278+0000] {standard_task_runner.py:90} INFO - Running: ['***', 'tasks', 'run', 'credit_default_ml_pipeline', 'monitoring.check_drift_alert', 'scheduled__2024-09-01T00:00:00+00:00', '--job-id', '2808', '--raw', '--subdir', 'DAGS_FOLDER/dag.py', '--cfg-path', '/tmp/tmpatzn7v6v']
[2026-06-20T16:12:56.280+0000] {standard_task_runner.py:91} INFO - Job 2808: Subtask monitoring.check_drift_alert
[2026-06-20T16:12:56.298+0000] {task_command.py:426} INFO - Running <TaskInstance: credit_default_ml_pipeline.monitoring.check_drift_alert scheduled__2024-09-01T00:00:00+00:00 [running]> on host 9cf341f51c89
[2026-06-20T16:12:56.322+0000] {taskinstance.py:2648} INFO - Exporting env vars: AIRFLOW_CTX_DAG_OWNER='***' AIRFLOW_CTX_DAG_ID='credit_default_ml_pipeline' AIRFLOW_CTX_TASK_ID='monitoring.check_drift_alert' AIRFLOW_CTX_EXECUTION_DATE='2024-09-01T00:00:00+00:00' AIRFLOW_CTX_TRY_NUMBER='1' AIRFLOW_CTX_DAG_RUN_ID='scheduled__2024-09-01T00:00:00+00:00'
[2026-06-20T16:12:56.323+0000] {taskinstance.py:430} INFO - ::endgroup::
[2026-06-20T16:12:56.328+0000] {baseoperator.py:400} WARNING - ShortCircuitOperator.execute cannot be called outside TaskInstance!
[2026-06-20T16:12:56.328+0000] {logging_mixin.py:188} INFO - [drift-alert] bootstrap month 2024-09-01 — suppressing notification.
[2026-06-20T16:12:56.328+0000] {python.py:237} INFO - Done. Returned value was: False
[2026-06-20T16:12:56.328+0000] {python.py:304} INFO - Condition result is False
[2026-06-20T16:12:56.329+0000] {python.py:331} INFO - Skipping downstream tasks
[2026-06-20T16:12:56.335+0000] {python.py:339} INFO - Done.
[2026-06-20T16:12:56.336+0000] {taskinstance.py:441} INFO - ::group::Post task execution logs
[2026-06-20T16:12:56.341+0000] {taskinstance.py:1206} INFO - Marking task as SUCCESS. dag_id=credit_default_ml_pipeline, task_id=monitoring.check_drift_alert, run_id=scheduled__2024-09-01T00:00:00+00:00, execution_date=20240901T000000, start_date=20260620T161256, end_date=20260620T161256
[2026-06-20T16:12:56.379+0000] {local_task_job_runner.py:243} INFO - Task exited with return code 0
[2026-06-20T16:12:56.385+0000] {taskinstance.py:3503} INFO - 0 downstream tasks scheduled from follow-on schedule check
[2026-06-20T16:12:56.386+0000] {local_task_job_runner.py:222} INFO - ::endgroup::
[2026-06-20T18:06:23.732+0000] {local_task_job_runner.py:120} INFO - ::group::Pre task execution logs
[2026-06-20T18:06:23.752+0000] {taskinstance.py:2076} INFO - Dependencies all met for dep_context=non-requeueable deps ti=<TaskInstance: credit_default_ml_pipeline.monitoring.check_drift_alert scheduled__2024-09-01T00:00:00+00:00 [queued]>
[2026-06-20T18:06:23.759+0000] {taskinstance.py:2076} INFO - Dependencies all met for dep_context=requeueable deps ti=<TaskInstance: credit_default_ml_pipeline.monitoring.check_drift_alert scheduled__2024-09-01T00:00:00+00:00 [queued]>
[2026-06-20T18:06:23.760+0000] {taskinstance.py:2306} INFO - Starting attempt 1 of 2
[2026-06-20T18:06:23.860+0000] {taskinstance.py:2330} INFO - Executing <Task(ShortCircuitOperator): monitoring.check_drift_alert> on 2024-09-01 00:00:00+00:00
[2026-06-20T18:06:23.866+0000] {logging_mixin.py:188} WARNING - /home/***/.local/lib/python3.12/site-packages/***/task/task_runner/standard_task_runner.py:62 DeprecationWarning: This process (pid=68604) is multi-threaded, use of fork() may lead to deadlocks in the child.
[2026-06-20T18:06:23.867+0000] {standard_task_runner.py:64} INFO - Started process 68606 to run task
[2026-06-20T18:06:23.866+0000] {standard_task_runner.py:90} INFO - Running: ['***', 'tasks', 'run', 'credit_default_ml_pipeline', 'monitoring.check_drift_alert', 'scheduled__2024-09-01T00:00:00+00:00', '--job-id', '3383', '--raw', '--subdir', 'DAGS_FOLDER/dag.py', '--cfg-path', '/tmp/tmpbhme9gw0']
[2026-06-20T18:06:23.869+0000] {standard_task_runner.py:91} INFO - Job 3383: Subtask monitoring.check_drift_alert
[2026-06-20T18:06:23.902+0000] {task_command.py:426} INFO - Running <TaskInstance: credit_default_ml_pipeline.monitoring.check_drift_alert scheduled__2024-09-01T00:00:00+00:00 [running]> on host 9cf341f51c89
[2026-06-20T18:06:23.947+0000] {taskinstance.py:2648} INFO - Exporting env vars: AIRFLOW_CTX_DAG_OWNER='***' AIRFLOW_CTX_DAG_ID='credit_default_ml_pipeline' AIRFLOW_CTX_TASK_ID='monitoring.check_drift_alert' AIRFLOW_CTX_EXECUTION_DATE='2024-09-01T00:00:00+00:00' AIRFLOW_CTX_TRY_NUMBER='1' AIRFLOW_CTX_DAG_RUN_ID='scheduled__2024-09-01T00:00:00+00:00'
[2026-06-20T18:06:23.950+0000] {taskinstance.py:430} INFO - ::endgroup::
[2026-06-20T18:06:23.958+0000] {baseoperator.py:400} WARNING - ShortCircuitOperator.execute cannot be called outside TaskInstance!
[2026-06-20T18:06:23.959+0000] {logging_mixin.py:188} INFO - [drift-alert] bootstrap month 2024-09-01 — suppressing notification.
[2026-06-20T18:06:23.960+0000] {python.py:237} INFO - Done. Returned value was: False
[2026-06-20T18:06:23.961+0000] {python.py:304} INFO - Condition result is False
[2026-06-20T18:06:23.961+0000] {python.py:331} INFO - Skipping downstream tasks
[2026-06-20T18:06:23.973+0000] {python.py:339} INFO - Done.
[2026-06-20T18:06:23.974+0000] {taskinstance.py:441} INFO - ::group::Post task execution logs
[2026-06-20T18:06:23.983+0000] {taskinstance.py:1206} INFO - Marking task as SUCCESS. dag_id=credit_default_ml_pipeline, task_id=monitoring.check_drift_alert, run_id=scheduled__2024-09-01T00:00:00+00:00, execution_date=20240901T000000, start_date=20260620T180623, end_date=20260620T180623
[2026-06-20T18:06:24.011+0000] {local_task_job_runner.py:243} INFO - Task exited with return code 0
[2026-06-20T18:06:24.021+0000] {taskinstance.py:3503} INFO - 0 downstream tasks scheduled from follow-on schedule check
[2026-06-20T18:06:24.022+0000] {local_task_job_runner.py:222} INFO - ::endgroup::
[2026-06-21T03:00:42.343+0000] {local_task_job_runner.py:120} INFO - ::group::Pre task execution logs
[2026-06-21T03:00:42.359+0000] {taskinstance.py:2076} INFO - Dependencies all met for dep_context=non-requeueable deps ti=<TaskInstance: credit_default_ml_pipeline.monitoring.check_drift_alert scheduled__2024-09-01T00:00:00+00:00 [queued]>
[2026-06-21T03:00:42.363+0000] {taskinstance.py:2076} INFO - Dependencies all met for dep_context=requeueable deps ti=<TaskInstance: credit_default_ml_pipeline.monitoring.check_drift_alert scheduled__2024-09-01T00:00:00+00:00 [queued]>
[2026-06-21T03:00:42.364+0000] {taskinstance.py:2306} INFO - Starting attempt 1 of 2
[2026-06-21T03:00:42.369+0000] {taskinstance.py:2330} INFO - Executing <Task(ShortCircuitOperator): monitoring.check_drift_alert> on 2024-09-01 00:00:00+00:00
[2026-06-21T03:00:42.375+0000] {logging_mixin.py:188} WARNING - /home/***/.local/lib/python3.12/site-packages/***/task/task_runner/standard_task_runner.py:62 DeprecationWarning: This process (pid=67068) is multi-threaded, use of fork() may lead to deadlocks in the child.
[2026-06-21T03:00:42.376+0000] {standard_task_runner.py:64} INFO - Started process 67070 to run task
[2026-06-21T03:00:42.375+0000] {standard_task_runner.py:90} INFO - Running: ['***', 'tasks', 'run', 'credit_default_ml_pipeline', 'monitoring.check_drift_alert', 'scheduled__2024-09-01T00:00:00+00:00', '--job-id', '3849', '--raw', '--subdir', 'DAGS_FOLDER/dag.py', '--cfg-path', '/tmp/tmp8yc_s25_']
[2026-06-21T03:00:42.378+0000] {standard_task_runner.py:91} INFO - Job 3849: Subtask monitoring.check_drift_alert
[2026-06-21T03:00:42.408+0000] {task_command.py:426} INFO - Running <TaskInstance: credit_default_ml_pipeline.monitoring.check_drift_alert scheduled__2024-09-01T00:00:00+00:00 [running]> on host f6e9e2801916
[2026-06-21T03:00:42.549+0000] {taskinstance.py:2648} INFO - Exporting env vars: AIRFLOW_CTX_DAG_OWNER='***' AIRFLOW_CTX_DAG_ID='credit_default_ml_pipeline' AIRFLOW_CTX_TASK_ID='monitoring.check_drift_alert' AIRFLOW_CTX_EXECUTION_DATE='2024-09-01T00:00:00+00:00' AIRFLOW_CTX_TRY_NUMBER='1' AIRFLOW_CTX_DAG_RUN_ID='scheduled__2024-09-01T00:00:00+00:00'
[2026-06-21T03:00:42.552+0000] {taskinstance.py:430} INFO - ::endgroup::
[2026-06-21T03:00:42.556+0000] {baseoperator.py:400} WARNING - ShortCircuitOperator.execute cannot be called outside TaskInstance!
[2026-06-21T03:00:42.576+0000] {python.py:237} INFO - Done. Returned value was: False
[2026-06-21T03:00:42.577+0000] {python.py:304} INFO - Condition result is False
[2026-06-21T03:00:42.577+0000] {python.py:331} INFO - Skipping downstream tasks
[2026-06-21T03:00:42.587+0000] {python.py:339} INFO - Done.
[2026-06-21T03:00:42.587+0000] {taskinstance.py:441} INFO - ::group::Post task execution logs
[2026-06-21T03:00:42.595+0000] {taskinstance.py:1206} INFO - Marking task as SUCCESS. dag_id=credit_default_ml_pipeline, task_id=monitoring.check_drift_alert, run_id=scheduled__2024-09-01T00:00:00+00:00, execution_date=20240901T000000, start_date=20260621T030042, end_date=20260621T030042
[2026-06-21T03:00:42.603+0000] {local_task_job_runner.py:243} INFO - Task exited with return code 0
[2026-06-21T03:00:42.611+0000] {taskinstance.py:3503} INFO - 0 downstream tasks scheduled from follow-on schedule check
[2026-06-21T03:00:42.613+0000] {local_task_job_runner.py:222} INFO - ::endgroup::
[2026-06-21T06:27:56.595+0000] {local_task_job_runner.py:120} INFO - ::group::Pre task execution logs
[2026-06-21T06:27:56.618+0000] {taskinstance.py:2076} INFO - Dependencies all met for dep_context=non-requeueable deps ti=<TaskInstance: credit_default_ml_pipeline.monitoring.check_drift_alert scheduled__2024-09-01T00:00:00+00:00 [queued]>
[2026-06-21T06:27:56.625+0000] {taskinstance.py:2076} INFO - Dependencies all met for dep_context=requeueable deps ti=<TaskInstance: credit_default_ml_pipeline.monitoring.check_drift_alert scheduled__2024-09-01T00:00:00+00:00 [queued]>
[2026-06-21T06:27:56.626+0000] {taskinstance.py:2306} INFO - Starting attempt 1 of 2
[2026-06-21T06:27:56.747+0000] {taskinstance.py:2330} INFO - Executing <Task(ShortCircuitOperator): monitoring.check_drift_alert> on 2024-09-01 00:00:00+00:00
[2026-06-21T06:27:56.753+0000] {logging_mixin.py:188} WARNING - /home/***/.local/lib/python3.12/site-packages/***/task/task_runner/standard_task_runner.py:62 DeprecationWarning: This process (pid=69270) is multi-threaded, use of fork() may lead to deadlocks in the child.
[2026-06-21T06:27:56.755+0000] {standard_task_runner.py:64} INFO - Started process 69272 to run task
[2026-06-21T06:27:56.754+0000] {standard_task_runner.py:90} INFO - Running: ['***', 'tasks', 'run', 'credit_default_ml_pipeline', 'monitoring.check_drift_alert', 'scheduled__2024-09-01T00:00:00+00:00', '--job-id', '4310', '--raw', '--subdir', 'DAGS_FOLDER/dag.py', '--cfg-path', '/tmp/tmpoff2j4dr']
[2026-06-21T06:27:56.756+0000] {standard_task_runner.py:91} INFO - Job 4310: Subtask monitoring.check_drift_alert
[2026-06-21T06:27:56.796+0000] {task_command.py:426} INFO - Running <TaskInstance: credit_default_ml_pipeline.monitoring.check_drift_alert scheduled__2024-09-01T00:00:00+00:00 [running]> on host 9377a3f0491f
[2026-06-21T06:27:56.851+0000] {taskinstance.py:2648} INFO - Exporting env vars: AIRFLOW_CTX_DAG_OWNER='***' AIRFLOW_CTX_DAG_ID='credit_default_ml_pipeline' AIRFLOW_CTX_TASK_ID='monitoring.check_drift_alert' AIRFLOW_CTX_EXECUTION_DATE='2024-09-01T00:00:00+00:00' AIRFLOW_CTX_TRY_NUMBER='1' AIRFLOW_CTX_DAG_RUN_ID='scheduled__2024-09-01T00:00:00+00:00'
[2026-06-21T06:27:56.854+0000] {taskinstance.py:430} INFO - ::endgroup::
[2026-06-21T06:27:56.862+0000] {baseoperator.py:400} WARNING - ShortCircuitOperator.execute cannot be called outside TaskInstance!
[2026-06-21T06:27:56.899+0000] {python.py:237} INFO - Done. Returned value was: False
[2026-06-21T06:27:56.900+0000] {python.py:304} INFO - Condition result is False
[2026-06-21T06:27:56.901+0000] {python.py:331} INFO - Skipping downstream tasks
[2026-06-21T06:27:56.915+0000] {python.py:339} INFO - Done.
[2026-06-21T06:27:56.916+0000] {taskinstance.py:441} INFO - ::group::Post task execution logs
[2026-06-21T06:27:56.927+0000] {taskinstance.py:1206} INFO - Marking task as SUCCESS. dag_id=credit_default_ml_pipeline, task_id=monitoring.check_drift_alert, run_id=scheduled__2024-09-01T00:00:00+00:00, execution_date=20240901T000000, start_date=20260621T062756, end_date=20260621T062756
[2026-06-21T06:27:56.939+0000] {local_task_job_runner.py:243} INFO - Task exited with return code 0
[2026-06-21T06:27:56.950+0000] {taskinstance.py:3503} INFO - 0 downstream tasks scheduled from follow-on schedule check
[2026-06-21T06:27:56.952+0000] {local_task_job_runner.py:222} INFO - ::endgroup::
