[2026-06-20T16:42:13.891+0000] {local_task_job_runner.py:120} INFO - ::group::Pre task execution logs
[2026-06-20T16:42:13.902+0000] {taskinstance.py:2076} INFO - Dependencies all met for dep_context=non-requeueable deps ti=<TaskInstance: credit_default_ml_pipeline.monitoring.check_drift_alert scheduled__2024-09-01T00:00:00+00:00 [queued]>
[2026-06-20T16:42:13.905+0000] {taskinstance.py:2076} INFO - Dependencies all met for dep_context=requeueable deps ti=<TaskInstance: credit_default_ml_pipeline.monitoring.check_drift_alert scheduled__2024-09-01T00:00:00+00:00 [queued]>
[2026-06-20T16:42:13.905+0000] {taskinstance.py:2306} INFO - Starting attempt 2 of 3
[2026-06-20T16:42:13.974+0000] {taskinstance.py:2330} INFO - Executing <Task(ShortCircuitOperator): monitoring.check_drift_alert> on 2024-09-01 00:00:00+00:00
[2026-06-20T16:42:13.979+0000] {logging_mixin.py:188} WARNING - /home/***/.local/lib/python3.12/site-packages/***/task/task_runner/standard_task_runner.py:62 DeprecationWarning: This process (pid=64664) is multi-threaded, use of fork() may lead to deadlocks in the child.
[2026-06-20T16:42:13.979+0000] {standard_task_runner.py:64} INFO - Started process 64666 to run task
[2026-06-20T16:42:13.979+0000] {standard_task_runner.py:90} INFO - Running: ['***', 'tasks', 'run', 'credit_default_ml_pipeline', 'monitoring.check_drift_alert', 'scheduled__2024-09-01T00:00:00+00:00', '--job-id', '2890', '--raw', '--subdir', 'DAGS_FOLDER/dag.py', '--cfg-path', '/tmp/tmp50p7izbp']
[2026-06-20T16:42:13.980+0000] {standard_task_runner.py:91} INFO - Job 2890: Subtask monitoring.check_drift_alert
[2026-06-20T16:42:13.997+0000] {task_command.py:426} INFO - Running <TaskInstance: credit_default_ml_pipeline.monitoring.check_drift_alert scheduled__2024-09-01T00:00:00+00:00 [running]> on host 9cf341f51c89
[2026-06-20T16:42:14.023+0000] {taskinstance.py:2648} INFO - Exporting env vars: AIRFLOW_CTX_DAG_OWNER='***' AIRFLOW_CTX_DAG_ID='credit_default_ml_pipeline' AIRFLOW_CTX_TASK_ID='monitoring.check_drift_alert' AIRFLOW_CTX_EXECUTION_DATE='2024-09-01T00:00:00+00:00' AIRFLOW_CTX_TRY_NUMBER='2' AIRFLOW_CTX_DAG_RUN_ID='scheduled__2024-09-01T00:00:00+00:00'
[2026-06-20T16:42:14.024+0000] {taskinstance.py:430} INFO - ::endgroup::
[2026-06-20T16:42:14.028+0000] {baseoperator.py:400} WARNING - ShortCircuitOperator.execute cannot be called outside TaskInstance!
[2026-06-20T16:42:14.029+0000] {logging_mixin.py:188} INFO - [drift-alert] bootstrap month 2024-09-01 — suppressing notification.
[2026-06-20T16:42:14.029+0000] {python.py:237} INFO - Done. Returned value was: False
[2026-06-20T16:42:14.029+0000] {python.py:304} INFO - Condition result is False
[2026-06-20T16:42:14.029+0000] {python.py:331} INFO - Skipping downstream tasks
[2026-06-20T16:42:14.037+0000] {python.py:339} INFO - Done.
[2026-06-20T16:42:14.038+0000] {taskinstance.py:441} INFO - ::group::Post task execution logs
[2026-06-20T16:42:14.043+0000] {taskinstance.py:1206} INFO - Marking task as SUCCESS. dag_id=credit_default_ml_pipeline, task_id=monitoring.check_drift_alert, run_id=scheduled__2024-09-01T00:00:00+00:00, execution_date=20240901T000000, start_date=20260620T164213, end_date=20260620T164214
[2026-06-20T16:42:14.077+0000] {local_task_job_runner.py:243} INFO - Task exited with return code 0
[2026-06-20T16:42:14.083+0000] {taskinstance.py:3503} INFO - 0 downstream tasks scheduled from follow-on schedule check
[2026-06-20T16:42:14.084+0000] {local_task_job_runner.py:222} INFO - ::endgroup::
