[2026-06-17T01:17:43.958+0000] {local_task_job_runner.py:120} INFO - ::group::Pre task execution logs
[2026-06-17T01:17:43.975+0000] {taskinstance.py:2076} INFO - Dependencies all met for dep_context=non-requeueable deps ti=<TaskInstance: credit_default_ml_pipeline.label_pipeline.gold_label_store scheduled__2024-05-01T00:00:00+00:00 [queued]>
[2026-06-17T01:17:43.979+0000] {taskinstance.py:2076} INFO - Dependencies all met for dep_context=requeueable deps ti=<TaskInstance: credit_default_ml_pipeline.label_pipeline.gold_label_store scheduled__2024-05-01T00:00:00+00:00 [queued]>
[2026-06-17T01:17:43.980+0000] {taskinstance.py:2306} INFO - Starting attempt 2 of 3
[2026-06-17T01:17:43.985+0000] {taskinstance.py:2330} INFO - Executing <Task(BashOperator): label_pipeline.gold_label_store> on 2024-05-01 00:00:00+00:00
[2026-06-17T01:17:43.989+0000] {logging_mixin.py:188} WARNING - /home/***/.local/lib/python3.12/site-packages/***/task/task_runner/standard_task_runner.py:62 DeprecationWarning: This process (pid=93606) is multi-threaded, use of fork() may lead to deadlocks in the child.
[2026-06-17T01:17:43.990+0000] {standard_task_runner.py:64} INFO - Started process 93607 to run task
[2026-06-17T01:17:43.989+0000] {standard_task_runner.py:90} INFO - Running: ['***', 'tasks', 'run', 'credit_default_ml_pipeline', 'label_pipeline.gold_label_store', 'scheduled__2024-05-01T00:00:00+00:00', '--job-id', '693', '--raw', '--subdir', 'DAGS_FOLDER/dag.py', '--cfg-path', '/tmp/tmpehmv7ysj']
[2026-06-17T01:17:43.991+0000] {standard_task_runner.py:91} INFO - Job 693: Subtask label_pipeline.gold_label_store
[2026-06-17T01:17:44.015+0000] {task_command.py:426} INFO - Running <TaskInstance: credit_default_ml_pipeline.label_pipeline.gold_label_store scheduled__2024-05-01T00:00:00+00:00 [running]> on host 2b9b50b7433d
[2026-06-17T01:17:44.051+0000] {taskinstance.py:2648} INFO - Exporting env vars: AIRFLOW_CTX_DAG_OWNER='***' AIRFLOW_CTX_DAG_ID='credit_default_ml_pipeline' AIRFLOW_CTX_TASK_ID='label_pipeline.gold_label_store' AIRFLOW_CTX_EXECUTION_DATE='2024-05-01T00:00:00+00:00' AIRFLOW_CTX_TRY_NUMBER='2' AIRFLOW_CTX_DAG_RUN_ID='scheduled__2024-05-01T00:00:00+00:00'
[2026-06-17T01:17:44.052+0000] {taskinstance.py:430} INFO - ::endgroup::
[2026-06-17T01:17:44.058+0000] {subprocess.py:63} INFO - Tmp dir root location: /tmp
[2026-06-17T01:17:44.059+0000] {subprocess.py:75} INFO - Running command: ['/usr/bin/bash', '-c', 'cd /opt/***/scripts && python3 gold_label_store.py --snapshotdate "2024-05-01"']
[2026-06-17T01:17:44.062+0000] {subprocess.py:86} INFO - Output:
[2026-06-17T01:17:45.237+0000] {subprocess.py:93} INFO - Setting default log level to "WARN".
[2026-06-17T01:17:45.238+0000] {subprocess.py:93} INFO - To adjust logging level use sc.setLogLevel(newLevel). For SparkR, use setLogLevel(newLevel).
[2026-06-17T01:17:45.338+0000] {subprocess.py:93} INFO - 26/06/17 01:17:45 WARN NativeCodeLoader: Unable to load native-hadoop library for your platform... using builtin-java classes where applicable
[2026-06-17T01:17:47.700+0000] {subprocess.py:93} INFO - 
[2026-06-17T01:17:47.702+0000] {subprocess.py:93} INFO - --- gold label 2024-05-01 ---
[2026-06-17T01:17:47.704+0000] {subprocess.py:93} INFO - 
[2026-06-17T01:17:47.705+0000] {subprocess.py:93} INFO - [gold:label] loaded datamart/silver/lms/2024_05_01.parquet rows: 5391
[2026-06-17T01:17:47.707+0000] {subprocess.py:93} INFO - [gold:label] saved to: datamart/gold/label_store/gold_label_store_2024_05_01.parquet
[2026-06-17T01:17:47.710+0000] {subprocess.py:93} INFO - 
[2026-06-17T01:17:47.711+0000] {subprocess.py:93} INFO - --- done ---
[2026-06-17T01:17:47.713+0000] {subprocess.py:93} INFO - 
[2026-06-17T01:17:48.222+0000] {subprocess.py:97} INFO - Command exited with return code 0
[2026-06-17T01:17:48.222+0000] {taskinstance.py:441} INFO - ::group::Post task execution logs
[2026-06-17T01:17:48.234+0000] {taskinstance.py:1206} INFO - Marking task as SUCCESS. dag_id=credit_default_ml_pipeline, task_id=label_pipeline.gold_label_store, run_id=scheduled__2024-05-01T00:00:00+00:00, execution_date=20240501T000000, start_date=20260617T011743, end_date=20260617T011748
[2026-06-17T01:17:48.253+0000] {local_task_job_runner.py:243} INFO - Task exited with return code 0
[2026-06-17T01:17:48.266+0000] {taskinstance.py:3503} INFO - 0 downstream tasks scheduled from follow-on schedule check
[2026-06-17T01:17:48.266+0000] {local_task_job_runner.py:222} INFO - ::endgroup::
[2026-06-20T15:57:15.184+0000] {local_task_job_runner.py:120} INFO - ::group::Pre task execution logs
[2026-06-20T15:57:15.199+0000] {taskinstance.py:2076} INFO - Dependencies all met for dep_context=non-requeueable deps ti=<TaskInstance: credit_default_ml_pipeline.label_pipeline.gold_label_store scheduled__2024-05-01T00:00:00+00:00 [queued]>
[2026-06-20T15:57:15.203+0000] {taskinstance.py:2076} INFO - Dependencies all met for dep_context=requeueable deps ti=<TaskInstance: credit_default_ml_pipeline.label_pipeline.gold_label_store scheduled__2024-05-01T00:00:00+00:00 [queued]>
[2026-06-20T15:57:15.204+0000] {taskinstance.py:2306} INFO - Starting attempt 2 of 2
[2026-06-20T15:57:15.210+0000] {taskinstance.py:2330} INFO - Executing <Task(BashOperator): label_pipeline.gold_label_store> on 2024-05-01 00:00:00+00:00
[2026-06-20T15:57:15.214+0000] {logging_mixin.py:188} WARNING - /home/***/.local/lib/python3.12/site-packages/***/task/task_runner/standard_task_runner.py:62 DeprecationWarning: This process (pid=35147) is multi-threaded, use of fork() may lead to deadlocks in the child.
[2026-06-20T15:57:15.216+0000] {standard_task_runner.py:64} INFO - Started process 35155 to run task
[2026-06-20T15:57:15.216+0000] {standard_task_runner.py:90} INFO - Running: ['***', 'tasks', 'run', 'credit_default_ml_pipeline', 'label_pipeline.gold_label_store', 'scheduled__2024-05-01T00:00:00+00:00', '--job-id', '2720', '--raw', '--subdir', 'DAGS_FOLDER/dag.py', '--cfg-path', '/tmp/tmpn24u9icg']
[2026-06-20T15:57:15.218+0000] {standard_task_runner.py:91} INFO - Job 2720: Subtask label_pipeline.gold_label_store
[2026-06-20T15:57:15.340+0000] {task_command.py:426} INFO - Running <TaskInstance: credit_default_ml_pipeline.label_pipeline.gold_label_store scheduled__2024-05-01T00:00:00+00:00 [running]> on host 9cf341f51c89
[2026-06-20T15:57:15.369+0000] {taskinstance.py:2648} INFO - Exporting env vars: AIRFLOW_CTX_DAG_OWNER='***' AIRFLOW_CTX_DAG_ID='credit_default_ml_pipeline' AIRFLOW_CTX_TASK_ID='label_pipeline.gold_label_store' AIRFLOW_CTX_EXECUTION_DATE='2024-05-01T00:00:00+00:00' AIRFLOW_CTX_TRY_NUMBER='2' AIRFLOW_CTX_DAG_RUN_ID='scheduled__2024-05-01T00:00:00+00:00'
[2026-06-20T15:57:15.370+0000] {taskinstance.py:430} INFO - ::endgroup::
[2026-06-20T15:57:15.374+0000] {subprocess.py:63} INFO - Tmp dir root location: /tmp
[2026-06-20T15:57:15.375+0000] {subprocess.py:75} INFO - Running command: ['/usr/bin/bash', '-c', 'cd /opt/***/scripts && python3 gold_label_store.py --snapshotdate "2024-05-01"']
[2026-06-20T15:57:15.381+0000] {subprocess.py:86} INFO - Output:
[2026-06-20T15:57:16.444+0000] {subprocess.py:93} INFO - Setting default log level to "WARN".
[2026-06-20T15:57:16.445+0000] {subprocess.py:93} INFO - To adjust logging level use sc.setLogLevel(newLevel). For SparkR, use setLogLevel(newLevel).
[2026-06-20T15:57:16.562+0000] {subprocess.py:93} INFO - 26/06/20 15:57:16 WARN NativeCodeLoader: Unable to load native-hadoop library for your platform... using builtin-java classes where applicable
[2026-06-20T15:57:19.443+0000] {subprocess.py:93} INFO - 
[2026-06-20T15:57:19.445+0000] {subprocess.py:93} INFO - --- gold label 2024-05-01 ---
[2026-06-20T15:57:19.446+0000] {subprocess.py:93} INFO - 
[2026-06-20T15:57:19.447+0000] {subprocess.py:93} INFO - [gold:label] loaded datamart/silver/lms/2024_05_01.parquet rows: 5391
[2026-06-20T15:57:19.447+0000] {subprocess.py:93} INFO - [gold:label] saved to: datamart/gold/label_store/gold_label_store_2024_05_01.parquet
[2026-06-20T15:57:19.448+0000] {subprocess.py:93} INFO - 
[2026-06-20T15:57:19.448+0000] {subprocess.py:93} INFO - --- done ---
[2026-06-20T15:57:19.449+0000] {subprocess.py:93} INFO - 
[2026-06-20T15:57:19.881+0000] {subprocess.py:97} INFO - Command exited with return code 0
[2026-06-20T15:57:19.883+0000] {taskinstance.py:441} INFO - ::group::Post task execution logs
[2026-06-20T15:57:19.897+0000] {taskinstance.py:1206} INFO - Marking task as SUCCESS. dag_id=credit_default_ml_pipeline, task_id=label_pipeline.gold_label_store, run_id=scheduled__2024-05-01T00:00:00+00:00, execution_date=20240501T000000, start_date=20260620T155715, end_date=20260620T155719
[2026-06-20T15:57:19.930+0000] {local_task_job_runner.py:243} INFO - Task exited with return code 0
[2026-06-20T15:57:20.015+0000] {taskinstance.py:3503} INFO - 0 downstream tasks scheduled from follow-on schedule check
[2026-06-20T15:57:20.016+0000] {local_task_job_runner.py:222} INFO - ::endgroup::
