[2026-06-16T11:29:12.428+0000] {local_task_job_runner.py:120} INFO - ::group::Pre task execution logs
[2026-06-16T11:29:12.445+0000] {taskinstance.py:2076} INFO - Dependencies all met for dep_context=non-requeueable deps ti=<TaskInstance: credit_default_ml_pipeline.label_bronze_lms scheduled__2023-05-01T00:00:00+00:00 [queued]>
[2026-06-16T11:29:12.451+0000] {taskinstance.py:2076} INFO - Dependencies all met for dep_context=requeueable deps ti=<TaskInstance: credit_default_ml_pipeline.label_bronze_lms scheduled__2023-05-01T00:00:00+00:00 [queued]>
[2026-06-16T11:29:12.452+0000] {taskinstance.py:2306} INFO - Starting attempt 1 of 2
[2026-06-16T11:29:12.458+0000] {taskinstance.py:2330} INFO - Executing <Task(BashOperator): label_bronze_lms> on 2023-05-01 00:00:00+00:00
[2026-06-16T11:29:12.462+0000] {logging_mixin.py:188} WARNING - /home/***/.local/lib/python3.12/site-packages/***/task/task_runner/standard_task_runner.py:62 DeprecationWarning: This process (pid=12789) is multi-threaded, use of fork() may lead to deadlocks in the child.
[2026-06-16T11:29:12.463+0000] {standard_task_runner.py:64} INFO - Started process 12794 to run task
[2026-06-16T11:29:12.463+0000] {standard_task_runner.py:90} INFO - Running: ['***', 'tasks', 'run', 'credit_default_ml_pipeline', 'label_bronze_lms', 'scheduled__2023-05-01T00:00:00+00:00', '--job-id', '73', '--raw', '--subdir', 'DAGS_FOLDER/dag.py', '--cfg-path', '/tmp/tmp1v7zx_lc']
[2026-06-16T11:29:12.464+0000] {standard_task_runner.py:91} INFO - Job 73: Subtask label_bronze_lms
[2026-06-16T11:29:12.485+0000] {task_command.py:426} INFO - Running <TaskInstance: credit_default_ml_pipeline.label_bronze_lms scheduled__2023-05-01T00:00:00+00:00 [running]> on host 1cab6e97738a
[2026-06-16T11:29:12.517+0000] {taskinstance.py:2648} INFO - Exporting env vars: AIRFLOW_CTX_DAG_OWNER='***' AIRFLOW_CTX_DAG_ID='credit_default_ml_pipeline' AIRFLOW_CTX_TASK_ID='label_bronze_lms' AIRFLOW_CTX_EXECUTION_DATE='2023-05-01T00:00:00+00:00' AIRFLOW_CTX_TRY_NUMBER='1' AIRFLOW_CTX_DAG_RUN_ID='scheduled__2023-05-01T00:00:00+00:00'
[2026-06-16T11:29:12.518+0000] {taskinstance.py:430} INFO - ::endgroup::
[2026-06-16T11:29:12.524+0000] {subprocess.py:63} INFO - Tmp dir root location: /tmp
[2026-06-16T11:29:12.525+0000] {subprocess.py:75} INFO - Running command: ['/usr/bin/bash', '-c', 'cd /opt/***/scripts && python3 bronze_processing.py --snapshotdate "2023-05-01" --source lms']
[2026-06-16T11:29:12.528+0000] {subprocess.py:86} INFO - Output:
[2026-06-16T11:29:14.030+0000] {subprocess.py:93} INFO - Setting default log level to "WARN".
[2026-06-16T11:29:14.032+0000] {subprocess.py:93} INFO - To adjust logging level use sc.setLogLevel(newLevel). For SparkR, use setLogLevel(newLevel).
[2026-06-16T11:29:14.146+0000] {subprocess.py:93} INFO - 26/06/16 11:29:14 WARN NativeCodeLoader: Unable to load native-hadoop library for your platform... using builtin-java classes where applicable
[2026-06-16T11:29:21.562+0000] {subprocess.py:93} INFO - [Stage 1:>                                                          (0 + 3) / 3]
[2026-06-16T11:29:21.566+0000] {subprocess.py:93} INFO - --- bronze lms 2023-05-01 ---
[2026-06-16T11:29:21.570+0000] {subprocess.py:93} INFO - 
[2026-06-16T11:29:21.571+0000] {subprocess.py:93} INFO - [bronze:lms] 2023-05-01 row count: 2568
[2026-06-16T11:29:21.572+0000] {subprocess.py:93} INFO - [bronze:lms] saved to: datamart/bronze/lms/bronze_lms_2023_05_01.csv
[2026-06-16T11:29:21.573+0000] {subprocess.py:93} INFO - 
[2026-06-16T11:29:21.574+0000] {subprocess.py:93} INFO - --- done ---
[2026-06-16T11:29:21.575+0000] {subprocess.py:93} INFO - 
[2026-06-16T11:29:22.044+0000] {subprocess.py:97} INFO - Command exited with return code 0
[2026-06-16T11:29:22.045+0000] {taskinstance.py:441} INFO - ::group::Post task execution logs
[2026-06-16T11:29:22.059+0000] {taskinstance.py:1206} INFO - Marking task as SUCCESS. dag_id=credit_default_ml_pipeline, task_id=label_bronze_lms, run_id=scheduled__2023-05-01T00:00:00+00:00, execution_date=20230501T000000, start_date=20260616T112912, end_date=20260616T112922
[2026-06-16T11:29:22.100+0000] {local_task_job_runner.py:243} INFO - Task exited with return code 0
[2026-06-16T11:29:22.115+0000] {taskinstance.py:3503} INFO - 2 downstream tasks scheduled from follow-on schedule check
[2026-06-16T11:29:22.116+0000] {local_task_job_runner.py:222} INFO - ::endgroup::
