[2026-06-16T11:20:22.147+0000] {local_task_job_runner.py:120} INFO - ::group::Pre task execution logs
[2026-06-16T11:20:22.178+0000] {taskinstance.py:2076} INFO - Dependencies all met for dep_context=non-requeueable deps ti=<TaskInstance: credit_default_ml_pipeline.feature_silver_clickstream scheduled__2023-01-01T00:00:00+00:00 [queued]>
[2026-06-16T11:20:22.188+0000] {taskinstance.py:2076} INFO - Dependencies all met for dep_context=requeueable deps ti=<TaskInstance: credit_default_ml_pipeline.feature_silver_clickstream scheduled__2023-01-01T00:00:00+00:00 [queued]>
[2026-06-16T11:20:22.189+0000] {taskinstance.py:2306} INFO - Starting attempt 1 of 2
[2026-06-16T11:20:22.206+0000] {taskinstance.py:2330} INFO - Executing <Task(BashOperator): feature_silver_clickstream> on 2023-01-01 00:00:00+00:00
[2026-06-16T11:20:22.212+0000] {logging_mixin.py:188} WARNING - /home/***/.local/lib/python3.12/site-packages/***/task/task_runner/standard_task_runner.py:62 DeprecationWarning: This process (pid=1179) is multi-threaded, use of fork() may lead to deadlocks in the child.
[2026-06-16T11:20:22.211+0000] {standard_task_runner.py:90} INFO - Running: ['***', 'tasks', 'run', 'credit_default_ml_pipeline', 'feature_silver_clickstream', 'scheduled__2023-01-01T00:00:00+00:00', '--job-id', '10', '--raw', '--subdir', 'DAGS_FOLDER/dag.py', '--cfg-path', '/tmp/tmpw_hpse8c']
[2026-06-16T11:20:22.213+0000] {standard_task_runner.py:64} INFO - Started process 1182 to run task
[2026-06-16T11:20:22.214+0000] {standard_task_runner.py:91} INFO - Job 10: Subtask feature_silver_clickstream
[2026-06-16T11:20:22.258+0000] {task_command.py:426} INFO - Running <TaskInstance: credit_default_ml_pipeline.feature_silver_clickstream scheduled__2023-01-01T00:00:00+00:00 [running]> on host 1cab6e97738a
[2026-06-16T11:20:22.321+0000] {taskinstance.py:2648} INFO - Exporting env vars: AIRFLOW_CTX_DAG_OWNER='***' AIRFLOW_CTX_DAG_ID='credit_default_ml_pipeline' AIRFLOW_CTX_TASK_ID='feature_silver_clickstream' AIRFLOW_CTX_EXECUTION_DATE='2023-01-01T00:00:00+00:00' AIRFLOW_CTX_TRY_NUMBER='1' AIRFLOW_CTX_DAG_RUN_ID='scheduled__2023-01-01T00:00:00+00:00'
[2026-06-16T11:20:22.323+0000] {taskinstance.py:430} INFO - ::endgroup::
[2026-06-16T11:20:22.334+0000] {subprocess.py:63} INFO - Tmp dir root location: /tmp
[2026-06-16T11:20:22.336+0000] {subprocess.py:75} INFO - Running command: ['/usr/bin/bash', '-c', 'cd /opt/***/scripts && python3 silver_processing.py --snapshotdate "2023-01-01" --source clickstream']
[2026-06-16T11:20:22.342+0000] {subprocess.py:86} INFO - Output:
[2026-06-16T11:20:24.066+0000] {subprocess.py:93} INFO - Setting default log level to "WARN".
[2026-06-16T11:20:24.067+0000] {subprocess.py:93} INFO - To adjust logging level use sc.setLogLevel(newLevel). For SparkR, use setLogLevel(newLevel).
[2026-06-16T11:20:24.226+0000] {subprocess.py:93} INFO - 26/06/16 11:20:24 WARN NativeCodeLoader: Unable to load native-hadoop library for your platform... using builtin-java classes where applicable
[2026-06-16T11:20:24.880+0000] {subprocess.py:93} INFO - 26/06/16 11:20:24 WARN Utils: Service 'SparkUI' could not bind on port 4040. Attempting port 4041.
[2026-06-16T11:20:24.881+0000] {subprocess.py:93} INFO - 26/06/16 11:20:24 WARN Utils: Service 'SparkUI' could not bind on port 4041. Attempting port 4042.
[2026-06-16T11:20:24.883+0000] {subprocess.py:93} INFO - 26/06/16 11:20:24 WARN Utils: Service 'SparkUI' could not bind on port 4042. Attempting port 4043.
[2026-06-16T11:20:31.191+0000] {subprocess.py:93} INFO - [Stage 5:>                                                          (0 + 1) / 1]
[2026-06-16T11:20:31.193+0000] {subprocess.py:93} INFO - --- silver clickstream 2023-01-01 ---
[2026-06-16T11:20:31.193+0000] {subprocess.py:93} INFO - 
[2026-06-16T11:20:31.194+0000] {subprocess.py:93} INFO - [silver:clickstream] loaded datamart/bronze/clickstream/bronze_clickstream_2023_01_01.csv rows: 8974
[2026-06-16T11:20:31.194+0000] {subprocess.py:93} INFO - [silver:clickstream] saved to: datamart/silver/clickstream/2023_01_01.parquet
[2026-06-16T11:20:31.194+0000] {subprocess.py:93} INFO - 
[2026-06-16T11:20:31.195+0000] {subprocess.py:93} INFO - --- done ---
[2026-06-16T11:20:31.195+0000] {subprocess.py:93} INFO - 
[2026-06-16T11:20:31.618+0000] {subprocess.py:97} INFO - Command exited with return code 0
[2026-06-16T11:20:31.620+0000] {taskinstance.py:441} INFO - ::group::Post task execution logs
[2026-06-16T11:20:31.644+0000] {taskinstance.py:1206} INFO - Marking task as SUCCESS. dag_id=credit_default_ml_pipeline, task_id=feature_silver_clickstream, run_id=scheduled__2023-01-01T00:00:00+00:00, execution_date=20230101T000000, start_date=20260616T112022, end_date=20260616T112031
[2026-06-16T11:20:31.672+0000] {local_task_job_runner.py:243} INFO - Task exited with return code 0
[2026-06-16T11:20:31.685+0000] {taskinstance.py:3503} INFO - 0 downstream tasks scheduled from follow-on schedule check
[2026-06-16T11:20:31.686+0000] {local_task_job_runner.py:222} INFO - ::endgroup::
