[2026-06-17T00:36:07.985+0000] {local_task_job_runner.py:120} INFO - ::group::Pre task execution logs
[2026-06-17T00:36:08.004+0000] {taskinstance.py:2076} INFO - Dependencies all met for dep_context=non-requeueable deps ti=<TaskInstance: credit_default_ml_pipeline.feature_pipeline.feature_bronze_attributes scheduled__2023-03-01T00:00:00+00:00 [queued]>
[2026-06-17T00:36:08.008+0000] {taskinstance.py:2076} INFO - Dependencies all met for dep_context=requeueable deps ti=<TaskInstance: credit_default_ml_pipeline.feature_pipeline.feature_bronze_attributes scheduled__2023-03-01T00:00:00+00:00 [queued]>
[2026-06-17T00:36:08.010+0000] {taskinstance.py:2306} INFO - Starting attempt 2 of 3
[2026-06-17T00:36:08.015+0000] {taskinstance.py:2330} INFO - Executing <Task(BashOperator): feature_pipeline.feature_bronze_attributes> on 2023-03-01 00:00:00+00:00
[2026-06-17T00:36:08.020+0000] {logging_mixin.py:188} WARNING - /home/***/.local/lib/python3.12/site-packages/***/task/task_runner/standard_task_runner.py:62 DeprecationWarning: This process (pid=45740) is multi-threaded, use of fork() may lead to deadlocks in the child.
[2026-06-17T00:36:08.021+0000] {standard_task_runner.py:64} INFO - Started process 45743 to run task
[2026-06-17T00:36:08.020+0000] {standard_task_runner.py:90} INFO - Running: ['***', 'tasks', 'run', 'credit_default_ml_pipeline', 'feature_pipeline.feature_bronze_attributes', 'scheduled__2023-03-01T00:00:00+00:00', '--job-id', '445', '--raw', '--subdir', 'DAGS_FOLDER/dag.py', '--cfg-path', '/tmp/tmpnnykjubf']
[2026-06-17T00:36:08.021+0000] {standard_task_runner.py:91} INFO - Job 445: Subtask feature_pipeline.feature_bronze_attributes
[2026-06-17T00:36:08.047+0000] {task_command.py:426} INFO - Running <TaskInstance: credit_default_ml_pipeline.feature_pipeline.feature_bronze_attributes scheduled__2023-03-01T00:00:00+00:00 [running]> on host 2b9b50b7433d
[2026-06-17T00:36:08.081+0000] {taskinstance.py:2648} INFO - Exporting env vars: AIRFLOW_CTX_DAG_OWNER='***' AIRFLOW_CTX_DAG_ID='credit_default_ml_pipeline' AIRFLOW_CTX_TASK_ID='feature_pipeline.feature_bronze_attributes' AIRFLOW_CTX_EXECUTION_DATE='2023-03-01T00:00:00+00:00' AIRFLOW_CTX_TRY_NUMBER='2' AIRFLOW_CTX_DAG_RUN_ID='scheduled__2023-03-01T00:00:00+00:00'
[2026-06-17T00:36:08.083+0000] {taskinstance.py:430} INFO - ::endgroup::
[2026-06-17T00:36:08.088+0000] {subprocess.py:63} INFO - Tmp dir root location: /tmp
[2026-06-17T00:36:08.089+0000] {subprocess.py:75} INFO - Running command: ['/usr/bin/bash', '-c', 'cd /opt/***/scripts && python3 bronze_processing.py --snapshotdate "2023-03-01" --source attributes']
[2026-06-17T00:36:08.095+0000] {subprocess.py:86} INFO - Output:
[2026-06-17T00:36:09.494+0000] {subprocess.py:93} INFO - Setting default log level to "WARN".
[2026-06-17T00:36:09.496+0000] {subprocess.py:93} INFO - To adjust logging level use sc.setLogLevel(newLevel). For SparkR, use setLogLevel(newLevel).
[2026-06-17T00:36:09.656+0000] {subprocess.py:93} INFO - 26/06/17 00:36:09 WARN NativeCodeLoader: Unable to load native-hadoop library for your platform... using builtin-java classes where applicable
[2026-06-17T00:36:10.281+0000] {subprocess.py:93} INFO - 26/06/17 00:36:10 WARN Utils: Service 'SparkUI' could not bind on port 4040. Attempting port 4041.
[2026-06-17T00:36:10.283+0000] {subprocess.py:93} INFO - 26/06/17 00:36:10 WARN Utils: Service 'SparkUI' could not bind on port 4041. Attempting port 4042.
[2026-06-17T00:36:16.058+0000] {subprocess.py:93} INFO - [Stage 1:>                                                          (0 + 1) / 1]
[2026-06-17T00:36:16.061+0000] {subprocess.py:93} INFO - --- bronze attributes 2023-03-01 ---
[2026-06-17T00:36:16.062+0000] {subprocess.py:93} INFO - 
[2026-06-17T00:36:16.064+0000] {subprocess.py:93} INFO - [bronze:attributes] 2023-03-01 row count: 506
[2026-06-17T00:36:16.064+0000] {subprocess.py:93} INFO - [bronze:attributes] saved to: datamart/bronze/attributes/bronze_attributes_2023_03_01.csv
[2026-06-17T00:36:16.065+0000] {subprocess.py:93} INFO - 
[2026-06-17T00:36:16.067+0000] {subprocess.py:93} INFO - --- done ---
[2026-06-17T00:36:16.069+0000] {subprocess.py:93} INFO - 
[2026-06-17T00:36:16.596+0000] {subprocess.py:97} INFO - Command exited with return code 0
[2026-06-17T00:36:16.597+0000] {taskinstance.py:441} INFO - ::group::Post task execution logs
[2026-06-17T00:36:16.619+0000] {taskinstance.py:1206} INFO - Marking task as SUCCESS. dag_id=credit_default_ml_pipeline, task_id=feature_pipeline.feature_bronze_attributes, run_id=scheduled__2023-03-01T00:00:00+00:00, execution_date=20230301T000000, start_date=20260617T003608, end_date=20260617T003616
[2026-06-17T00:36:16.636+0000] {local_task_job_runner.py:243} INFO - Task exited with return code 0
[2026-06-17T00:36:16.656+0000] {taskinstance.py:3503} INFO - 1 downstream tasks scheduled from follow-on schedule check
[2026-06-17T00:36:16.657+0000] {local_task_job_runner.py:222} INFO - ::endgroup::
