[2026-06-18T03:43:11.996+0000] {local_task_job_runner.py:120} INFO - ::group::Pre task execution logs
[2026-06-18T03:43:12.010+0000] {taskinstance.py:2076} INFO - Dependencies all met for dep_context=non-requeueable deps ti=<TaskInstance: credit_default_ml_pipeline.feature_pipeline.feature_bronze_attributes scheduled__2023-03-01T00:00:00+00:00 [queued]>
[2026-06-18T03:43:12.014+0000] {taskinstance.py:2076} INFO - Dependencies all met for dep_context=requeueable deps ti=<TaskInstance: credit_default_ml_pipeline.feature_pipeline.feature_bronze_attributes scheduled__2023-03-01T00:00:00+00:00 [queued]>
[2026-06-18T03:43:12.015+0000] {taskinstance.py:2306} INFO - Starting attempt 4 of 5
[2026-06-18T03:43:12.020+0000] {taskinstance.py:2330} INFO - Executing <Task(BashOperator): feature_pipeline.feature_bronze_attributes> on 2023-03-01 00:00:00+00:00
[2026-06-18T03:43:12.026+0000] {logging_mixin.py:188} WARNING - /home/***/.local/lib/python3.12/site-packages/***/task/task_runner/standard_task_runner.py:62 DeprecationWarning: This process (pid=33695) is multi-threaded, use of fork() may lead to deadlocks in the child.
[2026-06-18T03:43:12.027+0000] {standard_task_runner.py:64} INFO - Started process 33702 to run task
[2026-06-18T03:43:12.027+0000] {standard_task_runner.py:90} INFO - Running: ['***', 'tasks', 'run', 'credit_default_ml_pipeline', 'feature_pipeline.feature_bronze_attributes', 'scheduled__2023-03-01T00:00:00+00:00', '--job-id', '963', '--raw', '--subdir', 'DAGS_FOLDER/dag.py', '--cfg-path', '/tmp/tmphe3h8p06']
[2026-06-18T03:43:12.030+0000] {standard_task_runner.py:91} INFO - Job 963: Subtask feature_pipeline.feature_bronze_attributes
[2026-06-18T03:43:12.058+0000] {task_command.py:426} INFO - Running <TaskInstance: credit_default_ml_pipeline.feature_pipeline.feature_bronze_attributes scheduled__2023-03-01T00:00:00+00:00 [running]> on host bfbc24b887a5
[2026-06-18T03:43:12.266+0000] {taskinstance.py:2648} INFO - Exporting env vars: AIRFLOW_CTX_DAG_OWNER='***' AIRFLOW_CTX_DAG_ID='credit_default_ml_pipeline' AIRFLOW_CTX_TASK_ID='feature_pipeline.feature_bronze_attributes' AIRFLOW_CTX_EXECUTION_DATE='2023-03-01T00:00:00+00:00' AIRFLOW_CTX_TRY_NUMBER='4' AIRFLOW_CTX_DAG_RUN_ID='scheduled__2023-03-01T00:00:00+00:00'
[2026-06-18T03:43:12.267+0000] {taskinstance.py:430} INFO - ::endgroup::
[2026-06-18T03:43:12.273+0000] {subprocess.py:63} INFO - Tmp dir root location: /tmp
[2026-06-18T03:43:12.274+0000] {subprocess.py:75} INFO - Running command: ['/usr/bin/bash', '-c', 'cd /opt/***/scripts && python3 bronze_processing.py --snapshotdate "2023-03-01" --source attributes']
[2026-06-18T03:43:12.282+0000] {subprocess.py:86} INFO - Output:
[2026-06-18T03:43:14.306+0000] {subprocess.py:93} INFO - Setting default log level to "WARN".
[2026-06-18T03:43:14.309+0000] {subprocess.py:93} INFO - To adjust logging level use sc.setLogLevel(newLevel). For SparkR, use setLogLevel(newLevel).
[2026-06-18T03:43:14.586+0000] {subprocess.py:93} INFO - 26/06/18 03:43:14 WARN NativeCodeLoader: Unable to load native-hadoop library for your platform... using builtin-java classes where applicable
[2026-06-18T03:43:25.136+0000] {subprocess.py:93} INFO - [Stage 1:>                                                          (0 + 1) / 1]                                                                                [Stage 2:>                                                          (0 + 1) / 1]
[2026-06-18T03:43:25.142+0000] {subprocess.py:93} INFO - --- bronze attributes 2023-03-01 ---
[2026-06-18T03:43:25.145+0000] {subprocess.py:93} INFO - 
[2026-06-18T03:43:25.147+0000] {subprocess.py:93} INFO - [bronze:attributes] 2023-03-01 row count: 506
[2026-06-18T03:43:25.148+0000] {subprocess.py:93} INFO - [bronze:attributes] saved to: datamart/bronze/attributes/bronze_attributes_2023_03_01.csv
[2026-06-18T03:43:25.150+0000] {subprocess.py:93} INFO - 
[2026-06-18T03:43:25.159+0000] {subprocess.py:93} INFO - --- done ---
[2026-06-18T03:43:25.162+0000] {subprocess.py:93} INFO - 
[2026-06-18T03:43:25.871+0000] {subprocess.py:97} INFO - Command exited with return code 0
[2026-06-18T03:43:25.876+0000] {taskinstance.py:441} INFO - ::group::Post task execution logs
[2026-06-18T03:43:25.927+0000] {taskinstance.py:1206} INFO - Marking task as SUCCESS. dag_id=credit_default_ml_pipeline, task_id=feature_pipeline.feature_bronze_attributes, run_id=scheduled__2023-03-01T00:00:00+00:00, execution_date=20230301T000000, start_date=20260618T034312, end_date=20260618T034325
[2026-06-18T03:43:25.981+0000] {local_task_job_runner.py:243} INFO - Task exited with return code 0
[2026-06-18T03:43:26.325+0000] {taskinstance.py:3503} INFO - 1 downstream tasks scheduled from follow-on schedule check
[2026-06-18T03:43:26.329+0000] {local_task_job_runner.py:222} INFO - ::endgroup::
