[2026-06-17T01:24:25.425+0000] {local_task_job_runner.py:120} INFO - ::group::Pre task execution logs
[2026-06-17T01:24:25.447+0000] {taskinstance.py:2076} INFO - Dependencies all met for dep_context=non-requeueable deps ti=<TaskInstance: credit_default_ml_pipeline.feature_pipeline.feature_silver_lms scheduled__2024-08-01T00:00:00+00:00 [queued]>
[2026-06-17T01:24:25.451+0000] {taskinstance.py:2076} INFO - Dependencies all met for dep_context=requeueable deps ti=<TaskInstance: credit_default_ml_pipeline.feature_pipeline.feature_silver_lms scheduled__2024-08-01T00:00:00+00:00 [queued]>
[2026-06-17T01:24:25.451+0000] {taskinstance.py:2306} INFO - Starting attempt 4 of 4
[2026-06-17T01:24:25.457+0000] {taskinstance.py:2330} INFO - Executing <Task(BashOperator): feature_pipeline.feature_silver_lms> on 2024-08-01 00:00:00+00:00
[2026-06-17T01:24:25.461+0000] {logging_mixin.py:188} WARNING - /home/***/.local/lib/python3.12/site-packages/***/task/task_runner/standard_task_runner.py:62 DeprecationWarning: This process (pid=2777) is multi-threaded, use of fork() may lead to deadlocks in the child.
[2026-06-17T01:24:25.462+0000] {standard_task_runner.py:64} INFO - Started process 2778 to run task
[2026-06-17T01:24:25.461+0000] {standard_task_runner.py:90} INFO - Running: ['***', 'tasks', 'run', 'credit_default_ml_pipeline', 'feature_pipeline.feature_silver_lms', 'scheduled__2024-08-01T00:00:00+00:00', '--job-id', '742', '--raw', '--subdir', 'DAGS_FOLDER/dag.py', '--cfg-path', '/tmp/tmpjto6r5a_']
[2026-06-17T01:24:25.462+0000] {standard_task_runner.py:91} INFO - Job 742: Subtask feature_pipeline.feature_silver_lms
[2026-06-17T01:24:25.496+0000] {task_command.py:426} INFO - Running <TaskInstance: credit_default_ml_pipeline.feature_pipeline.feature_silver_lms scheduled__2024-08-01T00:00:00+00:00 [running]> on host 2b9b50b7433d
[2026-06-17T01:24:25.542+0000] {taskinstance.py:2648} INFO - Exporting env vars: AIRFLOW_CTX_DAG_OWNER='***' AIRFLOW_CTX_DAG_ID='credit_default_ml_pipeline' AIRFLOW_CTX_TASK_ID='feature_pipeline.feature_silver_lms' AIRFLOW_CTX_EXECUTION_DATE='2024-08-01T00:00:00+00:00' AIRFLOW_CTX_TRY_NUMBER='4' AIRFLOW_CTX_DAG_RUN_ID='scheduled__2024-08-01T00:00:00+00:00'
[2026-06-17T01:24:25.543+0000] {taskinstance.py:430} INFO - ::endgroup::
[2026-06-17T01:24:25.552+0000] {subprocess.py:63} INFO - Tmp dir root location: /tmp
[2026-06-17T01:24:25.553+0000] {subprocess.py:75} INFO - Running command: ['/usr/bin/bash', '-c', 'cd /opt/***/scripts && python3 silver_processing.py --snapshotdate "2024-08-01" --source lms']
[2026-06-17T01:24:25.557+0000] {subprocess.py:86} INFO - Output:
[2026-06-17T01:24:26.555+0000] {subprocess.py:93} INFO - Setting default log level to "WARN".
[2026-06-17T01:24:26.556+0000] {subprocess.py:93} INFO - To adjust logging level use sc.setLogLevel(newLevel). For SparkR, use setLogLevel(newLevel).
[2026-06-17T01:24:26.632+0000] {subprocess.py:93} INFO - 26/06/17 01:24:26 WARN NativeCodeLoader: Unable to load native-hadoop library for your platform... using builtin-java classes where applicable
[2026-06-17T01:24:32.095+0000] {subprocess.py:93} INFO - [Stage 5:>                                                          (0 + 1) / 1]
[2026-06-17T01:24:32.097+0000] {subprocess.py:93} INFO - --- silver lms 2024-08-01 ---
[2026-06-17T01:24:32.099+0000] {subprocess.py:93} INFO - 
[2026-06-17T01:24:32.100+0000] {subprocess.py:93} INFO - [silver:lms] loaded datamart/bronze/lms/bronze_lms_2024_08_01.csv rows: 5531
[2026-06-17T01:24:32.102+0000] {subprocess.py:93} INFO - [silver:lms] saved to: datamart/silver/lms/2024_08_01.parquet
[2026-06-17T01:24:32.103+0000] {subprocess.py:93} INFO - 
[2026-06-17T01:24:32.104+0000] {subprocess.py:93} INFO - --- done ---
[2026-06-17T01:24:32.105+0000] {subprocess.py:93} INFO - 
[2026-06-17T01:24:32.625+0000] {subprocess.py:97} INFO - Command exited with return code 0
[2026-06-17T01:24:32.628+0000] {taskinstance.py:441} INFO - ::group::Post task execution logs
[2026-06-17T01:24:32.648+0000] {taskinstance.py:1206} INFO - Marking task as SUCCESS. dag_id=credit_default_ml_pipeline, task_id=feature_pipeline.feature_silver_lms, run_id=scheduled__2024-08-01T00:00:00+00:00, execution_date=20240801T000000, start_date=20260617T012425, end_date=20260617T012432
[2026-06-17T01:24:32.684+0000] {local_task_job_runner.py:243} INFO - Task exited with return code 0
[2026-06-17T01:24:32.701+0000] {taskinstance.py:3503} INFO - 1 downstream tasks scheduled from follow-on schedule check
[2026-06-17T01:24:32.703+0000] {local_task_job_runner.py:222} INFO - ::endgroup::
