[2026-06-18T04:32:20.409+0000] {local_task_job_runner.py:120} INFO - ::group::Pre task execution logs
[2026-06-18T04:32:20.425+0000] {taskinstance.py:2076} INFO - Dependencies all met for dep_context=non-requeueable deps ti=<TaskInstance: credit_default_ml_pipeline.feature_pipeline.feature_silver_lms scheduled__2024-08-01T00:00:00+00:00 [queued]>
[2026-06-18T04:32:20.430+0000] {taskinstance.py:2076} INFO - Dependencies all met for dep_context=requeueable deps ti=<TaskInstance: credit_default_ml_pipeline.feature_pipeline.feature_silver_lms scheduled__2024-08-01T00:00:00+00:00 [queued]>
[2026-06-18T04:32:20.430+0000] {taskinstance.py:2306} INFO - Starting attempt 6 of 6
[2026-06-18T04:32:20.435+0000] {taskinstance.py:2330} INFO - Executing <Task(BashOperator): feature_pipeline.feature_silver_lms> on 2024-08-01 00:00:00+00:00
[2026-06-18T04:32:20.440+0000] {logging_mixin.py:188} WARNING - /home/***/.local/lib/python3.12/site-packages/***/task/task_runner/standard_task_runner.py:62 DeprecationWarning: This process (pid=87869) is multi-threaded, use of fork() may lead to deadlocks in the child.
[2026-06-18T04:32:20.440+0000] {standard_task_runner.py:90} INFO - Running: ['***', 'tasks', 'run', 'credit_default_ml_pipeline', 'feature_pipeline.feature_silver_lms', 'scheduled__2024-08-01T00:00:00+00:00', '--job-id', '1257', '--raw', '--subdir', 'DAGS_FOLDER/dag.py', '--cfg-path', '/tmp/tmp38ch5rk7']
[2026-06-18T04:32:20.442+0000] {standard_task_runner.py:64} INFO - Started process 87871 to run task
[2026-06-18T04:32:20.442+0000] {standard_task_runner.py:91} INFO - Job 1257: Subtask feature_pipeline.feature_silver_lms
[2026-06-18T04:32:20.477+0000] {task_command.py:426} INFO - Running <TaskInstance: credit_default_ml_pipeline.feature_pipeline.feature_silver_lms scheduled__2024-08-01T00:00:00+00:00 [running]> on host bfbc24b887a5
[2026-06-18T04:32:20.625+0000] {taskinstance.py:2648} INFO - Exporting env vars: AIRFLOW_CTX_DAG_OWNER='***' AIRFLOW_CTX_DAG_ID='credit_default_ml_pipeline' AIRFLOW_CTX_TASK_ID='feature_pipeline.feature_silver_lms' AIRFLOW_CTX_EXECUTION_DATE='2024-08-01T00:00:00+00:00' AIRFLOW_CTX_TRY_NUMBER='6' AIRFLOW_CTX_DAG_RUN_ID='scheduled__2024-08-01T00:00:00+00:00'
[2026-06-18T04:32:20.626+0000] {taskinstance.py:430} INFO - ::endgroup::
[2026-06-18T04:32:20.631+0000] {subprocess.py:63} INFO - Tmp dir root location: /tmp
[2026-06-18T04:32:20.633+0000] {subprocess.py:75} INFO - Running command: ['/usr/bin/bash', '-c', 'cd /opt/***/scripts && python3 silver_processing.py --snapshotdate "2024-08-01" --source lms']
[2026-06-18T04:32:20.637+0000] {subprocess.py:86} INFO - Output:
[2026-06-18T04:32:21.575+0000] {subprocess.py:93} INFO - Setting default log level to "WARN".
[2026-06-18T04:32:21.575+0000] {subprocess.py:93} INFO - To adjust logging level use sc.setLogLevel(newLevel). For SparkR, use setLogLevel(newLevel).
[2026-06-18T04:32:21.739+0000] {subprocess.py:93} INFO - 26/06/18 04:32:21 WARN NativeCodeLoader: Unable to load native-hadoop library for your platform... using builtin-java classes where applicable
[2026-06-18T04:32:26.663+0000] {subprocess.py:93} INFO - [Stage 5:>                                                          (0 + 1) / 1]
[2026-06-18T04:32:26.665+0000] {subprocess.py:93} INFO - --- silver lms 2024-08-01 ---
[2026-06-18T04:32:26.666+0000] {subprocess.py:93} INFO - 
[2026-06-18T04:32:26.667+0000] {subprocess.py:93} INFO - [silver:lms] loaded datamart/bronze/lms/bronze_lms_2024_08_01.csv rows: 5531
[2026-06-18T04:32:26.668+0000] {subprocess.py:93} INFO - [silver:lms] saved to: datamart/silver/lms/2024_08_01.parquet
[2026-06-18T04:32:26.668+0000] {subprocess.py:93} INFO - 
[2026-06-18T04:32:26.669+0000] {subprocess.py:93} INFO - --- done ---
[2026-06-18T04:32:26.670+0000] {subprocess.py:93} INFO - 
[2026-06-18T04:32:27.158+0000] {subprocess.py:97} INFO - Command exited with return code 0
[2026-06-18T04:32:27.159+0000] {taskinstance.py:441} INFO - ::group::Post task execution logs
[2026-06-18T04:32:27.175+0000] {taskinstance.py:1206} INFO - Marking task as SUCCESS. dag_id=credit_default_ml_pipeline, task_id=feature_pipeline.feature_silver_lms, run_id=scheduled__2024-08-01T00:00:00+00:00, execution_date=20240801T000000, start_date=20260618T043220, end_date=20260618T043227
[2026-06-18T04:32:27.192+0000] {local_task_job_runner.py:243} INFO - Task exited with return code 0
[2026-06-18T04:32:27.289+0000] {taskinstance.py:3503} INFO - 1 downstream tasks scheduled from follow-on schedule check
[2026-06-18T04:32:27.291+0000] {local_task_job_runner.py:222} INFO - ::endgroup::
