[2026-06-16T15:35:48.048+0000] {local_task_job_runner.py:120} INFO - ::group::Pre task execution logs
[2026-06-16T15:35:48.062+0000] {taskinstance.py:2076} INFO - Dependencies all met for dep_context=non-requeueable deps ti=<TaskInstance: credit_default_ml_pipeline.feature_pipeline.feature_bronze_attributes scheduled__2024-03-01T00:00:00+00:00 [queued]>
[2026-06-16T15:35:48.065+0000] {taskinstance.py:2076} INFO - Dependencies all met for dep_context=requeueable deps ti=<TaskInstance: credit_default_ml_pipeline.feature_pipeline.feature_bronze_attributes scheduled__2024-03-01T00:00:00+00:00 [queued]>
[2026-06-16T15:35:48.066+0000] {taskinstance.py:2306} INFO - Starting attempt 1 of 2
[2026-06-16T15:35:48.072+0000] {taskinstance.py:2330} INFO - Executing <Task(BashOperator): feature_pipeline.feature_bronze_attributes> on 2024-03-01 00:00:00+00:00
[2026-06-16T15:35:48.077+0000] {logging_mixin.py:188} WARNING - /home/***/.local/lib/python3.12/site-packages/***/task/task_runner/standard_task_runner.py:62 DeprecationWarning: This process (pid=3912) is multi-threaded, use of fork() may lead to deadlocks in the child.
[2026-06-16T15:35:48.076+0000] {standard_task_runner.py:90} INFO - Running: ['***', 'tasks', 'run', 'credit_default_ml_pipeline', 'feature_pipeline.feature_bronze_attributes', 'scheduled__2024-03-01T00:00:00+00:00', '--job-id', '271', '--raw', '--subdir', 'DAGS_FOLDER/dag.py', '--cfg-path', '/tmp/tmp0mq7zkgl']
[2026-06-16T15:35:48.077+0000] {standard_task_runner.py:64} INFO - Started process 3915 to run task
[2026-06-16T15:35:48.078+0000] {standard_task_runner.py:91} INFO - Job 271: Subtask feature_pipeline.feature_bronze_attributes
[2026-06-16T15:35:48.106+0000] {task_command.py:426} INFO - Running <TaskInstance: credit_default_ml_pipeline.feature_pipeline.feature_bronze_attributes scheduled__2024-03-01T00:00:00+00:00 [running]> on host 2b9b50b7433d
[2026-06-16T15:35:48.139+0000] {taskinstance.py:2648} INFO - Exporting env vars: AIRFLOW_CTX_DAG_OWNER='***' AIRFLOW_CTX_DAG_ID='credit_default_ml_pipeline' AIRFLOW_CTX_TASK_ID='feature_pipeline.feature_bronze_attributes' AIRFLOW_CTX_EXECUTION_DATE='2024-03-01T00:00:00+00:00' AIRFLOW_CTX_TRY_NUMBER='1' AIRFLOW_CTX_DAG_RUN_ID='scheduled__2024-03-01T00:00:00+00:00'
[2026-06-16T15:35:48.140+0000] {taskinstance.py:430} INFO - ::endgroup::
[2026-06-16T15:35:48.146+0000] {subprocess.py:63} INFO - Tmp dir root location: /tmp
[2026-06-16T15:35:48.147+0000] {subprocess.py:75} INFO - Running command: ['/usr/bin/bash', '-c', 'cd /opt/***/scripts && python3 bronze_processing.py --snapshotdate "2024-03-01" --source attributes']
[2026-06-16T15:35:48.151+0000] {subprocess.py:86} INFO - Output:
[2026-06-16T15:35:49.580+0000] {subprocess.py:93} INFO - Setting default log level to "WARN".
[2026-06-16T15:35:49.592+0000] {subprocess.py:93} INFO - To adjust logging level use sc.setLogLevel(newLevel). For SparkR, use setLogLevel(newLevel).
[2026-06-16T15:35:49.772+0000] {subprocess.py:93} INFO - 26/06/16 15:35:49 WARN NativeCodeLoader: Unable to load native-hadoop library for your platform... using builtin-java classes where applicable
[2026-06-16T15:35:55.557+0000] {subprocess.py:93} INFO - 
[2026-06-16T15:35:55.561+0000] {subprocess.py:93} INFO - --- bronze attributes 2024-03-01 ---
[2026-06-16T15:35:55.563+0000] {subprocess.py:93} INFO - 
[2026-06-16T15:35:55.567+0000] {subprocess.py:93} INFO - [bronze:attributes] 2024-03-01 row count: 511
[2026-06-16T15:35:55.570+0000] {subprocess.py:93} INFO - [bronze:attributes] saved to: datamart/bronze/attributes/bronze_attributes_2024_03_01.csv
[2026-06-16T15:35:55.574+0000] {subprocess.py:93} INFO - 
[2026-06-16T15:35:55.576+0000] {subprocess.py:93} INFO - --- done ---
[2026-06-16T15:35:55.577+0000] {subprocess.py:93} INFO - 
[2026-06-16T15:35:56.157+0000] {subprocess.py:97} INFO - Command exited with return code 0
[2026-06-16T15:35:56.159+0000] {taskinstance.py:441} INFO - ::group::Post task execution logs
[2026-06-16T15:35:56.182+0000] {taskinstance.py:1206} INFO - Marking task as SUCCESS. dag_id=credit_default_ml_pipeline, task_id=feature_pipeline.feature_bronze_attributes, run_id=scheduled__2024-03-01T00:00:00+00:00, execution_date=20240301T000000, start_date=20260616T153548, end_date=20260616T153556
[2026-06-16T15:35:56.209+0000] {local_task_job_runner.py:243} INFO - Task exited with return code 0
[2026-06-16T15:35:56.247+0000] {taskinstance.py:3503} INFO - 1 downstream tasks scheduled from follow-on schedule check
[2026-06-16T15:35:56.248+0000] {local_task_job_runner.py:222} INFO - ::endgroup::
[2026-06-20T06:30:56.249+0000] {local_task_job_runner.py:120} INFO - ::group::Pre task execution logs
[2026-06-20T06:30:56.265+0000] {taskinstance.py:2076} INFO - Dependencies all met for dep_context=non-requeueable deps ti=<TaskInstance: credit_default_ml_pipeline.feature_pipeline.feature_bronze_attributes scheduled__2024-03-01T00:00:00+00:00 [queued]>
[2026-06-20T06:30:56.272+0000] {taskinstance.py:2076} INFO - Dependencies all met for dep_context=requeueable deps ti=<TaskInstance: credit_default_ml_pipeline.feature_pipeline.feature_bronze_attributes scheduled__2024-03-01T00:00:00+00:00 [queued]>
[2026-06-20T06:30:56.273+0000] {taskinstance.py:2306} INFO - Starting attempt 1 of 2
[2026-06-20T06:30:56.282+0000] {taskinstance.py:2330} INFO - Executing <Task(BashOperator): feature_pipeline.feature_bronze_attributes> on 2024-03-01 00:00:00+00:00
[2026-06-20T06:30:56.287+0000] {logging_mixin.py:188} WARNING - /home/***/.local/lib/python3.12/site-packages/***/task/task_runner/standard_task_runner.py:62 DeprecationWarning: This process (pid=54369) is multi-threaded, use of fork() may lead to deadlocks in the child.
[2026-06-20T06:30:56.288+0000] {standard_task_runner.py:64} INFO - Started process 54377 to run task
[2026-06-20T06:30:56.287+0000] {standard_task_runner.py:90} INFO - Running: ['***', 'tasks', 'run', 'credit_default_ml_pipeline', 'feature_pipeline.feature_bronze_attributes', 'scheduled__2024-03-01T00:00:00+00:00', '--job-id', '1706', '--raw', '--subdir', 'DAGS_FOLDER/dag.py', '--cfg-path', '/tmp/tmp3dt40tr2']
[2026-06-20T06:30:56.289+0000] {standard_task_runner.py:91} INFO - Job 1706: Subtask feature_pipeline.feature_bronze_attributes
[2026-06-20T06:30:56.416+0000] {task_command.py:426} INFO - Running <TaskInstance: credit_default_ml_pipeline.feature_pipeline.feature_bronze_attributes scheduled__2024-03-01T00:00:00+00:00 [running]> on host 9cf341f51c89
[2026-06-20T06:30:56.451+0000] {taskinstance.py:2648} INFO - Exporting env vars: AIRFLOW_CTX_DAG_OWNER='***' AIRFLOW_CTX_DAG_ID='credit_default_ml_pipeline' AIRFLOW_CTX_TASK_ID='feature_pipeline.feature_bronze_attributes' AIRFLOW_CTX_EXECUTION_DATE='2024-03-01T00:00:00+00:00' AIRFLOW_CTX_TRY_NUMBER='1' AIRFLOW_CTX_DAG_RUN_ID='scheduled__2024-03-01T00:00:00+00:00'
[2026-06-20T06:30:56.452+0000] {taskinstance.py:430} INFO - ::endgroup::
[2026-06-20T06:30:56.456+0000] {subprocess.py:63} INFO - Tmp dir root location: /tmp
[2026-06-20T06:30:56.456+0000] {subprocess.py:75} INFO - Running command: ['/usr/bin/bash', '-c', 'cd /opt/***/scripts && python3 bronze_processing.py --snapshotdate "2024-03-01" --source attributes']
[2026-06-20T06:30:56.461+0000] {subprocess.py:86} INFO - Output:
[2026-06-20T06:30:57.977+0000] {subprocess.py:93} INFO - Setting default log level to "WARN".
[2026-06-20T06:30:57.978+0000] {subprocess.py:93} INFO - To adjust logging level use sc.setLogLevel(newLevel). For SparkR, use setLogLevel(newLevel).
[2026-06-20T06:30:58.167+0000] {subprocess.py:93} INFO - 26/06/20 06:30:58 WARN NativeCodeLoader: Unable to load native-hadoop library for your platform... using builtin-java classes where applicable
[2026-06-20T06:30:58.694+0000] {subprocess.py:93} INFO - 26/06/20 06:30:58 WARN Utils: Service 'SparkUI' could not bind on port 4040. Attempting port 4041.
[2026-06-20T06:30:58.698+0000] {subprocess.py:93} INFO - 26/06/20 06:30:58 WARN Utils: Service 'SparkUI' could not bind on port 4041. Attempting port 4042.
[2026-06-20T06:31:04.435+0000] {subprocess.py:93} INFO - [Stage 1:>                                                          (0 + 1) / 1]
[2026-06-20T06:31:04.438+0000] {subprocess.py:93} INFO - --- bronze attributes 2024-03-01 ---
[2026-06-20T06:31:04.443+0000] {subprocess.py:93} INFO - 
[2026-06-20T06:31:04.445+0000] {subprocess.py:93} INFO - [bronze:attributes] 2024-03-01 row count: 511
[2026-06-20T06:31:04.447+0000] {subprocess.py:93} INFO - [bronze:attributes] saved to: datamart/bronze/attributes/bronze_attributes_2024_03_01.csv
[2026-06-20T06:31:04.450+0000] {subprocess.py:93} INFO - 
[2026-06-20T06:31:04.451+0000] {subprocess.py:93} INFO - --- done ---
[2026-06-20T06:31:04.452+0000] {subprocess.py:93} INFO - 
[2026-06-20T06:31:04.962+0000] {subprocess.py:97} INFO - Command exited with return code 0
[2026-06-20T06:31:04.967+0000] {taskinstance.py:441} INFO - ::group::Post task execution logs
[2026-06-20T06:31:04.990+0000] {taskinstance.py:1206} INFO - Marking task as SUCCESS. dag_id=credit_default_ml_pipeline, task_id=feature_pipeline.feature_bronze_attributes, run_id=scheduled__2024-03-01T00:00:00+00:00, execution_date=20240301T000000, start_date=20260620T063056, end_date=20260620T063104
[2026-06-20T06:31:05.030+0000] {local_task_job_runner.py:243} INFO - Task exited with return code 0
[2026-06-20T06:31:05.054+0000] {taskinstance.py:3503} INFO - 1 downstream tasks scheduled from follow-on schedule check
[2026-06-20T06:31:05.056+0000] {local_task_job_runner.py:222} INFO - ::endgroup::
[2026-06-20T07:51:12.934+0000] {local_task_job_runner.py:120} INFO - ::group::Pre task execution logs
[2026-06-20T07:51:12.952+0000] {taskinstance.py:2076} INFO - Dependencies all met for dep_context=non-requeueable deps ti=<TaskInstance: credit_default_ml_pipeline.feature_pipeline.feature_bronze_attributes scheduled__2024-03-01T00:00:00+00:00 [queued]>
[2026-06-20T07:51:12.956+0000] {taskinstance.py:2076} INFO - Dependencies all met for dep_context=requeueable deps ti=<TaskInstance: credit_default_ml_pipeline.feature_pipeline.feature_bronze_attributes scheduled__2024-03-01T00:00:00+00:00 [queued]>
[2026-06-20T07:51:12.957+0000] {taskinstance.py:2306} INFO - Starting attempt 1 of 2
[2026-06-20T07:51:12.964+0000] {taskinstance.py:2330} INFO - Executing <Task(BashOperator): feature_pipeline.feature_bronze_attributes> on 2024-03-01 00:00:00+00:00
[2026-06-20T07:51:12.970+0000] {logging_mixin.py:188} WARNING - /home/***/.local/lib/python3.12/site-packages/***/task/task_runner/standard_task_runner.py:62 DeprecationWarning: This process (pid=39930) is multi-threaded, use of fork() may lead to deadlocks in the child.
[2026-06-20T07:51:12.971+0000] {standard_task_runner.py:64} INFO - Started process 39937 to run task
[2026-06-20T07:51:12.971+0000] {standard_task_runner.py:90} INFO - Running: ['***', 'tasks', 'run', 'credit_default_ml_pipeline', 'feature_pipeline.feature_bronze_attributes', 'scheduled__2024-03-01T00:00:00+00:00', '--job-id', '2200', '--raw', '--subdir', 'DAGS_FOLDER/dag.py', '--cfg-path', '/tmp/tmpl3h6yqnn']
[2026-06-20T07:51:12.972+0000] {standard_task_runner.py:91} INFO - Job 2200: Subtask feature_pipeline.feature_bronze_attributes
[2026-06-20T07:51:13.097+0000] {task_command.py:426} INFO - Running <TaskInstance: credit_default_ml_pipeline.feature_pipeline.feature_bronze_attributes scheduled__2024-03-01T00:00:00+00:00 [running]> on host 9cf341f51c89
[2026-06-20T07:51:13.132+0000] {taskinstance.py:2648} INFO - Exporting env vars: AIRFLOW_CTX_DAG_OWNER='***' AIRFLOW_CTX_DAG_ID='credit_default_ml_pipeline' AIRFLOW_CTX_TASK_ID='feature_pipeline.feature_bronze_attributes' AIRFLOW_CTX_EXECUTION_DATE='2024-03-01T00:00:00+00:00' AIRFLOW_CTX_TRY_NUMBER='1' AIRFLOW_CTX_DAG_RUN_ID='scheduled__2024-03-01T00:00:00+00:00'
[2026-06-20T07:51:13.133+0000] {taskinstance.py:430} INFO - ::endgroup::
[2026-06-20T07:51:13.140+0000] {subprocess.py:63} INFO - Tmp dir root location: /tmp
[2026-06-20T07:51:13.141+0000] {subprocess.py:75} INFO - Running command: ['/usr/bin/bash', '-c', 'cd /opt/***/scripts && python3 bronze_processing.py --snapshotdate "2024-03-01" --source attributes']
[2026-06-20T07:51:13.146+0000] {subprocess.py:86} INFO - Output:
[2026-06-20T07:51:14.864+0000] {subprocess.py:93} INFO - Setting default log level to "WARN".
[2026-06-20T07:51:14.869+0000] {subprocess.py:93} INFO - To adjust logging level use sc.setLogLevel(newLevel). For SparkR, use setLogLevel(newLevel).
[2026-06-20T07:51:15.075+0000] {subprocess.py:93} INFO - 26/06/20 07:51:15 WARN NativeCodeLoader: Unable to load native-hadoop library for your platform... using builtin-java classes where applicable
[2026-06-20T07:51:15.905+0000] {subprocess.py:93} INFO - 26/06/20 07:51:15 WARN Utils: Service 'SparkUI' could not bind on port 4040. Attempting port 4041.
[2026-06-20T07:51:15.907+0000] {subprocess.py:93} INFO - 26/06/20 07:51:15 WARN Utils: Service 'SparkUI' could not bind on port 4041. Attempting port 4042.
[2026-06-20T07:51:25.336+0000] {subprocess.py:93} INFO - [Stage 1:>                                                          (0 + 1) / 1]
[2026-06-20T07:51:25.340+0000] {subprocess.py:93} INFO - --- bronze attributes 2024-03-01 ---
[2026-06-20T07:51:25.349+0000] {subprocess.py:93} INFO - 
[2026-06-20T07:51:25.353+0000] {subprocess.py:93} INFO - [bronze:attributes] 2024-03-01 row count: 511
[2026-06-20T07:51:25.379+0000] {subprocess.py:93} INFO - [bronze:attributes] saved to: datamart/bronze/attributes/bronze_attributes_2024_03_01.csv
[2026-06-20T07:51:25.391+0000] {subprocess.py:93} INFO - 
[2026-06-20T07:51:25.393+0000] {subprocess.py:93} INFO - --- done ---
[2026-06-20T07:51:25.394+0000] {subprocess.py:93} INFO - 
[2026-06-20T07:51:25.980+0000] {subprocess.py:97} INFO - Command exited with return code 0
[2026-06-20T07:51:25.982+0000] {taskinstance.py:441} INFO - ::group::Post task execution logs
[2026-06-20T07:51:26.041+0000] {taskinstance.py:1206} INFO - Marking task as SUCCESS. dag_id=credit_default_ml_pipeline, task_id=feature_pipeline.feature_bronze_attributes, run_id=scheduled__2024-03-01T00:00:00+00:00, execution_date=20240301T000000, start_date=20260620T075112, end_date=20260620T075126
[2026-06-20T07:51:26.101+0000] {local_task_job_runner.py:243} INFO - Task exited with return code 0
[2026-06-20T07:51:26.131+0000] {taskinstance.py:3503} INFO - 1 downstream tasks scheduled from follow-on schedule check
[2026-06-20T07:51:26.132+0000] {local_task_job_runner.py:222} INFO - ::endgroup::
[2026-06-20T15:49:03.675+0000] {local_task_job_runner.py:120} INFO - ::group::Pre task execution logs
[2026-06-20T15:49:03.688+0000] {taskinstance.py:2076} INFO - Dependencies all met for dep_context=non-requeueable deps ti=<TaskInstance: credit_default_ml_pipeline.feature_pipeline.feature_bronze_attributes scheduled__2024-03-01T00:00:00+00:00 [queued]>
[2026-06-20T15:49:03.691+0000] {taskinstance.py:2076} INFO - Dependencies all met for dep_context=requeueable deps ti=<TaskInstance: credit_default_ml_pipeline.feature_pipeline.feature_bronze_attributes scheduled__2024-03-01T00:00:00+00:00 [queued]>
[2026-06-20T15:49:03.692+0000] {taskinstance.py:2306} INFO - Starting attempt 1 of 2
[2026-06-20T15:49:03.698+0000] {taskinstance.py:2330} INFO - Executing <Task(BashOperator): feature_pipeline.feature_bronze_attributes> on 2024-03-01 00:00:00+00:00
[2026-06-20T15:49:03.703+0000] {logging_mixin.py:188} WARNING - /home/***/.local/lib/python3.12/site-packages/***/task/task_runner/standard_task_runner.py:62 DeprecationWarning: This process (pid=26391) is multi-threaded, use of fork() may lead to deadlocks in the child.
[2026-06-20T15:49:03.705+0000] {standard_task_runner.py:64} INFO - Started process 26399 to run task
[2026-06-20T15:49:03.704+0000] {standard_task_runner.py:90} INFO - Running: ['***', 'tasks', 'run', 'credit_default_ml_pipeline', 'feature_pipeline.feature_bronze_attributes', 'scheduled__2024-03-01T00:00:00+00:00', '--job-id', '2672', '--raw', '--subdir', 'DAGS_FOLDER/dag.py', '--cfg-path', '/tmp/tmphr80uv8l']
[2026-06-20T15:49:03.707+0000] {standard_task_runner.py:91} INFO - Job 2672: Subtask feature_pipeline.feature_bronze_attributes
[2026-06-20T15:49:03.830+0000] {task_command.py:426} INFO - Running <TaskInstance: credit_default_ml_pipeline.feature_pipeline.feature_bronze_attributes scheduled__2024-03-01T00:00:00+00:00 [running]> on host 9cf341f51c89
[2026-06-20T15:49:03.860+0000] {taskinstance.py:2648} INFO - Exporting env vars: AIRFLOW_CTX_DAG_OWNER='***' AIRFLOW_CTX_DAG_ID='credit_default_ml_pipeline' AIRFLOW_CTX_TASK_ID='feature_pipeline.feature_bronze_attributes' AIRFLOW_CTX_EXECUTION_DATE='2024-03-01T00:00:00+00:00' AIRFLOW_CTX_TRY_NUMBER='1' AIRFLOW_CTX_DAG_RUN_ID='scheduled__2024-03-01T00:00:00+00:00'
[2026-06-20T15:49:03.861+0000] {taskinstance.py:430} INFO - ::endgroup::
[2026-06-20T15:49:03.866+0000] {subprocess.py:63} INFO - Tmp dir root location: /tmp
[2026-06-20T15:49:03.867+0000] {subprocess.py:75} INFO - Running command: ['/usr/bin/bash', '-c', 'cd /opt/***/scripts && python3 bronze_processing.py --snapshotdate "2024-03-01" --source attributes']
[2026-06-20T15:49:03.872+0000] {subprocess.py:86} INFO - Output:
[2026-06-20T15:49:05.303+0000] {subprocess.py:93} INFO - Setting default log level to "WARN".
[2026-06-20T15:49:05.304+0000] {subprocess.py:93} INFO - To adjust logging level use sc.setLogLevel(newLevel). For SparkR, use setLogLevel(newLevel).
[2026-06-20T15:49:05.447+0000] {subprocess.py:93} INFO - 26/06/20 15:49:05 WARN NativeCodeLoader: Unable to load native-hadoop library for your platform... using builtin-java classes where applicable
[2026-06-20T15:49:05.988+0000] {subprocess.py:93} INFO - 26/06/20 15:49:05 WARN Utils: Service 'SparkUI' could not bind on port 4040. Attempting port 4041.
[2026-06-20T15:49:11.793+0000] {subprocess.py:93} INFO - 
[2026-06-20T15:49:11.795+0000] {subprocess.py:93} INFO - --- bronze attributes 2024-03-01 ---
[2026-06-20T15:49:11.805+0000] {subprocess.py:93} INFO - 
[2026-06-20T15:49:11.817+0000] {subprocess.py:93} INFO - [bronze:attributes] 2024-03-01 row count: 511
[2026-06-20T15:49:11.821+0000] {subprocess.py:93} INFO - [bronze:attributes] saved to: datamart/bronze/attributes/bronze_attributes_2024_03_01.csv
[2026-06-20T15:49:11.823+0000] {subprocess.py:93} INFO - 
[2026-06-20T15:49:11.827+0000] {subprocess.py:93} INFO - --- done ---
[2026-06-20T15:49:11.833+0000] {subprocess.py:93} INFO - 
[2026-06-20T15:49:12.334+0000] {subprocess.py:97} INFO - Command exited with return code 0
[2026-06-20T15:49:12.335+0000] {taskinstance.py:441} INFO - ::group::Post task execution logs
[2026-06-20T15:49:12.356+0000] {taskinstance.py:1206} INFO - Marking task as SUCCESS. dag_id=credit_default_ml_pipeline, task_id=feature_pipeline.feature_bronze_attributes, run_id=scheduled__2024-03-01T00:00:00+00:00, execution_date=20240301T000000, start_date=20260620T154903, end_date=20260620T154912
[2026-06-20T15:49:12.404+0000] {local_task_job_runner.py:243} INFO - Task exited with return code 0
[2026-06-20T15:49:12.424+0000] {taskinstance.py:3503} INFO - 1 downstream tasks scheduled from follow-on schedule check
[2026-06-20T15:49:12.425+0000] {local_task_job_runner.py:222} INFO - ::endgroup::
[2026-06-20T17:43:53.968+0000] {local_task_job_runner.py:120} INFO - ::group::Pre task execution logs
[2026-06-20T17:43:53.984+0000] {taskinstance.py:2076} INFO - Dependencies all met for dep_context=non-requeueable deps ti=<TaskInstance: credit_default_ml_pipeline.feature_pipeline.feature_bronze_attributes scheduled__2024-03-01T00:00:00+00:00 [queued]>
[2026-06-20T17:43:53.989+0000] {taskinstance.py:2076} INFO - Dependencies all met for dep_context=requeueable deps ti=<TaskInstance: credit_default_ml_pipeline.feature_pipeline.feature_bronze_attributes scheduled__2024-03-01T00:00:00+00:00 [queued]>
[2026-06-20T17:43:53.989+0000] {taskinstance.py:2306} INFO - Starting attempt 1 of 2
[2026-06-20T17:43:53.998+0000] {taskinstance.py:2330} INFO - Executing <Task(BashOperator): feature_pipeline.feature_bronze_attributes> on 2024-03-01 00:00:00+00:00
[2026-06-20T17:43:54.003+0000] {logging_mixin.py:188} WARNING - /home/***/.local/lib/python3.12/site-packages/***/task/task_runner/standard_task_runner.py:62 DeprecationWarning: This process (pid=44706) is multi-threaded, use of fork() may lead to deadlocks in the child.
[2026-06-20T17:43:54.004+0000] {standard_task_runner.py:64} INFO - Started process 44713 to run task
[2026-06-20T17:43:54.003+0000] {standard_task_runner.py:90} INFO - Running: ['***', 'tasks', 'run', 'credit_default_ml_pipeline', 'feature_pipeline.feature_bronze_attributes', 'scheduled__2024-03-01T00:00:00+00:00', '--job-id', '3248', '--raw', '--subdir', 'DAGS_FOLDER/dag.py', '--cfg-path', '/tmp/tmp79snn5w1']
[2026-06-20T17:43:54.007+0000] {standard_task_runner.py:91} INFO - Job 3248: Subtask feature_pipeline.feature_bronze_attributes
[2026-06-20T17:43:54.132+0000] {task_command.py:426} INFO - Running <TaskInstance: credit_default_ml_pipeline.feature_pipeline.feature_bronze_attributes scheduled__2024-03-01T00:00:00+00:00 [running]> on host 9cf341f51c89
[2026-06-20T17:43:54.168+0000] {taskinstance.py:2648} INFO - Exporting env vars: AIRFLOW_CTX_DAG_OWNER='***' AIRFLOW_CTX_DAG_ID='credit_default_ml_pipeline' AIRFLOW_CTX_TASK_ID='feature_pipeline.feature_bronze_attributes' AIRFLOW_CTX_EXECUTION_DATE='2024-03-01T00:00:00+00:00' AIRFLOW_CTX_TRY_NUMBER='1' AIRFLOW_CTX_DAG_RUN_ID='scheduled__2024-03-01T00:00:00+00:00'
[2026-06-20T17:43:54.169+0000] {taskinstance.py:430} INFO - ::endgroup::
[2026-06-20T17:43:54.174+0000] {subprocess.py:63} INFO - Tmp dir root location: /tmp
[2026-06-20T17:43:54.175+0000] {subprocess.py:75} INFO - Running command: ['/usr/bin/bash', '-c', 'cd /opt/***/scripts && python3 bronze_processing.py --snapshotdate "2024-03-01" --source attributes']
[2026-06-20T17:43:54.180+0000] {subprocess.py:86} INFO - Output:
[2026-06-20T17:43:55.990+0000] {subprocess.py:93} INFO - Setting default log level to "WARN".
[2026-06-20T17:43:55.991+0000] {subprocess.py:93} INFO - To adjust logging level use sc.setLogLevel(newLevel). For SparkR, use setLogLevel(newLevel).
[2026-06-20T17:43:56.240+0000] {subprocess.py:93} INFO - 26/06/20 17:43:56 WARN NativeCodeLoader: Unable to load native-hadoop library for your platform... using builtin-java classes where applicable
[2026-06-20T17:43:57.087+0000] {subprocess.py:93} INFO - 26/06/20 17:43:57 WARN Utils: Service 'SparkUI' could not bind on port 4040. Attempting port 4041.
[2026-06-20T17:43:57.089+0000] {subprocess.py:93} INFO - 26/06/20 17:43:57 WARN Utils: Service 'SparkUI' could not bind on port 4041. Attempting port 4042.
[2026-06-20T17:43:57.091+0000] {subprocess.py:93} INFO - 26/06/20 17:43:57 WARN Utils: Service 'SparkUI' could not bind on port 4042. Attempting port 4043.
[2026-06-20T17:44:06.561+0000] {subprocess.py:93} INFO - [Stage 1:>                                                          (0 + 1) / 1]
[2026-06-20T17:44:06.574+0000] {subprocess.py:93} INFO - --- bronze attributes 2024-03-01 ---
[2026-06-20T17:44:06.576+0000] {subprocess.py:93} INFO - 
[2026-06-20T17:44:06.580+0000] {subprocess.py:93} INFO - [bronze:attributes] 2024-03-01 row count: 511
[2026-06-20T17:44:06.590+0000] {subprocess.py:93} INFO - [bronze:attributes] saved to: datamart/bronze/attributes/bronze_attributes_2024_03_01.csv
[2026-06-20T17:44:06.592+0000] {subprocess.py:93} INFO - 
[2026-06-20T17:44:06.594+0000] {subprocess.py:93} INFO - --- done ---
[2026-06-20T17:44:06.602+0000] {subprocess.py:93} INFO - 
[2026-06-20T17:44:07.235+0000] {subprocess.py:97} INFO - Command exited with return code 0
[2026-06-20T17:44:07.238+0000] {taskinstance.py:441} INFO - ::group::Post task execution logs
[2026-06-20T17:44:07.286+0000] {taskinstance.py:1206} INFO - Marking task as SUCCESS. dag_id=credit_default_ml_pipeline, task_id=feature_pipeline.feature_bronze_attributes, run_id=scheduled__2024-03-01T00:00:00+00:00, execution_date=20240301T000000, start_date=20260620T174353, end_date=20260620T174407
[2026-06-20T17:44:07.331+0000] {local_task_job_runner.py:243} INFO - Task exited with return code 0
[2026-06-20T17:44:07.375+0000] {taskinstance.py:3503} INFO - 1 downstream tasks scheduled from follow-on schedule check
[2026-06-20T17:44:07.377+0000] {local_task_job_runner.py:222} INFO - ::endgroup::
[2026-06-21T02:40:08.299+0000] {local_task_job_runner.py:120} INFO - ::group::Pre task execution logs
[2026-06-21T02:40:08.318+0000] {taskinstance.py:2076} INFO - Dependencies all met for dep_context=non-requeueable deps ti=<TaskInstance: credit_default_ml_pipeline.feature_pipeline.feature_bronze_attributes scheduled__2024-03-01T00:00:00+00:00 [queued]>
[2026-06-21T02:40:08.324+0000] {taskinstance.py:2076} INFO - Dependencies all met for dep_context=requeueable deps ti=<TaskInstance: credit_default_ml_pipeline.feature_pipeline.feature_bronze_attributes scheduled__2024-03-01T00:00:00+00:00 [queued]>
[2026-06-21T02:40:08.325+0000] {taskinstance.py:2306} INFO - Starting attempt 1 of 2
[2026-06-21T02:40:08.332+0000] {taskinstance.py:2330} INFO - Executing <Task(BashOperator): feature_pipeline.feature_bronze_attributes> on 2024-03-01 00:00:00+00:00
[2026-06-21T02:40:08.336+0000] {logging_mixin.py:188} WARNING - /home/***/.local/lib/python3.12/site-packages/***/task/task_runner/standard_task_runner.py:62 DeprecationWarning: This process (pid=44507) is multi-threaded, use of fork() may lead to deadlocks in the child.
[2026-06-21T02:40:08.337+0000] {standard_task_runner.py:64} INFO - Started process 44512 to run task
[2026-06-21T02:40:08.337+0000] {standard_task_runner.py:90} INFO - Running: ['***', 'tasks', 'run', 'credit_default_ml_pipeline', 'feature_pipeline.feature_bronze_attributes', 'scheduled__2024-03-01T00:00:00+00:00', '--job-id', '3713', '--raw', '--subdir', 'DAGS_FOLDER/dag.py', '--cfg-path', '/tmp/tmp2gx3ssdx']
[2026-06-21T02:40:08.338+0000] {standard_task_runner.py:91} INFO - Job 3713: Subtask feature_pipeline.feature_bronze_attributes
[2026-06-21T02:40:08.365+0000] {task_command.py:426} INFO - Running <TaskInstance: credit_default_ml_pipeline.feature_pipeline.feature_bronze_attributes scheduled__2024-03-01T00:00:00+00:00 [running]> on host f6e9e2801916
[2026-06-21T02:40:08.508+0000] {taskinstance.py:2648} INFO - Exporting env vars: AIRFLOW_CTX_DAG_OWNER='***' AIRFLOW_CTX_DAG_ID='credit_default_ml_pipeline' AIRFLOW_CTX_TASK_ID='feature_pipeline.feature_bronze_attributes' AIRFLOW_CTX_EXECUTION_DATE='2024-03-01T00:00:00+00:00' AIRFLOW_CTX_TRY_NUMBER='1' AIRFLOW_CTX_DAG_RUN_ID='scheduled__2024-03-01T00:00:00+00:00'
[2026-06-21T02:40:08.509+0000] {taskinstance.py:430} INFO - ::endgroup::
[2026-06-21T02:40:08.514+0000] {subprocess.py:63} INFO - Tmp dir root location: /tmp
[2026-06-21T02:40:08.515+0000] {subprocess.py:75} INFO - Running command: ['/usr/bin/bash', '-c', 'cd /opt/***/scripts && python3 bronze_processing.py --snapshotdate "2024-03-01" --source attributes']
[2026-06-21T02:40:08.520+0000] {subprocess.py:86} INFO - Output:
[2026-06-21T02:40:10.069+0000] {subprocess.py:93} INFO - Setting default log level to "WARN".
[2026-06-21T02:40:10.071+0000] {subprocess.py:93} INFO - To adjust logging level use sc.setLogLevel(newLevel). For SparkR, use setLogLevel(newLevel).
[2026-06-21T02:40:10.214+0000] {subprocess.py:93} INFO - 26/06/21 02:40:10 WARN NativeCodeLoader: Unable to load native-hadoop library for your platform... using builtin-java classes where applicable
[2026-06-21T02:40:17.103+0000] {subprocess.py:93} INFO - 
[2026-06-21T02:40:17.133+0000] {subprocess.py:93} INFO - --- bronze attributes 2024-03-01 ---
[2026-06-21T02:40:17.134+0000] {subprocess.py:93} INFO - 
[2026-06-21T02:40:17.136+0000] {subprocess.py:93} INFO - [bronze:attributes] 2024-03-01 row count: 511
[2026-06-21T02:40:17.140+0000] {subprocess.py:93} INFO - [bronze:attributes] saved to: datamart/bronze/attributes/bronze_attributes_2024_03_01.csv
[2026-06-21T02:40:17.143+0000] {subprocess.py:93} INFO - 
[2026-06-21T02:40:17.147+0000] {subprocess.py:93} INFO - --- done ---
[2026-06-21T02:40:17.167+0000] {subprocess.py:93} INFO - 
[2026-06-21T02:40:17.836+0000] {subprocess.py:97} INFO - Command exited with return code 0
[2026-06-21T02:40:17.838+0000] {taskinstance.py:441} INFO - ::group::Post task execution logs
[2026-06-21T02:40:17.867+0000] {taskinstance.py:1206} INFO - Marking task as SUCCESS. dag_id=credit_default_ml_pipeline, task_id=feature_pipeline.feature_bronze_attributes, run_id=scheduled__2024-03-01T00:00:00+00:00, execution_date=20240301T000000, start_date=20260621T024008, end_date=20260621T024017
[2026-06-21T02:40:17.900+0000] {local_task_job_runner.py:243} INFO - Task exited with return code 0
[2026-06-21T02:40:18.042+0000] {taskinstance.py:3503} INFO - 1 downstream tasks scheduled from follow-on schedule check
[2026-06-21T02:40:18.044+0000] {local_task_job_runner.py:222} INFO - ::endgroup::
[2026-06-21T06:06:51.967+0000] {local_task_job_runner.py:120} INFO - ::group::Pre task execution logs
[2026-06-21T06:06:51.983+0000] {taskinstance.py:2076} INFO - Dependencies all met for dep_context=non-requeueable deps ti=<TaskInstance: credit_default_ml_pipeline.feature_pipeline.feature_bronze_attributes scheduled__2024-03-01T00:00:00+00:00 [queued]>
[2026-06-21T06:06:51.988+0000] {taskinstance.py:2076} INFO - Dependencies all met for dep_context=requeueable deps ti=<TaskInstance: credit_default_ml_pipeline.feature_pipeline.feature_bronze_attributes scheduled__2024-03-01T00:00:00+00:00 [queued]>
[2026-06-21T06:06:51.989+0000] {taskinstance.py:2306} INFO - Starting attempt 1 of 2
[2026-06-21T06:06:51.999+0000] {taskinstance.py:2330} INFO - Executing <Task(BashOperator): feature_pipeline.feature_bronze_attributes> on 2024-03-01 00:00:00+00:00
[2026-06-21T06:06:52.004+0000] {logging_mixin.py:188} WARNING - /home/***/.local/lib/python3.12/site-packages/***/task/task_runner/standard_task_runner.py:62 DeprecationWarning: This process (pid=45561) is multi-threaded, use of fork() may lead to deadlocks in the child.
[2026-06-21T06:06:52.005+0000] {standard_task_runner.py:90} INFO - Running: ['***', 'tasks', 'run', 'credit_default_ml_pipeline', 'feature_pipeline.feature_bronze_attributes', 'scheduled__2024-03-01T00:00:00+00:00', '--job-id', '4176', '--raw', '--subdir', 'DAGS_FOLDER/dag.py', '--cfg-path', '/tmp/tmpap54gdfr']
[2026-06-21T06:06:52.006+0000] {standard_task_runner.py:64} INFO - Started process 45567 to run task
[2026-06-21T06:06:52.007+0000] {standard_task_runner.py:91} INFO - Job 4176: Subtask feature_pipeline.feature_bronze_attributes
[2026-06-21T06:06:52.139+0000] {task_command.py:426} INFO - Running <TaskInstance: credit_default_ml_pipeline.feature_pipeline.feature_bronze_attributes scheduled__2024-03-01T00:00:00+00:00 [running]> on host 9377a3f0491f
[2026-06-21T06:06:52.175+0000] {taskinstance.py:2648} INFO - Exporting env vars: AIRFLOW_CTX_DAG_OWNER='***' AIRFLOW_CTX_DAG_ID='credit_default_ml_pipeline' AIRFLOW_CTX_TASK_ID='feature_pipeline.feature_bronze_attributes' AIRFLOW_CTX_EXECUTION_DATE='2024-03-01T00:00:00+00:00' AIRFLOW_CTX_TRY_NUMBER='1' AIRFLOW_CTX_DAG_RUN_ID='scheduled__2024-03-01T00:00:00+00:00'
[2026-06-21T06:06:52.176+0000] {taskinstance.py:430} INFO - ::endgroup::
[2026-06-21T06:06:52.181+0000] {subprocess.py:63} INFO - Tmp dir root location: /tmp
[2026-06-21T06:06:52.183+0000] {subprocess.py:75} INFO - Running command: ['/usr/bin/bash', '-c', 'cd /opt/***/scripts && python3 bronze_processing.py --snapshotdate "2024-03-01" --source attributes']
[2026-06-21T06:06:52.188+0000] {subprocess.py:86} INFO - Output:
[2026-06-21T06:06:54.875+0000] {subprocess.py:93} INFO - Setting default log level to "WARN".
[2026-06-21T06:06:54.878+0000] {subprocess.py:93} INFO - To adjust logging level use sc.setLogLevel(newLevel). For SparkR, use setLogLevel(newLevel).
[2026-06-21T06:06:55.104+0000] {subprocess.py:93} INFO - 26/06/21 06:06:55 WARN NativeCodeLoader: Unable to load native-hadoop library for your platform... using builtin-java classes where applicable
[2026-06-21T06:06:56.233+0000] {subprocess.py:93} INFO - 26/06/21 06:06:56 WARN Utils: Service 'SparkUI' could not bind on port 4040. Attempting port 4041.
[2026-06-21T06:06:56.235+0000] {subprocess.py:93} INFO - 26/06/21 06:06:56 WARN Utils: Service 'SparkUI' could not bind on port 4041. Attempting port 4042.
[2026-06-21T06:07:06.777+0000] {subprocess.py:93} INFO - [Stage 1:>                                                          (0 + 1) / 1]
[2026-06-21T06:07:06.790+0000] {subprocess.py:93} INFO - --- bronze attributes 2024-03-01 ---
[2026-06-21T06:07:06.799+0000] {subprocess.py:93} INFO - 
[2026-06-21T06:07:06.813+0000] {subprocess.py:93} INFO - [bronze:attributes] 2024-03-01 row count: 511
[2026-06-21T06:07:06.821+0000] {subprocess.py:93} INFO - [bronze:attributes] saved to: datamart/bronze/attributes/bronze_attributes_2024_03_01.csv
[2026-06-21T06:07:06.831+0000] {subprocess.py:93} INFO - 
[2026-06-21T06:07:06.833+0000] {subprocess.py:93} INFO - --- done ---
[2026-06-21T06:07:06.839+0000] {subprocess.py:93} INFO - 
[2026-06-21T06:07:07.547+0000] {subprocess.py:97} INFO - Command exited with return code 0
[2026-06-21T06:07:07.549+0000] {taskinstance.py:441} INFO - ::group::Post task execution logs
[2026-06-21T06:07:07.623+0000] {taskinstance.py:1206} INFO - Marking task as SUCCESS. dag_id=credit_default_ml_pipeline, task_id=feature_pipeline.feature_bronze_attributes, run_id=scheduled__2024-03-01T00:00:00+00:00, execution_date=20240301T000000, start_date=20260621T060651, end_date=20260621T060707
[2026-06-21T06:07:07.684+0000] {local_task_job_runner.py:243} INFO - Task exited with return code 0
[2026-06-21T06:07:07.726+0000] {taskinstance.py:3503} INFO - 1 downstream tasks scheduled from follow-on schedule check
[2026-06-21T06:07:07.729+0000] {local_task_job_runner.py:222} INFO - ::endgroup::
[2026-06-25T17:58:55.378+0000] {local_task_job_runner.py:120} INFO - ::group::Pre task execution logs
[2026-06-25T17:58:55.398+0000] {taskinstance.py:2076} INFO - Dependencies all met for dep_context=non-requeueable deps ti=<TaskInstance: credit_default_ml_pipeline.feature_pipeline.feature_bronze_attributes scheduled__2024-03-01T00:00:00+00:00 [queued]>
[2026-06-25T17:58:55.404+0000] {taskinstance.py:2076} INFO - Dependencies all met for dep_context=requeueable deps ti=<TaskInstance: credit_default_ml_pipeline.feature_pipeline.feature_bronze_attributes scheduled__2024-03-01T00:00:00+00:00 [queued]>
[2026-06-25T17:58:55.405+0000] {taskinstance.py:2306} INFO - Starting attempt 1 of 2
[2026-06-25T17:58:55.416+0000] {taskinstance.py:2330} INFO - Executing <Task(BashOperator): feature_pipeline.feature_bronze_attributes> on 2024-03-01 00:00:00+00:00
[2026-06-25T17:58:55.424+0000] {logging_mixin.py:188} WARNING - /home/***/.local/lib/python3.12/site-packages/***/task/task_runner/standard_task_runner.py:62 DeprecationWarning: This process (pid=45054) is multi-threaded, use of fork() may lead to deadlocks in the child.
[2026-06-25T17:58:55.424+0000] {standard_task_runner.py:90} INFO - Running: ['***', 'tasks', 'run', 'credit_default_ml_pipeline', 'feature_pipeline.feature_bronze_attributes', 'scheduled__2024-03-01T00:00:00+00:00', '--job-id', '4637', '--raw', '--subdir', 'DAGS_FOLDER/dag.py', '--cfg-path', '/tmp/tmpigamqdxz']
[2026-06-25T17:58:55.425+0000] {standard_task_runner.py:91} INFO - Job 4637: Subtask feature_pipeline.feature_bronze_attributes
[2026-06-25T17:58:55.425+0000] {standard_task_runner.py:64} INFO - Started process 45062 to run task
[2026-06-25T17:58:55.452+0000] {task_command.py:426} INFO - Running <TaskInstance: credit_default_ml_pipeline.feature_pipeline.feature_bronze_attributes scheduled__2024-03-01T00:00:00+00:00 [running]> on host b54b2be331ab
[2026-06-25T17:58:55.641+0000] {taskinstance.py:2648} INFO - Exporting env vars: AIRFLOW_CTX_DAG_OWNER='***' AIRFLOW_CTX_DAG_ID='credit_default_ml_pipeline' AIRFLOW_CTX_TASK_ID='feature_pipeline.feature_bronze_attributes' AIRFLOW_CTX_EXECUTION_DATE='2024-03-01T00:00:00+00:00' AIRFLOW_CTX_TRY_NUMBER='1' AIRFLOW_CTX_DAG_RUN_ID='scheduled__2024-03-01T00:00:00+00:00'
[2026-06-25T17:58:55.643+0000] {taskinstance.py:430} INFO - ::endgroup::
[2026-06-25T17:58:55.649+0000] {subprocess.py:63} INFO - Tmp dir root location: /tmp
[2026-06-25T17:58:55.650+0000] {subprocess.py:75} INFO - Running command: ['/usr/bin/bash', '-c', 'cd /opt/***/scripts && python3 bronze_processing.py --snapshotdate "2024-03-01" --source attributes']
[2026-06-25T17:58:55.659+0000] {subprocess.py:86} INFO - Output:
[2026-06-25T17:58:58.367+0000] {subprocess.py:93} INFO - Setting default log level to "WARN".
[2026-06-25T17:58:58.370+0000] {subprocess.py:93} INFO - To adjust logging level use sc.setLogLevel(newLevel). For SparkR, use setLogLevel(newLevel).
[2026-06-25T17:58:58.686+0000] {subprocess.py:93} INFO - 26/06/25 17:58:58 WARN NativeCodeLoader: Unable to load native-hadoop library for your platform... using builtin-java classes where applicable
[2026-06-25T17:59:10.381+0000] {subprocess.py:93} INFO - [Stage 1:>                                                          (0 + 1) / 1]                                                                                [Stage 2:>                                                          (0 + 1) / 1]
[2026-06-25T17:59:10.391+0000] {subprocess.py:93} INFO - --- bronze attributes 2024-03-01 ---
[2026-06-25T17:59:10.394+0000] {subprocess.py:93} INFO - 
[2026-06-25T17:59:10.400+0000] {subprocess.py:93} INFO - [bronze:attributes] 2024-03-01 row count: 511
[2026-06-25T17:59:10.404+0000] {subprocess.py:93} INFO - [bronze:attributes] saved to: datamart/bronze/attributes/bronze_attributes_2024_03_01.csv
[2026-06-25T17:59:10.406+0000] {subprocess.py:93} INFO - 
[2026-06-25T17:59:10.408+0000] {subprocess.py:93} INFO - --- done ---
[2026-06-25T17:59:10.411+0000] {subprocess.py:93} INFO - 
[2026-06-25T17:59:11.086+0000] {subprocess.py:97} INFO - Command exited with return code 0
[2026-06-25T17:59:11.091+0000] {taskinstance.py:441} INFO - ::group::Post task execution logs
[2026-06-25T17:59:11.186+0000] {taskinstance.py:1206} INFO - Marking task as SUCCESS. dag_id=credit_default_ml_pipeline, task_id=feature_pipeline.feature_bronze_attributes, run_id=scheduled__2024-03-01T00:00:00+00:00, execution_date=20240301T000000, start_date=20260625T175855, end_date=20260625T175911
[2026-06-25T17:59:11.248+0000] {local_task_job_runner.py:243} INFO - Task exited with return code 0
[2026-06-25T17:59:11.610+0000] {taskinstance.py:3503} INFO - 1 downstream tasks scheduled from follow-on schedule check
[2026-06-25T17:59:11.617+0000] {local_task_job_runner.py:222} INFO - ::endgroup::
