[2026-06-17T01:10:01.503+0000] {local_task_job_runner.py:120} INFO - ::group::Pre task execution logs
[2026-06-17T01:10:01.530+0000] {taskinstance.py:2076} INFO - Dependencies all met for dep_context=non-requeueable deps ti=<TaskInstance: credit_default_ml_pipeline.feature_pipeline.feature_silver_lms scheduled__2024-03-01T00:00:00+00:00 [queued]>
[2026-06-17T01:10:01.536+0000] {taskinstance.py:2076} INFO - Dependencies all met for dep_context=requeueable deps ti=<TaskInstance: credit_default_ml_pipeline.feature_pipeline.feature_silver_lms scheduled__2024-03-01T00:00:00+00:00 [queued]>
[2026-06-17T01:10:01.537+0000] {taskinstance.py:2306} INFO - Starting attempt 2 of 3
[2026-06-17T01:10:01.549+0000] {taskinstance.py:2330} INFO - Executing <Task(BashOperator): feature_pipeline.feature_silver_lms> on 2024-03-01 00:00:00+00:00
[2026-06-17T01:10:01.556+0000] {standard_task_runner.py:90} INFO - Running: ['***', 'tasks', 'run', 'credit_default_ml_pipeline', 'feature_pipeline.feature_silver_lms', 'scheduled__2024-03-01T00:00:00+00:00', '--job-id', '654', '--raw', '--subdir', 'DAGS_FOLDER/dag.py', '--cfg-path', '/tmp/tmp8spgvbbv']
[2026-06-17T01:10:01.559+0000] {logging_mixin.py:188} WARNING - /home/***/.local/lib/python3.12/site-packages/***/task/task_runner/standard_task_runner.py:62 DeprecationWarning: This process (pid=85295) is multi-threaded, use of fork() may lead to deadlocks in the child.
[2026-06-17T01:10:01.561+0000] {standard_task_runner.py:91} INFO - Job 654: Subtask feature_pipeline.feature_silver_lms
[2026-06-17T01:10:01.562+0000] {standard_task_runner.py:64} INFO - Started process 85296 to run task
[2026-06-17T01:10:01.599+0000] {task_command.py:426} INFO - Running <TaskInstance: credit_default_ml_pipeline.feature_pipeline.feature_silver_lms scheduled__2024-03-01T00:00:00+00:00 [running]> on host 2b9b50b7433d
[2026-06-17T01:10:01.655+0000] {taskinstance.py:2648} INFO - Exporting env vars: AIRFLOW_CTX_DAG_OWNER='***' AIRFLOW_CTX_DAG_ID='credit_default_ml_pipeline' AIRFLOW_CTX_TASK_ID='feature_pipeline.feature_silver_lms' AIRFLOW_CTX_EXECUTION_DATE='2024-03-01T00:00:00+00:00' AIRFLOW_CTX_TRY_NUMBER='2' AIRFLOW_CTX_DAG_RUN_ID='scheduled__2024-03-01T00:00:00+00:00'
[2026-06-17T01:10:01.660+0000] {taskinstance.py:430} INFO - ::endgroup::
[2026-06-17T01:10:01.676+0000] {subprocess.py:63} INFO - Tmp dir root location: /tmp
[2026-06-17T01:10:01.678+0000] {subprocess.py:75} INFO - Running command: ['/usr/bin/bash', '-c', 'cd /opt/***/scripts && python3 silver_processing.py --snapshotdate "2024-03-01" --source lms']
[2026-06-17T01:10:01.685+0000] {subprocess.py:86} INFO - Output:
[2026-06-17T01:10:03.501+0000] {subprocess.py:93} INFO - Setting default log level to "WARN".
[2026-06-17T01:10:03.503+0000] {subprocess.py:93} INFO - To adjust logging level use sc.setLogLevel(newLevel). For SparkR, use setLogLevel(newLevel).
[2026-06-17T01:10:03.721+0000] {subprocess.py:93} INFO - 26/06/17 01:10:03 WARN NativeCodeLoader: Unable to load native-hadoop library for your platform... using builtin-java classes where applicable
[2026-06-17T01:10:04.535+0000] {subprocess.py:93} INFO - 26/06/17 01:10:04 WARN Utils: Service 'SparkUI' could not bind on port 4040. Attempting port 4041.
[2026-06-17T01:10:04.537+0000] {subprocess.py:93} INFO - 26/06/17 01:10:04 WARN Utils: Service 'SparkUI' could not bind on port 4041. Attempting port 4042.
[2026-06-17T01:10:04.538+0000] {subprocess.py:93} INFO - 26/06/17 01:10:04 WARN Utils: Service 'SparkUI' could not bind on port 4042. Attempting port 4043.
[2026-06-17T01:10:11.907+0000] {subprocess.py:93} INFO - [Stage 5:>                                                          (0 + 1) / 1]
[2026-06-17T01:10:11.911+0000] {subprocess.py:93} INFO - --- silver lms 2024-03-01 ---
[2026-06-17T01:10:11.911+0000] {subprocess.py:93} INFO - 
[2026-06-17T01:10:11.912+0000] {subprocess.py:93} INFO - [silver:lms] loaded datamart/bronze/lms/bronze_lms_2024_03_01.csv rows: 5425
[2026-06-17T01:10:11.912+0000] {subprocess.py:93} INFO - [silver:lms] saved to: datamart/silver/lms/2024_03_01.parquet
[2026-06-17T01:10:11.913+0000] {subprocess.py:93} INFO - 
[2026-06-17T01:10:11.915+0000] {subprocess.py:93} INFO - --- done ---
[2026-06-17T01:10:11.915+0000] {subprocess.py:93} INFO - 
[2026-06-17T01:10:12.339+0000] {subprocess.py:97} INFO - Command exited with return code 0
[2026-06-17T01:10:12.341+0000] {taskinstance.py:441} INFO - ::group::Post task execution logs
[2026-06-17T01:10:12.365+0000] {taskinstance.py:1206} INFO - Marking task as SUCCESS. dag_id=credit_default_ml_pipeline, task_id=feature_pipeline.feature_silver_lms, run_id=scheduled__2024-03-01T00:00:00+00:00, execution_date=20240301T000000, start_date=20260617T011001, end_date=20260617T011012
[2026-06-17T01:10:12.403+0000] {local_task_job_runner.py:243} INFO - Task exited with return code 0
[2026-06-17T01:10:12.428+0000] {taskinstance.py:3503} INFO - 0 downstream tasks scheduled from follow-on schedule check
[2026-06-17T01:10:12.429+0000] {local_task_job_runner.py:222} INFO - ::endgroup::
[2026-06-20T06:33:17.611+0000] {local_task_job_runner.py:120} INFO - ::group::Pre task execution logs
[2026-06-20T06:33:17.622+0000] {taskinstance.py:2076} INFO - Dependencies all met for dep_context=non-requeueable deps ti=<TaskInstance: credit_default_ml_pipeline.feature_pipeline.feature_silver_lms scheduled__2024-03-01T00:00:00+00:00 [queued]>
[2026-06-20T06:33:17.625+0000] {taskinstance.py:2076} INFO - Dependencies all met for dep_context=requeueable deps ti=<TaskInstance: credit_default_ml_pipeline.feature_pipeline.feature_silver_lms scheduled__2024-03-01T00:00:00+00:00 [queued]>
[2026-06-20T06:33:17.626+0000] {taskinstance.py:2306} INFO - Starting attempt 2 of 2
[2026-06-20T06:33:17.632+0000] {taskinstance.py:2330} INFO - Executing <Task(BashOperator): feature_pipeline.feature_silver_lms> on 2024-03-01 00:00:00+00:00
[2026-06-20T06:33:17.635+0000] {logging_mixin.py:188} WARNING - /home/***/.local/lib/python3.12/site-packages/***/task/task_runner/standard_task_runner.py:62 DeprecationWarning: This process (pid=56737) is multi-threaded, use of fork() may lead to deadlocks in the child.
[2026-06-20T06:33:17.636+0000] {standard_task_runner.py:64} INFO - Started process 56739 to run task
[2026-06-20T06:33:17.635+0000] {standard_task_runner.py:90} INFO - Running: ['***', 'tasks', 'run', 'credit_default_ml_pipeline', 'feature_pipeline.feature_silver_lms', 'scheduled__2024-03-01T00:00:00+00:00', '--job-id', '1715', '--raw', '--subdir', 'DAGS_FOLDER/dag.py', '--cfg-path', '/tmp/tmp8037lm1y']
[2026-06-20T06:33:17.637+0000] {standard_task_runner.py:91} INFO - Job 1715: Subtask feature_pipeline.feature_silver_lms
[2026-06-20T06:33:17.726+0000] {task_command.py:426} INFO - Running <TaskInstance: credit_default_ml_pipeline.feature_pipeline.feature_silver_lms scheduled__2024-03-01T00:00:00+00:00 [running]> on host 9cf341f51c89
[2026-06-20T06:33:17.750+0000] {taskinstance.py:2648} INFO - Exporting env vars: AIRFLOW_CTX_DAG_OWNER='***' AIRFLOW_CTX_DAG_ID='credit_default_ml_pipeline' AIRFLOW_CTX_TASK_ID='feature_pipeline.feature_silver_lms' AIRFLOW_CTX_EXECUTION_DATE='2024-03-01T00:00:00+00:00' AIRFLOW_CTX_TRY_NUMBER='2' AIRFLOW_CTX_DAG_RUN_ID='scheduled__2024-03-01T00:00:00+00:00'
[2026-06-20T06:33:17.751+0000] {taskinstance.py:430} INFO - ::endgroup::
[2026-06-20T06:33:17.755+0000] {subprocess.py:63} INFO - Tmp dir root location: /tmp
[2026-06-20T06:33:17.756+0000] {subprocess.py:75} INFO - Running command: ['/usr/bin/bash', '-c', 'cd /opt/***/scripts && python3 silver_processing.py --snapshotdate "2024-03-01" --source lms']
[2026-06-20T06:33:17.761+0000] {subprocess.py:86} INFO - Output:
[2026-06-20T06:33:18.594+0000] {subprocess.py:93} INFO - Setting default log level to "WARN".
[2026-06-20T06:33:18.595+0000] {subprocess.py:93} INFO - To adjust logging level use sc.setLogLevel(newLevel). For SparkR, use setLogLevel(newLevel).
[2026-06-20T06:33:18.685+0000] {subprocess.py:93} INFO - 26/06/20 06:33:18 WARN NativeCodeLoader: Unable to load native-hadoop library for your platform... using builtin-java classes where applicable
[2026-06-20T06:33:21.564+0000] {subprocess.py:93} INFO - 
[2026-06-20T06:33:21.565+0000] {subprocess.py:93} INFO - --- silver lms 2024-03-01 ---
[2026-06-20T06:33:21.566+0000] {subprocess.py:93} INFO - 
[2026-06-20T06:33:21.567+0000] {subprocess.py:93} INFO - [silver:lms] loaded datamart/bronze/lms/bronze_lms_2024_03_01.csv rows: 5425
[2026-06-20T06:33:21.567+0000] {subprocess.py:93} INFO - [silver:lms] saved to: datamart/silver/lms/2024_03_01.parquet
[2026-06-20T06:33:21.568+0000] {subprocess.py:93} INFO - 
[2026-06-20T06:33:21.568+0000] {subprocess.py:93} INFO - --- done ---
[2026-06-20T06:33:21.568+0000] {subprocess.py:93} INFO - 
[2026-06-20T06:33:22.053+0000] {subprocess.py:97} INFO - Command exited with return code 0
[2026-06-20T06:33:22.055+0000] {taskinstance.py:441} INFO - ::group::Post task execution logs
[2026-06-20T06:33:22.074+0000] {taskinstance.py:1206} INFO - Marking task as SUCCESS. dag_id=credit_default_ml_pipeline, task_id=feature_pipeline.feature_silver_lms, run_id=scheduled__2024-03-01T00:00:00+00:00, execution_date=20240301T000000, start_date=20260620T063317, end_date=20260620T063322
[2026-06-20T06:33:22.127+0000] {local_task_job_runner.py:243} INFO - Task exited with return code 0
[2026-06-20T06:33:22.217+0000] {taskinstance.py:3503} INFO - 1 downstream tasks scheduled from follow-on schedule check
[2026-06-20T06:33:22.219+0000] {local_task_job_runner.py:222} INFO - ::endgroup::
[2026-06-20T07:53:46.921+0000] {local_task_job_runner.py:120} INFO - ::group::Pre task execution logs
[2026-06-20T07:53:46.933+0000] {taskinstance.py:2076} INFO - Dependencies all met for dep_context=non-requeueable deps ti=<TaskInstance: credit_default_ml_pipeline.feature_pipeline.feature_silver_lms scheduled__2024-03-01T00:00:00+00:00 [queued]>
[2026-06-20T07:53:46.936+0000] {taskinstance.py:2076} INFO - Dependencies all met for dep_context=requeueable deps ti=<TaskInstance: credit_default_ml_pipeline.feature_pipeline.feature_silver_lms scheduled__2024-03-01T00:00:00+00:00 [queued]>
[2026-06-20T07:53:46.936+0000] {taskinstance.py:2306} INFO - Starting attempt 2 of 2
[2026-06-20T07:53:46.942+0000] {taskinstance.py:2330} INFO - Executing <Task(BashOperator): feature_pipeline.feature_silver_lms> on 2024-03-01 00:00:00+00:00
[2026-06-20T07:53:46.946+0000] {logging_mixin.py:188} WARNING - /home/***/.local/lib/python3.12/site-packages/***/task/task_runner/standard_task_runner.py:62 DeprecationWarning: This process (pid=42333) is multi-threaded, use of fork() may lead to deadlocks in the child.
[2026-06-20T07:53:46.947+0000] {standard_task_runner.py:64} INFO - Started process 42335 to run task
[2026-06-20T07:53:46.946+0000] {standard_task_runner.py:90} INFO - Running: ['***', 'tasks', 'run', 'credit_default_ml_pipeline', 'feature_pipeline.feature_silver_lms', 'scheduled__2024-03-01T00:00:00+00:00', '--job-id', '2210', '--raw', '--subdir', 'DAGS_FOLDER/dag.py', '--cfg-path', '/tmp/tmp6d8xt1tu']
[2026-06-20T07:53:46.948+0000] {standard_task_runner.py:91} INFO - Job 2210: Subtask feature_pipeline.feature_silver_lms
[2026-06-20T07:53:47.079+0000] {task_command.py:426} INFO - Running <TaskInstance: credit_default_ml_pipeline.feature_pipeline.feature_silver_lms scheduled__2024-03-01T00:00:00+00:00 [running]> on host 9cf341f51c89
[2026-06-20T07:53:47.104+0000] {taskinstance.py:2648} INFO - Exporting env vars: AIRFLOW_CTX_DAG_OWNER='***' AIRFLOW_CTX_DAG_ID='credit_default_ml_pipeline' AIRFLOW_CTX_TASK_ID='feature_pipeline.feature_silver_lms' AIRFLOW_CTX_EXECUTION_DATE='2024-03-01T00:00:00+00:00' AIRFLOW_CTX_TRY_NUMBER='2' AIRFLOW_CTX_DAG_RUN_ID='scheduled__2024-03-01T00:00:00+00:00'
[2026-06-20T07:53:47.105+0000] {taskinstance.py:430} INFO - ::endgroup::
[2026-06-20T07:53:47.110+0000] {subprocess.py:63} INFO - Tmp dir root location: /tmp
[2026-06-20T07:53:47.110+0000] {subprocess.py:75} INFO - Running command: ['/usr/bin/bash', '-c', 'cd /opt/***/scripts && python3 silver_processing.py --snapshotdate "2024-03-01" --source lms']
[2026-06-20T07:53:47.114+0000] {subprocess.py:86} INFO - Output:
[2026-06-20T07:53:47.993+0000] {subprocess.py:93} INFO - Setting default log level to "WARN".
[2026-06-20T07:53:47.995+0000] {subprocess.py:93} INFO - To adjust logging level use sc.setLogLevel(newLevel). For SparkR, use setLogLevel(newLevel).
[2026-06-20T07:53:48.055+0000] {subprocess.py:93} INFO - 26/06/20 07:53:48 WARN NativeCodeLoader: Unable to load native-hadoop library for your platform... using builtin-java classes where applicable
[2026-06-20T07:53:52.511+0000] {subprocess.py:93} INFO - [Stage 5:>                                                          (0 + 1) / 1]
[2026-06-20T07:53:52.512+0000] {subprocess.py:93} INFO - --- silver lms 2024-03-01 ---
[2026-06-20T07:53:52.513+0000] {subprocess.py:93} INFO - 
[2026-06-20T07:53:52.513+0000] {subprocess.py:93} INFO - [silver:lms] loaded datamart/bronze/lms/bronze_lms_2024_03_01.csv rows: 5425
[2026-06-20T07:53:52.514+0000] {subprocess.py:93} INFO - [silver:lms] cleared stale partition: datamart/silver/lms/2024_03_01.parquet
[2026-06-20T07:53:52.514+0000] {subprocess.py:93} INFO - [silver:lms] saved to: datamart/silver/lms/2024_03_01.parquet
[2026-06-20T07:53:52.515+0000] {subprocess.py:93} INFO - 
[2026-06-20T07:53:52.515+0000] {subprocess.py:93} INFO - --- done ---
[2026-06-20T07:53:52.516+0000] {subprocess.py:93} INFO - 
[2026-06-20T07:53:52.960+0000] {subprocess.py:97} INFO - Command exited with return code 0
[2026-06-20T07:53:52.962+0000] {taskinstance.py:441} INFO - ::group::Post task execution logs
[2026-06-20T07:53:52.981+0000] {taskinstance.py:1206} INFO - Marking task as SUCCESS. dag_id=credit_default_ml_pipeline, task_id=feature_pipeline.feature_silver_lms, run_id=scheduled__2024-03-01T00:00:00+00:00, execution_date=20240301T000000, start_date=20260620T075346, end_date=20260620T075352
[2026-06-20T07:53:53.020+0000] {local_task_job_runner.py:243} INFO - Task exited with return code 0
[2026-06-20T07:53:53.039+0000] {taskinstance.py:3503} INFO - 1 downstream tasks scheduled from follow-on schedule check
[2026-06-20T07:53:53.040+0000] {local_task_job_runner.py:222} INFO - ::endgroup::
[2026-06-20T15:51:24.988+0000] {local_task_job_runner.py:120} INFO - ::group::Pre task execution logs
[2026-06-20T15:51:25.005+0000] {taskinstance.py:2076} INFO - Dependencies all met for dep_context=non-requeueable deps ti=<TaskInstance: credit_default_ml_pipeline.feature_pipeline.feature_silver_lms scheduled__2024-03-01T00:00:00+00:00 [queued]>
[2026-06-20T15:51:25.009+0000] {taskinstance.py:2076} INFO - Dependencies all met for dep_context=requeueable deps ti=<TaskInstance: credit_default_ml_pipeline.feature_pipeline.feature_silver_lms scheduled__2024-03-01T00:00:00+00:00 [queued]>
[2026-06-20T15:51:25.010+0000] {taskinstance.py:2306} INFO - Starting attempt 2 of 2
[2026-06-20T15:51:25.015+0000] {taskinstance.py:2330} INFO - Executing <Task(BashOperator): feature_pipeline.feature_silver_lms> on 2024-03-01 00:00:00+00:00
[2026-06-20T15:51:25.019+0000] {logging_mixin.py:188} WARNING - /home/***/.local/lib/python3.12/site-packages/***/task/task_runner/standard_task_runner.py:62 DeprecationWarning: This process (pid=28733) is multi-threaded, use of fork() may lead to deadlocks in the child.
[2026-06-20T15:51:25.019+0000] {standard_task_runner.py:90} INFO - Running: ['***', 'tasks', 'run', 'credit_default_ml_pipeline', 'feature_pipeline.feature_silver_lms', 'scheduled__2024-03-01T00:00:00+00:00', '--job-id', '2681', '--raw', '--subdir', 'DAGS_FOLDER/dag.py', '--cfg-path', '/tmp/tmpii4lzuxl']
[2026-06-20T15:51:25.021+0000] {standard_task_runner.py:64} INFO - Started process 28735 to run task
[2026-06-20T15:51:25.021+0000] {standard_task_runner.py:91} INFO - Job 2681: Subtask feature_pipeline.feature_silver_lms
[2026-06-20T15:51:25.122+0000] {task_command.py:426} INFO - Running <TaskInstance: credit_default_ml_pipeline.feature_pipeline.feature_silver_lms scheduled__2024-03-01T00:00:00+00:00 [running]> on host 9cf341f51c89
[2026-06-20T15:51:25.147+0000] {taskinstance.py:2648} INFO - Exporting env vars: AIRFLOW_CTX_DAG_OWNER='***' AIRFLOW_CTX_DAG_ID='credit_default_ml_pipeline' AIRFLOW_CTX_TASK_ID='feature_pipeline.feature_silver_lms' AIRFLOW_CTX_EXECUTION_DATE='2024-03-01T00:00:00+00:00' AIRFLOW_CTX_TRY_NUMBER='2' AIRFLOW_CTX_DAG_RUN_ID='scheduled__2024-03-01T00:00:00+00:00'
[2026-06-20T15:51:25.149+0000] {taskinstance.py:430} INFO - ::endgroup::
[2026-06-20T15:51:25.154+0000] {subprocess.py:63} INFO - Tmp dir root location: /tmp
[2026-06-20T15:51:25.154+0000] {subprocess.py:75} INFO - Running command: ['/usr/bin/bash', '-c', 'cd /opt/***/scripts && python3 silver_processing.py --snapshotdate "2024-03-01" --source lms']
[2026-06-20T15:51:25.158+0000] {subprocess.py:86} INFO - Output:
[2026-06-20T15:51:25.975+0000] {subprocess.py:93} INFO - Setting default log level to "WARN".
[2026-06-20T15:51:25.976+0000] {subprocess.py:93} INFO - To adjust logging level use sc.setLogLevel(newLevel). For SparkR, use setLogLevel(newLevel).
[2026-06-20T15:51:26.078+0000] {subprocess.py:93} INFO - 26/06/20 15:51:26 WARN NativeCodeLoader: Unable to load native-hadoop library for your platform... using builtin-java classes where applicable
[2026-06-20T15:51:28.947+0000] {subprocess.py:93} INFO - 
[2026-06-20T15:51:28.948+0000] {subprocess.py:93} INFO - --- silver lms 2024-03-01 ---
[2026-06-20T15:51:28.949+0000] {subprocess.py:93} INFO - 
[2026-06-20T15:51:28.950+0000] {subprocess.py:93} INFO - [silver:lms] loaded datamart/bronze/lms/bronze_lms_2024_03_01.csv rows: 5425
[2026-06-20T15:51:28.950+0000] {subprocess.py:93} INFO - [silver:lms] cleared stale partition: datamart/silver/lms/2024_03_01.parquet
[2026-06-20T15:51:28.951+0000] {subprocess.py:93} INFO - [silver:lms] saved to: datamart/silver/lms/2024_03_01.parquet
[2026-06-20T15:51:28.951+0000] {subprocess.py:93} INFO - 
[2026-06-20T15:51:28.951+0000] {subprocess.py:93} INFO - --- done ---
[2026-06-20T15:51:28.952+0000] {subprocess.py:93} INFO - 
[2026-06-20T15:51:29.388+0000] {subprocess.py:97} INFO - Command exited with return code 0
[2026-06-20T15:51:29.390+0000] {taskinstance.py:441} INFO - ::group::Post task execution logs
[2026-06-20T15:51:29.413+0000] {taskinstance.py:1206} INFO - Marking task as SUCCESS. dag_id=credit_default_ml_pipeline, task_id=feature_pipeline.feature_silver_lms, run_id=scheduled__2024-03-01T00:00:00+00:00, execution_date=20240301T000000, start_date=20260620T155125, end_date=20260620T155129
[2026-06-20T15:51:29.443+0000] {local_task_job_runner.py:243} INFO - Task exited with return code 0
[2026-06-20T15:51:29.540+0000] {taskinstance.py:3503} INFO - 1 downstream tasks scheduled from follow-on schedule check
[2026-06-20T15:51:29.541+0000] {local_task_job_runner.py:222} INFO - ::endgroup::
