[2026-06-17T01:19:04.113+0000] {local_task_job_runner.py:120} INFO - ::group::Pre task execution logs
[2026-06-17T01:19:04.129+0000] {taskinstance.py:2076} INFO - Dependencies all met for dep_context=non-requeueable deps ti=<TaskInstance: credit_default_ml_pipeline.label_pipeline.label_silver_lms scheduled__2024-07-01T00:00:00+00:00 [queued]>
[2026-06-17T01:19:04.135+0000] {taskinstance.py:2076} INFO - Dependencies all met for dep_context=requeueable deps ti=<TaskInstance: credit_default_ml_pipeline.label_pipeline.label_silver_lms scheduled__2024-07-01T00:00:00+00:00 [queued]>
[2026-06-17T01:19:04.137+0000] {taskinstance.py:2306} INFO - Starting attempt 2 of 3
[2026-06-17T01:19:04.142+0000] {taskinstance.py:2330} INFO - Executing <Task(BashOperator): label_pipeline.label_silver_lms> on 2024-07-01 00:00:00+00:00
[2026-06-17T01:19:04.147+0000] {logging_mixin.py:188} WARNING - /home/***/.local/lib/python3.12/site-packages/***/task/task_runner/standard_task_runner.py:62 DeprecationWarning: This process (pid=97725) is multi-threaded, use of fork() may lead to deadlocks in the child.
[2026-06-17T01:19:04.149+0000] {standard_task_runner.py:64} INFO - Started process 97727 to run task
[2026-06-17T01:19:04.150+0000] {standard_task_runner.py:90} INFO - Running: ['***', 'tasks', 'run', 'credit_default_ml_pipeline', 'label_pipeline.label_silver_lms', 'scheduled__2024-07-01T00:00:00+00:00', '--job-id', '719', '--raw', '--subdir', 'DAGS_FOLDER/dag.py', '--cfg-path', '/tmp/tmp07syqdtk']
[2026-06-17T01:19:04.152+0000] {standard_task_runner.py:91} INFO - Job 719: Subtask label_pipeline.label_silver_lms
[2026-06-17T01:19:04.180+0000] {task_command.py:426} INFO - Running <TaskInstance: credit_default_ml_pipeline.label_pipeline.label_silver_lms scheduled__2024-07-01T00:00:00+00:00 [running]> on host 2b9b50b7433d
[2026-06-17T01:19:04.224+0000] {taskinstance.py:2648} INFO - Exporting env vars: AIRFLOW_CTX_DAG_OWNER='***' AIRFLOW_CTX_DAG_ID='credit_default_ml_pipeline' AIRFLOW_CTX_TASK_ID='label_pipeline.label_silver_lms' AIRFLOW_CTX_EXECUTION_DATE='2024-07-01T00:00:00+00:00' AIRFLOW_CTX_TRY_NUMBER='2' AIRFLOW_CTX_DAG_RUN_ID='scheduled__2024-07-01T00:00:00+00:00'
[2026-06-17T01:19:04.225+0000] {taskinstance.py:430} INFO - ::endgroup::
[2026-06-17T01:19:04.232+0000] {subprocess.py:63} INFO - Tmp dir root location: /tmp
[2026-06-17T01:19:04.234+0000] {subprocess.py:75} INFO - Running command: ['/usr/bin/bash', '-c', 'cd /opt/***/scripts && python3 silver_processing.py --snapshotdate "2024-07-01" --source lms']
[2026-06-17T01:19:04.239+0000] {subprocess.py:86} INFO - Output:
[2026-06-17T01:19:06.057+0000] {subprocess.py:93} INFO - Setting default log level to "WARN".
[2026-06-17T01:19:06.059+0000] {subprocess.py:93} INFO - To adjust logging level use sc.setLogLevel(newLevel). For SparkR, use setLogLevel(newLevel).
[2026-06-17T01:19:06.250+0000] {subprocess.py:93} INFO - 26/06/17 01:19:06 WARN NativeCodeLoader: Unable to load native-hadoop library for your platform... using builtin-java classes where applicable
[2026-06-17T01:19:14.739+0000] {subprocess.py:93} INFO - [Stage 5:>                                                          (0 + 1) / 1]
[2026-06-17T01:19:14.742+0000] {subprocess.py:93} INFO - --- silver lms 2024-07-01 ---
[2026-06-17T01:19:14.743+0000] {subprocess.py:93} INFO - 
[2026-06-17T01:19:14.744+0000] {subprocess.py:93} INFO - [silver:lms] loaded datamart/bronze/lms/bronze_lms_2024_07_01.csv rows: 5442
[2026-06-17T01:19:14.745+0000] {subprocess.py:93} INFO - [silver:lms] saved to: datamart/silver/lms/2024_07_01.parquet
[2026-06-17T01:19:14.746+0000] {subprocess.py:93} INFO - 
[2026-06-17T01:19:14.747+0000] {subprocess.py:93} INFO - --- done ---
[2026-06-17T01:19:14.747+0000] {subprocess.py:93} INFO - 
[2026-06-17T01:19:15.155+0000] {subprocess.py:97} INFO - Command exited with return code 0
[2026-06-17T01:19:15.157+0000] {taskinstance.py:441} INFO - ::group::Post task execution logs
[2026-06-17T01:19:15.184+0000] {taskinstance.py:1206} INFO - Marking task as SUCCESS. dag_id=credit_default_ml_pipeline, task_id=label_pipeline.label_silver_lms, run_id=scheduled__2024-07-01T00:00:00+00:00, execution_date=20240701T000000, start_date=20260617T011904, end_date=20260617T011915
[2026-06-17T01:19:15.219+0000] {local_task_job_runner.py:243} INFO - Task exited with return code 0
[2026-06-17T01:19:15.251+0000] {taskinstance.py:3503} INFO - 1 downstream tasks scheduled from follow-on schedule check
[2026-06-17T01:19:15.254+0000] {local_task_job_runner.py:222} INFO - ::endgroup::
[2026-06-20T16:02:55.227+0000] {local_task_job_runner.py:120} INFO - ::group::Pre task execution logs
[2026-06-20T16:02:55.240+0000] {taskinstance.py:2076} INFO - Dependencies all met for dep_context=non-requeueable deps ti=<TaskInstance: credit_default_ml_pipeline.label_pipeline.label_silver_lms scheduled__2024-07-01T00:00:00+00:00 [queued]>
[2026-06-20T16:02:55.244+0000] {taskinstance.py:2076} INFO - Dependencies all met for dep_context=requeueable deps ti=<TaskInstance: credit_default_ml_pipeline.label_pipeline.label_silver_lms scheduled__2024-07-01T00:00:00+00:00 [queued]>
[2026-06-20T16:02:55.244+0000] {taskinstance.py:2306} INFO - Starting attempt 2 of 2
[2026-06-20T16:02:55.250+0000] {taskinstance.py:2330} INFO - Executing <Task(BashOperator): label_pipeline.label_silver_lms> on 2024-07-01 00:00:00+00:00
[2026-06-20T16:02:55.253+0000] {logging_mixin.py:188} WARNING - /home/***/.local/lib/python3.12/site-packages/***/task/task_runner/standard_task_runner.py:62 DeprecationWarning: This process (pid=41971) is multi-threaded, use of fork() may lead to deadlocks in the child.
[2026-06-20T16:02:55.254+0000] {standard_task_runner.py:64} INFO - Started process 41973 to run task
[2026-06-20T16:02:55.254+0000] {standard_task_runner.py:90} INFO - Running: ['***', 'tasks', 'run', 'credit_default_ml_pipeline', 'label_pipeline.label_silver_lms', 'scheduled__2024-07-01T00:00:00+00:00', '--job-id', '2758', '--raw', '--subdir', 'DAGS_FOLDER/dag.py', '--cfg-path', '/tmp/tmp28yvwrbk']
[2026-06-20T16:02:55.255+0000] {standard_task_runner.py:91} INFO - Job 2758: Subtask label_pipeline.label_silver_lms
[2026-06-20T16:02:55.359+0000] {task_command.py:426} INFO - Running <TaskInstance: credit_default_ml_pipeline.label_pipeline.label_silver_lms scheduled__2024-07-01T00:00:00+00:00 [running]> on host 9cf341f51c89
[2026-06-20T16:02:55.383+0000] {taskinstance.py:2648} INFO - Exporting env vars: AIRFLOW_CTX_DAG_OWNER='***' AIRFLOW_CTX_DAG_ID='credit_default_ml_pipeline' AIRFLOW_CTX_TASK_ID='label_pipeline.label_silver_lms' AIRFLOW_CTX_EXECUTION_DATE='2024-07-01T00:00:00+00:00' AIRFLOW_CTX_TRY_NUMBER='2' AIRFLOW_CTX_DAG_RUN_ID='scheduled__2024-07-01T00:00:00+00:00'
[2026-06-20T16:02:55.385+0000] {taskinstance.py:430} INFO - ::endgroup::
[2026-06-20T16:02:55.389+0000] {subprocess.py:63} INFO - Tmp dir root location: /tmp
[2026-06-20T16:02:55.389+0000] {subprocess.py:75} INFO - Running command: ['/usr/bin/bash', '-c', 'cd /opt/***/scripts && python3 silver_processing.py --snapshotdate "2024-07-01" --source lms']
[2026-06-20T16:02:55.393+0000] {subprocess.py:86} INFO - Output:
[2026-06-20T16:02:56.243+0000] {subprocess.py:93} INFO - Setting default log level to "WARN".
[2026-06-20T16:02:56.245+0000] {subprocess.py:93} INFO - To adjust logging level use sc.setLogLevel(newLevel). For SparkR, use setLogLevel(newLevel).
[2026-06-20T16:02:56.328+0000] {subprocess.py:93} INFO - 26/06/20 16:02:56 WARN NativeCodeLoader: Unable to load native-hadoop library for your platform... using builtin-java classes where applicable
[2026-06-20T16:02:59.231+0000] {subprocess.py:93} INFO - 
[2026-06-20T16:02:59.233+0000] {subprocess.py:93} INFO - --- silver lms 2024-07-01 ---
[2026-06-20T16:02:59.234+0000] {subprocess.py:93} INFO - 
[2026-06-20T16:02:59.235+0000] {subprocess.py:93} INFO - [silver:lms] loaded datamart/bronze/lms/bronze_lms_2024_07_01.csv rows: 5442
[2026-06-20T16:02:59.236+0000] {subprocess.py:93} INFO - [silver:lms] cleared stale partition: datamart/silver/lms/2024_07_01.parquet
[2026-06-20T16:02:59.237+0000] {subprocess.py:93} INFO - [silver:lms] saved to: datamart/silver/lms/2024_07_01.parquet
[2026-06-20T16:02:59.238+0000] {subprocess.py:93} INFO - 
[2026-06-20T16:02:59.240+0000] {subprocess.py:93} INFO - --- done ---
[2026-06-20T16:02:59.241+0000] {subprocess.py:93} INFO - 
[2026-06-20T16:02:59.680+0000] {subprocess.py:97} INFO - Command exited with return code 0
[2026-06-20T16:02:59.682+0000] {taskinstance.py:441} INFO - ::group::Post task execution logs
[2026-06-20T16:02:59.699+0000] {taskinstance.py:1206} INFO - Marking task as SUCCESS. dag_id=credit_default_ml_pipeline, task_id=label_pipeline.label_silver_lms, run_id=scheduled__2024-07-01T00:00:00+00:00, execution_date=20240701T000000, start_date=20260620T160255, end_date=20260620T160259
[2026-06-20T16:02:59.739+0000] {local_task_job_runner.py:243} INFO - Task exited with return code 0
[2026-06-20T16:02:59.822+0000] {taskinstance.py:3503} INFO - 1 downstream tasks scheduled from follow-on schedule check
[2026-06-20T16:02:59.823+0000] {local_task_job_runner.py:222} INFO - ::endgroup::
