[2026-06-18T04:29:17.247+0000] {local_task_job_runner.py:120} INFO - ::group::Pre task execution logs
[2026-06-18T04:29:17.262+0000] {taskinstance.py:2076} INFO - Dependencies all met for dep_context=non-requeueable deps ti=<TaskInstance: credit_default_ml_pipeline.label_pipeline.label_silver_lms scheduled__2024-07-01T00:00:00+00:00 [queued]>
[2026-06-18T04:29:17.266+0000] {taskinstance.py:2076} INFO - Dependencies all met for dep_context=requeueable deps ti=<TaskInstance: credit_default_ml_pipeline.label_pipeline.label_silver_lms scheduled__2024-07-01T00:00:00+00:00 [queued]>
[2026-06-18T04:29:17.266+0000] {taskinstance.py:2306} INFO - Starting attempt 4 of 4
[2026-06-18T04:29:17.272+0000] {taskinstance.py:2330} INFO - Executing <Task(BashOperator): label_pipeline.label_silver_lms> on 2024-07-01 00:00:00+00:00
[2026-06-18T04:29:17.276+0000] {standard_task_runner.py:90} INFO - Running: ['***', 'tasks', 'run', 'credit_default_ml_pipeline', 'label_pipeline.label_silver_lms', 'scheduled__2024-07-01T00:00:00+00:00', '--job-id', '1239', '--raw', '--subdir', 'DAGS_FOLDER/dag.py', '--cfg-path', '/tmp/tmplyc2bx9h']
[2026-06-18T04:29:17.277+0000] {logging_mixin.py:188} WARNING - /home/***/.local/lib/python3.12/site-packages/***/task/task_runner/standard_task_runner.py:62 DeprecationWarning: This process (pid=84955) is multi-threaded, use of fork() may lead to deadlocks in the child.
[2026-06-18T04:29:17.277+0000] {standard_task_runner.py:91} INFO - Job 1239: Subtask label_pipeline.label_silver_lms
[2026-06-18T04:29:17.278+0000] {standard_task_runner.py:64} INFO - Started process 84957 to run task
[2026-06-18T04:29:17.306+0000] {task_command.py:426} INFO - Running <TaskInstance: credit_default_ml_pipeline.label_pipeline.label_silver_lms scheduled__2024-07-01T00:00:00+00:00 [running]> on host bfbc24b887a5
[2026-06-18T04:29:17.435+0000] {taskinstance.py:2648} INFO - Exporting env vars: AIRFLOW_CTX_DAG_OWNER='***' AIRFLOW_CTX_DAG_ID='credit_default_ml_pipeline' AIRFLOW_CTX_TASK_ID='label_pipeline.label_silver_lms' AIRFLOW_CTX_EXECUTION_DATE='2024-07-01T00:00:00+00:00' AIRFLOW_CTX_TRY_NUMBER='4' AIRFLOW_CTX_DAG_RUN_ID='scheduled__2024-07-01T00:00:00+00:00'
[2026-06-18T04:29:17.437+0000] {taskinstance.py:430} INFO - ::endgroup::
[2026-06-18T04:29:17.441+0000] {subprocess.py:63} INFO - Tmp dir root location: /tmp
[2026-06-18T04:29:17.442+0000] {subprocess.py:75} INFO - Running command: ['/usr/bin/bash', '-c', 'cd /opt/***/scripts && python3 silver_processing.py --snapshotdate "2024-07-01" --source lms']
[2026-06-18T04:29:17.446+0000] {subprocess.py:86} INFO - Output:
[2026-06-18T04:29:18.439+0000] {subprocess.py:93} INFO - Setting default log level to "WARN".
[2026-06-18T04:29:18.440+0000] {subprocess.py:93} INFO - To adjust logging level use sc.setLogLevel(newLevel). For SparkR, use setLogLevel(newLevel).
[2026-06-18T04:29:18.533+0000] {subprocess.py:93} INFO - 26/06/18 04:29:18 WARN NativeCodeLoader: Unable to load native-hadoop library for your platform... using builtin-java classes where applicable
[2026-06-18T04:29:22.968+0000] {subprocess.py:93} INFO - [Stage 5:>                                                          (0 + 1) / 1]
[2026-06-18T04:29:22.970+0000] {subprocess.py:93} INFO - --- silver lms 2024-07-01 ---
[2026-06-18T04:29:22.970+0000] {subprocess.py:93} INFO - 
[2026-06-18T04:29:22.971+0000] {subprocess.py:93} INFO - [silver:lms] loaded datamart/bronze/lms/bronze_lms_2024_07_01.csv rows: 5442
[2026-06-18T04:29:22.971+0000] {subprocess.py:93} INFO - [silver:lms] saved to: datamart/silver/lms/2024_07_01.parquet
[2026-06-18T04:29:22.972+0000] {subprocess.py:93} INFO - 
[2026-06-18T04:29:22.973+0000] {subprocess.py:93} INFO - --- done ---
[2026-06-18T04:29:22.974+0000] {subprocess.py:93} INFO - 
[2026-06-18T04:29:23.455+0000] {subprocess.py:97} INFO - Command exited with return code 0
[2026-06-18T04:29:23.456+0000] {taskinstance.py:441} INFO - ::group::Post task execution logs
[2026-06-18T04:29:23.473+0000] {taskinstance.py:1206} INFO - Marking task as SUCCESS. dag_id=credit_default_ml_pipeline, task_id=label_pipeline.label_silver_lms, run_id=scheduled__2024-07-01T00:00:00+00:00, execution_date=20240701T000000, start_date=20260618T042917, end_date=20260618T042923
[2026-06-18T04:29:23.501+0000] {local_task_job_runner.py:243} INFO - Task exited with return code 0
[2026-06-18T04:29:23.611+0000] {taskinstance.py:3503} INFO - 1 downstream tasks scheduled from follow-on schedule check
[2026-06-18T04:29:23.613+0000] {local_task_job_runner.py:222} INFO - ::endgroup::
