[2026-06-17T00:36:18.073+0000] {local_task_job_runner.py:120} INFO - ::group::Pre task execution logs
[2026-06-17T00:36:18.137+0000] {taskinstance.py:2076} INFO - Dependencies all met for dep_context=non-requeueable deps ti=<TaskInstance: credit_default_ml_pipeline.feature_pipeline.feature_silver_clickstream scheduled__2023-03-01T00:00:00+00:00 [queued]>
[2026-06-17T00:36:18.145+0000] {taskinstance.py:2076} INFO - Dependencies all met for dep_context=requeueable deps ti=<TaskInstance: credit_default_ml_pipeline.feature_pipeline.feature_silver_clickstream scheduled__2023-03-01T00:00:00+00:00 [queued]>
[2026-06-17T00:36:18.146+0000] {taskinstance.py:2306} INFO - Starting attempt 2 of 3
[2026-06-17T00:36:18.157+0000] {taskinstance.py:2330} INFO - Executing <Task(BashOperator): feature_pipeline.feature_silver_clickstream> on 2023-03-01 00:00:00+00:00
[2026-06-17T00:36:18.163+0000] {logging_mixin.py:188} WARNING - /home/***/.local/lib/python3.12/site-packages/***/task/task_runner/standard_task_runner.py:62 DeprecationWarning: This process (pid=46695) is multi-threaded, use of fork() may lead to deadlocks in the child.
[2026-06-17T00:36:18.163+0000] {standard_task_runner.py:90} INFO - Running: ['***', 'tasks', 'run', 'credit_default_ml_pipeline', 'feature_pipeline.feature_silver_clickstream', 'scheduled__2023-03-01T00:00:00+00:00', '--job-id', '450', '--raw', '--subdir', 'DAGS_FOLDER/dag.py', '--cfg-path', '/tmp/tmp7e6bto8a']
[2026-06-17T00:36:18.165+0000] {standard_task_runner.py:64} INFO - Started process 46699 to run task
[2026-06-17T00:36:18.167+0000] {standard_task_runner.py:91} INFO - Job 450: Subtask feature_pipeline.feature_silver_clickstream
[2026-06-17T00:36:18.206+0000] {task_command.py:426} INFO - Running <TaskInstance: credit_default_ml_pipeline.feature_pipeline.feature_silver_clickstream scheduled__2023-03-01T00:00:00+00:00 [running]> on host 2b9b50b7433d
[2026-06-17T00:36:18.267+0000] {taskinstance.py:2648} INFO - Exporting env vars: AIRFLOW_CTX_DAG_OWNER='***' AIRFLOW_CTX_DAG_ID='credit_default_ml_pipeline' AIRFLOW_CTX_TASK_ID='feature_pipeline.feature_silver_clickstream' AIRFLOW_CTX_EXECUTION_DATE='2023-03-01T00:00:00+00:00' AIRFLOW_CTX_TRY_NUMBER='2' AIRFLOW_CTX_DAG_RUN_ID='scheduled__2023-03-01T00:00:00+00:00'
[2026-06-17T00:36:18.269+0000] {taskinstance.py:430} INFO - ::endgroup::
[2026-06-17T00:36:18.277+0000] {subprocess.py:63} INFO - Tmp dir root location: /tmp
[2026-06-17T00:36:18.278+0000] {subprocess.py:75} INFO - Running command: ['/usr/bin/bash', '-c', 'cd /opt/***/scripts && python3 silver_processing.py --snapshotdate "2023-03-01" --source clickstream']
[2026-06-17T00:36:18.288+0000] {subprocess.py:86} INFO - Output:
[2026-06-17T00:36:20.307+0000] {subprocess.py:93} INFO - Setting default log level to "WARN".
[2026-06-17T00:36:20.309+0000] {subprocess.py:93} INFO - To adjust logging level use sc.setLogLevel(newLevel). For SparkR, use setLogLevel(newLevel).
[2026-06-17T00:36:20.611+0000] {subprocess.py:93} INFO - 26/06/17 00:36:20 WARN NativeCodeLoader: Unable to load native-hadoop library for your platform... using builtin-java classes where applicable
[2026-06-17T00:36:21.340+0000] {subprocess.py:93} INFO - 26/06/17 00:36:21 WARN Utils: Service 'SparkUI' could not bind on port 4040. Attempting port 4041.
[2026-06-17T00:36:21.342+0000] {subprocess.py:93} INFO - 26/06/17 00:36:21 WARN Utils: Service 'SparkUI' could not bind on port 4041. Attempting port 4042.
[2026-06-17T00:36:21.344+0000] {subprocess.py:93} INFO - 26/06/17 00:36:21 WARN Utils: Service 'SparkUI' could not bind on port 4042. Attempting port 4043.
[2026-06-17T00:36:21.346+0000] {subprocess.py:93} INFO - 26/06/17 00:36:21 WARN Utils: Service 'SparkUI' could not bind on port 4043. Attempting port 4044.
[2026-06-17T00:36:28.724+0000] {subprocess.py:93} INFO - [Stage 5:>                                                          (0 + 1) / 1]
[2026-06-17T00:36:28.726+0000] {subprocess.py:93} INFO - --- silver clickstream 2023-03-01 ---
[2026-06-17T00:36:28.727+0000] {subprocess.py:93} INFO - 
[2026-06-17T00:36:28.727+0000] {subprocess.py:93} INFO - [silver:clickstream] loaded datamart/bronze/clickstream/bronze_clickstream_2023_03_01.csv rows: 8974
[2026-06-17T00:36:28.728+0000] {subprocess.py:93} INFO - [silver:clickstream] saved to: datamart/silver/clickstream/2023_03_01.parquet
[2026-06-17T00:36:28.728+0000] {subprocess.py:93} INFO - 
[2026-06-17T00:36:28.729+0000] {subprocess.py:93} INFO - --- done ---
[2026-06-17T00:36:28.729+0000] {subprocess.py:93} INFO - 
[2026-06-17T00:36:29.137+0000] {subprocess.py:97} INFO - Command exited with return code 0
[2026-06-17T00:36:29.140+0000] {taskinstance.py:441} INFO - ::group::Post task execution logs
[2026-06-17T00:36:29.165+0000] {taskinstance.py:1206} INFO - Marking task as SUCCESS. dag_id=credit_default_ml_pipeline, task_id=feature_pipeline.feature_silver_clickstream, run_id=scheduled__2023-03-01T00:00:00+00:00, execution_date=20230301T000000, start_date=20260617T003618, end_date=20260617T003629
[2026-06-17T00:36:29.209+0000] {local_task_job_runner.py:243} INFO - Task exited with return code 0
[2026-06-17T00:36:29.230+0000] {taskinstance.py:3503} INFO - 0 downstream tasks scheduled from follow-on schedule check
[2026-06-17T00:36:29.232+0000] {local_task_job_runner.py:222} INFO - ::endgroup::
