[2026-06-18T03:43:28.415+0000] {local_task_job_runner.py:120} INFO - ::group::Pre task execution logs
[2026-06-18T03:43:28.448+0000] {taskinstance.py:2076} INFO - Dependencies all met for dep_context=non-requeueable deps ti=<TaskInstance: credit_default_ml_pipeline.feature_pipeline.feature_silver_clickstream scheduled__2023-03-01T00:00:00+00:00 [queued]>
[2026-06-18T03:43:28.460+0000] {taskinstance.py:2076} INFO - Dependencies all met for dep_context=requeueable deps ti=<TaskInstance: credit_default_ml_pipeline.feature_pipeline.feature_silver_clickstream scheduled__2023-03-01T00:00:00+00:00 [queued]>
[2026-06-18T03:43:28.461+0000] {taskinstance.py:2306} INFO - Starting attempt 4 of 5
[2026-06-18T03:43:28.478+0000] {taskinstance.py:2330} INFO - Executing <Task(BashOperator): feature_pipeline.feature_silver_clickstream> on 2023-03-01 00:00:00+00:00
[2026-06-18T03:43:28.489+0000] {logging_mixin.py:188} WARNING - /home/***/.local/lib/python3.12/site-packages/***/task/task_runner/standard_task_runner.py:62 DeprecationWarning: This process (pid=34562) is multi-threaded, use of fork() may lead to deadlocks in the child.
[2026-06-18T03:43:28.492+0000] {standard_task_runner.py:64} INFO - Started process 34789 to run task
[2026-06-18T03:43:28.491+0000] {standard_task_runner.py:90} INFO - Running: ['***', 'tasks', 'run', 'credit_default_ml_pipeline', 'feature_pipeline.feature_silver_clickstream', 'scheduled__2023-03-01T00:00:00+00:00', '--job-id', '969', '--raw', '--subdir', 'DAGS_FOLDER/dag.py', '--cfg-path', '/tmp/tmpvpxetid7']
[2026-06-18T03:43:28.499+0000] {standard_task_runner.py:91} INFO - Job 969: Subtask feature_pipeline.feature_silver_clickstream
[2026-06-18T03:43:28.572+0000] {task_command.py:426} INFO - Running <TaskInstance: credit_default_ml_pipeline.feature_pipeline.feature_silver_clickstream scheduled__2023-03-01T00:00:00+00:00 [running]> on host bfbc24b887a5
[2026-06-18T03:43:28.916+0000] {taskinstance.py:2648} INFO - Exporting env vars: AIRFLOW_CTX_DAG_OWNER='***' AIRFLOW_CTX_DAG_ID='credit_default_ml_pipeline' AIRFLOW_CTX_TASK_ID='feature_pipeline.feature_silver_clickstream' AIRFLOW_CTX_EXECUTION_DATE='2023-03-01T00:00:00+00:00' AIRFLOW_CTX_TRY_NUMBER='4' AIRFLOW_CTX_DAG_RUN_ID='scheduled__2023-03-01T00:00:00+00:00'
[2026-06-18T03:43:28.920+0000] {taskinstance.py:430} INFO - ::endgroup::
[2026-06-18T03:43:28.933+0000] {subprocess.py:63} INFO - Tmp dir root location: /tmp
[2026-06-18T03:43:28.951+0000] {subprocess.py:75} INFO - Running command: ['/usr/bin/bash', '-c', 'cd /opt/***/scripts && python3 silver_processing.py --snapshotdate "2023-03-01" --source clickstream']
[2026-06-18T03:43:28.984+0000] {subprocess.py:86} INFO - Output:
[2026-06-18T03:43:31.909+0000] {subprocess.py:93} INFO - Setting default log level to "WARN".
[2026-06-18T03:43:31.911+0000] {subprocess.py:93} INFO - To adjust logging level use sc.setLogLevel(newLevel). For SparkR, use setLogLevel(newLevel).
[2026-06-18T03:43:32.311+0000] {subprocess.py:93} INFO - 26/06/18 03:43:32 WARN NativeCodeLoader: Unable to load native-hadoop library for your platform... using builtin-java classes where applicable
[2026-06-18T03:43:33.349+0000] {subprocess.py:93} INFO - 26/06/18 03:43:33 WARN Utils: Service 'SparkUI' could not bind on port 4040. Attempting port 4041.
[2026-06-18T03:43:33.350+0000] {subprocess.py:93} INFO - 26/06/18 03:43:33 WARN Utils: Service 'SparkUI' could not bind on port 4041. Attempting port 4042.
[2026-06-18T03:43:33.351+0000] {subprocess.py:93} INFO - 26/06/18 03:43:33 WARN Utils: Service 'SparkUI' could not bind on port 4042. Attempting port 4043.
[2026-06-18T03:43:33.353+0000] {subprocess.py:93} INFO - 26/06/18 03:43:33 WARN Utils: Service 'SparkUI' could not bind on port 4043. Attempting port 4044.
[2026-06-18T03:43:44.806+0000] {subprocess.py:93} INFO - [Stage 1:>                                                          (0 + 1) / 1]                                                                                [Stage 5:>                                                          (0 + 1) / 1]
[2026-06-18T03:43:44.808+0000] {subprocess.py:93} INFO - --- silver clickstream 2023-03-01 ---
[2026-06-18T03:43:44.810+0000] {subprocess.py:93} INFO - 
[2026-06-18T03:43:44.810+0000] {subprocess.py:93} INFO - [silver:clickstream] loaded datamart/bronze/clickstream/bronze_clickstream_2023_03_01.csv rows: 8974
[2026-06-18T03:43:44.812+0000] {subprocess.py:93} INFO - [silver:clickstream] saved to: datamart/silver/clickstream/2023_03_01.parquet
[2026-06-18T03:43:44.815+0000] {subprocess.py:93} INFO - 
[2026-06-18T03:43:44.817+0000] {subprocess.py:93} INFO - --- done ---
[2026-06-18T03:43:44.817+0000] {subprocess.py:93} INFO - 
[2026-06-18T03:43:45.273+0000] {subprocess.py:97} INFO - Command exited with return code 0
[2026-06-18T03:43:45.276+0000] {taskinstance.py:441} INFO - ::group::Post task execution logs
[2026-06-18T03:43:45.303+0000] {taskinstance.py:1206} INFO - Marking task as SUCCESS. dag_id=credit_default_ml_pipeline, task_id=feature_pipeline.feature_silver_clickstream, run_id=scheduled__2023-03-01T00:00:00+00:00, execution_date=20230301T000000, start_date=20260618T034328, end_date=20260618T034345
[2026-06-18T03:43:45.326+0000] {local_task_job_runner.py:243} INFO - Task exited with return code 0
[2026-06-18T03:43:45.485+0000] {taskinstance.py:3503} INFO - 0 downstream tasks scheduled from follow-on schedule check
[2026-06-18T03:43:45.488+0000] {local_task_job_runner.py:222} INFO - ::endgroup::
