[2026-06-17T01:19:04.116+0000] {local_task_job_runner.py:120} INFO - ::group::Pre task execution logs
[2026-06-17T01:19:04.129+0000] {taskinstance.py:2076} INFO - Dependencies all met for dep_context=non-requeueable deps ti=<TaskInstance: credit_default_ml_pipeline.feature_pipeline.feature_silver_attributes scheduled__2024-07-01T00:00:00+00:00 [queued]>
[2026-06-17T01:19:04.135+0000] {taskinstance.py:2076} INFO - Dependencies all met for dep_context=requeueable deps ti=<TaskInstance: credit_default_ml_pipeline.feature_pipeline.feature_silver_attributes scheduled__2024-07-01T00:00:00+00:00 [queued]>
[2026-06-17T01:19:04.137+0000] {taskinstance.py:2306} INFO - Starting attempt 2 of 3
[2026-06-17T01:19:04.143+0000] {taskinstance.py:2330} INFO - Executing <Task(BashOperator): feature_pipeline.feature_silver_attributes> on 2024-07-01 00:00:00+00:00
[2026-06-17T01:19:04.152+0000] {logging_mixin.py:188} WARNING - /home/***/.local/lib/python3.12/site-packages/***/task/task_runner/standard_task_runner.py:62 DeprecationWarning: This process (pid=97723) is multi-threaded, use of fork() may lead to deadlocks in the child.
[2026-06-17T01:19:04.151+0000] {standard_task_runner.py:90} INFO - Running: ['***', 'tasks', 'run', 'credit_default_ml_pipeline', 'feature_pipeline.feature_silver_attributes', 'scheduled__2024-07-01T00:00:00+00:00', '--job-id', '722', '--raw', '--subdir', 'DAGS_FOLDER/dag.py', '--cfg-path', '/tmp/tmp0aakc1su']
[2026-06-17T01:19:04.153+0000] {standard_task_runner.py:91} INFO - Job 722: Subtask feature_pipeline.feature_silver_attributes
[2026-06-17T01:19:04.153+0000] {standard_task_runner.py:64} INFO - Started process 97729 to run task
[2026-06-17T01:19:04.185+0000] {task_command.py:426} INFO - Running <TaskInstance: credit_default_ml_pipeline.feature_pipeline.feature_silver_attributes scheduled__2024-07-01T00:00:00+00:00 [running]> on host 2b9b50b7433d
[2026-06-17T01:19:04.227+0000] {taskinstance.py:2648} INFO - Exporting env vars: AIRFLOW_CTX_DAG_OWNER='***' AIRFLOW_CTX_DAG_ID='credit_default_ml_pipeline' AIRFLOW_CTX_TASK_ID='feature_pipeline.feature_silver_attributes' AIRFLOW_CTX_EXECUTION_DATE='2024-07-01T00:00:00+00:00' AIRFLOW_CTX_TRY_NUMBER='2' AIRFLOW_CTX_DAG_RUN_ID='scheduled__2024-07-01T00:00:00+00:00'
[2026-06-17T01:19:04.228+0000] {taskinstance.py:430} INFO - ::endgroup::
[2026-06-17T01:19:04.234+0000] {subprocess.py:63} INFO - Tmp dir root location: /tmp
[2026-06-17T01:19:04.234+0000] {subprocess.py:75} INFO - Running command: ['/usr/bin/bash', '-c', 'cd /opt/***/scripts && python3 silver_processing.py --snapshotdate "2024-07-01" --source attributes']
[2026-06-17T01:19:04.239+0000] {subprocess.py:86} INFO - Output:
[2026-06-17T01:19:06.022+0000] {subprocess.py:93} INFO - Setting default log level to "WARN".
[2026-06-17T01:19:06.024+0000] {subprocess.py:93} INFO - To adjust logging level use sc.setLogLevel(newLevel). For SparkR, use setLogLevel(newLevel).
[2026-06-17T01:19:06.289+0000] {subprocess.py:93} INFO - 26/06/17 01:19:06 WARN NativeCodeLoader: Unable to load native-hadoop library for your platform... using builtin-java classes where applicable
[2026-06-17T01:19:07.034+0000] {subprocess.py:93} INFO - 26/06/17 01:19:07 WARN Utils: Service 'SparkUI' could not bind on port 4040. Attempting port 4041.
[2026-06-17T01:19:14.401+0000] {subprocess.py:93} INFO - [Stage 5:>                                                          (0 + 1) / 1]
[2026-06-17T01:19:14.404+0000] {subprocess.py:93} INFO - --- silver attributes 2024-07-01 ---
[2026-06-17T01:19:14.405+0000] {subprocess.py:93} INFO - 
[2026-06-17T01:19:14.407+0000] {subprocess.py:93} INFO - [silver:attributes] loaded datamart/bronze/attributes/bronze_attributes_2024_07_01.csv rows: 505
[2026-06-17T01:19:14.408+0000] {subprocess.py:93} INFO - [silver:attributes] saved to: datamart/silver/attributes/2024_07_01.parquet
[2026-06-17T01:19:14.409+0000] {subprocess.py:93} INFO - 
[2026-06-17T01:19:14.410+0000] {subprocess.py:93} INFO - --- done ---
[2026-06-17T01:19:14.411+0000] {subprocess.py:93} INFO - 
[2026-06-17T01:19:14.858+0000] {subprocess.py:97} INFO - Command exited with return code 0
[2026-06-17T01:19:14.861+0000] {taskinstance.py:441} INFO - ::group::Post task execution logs
[2026-06-17T01:19:14.896+0000] {taskinstance.py:1206} INFO - Marking task as SUCCESS. dag_id=credit_default_ml_pipeline, task_id=feature_pipeline.feature_silver_attributes, run_id=scheduled__2024-07-01T00:00:00+00:00, execution_date=20240701T000000, start_date=20260617T011904, end_date=20260617T011914
[2026-06-17T01:19:14.946+0000] {local_task_job_runner.py:243} INFO - Task exited with return code 0
[2026-06-17T01:19:14.977+0000] {taskinstance.py:3503} INFO - 0 downstream tasks scheduled from follow-on schedule check
[2026-06-17T01:19:14.980+0000] {local_task_job_runner.py:222} INFO - ::endgroup::
