[2026-06-20T06:24:53.237+0000] {local_task_job_runner.py:120} INFO - ::group::Pre task execution logs
[2026-06-20T06:24:53.251+0000] {taskinstance.py:2076} INFO - Dependencies all met for dep_context=non-requeueable deps ti=<TaskInstance: credit_default_ml_pipeline.monitoring.xgb_monitor scheduled__2023-12-01T00:00:00+00:00 [queued]>
[2026-06-20T06:24:53.256+0000] {taskinstance.py:2076} INFO - Dependencies all met for dep_context=requeueable deps ti=<TaskInstance: credit_default_ml_pipeline.monitoring.xgb_monitor scheduled__2023-12-01T00:00:00+00:00 [queued]>
[2026-06-20T06:24:53.257+0000] {taskinstance.py:2306} INFO - Starting attempt 1 of 2
[2026-06-20T06:24:53.349+0000] {taskinstance.py:2330} INFO - Executing <Task(BashOperator): monitoring.xgb_monitor> on 2023-12-01 00:00:00+00:00
[2026-06-20T06:24:53.354+0000] {logging_mixin.py:188} WARNING - /home/***/.local/lib/python3.12/site-packages/***/task/task_runner/standard_task_runner.py:62 DeprecationWarning: This process (pid=48375) is multi-threaded, use of fork() may lead to deadlocks in the child.
[2026-06-20T06:24:53.354+0000] {standard_task_runner.py:64} INFO - Started process 48381 to run task
[2026-06-20T06:24:53.354+0000] {standard_task_runner.py:90} INFO - Running: ['***', 'tasks', 'run', 'credit_default_ml_pipeline', 'monitoring.xgb_monitor', 'scheduled__2023-12-01T00:00:00+00:00', '--job-id', '1664', '--raw', '--subdir', 'DAGS_FOLDER/dag.py', '--cfg-path', '/tmp/tmpkikflzc9']
[2026-06-20T06:24:53.356+0000] {standard_task_runner.py:91} INFO - Job 1664: Subtask monitoring.xgb_monitor
[2026-06-20T06:24:53.380+0000] {task_command.py:426} INFO - Running <TaskInstance: credit_default_ml_pipeline.monitoring.xgb_monitor scheduled__2023-12-01T00:00:00+00:00 [running]> on host 9cf341f51c89
[2026-06-20T06:24:53.408+0000] {taskinstance.py:2648} INFO - Exporting env vars: AIRFLOW_CTX_DAG_OWNER='***' AIRFLOW_CTX_DAG_ID='credit_default_ml_pipeline' AIRFLOW_CTX_TASK_ID='monitoring.xgb_monitor' AIRFLOW_CTX_EXECUTION_DATE='2023-12-01T00:00:00+00:00' AIRFLOW_CTX_TRY_NUMBER='1' AIRFLOW_CTX_DAG_RUN_ID='scheduled__2023-12-01T00:00:00+00:00'
[2026-06-20T06:24:53.409+0000] {taskinstance.py:430} INFO - ::endgroup::
[2026-06-20T06:24:53.415+0000] {subprocess.py:63} INFO - Tmp dir root location: /tmp
[2026-06-20T06:24:53.416+0000] {subprocess.py:75} INFO - Running command: ['/usr/bin/bash', '-c', 'cd /opt/***/scripts && if [ ! -f model_bank/champion.txt ]; then echo \'[SKIP] no champion.txt for 2023-12-01\'; exit 0; fi && CHAMP=$(cat model_bank/champion.txt | tr -d \'\\n\') && python3 model_monitor.py --snapshotdate "2023-12-01" --modelname "$CHAMP"']
[2026-06-20T06:24:53.420+0000] {subprocess.py:86} INFO - Output:
[2026-06-20T06:24:53.422+0000] {subprocess.py:93} INFO - [SKIP] no champion.txt for 2023-12-01
[2026-06-20T06:24:53.422+0000] {subprocess.py:97} INFO - Command exited with return code 0
[2026-06-20T06:24:53.423+0000] {taskinstance.py:441} INFO - ::group::Post task execution logs
[2026-06-20T06:24:53.436+0000] {taskinstance.py:1206} INFO - Marking task as SUCCESS. dag_id=credit_default_ml_pipeline, task_id=monitoring.xgb_monitor, run_id=scheduled__2023-12-01T00:00:00+00:00, execution_date=20231201T000000, start_date=20260620T062453, end_date=20260620T062453
[2026-06-20T06:24:53.452+0000] {local_task_job_runner.py:243} INFO - Task exited with return code 0
[2026-06-20T06:24:53.457+0000] {local_task_job_runner.py:222} INFO - ::endgroup::
[2026-06-20T07:45:01.687+0000] {local_task_job_runner.py:120} INFO - ::group::Pre task execution logs
[2026-06-20T07:45:01.701+0000] {taskinstance.py:2076} INFO - Dependencies all met for dep_context=non-requeueable deps ti=<TaskInstance: credit_default_ml_pipeline.monitoring.xgb_monitor scheduled__2023-12-01T00:00:00+00:00 [queued]>
[2026-06-20T07:45:01.707+0000] {taskinstance.py:2076} INFO - Dependencies all met for dep_context=requeueable deps ti=<TaskInstance: credit_default_ml_pipeline.monitoring.xgb_monitor scheduled__2023-12-01T00:00:00+00:00 [queued]>
[2026-06-20T07:45:01.710+0000] {taskinstance.py:2306} INFO - Starting attempt 1 of 2
[2026-06-20T07:45:01.799+0000] {taskinstance.py:2330} INFO - Executing <Task(BashOperator): monitoring.xgb_monitor> on 2023-12-01 00:00:00+00:00
[2026-06-20T07:45:01.803+0000] {logging_mixin.py:188} WARNING - /home/***/.local/lib/python3.12/site-packages/***/task/task_runner/standard_task_runner.py:62 DeprecationWarning: This process (pid=33466) is multi-threaded, use of fork() may lead to deadlocks in the child.
[2026-06-20T07:45:01.803+0000] {standard_task_runner.py:90} INFO - Running: ['***', 'tasks', 'run', 'credit_default_ml_pipeline', 'monitoring.xgb_monitor', 'scheduled__2023-12-01T00:00:00+00:00', '--job-id', '2158', '--raw', '--subdir', 'DAGS_FOLDER/dag.py', '--cfg-path', '/tmp/tmplboaw_yq']
[2026-06-20T07:45:01.805+0000] {standard_task_runner.py:64} INFO - Started process 33471 to run task
[2026-06-20T07:45:01.805+0000] {standard_task_runner.py:91} INFO - Job 2158: Subtask monitoring.xgb_monitor
[2026-06-20T07:45:01.830+0000] {task_command.py:426} INFO - Running <TaskInstance: credit_default_ml_pipeline.monitoring.xgb_monitor scheduled__2023-12-01T00:00:00+00:00 [running]> on host 9cf341f51c89
[2026-06-20T07:45:01.860+0000] {taskinstance.py:2648} INFO - Exporting env vars: AIRFLOW_CTX_DAG_OWNER='***' AIRFLOW_CTX_DAG_ID='credit_default_ml_pipeline' AIRFLOW_CTX_TASK_ID='monitoring.xgb_monitor' AIRFLOW_CTX_EXECUTION_DATE='2023-12-01T00:00:00+00:00' AIRFLOW_CTX_TRY_NUMBER='1' AIRFLOW_CTX_DAG_RUN_ID='scheduled__2023-12-01T00:00:00+00:00'
[2026-06-20T07:45:01.861+0000] {taskinstance.py:430} INFO - ::endgroup::
[2026-06-20T07:45:01.867+0000] {subprocess.py:63} INFO - Tmp dir root location: /tmp
[2026-06-20T07:45:01.868+0000] {subprocess.py:75} INFO - Running command: ['/usr/bin/bash', '-c', 'cd /opt/***/scripts && if [ ! -f model_bank/champion.txt ]; then echo \'[SKIP] no champion.txt for 2023-12-01\'; exit 0; fi && CHAMP=$(cat model_bank/champion.txt | tr -d \'\\n\') && python3 model_monitor.py --snapshotdate "2023-12-01" --modelname "$CHAMP"']
[2026-06-20T07:45:01.872+0000] {subprocess.py:86} INFO - Output:
[2026-06-20T07:45:01.874+0000] {subprocess.py:93} INFO - [SKIP] no champion.txt for 2023-12-01
[2026-06-20T07:45:01.874+0000] {subprocess.py:97} INFO - Command exited with return code 0
[2026-06-20T07:45:01.875+0000] {taskinstance.py:441} INFO - ::group::Post task execution logs
[2026-06-20T07:45:01.886+0000] {taskinstance.py:1206} INFO - Marking task as SUCCESS. dag_id=credit_default_ml_pipeline, task_id=monitoring.xgb_monitor, run_id=scheduled__2023-12-01T00:00:00+00:00, execution_date=20231201T000000, start_date=20260620T074501, end_date=20260620T074501
[2026-06-20T07:45:01.905+0000] {local_task_job_runner.py:243} INFO - Task exited with return code 0
[2026-06-20T07:45:01.914+0000] {taskinstance.py:3503} INFO - 0 downstream tasks scheduled from follow-on schedule check
[2026-06-20T07:45:01.914+0000] {local_task_job_runner.py:222} INFO - ::endgroup::
[2026-06-20T15:43:15.262+0000] {local_task_job_runner.py:120} INFO - ::group::Pre task execution logs
[2026-06-20T15:43:15.280+0000] {taskinstance.py:2076} INFO - Dependencies all met for dep_context=non-requeueable deps ti=<TaskInstance: credit_default_ml_pipeline.monitoring.xgb_monitor scheduled__2023-12-01T00:00:00+00:00 [queued]>
[2026-06-20T15:43:15.286+0000] {taskinstance.py:2076} INFO - Dependencies all met for dep_context=requeueable deps ti=<TaskInstance: credit_default_ml_pipeline.monitoring.xgb_monitor scheduled__2023-12-01T00:00:00+00:00 [queued]>
[2026-06-20T15:43:15.287+0000] {taskinstance.py:2306} INFO - Starting attempt 1 of 2
[2026-06-20T15:43:15.379+0000] {taskinstance.py:2330} INFO - Executing <Task(BashOperator): monitoring.xgb_monitor> on 2023-12-01 00:00:00+00:00
[2026-06-20T15:43:15.383+0000] {logging_mixin.py:188} WARNING - /home/***/.local/lib/python3.12/site-packages/***/task/task_runner/standard_task_runner.py:62 DeprecationWarning: This process (pid=19868) is multi-threaded, use of fork() may lead to deadlocks in the child.
[2026-06-20T15:43:15.384+0000] {standard_task_runner.py:64} INFO - Started process 19873 to run task
[2026-06-20T15:43:15.383+0000] {standard_task_runner.py:90} INFO - Running: ['***', 'tasks', 'run', 'credit_default_ml_pipeline', 'monitoring.xgb_monitor', 'scheduled__2023-12-01T00:00:00+00:00', '--job-id', '2628', '--raw', '--subdir', 'DAGS_FOLDER/dag.py', '--cfg-path', '/tmp/tmpoe0vg5mo']
[2026-06-20T15:43:15.385+0000] {standard_task_runner.py:91} INFO - Job 2628: Subtask monitoring.xgb_monitor
[2026-06-20T15:43:15.405+0000] {task_command.py:426} INFO - Running <TaskInstance: credit_default_ml_pipeline.monitoring.xgb_monitor scheduled__2023-12-01T00:00:00+00:00 [running]> on host 9cf341f51c89
[2026-06-20T15:43:15.435+0000] {taskinstance.py:2648} INFO - Exporting env vars: AIRFLOW_CTX_DAG_OWNER='***' AIRFLOW_CTX_DAG_ID='credit_default_ml_pipeline' AIRFLOW_CTX_TASK_ID='monitoring.xgb_monitor' AIRFLOW_CTX_EXECUTION_DATE='2023-12-01T00:00:00+00:00' AIRFLOW_CTX_TRY_NUMBER='1' AIRFLOW_CTX_DAG_RUN_ID='scheduled__2023-12-01T00:00:00+00:00'
[2026-06-20T15:43:15.436+0000] {taskinstance.py:430} INFO - ::endgroup::
[2026-06-20T15:43:15.441+0000] {subprocess.py:63} INFO - Tmp dir root location: /tmp
[2026-06-20T15:43:15.442+0000] {subprocess.py:75} INFO - Running command: ['/usr/bin/bash', '-c', 'cd /opt/***/scripts && if [ ! -f model_bank/champion.txt ]; then echo \'[SKIP] no champion.txt for 2023-12-01\'; exit 0; fi && CHAMP=$(cat model_bank/champion.txt | tr -d \'\\n\') && python3 model_monitor.py --snapshotdate "2023-12-01" --modelname "$CHAMP"']
[2026-06-20T15:43:15.447+0000] {subprocess.py:86} INFO - Output:
[2026-06-20T15:43:15.448+0000] {subprocess.py:93} INFO - [SKIP] no champion.txt for 2023-12-01
[2026-06-20T15:43:15.448+0000] {subprocess.py:97} INFO - Command exited with return code 0
[2026-06-20T15:43:15.449+0000] {taskinstance.py:441} INFO - ::group::Post task execution logs
[2026-06-20T15:43:15.460+0000] {taskinstance.py:1206} INFO - Marking task as SUCCESS. dag_id=credit_default_ml_pipeline, task_id=monitoring.xgb_monitor, run_id=scheduled__2023-12-01T00:00:00+00:00, execution_date=20231201T000000, start_date=20260620T154315, end_date=20260620T154315
[2026-06-20T15:43:15.484+0000] {local_task_job_runner.py:243} INFO - Task exited with return code 0
[2026-06-20T15:43:15.487+0000] {local_task_job_runner.py:222} INFO - ::endgroup::
[2026-06-20T17:37:48.084+0000] {local_task_job_runner.py:120} INFO - ::group::Pre task execution logs
[2026-06-20T17:37:48.096+0000] {taskinstance.py:2076} INFO - Dependencies all met for dep_context=non-requeueable deps ti=<TaskInstance: credit_default_ml_pipeline.monitoring.xgb_monitor scheduled__2023-12-01T00:00:00+00:00 [queued]>
[2026-06-20T17:37:48.101+0000] {taskinstance.py:2076} INFO - Dependencies all met for dep_context=requeueable deps ti=<TaskInstance: credit_default_ml_pipeline.monitoring.xgb_monitor scheduled__2023-12-01T00:00:00+00:00 [queued]>
[2026-06-20T17:37:48.102+0000] {taskinstance.py:2306} INFO - Starting attempt 1 of 2
[2026-06-20T17:37:48.195+0000] {taskinstance.py:2330} INFO - Executing <Task(BashOperator): monitoring.xgb_monitor> on 2023-12-01 00:00:00+00:00
[2026-06-20T17:37:48.199+0000] {logging_mixin.py:188} WARNING - /home/***/.local/lib/python3.12/site-packages/***/task/task_runner/standard_task_runner.py:62 DeprecationWarning: This process (pid=38248) is multi-threaded, use of fork() may lead to deadlocks in the child.
[2026-06-20T17:37:48.200+0000] {standard_task_runner.py:64} INFO - Started process 38253 to run task
[2026-06-20T17:37:48.199+0000] {standard_task_runner.py:90} INFO - Running: ['***', 'tasks', 'run', 'credit_default_ml_pipeline', 'monitoring.xgb_monitor', 'scheduled__2023-12-01T00:00:00+00:00', '--job-id', '3208', '--raw', '--subdir', 'DAGS_FOLDER/dag.py', '--cfg-path', '/tmp/tmpn0lktef0']
[2026-06-20T17:37:48.201+0000] {standard_task_runner.py:91} INFO - Job 3208: Subtask monitoring.xgb_monitor
[2026-06-20T17:37:48.222+0000] {task_command.py:426} INFO - Running <TaskInstance: credit_default_ml_pipeline.monitoring.xgb_monitor scheduled__2023-12-01T00:00:00+00:00 [running]> on host 9cf341f51c89
[2026-06-20T17:37:48.250+0000] {taskinstance.py:2648} INFO - Exporting env vars: AIRFLOW_CTX_DAG_OWNER='***' AIRFLOW_CTX_DAG_ID='credit_default_ml_pipeline' AIRFLOW_CTX_TASK_ID='monitoring.xgb_monitor' AIRFLOW_CTX_EXECUTION_DATE='2023-12-01T00:00:00+00:00' AIRFLOW_CTX_TRY_NUMBER='1' AIRFLOW_CTX_DAG_RUN_ID='scheduled__2023-12-01T00:00:00+00:00'
[2026-06-20T17:37:48.252+0000] {taskinstance.py:430} INFO - ::endgroup::
[2026-06-20T17:37:48.256+0000] {subprocess.py:63} INFO - Tmp dir root location: /tmp
[2026-06-20T17:37:48.257+0000] {subprocess.py:75} INFO - Running command: ['/usr/bin/bash', '-c', 'cd /opt/***/scripts && if [ ! -f model_bank/champion.txt ]; then echo \'[SKIP] no champion.txt for 2023-12-01\'; exit 0; fi && CHAMP=$(cat model_bank/champion.txt | tr -d \'\\n\') && python3 model_monitor.py --snapshotdate "2023-12-01" --modelname "$CHAMP"']
[2026-06-20T17:37:48.261+0000] {subprocess.py:86} INFO - Output:
[2026-06-20T17:37:48.263+0000] {subprocess.py:93} INFO - [SKIP] no champion.txt for 2023-12-01
[2026-06-20T17:37:48.263+0000] {subprocess.py:97} INFO - Command exited with return code 0
[2026-06-20T17:37:48.263+0000] {taskinstance.py:441} INFO - ::group::Post task execution logs
[2026-06-20T17:37:48.275+0000] {taskinstance.py:1206} INFO - Marking task as SUCCESS. dag_id=credit_default_ml_pipeline, task_id=monitoring.xgb_monitor, run_id=scheduled__2023-12-01T00:00:00+00:00, execution_date=20231201T000000, start_date=20260620T173748, end_date=20260620T173748
[2026-06-20T17:37:48.299+0000] {local_task_job_runner.py:243} INFO - Task exited with return code 0
[2026-06-20T17:37:48.304+0000] {local_task_job_runner.py:222} INFO - ::endgroup::
[2026-06-21T02:34:04.694+0000] {local_task_job_runner.py:120} INFO - ::group::Pre task execution logs
[2026-06-21T02:34:04.714+0000] {taskinstance.py:2076} INFO - Dependencies all met for dep_context=non-requeueable deps ti=<TaskInstance: credit_default_ml_pipeline.monitoring.xgb_monitor scheduled__2023-12-01T00:00:00+00:00 [queued]>
[2026-06-21T02:34:04.722+0000] {taskinstance.py:2076} INFO - Dependencies all met for dep_context=requeueable deps ti=<TaskInstance: credit_default_ml_pipeline.monitoring.xgb_monitor scheduled__2023-12-01T00:00:00+00:00 [queued]>
[2026-06-21T02:34:04.723+0000] {taskinstance.py:2306} INFO - Starting attempt 1 of 2
[2026-06-21T02:34:04.732+0000] {taskinstance.py:2330} INFO - Executing <Task(BashOperator): monitoring.xgb_monitor> on 2023-12-01 00:00:00+00:00
[2026-06-21T02:34:04.736+0000] {logging_mixin.py:188} WARNING - /home/***/.local/lib/python3.12/site-packages/***/task/task_runner/standard_task_runner.py:62 DeprecationWarning: This process (pid=38095) is multi-threaded, use of fork() may lead to deadlocks in the child.
[2026-06-21T02:34:04.737+0000] {standard_task_runner.py:90} INFO - Running: ['***', 'tasks', 'run', 'credit_default_ml_pipeline', 'monitoring.xgb_monitor', 'scheduled__2023-12-01T00:00:00+00:00', '--job-id', '3671', '--raw', '--subdir', 'DAGS_FOLDER/dag.py', '--cfg-path', '/tmp/tmpasia2_o4']
[2026-06-21T02:34:04.737+0000] {standard_task_runner.py:64} INFO - Started process 38102 to run task
[2026-06-21T02:34:04.738+0000] {standard_task_runner.py:91} INFO - Job 3671: Subtask monitoring.xgb_monitor
[2026-06-21T02:34:04.762+0000] {task_command.py:426} INFO - Running <TaskInstance: credit_default_ml_pipeline.monitoring.xgb_monitor scheduled__2023-12-01T00:00:00+00:00 [running]> on host f6e9e2801916
[2026-06-21T02:34:04.923+0000] {taskinstance.py:2648} INFO - Exporting env vars: AIRFLOW_CTX_DAG_OWNER='***' AIRFLOW_CTX_DAG_ID='credit_default_ml_pipeline' AIRFLOW_CTX_TASK_ID='monitoring.xgb_monitor' AIRFLOW_CTX_EXECUTION_DATE='2023-12-01T00:00:00+00:00' AIRFLOW_CTX_TRY_NUMBER='1' AIRFLOW_CTX_DAG_RUN_ID='scheduled__2023-12-01T00:00:00+00:00'
[2026-06-21T02:34:04.925+0000] {taskinstance.py:430} INFO - ::endgroup::
[2026-06-21T02:34:04.930+0000] {subprocess.py:63} INFO - Tmp dir root location: /tmp
[2026-06-21T02:34:04.930+0000] {subprocess.py:75} INFO - Running command: ['/usr/bin/bash', '-c', 'cd /opt/***/scripts && if [ ! -f model_bank/champion.txt ]; then echo \'[SKIP] no champion.txt for 2023-12-01\'; exit 0; fi && CHAMP=$(cat model_bank/champion.txt | tr -d \'\\n\') && python3 model_monitor.py --snapshotdate "2023-12-01" --modelname "$CHAMP"']
[2026-06-21T02:34:04.937+0000] {subprocess.py:86} INFO - Output:
[2026-06-21T02:34:04.938+0000] {subprocess.py:93} INFO - [SKIP] no champion.txt for 2023-12-01
[2026-06-21T02:34:04.940+0000] {subprocess.py:97} INFO - Command exited with return code 0
[2026-06-21T02:34:04.940+0000] {taskinstance.py:441} INFO - ::group::Post task execution logs
[2026-06-21T02:34:04.951+0000] {taskinstance.py:1206} INFO - Marking task as SUCCESS. dag_id=credit_default_ml_pipeline, task_id=monitoring.xgb_monitor, run_id=scheduled__2023-12-01T00:00:00+00:00, execution_date=20231201T000000, start_date=20260621T023404, end_date=20260621T023404
[2026-06-21T02:34:04.959+0000] {local_task_job_runner.py:243} INFO - Task exited with return code 0
[2026-06-21T02:34:04.971+0000] {taskinstance.py:3503} INFO - 0 downstream tasks scheduled from follow-on schedule check
[2026-06-21T02:34:04.972+0000] {local_task_job_runner.py:222} INFO - ::endgroup::
[2026-06-21T05:59:58.171+0000] {local_task_job_runner.py:120} INFO - ::group::Pre task execution logs
[2026-06-21T05:59:58.203+0000] {taskinstance.py:2076} INFO - Dependencies all met for dep_context=non-requeueable deps ti=<TaskInstance: credit_default_ml_pipeline.monitoring.xgb_monitor scheduled__2023-12-01T00:00:00+00:00 [queued]>
[2026-06-21T05:59:58.213+0000] {taskinstance.py:2076} INFO - Dependencies all met for dep_context=requeueable deps ti=<TaskInstance: credit_default_ml_pipeline.monitoring.xgb_monitor scheduled__2023-12-01T00:00:00+00:00 [queued]>
[2026-06-21T05:59:58.214+0000] {taskinstance.py:2306} INFO - Starting attempt 1 of 2
[2026-06-21T05:59:58.367+0000] {taskinstance.py:2330} INFO - Executing <Task(BashOperator): monitoring.xgb_monitor> on 2023-12-01 00:00:00+00:00
[2026-06-21T05:59:58.375+0000] {logging_mixin.py:188} WARNING - /home/***/.local/lib/python3.12/site-packages/***/task/task_runner/standard_task_runner.py:62 DeprecationWarning: This process (pid=38917) is multi-threaded, use of fork() may lead to deadlocks in the child.
[2026-06-21T05:59:58.377+0000] {standard_task_runner.py:64} INFO - Started process 38922 to run task
[2026-06-21T05:59:58.375+0000] {standard_task_runner.py:90} INFO - Running: ['***', 'tasks', 'run', 'credit_default_ml_pipeline', 'monitoring.xgb_monitor', 'scheduled__2023-12-01T00:00:00+00:00', '--job-id', '4134', '--raw', '--subdir', 'DAGS_FOLDER/dag.py', '--cfg-path', '/tmp/tmp4bpr7sy_']
[2026-06-21T05:59:58.380+0000] {standard_task_runner.py:91} INFO - Job 4134: Subtask monitoring.xgb_monitor
[2026-06-21T05:59:58.425+0000] {task_command.py:426} INFO - Running <TaskInstance: credit_default_ml_pipeline.monitoring.xgb_monitor scheduled__2023-12-01T00:00:00+00:00 [running]> on host 9377a3f0491f
[2026-06-21T05:59:58.488+0000] {taskinstance.py:2648} INFO - Exporting env vars: AIRFLOW_CTX_DAG_OWNER='***' AIRFLOW_CTX_DAG_ID='credit_default_ml_pipeline' AIRFLOW_CTX_TASK_ID='monitoring.xgb_monitor' AIRFLOW_CTX_EXECUTION_DATE='2023-12-01T00:00:00+00:00' AIRFLOW_CTX_TRY_NUMBER='1' AIRFLOW_CTX_DAG_RUN_ID='scheduled__2023-12-01T00:00:00+00:00'
[2026-06-21T05:59:58.490+0000] {taskinstance.py:430} INFO - ::endgroup::
[2026-06-21T05:59:58.501+0000] {subprocess.py:63} INFO - Tmp dir root location: /tmp
[2026-06-21T05:59:58.502+0000] {subprocess.py:75} INFO - Running command: ['/usr/bin/bash', '-c', 'cd /opt/***/scripts && if [ ! -f model_bank/champion.txt ]; then echo \'[SKIP] no champion.txt for 2023-12-01\'; exit 0; fi && CHAMP=$(cat model_bank/champion.txt | tr -d \'\\n\') && python3 model_monitor.py --snapshotdate "2023-12-01" --modelname "$CHAMP"']
[2026-06-21T05:59:58.512+0000] {subprocess.py:86} INFO - Output:
[2026-06-21T05:59:58.514+0000] {subprocess.py:93} INFO - [SKIP] no champion.txt for 2023-12-01
[2026-06-21T05:59:58.515+0000] {subprocess.py:97} INFO - Command exited with return code 0
[2026-06-21T05:59:58.516+0000] {taskinstance.py:441} INFO - ::group::Post task execution logs
[2026-06-21T05:59:58.539+0000] {taskinstance.py:1206} INFO - Marking task as SUCCESS. dag_id=credit_default_ml_pipeline, task_id=monitoring.xgb_monitor, run_id=scheduled__2023-12-01T00:00:00+00:00, execution_date=20231201T000000, start_date=20260621T055958, end_date=20260621T055958
[2026-06-21T05:59:58.561+0000] {local_task_job_runner.py:243} INFO - Task exited with return code 0
[2026-06-21T05:59:58.584+0000] {taskinstance.py:3503} INFO - 0 downstream tasks scheduled from follow-on schedule check
[2026-06-21T05:59:58.586+0000] {local_task_job_runner.py:222} INFO - ::endgroup::
[2026-06-25T17:52:28.233+0000] {local_task_job_runner.py:120} INFO - ::group::Pre task execution logs
[2026-06-25T17:52:28.247+0000] {taskinstance.py:2076} INFO - Dependencies all met for dep_context=non-requeueable deps ti=<TaskInstance: credit_default_ml_pipeline.monitoring.xgb_monitor scheduled__2023-12-01T00:00:00+00:00 [queued]>
[2026-06-25T17:52:28.251+0000] {taskinstance.py:2076} INFO - Dependencies all met for dep_context=requeueable deps ti=<TaskInstance: credit_default_ml_pipeline.monitoring.xgb_monitor scheduled__2023-12-01T00:00:00+00:00 [queued]>
[2026-06-25T17:52:28.251+0000] {taskinstance.py:2306} INFO - Starting attempt 1 of 2
[2026-06-25T17:52:28.257+0000] {taskinstance.py:2330} INFO - Executing <Task(BashOperator): monitoring.xgb_monitor> on 2023-12-01 00:00:00+00:00
[2026-06-25T17:52:28.261+0000] {logging_mixin.py:188} WARNING - /home/***/.local/lib/python3.12/site-packages/***/task/task_runner/standard_task_runner.py:62 DeprecationWarning: This process (pid=38589) is multi-threaded, use of fork() may lead to deadlocks in the child.
[2026-06-25T17:52:28.262+0000] {standard_task_runner.py:90} INFO - Running: ['***', 'tasks', 'run', 'credit_default_ml_pipeline', 'monitoring.xgb_monitor', 'scheduled__2023-12-01T00:00:00+00:00', '--job-id', '4595', '--raw', '--subdir', 'DAGS_FOLDER/dag.py', '--cfg-path', '/tmp/tmp4ccqby28']
[2026-06-25T17:52:28.263+0000] {standard_task_runner.py:64} INFO - Started process 38594 to run task
[2026-06-25T17:52:28.264+0000] {standard_task_runner.py:91} INFO - Job 4595: Subtask monitoring.xgb_monitor
[2026-06-25T17:52:28.291+0000] {task_command.py:426} INFO - Running <TaskInstance: credit_default_ml_pipeline.monitoring.xgb_monitor scheduled__2023-12-01T00:00:00+00:00 [running]> on host b54b2be331ab
[2026-06-25T17:52:28.438+0000] {taskinstance.py:2648} INFO - Exporting env vars: AIRFLOW_CTX_DAG_OWNER='***' AIRFLOW_CTX_DAG_ID='credit_default_ml_pipeline' AIRFLOW_CTX_TASK_ID='monitoring.xgb_monitor' AIRFLOW_CTX_EXECUTION_DATE='2023-12-01T00:00:00+00:00' AIRFLOW_CTX_TRY_NUMBER='1' AIRFLOW_CTX_DAG_RUN_ID='scheduled__2023-12-01T00:00:00+00:00'
[2026-06-25T17:52:28.439+0000] {taskinstance.py:430} INFO - ::endgroup::
[2026-06-25T17:52:28.445+0000] {subprocess.py:63} INFO - Tmp dir root location: /tmp
[2026-06-25T17:52:28.446+0000] {subprocess.py:75} INFO - Running command: ['/usr/bin/bash', '-c', 'cd /opt/***/scripts && if [ ! -f model_bank/champion.txt ]; then echo \'[SKIP] no champion.txt for 2023-12-01\'; exit 0; fi && CHAMP=$(cat model_bank/champion.txt | tr -d \'\\n\') && python3 model_monitor.py --snapshotdate "2023-12-01" --modelname "$CHAMP"']
[2026-06-25T17:52:28.451+0000] {subprocess.py:86} INFO - Output:
[2026-06-25T17:52:28.452+0000] {subprocess.py:93} INFO - [SKIP] no champion.txt for 2023-12-01
[2026-06-25T17:52:28.452+0000] {subprocess.py:97} INFO - Command exited with return code 0
[2026-06-25T17:52:28.453+0000] {taskinstance.py:441} INFO - ::group::Post task execution logs
[2026-06-25T17:52:28.464+0000] {taskinstance.py:1206} INFO - Marking task as SUCCESS. dag_id=credit_default_ml_pipeline, task_id=monitoring.xgb_monitor, run_id=scheduled__2023-12-01T00:00:00+00:00, execution_date=20231201T000000, start_date=20260625T175228, end_date=20260625T175228
[2026-06-25T17:52:28.502+0000] {local_task_job_runner.py:243} INFO - Task exited with return code 0
[2026-06-25T17:52:28.514+0000] {taskinstance.py:3503} INFO - 0 downstream tasks scheduled from follow-on schedule check
[2026-06-25T17:52:28.515+0000] {local_task_job_runner.py:222} INFO - ::endgroup::
