[2026-06-16T15:50:12.663+0000] {local_task_job_runner.py:120} INFO - ::group::Pre task execution logs
[2026-06-16T15:50:12.679+0000] {taskinstance.py:2076} INFO - Dependencies all met for dep_context=non-requeueable deps ti=<TaskInstance: credit_default_ml_pipeline.feature_pipeline.feature_bronze_attributes scheduled__2024-06-01T00:00:00+00:00 [queued]>
[2026-06-16T15:50:12.682+0000] {taskinstance.py:2076} INFO - Dependencies all met for dep_context=requeueable deps ti=<TaskInstance: credit_default_ml_pipeline.feature_pipeline.feature_bronze_attributes scheduled__2024-06-01T00:00:00+00:00 [queued]>
[2026-06-16T15:50:12.683+0000] {taskinstance.py:2306} INFO - Starting attempt 1 of 2
[2026-06-16T15:50:12.689+0000] {taskinstance.py:2330} INFO - Executing <Task(BashOperator): feature_pipeline.feature_bronze_attributes> on 2024-06-01 00:00:00+00:00
[2026-06-16T15:50:12.693+0000] {logging_mixin.py:188} WARNING - /home/***/.local/lib/python3.12/site-packages/***/task/task_runner/standard_task_runner.py:62 DeprecationWarning: This process (pid=13632) is multi-threaded, use of fork() may lead to deadlocks in the child.
[2026-06-16T15:50:12.694+0000] {standard_task_runner.py:64} INFO - Started process 13636 to run task
[2026-06-16T15:50:12.693+0000] {standard_task_runner.py:90} INFO - Running: ['***', 'tasks', 'run', 'credit_default_ml_pipeline', 'feature_pipeline.feature_bronze_attributes', 'scheduled__2024-06-01T00:00:00+00:00', '--job-id', '313', '--raw', '--subdir', 'DAGS_FOLDER/dag.py', '--cfg-path', '/tmp/tmp009z4wh_']
[2026-06-16T15:50:12.696+0000] {standard_task_runner.py:91} INFO - Job 313: Subtask feature_pipeline.feature_bronze_attributes
[2026-06-16T15:50:12.729+0000] {task_command.py:426} INFO - Running <TaskInstance: credit_default_ml_pipeline.feature_pipeline.feature_bronze_attributes scheduled__2024-06-01T00:00:00+00:00 [running]> on host 2b9b50b7433d
[2026-06-16T15:50:12.767+0000] {taskinstance.py:2648} INFO - Exporting env vars: AIRFLOW_CTX_DAG_OWNER='***' AIRFLOW_CTX_DAG_ID='credit_default_ml_pipeline' AIRFLOW_CTX_TASK_ID='feature_pipeline.feature_bronze_attributes' AIRFLOW_CTX_EXECUTION_DATE='2024-06-01T00:00:00+00:00' AIRFLOW_CTX_TRY_NUMBER='1' AIRFLOW_CTX_DAG_RUN_ID='scheduled__2024-06-01T00:00:00+00:00'
[2026-06-16T15:50:12.769+0000] {taskinstance.py:430} INFO - ::endgroup::
[2026-06-16T15:50:12.775+0000] {subprocess.py:63} INFO - Tmp dir root location: /tmp
[2026-06-16T15:50:12.776+0000] {subprocess.py:75} INFO - Running command: ['/usr/bin/bash', '-c', 'cd /opt/***/scripts && python3 bronze_processing.py --snapshotdate "2024-06-01" --source attributes']
[2026-06-16T15:50:12.781+0000] {subprocess.py:86} INFO - Output:
[2026-06-16T15:50:14.260+0000] {subprocess.py:93} INFO - Setting default log level to "WARN".
[2026-06-16T15:50:14.261+0000] {subprocess.py:93} INFO - To adjust logging level use sc.setLogLevel(newLevel). For SparkR, use setLogLevel(newLevel).
[2026-06-16T15:50:14.408+0000] {subprocess.py:93} INFO - 26/06/16 15:50:14 WARN NativeCodeLoader: Unable to load native-hadoop library for your platform... using builtin-java classes where applicable
[2026-06-16T15:50:14.985+0000] {subprocess.py:93} INFO - 26/06/16 15:50:14 WARN Utils: Service 'SparkUI' could not bind on port 4040. Attempting port 4041.
[2026-06-16T15:50:14.989+0000] {subprocess.py:93} INFO - 26/06/16 15:50:14 WARN Utils: Service 'SparkUI' could not bind on port 4041. Attempting port 4042.
[2026-06-16T15:50:14.992+0000] {subprocess.py:93} INFO - 26/06/16 15:50:14 WARN Utils: Service 'SparkUI' could not bind on port 4042. Attempting port 4043.
[2026-06-16T15:50:20.260+0000] {subprocess.py:93} INFO - 
[2026-06-16T15:50:20.263+0000] {subprocess.py:93} INFO - --- bronze attributes 2024-06-01 ---
[2026-06-16T15:50:20.269+0000] {subprocess.py:93} INFO - 
[2026-06-16T15:50:20.271+0000] {subprocess.py:93} INFO - [bronze:attributes] 2024-06-01 row count: 498
[2026-06-16T15:50:20.277+0000] {subprocess.py:93} INFO - [bronze:attributes] saved to: datamart/bronze/attributes/bronze_attributes_2024_06_01.csv
[2026-06-16T15:50:20.278+0000] {subprocess.py:93} INFO - 
[2026-06-16T15:50:20.279+0000] {subprocess.py:93} INFO - --- done ---
[2026-06-16T15:50:20.280+0000] {subprocess.py:93} INFO - 
[2026-06-16T15:50:20.767+0000] {subprocess.py:97} INFO - Command exited with return code 0
[2026-06-16T15:50:20.768+0000] {taskinstance.py:441} INFO - ::group::Post task execution logs
[2026-06-16T15:50:20.783+0000] {taskinstance.py:1206} INFO - Marking task as SUCCESS. dag_id=credit_default_ml_pipeline, task_id=feature_pipeline.feature_bronze_attributes, run_id=scheduled__2024-06-01T00:00:00+00:00, execution_date=20240601T000000, start_date=20260616T155012, end_date=20260616T155020
[2026-06-16T15:50:20.803+0000] {local_task_job_runner.py:243} INFO - Task exited with return code 0
[2026-06-16T15:50:20.817+0000] {taskinstance.py:3503} INFO - 1 downstream tasks scheduled from follow-on schedule check
[2026-06-16T15:50:20.818+0000] {local_task_job_runner.py:222} INFO - ::endgroup::
[2026-06-20T08:00:23.376+0000] {local_task_job_runner.py:120} INFO - ::group::Pre task execution logs
[2026-06-20T08:00:23.389+0000] {taskinstance.py:2076} INFO - Dependencies all met for dep_context=non-requeueable deps ti=<TaskInstance: credit_default_ml_pipeline.feature_pipeline.feature_bronze_attributes scheduled__2024-06-01T00:00:00+00:00 [queued]>
[2026-06-20T08:00:23.394+0000] {taskinstance.py:2076} INFO - Dependencies all met for dep_context=requeueable deps ti=<TaskInstance: credit_default_ml_pipeline.feature_pipeline.feature_bronze_attributes scheduled__2024-06-01T00:00:00+00:00 [queued]>
[2026-06-20T08:00:23.394+0000] {taskinstance.py:2306} INFO - Starting attempt 1 of 2
[2026-06-20T08:00:23.402+0000] {taskinstance.py:2330} INFO - Executing <Task(BashOperator): feature_pipeline.feature_bronze_attributes> on 2024-06-01 00:00:00+00:00
[2026-06-20T08:00:23.406+0000] {logging_mixin.py:188} WARNING - /home/***/.local/lib/python3.12/site-packages/***/task/task_runner/standard_task_runner.py:62 DeprecationWarning: This process (pid=49754) is multi-threaded, use of fork() may lead to deadlocks in the child.
[2026-06-20T08:00:23.407+0000] {standard_task_runner.py:64} INFO - Started process 49762 to run task
[2026-06-20T08:00:23.407+0000] {standard_task_runner.py:90} INFO - Running: ['***', 'tasks', 'run', 'credit_default_ml_pipeline', 'feature_pipeline.feature_bronze_attributes', 'scheduled__2024-06-01T00:00:00+00:00', '--job-id', '2260', '--raw', '--subdir', 'DAGS_FOLDER/dag.py', '--cfg-path', '/tmp/tmpxkcru305']
[2026-06-20T08:00:23.409+0000] {standard_task_runner.py:91} INFO - Job 2260: Subtask feature_pipeline.feature_bronze_attributes
[2026-06-20T08:00:23.543+0000] {task_command.py:426} INFO - Running <TaskInstance: credit_default_ml_pipeline.feature_pipeline.feature_bronze_attributes scheduled__2024-06-01T00:00:00+00:00 [running]> on host 9cf341f51c89
[2026-06-20T08:00:23.575+0000] {taskinstance.py:2648} INFO - Exporting env vars: AIRFLOW_CTX_DAG_OWNER='***' AIRFLOW_CTX_DAG_ID='credit_default_ml_pipeline' AIRFLOW_CTX_TASK_ID='feature_pipeline.feature_bronze_attributes' AIRFLOW_CTX_EXECUTION_DATE='2024-06-01T00:00:00+00:00' AIRFLOW_CTX_TRY_NUMBER='1' AIRFLOW_CTX_DAG_RUN_ID='scheduled__2024-06-01T00:00:00+00:00'
[2026-06-20T08:00:23.576+0000] {taskinstance.py:430} INFO - ::endgroup::
[2026-06-20T08:00:23.581+0000] {subprocess.py:63} INFO - Tmp dir root location: /tmp
[2026-06-20T08:00:23.581+0000] {subprocess.py:75} INFO - Running command: ['/usr/bin/bash', '-c', 'cd /opt/***/scripts && python3 bronze_processing.py --snapshotdate "2024-06-01" --source attributes']
[2026-06-20T08:00:23.587+0000] {subprocess.py:86} INFO - Output:
[2026-06-20T08:00:25.031+0000] {subprocess.py:93} INFO - Setting default log level to "WARN".
[2026-06-20T08:00:25.034+0000] {subprocess.py:93} INFO - To adjust logging level use sc.setLogLevel(newLevel). For SparkR, use setLogLevel(newLevel).
[2026-06-20T08:00:25.149+0000] {subprocess.py:93} INFO - 26/06/20 08:00:25 WARN NativeCodeLoader: Unable to load native-hadoop library for your platform... using builtin-java classes where applicable
[2026-06-20T08:00:32.502+0000] {subprocess.py:93} INFO - [Stage 1:>                                                          (0 + 1) / 1]
[2026-06-20T08:00:32.515+0000] {subprocess.py:93} INFO - --- bronze attributes 2024-06-01 ---
[2026-06-20T08:00:32.528+0000] {subprocess.py:93} INFO - 
[2026-06-20T08:00:32.533+0000] {subprocess.py:93} INFO - [bronze:attributes] 2024-06-01 row count: 498
[2026-06-20T08:00:32.547+0000] {subprocess.py:93} INFO - [bronze:attributes] saved to: datamart/bronze/attributes/bronze_attributes_2024_06_01.csv
[2026-06-20T08:00:32.558+0000] {subprocess.py:93} INFO - 
[2026-06-20T08:00:32.567+0000] {subprocess.py:93} INFO - --- done ---
[2026-06-20T08:00:32.568+0000] {subprocess.py:93} INFO - 
[2026-06-20T08:00:33.106+0000] {subprocess.py:97} INFO - Command exited with return code 0
[2026-06-20T08:00:33.112+0000] {taskinstance.py:441} INFO - ::group::Post task execution logs
[2026-06-20T08:00:33.186+0000] {taskinstance.py:1206} INFO - Marking task as SUCCESS. dag_id=credit_default_ml_pipeline, task_id=feature_pipeline.feature_bronze_attributes, run_id=scheduled__2024-06-01T00:00:00+00:00, execution_date=20240601T000000, start_date=20260620T080023, end_date=20260620T080033
[2026-06-20T08:00:33.223+0000] {local_task_job_runner.py:243} INFO - Task exited with return code 0
[2026-06-20T08:00:33.257+0000] {taskinstance.py:3503} INFO - 1 downstream tasks scheduled from follow-on schedule check
[2026-06-20T08:00:33.259+0000] {local_task_job_runner.py:222} INFO - ::endgroup::
[2026-06-20T15:57:42.385+0000] {local_task_job_runner.py:120} INFO - ::group::Pre task execution logs
[2026-06-20T15:57:42.397+0000] {taskinstance.py:2076} INFO - Dependencies all met for dep_context=non-requeueable deps ti=<TaskInstance: credit_default_ml_pipeline.feature_pipeline.feature_bronze_attributes scheduled__2024-06-01T00:00:00+00:00 [queued]>
[2026-06-20T15:57:42.402+0000] {taskinstance.py:2076} INFO - Dependencies all met for dep_context=requeueable deps ti=<TaskInstance: credit_default_ml_pipeline.feature_pipeline.feature_bronze_attributes scheduled__2024-06-01T00:00:00+00:00 [queued]>
[2026-06-20T15:57:42.402+0000] {taskinstance.py:2306} INFO - Starting attempt 1 of 2
[2026-06-20T15:57:42.410+0000] {taskinstance.py:2330} INFO - Executing <Task(BashOperator): feature_pipeline.feature_bronze_attributes> on 2024-06-01 00:00:00+00:00
[2026-06-20T15:57:42.414+0000] {logging_mixin.py:188} WARNING - /home/***/.local/lib/python3.12/site-packages/***/task/task_runner/standard_task_runner.py:62 DeprecationWarning: This process (pid=36066) is multi-threaded, use of fork() may lead to deadlocks in the child.
[2026-06-20T15:57:42.415+0000] {standard_task_runner.py:64} INFO - Started process 36074 to run task
[2026-06-20T15:57:42.415+0000] {standard_task_runner.py:90} INFO - Running: ['***', 'tasks', 'run', 'credit_default_ml_pipeline', 'feature_pipeline.feature_bronze_attributes', 'scheduled__2024-06-01T00:00:00+00:00', '--job-id', '2732', '--raw', '--subdir', 'DAGS_FOLDER/dag.py', '--cfg-path', '/tmp/tmpw9zl85e2']
[2026-06-20T15:57:42.416+0000] {standard_task_runner.py:91} INFO - Job 2732: Subtask feature_pipeline.feature_bronze_attributes
[2026-06-20T15:57:42.540+0000] {task_command.py:426} INFO - Running <TaskInstance: credit_default_ml_pipeline.feature_pipeline.feature_bronze_attributes scheduled__2024-06-01T00:00:00+00:00 [running]> on host 9cf341f51c89
[2026-06-20T15:57:42.575+0000] {taskinstance.py:2648} INFO - Exporting env vars: AIRFLOW_CTX_DAG_OWNER='***' AIRFLOW_CTX_DAG_ID='credit_default_ml_pipeline' AIRFLOW_CTX_TASK_ID='feature_pipeline.feature_bronze_attributes' AIRFLOW_CTX_EXECUTION_DATE='2024-06-01T00:00:00+00:00' AIRFLOW_CTX_TRY_NUMBER='1' AIRFLOW_CTX_DAG_RUN_ID='scheduled__2024-06-01T00:00:00+00:00'
[2026-06-20T15:57:42.576+0000] {taskinstance.py:430} INFO - ::endgroup::
[2026-06-20T15:57:42.583+0000] {subprocess.py:63} INFO - Tmp dir root location: /tmp
[2026-06-20T15:57:42.583+0000] {subprocess.py:75} INFO - Running command: ['/usr/bin/bash', '-c', 'cd /opt/***/scripts && python3 bronze_processing.py --snapshotdate "2024-06-01" --source attributes']
[2026-06-20T15:57:42.589+0000] {subprocess.py:86} INFO - Output:
[2026-06-20T15:57:44.100+0000] {subprocess.py:93} INFO - Setting default log level to "WARN".
[2026-06-20T15:57:44.104+0000] {subprocess.py:93} INFO - To adjust logging level use sc.setLogLevel(newLevel). For SparkR, use setLogLevel(newLevel).
[2026-06-20T15:57:44.281+0000] {subprocess.py:93} INFO - 26/06/20 15:57:44 WARN NativeCodeLoader: Unable to load native-hadoop library for your platform... using builtin-java classes where applicable
[2026-06-20T15:57:44.869+0000] {subprocess.py:93} INFO - 26/06/20 15:57:44 WARN Utils: Service 'SparkUI' could not bind on port 4040. Attempting port 4041.
[2026-06-20T15:57:50.651+0000] {subprocess.py:93} INFO - [Stage 1:>                                                          (0 + 1) / 1]
[2026-06-20T15:57:50.652+0000] {subprocess.py:93} INFO - --- bronze attributes 2024-06-01 ---
[2026-06-20T15:57:50.654+0000] {subprocess.py:93} INFO - 
[2026-06-20T15:57:50.655+0000] {subprocess.py:93} INFO - [bronze:attributes] 2024-06-01 row count: 498
[2026-06-20T15:57:50.657+0000] {subprocess.py:93} INFO - [bronze:attributes] saved to: datamart/bronze/attributes/bronze_attributes_2024_06_01.csv
[2026-06-20T15:57:50.659+0000] {subprocess.py:93} INFO - 
[2026-06-20T15:57:50.662+0000] {subprocess.py:93} INFO - --- done ---
[2026-06-20T15:57:50.666+0000] {subprocess.py:93} INFO - 
[2026-06-20T15:57:51.228+0000] {subprocess.py:97} INFO - Command exited with return code 0
[2026-06-20T15:57:51.230+0000] {taskinstance.py:441} INFO - ::group::Post task execution logs
[2026-06-20T15:57:51.251+0000] {taskinstance.py:1206} INFO - Marking task as SUCCESS. dag_id=credit_default_ml_pipeline, task_id=feature_pipeline.feature_bronze_attributes, run_id=scheduled__2024-06-01T00:00:00+00:00, execution_date=20240601T000000, start_date=20260620T155742, end_date=20260620T155751
[2026-06-20T15:57:51.301+0000] {local_task_job_runner.py:243} INFO - Task exited with return code 0
[2026-06-20T15:57:51.316+0000] {taskinstance.py:3503} INFO - 1 downstream tasks scheduled from follow-on schedule check
[2026-06-20T15:57:51.317+0000] {local_task_job_runner.py:222} INFO - ::endgroup::
[2026-06-20T17:53:14.258+0000] {local_task_job_runner.py:120} INFO - ::group::Pre task execution logs
[2026-06-20T17:53:14.279+0000] {taskinstance.py:2076} INFO - Dependencies all met for dep_context=non-requeueable deps ti=<TaskInstance: credit_default_ml_pipeline.feature_pipeline.feature_bronze_attributes scheduled__2024-06-01T00:00:00+00:00 [queued]>
[2026-06-20T17:53:14.288+0000] {taskinstance.py:2076} INFO - Dependencies all met for dep_context=requeueable deps ti=<TaskInstance: credit_default_ml_pipeline.feature_pipeline.feature_bronze_attributes scheduled__2024-06-01T00:00:00+00:00 [queued]>
[2026-06-20T17:53:14.289+0000] {taskinstance.py:2306} INFO - Starting attempt 1 of 2
[2026-06-20T17:53:14.298+0000] {taskinstance.py:2330} INFO - Executing <Task(BashOperator): feature_pipeline.feature_bronze_attributes> on 2024-06-01 00:00:00+00:00
[2026-06-20T17:53:14.304+0000] {logging_mixin.py:188} WARNING - /home/***/.local/lib/python3.12/site-packages/***/task/task_runner/standard_task_runner.py:62 DeprecationWarning: This process (pid=54387) is multi-threaded, use of fork() may lead to deadlocks in the child.
[2026-06-20T17:53:14.306+0000] {standard_task_runner.py:64} INFO - Started process 54394 to run task
[2026-06-20T17:53:14.305+0000] {standard_task_runner.py:90} INFO - Running: ['***', 'tasks', 'run', 'credit_default_ml_pipeline', 'feature_pipeline.feature_bronze_attributes', 'scheduled__2024-06-01T00:00:00+00:00', '--job-id', '3305', '--raw', '--subdir', 'DAGS_FOLDER/dag.py', '--cfg-path', '/tmp/tmpq81wslge']
[2026-06-20T17:53:14.308+0000] {standard_task_runner.py:91} INFO - Job 3305: Subtask feature_pipeline.feature_bronze_attributes
[2026-06-20T17:53:14.470+0000] {task_command.py:426} INFO - Running <TaskInstance: credit_default_ml_pipeline.feature_pipeline.feature_bronze_attributes scheduled__2024-06-01T00:00:00+00:00 [running]> on host 9cf341f51c89
[2026-06-20T17:53:14.517+0000] {taskinstance.py:2648} INFO - Exporting env vars: AIRFLOW_CTX_DAG_OWNER='***' AIRFLOW_CTX_DAG_ID='credit_default_ml_pipeline' AIRFLOW_CTX_TASK_ID='feature_pipeline.feature_bronze_attributes' AIRFLOW_CTX_EXECUTION_DATE='2024-06-01T00:00:00+00:00' AIRFLOW_CTX_TRY_NUMBER='1' AIRFLOW_CTX_DAG_RUN_ID='scheduled__2024-06-01T00:00:00+00:00'
[2026-06-20T17:53:14.519+0000] {taskinstance.py:430} INFO - ::endgroup::
[2026-06-20T17:53:14.526+0000] {subprocess.py:63} INFO - Tmp dir root location: /tmp
[2026-06-20T17:53:14.527+0000] {subprocess.py:75} INFO - Running command: ['/usr/bin/bash', '-c', 'cd /opt/***/scripts && python3 bronze_processing.py --snapshotdate "2024-06-01" --source attributes']
[2026-06-20T17:53:14.533+0000] {subprocess.py:86} INFO - Output:
[2026-06-20T17:53:17.072+0000] {subprocess.py:93} INFO - Setting default log level to "WARN".
[2026-06-20T17:53:17.085+0000] {subprocess.py:93} INFO - To adjust logging level use sc.setLogLevel(newLevel). For SparkR, use setLogLevel(newLevel).
[2026-06-20T17:53:17.299+0000] {subprocess.py:93} INFO - 26/06/20 17:53:17 WARN NativeCodeLoader: Unable to load native-hadoop library for your platform... using builtin-java classes where applicable
[2026-06-20T17:53:27.720+0000] {subprocess.py:93} INFO - [Stage 1:>                                                          (0 + 1) / 1]
[2026-06-20T17:53:27.734+0000] {subprocess.py:93} INFO - --- bronze attributes 2024-06-01 ---
[2026-06-20T17:53:27.740+0000] {subprocess.py:93} INFO - 
[2026-06-20T17:53:27.745+0000] {subprocess.py:93} INFO - [bronze:attributes] 2024-06-01 row count: 498
[2026-06-20T17:53:27.748+0000] {subprocess.py:93} INFO - [bronze:attributes] saved to: datamart/bronze/attributes/bronze_attributes_2024_06_01.csv
[2026-06-20T17:53:27.751+0000] {subprocess.py:93} INFO - 
[2026-06-20T17:53:27.752+0000] {subprocess.py:93} INFO - --- done ---
[2026-06-20T17:53:27.757+0000] {subprocess.py:93} INFO - 
[2026-06-20T17:53:28.580+0000] {subprocess.py:97} INFO - Command exited with return code 0
[2026-06-20T17:53:28.583+0000] {taskinstance.py:441} INFO - ::group::Post task execution logs
[2026-06-20T17:53:28.625+0000] {taskinstance.py:1206} INFO - Marking task as SUCCESS. dag_id=credit_default_ml_pipeline, task_id=feature_pipeline.feature_bronze_attributes, run_id=scheduled__2024-06-01T00:00:00+00:00, execution_date=20240601T000000, start_date=20260620T175314, end_date=20260620T175328
[2026-06-20T17:53:28.663+0000] {local_task_job_runner.py:243} INFO - Task exited with return code 0
[2026-06-20T17:53:28.704+0000] {taskinstance.py:3503} INFO - 1 downstream tasks scheduled from follow-on schedule check
[2026-06-20T17:53:28.714+0000] {local_task_job_runner.py:222} INFO - ::endgroup::
[2026-06-21T02:48:40.062+0000] {local_task_job_runner.py:120} INFO - ::group::Pre task execution logs
[2026-06-21T02:48:40.079+0000] {taskinstance.py:2076} INFO - Dependencies all met for dep_context=non-requeueable deps ti=<TaskInstance: credit_default_ml_pipeline.feature_pipeline.feature_bronze_attributes scheduled__2024-06-01T00:00:00+00:00 [queued]>
[2026-06-21T02:48:40.082+0000] {taskinstance.py:2076} INFO - Dependencies all met for dep_context=requeueable deps ti=<TaskInstance: credit_default_ml_pipeline.feature_pipeline.feature_bronze_attributes scheduled__2024-06-01T00:00:00+00:00 [queued]>
[2026-06-21T02:48:40.084+0000] {taskinstance.py:2306} INFO - Starting attempt 1 of 2
[2026-06-21T02:48:40.090+0000] {taskinstance.py:2330} INFO - Executing <Task(BashOperator): feature_pipeline.feature_bronze_attributes> on 2024-06-01 00:00:00+00:00
[2026-06-21T02:48:40.095+0000] {logging_mixin.py:188} WARNING - /home/***/.local/lib/python3.12/site-packages/***/task/task_runner/standard_task_runner.py:62 DeprecationWarning: This process (pid=53759) is multi-threaded, use of fork() may lead to deadlocks in the child.
[2026-06-21T02:48:40.095+0000] {standard_task_runner.py:90} INFO - Running: ['***', 'tasks', 'run', 'credit_default_ml_pipeline', 'feature_pipeline.feature_bronze_attributes', 'scheduled__2024-06-01T00:00:00+00:00', '--job-id', '3770', '--raw', '--subdir', 'DAGS_FOLDER/dag.py', '--cfg-path', '/tmp/tmphljqnp9b']
[2026-06-21T02:48:40.096+0000] {standard_task_runner.py:64} INFO - Started process 53764 to run task
[2026-06-21T02:48:40.099+0000] {standard_task_runner.py:91} INFO - Job 3770: Subtask feature_pipeline.feature_bronze_attributes
[2026-06-21T02:48:40.126+0000] {task_command.py:426} INFO - Running <TaskInstance: credit_default_ml_pipeline.feature_pipeline.feature_bronze_attributes scheduled__2024-06-01T00:00:00+00:00 [running]> on host f6e9e2801916
[2026-06-21T02:48:40.275+0000] {taskinstance.py:2648} INFO - Exporting env vars: AIRFLOW_CTX_DAG_OWNER='***' AIRFLOW_CTX_DAG_ID='credit_default_ml_pipeline' AIRFLOW_CTX_TASK_ID='feature_pipeline.feature_bronze_attributes' AIRFLOW_CTX_EXECUTION_DATE='2024-06-01T00:00:00+00:00' AIRFLOW_CTX_TRY_NUMBER='1' AIRFLOW_CTX_DAG_RUN_ID='scheduled__2024-06-01T00:00:00+00:00'
[2026-06-21T02:48:40.276+0000] {taskinstance.py:430} INFO - ::endgroup::
[2026-06-21T02:48:40.281+0000] {subprocess.py:63} INFO - Tmp dir root location: /tmp
[2026-06-21T02:48:40.282+0000] {subprocess.py:75} INFO - Running command: ['/usr/bin/bash', '-c', 'cd /opt/***/scripts && python3 bronze_processing.py --snapshotdate "2024-06-01" --source attributes']
[2026-06-21T02:48:40.289+0000] {subprocess.py:86} INFO - Output:
[2026-06-21T02:48:41.806+0000] {subprocess.py:93} INFO - Setting default log level to "WARN".
[2026-06-21T02:48:41.807+0000] {subprocess.py:93} INFO - To adjust logging level use sc.setLogLevel(newLevel). For SparkR, use setLogLevel(newLevel).
[2026-06-21T02:48:41.990+0000] {subprocess.py:93} INFO - 26/06/21 02:48:41 WARN NativeCodeLoader: Unable to load native-hadoop library for your platform... using builtin-java classes where applicable
[2026-06-21T02:48:42.608+0000] {subprocess.py:93} INFO - 26/06/21 02:48:42 WARN Utils: Service 'SparkUI' could not bind on port 4040. Attempting port 4041.
[2026-06-21T02:48:42.610+0000] {subprocess.py:93} INFO - 26/06/21 02:48:42 WARN Utils: Service 'SparkUI' could not bind on port 4041. Attempting port 4042.
[2026-06-21T02:48:42.612+0000] {subprocess.py:93} INFO - 26/06/21 02:48:42 WARN Utils: Service 'SparkUI' could not bind on port 4042. Attempting port 4043.
[2026-06-21T02:48:48.932+0000] {subprocess.py:93} INFO - 
[2026-06-21T02:48:48.950+0000] {subprocess.py:93} INFO - --- bronze attributes 2024-06-01 ---
[2026-06-21T02:48:48.957+0000] {subprocess.py:93} INFO - 
[2026-06-21T02:48:48.962+0000] {subprocess.py:93} INFO - [bronze:attributes] 2024-06-01 row count: 498
[2026-06-21T02:48:48.967+0000] {subprocess.py:93} INFO - [bronze:attributes] saved to: datamart/bronze/attributes/bronze_attributes_2024_06_01.csv
[2026-06-21T02:48:48.974+0000] {subprocess.py:93} INFO - 
[2026-06-21T02:48:48.978+0000] {subprocess.py:93} INFO - --- done ---
[2026-06-21T02:48:48.982+0000] {subprocess.py:93} INFO - 
[2026-06-21T02:48:49.500+0000] {subprocess.py:97} INFO - Command exited with return code 0
[2026-06-21T02:48:49.503+0000] {taskinstance.py:441} INFO - ::group::Post task execution logs
[2026-06-21T02:48:49.532+0000] {taskinstance.py:1206} INFO - Marking task as SUCCESS. dag_id=credit_default_ml_pipeline, task_id=feature_pipeline.feature_bronze_attributes, run_id=scheduled__2024-06-01T00:00:00+00:00, execution_date=20240601T000000, start_date=20260621T024840, end_date=20260621T024849
[2026-06-21T02:48:49.594+0000] {local_task_job_runner.py:243} INFO - Task exited with return code 0
[2026-06-21T02:48:49.851+0000] {taskinstance.py:3503} INFO - 1 downstream tasks scheduled from follow-on schedule check
[2026-06-21T02:48:49.853+0000] {local_task_job_runner.py:222} INFO - ::endgroup::
[2026-06-21T06:14:26.887+0000] {local_task_job_runner.py:120} INFO - ::group::Pre task execution logs
[2026-06-21T06:14:26.903+0000] {taskinstance.py:2076} INFO - Dependencies all met for dep_context=non-requeueable deps ti=<TaskInstance: credit_default_ml_pipeline.feature_pipeline.feature_bronze_attributes scheduled__2024-06-01T00:00:00+00:00 [queued]>
[2026-06-21T06:14:26.910+0000] {taskinstance.py:2076} INFO - Dependencies all met for dep_context=requeueable deps ti=<TaskInstance: credit_default_ml_pipeline.feature_pipeline.feature_bronze_attributes scheduled__2024-06-01T00:00:00+00:00 [queued]>
[2026-06-21T06:14:26.911+0000] {taskinstance.py:2306} INFO - Starting attempt 1 of 2
[2026-06-21T06:14:26.919+0000] {taskinstance.py:2330} INFO - Executing <Task(BashOperator): feature_pipeline.feature_bronze_attributes> on 2024-06-01 00:00:00+00:00
[2026-06-21T06:14:26.925+0000] {logging_mixin.py:188} WARNING - /home/***/.local/lib/python3.12/site-packages/***/task/task_runner/standard_task_runner.py:62 DeprecationWarning: This process (pid=55153) is multi-threaded, use of fork() may lead to deadlocks in the child.
[2026-06-21T06:14:26.926+0000] {standard_task_runner.py:64} INFO - Started process 55161 to run task
[2026-06-21T06:14:26.926+0000] {standard_task_runner.py:90} INFO - Running: ['***', 'tasks', 'run', 'credit_default_ml_pipeline', 'feature_pipeline.feature_bronze_attributes', 'scheduled__2024-06-01T00:00:00+00:00', '--job-id', '4232', '--raw', '--subdir', 'DAGS_FOLDER/dag.py', '--cfg-path', '/tmp/tmp7qyng5f_']
[2026-06-21T06:14:26.928+0000] {standard_task_runner.py:91} INFO - Job 4232: Subtask feature_pipeline.feature_bronze_attributes
[2026-06-21T06:14:27.076+0000] {task_command.py:426} INFO - Running <TaskInstance: credit_default_ml_pipeline.feature_pipeline.feature_bronze_attributes scheduled__2024-06-01T00:00:00+00:00 [running]> on host 9377a3f0491f
[2026-06-21T06:14:27.113+0000] {taskinstance.py:2648} INFO - Exporting env vars: AIRFLOW_CTX_DAG_OWNER='***' AIRFLOW_CTX_DAG_ID='credit_default_ml_pipeline' AIRFLOW_CTX_TASK_ID='feature_pipeline.feature_bronze_attributes' AIRFLOW_CTX_EXECUTION_DATE='2024-06-01T00:00:00+00:00' AIRFLOW_CTX_TRY_NUMBER='1' AIRFLOW_CTX_DAG_RUN_ID='scheduled__2024-06-01T00:00:00+00:00'
[2026-06-21T06:14:27.114+0000] {taskinstance.py:430} INFO - ::endgroup::
[2026-06-21T06:14:27.119+0000] {subprocess.py:63} INFO - Tmp dir root location: /tmp
[2026-06-21T06:14:27.121+0000] {subprocess.py:75} INFO - Running command: ['/usr/bin/bash', '-c', 'cd /opt/***/scripts && python3 bronze_processing.py --snapshotdate "2024-06-01" --source attributes']
[2026-06-21T06:14:27.127+0000] {subprocess.py:86} INFO - Output:
[2026-06-21T06:14:30.068+0000] {subprocess.py:93} INFO - Setting default log level to "WARN".
[2026-06-21T06:14:30.078+0000] {subprocess.py:93} INFO - To adjust logging level use sc.setLogLevel(newLevel). For SparkR, use setLogLevel(newLevel).
[2026-06-21T06:14:30.323+0000] {subprocess.py:93} INFO - 26/06/21 06:14:30 WARN NativeCodeLoader: Unable to load native-hadoop library for your platform... using builtin-java classes where applicable
[2026-06-21T06:14:42.962+0000] {subprocess.py:93} INFO - [Stage 1:>                                                          (0 + 1) / 1]
[2026-06-21T06:14:42.981+0000] {subprocess.py:93} INFO - --- bronze attributes 2024-06-01 ---
[2026-06-21T06:14:42.986+0000] {subprocess.py:93} INFO - 
[2026-06-21T06:14:42.988+0000] {subprocess.py:93} INFO - [bronze:attributes] 2024-06-01 row count: 498
[2026-06-21T06:14:42.998+0000] {subprocess.py:93} INFO - [bronze:attributes] saved to: datamart/bronze/attributes/bronze_attributes_2024_06_01.csv
[2026-06-21T06:14:43.012+0000] {subprocess.py:93} INFO - 
[2026-06-21T06:14:43.013+0000] {subprocess.py:93} INFO - --- done ---
[2026-06-21T06:14:43.015+0000] {subprocess.py:93} INFO - 
[2026-06-21T06:14:43.860+0000] {subprocess.py:97} INFO - Command exited with return code 0
[2026-06-21T06:14:43.867+0000] {taskinstance.py:441} INFO - ::group::Post task execution logs
[2026-06-21T06:14:43.923+0000] {taskinstance.py:1206} INFO - Marking task as SUCCESS. dag_id=credit_default_ml_pipeline, task_id=feature_pipeline.feature_bronze_attributes, run_id=scheduled__2024-06-01T00:00:00+00:00, execution_date=20240601T000000, start_date=20260621T061426, end_date=20260621T061443
[2026-06-21T06:14:43.960+0000] {local_task_job_runner.py:243} INFO - Task exited with return code 0
[2026-06-21T06:14:44.003+0000] {taskinstance.py:3503} INFO - 1 downstream tasks scheduled from follow-on schedule check
[2026-06-21T06:14:44.007+0000] {local_task_job_runner.py:222} INFO - ::endgroup::
