[2026-06-20T06:36:34.707+0000] {local_task_job_runner.py:120} INFO - ::group::Pre task execution logs
[2026-06-20T06:36:34.721+0000] {taskinstance.py:2076} INFO - Dependencies all met for dep_context=non-requeueable deps ti=<TaskInstance: credit_default_ml_pipeline.training.training_gate scheduled__2024-04-01T00:00:00+00:00 [queued]>
[2026-06-20T06:36:34.725+0000] {taskinstance.py:2076} INFO - Dependencies all met for dep_context=requeueable deps ti=<TaskInstance: credit_default_ml_pipeline.training.training_gate scheduled__2024-04-01T00:00:00+00:00 [queued]>
[2026-06-20T06:36:34.726+0000] {taskinstance.py:2306} INFO - Starting attempt 1 of 2
[2026-06-20T06:36:34.733+0000] {taskinstance.py:2330} INFO - Executing <Task(BranchPythonOperator): training.training_gate> on 2024-04-01 00:00:00+00:00
[2026-06-20T06:36:34.736+0000] {logging_mixin.py:188} WARNING - /home/***/.local/lib/python3.12/site-packages/***/task/task_runner/standard_task_runner.py:62 DeprecationWarning: This process (pid=60741) is multi-threaded, use of fork() may lead to deadlocks in the child.
[2026-06-20T06:36:34.737+0000] {standard_task_runner.py:64} INFO - Started process 60743 to run task
[2026-06-20T06:36:34.736+0000] {standard_task_runner.py:90} INFO - Running: ['***', 'tasks', 'run', 'credit_default_ml_pipeline', 'training.training_gate', 'scheduled__2024-04-01T00:00:00+00:00', '--job-id', '1736', '--raw', '--subdir', 'DAGS_FOLDER/dag.py', '--cfg-path', '/tmp/tmp1_lji7da']
[2026-06-20T06:36:34.738+0000] {standard_task_runner.py:91} INFO - Job 1736: Subtask training.training_gate
[2026-06-20T06:36:34.846+0000] {task_command.py:426} INFO - Running <TaskInstance: credit_default_ml_pipeline.training.training_gate scheduled__2024-04-01T00:00:00+00:00 [running]> on host 9cf341f51c89
[2026-06-20T06:36:34.878+0000] {taskinstance.py:2648} INFO - Exporting env vars: AIRFLOW_CTX_DAG_OWNER='***' AIRFLOW_CTX_DAG_ID='credit_default_ml_pipeline' AIRFLOW_CTX_TASK_ID='training.training_gate' AIRFLOW_CTX_EXECUTION_DATE='2024-04-01T00:00:00+00:00' AIRFLOW_CTX_TRY_NUMBER='1' AIRFLOW_CTX_DAG_RUN_ID='scheduled__2024-04-01T00:00:00+00:00'
[2026-06-20T06:36:34.879+0000] {taskinstance.py:430} INFO - ::endgroup::
[2026-06-20T06:36:34.884+0000] {baseoperator.py:400} WARNING - BranchPythonOperator.execute cannot be called outside TaskInstance!
[2026-06-20T06:36:34.886+0000] {logging_mixin.py:188} INFO - [retrain-trigger] no monitoring history yet for credit_xgb_2024_09_01 (first eligible month); skipping training.
[2026-06-20T06:36:34.886+0000] {python.py:237} INFO - Done. Returned value was: training.skip_training
[2026-06-20T06:36:34.886+0000] {branch.py:36} INFO - Branch into training.skip_training
[2026-06-20T06:36:34.887+0000] {skipmixin.py:178} INFO - Following branch training.skip_training
[2026-06-20T06:36:34.893+0000] {skipmixin.py:246} INFO - Skipping tasks [('training.start_training', -1)]
[2026-06-20T06:36:34.902+0000] {taskinstance.py:441} INFO - ::group::Post task execution logs
[2026-06-20T06:36:34.909+0000] {taskinstance.py:1206} INFO - Marking task as SUCCESS. dag_id=credit_default_ml_pipeline, task_id=training.training_gate, run_id=scheduled__2024-04-01T00:00:00+00:00, execution_date=20240401T000000, start_date=20260620T063634, end_date=20260620T063634
[2026-06-20T06:36:34.918+0000] {local_task_job_runner.py:243} INFO - Task exited with return code 0
[2026-06-20T06:36:35.010+0000] {taskinstance.py:3503} INFO - 0 downstream tasks scheduled from follow-on schedule check
[2026-06-20T06:36:35.012+0000] {local_task_job_runner.py:222} INFO - ::endgroup::
[2026-06-20T07:57:13.546+0000] {local_task_job_runner.py:120} INFO - ::group::Pre task execution logs
[2026-06-20T07:57:13.563+0000] {taskinstance.py:2076} INFO - Dependencies all met for dep_context=non-requeueable deps ti=<TaskInstance: credit_default_ml_pipeline.training.training_gate scheduled__2024-04-01T00:00:00+00:00 [queued]>
[2026-06-20T07:57:13.568+0000] {taskinstance.py:2076} INFO - Dependencies all met for dep_context=requeueable deps ti=<TaskInstance: credit_default_ml_pipeline.training.training_gate scheduled__2024-04-01T00:00:00+00:00 [queued]>
[2026-06-20T07:57:13.570+0000] {taskinstance.py:2306} INFO - Starting attempt 1 of 2
[2026-06-20T07:57:13.578+0000] {taskinstance.py:2330} INFO - Executing <Task(BranchPythonOperator): training.training_gate> on 2024-04-01 00:00:00+00:00
[2026-06-20T07:57:13.582+0000] {logging_mixin.py:188} WARNING - /home/***/.local/lib/python3.12/site-packages/***/task/task_runner/standard_task_runner.py:62 DeprecationWarning: This process (pid=46412) is multi-threaded, use of fork() may lead to deadlocks in the child.
[2026-06-20T07:57:13.583+0000] {standard_task_runner.py:64} INFO - Started process 46414 to run task
[2026-06-20T07:57:13.582+0000] {standard_task_runner.py:90} INFO - Running: ['***', 'tasks', 'run', 'credit_default_ml_pipeline', 'training.training_gate', 'scheduled__2024-04-01T00:00:00+00:00', '--job-id', '2231', '--raw', '--subdir', 'DAGS_FOLDER/dag.py', '--cfg-path', '/tmp/tmp5pq4g2x1']
[2026-06-20T07:57:13.584+0000] {standard_task_runner.py:91} INFO - Job 2231: Subtask training.training_gate
[2026-06-20T07:57:13.707+0000] {task_command.py:426} INFO - Running <TaskInstance: credit_default_ml_pipeline.training.training_gate scheduled__2024-04-01T00:00:00+00:00 [running]> on host 9cf341f51c89
[2026-06-20T07:57:13.742+0000] {taskinstance.py:2648} INFO - Exporting env vars: AIRFLOW_CTX_DAG_OWNER='***' AIRFLOW_CTX_DAG_ID='credit_default_ml_pipeline' AIRFLOW_CTX_TASK_ID='training.training_gate' AIRFLOW_CTX_EXECUTION_DATE='2024-04-01T00:00:00+00:00' AIRFLOW_CTX_TRY_NUMBER='1' AIRFLOW_CTX_DAG_RUN_ID='scheduled__2024-04-01T00:00:00+00:00'
[2026-06-20T07:57:13.743+0000] {taskinstance.py:430} INFO - ::endgroup::
[2026-06-20T07:57:13.748+0000] {baseoperator.py:400} WARNING - BranchPythonOperator.execute cannot be called outside TaskInstance!
[2026-06-20T07:57:13.750+0000] {logging_mixin.py:188} INFO - [retrain-trigger] no monitoring history yet for credit_xgb_2024_09_01 (first eligible month); skipping training.
[2026-06-20T07:57:13.750+0000] {python.py:237} INFO - Done. Returned value was: training.skip_training
[2026-06-20T07:57:13.751+0000] {branch.py:36} INFO - Branch into training.skip_training
[2026-06-20T07:57:13.751+0000] {skipmixin.py:178} INFO - Following branch training.skip_training
[2026-06-20T07:57:13.759+0000] {skipmixin.py:246} INFO - Skipping tasks [('training.start_training', -1)]
[2026-06-20T07:57:13.770+0000] {taskinstance.py:441} INFO - ::group::Post task execution logs
[2026-06-20T07:57:13.779+0000] {taskinstance.py:1206} INFO - Marking task as SUCCESS. dag_id=credit_default_ml_pipeline, task_id=training.training_gate, run_id=scheduled__2024-04-01T00:00:00+00:00, execution_date=20240401T000000, start_date=20260620T075713, end_date=20260620T075713
[2026-06-20T07:57:13.808+0000] {local_task_job_runner.py:243} INFO - Task exited with return code 0
[2026-06-20T07:57:13.921+0000] {taskinstance.py:3503} INFO - 0 downstream tasks scheduled from follow-on schedule check
[2026-06-20T07:57:13.925+0000] {local_task_job_runner.py:222} INFO - ::endgroup::
[2026-06-20T15:54:40.732+0000] {local_task_job_runner.py:120} INFO - ::group::Pre task execution logs
[2026-06-20T15:54:40.744+0000] {taskinstance.py:2076} INFO - Dependencies all met for dep_context=non-requeueable deps ti=<TaskInstance: credit_default_ml_pipeline.training.training_gate scheduled__2024-04-01T00:00:00+00:00 [queued]>
[2026-06-20T15:54:40.748+0000] {taskinstance.py:2076} INFO - Dependencies all met for dep_context=requeueable deps ti=<TaskInstance: credit_default_ml_pipeline.training.training_gate scheduled__2024-04-01T00:00:00+00:00 [queued]>
[2026-06-20T15:54:40.748+0000] {taskinstance.py:2306} INFO - Starting attempt 1 of 2
[2026-06-20T15:54:40.753+0000] {taskinstance.py:2330} INFO - Executing <Task(BranchPythonOperator): training.training_gate> on 2024-04-01 00:00:00+00:00
[2026-06-20T15:54:40.756+0000] {logging_mixin.py:188} WARNING - /home/***/.local/lib/python3.12/site-packages/***/task/task_runner/standard_task_runner.py:62 DeprecationWarning: This process (pid=32676) is multi-threaded, use of fork() may lead to deadlocks in the child.
[2026-06-20T15:54:40.756+0000] {standard_task_runner.py:90} INFO - Running: ['***', 'tasks', 'run', 'credit_default_ml_pipeline', 'training.training_gate', 'scheduled__2024-04-01T00:00:00+00:00', '--job-id', '2702', '--raw', '--subdir', 'DAGS_FOLDER/dag.py', '--cfg-path', '/tmp/tmpv1bo07si']
[2026-06-20T15:54:40.757+0000] {standard_task_runner.py:64} INFO - Started process 32678 to run task
[2026-06-20T15:54:40.757+0000] {standard_task_runner.py:91} INFO - Job 2702: Subtask training.training_gate
[2026-06-20T15:54:40.847+0000] {task_command.py:426} INFO - Running <TaskInstance: credit_default_ml_pipeline.training.training_gate scheduled__2024-04-01T00:00:00+00:00 [running]> on host 9cf341f51c89
[2026-06-20T15:54:40.870+0000] {taskinstance.py:2648} INFO - Exporting env vars: AIRFLOW_CTX_DAG_OWNER='***' AIRFLOW_CTX_DAG_ID='credit_default_ml_pipeline' AIRFLOW_CTX_TASK_ID='training.training_gate' AIRFLOW_CTX_EXECUTION_DATE='2024-04-01T00:00:00+00:00' AIRFLOW_CTX_TRY_NUMBER='1' AIRFLOW_CTX_DAG_RUN_ID='scheduled__2024-04-01T00:00:00+00:00'
[2026-06-20T15:54:40.871+0000] {taskinstance.py:430} INFO - ::endgroup::
[2026-06-20T15:54:40.875+0000] {baseoperator.py:400} WARNING - BranchPythonOperator.execute cannot be called outside TaskInstance!
[2026-06-20T15:54:40.875+0000] {logging_mixin.py:188} INFO - [training] 2024-04-01 — retraining is manual; skipping automated training.
[2026-06-20T15:54:40.875+0000] {python.py:237} INFO - Done. Returned value was: training.skip_training
[2026-06-20T15:54:40.875+0000] {branch.py:36} INFO - Branch into training.skip_training
[2026-06-20T15:54:40.875+0000] {skipmixin.py:178} INFO - Following branch training.skip_training
[2026-06-20T15:54:40.880+0000] {skipmixin.py:246} INFO - Skipping tasks [('training.start_training', -1)]
[2026-06-20T15:54:40.886+0000] {taskinstance.py:441} INFO - ::group::Post task execution logs
[2026-06-20T15:54:40.891+0000] {taskinstance.py:1206} INFO - Marking task as SUCCESS. dag_id=credit_default_ml_pipeline, task_id=training.training_gate, run_id=scheduled__2024-04-01T00:00:00+00:00, execution_date=20240401T000000, start_date=20260620T155440, end_date=20260620T155440
[2026-06-20T15:54:40.896+0000] {local_task_job_runner.py:243} INFO - Task exited with return code 0
[2026-06-20T15:54:40.976+0000] {taskinstance.py:3503} INFO - 0 downstream tasks scheduled from follow-on schedule check
[2026-06-20T15:54:40.979+0000] {local_task_job_runner.py:222} INFO - ::endgroup::
[2026-06-20T17:49:50.521+0000] {local_task_job_runner.py:120} INFO - ::group::Pre task execution logs
[2026-06-20T17:49:50.538+0000] {taskinstance.py:2076} INFO - Dependencies all met for dep_context=non-requeueable deps ti=<TaskInstance: credit_default_ml_pipeline.training.training_gate scheduled__2024-04-01T00:00:00+00:00 [queued]>
[2026-06-20T17:49:50.543+0000] {taskinstance.py:2076} INFO - Dependencies all met for dep_context=requeueable deps ti=<TaskInstance: credit_default_ml_pipeline.training.training_gate scheduled__2024-04-01T00:00:00+00:00 [queued]>
[2026-06-20T17:49:50.544+0000] {taskinstance.py:2306} INFO - Starting attempt 1 of 2
[2026-06-20T17:49:50.550+0000] {taskinstance.py:2330} INFO - Executing <Task(BranchPythonOperator): training.training_gate> on 2024-04-01 00:00:00+00:00
[2026-06-20T17:49:50.554+0000] {logging_mixin.py:188} WARNING - /home/***/.local/lib/python3.12/site-packages/***/task/task_runner/standard_task_runner.py:62 DeprecationWarning: This process (pid=51123) is multi-threaded, use of fork() may lead to deadlocks in the child.
[2026-06-20T17:49:50.555+0000] {standard_task_runner.py:64} INFO - Started process 51125 to run task
[2026-06-20T17:49:50.555+0000] {standard_task_runner.py:90} INFO - Running: ['***', 'tasks', 'run', 'credit_default_ml_pipeline', 'training.training_gate', 'scheduled__2024-04-01T00:00:00+00:00', '--job-id', '3279', '--raw', '--subdir', 'DAGS_FOLDER/dag.py', '--cfg-path', '/tmp/tmpnmsp08b4']
[2026-06-20T17:49:50.556+0000] {standard_task_runner.py:91} INFO - Job 3279: Subtask training.training_gate
[2026-06-20T17:49:50.684+0000] {task_command.py:426} INFO - Running <TaskInstance: credit_default_ml_pipeline.training.training_gate scheduled__2024-04-01T00:00:00+00:00 [running]> on host 9cf341f51c89
[2026-06-20T17:49:50.715+0000] {taskinstance.py:2648} INFO - Exporting env vars: AIRFLOW_CTX_DAG_OWNER='***' AIRFLOW_CTX_DAG_ID='credit_default_ml_pipeline' AIRFLOW_CTX_TASK_ID='training.training_gate' AIRFLOW_CTX_EXECUTION_DATE='2024-04-01T00:00:00+00:00' AIRFLOW_CTX_TRY_NUMBER='1' AIRFLOW_CTX_DAG_RUN_ID='scheduled__2024-04-01T00:00:00+00:00'
[2026-06-20T17:49:50.717+0000] {taskinstance.py:430} INFO - ::endgroup::
[2026-06-20T17:49:50.722+0000] {baseoperator.py:400} WARNING - BranchPythonOperator.execute cannot be called outside TaskInstance!
[2026-06-20T17:49:50.723+0000] {logging_mixin.py:188} INFO - [training] 2024-04-01 — retraining is manual; skipping automated training.
[2026-06-20T17:49:50.723+0000] {python.py:237} INFO - Done. Returned value was: training.skip_training
[2026-06-20T17:49:50.723+0000] {branch.py:36} INFO - Branch into training.skip_training
[2026-06-20T17:49:50.724+0000] {skipmixin.py:178} INFO - Following branch training.skip_training
[2026-06-20T17:49:50.731+0000] {skipmixin.py:246} INFO - Skipping tasks [('training.start_training', -1)]
[2026-06-20T17:49:50.739+0000] {taskinstance.py:441} INFO - ::group::Post task execution logs
[2026-06-20T17:49:50.747+0000] {taskinstance.py:1206} INFO - Marking task as SUCCESS. dag_id=credit_default_ml_pipeline, task_id=training.training_gate, run_id=scheduled__2024-04-01T00:00:00+00:00, execution_date=20240401T000000, start_date=20260620T174950, end_date=20260620T174950
[2026-06-20T17:49:50.781+0000] {local_task_job_runner.py:243} INFO - Task exited with return code 0
[2026-06-20T17:49:50.877+0000] {taskinstance.py:3503} INFO - 0 downstream tasks scheduled from follow-on schedule check
[2026-06-20T17:49:50.879+0000] {local_task_job_runner.py:222} INFO - ::endgroup::
[2026-06-21T02:45:32.567+0000] {local_task_job_runner.py:120} INFO - ::group::Pre task execution logs
[2026-06-21T02:45:32.579+0000] {taskinstance.py:2076} INFO - Dependencies all met for dep_context=non-requeueable deps ti=<TaskInstance: credit_default_ml_pipeline.training.training_gate scheduled__2024-04-01T00:00:00+00:00 [queued]>
[2026-06-21T02:45:32.582+0000] {taskinstance.py:2076} INFO - Dependencies all met for dep_context=requeueable deps ti=<TaskInstance: credit_default_ml_pipeline.training.training_gate scheduled__2024-04-01T00:00:00+00:00 [queued]>
[2026-06-21T02:45:32.583+0000] {taskinstance.py:2306} INFO - Starting attempt 1 of 2
[2026-06-21T02:45:32.588+0000] {taskinstance.py:2330} INFO - Executing <Task(BranchPythonOperator): training.training_gate> on 2024-04-01 00:00:00+00:00
[2026-06-21T02:45:32.591+0000] {logging_mixin.py:188} WARNING - /home/***/.local/lib/python3.12/site-packages/***/task/task_runner/standard_task_runner.py:62 DeprecationWarning: This process (pid=50525) is multi-threaded, use of fork() may lead to deadlocks in the child.
[2026-06-21T02:45:32.592+0000] {standard_task_runner.py:90} INFO - Running: ['***', 'tasks', 'run', 'credit_default_ml_pipeline', 'training.training_gate', 'scheduled__2024-04-01T00:00:00+00:00', '--job-id', '3744', '--raw', '--subdir', 'DAGS_FOLDER/dag.py', '--cfg-path', '/tmp/tmpcgkgp58e']
[2026-06-21T02:45:32.593+0000] {standard_task_runner.py:64} INFO - Started process 50527 to run task
[2026-06-21T02:45:32.594+0000] {standard_task_runner.py:91} INFO - Job 3744: Subtask training.training_gate
[2026-06-21T02:45:32.612+0000] {task_command.py:426} INFO - Running <TaskInstance: credit_default_ml_pipeline.training.training_gate scheduled__2024-04-01T00:00:00+00:00 [running]> on host f6e9e2801916
[2026-06-21T02:45:32.718+0000] {taskinstance.py:2648} INFO - Exporting env vars: AIRFLOW_CTX_DAG_OWNER='***' AIRFLOW_CTX_DAG_ID='credit_default_ml_pipeline' AIRFLOW_CTX_TASK_ID='training.training_gate' AIRFLOW_CTX_EXECUTION_DATE='2024-04-01T00:00:00+00:00' AIRFLOW_CTX_TRY_NUMBER='1' AIRFLOW_CTX_DAG_RUN_ID='scheduled__2024-04-01T00:00:00+00:00'
[2026-06-21T02:45:32.720+0000] {taskinstance.py:430} INFO - ::endgroup::
[2026-06-21T02:45:32.724+0000] {baseoperator.py:400} WARNING - BranchPythonOperator.execute cannot be called outside TaskInstance!
[2026-06-21T02:45:32.726+0000] {logging_mixin.py:188} INFO - [training] 2024-04-01 — retraining is manual; skipping automated training.
[2026-06-21T02:45:32.726+0000] {python.py:237} INFO - Done. Returned value was: training.skip_training
[2026-06-21T02:45:32.727+0000] {branch.py:36} INFO - Branch into training.skip_training
[2026-06-21T02:45:32.727+0000] {skipmixin.py:178} INFO - Following branch training.skip_training
[2026-06-21T02:45:32.732+0000] {skipmixin.py:246} INFO - Skipping tasks [('training.start_training', -1)]
[2026-06-21T02:45:32.739+0000] {taskinstance.py:441} INFO - ::group::Post task execution logs
[2026-06-21T02:45:32.745+0000] {taskinstance.py:1206} INFO - Marking task as SUCCESS. dag_id=credit_default_ml_pipeline, task_id=training.training_gate, run_id=scheduled__2024-04-01T00:00:00+00:00, execution_date=20240401T000000, start_date=20260621T024532, end_date=20260621T024532
[2026-06-21T02:45:32.773+0000] {local_task_job_runner.py:243} INFO - Task exited with return code 0
[2026-06-21T02:45:32.787+0000] {taskinstance.py:3503} INFO - 0 downstream tasks scheduled from follow-on schedule check
[2026-06-21T02:45:32.789+0000] {local_task_job_runner.py:222} INFO - ::endgroup::
[2026-06-21T06:11:12.485+0000] {local_task_job_runner.py:120} INFO - ::group::Pre task execution logs
[2026-06-21T06:11:12.502+0000] {taskinstance.py:2076} INFO - Dependencies all met for dep_context=non-requeueable deps ti=<TaskInstance: credit_default_ml_pipeline.training.training_gate scheduled__2024-04-01T00:00:00+00:00 [queued]>
[2026-06-21T06:11:12.508+0000] {taskinstance.py:2076} INFO - Dependencies all met for dep_context=requeueable deps ti=<TaskInstance: credit_default_ml_pipeline.training.training_gate scheduled__2024-04-01T00:00:00+00:00 [queued]>
[2026-06-21T06:11:12.509+0000] {taskinstance.py:2306} INFO - Starting attempt 1 of 2
[2026-06-21T06:11:12.517+0000] {taskinstance.py:2330} INFO - Executing <Task(BranchPythonOperator): training.training_gate> on 2024-04-01 00:00:00+00:00
[2026-06-21T06:11:12.521+0000] {logging_mixin.py:188} WARNING - /home/***/.local/lib/python3.12/site-packages/***/task/task_runner/standard_task_runner.py:62 DeprecationWarning: This process (pid=51842) is multi-threaded, use of fork() may lead to deadlocks in the child.
[2026-06-21T06:11:12.522+0000] {standard_task_runner.py:64} INFO - Started process 51846 to run task
[2026-06-21T06:11:12.521+0000] {standard_task_runner.py:90} INFO - Running: ['***', 'tasks', 'run', 'credit_default_ml_pipeline', 'training.training_gate', 'scheduled__2024-04-01T00:00:00+00:00', '--job-id', '4206', '--raw', '--subdir', 'DAGS_FOLDER/dag.py', '--cfg-path', '/tmp/tmpiogg174z']
[2026-06-21T06:11:12.523+0000] {standard_task_runner.py:91} INFO - Job 4206: Subtask training.training_gate
[2026-06-21T06:11:12.644+0000] {task_command.py:426} INFO - Running <TaskInstance: credit_default_ml_pipeline.training.training_gate scheduled__2024-04-01T00:00:00+00:00 [running]> on host 9377a3f0491f
[2026-06-21T06:11:12.679+0000] {taskinstance.py:2648} INFO - Exporting env vars: AIRFLOW_CTX_DAG_OWNER='***' AIRFLOW_CTX_DAG_ID='credit_default_ml_pipeline' AIRFLOW_CTX_TASK_ID='training.training_gate' AIRFLOW_CTX_EXECUTION_DATE='2024-04-01T00:00:00+00:00' AIRFLOW_CTX_TRY_NUMBER='1' AIRFLOW_CTX_DAG_RUN_ID='scheduled__2024-04-01T00:00:00+00:00'
[2026-06-21T06:11:12.680+0000] {taskinstance.py:430} INFO - ::endgroup::
[2026-06-21T06:11:12.687+0000] {baseoperator.py:400} WARNING - BranchPythonOperator.execute cannot be called outside TaskInstance!
[2026-06-21T06:11:12.688+0000] {logging_mixin.py:188} INFO - [training] 2024-04-01 — retraining is manual; skipping automated training.
[2026-06-21T06:11:12.689+0000] {python.py:237} INFO - Done. Returned value was: training.skip_training
[2026-06-21T06:11:12.690+0000] {branch.py:36} INFO - Branch into training.skip_training
[2026-06-21T06:11:12.690+0000] {skipmixin.py:178} INFO - Following branch training.skip_training
[2026-06-21T06:11:12.698+0000] {skipmixin.py:246} INFO - Skipping tasks [('training.start_training', -1)]
[2026-06-21T06:11:12.710+0000] {taskinstance.py:441} INFO - ::group::Post task execution logs
[2026-06-21T06:11:12.719+0000] {taskinstance.py:1206} INFO - Marking task as SUCCESS. dag_id=credit_default_ml_pipeline, task_id=training.training_gate, run_id=scheduled__2024-04-01T00:00:00+00:00, execution_date=20240401T000000, start_date=20260621T061112, end_date=20260621T061112
[2026-06-21T06:11:12.745+0000] {local_task_job_runner.py:243} INFO - Task exited with return code 0
[2026-06-21T06:11:12.857+0000] {taskinstance.py:3503} INFO - 0 downstream tasks scheduled from follow-on schedule check
[2026-06-21T06:11:12.860+0000] {local_task_job_runner.py:222} INFO - ::endgroup::
[2026-06-25T18:05:09.055+0000] {local_task_job_runner.py:120} INFO - ::group::Pre task execution logs
[2026-06-25T18:05:09.068+0000] {taskinstance.py:2076} INFO - Dependencies all met for dep_context=non-requeueable deps ti=<TaskInstance: credit_default_ml_pipeline.training.training_gate scheduled__2024-04-01T00:00:00+00:00 [queued]>
[2026-06-25T18:05:09.072+0000] {taskinstance.py:2076} INFO - Dependencies all met for dep_context=requeueable deps ti=<TaskInstance: credit_default_ml_pipeline.training.training_gate scheduled__2024-04-01T00:00:00+00:00 [queued]>
[2026-06-25T18:05:09.072+0000] {taskinstance.py:2306} INFO - Starting attempt 1 of 2
[2026-06-25T18:05:09.077+0000] {taskinstance.py:2330} INFO - Executing <Task(BranchPythonOperator): training.training_gate> on 2024-04-01 00:00:00+00:00
[2026-06-25T18:05:09.080+0000] {logging_mixin.py:188} WARNING - /home/***/.local/lib/python3.12/site-packages/***/task/task_runner/standard_task_runner.py:62 DeprecationWarning: This process (pid=51214) is multi-threaded, use of fork() may lead to deadlocks in the child.
[2026-06-25T18:05:09.080+0000] {standard_task_runner.py:64} INFO - Started process 51216 to run task
[2026-06-25T18:05:09.080+0000] {standard_task_runner.py:90} INFO - Running: ['***', 'tasks', 'run', 'credit_default_ml_pipeline', 'training.training_gate', 'scheduled__2024-04-01T00:00:00+00:00', '--job-id', '4667', '--raw', '--subdir', 'DAGS_FOLDER/dag.py', '--cfg-path', '/tmp/tmphd686sk0']
[2026-06-25T18:05:09.081+0000] {standard_task_runner.py:91} INFO - Job 4667: Subtask training.training_gate
[2026-06-25T18:05:09.101+0000] {task_command.py:426} INFO - Running <TaskInstance: credit_default_ml_pipeline.training.training_gate scheduled__2024-04-01T00:00:00+00:00 [running]> on host b54b2be331ab
[2026-06-25T18:05:09.208+0000] {taskinstance.py:2648} INFO - Exporting env vars: AIRFLOW_CTX_DAG_OWNER='***' AIRFLOW_CTX_DAG_ID='credit_default_ml_pipeline' AIRFLOW_CTX_TASK_ID='training.training_gate' AIRFLOW_CTX_EXECUTION_DATE='2024-04-01T00:00:00+00:00' AIRFLOW_CTX_TRY_NUMBER='1' AIRFLOW_CTX_DAG_RUN_ID='scheduled__2024-04-01T00:00:00+00:00'
[2026-06-25T18:05:09.208+0000] {taskinstance.py:430} INFO - ::endgroup::
[2026-06-25T18:05:09.212+0000] {baseoperator.py:400} WARNING - BranchPythonOperator.execute cannot be called outside TaskInstance!
[2026-06-25T18:05:09.212+0000] {logging_mixin.py:188} INFO - [training] 2024-04-01 — retraining is manual; skipping automated training.
[2026-06-25T18:05:09.213+0000] {python.py:237} INFO - Done. Returned value was: training.skip_training
[2026-06-25T18:05:09.214+0000] {branch.py:36} INFO - Branch into training.skip_training
[2026-06-25T18:05:09.215+0000] {skipmixin.py:178} INFO - Following branch training.skip_training
[2026-06-25T18:05:09.219+0000] {skipmixin.py:246} INFO - Skipping tasks [('training.start_training', -1)]
[2026-06-25T18:05:09.226+0000] {taskinstance.py:441} INFO - ::group::Post task execution logs
[2026-06-25T18:05:09.231+0000] {taskinstance.py:1206} INFO - Marking task as SUCCESS. dag_id=credit_default_ml_pipeline, task_id=training.training_gate, run_id=scheduled__2024-04-01T00:00:00+00:00, execution_date=20240401T000000, start_date=20260625T180509, end_date=20260625T180509
[2026-06-25T18:05:09.237+0000] {local_task_job_runner.py:243} INFO - Task exited with return code 0
[2026-06-25T18:05:09.322+0000] {taskinstance.py:3503} INFO - 0 downstream tasks scheduled from follow-on schedule check
[2026-06-25T18:05:09.325+0000] {local_task_job_runner.py:222} INFO - ::endgroup::
