[2026-06-18T04:23:31.552+0000] {local_task_job_runner.py:120} INFO - ::group::Pre task execution logs
[2026-06-18T04:23:31.570+0000] {taskinstance.py:2076} INFO - Dependencies all met for dep_context=non-requeueable deps ti=<TaskInstance: credit_default_ml_pipeline.monitoring.evidently_drift_report scheduled__2024-05-01T00:00:00+00:00 [queued]>
[2026-06-18T04:23:31.578+0000] {taskinstance.py:2076} INFO - Dependencies all met for dep_context=requeueable deps ti=<TaskInstance: credit_default_ml_pipeline.monitoring.evidently_drift_report scheduled__2024-05-01T00:00:00+00:00 [queued]>
[2026-06-18T04:23:31.579+0000] {taskinstance.py:2306} INFO - Starting attempt 1 of 2
[2026-06-18T04:23:31.585+0000] {taskinstance.py:2330} INFO - Executing <Task(BashOperator): monitoring.evidently_drift_report> on 2024-05-01 00:00:00+00:00
[2026-06-18T04:23:31.589+0000] {logging_mixin.py:188} WARNING - /home/***/.local/lib/python3.12/site-packages/***/task/task_runner/standard_task_runner.py:62 DeprecationWarning: This process (pid=78884) is multi-threaded, use of fork() may lead to deadlocks in the child.
[2026-06-18T04:23:31.590+0000] {standard_task_runner.py:64} INFO - Started process 78892 to run task
[2026-06-18T04:23:31.589+0000] {standard_task_runner.py:90} INFO - Running: ['***', 'tasks', 'run', 'credit_default_ml_pipeline', 'monitoring.evidently_drift_report', 'scheduled__2024-05-01T00:00:00+00:00', '--job-id', '1210', '--raw', '--subdir', 'DAGS_FOLDER/dag.py', '--cfg-path', '/tmp/tmpeoh0z8ec']
[2026-06-18T04:23:31.591+0000] {standard_task_runner.py:91} INFO - Job 1210: Subtask monitoring.evidently_drift_report
[2026-06-18T04:23:31.612+0000] {task_command.py:426} INFO - Running <TaskInstance: credit_default_ml_pipeline.monitoring.evidently_drift_report scheduled__2024-05-01T00:00:00+00:00 [running]> on host bfbc24b887a5
[2026-06-18T04:23:31.745+0000] {taskinstance.py:2648} INFO - Exporting env vars: AIRFLOW_CTX_DAG_OWNER='***' AIRFLOW_CTX_DAG_ID='credit_default_ml_pipeline' AIRFLOW_CTX_TASK_ID='monitoring.evidently_drift_report' AIRFLOW_CTX_EXECUTION_DATE='2024-05-01T00:00:00+00:00' AIRFLOW_CTX_TRY_NUMBER='1' AIRFLOW_CTX_DAG_RUN_ID='scheduled__2024-05-01T00:00:00+00:00'
[2026-06-18T04:23:31.747+0000] {taskinstance.py:430} INFO - ::endgroup::
[2026-06-18T04:23:31.758+0000] {subprocess.py:63} INFO - Tmp dir root location: /tmp
[2026-06-18T04:23:31.759+0000] {subprocess.py:75} INFO - Running command: ['/usr/bin/bash', '-c', 'cd /opt/***/scripts && if [ -f model_bank/champion.txt ]; then CHAMPION=$(cat model_bank/champion.txt) && python3 evidently_drift_report.py --baseline "2024-09-01" --current "2024-05-01" --modelname "$CHAMPION"; else echo "[skip] champion.txt not found yet - no model deployed as of 2024-05-01"; fi']
[2026-06-18T04:23:31.765+0000] {subprocess.py:86} INFO - Output:
[2026-06-18T04:23:31.767+0000] {subprocess.py:93} INFO - [skip] champion.txt not found yet - no model deployed as of 2024-05-01
[2026-06-18T04:23:31.768+0000] {subprocess.py:97} INFO - Command exited with return code 0
[2026-06-18T04:23:31.770+0000] {taskinstance.py:441} INFO - ::group::Post task execution logs
[2026-06-18T04:23:31.785+0000] {taskinstance.py:1206} INFO - Marking task as SUCCESS. dag_id=credit_default_ml_pipeline, task_id=monitoring.evidently_drift_report, run_id=scheduled__2024-05-01T00:00:00+00:00, execution_date=20240501T000000, start_date=20260618T042331, end_date=20260618T042331
[2026-06-18T04:23:31.814+0000] {local_task_job_runner.py:243} INFO - Task exited with return code 0
[2026-06-18T04:23:31.826+0000] {taskinstance.py:3503} INFO - 0 downstream tasks scheduled from follow-on schedule check
[2026-06-18T04:23:31.828+0000] {local_task_job_runner.py:222} INFO - ::endgroup::
[2026-06-20T08:00:19.120+0000] {local_task_job_runner.py:120} INFO - ::group::Pre task execution logs
[2026-06-20T08:00:19.134+0000] {taskinstance.py:2076} INFO - Dependencies all met for dep_context=non-requeueable deps ti=<TaskInstance: credit_default_ml_pipeline.monitoring.evidently_drift_report scheduled__2024-05-01T00:00:00+00:00 [queued]>
[2026-06-20T08:00:19.139+0000] {taskinstance.py:2076} INFO - Dependencies all met for dep_context=requeueable deps ti=<TaskInstance: credit_default_ml_pipeline.monitoring.evidently_drift_report scheduled__2024-05-01T00:00:00+00:00 [queued]>
[2026-06-20T08:00:19.141+0000] {taskinstance.py:2306} INFO - Starting attempt 1 of 2
[2026-06-20T08:00:19.234+0000] {taskinstance.py:2330} INFO - Executing <Task(BashOperator): monitoring.evidently_drift_report> on 2024-05-01 00:00:00+00:00
[2026-06-20T08:00:19.240+0000] {logging_mixin.py:188} WARNING - /home/***/.local/lib/python3.12/site-packages/***/task/task_runner/standard_task_runner.py:62 DeprecationWarning: This process (pid=49737) is multi-threaded, use of fork() may lead to deadlocks in the child.
[2026-06-20T08:00:19.241+0000] {standard_task_runner.py:64} INFO - Started process 49742 to run task
[2026-06-20T08:00:19.240+0000] {standard_task_runner.py:90} INFO - Running: ['***', 'tasks', 'run', 'credit_default_ml_pipeline', 'monitoring.evidently_drift_report', 'scheduled__2024-05-01T00:00:00+00:00', '--job-id', '2253', '--raw', '--subdir', 'DAGS_FOLDER/dag.py', '--cfg-path', '/tmp/tmpvyk3dii0']
[2026-06-20T08:00:19.242+0000] {standard_task_runner.py:91} INFO - Job 2253: Subtask monitoring.evidently_drift_report
[2026-06-20T08:00:19.265+0000] {task_command.py:426} INFO - Running <TaskInstance: credit_default_ml_pipeline.monitoring.evidently_drift_report scheduled__2024-05-01T00:00:00+00:00 [running]> on host 9cf341f51c89
[2026-06-20T08:00:19.294+0000] {taskinstance.py:2648} INFO - Exporting env vars: AIRFLOW_CTX_DAG_OWNER='***' AIRFLOW_CTX_DAG_ID='credit_default_ml_pipeline' AIRFLOW_CTX_TASK_ID='monitoring.evidently_drift_report' AIRFLOW_CTX_EXECUTION_DATE='2024-05-01T00:00:00+00:00' AIRFLOW_CTX_TRY_NUMBER='1' AIRFLOW_CTX_DAG_RUN_ID='scheduled__2024-05-01T00:00:00+00:00'
[2026-06-20T08:00:19.295+0000] {taskinstance.py:430} INFO - ::endgroup::
[2026-06-20T08:00:19.300+0000] {subprocess.py:63} INFO - Tmp dir root location: /tmp
[2026-06-20T08:00:19.300+0000] {subprocess.py:75} INFO - Running command: ['/usr/bin/bash', '-c', 'cd /opt/***/scripts && if [ ! -f model_bank/champion.txt ]; then echo \'[SKIP] no champion.txt for 2024-05-01\'; exit 0; fi && CHAMP=$(cat model_bank/champion.txt | tr -d \'\\n\') && python3 evidently_drift_report.py --baseline "2024-09-01" --current "2024-05-01" --modelname "$CHAMP"']
[2026-06-20T08:00:19.305+0000] {subprocess.py:86} INFO - Output:
[2026-06-20T08:00:19.306+0000] {subprocess.py:93} INFO - [SKIP] no champion.txt for 2024-05-01
[2026-06-20T08:00:19.306+0000] {subprocess.py:97} INFO - Command exited with return code 0
[2026-06-20T08:00:19.306+0000] {taskinstance.py:441} INFO - ::group::Post task execution logs
[2026-06-20T08:00:19.317+0000] {taskinstance.py:1206} INFO - Marking task as SUCCESS. dag_id=credit_default_ml_pipeline, task_id=monitoring.evidently_drift_report, run_id=scheduled__2024-05-01T00:00:00+00:00, execution_date=20240501T000000, start_date=20260620T080019, end_date=20260620T080019
[2026-06-20T08:00:19.341+0000] {local_task_job_runner.py:243} INFO - Task exited with return code 0
[2026-06-20T08:00:19.350+0000] {taskinstance.py:3503} INFO - 0 downstream tasks scheduled from follow-on schedule check
[2026-06-20T08:00:19.351+0000] {local_task_job_runner.py:222} INFO - ::endgroup::
[2026-06-20T15:57:38.669+0000] {local_task_job_runner.py:120} INFO - ::group::Pre task execution logs
[2026-06-20T15:57:38.684+0000] {taskinstance.py:2076} INFO - Dependencies all met for dep_context=non-requeueable deps ti=<TaskInstance: credit_default_ml_pipeline.monitoring.evidently_drift_report scheduled__2024-05-01T00:00:00+00:00 [queued]>
[2026-06-20T15:57:38.687+0000] {taskinstance.py:2076} INFO - Dependencies all met for dep_context=requeueable deps ti=<TaskInstance: credit_default_ml_pipeline.monitoring.evidently_drift_report scheduled__2024-05-01T00:00:00+00:00 [queued]>
[2026-06-20T15:57:38.688+0000] {taskinstance.py:2306} INFO - Starting attempt 1 of 2
[2026-06-20T15:57:38.772+0000] {taskinstance.py:2330} INFO - Executing <Task(BashOperator): monitoring.evidently_drift_report> on 2024-05-01 00:00:00+00:00
[2026-06-20T15:57:38.778+0000] {standard_task_runner.py:90} INFO - Running: ['***', 'tasks', 'run', 'credit_default_ml_pipeline', 'monitoring.evidently_drift_report', 'scheduled__2024-05-01T00:00:00+00:00', '--job-id', '2727', '--raw', '--subdir', 'DAGS_FOLDER/dag.py', '--cfg-path', '/tmp/tmpit0skju4']
[2026-06-20T15:57:38.780+0000] {logging_mixin.py:188} WARNING - /home/***/.local/lib/python3.12/site-packages/***/task/task_runner/standard_task_runner.py:62 DeprecationWarning: This process (pid=36050) is multi-threaded, use of fork() may lead to deadlocks in the child.
[2026-06-20T15:57:38.780+0000] {standard_task_runner.py:91} INFO - Job 2727: Subtask monitoring.evidently_drift_report
[2026-06-20T15:57:38.781+0000] {standard_task_runner.py:64} INFO - Started process 36056 to run task
[2026-06-20T15:57:38.802+0000] {task_command.py:426} INFO - Running <TaskInstance: credit_default_ml_pipeline.monitoring.evidently_drift_report scheduled__2024-05-01T00:00:00+00:00 [running]> on host 9cf341f51c89
[2026-06-20T15:57:38.830+0000] {taskinstance.py:2648} INFO - Exporting env vars: AIRFLOW_CTX_DAG_OWNER='***' AIRFLOW_CTX_DAG_ID='credit_default_ml_pipeline' AIRFLOW_CTX_TASK_ID='monitoring.evidently_drift_report' AIRFLOW_CTX_EXECUTION_DATE='2024-05-01T00:00:00+00:00' AIRFLOW_CTX_TRY_NUMBER='1' AIRFLOW_CTX_DAG_RUN_ID='scheduled__2024-05-01T00:00:00+00:00'
[2026-06-20T15:57:38.831+0000] {taskinstance.py:430} INFO - ::endgroup::
[2026-06-20T15:57:38.836+0000] {subprocess.py:63} INFO - Tmp dir root location: /tmp
[2026-06-20T15:57:38.838+0000] {subprocess.py:75} INFO - Running command: ['/usr/bin/bash', '-c', 'cd /opt/***/scripts && if [ ! -f model_bank/champion.txt ]; then echo \'[SKIP] no champion.txt for 2024-05-01\'; exit 0; fi && CHAMP=$(cat model_bank/champion.txt | tr -d \'\\n\') && python3 evidently_drift_report.py --baseline "2024-09-01" --current "2024-05-01" --modelname "$CHAMP"']
[2026-06-20T15:57:38.842+0000] {subprocess.py:86} INFO - Output:
[2026-06-20T15:57:38.844+0000] {subprocess.py:93} INFO - [SKIP] no champion.txt for 2024-05-01
[2026-06-20T15:57:38.844+0000] {subprocess.py:97} INFO - Command exited with return code 0
[2026-06-20T15:57:38.846+0000] {taskinstance.py:441} INFO - ::group::Post task execution logs
[2026-06-20T15:57:38.855+0000] {taskinstance.py:1206} INFO - Marking task as SUCCESS. dag_id=credit_default_ml_pipeline, task_id=monitoring.evidently_drift_report, run_id=scheduled__2024-05-01T00:00:00+00:00, execution_date=20240501T000000, start_date=20260620T155738, end_date=20260620T155738
[2026-06-20T15:57:38.879+0000] {local_task_job_runner.py:243} INFO - Task exited with return code 0
[2026-06-20T15:57:38.884+0000] {local_task_job_runner.py:222} INFO - ::endgroup::
[2026-06-20T17:53:10.517+0000] {local_task_job_runner.py:120} INFO - ::group::Pre task execution logs
[2026-06-20T17:53:10.536+0000] {taskinstance.py:2076} INFO - Dependencies all met for dep_context=non-requeueable deps ti=<TaskInstance: credit_default_ml_pipeline.monitoring.evidently_drift_report scheduled__2024-05-01T00:00:00+00:00 [queued]>
[2026-06-20T17:53:10.543+0000] {taskinstance.py:2076} INFO - Dependencies all met for dep_context=requeueable deps ti=<TaskInstance: credit_default_ml_pipeline.monitoring.evidently_drift_report scheduled__2024-05-01T00:00:00+00:00 [queued]>
[2026-06-20T17:53:10.543+0000] {taskinstance.py:2306} INFO - Starting attempt 1 of 2
[2026-06-20T17:53:10.654+0000] {taskinstance.py:2330} INFO - Executing <Task(BashOperator): monitoring.evidently_drift_report> on 2024-05-01 00:00:00+00:00
[2026-06-20T17:53:10.660+0000] {logging_mixin.py:188} WARNING - /home/***/.local/lib/python3.12/site-packages/***/task/task_runner/standard_task_runner.py:62 DeprecationWarning: This process (pid=54370) is multi-threaded, use of fork() may lead to deadlocks in the child.
[2026-06-20T17:53:10.661+0000] {standard_task_runner.py:64} INFO - Started process 54377 to run task
[2026-06-20T17:53:10.661+0000] {standard_task_runner.py:90} INFO - Running: ['***', 'tasks', 'run', 'credit_default_ml_pipeline', 'monitoring.evidently_drift_report', 'scheduled__2024-05-01T00:00:00+00:00', '--job-id', '3303', '--raw', '--subdir', 'DAGS_FOLDER/dag.py', '--cfg-path', '/tmp/tmpqlo4mhuc']
[2026-06-20T17:53:10.663+0000] {standard_task_runner.py:91} INFO - Job 3303: Subtask monitoring.evidently_drift_report
[2026-06-20T17:53:10.695+0000] {task_command.py:426} INFO - Running <TaskInstance: credit_default_ml_pipeline.monitoring.evidently_drift_report scheduled__2024-05-01T00:00:00+00:00 [running]> on host 9cf341f51c89
[2026-06-20T17:53:10.744+0000] {taskinstance.py:2648} INFO - Exporting env vars: AIRFLOW_CTX_DAG_OWNER='***' AIRFLOW_CTX_DAG_ID='credit_default_ml_pipeline' AIRFLOW_CTX_TASK_ID='monitoring.evidently_drift_report' AIRFLOW_CTX_EXECUTION_DATE='2024-05-01T00:00:00+00:00' AIRFLOW_CTX_TRY_NUMBER='1' AIRFLOW_CTX_DAG_RUN_ID='scheduled__2024-05-01T00:00:00+00:00'
[2026-06-20T17:53:10.745+0000] {taskinstance.py:430} INFO - ::endgroup::
[2026-06-20T17:53:10.752+0000] {subprocess.py:63} INFO - Tmp dir root location: /tmp
[2026-06-20T17:53:10.754+0000] {subprocess.py:75} INFO - Running command: ['/usr/bin/bash', '-c', 'cd /opt/***/scripts && if [ ! -f model_bank/champion.txt ]; then echo \'[SKIP] no champion.txt for 2024-05-01\'; exit 0; fi && CHAMP=$(cat model_bank/champion.txt | tr -d \'\\n\') && python3 evidently_drift_report.py --baseline "2024-09-01" --current "2024-05-01" --modelname "$CHAMP"']
[2026-06-20T17:53:10.760+0000] {subprocess.py:86} INFO - Output:
[2026-06-20T17:53:10.762+0000] {subprocess.py:93} INFO - [SKIP] no champion.txt for 2024-05-01
[2026-06-20T17:53:10.762+0000] {subprocess.py:97} INFO - Command exited with return code 0
[2026-06-20T17:53:10.763+0000] {taskinstance.py:441} INFO - ::group::Post task execution logs
[2026-06-20T17:53:10.780+0000] {taskinstance.py:1206} INFO - Marking task as SUCCESS. dag_id=credit_default_ml_pipeline, task_id=monitoring.evidently_drift_report, run_id=scheduled__2024-05-01T00:00:00+00:00, execution_date=20240501T000000, start_date=20260620T175310, end_date=20260620T175310
[2026-06-20T17:53:10.802+0000] {local_task_job_runner.py:243} INFO - Task exited with return code 0
[2026-06-20T17:53:10.808+0000] {local_task_job_runner.py:222} INFO - ::endgroup::
[2026-06-21T02:48:36.758+0000] {local_task_job_runner.py:120} INFO - ::group::Pre task execution logs
[2026-06-21T02:48:36.776+0000] {taskinstance.py:2076} INFO - Dependencies all met for dep_context=non-requeueable deps ti=<TaskInstance: credit_default_ml_pipeline.monitoring.evidently_drift_report scheduled__2024-05-01T00:00:00+00:00 [queued]>
[2026-06-21T02:48:36.781+0000] {taskinstance.py:2076} INFO - Dependencies all met for dep_context=requeueable deps ti=<TaskInstance: credit_default_ml_pipeline.monitoring.evidently_drift_report scheduled__2024-05-01T00:00:00+00:00 [queued]>
[2026-06-21T02:48:36.781+0000] {taskinstance.py:2306} INFO - Starting attempt 1 of 2
[2026-06-21T02:48:36.788+0000] {taskinstance.py:2330} INFO - Executing <Task(BashOperator): monitoring.evidently_drift_report> on 2024-05-01 00:00:00+00:00
[2026-06-21T02:48:36.792+0000] {logging_mixin.py:188} WARNING - /home/***/.local/lib/python3.12/site-packages/***/task/task_runner/standard_task_runner.py:62 DeprecationWarning: This process (pid=53742) is multi-threaded, use of fork() may lead to deadlocks in the child.
[2026-06-21T02:48:36.793+0000] {standard_task_runner.py:64} INFO - Started process 53747 to run task
[2026-06-21T02:48:36.792+0000] {standard_task_runner.py:90} INFO - Running: ['***', 'tasks', 'run', 'credit_default_ml_pipeline', 'monitoring.evidently_drift_report', 'scheduled__2024-05-01T00:00:00+00:00', '--job-id', '3766', '--raw', '--subdir', 'DAGS_FOLDER/dag.py', '--cfg-path', '/tmp/tmp_4ccj06t']
[2026-06-21T02:48:36.794+0000] {standard_task_runner.py:91} INFO - Job 3766: Subtask monitoring.evidently_drift_report
[2026-06-21T02:48:36.815+0000] {task_command.py:426} INFO - Running <TaskInstance: credit_default_ml_pipeline.monitoring.evidently_drift_report scheduled__2024-05-01T00:00:00+00:00 [running]> on host f6e9e2801916
[2026-06-21T02:48:36.935+0000] {taskinstance.py:2648} INFO - Exporting env vars: AIRFLOW_CTX_DAG_OWNER='***' AIRFLOW_CTX_DAG_ID='credit_default_ml_pipeline' AIRFLOW_CTX_TASK_ID='monitoring.evidently_drift_report' AIRFLOW_CTX_EXECUTION_DATE='2024-05-01T00:00:00+00:00' AIRFLOW_CTX_TRY_NUMBER='1' AIRFLOW_CTX_DAG_RUN_ID='scheduled__2024-05-01T00:00:00+00:00'
[2026-06-21T02:48:36.937+0000] {taskinstance.py:430} INFO - ::endgroup::
[2026-06-21T02:48:36.941+0000] {subprocess.py:63} INFO - Tmp dir root location: /tmp
[2026-06-21T02:48:36.942+0000] {subprocess.py:75} INFO - Running command: ['/usr/bin/bash', '-c', 'cd /opt/***/scripts && if [ ! -f model_bank/champion.txt ]; then echo \'[SKIP] no champion.txt for 2024-05-01\'; exit 0; fi && CHAMP=$(cat model_bank/champion.txt | tr -d \'\\n\') && python3 evidently_drift_report.py --baseline "2024-09-01" --current "2024-05-01" --modelname "$CHAMP"']
[2026-06-21T02:48:36.946+0000] {subprocess.py:86} INFO - Output:
[2026-06-21T02:48:36.948+0000] {subprocess.py:93} INFO - [SKIP] no champion.txt for 2024-05-01
[2026-06-21T02:48:36.948+0000] {subprocess.py:97} INFO - Command exited with return code 0
[2026-06-21T02:48:36.948+0000] {taskinstance.py:441} INFO - ::group::Post task execution logs
[2026-06-21T02:48:36.959+0000] {taskinstance.py:1206} INFO - Marking task as SUCCESS. dag_id=credit_default_ml_pipeline, task_id=monitoring.evidently_drift_report, run_id=scheduled__2024-05-01T00:00:00+00:00, execution_date=20240501T000000, start_date=20260621T024836, end_date=20260621T024836
[2026-06-21T02:48:36.974+0000] {local_task_job_runner.py:243} INFO - Task exited with return code 0
[2026-06-21T02:48:36.983+0000] {taskinstance.py:3503} INFO - 0 downstream tasks scheduled from follow-on schedule check
[2026-06-21T02:48:36.984+0000] {local_task_job_runner.py:222} INFO - ::endgroup::
[2026-06-21T06:14:22.780+0000] {local_task_job_runner.py:120} INFO - ::group::Pre task execution logs
[2026-06-21T06:14:22.798+0000] {taskinstance.py:2076} INFO - Dependencies all met for dep_context=non-requeueable deps ti=<TaskInstance: credit_default_ml_pipeline.monitoring.evidently_drift_report scheduled__2024-05-01T00:00:00+00:00 [queued]>
[2026-06-21T06:14:22.806+0000] {taskinstance.py:2076} INFO - Dependencies all met for dep_context=requeueable deps ti=<TaskInstance: credit_default_ml_pipeline.monitoring.evidently_drift_report scheduled__2024-05-01T00:00:00+00:00 [queued]>
[2026-06-21T06:14:22.807+0000] {taskinstance.py:2306} INFO - Starting attempt 1 of 2
[2026-06-21T06:14:22.906+0000] {taskinstance.py:2330} INFO - Executing <Task(BashOperator): monitoring.evidently_drift_report> on 2024-05-01 00:00:00+00:00
[2026-06-21T06:14:22.910+0000] {logging_mixin.py:188} WARNING - /home/***/.local/lib/python3.12/site-packages/***/task/task_runner/standard_task_runner.py:62 DeprecationWarning: This process (pid=55139) is multi-threaded, use of fork() may lead to deadlocks in the child.
[2026-06-21T06:14:22.911+0000] {standard_task_runner.py:64} INFO - Started process 55144 to run task
[2026-06-21T06:14:22.910+0000] {standard_task_runner.py:90} INFO - Running: ['***', 'tasks', 'run', 'credit_default_ml_pipeline', 'monitoring.evidently_drift_report', 'scheduled__2024-05-01T00:00:00+00:00', '--job-id', '4228', '--raw', '--subdir', 'DAGS_FOLDER/dag.py', '--cfg-path', '/tmp/tmp_56an43a']
[2026-06-21T06:14:22.912+0000] {standard_task_runner.py:91} INFO - Job 4228: Subtask monitoring.evidently_drift_report
[2026-06-21T06:14:22.935+0000] {task_command.py:426} INFO - Running <TaskInstance: credit_default_ml_pipeline.monitoring.evidently_drift_report scheduled__2024-05-01T00:00:00+00:00 [running]> on host 9377a3f0491f
[2026-06-21T06:14:22.968+0000] {taskinstance.py:2648} INFO - Exporting env vars: AIRFLOW_CTX_DAG_OWNER='***' AIRFLOW_CTX_DAG_ID='credit_default_ml_pipeline' AIRFLOW_CTX_TASK_ID='monitoring.evidently_drift_report' AIRFLOW_CTX_EXECUTION_DATE='2024-05-01T00:00:00+00:00' AIRFLOW_CTX_TRY_NUMBER='1' AIRFLOW_CTX_DAG_RUN_ID='scheduled__2024-05-01T00:00:00+00:00'
[2026-06-21T06:14:22.969+0000] {taskinstance.py:430} INFO - ::endgroup::
[2026-06-21T06:14:22.976+0000] {subprocess.py:63} INFO - Tmp dir root location: /tmp
[2026-06-21T06:14:22.977+0000] {subprocess.py:75} INFO - Running command: ['/usr/bin/bash', '-c', 'cd /opt/***/scripts && if [ ! -f model_bank/champion.txt ]; then echo \'[SKIP] no champion.txt for 2024-05-01\'; exit 0; fi && CHAMP=$(cat model_bank/champion.txt | tr -d \'\\n\') && python3 evidently_drift_report.py --baseline "2024-09-01" --current "2024-05-01" --modelname "$CHAMP"']
[2026-06-21T06:14:22.983+0000] {subprocess.py:86} INFO - Output:
[2026-06-21T06:14:22.984+0000] {subprocess.py:93} INFO - [SKIP] no champion.txt for 2024-05-01
[2026-06-21T06:14:22.984+0000] {subprocess.py:97} INFO - Command exited with return code 0
[2026-06-21T06:14:22.985+0000] {taskinstance.py:441} INFO - ::group::Post task execution logs
[2026-06-21T06:14:22.999+0000] {taskinstance.py:1206} INFO - Marking task as SUCCESS. dag_id=credit_default_ml_pipeline, task_id=monitoring.evidently_drift_report, run_id=scheduled__2024-05-01T00:00:00+00:00, execution_date=20240501T000000, start_date=20260621T061422, end_date=20260621T061422
[2026-06-21T06:14:23.009+0000] {local_task_job_runner.py:243} INFO - Task exited with return code 0
[2026-06-21T06:14:23.021+0000] {taskinstance.py:3503} INFO - 0 downstream tasks scheduled from follow-on schedule check
[2026-06-21T06:14:23.022+0000] {local_task_job_runner.py:222} INFO - ::endgroup::
[2026-06-25T18:08:14.327+0000] {local_task_job_runner.py:120} INFO - ::group::Pre task execution logs
[2026-06-25T18:08:14.345+0000] {taskinstance.py:2076} INFO - Dependencies all met for dep_context=non-requeueable deps ti=<TaskInstance: credit_default_ml_pipeline.monitoring.evidently_drift_report scheduled__2024-05-01T00:00:00+00:00 [queued]>
[2026-06-25T18:08:14.351+0000] {taskinstance.py:2076} INFO - Dependencies all met for dep_context=requeueable deps ti=<TaskInstance: credit_default_ml_pipeline.monitoring.evidently_drift_report scheduled__2024-05-01T00:00:00+00:00 [queued]>
[2026-06-25T18:08:14.351+0000] {taskinstance.py:2306} INFO - Starting attempt 1 of 2
[2026-06-25T18:08:14.359+0000] {taskinstance.py:2330} INFO - Executing <Task(BashOperator): monitoring.evidently_drift_report> on 2024-05-01 00:00:00+00:00
[2026-06-25T18:08:14.364+0000] {logging_mixin.py:188} WARNING - /home/***/.local/lib/python3.12/site-packages/***/task/task_runner/standard_task_runner.py:62 DeprecationWarning: This process (pid=54473) is multi-threaded, use of fork() may lead to deadlocks in the child.
[2026-06-25T18:08:14.364+0000] {standard_task_runner.py:90} INFO - Running: ['***', 'tasks', 'run', 'credit_default_ml_pipeline', 'monitoring.evidently_drift_report', 'scheduled__2024-05-01T00:00:00+00:00', '--job-id', '4689', '--raw', '--subdir', 'DAGS_FOLDER/dag.py', '--cfg-path', '/tmp/tmp7c5kg486']
[2026-06-25T18:08:14.366+0000] {standard_task_runner.py:64} INFO - Started process 54477 to run task
[2026-06-25T18:08:14.366+0000] {standard_task_runner.py:91} INFO - Job 4689: Subtask monitoring.evidently_drift_report
[2026-06-25T18:08:14.390+0000] {task_command.py:426} INFO - Running <TaskInstance: credit_default_ml_pipeline.monitoring.evidently_drift_report scheduled__2024-05-01T00:00:00+00:00 [running]> on host b54b2be331ab
[2026-06-25T18:08:14.520+0000] {taskinstance.py:2648} INFO - Exporting env vars: AIRFLOW_CTX_DAG_OWNER='***' AIRFLOW_CTX_DAG_ID='credit_default_ml_pipeline' AIRFLOW_CTX_TASK_ID='monitoring.evidently_drift_report' AIRFLOW_CTX_EXECUTION_DATE='2024-05-01T00:00:00+00:00' AIRFLOW_CTX_TRY_NUMBER='1' AIRFLOW_CTX_DAG_RUN_ID='scheduled__2024-05-01T00:00:00+00:00'
[2026-06-25T18:08:14.523+0000] {taskinstance.py:430} INFO - ::endgroup::
[2026-06-25T18:08:14.528+0000] {subprocess.py:63} INFO - Tmp dir root location: /tmp
[2026-06-25T18:08:14.530+0000] {subprocess.py:75} INFO - Running command: ['/usr/bin/bash', '-c', 'cd /opt/***/scripts && if [ ! -f model_bank/champion.txt ]; then echo \'[SKIP] no champion.txt for 2024-05-01\'; exit 0; fi && CHAMP=$(cat model_bank/champion.txt | tr -d \'\\n\') && python3 evidently_drift_report.py --baseline "2024-09-01" --current "2024-05-01" --modelname "$CHAMP"']
[2026-06-25T18:08:14.535+0000] {subprocess.py:86} INFO - Output:
[2026-06-25T18:08:14.536+0000] {subprocess.py:93} INFO - [SKIP] no champion.txt for 2024-05-01
[2026-06-25T18:08:14.536+0000] {subprocess.py:97} INFO - Command exited with return code 0
[2026-06-25T18:08:14.537+0000] {taskinstance.py:441} INFO - ::group::Post task execution logs
[2026-06-25T18:08:14.547+0000] {taskinstance.py:1206} INFO - Marking task as SUCCESS. dag_id=credit_default_ml_pipeline, task_id=monitoring.evidently_drift_report, run_id=scheduled__2024-05-01T00:00:00+00:00, execution_date=20240501T000000, start_date=20260625T180814, end_date=20260625T180814
[2026-06-25T18:08:14.591+0000] {local_task_job_runner.py:243} INFO - Task exited with return code 0
[2026-06-25T18:08:14.601+0000] {taskinstance.py:3503} INFO - 0 downstream tasks scheduled from follow-on schedule check
[2026-06-25T18:08:14.602+0000] {local_task_job_runner.py:222} INFO - ::endgroup::
