[2026-06-18T03:50:37.173+0000] {local_task_job_runner.py:120} INFO - ::group::Pre task execution logs
[2026-06-18T03:50:37.210+0000] {taskinstance.py:2076} INFO - Dependencies all met for dep_context=non-requeueable deps ti=<TaskInstance: credit_default_ml_pipeline.monitoring.evidently_drift_report scheduled__2023-06-01T00:00:00+00:00 [queued]>
[2026-06-18T03:50:37.222+0000] {taskinstance.py:2076} INFO - Dependencies all met for dep_context=requeueable deps ti=<TaskInstance: credit_default_ml_pipeline.monitoring.evidently_drift_report scheduled__2023-06-01T00:00:00+00:00 [queued]>
[2026-06-18T03:50:37.223+0000] {taskinstance.py:2306} INFO - Starting attempt 1 of 2
[2026-06-18T03:50:37.236+0000] {taskinstance.py:2330} INFO - Executing <Task(BashOperator): monitoring.evidently_drift_report> on 2023-06-01 00:00:00+00:00
[2026-06-18T03:50:37.243+0000] {logging_mixin.py:188} WARNING - /home/***/.local/lib/python3.12/site-packages/***/task/task_runner/standard_task_runner.py:62 DeprecationWarning: This process (pid=43161) is multi-threaded, use of fork() may lead to deadlocks in the child.
[2026-06-18T03:50:37.243+0000] {standard_task_runner.py:90} INFO - Running: ['***', 'tasks', 'run', 'credit_default_ml_pipeline', 'monitoring.evidently_drift_report', 'scheduled__2023-06-01T00:00:00+00:00', '--job-id', '1011', '--raw', '--subdir', 'DAGS_FOLDER/dag.py', '--cfg-path', '/tmp/tmpbkr5yq1n']
[2026-06-18T03:50:37.245+0000] {standard_task_runner.py:64} INFO - Started process 43167 to run task
[2026-06-18T03:50:37.245+0000] {standard_task_runner.py:91} INFO - Job 1011: Subtask monitoring.evidently_drift_report
[2026-06-18T03:50:37.291+0000] {task_command.py:426} INFO - Running <TaskInstance: credit_default_ml_pipeline.monitoring.evidently_drift_report scheduled__2023-06-01T00:00:00+00:00 [running]> on host bfbc24b887a5
[2026-06-18T03:50:37.513+0000] {taskinstance.py:2648} INFO - Exporting env vars: AIRFLOW_CTX_DAG_OWNER='***' AIRFLOW_CTX_DAG_ID='credit_default_ml_pipeline' AIRFLOW_CTX_TASK_ID='monitoring.evidently_drift_report' AIRFLOW_CTX_EXECUTION_DATE='2023-06-01T00:00:00+00:00' AIRFLOW_CTX_TRY_NUMBER='1' AIRFLOW_CTX_DAG_RUN_ID='scheduled__2023-06-01T00:00:00+00:00'
[2026-06-18T03:50:37.516+0000] {taskinstance.py:430} INFO - ::endgroup::
[2026-06-18T03:50:37.527+0000] {subprocess.py:63} INFO - Tmp dir root location: /tmp
[2026-06-18T03:50:37.529+0000] {subprocess.py:75} INFO - Running command: ['/usr/bin/bash', '-c', 'cd /opt/***/scripts && if [ -f model_bank/champion.txt ]; then CHAMPION=$(cat model_bank/champion.txt) && python3 evidently_drift_report.py --baseline "2024-09-01" --current "2023-06-01" --modelname "$CHAMPION"; else echo "[skip] champion.txt not found yet - no model deployed as of 2023-06-01"; fi']
[2026-06-18T03:50:37.539+0000] {subprocess.py:86} INFO - Output:
[2026-06-18T03:50:37.541+0000] {subprocess.py:93} INFO - [skip] champion.txt not found yet - no model deployed as of 2023-06-01
[2026-06-18T03:50:37.543+0000] {subprocess.py:97} INFO - Command exited with return code 0
[2026-06-18T03:50:37.544+0000] {taskinstance.py:441} INFO - ::group::Post task execution logs
[2026-06-18T03:50:37.567+0000] {taskinstance.py:1206} INFO - Marking task as SUCCESS. dag_id=credit_default_ml_pipeline, task_id=monitoring.evidently_drift_report, run_id=scheduled__2023-06-01T00:00:00+00:00, execution_date=20230601T000000, start_date=20260618T035037, end_date=20260618T035037
[2026-06-18T03:50:37.592+0000] {local_task_job_runner.py:243} INFO - Task exited with return code 0
[2026-06-18T03:50:37.619+0000] {taskinstance.py:3503} INFO - 0 downstream tasks scheduled from follow-on schedule check
[2026-06-18T03:50:37.621+0000] {local_task_job_runner.py:222} INFO - ::endgroup::
[2026-06-20T05:50:30.899+0000] {local_task_job_runner.py:120} INFO - ::group::Pre task execution logs
[2026-06-20T05:50:30.914+0000] {taskinstance.py:2076} INFO - Dependencies all met for dep_context=non-requeueable deps ti=<TaskInstance: credit_default_ml_pipeline.monitoring.evidently_drift_report scheduled__2023-06-01T00:00:00+00:00 [queued]>
[2026-06-20T05:50:30.920+0000] {taskinstance.py:2076} INFO - Dependencies all met for dep_context=requeueable deps ti=<TaskInstance: credit_default_ml_pipeline.monitoring.evidently_drift_report scheduled__2023-06-01T00:00:00+00:00 [queued]>
[2026-06-20T05:50:30.922+0000] {taskinstance.py:2306} INFO - Starting attempt 1 of 2
[2026-06-20T05:50:31.011+0000] {taskinstance.py:2330} INFO - Executing <Task(BashOperator): monitoring.evidently_drift_report> on 2023-06-01 00:00:00+00:00
[2026-06-20T05:50:31.014+0000] {logging_mixin.py:188} WARNING - /home/***/.local/lib/python3.12/site-packages/***/task/task_runner/standard_task_runner.py:62 DeprecationWarning: This process (pid=29504) is multi-threaded, use of fork() may lead to deadlocks in the child.
[2026-06-20T05:50:31.015+0000] {standard_task_runner.py:64} INFO - Started process 29509 to run task
[2026-06-20T05:50:31.014+0000] {standard_task_runner.py:90} INFO - Running: ['***', 'tasks', 'run', 'credit_default_ml_pipeline', 'monitoring.evidently_drift_report', 'scheduled__2023-06-01T00:00:00+00:00', '--job-id', '1551', '--raw', '--subdir', 'DAGS_FOLDER/dag.py', '--cfg-path', '/tmp/tmphx9osaeh']
[2026-06-20T05:50:31.016+0000] {standard_task_runner.py:91} INFO - Job 1551: Subtask monitoring.evidently_drift_report
[2026-06-20T05:50:31.040+0000] {task_command.py:426} INFO - Running <TaskInstance: credit_default_ml_pipeline.monitoring.evidently_drift_report scheduled__2023-06-01T00:00:00+00:00 [running]> on host 9cf341f51c89
[2026-06-20T05:50:31.069+0000] {taskinstance.py:2648} INFO - Exporting env vars: AIRFLOW_CTX_DAG_OWNER='***' AIRFLOW_CTX_DAG_ID='credit_default_ml_pipeline' AIRFLOW_CTX_TASK_ID='monitoring.evidently_drift_report' AIRFLOW_CTX_EXECUTION_DATE='2023-06-01T00:00:00+00:00' AIRFLOW_CTX_TRY_NUMBER='1' AIRFLOW_CTX_DAG_RUN_ID='scheduled__2023-06-01T00:00:00+00:00'
[2026-06-20T05:50:31.070+0000] {taskinstance.py:430} INFO - ::endgroup::
[2026-06-20T05:50:31.075+0000] {subprocess.py:63} INFO - Tmp dir root location: /tmp
[2026-06-20T05:50:31.076+0000] {subprocess.py:75} INFO - Running command: ['/usr/bin/bash', '-c', 'cd /opt/***/scripts && if [ ! -f model_bank/champion.txt ]; then echo \'[SKIP] no champion.txt for 2023-06-01\'; exit 0; fi && CHAMP=$(cat model_bank/champion.txt | tr -d \'\\n\') && python3 evidently_drift_report.py --baseline "2024-09-01" --current "2023-06-01" --modelname "$CHAMP"']
[2026-06-20T05:50:31.079+0000] {subprocess.py:86} INFO - Output:
[2026-06-20T05:50:31.080+0000] {subprocess.py:93} INFO - [SKIP] no champion.txt for 2023-06-01
[2026-06-20T05:50:31.081+0000] {subprocess.py:97} INFO - Command exited with return code 0
[2026-06-20T05:50:31.082+0000] {taskinstance.py:441} INFO - ::group::Post task execution logs
[2026-06-20T05:50:31.092+0000] {taskinstance.py:1206} INFO - Marking task as SUCCESS. dag_id=credit_default_ml_pipeline, task_id=monitoring.evidently_drift_report, run_id=scheduled__2023-06-01T00:00:00+00:00, execution_date=20230601T000000, start_date=20260620T055030, end_date=20260620T055031
[2026-06-20T05:50:31.115+0000] {local_task_job_runner.py:243} INFO - Task exited with return code 0
[2026-06-20T05:50:31.123+0000] {taskinstance.py:3503} INFO - 0 downstream tasks scheduled from follow-on schedule check
[2026-06-20T05:50:31.124+0000] {local_task_job_runner.py:222} INFO - ::endgroup::
[2026-06-20T06:58:04.650+0000] {local_task_job_runner.py:120} INFO - ::group::Pre task execution logs
[2026-06-20T06:58:04.676+0000] {taskinstance.py:2076} INFO - Dependencies all met for dep_context=non-requeueable deps ti=<TaskInstance: credit_default_ml_pipeline.monitoring.evidently_drift_report scheduled__2023-06-01T00:00:00+00:00 [queued]>
[2026-06-20T06:58:04.686+0000] {taskinstance.py:2076} INFO - Dependencies all met for dep_context=requeueable deps ti=<TaskInstance: credit_default_ml_pipeline.monitoring.evidently_drift_report scheduled__2023-06-01T00:00:00+00:00 [queued]>
[2026-06-20T06:58:04.688+0000] {taskinstance.py:2306} INFO - Starting attempt 1 of 2
[2026-06-20T06:58:04.839+0000] {taskinstance.py:2330} INFO - Executing <Task(BashOperator): monitoring.evidently_drift_report> on 2023-06-01 00:00:00+00:00
[2026-06-20T06:58:04.854+0000] {logging_mixin.py:188} WARNING - /home/***/.local/lib/python3.12/site-packages/***/task/task_runner/standard_task_runner.py:62 DeprecationWarning: This process (pid=82340) is multi-threaded, use of fork() may lead to deadlocks in the child.
[2026-06-20T06:58:04.853+0000] {standard_task_runner.py:90} INFO - Running: ['***', 'tasks', 'run', 'credit_default_ml_pipeline', 'monitoring.evidently_drift_report', 'scheduled__2023-06-01T00:00:00+00:00', '--job-id', '1863', '--raw', '--subdir', 'DAGS_FOLDER/dag.py', '--cfg-path', '/tmp/tmp7k0pq0zm']
[2026-06-20T06:58:04.857+0000] {standard_task_runner.py:64} INFO - Started process 82346 to run task
[2026-06-20T06:58:04.858+0000] {standard_task_runner.py:91} INFO - Job 1863: Subtask monitoring.evidently_drift_report
[2026-06-20T06:58:04.920+0000] {task_command.py:426} INFO - Running <TaskInstance: credit_default_ml_pipeline.monitoring.evidently_drift_report scheduled__2023-06-01T00:00:00+00:00 [running]> on host 9cf341f51c89
[2026-06-20T06:58:04.991+0000] {taskinstance.py:2648} INFO - Exporting env vars: AIRFLOW_CTX_DAG_OWNER='***' AIRFLOW_CTX_DAG_ID='credit_default_ml_pipeline' AIRFLOW_CTX_TASK_ID='monitoring.evidently_drift_report' AIRFLOW_CTX_EXECUTION_DATE='2023-06-01T00:00:00+00:00' AIRFLOW_CTX_TRY_NUMBER='1' AIRFLOW_CTX_DAG_RUN_ID='scheduled__2023-06-01T00:00:00+00:00'
[2026-06-20T06:58:04.993+0000] {taskinstance.py:430} INFO - ::endgroup::
[2026-06-20T06:58:05.004+0000] {subprocess.py:63} INFO - Tmp dir root location: /tmp
[2026-06-20T06:58:05.006+0000] {subprocess.py:75} INFO - Running command: ['/usr/bin/bash', '-c', 'cd /opt/***/scripts && if [ ! -f model_bank/champion.txt ]; then echo \'[SKIP] no champion.txt for 2023-06-01\'; exit 0; fi && CHAMP=$(cat model_bank/champion.txt | tr -d \'\\n\') && python3 evidently_drift_report.py --baseline "2024-09-01" --current "2023-06-01" --modelname "$CHAMP"']
[2026-06-20T06:58:05.014+0000] {subprocess.py:86} INFO - Output:
[2026-06-20T06:58:05.016+0000] {subprocess.py:93} INFO - [SKIP] no champion.txt for 2023-06-01
[2026-06-20T06:58:05.017+0000] {subprocess.py:97} INFO - Command exited with return code 0
[2026-06-20T06:58:05.018+0000] {taskinstance.py:441} INFO - ::group::Post task execution logs
[2026-06-20T06:58:05.041+0000] {taskinstance.py:1206} INFO - Marking task as SUCCESS. dag_id=credit_default_ml_pipeline, task_id=monitoring.evidently_drift_report, run_id=scheduled__2023-06-01T00:00:00+00:00, execution_date=20230601T000000, start_date=20260620T065804, end_date=20260620T065805
[2026-06-20T06:58:05.083+0000] {local_task_job_runner.py:243} INFO - Task exited with return code 0
[2026-06-20T06:58:05.092+0000] {local_task_job_runner.py:222} INFO - ::endgroup::
[2026-06-20T07:26:33.401+0000] {local_task_job_runner.py:120} INFO - ::group::Pre task execution logs
[2026-06-20T07:26:33.419+0000] {taskinstance.py:2076} INFO - Dependencies all met for dep_context=non-requeueable deps ti=<TaskInstance: credit_default_ml_pipeline.monitoring.evidently_drift_report scheduled__2023-06-01T00:00:00+00:00 [queued]>
[2026-06-20T07:26:33.424+0000] {taskinstance.py:2076} INFO - Dependencies all met for dep_context=requeueable deps ti=<TaskInstance: credit_default_ml_pipeline.monitoring.evidently_drift_report scheduled__2023-06-01T00:00:00+00:00 [queued]>
[2026-06-20T07:26:33.425+0000] {taskinstance.py:2306} INFO - Starting attempt 1 of 2
[2026-06-20T07:26:33.515+0000] {taskinstance.py:2330} INFO - Executing <Task(BashOperator): monitoring.evidently_drift_report> on 2023-06-01 00:00:00+00:00
[2026-06-20T07:26:33.521+0000] {logging_mixin.py:188} WARNING - /home/***/.local/lib/python3.12/site-packages/***/task/task_runner/standard_task_runner.py:62 DeprecationWarning: This process (pid=14054) is multi-threaded, use of fork() may lead to deadlocks in the child.
[2026-06-20T07:26:33.522+0000] {standard_task_runner.py:64} INFO - Started process 14061 to run task
[2026-06-20T07:26:33.521+0000] {standard_task_runner.py:90} INFO - Running: ['***', 'tasks', 'run', 'credit_default_ml_pipeline', 'monitoring.evidently_drift_report', 'scheduled__2023-06-01T00:00:00+00:00', '--job-id', '2045', '--raw', '--subdir', 'DAGS_FOLDER/dag.py', '--cfg-path', '/tmp/tmpk2c0_1ra']
[2026-06-20T07:26:33.523+0000] {standard_task_runner.py:91} INFO - Job 2045: Subtask monitoring.evidently_drift_report
[2026-06-20T07:26:33.545+0000] {task_command.py:426} INFO - Running <TaskInstance: credit_default_ml_pipeline.monitoring.evidently_drift_report scheduled__2023-06-01T00:00:00+00:00 [running]> on host 9cf341f51c89
[2026-06-20T07:26:33.577+0000] {taskinstance.py:2648} INFO - Exporting env vars: AIRFLOW_CTX_DAG_OWNER='***' AIRFLOW_CTX_DAG_ID='credit_default_ml_pipeline' AIRFLOW_CTX_TASK_ID='monitoring.evidently_drift_report' AIRFLOW_CTX_EXECUTION_DATE='2023-06-01T00:00:00+00:00' AIRFLOW_CTX_TRY_NUMBER='1' AIRFLOW_CTX_DAG_RUN_ID='scheduled__2023-06-01T00:00:00+00:00'
[2026-06-20T07:26:33.579+0000] {taskinstance.py:430} INFO - ::endgroup::
[2026-06-20T07:26:33.584+0000] {subprocess.py:63} INFO - Tmp dir root location: /tmp
[2026-06-20T07:26:33.585+0000] {subprocess.py:75} INFO - Running command: ['/usr/bin/bash', '-c', 'cd /opt/***/scripts && if [ ! -f model_bank/champion.txt ]; then echo \'[SKIP] no champion.txt for 2023-06-01\'; exit 0; fi && CHAMP=$(cat model_bank/champion.txt | tr -d \'\\n\') && python3 evidently_drift_report.py --baseline "2024-09-01" --current "2023-06-01" --modelname "$CHAMP"']
[2026-06-20T07:26:33.589+0000] {subprocess.py:86} INFO - Output:
[2026-06-20T07:26:33.590+0000] {subprocess.py:93} INFO - [SKIP] no champion.txt for 2023-06-01
[2026-06-20T07:26:33.591+0000] {subprocess.py:97} INFO - Command exited with return code 0
[2026-06-20T07:26:33.592+0000] {taskinstance.py:441} INFO - ::group::Post task execution logs
[2026-06-20T07:26:33.603+0000] {taskinstance.py:1206} INFO - Marking task as SUCCESS. dag_id=credit_default_ml_pipeline, task_id=monitoring.evidently_drift_report, run_id=scheduled__2023-06-01T00:00:00+00:00, execution_date=20230601T000000, start_date=20260620T072633, end_date=20260620T072633
[2026-06-20T07:26:33.621+0000] {local_task_job_runner.py:243} INFO - Task exited with return code 0
[2026-06-20T07:26:33.627+0000] {local_task_job_runner.py:222} INFO - ::endgroup::
[2026-06-20T15:26:24.893+0000] {local_task_job_runner.py:120} INFO - ::group::Pre task execution logs
[2026-06-20T15:26:24.913+0000] {taskinstance.py:2076} INFO - Dependencies all met for dep_context=non-requeueable deps ti=<TaskInstance: credit_default_ml_pipeline.monitoring.evidently_drift_report scheduled__2023-06-01T00:00:00+00:00 [queued]>
[2026-06-20T15:26:24.917+0000] {taskinstance.py:2076} INFO - Dependencies all met for dep_context=requeueable deps ti=<TaskInstance: credit_default_ml_pipeline.monitoring.evidently_drift_report scheduled__2023-06-01T00:00:00+00:00 [queued]>
[2026-06-20T15:26:24.918+0000] {taskinstance.py:2306} INFO - Starting attempt 1 of 2
[2026-06-20T15:26:25.006+0000] {taskinstance.py:2330} INFO - Executing <Task(BashOperator): monitoring.evidently_drift_report> on 2023-06-01 00:00:00+00:00
[2026-06-20T15:26:25.010+0000] {logging_mixin.py:188} WARNING - /home/***/.local/lib/python3.12/site-packages/***/task/task_runner/standard_task_runner.py:62 DeprecationWarning: This process (pid=857) is multi-threaded, use of fork() may lead to deadlocks in the child.
[2026-06-20T15:26:25.011+0000] {standard_task_runner.py:64} INFO - Started process 864 to run task
[2026-06-20T15:26:25.010+0000] {standard_task_runner.py:90} INFO - Running: ['***', 'tasks', 'run', 'credit_default_ml_pipeline', 'monitoring.evidently_drift_report', 'scheduled__2023-06-01T00:00:00+00:00', '--job-id', '2515', '--raw', '--subdir', 'DAGS_FOLDER/dag.py', '--cfg-path', '/tmp/tmps2zsk5rh']
[2026-06-20T15:26:25.013+0000] {standard_task_runner.py:91} INFO - Job 2515: Subtask monitoring.evidently_drift_report
[2026-06-20T15:26:25.033+0000] {task_command.py:426} INFO - Running <TaskInstance: credit_default_ml_pipeline.monitoring.evidently_drift_report scheduled__2023-06-01T00:00:00+00:00 [running]> on host 9cf341f51c89
[2026-06-20T15:26:25.064+0000] {taskinstance.py:2648} INFO - Exporting env vars: AIRFLOW_CTX_DAG_OWNER='***' AIRFLOW_CTX_DAG_ID='credit_default_ml_pipeline' AIRFLOW_CTX_TASK_ID='monitoring.evidently_drift_report' AIRFLOW_CTX_EXECUTION_DATE='2023-06-01T00:00:00+00:00' AIRFLOW_CTX_TRY_NUMBER='1' AIRFLOW_CTX_DAG_RUN_ID='scheduled__2023-06-01T00:00:00+00:00'
[2026-06-20T15:26:25.065+0000] {taskinstance.py:430} INFO - ::endgroup::
[2026-06-20T15:26:25.070+0000] {subprocess.py:63} INFO - Tmp dir root location: /tmp
[2026-06-20T15:26:25.071+0000] {subprocess.py:75} INFO - Running command: ['/usr/bin/bash', '-c', 'cd /opt/***/scripts && if [ ! -f model_bank/champion.txt ]; then echo \'[SKIP] no champion.txt for 2023-06-01\'; exit 0; fi && CHAMP=$(cat model_bank/champion.txt | tr -d \'\\n\') && python3 evidently_drift_report.py --baseline "2024-09-01" --current "2023-06-01" --modelname "$CHAMP"']
[2026-06-20T15:26:25.075+0000] {subprocess.py:86} INFO - Output:
[2026-06-20T15:26:25.076+0000] {subprocess.py:93} INFO - [SKIP] no champion.txt for 2023-06-01
[2026-06-20T15:26:25.077+0000] {subprocess.py:97} INFO - Command exited with return code 0
[2026-06-20T15:26:25.078+0000] {taskinstance.py:441} INFO - ::group::Post task execution logs
[2026-06-20T15:26:25.089+0000] {taskinstance.py:1206} INFO - Marking task as SUCCESS. dag_id=credit_default_ml_pipeline, task_id=monitoring.evidently_drift_report, run_id=scheduled__2023-06-01T00:00:00+00:00, execution_date=20230601T000000, start_date=20260620T152624, end_date=20260620T152625
[2026-06-20T15:26:25.108+0000] {local_task_job_runner.py:243} INFO - Task exited with return code 0
[2026-06-20T15:26:25.112+0000] {local_task_job_runner.py:222} INFO - ::endgroup::
[2026-06-20T17:19:07.525+0000] {local_task_job_runner.py:120} INFO - ::group::Pre task execution logs
[2026-06-20T17:19:07.537+0000] {taskinstance.py:2076} INFO - Dependencies all met for dep_context=non-requeueable deps ti=<TaskInstance: credit_default_ml_pipeline.monitoring.evidently_drift_report scheduled__2023-06-01T00:00:00+00:00 [queued]>
[2026-06-20T17:19:07.540+0000] {taskinstance.py:2076} INFO - Dependencies all met for dep_context=requeueable deps ti=<TaskInstance: credit_default_ml_pipeline.monitoring.evidently_drift_report scheduled__2023-06-01T00:00:00+00:00 [queued]>
[2026-06-20T17:19:07.541+0000] {taskinstance.py:2306} INFO - Starting attempt 1 of 2
[2026-06-20T17:19:07.623+0000] {taskinstance.py:2330} INFO - Executing <Task(BashOperator): monitoring.evidently_drift_report> on 2023-06-01 00:00:00+00:00
[2026-06-20T17:19:07.628+0000] {logging_mixin.py:188} WARNING - /home/***/.local/lib/python3.12/site-packages/***/task/task_runner/standard_task_runner.py:62 DeprecationWarning: This process (pid=18754) is multi-threaded, use of fork() may lead to deadlocks in the child.
[2026-06-20T17:19:07.629+0000] {standard_task_runner.py:64} INFO - Started process 18760 to run task
[2026-06-20T17:19:07.630+0000] {standard_task_runner.py:90} INFO - Running: ['***', 'tasks', 'run', 'credit_default_ml_pipeline', 'monitoring.evidently_drift_report', 'scheduled__2023-06-01T00:00:00+00:00', '--job-id', '3094', '--raw', '--subdir', 'DAGS_FOLDER/dag.py', '--cfg-path', '/tmp/tmp54ikbth3']
[2026-06-20T17:19:07.631+0000] {standard_task_runner.py:91} INFO - Job 3094: Subtask monitoring.evidently_drift_report
[2026-06-20T17:19:07.654+0000] {task_command.py:426} INFO - Running <TaskInstance: credit_default_ml_pipeline.monitoring.evidently_drift_report scheduled__2023-06-01T00:00:00+00:00 [running]> on host 9cf341f51c89
[2026-06-20T17:19:07.686+0000] {taskinstance.py:2648} INFO - Exporting env vars: AIRFLOW_CTX_DAG_OWNER='***' AIRFLOW_CTX_DAG_ID='credit_default_ml_pipeline' AIRFLOW_CTX_TASK_ID='monitoring.evidently_drift_report' AIRFLOW_CTX_EXECUTION_DATE='2023-06-01T00:00:00+00:00' AIRFLOW_CTX_TRY_NUMBER='1' AIRFLOW_CTX_DAG_RUN_ID='scheduled__2023-06-01T00:00:00+00:00'
[2026-06-20T17:19:07.688+0000] {taskinstance.py:430} INFO - ::endgroup::
[2026-06-20T17:19:07.693+0000] {subprocess.py:63} INFO - Tmp dir root location: /tmp
[2026-06-20T17:19:07.694+0000] {subprocess.py:75} INFO - Running command: ['/usr/bin/bash', '-c', 'cd /opt/***/scripts && if [ ! -f model_bank/champion.txt ]; then echo \'[SKIP] no champion.txt for 2023-06-01\'; exit 0; fi && CHAMP=$(cat model_bank/champion.txt | tr -d \'\\n\') && python3 evidently_drift_report.py --baseline "2024-09-01" --current "2023-06-01" --modelname "$CHAMP"']
[2026-06-20T17:19:07.699+0000] {subprocess.py:86} INFO - Output:
[2026-06-20T17:19:07.700+0000] {subprocess.py:93} INFO - [SKIP] no champion.txt for 2023-06-01
[2026-06-20T17:19:07.701+0000] {subprocess.py:97} INFO - Command exited with return code 0
[2026-06-20T17:19:07.702+0000] {taskinstance.py:441} INFO - ::group::Post task execution logs
[2026-06-20T17:19:07.712+0000] {taskinstance.py:1206} INFO - Marking task as SUCCESS. dag_id=credit_default_ml_pipeline, task_id=monitoring.evidently_drift_report, run_id=scheduled__2023-06-01T00:00:00+00:00, execution_date=20230601T000000, start_date=20260620T171907, end_date=20260620T171907
[2026-06-20T17:19:07.728+0000] {local_task_job_runner.py:243} INFO - Task exited with return code 0
[2026-06-20T17:19:07.732+0000] {local_task_job_runner.py:222} INFO - ::endgroup::
[2026-06-21T01:44:26.228+0000] {local_task_job_runner.py:120} INFO - ::group::Pre task execution logs
[2026-06-21T01:44:26.245+0000] {taskinstance.py:2076} INFO - Dependencies all met for dep_context=non-requeueable deps ti=<TaskInstance: credit_default_ml_pipeline.monitoring.evidently_drift_report scheduled__2023-06-01T00:00:00+00:00 [queued]>
[2026-06-21T01:44:26.250+0000] {taskinstance.py:2076} INFO - Dependencies all met for dep_context=requeueable deps ti=<TaskInstance: credit_default_ml_pipeline.monitoring.evidently_drift_report scheduled__2023-06-01T00:00:00+00:00 [queued]>
[2026-06-21T01:44:26.251+0000] {taskinstance.py:2306} INFO - Starting attempt 1 of 2
[2026-06-21T01:44:26.257+0000] {taskinstance.py:2330} INFO - Executing <Task(BashOperator): monitoring.evidently_drift_report> on 2023-06-01 00:00:00+00:00
[2026-06-21T01:44:26.261+0000] {logging_mixin.py:188} WARNING - /home/***/.local/lib/python3.12/site-packages/***/task/task_runner/standard_task_runner.py:62 DeprecationWarning: This process (pid=18995) is multi-threaded, use of fork() may lead to deadlocks in the child.
[2026-06-21T01:44:26.262+0000] {standard_task_runner.py:64} INFO - Started process 19000 to run task
[2026-06-21T01:44:26.261+0000] {standard_task_runner.py:90} INFO - Running: ['***', 'tasks', 'run', 'credit_default_ml_pipeline', 'monitoring.evidently_drift_report', 'scheduled__2023-06-01T00:00:00+00:00', '--job-id', '3556', '--raw', '--subdir', 'DAGS_FOLDER/dag.py', '--cfg-path', '/tmp/tmpwueesusm']
[2026-06-21T01:44:26.263+0000] {standard_task_runner.py:91} INFO - Job 3556: Subtask monitoring.evidently_drift_report
[2026-06-21T01:44:26.286+0000] {task_command.py:426} INFO - Running <TaskInstance: credit_default_ml_pipeline.monitoring.evidently_drift_report scheduled__2023-06-01T00:00:00+00:00 [running]> on host f6e9e2801916
[2026-06-21T01:44:26.408+0000] {taskinstance.py:2648} INFO - Exporting env vars: AIRFLOW_CTX_DAG_OWNER='***' AIRFLOW_CTX_DAG_ID='credit_default_ml_pipeline' AIRFLOW_CTX_TASK_ID='monitoring.evidently_drift_report' AIRFLOW_CTX_EXECUTION_DATE='2023-06-01T00:00:00+00:00' AIRFLOW_CTX_TRY_NUMBER='1' AIRFLOW_CTX_DAG_RUN_ID='scheduled__2023-06-01T00:00:00+00:00'
[2026-06-21T01:44:26.408+0000] {taskinstance.py:430} INFO - ::endgroup::
[2026-06-21T01:44:26.414+0000] {subprocess.py:63} INFO - Tmp dir root location: /tmp
[2026-06-21T01:44:26.415+0000] {subprocess.py:75} INFO - Running command: ['/usr/bin/bash', '-c', 'cd /opt/***/scripts && if [ ! -f model_bank/champion.txt ]; then echo \'[SKIP] no champion.txt for 2023-06-01\'; exit 0; fi && CHAMP=$(cat model_bank/champion.txt | tr -d \'\\n\') && python3 evidently_drift_report.py --baseline "2024-09-01" --current "2023-06-01" --modelname "$CHAMP"']
[2026-06-21T01:44:26.420+0000] {subprocess.py:86} INFO - Output:
[2026-06-21T01:44:26.422+0000] {subprocess.py:93} INFO - [SKIP] no champion.txt for 2023-06-01
[2026-06-21T01:44:26.422+0000] {subprocess.py:97} INFO - Command exited with return code 0
[2026-06-21T01:44:26.424+0000] {taskinstance.py:441} INFO - ::group::Post task execution logs
[2026-06-21T01:44:26.434+0000] {taskinstance.py:1206} INFO - Marking task as SUCCESS. dag_id=credit_default_ml_pipeline, task_id=monitoring.evidently_drift_report, run_id=scheduled__2023-06-01T00:00:00+00:00, execution_date=20230601T000000, start_date=20260621T014426, end_date=20260621T014426
[2026-06-21T01:44:26.443+0000] {local_task_job_runner.py:243} INFO - Task exited with return code 0
[2026-06-21T01:44:26.452+0000] {taskinstance.py:3503} INFO - 0 downstream tasks scheduled from follow-on schedule check
[2026-06-21T01:44:26.453+0000] {local_task_job_runner.py:222} INFO - ::endgroup::
[2026-06-21T05:39:28.300+0000] {local_task_job_runner.py:120} INFO - ::group::Pre task execution logs
[2026-06-21T05:39:28.324+0000] {taskinstance.py:2076} INFO - Dependencies all met for dep_context=non-requeueable deps ti=<TaskInstance: credit_default_ml_pipeline.monitoring.evidently_drift_report scheduled__2023-06-01T00:00:00+00:00 [queued]>
[2026-06-21T05:39:28.335+0000] {taskinstance.py:2076} INFO - Dependencies all met for dep_context=requeueable deps ti=<TaskInstance: credit_default_ml_pipeline.monitoring.evidently_drift_report scheduled__2023-06-01T00:00:00+00:00 [queued]>
[2026-06-21T05:39:28.335+0000] {taskinstance.py:2306} INFO - Starting attempt 1 of 2
[2026-06-21T05:39:28.449+0000] {taskinstance.py:2330} INFO - Executing <Task(BashOperator): monitoring.evidently_drift_report> on 2023-06-01 00:00:00+00:00
[2026-06-21T05:39:28.455+0000] {logging_mixin.py:188} WARNING - /home/***/.local/lib/python3.12/site-packages/***/task/task_runner/standard_task_runner.py:62 DeprecationWarning: This process (pid=19145) is multi-threaded, use of fork() may lead to deadlocks in the child.
[2026-06-21T05:39:28.456+0000] {standard_task_runner.py:64} INFO - Started process 19150 to run task
[2026-06-21T05:39:28.455+0000] {standard_task_runner.py:90} INFO - Running: ['***', 'tasks', 'run', 'credit_default_ml_pipeline', 'monitoring.evidently_drift_report', 'scheduled__2023-06-01T00:00:00+00:00', '--job-id', '4020', '--raw', '--subdir', 'DAGS_FOLDER/dag.py', '--cfg-path', '/tmp/tmpgqpzkkgf']
[2026-06-21T05:39:28.458+0000] {standard_task_runner.py:91} INFO - Job 4020: Subtask monitoring.evidently_drift_report
[2026-06-21T05:39:28.490+0000] {task_command.py:426} INFO - Running <TaskInstance: credit_default_ml_pipeline.monitoring.evidently_drift_report scheduled__2023-06-01T00:00:00+00:00 [running]> on host 9377a3f0491f
[2026-06-21T05:39:28.543+0000] {taskinstance.py:2648} INFO - Exporting env vars: AIRFLOW_CTX_DAG_OWNER='***' AIRFLOW_CTX_DAG_ID='credit_default_ml_pipeline' AIRFLOW_CTX_TASK_ID='monitoring.evidently_drift_report' AIRFLOW_CTX_EXECUTION_DATE='2023-06-01T00:00:00+00:00' AIRFLOW_CTX_TRY_NUMBER='1' AIRFLOW_CTX_DAG_RUN_ID='scheduled__2023-06-01T00:00:00+00:00'
[2026-06-21T05:39:28.544+0000] {taskinstance.py:430} INFO - ::endgroup::
[2026-06-21T05:39:28.553+0000] {subprocess.py:63} INFO - Tmp dir root location: /tmp
[2026-06-21T05:39:28.554+0000] {subprocess.py:75} INFO - Running command: ['/usr/bin/bash', '-c', 'cd /opt/***/scripts && if [ ! -f model_bank/champion.txt ]; then echo \'[SKIP] no champion.txt for 2023-06-01\'; exit 0; fi && CHAMP=$(cat model_bank/champion.txt | tr -d \'\\n\') && python3 evidently_drift_report.py --baseline "2024-09-01" --current "2023-06-01" --modelname "$CHAMP"']
[2026-06-21T05:39:28.562+0000] {subprocess.py:86} INFO - Output:
[2026-06-21T05:39:28.564+0000] {subprocess.py:93} INFO - [SKIP] no champion.txt for 2023-06-01
[2026-06-21T05:39:28.566+0000] {subprocess.py:97} INFO - Command exited with return code 0
[2026-06-21T05:39:28.567+0000] {taskinstance.py:441} INFO - ::group::Post task execution logs
[2026-06-21T05:39:28.585+0000] {taskinstance.py:1206} INFO - Marking task as SUCCESS. dag_id=credit_default_ml_pipeline, task_id=monitoring.evidently_drift_report, run_id=scheduled__2023-06-01T00:00:00+00:00, execution_date=20230601T000000, start_date=20260621T053928, end_date=20260621T053928
[2026-06-21T05:39:28.637+0000] {local_task_job_runner.py:243} INFO - Task exited with return code 0
[2026-06-21T05:39:28.653+0000] {taskinstance.py:3503} INFO - 0 downstream tasks scheduled from follow-on schedule check
[2026-06-21T05:39:28.654+0000] {local_task_job_runner.py:222} INFO - ::endgroup::
[2026-06-25T17:32:44.111+0000] {local_task_job_runner.py:120} INFO - ::group::Pre task execution logs
[2026-06-25T17:32:44.143+0000] {taskinstance.py:2076} INFO - Dependencies all met for dep_context=non-requeueable deps ti=<TaskInstance: credit_default_ml_pipeline.monitoring.evidently_drift_report scheduled__2023-06-01T00:00:00+00:00 [queued]>
[2026-06-25T17:32:44.154+0000] {taskinstance.py:2076} INFO - Dependencies all met for dep_context=requeueable deps ti=<TaskInstance: credit_default_ml_pipeline.monitoring.evidently_drift_report scheduled__2023-06-01T00:00:00+00:00 [queued]>
[2026-06-25T17:32:44.154+0000] {taskinstance.py:2306} INFO - Starting attempt 1 of 2
[2026-06-25T17:32:44.167+0000] {taskinstance.py:2330} INFO - Executing <Task(BashOperator): monitoring.evidently_drift_report> on 2023-06-01 00:00:00+00:00
[2026-06-25T17:32:44.174+0000] {logging_mixin.py:188} WARNING - /home/***/.local/lib/python3.12/site-packages/***/task/task_runner/standard_task_runner.py:62 DeprecationWarning: This process (pid=19151) is multi-threaded, use of fork() may lead to deadlocks in the child.
[2026-06-25T17:32:44.177+0000] {standard_task_runner.py:64} INFO - Started process 19157 to run task
[2026-06-25T17:32:44.176+0000] {standard_task_runner.py:90} INFO - Running: ['***', 'tasks', 'run', 'credit_default_ml_pipeline', 'monitoring.evidently_drift_report', 'scheduled__2023-06-01T00:00:00+00:00', '--job-id', '4481', '--raw', '--subdir', 'DAGS_FOLDER/dag.py', '--cfg-path', '/tmp/tmp2hhas6pe']
[2026-06-25T17:32:44.180+0000] {standard_task_runner.py:91} INFO - Job 4481: Subtask monitoring.evidently_drift_report
[2026-06-25T17:32:44.232+0000] {task_command.py:426} INFO - Running <TaskInstance: credit_default_ml_pipeline.monitoring.evidently_drift_report scheduled__2023-06-01T00:00:00+00:00 [running]> on host b54b2be331ab
[2026-06-25T17:32:44.530+0000] {taskinstance.py:2648} INFO - Exporting env vars: AIRFLOW_CTX_DAG_OWNER='***' AIRFLOW_CTX_DAG_ID='credit_default_ml_pipeline' AIRFLOW_CTX_TASK_ID='monitoring.evidently_drift_report' AIRFLOW_CTX_EXECUTION_DATE='2023-06-01T00:00:00+00:00' AIRFLOW_CTX_TRY_NUMBER='1' AIRFLOW_CTX_DAG_RUN_ID='scheduled__2023-06-01T00:00:00+00:00'
[2026-06-25T17:32:44.533+0000] {taskinstance.py:430} INFO - ::endgroup::
[2026-06-25T17:32:44.545+0000] {subprocess.py:63} INFO - Tmp dir root location: /tmp
[2026-06-25T17:32:44.547+0000] {subprocess.py:75} INFO - Running command: ['/usr/bin/bash', '-c', 'cd /opt/***/scripts && if [ ! -f model_bank/champion.txt ]; then echo \'[SKIP] no champion.txt for 2023-06-01\'; exit 0; fi && CHAMP=$(cat model_bank/champion.txt | tr -d \'\\n\') && python3 evidently_drift_report.py --baseline "2024-09-01" --current "2023-06-01" --modelname "$CHAMP"']
[2026-06-25T17:32:44.559+0000] {subprocess.py:86} INFO - Output:
[2026-06-25T17:32:44.561+0000] {subprocess.py:93} INFO - [SKIP] no champion.txt for 2023-06-01
[2026-06-25T17:32:44.562+0000] {subprocess.py:97} INFO - Command exited with return code 0
[2026-06-25T17:32:44.565+0000] {taskinstance.py:441} INFO - ::group::Post task execution logs
[2026-06-25T17:32:44.591+0000] {taskinstance.py:1206} INFO - Marking task as SUCCESS. dag_id=credit_default_ml_pipeline, task_id=monitoring.evidently_drift_report, run_id=scheduled__2023-06-01T00:00:00+00:00, execution_date=20230601T000000, start_date=20260625T173244, end_date=20260625T173244
[2026-06-25T17:32:44.650+0000] {local_task_job_runner.py:243} INFO - Task exited with return code 0
[2026-06-25T17:32:44.681+0000] {taskinstance.py:3503} INFO - 0 downstream tasks scheduled from follow-on schedule check
[2026-06-25T17:32:44.685+0000] {local_task_job_runner.py:222} INFO - ::endgroup::
