[2026-06-16T11:23:40.534+0000] {local_task_job_runner.py:120} INFO - ::group::Pre task execution logs
[2026-06-16T11:23:40.553+0000] {taskinstance.py:2076} INFO - Dependencies all met for dep_context=non-requeueable deps ti=<TaskInstance: credit_default_ml_pipeline.challenger_inference scheduled__2023-02-01T00:00:00+00:00 [queued]>
[2026-06-16T11:23:40.558+0000] {taskinstance.py:2076} INFO - Dependencies all met for dep_context=requeueable deps ti=<TaskInstance: credit_default_ml_pipeline.challenger_inference scheduled__2023-02-01T00:00:00+00:00 [queued]>
[2026-06-16T11:23:40.559+0000] {taskinstance.py:2306} INFO - Starting attempt 1 of 2
[2026-06-16T11:23:40.566+0000] {taskinstance.py:2330} INFO - Executing <Task(BashOperator): challenger_inference> on 2023-02-01 00:00:00+00:00
[2026-06-16T11:23:40.569+0000] {standard_task_runner.py:90} INFO - Running: ['***', 'tasks', 'run', 'credit_default_ml_pipeline', 'challenger_inference', 'scheduled__2023-02-01T00:00:00+00:00', '--job-id', '33', '--raw', '--subdir', 'DAGS_FOLDER/dag.py', '--cfg-path', '/tmp/tmpx8ltdblm']
[2026-06-16T11:23:40.571+0000] {logging_mixin.py:188} WARNING - /home/***/.local/lib/python3.12/site-packages/***/task/task_runner/standard_task_runner.py:62 DeprecationWarning: This process (pid=6344) is multi-threaded, use of fork() may lead to deadlocks in the child.
[2026-06-16T11:23:40.572+0000] {standard_task_runner.py:91} INFO - Job 33: Subtask challenger_inference
[2026-06-16T11:23:40.572+0000] {standard_task_runner.py:64} INFO - Started process 6347 to run task
[2026-06-16T11:23:40.591+0000] {task_command.py:426} INFO - Running <TaskInstance: credit_default_ml_pipeline.challenger_inference scheduled__2023-02-01T00:00:00+00:00 [running]> on host 1cab6e97738a
[2026-06-16T11:23:40.619+0000] {taskinstance.py:2648} INFO - Exporting env vars: AIRFLOW_CTX_DAG_OWNER='***' AIRFLOW_CTX_DAG_ID='credit_default_ml_pipeline' AIRFLOW_CTX_TASK_ID='challenger_inference' AIRFLOW_CTX_EXECUTION_DATE='2023-02-01T00:00:00+00:00' AIRFLOW_CTX_TRY_NUMBER='1' AIRFLOW_CTX_DAG_RUN_ID='scheduled__2023-02-01T00:00:00+00:00'
[2026-06-16T11:23:40.620+0000] {taskinstance.py:430} INFO - ::endgroup::
[2026-06-16T11:23:40.625+0000] {subprocess.py:63} INFO - Tmp dir root location: /tmp
[2026-06-16T11:23:40.625+0000] {subprocess.py:75} INFO - Running command: ['/usr/bin/bash', '-c', 'cd /opt/***/scripts && python3 model_inference.py --snapshotdate "2023-02-01" --modelname "credit_logreg_2024_09_01.pkl"']
[2026-06-16T11:23:40.628+0000] {subprocess.py:86} INFO - Output:
[2026-06-16T11:23:41.041+0000] {subprocess.py:93} INFO - 
[2026-06-16T11:23:41.042+0000] {subprocess.py:93} INFO - --- inference 2023-02-01 / credit_logreg_2024_09_01.pkl ---
[2026-06-16T11:23:41.042+0000] {subprocess.py:93} INFO - 
[2026-06-16T11:23:41.043+0000] {subprocess.py:93} INFO - model credit_logreg_2024_09_01.pkl not in bank yet (trained on a later month); skipping inference for 2023-02-01.
[2026-06-16T11:23:41.082+0000] {subprocess.py:97} INFO - Command exited with return code 0
[2026-06-16T11:23:41.083+0000] {taskinstance.py:441} INFO - ::group::Post task execution logs
[2026-06-16T11:23:41.091+0000] {taskinstance.py:1206} INFO - Marking task as SUCCESS. dag_id=credit_default_ml_pipeline, task_id=challenger_inference, run_id=scheduled__2023-02-01T00:00:00+00:00, execution_date=20230201T000000, start_date=20260616T112340, end_date=20260616T112341
[2026-06-16T11:23:41.121+0000] {local_task_job_runner.py:243} INFO - Task exited with return code 0
[2026-06-16T11:23:41.130+0000] {taskinstance.py:3503} INFO - 0 downstream tasks scheduled from follow-on schedule check
[2026-06-16T11:23:41.131+0000] {local_task_job_runner.py:222} INFO - ::endgroup::
