[2026-06-18T04:10:54.528+0000] {local_task_job_runner.py:120} INFO - ::group::Pre task execution logs
[2026-06-18T04:10:54.550+0000] {taskinstance.py:2076} INFO - Dependencies all met for dep_context=non-requeueable deps ti=<TaskInstance: credit_default_ml_pipeline.monitoring.champion_monitor scheduled__2024-01-01T00:00:00+00:00 [queued]>
[2026-06-18T04:10:54.558+0000] {taskinstance.py:2076} INFO - Dependencies all met for dep_context=requeueable deps ti=<TaskInstance: credit_default_ml_pipeline.monitoring.champion_monitor scheduled__2024-01-01T00:00:00+00:00 [queued]>
[2026-06-18T04:10:54.560+0000] {taskinstance.py:2306} INFO - Starting attempt 2 of 3
[2026-06-18T04:10:54.569+0000] {taskinstance.py:2330} INFO - Executing <Task(BashOperator): monitoring.champion_monitor> on 2024-01-01 00:00:00+00:00
[2026-06-18T04:10:54.574+0000] {logging_mixin.py:188} WARNING - /home/***/.local/lib/python3.12/site-packages/***/task/task_runner/standard_task_runner.py:62 DeprecationWarning: This process (pid=65770) is multi-threaded, use of fork() may lead to deadlocks in the child.
[2026-06-18T04:10:54.574+0000] {standard_task_runner.py:90} INFO - Running: ['***', 'tasks', 'run', 'credit_default_ml_pipeline', 'monitoring.champion_monitor', 'scheduled__2024-01-01T00:00:00+00:00', '--job-id', '1136', '--raw', '--subdir', 'DAGS_FOLDER/dag.py', '--cfg-path', '/tmp/tmpxi602vu2']
[2026-06-18T04:10:54.575+0000] {standard_task_runner.py:91} INFO - Job 1136: Subtask monitoring.champion_monitor
[2026-06-18T04:10:54.575+0000] {standard_task_runner.py:64} INFO - Started process 65776 to run task
[2026-06-18T04:10:54.600+0000] {task_command.py:426} INFO - Running <TaskInstance: credit_default_ml_pipeline.monitoring.champion_monitor scheduled__2024-01-01T00:00:00+00:00 [running]> on host bfbc24b887a5
[2026-06-18T04:10:54.735+0000] {taskinstance.py:2648} INFO - Exporting env vars: AIRFLOW_CTX_DAG_OWNER='***' AIRFLOW_CTX_DAG_ID='credit_default_ml_pipeline' AIRFLOW_CTX_TASK_ID='monitoring.champion_monitor' AIRFLOW_CTX_EXECUTION_DATE='2024-01-01T00:00:00+00:00' AIRFLOW_CTX_TRY_NUMBER='2' AIRFLOW_CTX_DAG_RUN_ID='scheduled__2024-01-01T00:00:00+00:00'
[2026-06-18T04:10:54.736+0000] {taskinstance.py:430} INFO - ::endgroup::
[2026-06-18T04:10:54.741+0000] {subprocess.py:63} INFO - Tmp dir root location: /tmp
[2026-06-18T04:10:54.742+0000] {subprocess.py:75} INFO - Running command: ['/usr/bin/bash', '-c', 'cd /opt/***/scripts && if [ -f model_bank/champion.txt ]; then CHAMPION=$(cat model_bank/champion.txt) && python3 model_monitor.py --snapshotdate "2024-01-01" --modelname "$CHAMPION"; else echo "[skip] champion.txt not found yet - no model deployed as of 2024-01-01"; fi']
[2026-06-18T04:10:54.748+0000] {subprocess.py:86} INFO - Output:
[2026-06-18T04:10:54.749+0000] {subprocess.py:93} INFO - [skip] champion.txt not found yet - no model deployed as of 2024-01-01
[2026-06-18T04:10:54.749+0000] {subprocess.py:97} INFO - Command exited with return code 0
[2026-06-18T04:10:54.750+0000] {taskinstance.py:441} INFO - ::group::Post task execution logs
[2026-06-18T04:10:54.760+0000] {taskinstance.py:1206} INFO - Marking task as SUCCESS. dag_id=credit_default_ml_pipeline, task_id=monitoring.champion_monitor, run_id=scheduled__2024-01-01T00:00:00+00:00, execution_date=20240101T000000, start_date=20260618T041054, end_date=20260618T041054
[2026-06-18T04:10:54.803+0000] {local_task_job_runner.py:243} INFO - Task exited with return code 0
[2026-06-18T04:10:54.808+0000] {local_task_job_runner.py:222} INFO - ::endgroup::
