[2026-06-18T03:53:51.292+0000] {local_task_job_runner.py:120} INFO - ::group::Pre task execution logs
[2026-06-18T03:53:51.305+0000] {taskinstance.py:2076} INFO - Dependencies all met for dep_context=non-requeueable deps ti=<TaskInstance: credit_default_ml_pipeline.inference.champion_inference scheduled__2023-07-01T00:00:00+00:00 [queued]>
[2026-06-18T03:53:51.309+0000] {taskinstance.py:2076} INFO - Dependencies all met for dep_context=requeueable deps ti=<TaskInstance: credit_default_ml_pipeline.inference.champion_inference scheduled__2023-07-01T00:00:00+00:00 [queued]>
[2026-06-18T03:53:51.310+0000] {taskinstance.py:2306} INFO - Starting attempt 2 of 3
[2026-06-18T03:53:51.316+0000] {taskinstance.py:2330} INFO - Executing <Task(BashOperator): inference.champion_inference> on 2023-07-01 00:00:00+00:00
[2026-06-18T03:53:51.321+0000] {logging_mixin.py:188} WARNING - /home/***/.local/lib/python3.12/site-packages/***/task/task_runner/standard_task_runner.py:62 DeprecationWarning: This process (pid=46421) is multi-threaded, use of fork() may lead to deadlocks in the child.
[2026-06-18T03:53:51.321+0000] {standard_task_runner.py:90} INFO - Running: ['***', 'tasks', 'run', 'credit_default_ml_pipeline', 'inference.champion_inference', 'scheduled__2023-07-01T00:00:00+00:00', '--job-id', '1027', '--raw', '--subdir', 'DAGS_FOLDER/dag.py', '--cfg-path', '/tmp/tmprols799m']
[2026-06-18T03:53:51.322+0000] {standard_task_runner.py:64} INFO - Started process 46424 to run task
[2026-06-18T03:53:51.322+0000] {standard_task_runner.py:91} INFO - Job 1027: Subtask inference.champion_inference
[2026-06-18T03:53:51.346+0000] {task_command.py:426} INFO - Running <TaskInstance: credit_default_ml_pipeline.inference.champion_inference scheduled__2023-07-01T00:00:00+00:00 [running]> on host bfbc24b887a5
[2026-06-18T03:53:51.460+0000] {taskinstance.py:2648} INFO - Exporting env vars: AIRFLOW_CTX_DAG_OWNER='***' AIRFLOW_CTX_DAG_ID='credit_default_ml_pipeline' AIRFLOW_CTX_TASK_ID='inference.champion_inference' AIRFLOW_CTX_EXECUTION_DATE='2023-07-01T00:00:00+00:00' AIRFLOW_CTX_TRY_NUMBER='2' AIRFLOW_CTX_DAG_RUN_ID='scheduled__2023-07-01T00:00:00+00:00'
[2026-06-18T03:53:51.460+0000] {taskinstance.py:430} INFO - ::endgroup::
[2026-06-18T03:53:51.464+0000] {subprocess.py:63} INFO - Tmp dir root location: /tmp
[2026-06-18T03:53:51.465+0000] {subprocess.py:75} INFO - Running command: ['/usr/bin/bash', '-c', 'cd /opt/***/scripts && if [ -f model_bank/champion.txt ]; then CHAMPION=$(cat model_bank/champion.txt) && python3 model_inference.py --snapshotdate "2023-07-01" --modelname "$CHAMPION"; else echo "[skip] champion.txt not found yet - no model deployed as of 2023-07-01"; fi']
[2026-06-18T03:53:51.470+0000] {subprocess.py:86} INFO - Output:
[2026-06-18T03:53:51.471+0000] {subprocess.py:93} INFO - [skip] champion.txt not found yet - no model deployed as of 2023-07-01
[2026-06-18T03:53:51.472+0000] {subprocess.py:97} INFO - Command exited with return code 0
[2026-06-18T03:53:51.472+0000] {taskinstance.py:441} INFO - ::group::Post task execution logs
[2026-06-18T03:53:51.482+0000] {taskinstance.py:1206} INFO - Marking task as SUCCESS. dag_id=credit_default_ml_pipeline, task_id=inference.champion_inference, run_id=scheduled__2023-07-01T00:00:00+00:00, execution_date=20230701T000000, start_date=20260618T035351, end_date=20260618T035351
[2026-06-18T03:53:51.505+0000] {local_task_job_runner.py:243} INFO - Task exited with return code 0
[2026-06-18T03:53:51.514+0000] {taskinstance.py:3503} INFO - 0 downstream tasks scheduled from follow-on schedule check
[2026-06-18T03:53:51.515+0000] {local_task_job_runner.py:222} INFO - ::endgroup::
