[2026-06-18T04:29:43.496+0000] {local_task_job_runner.py:120} INFO - ::group::Pre task execution logs
[2026-06-18T04:29:43.513+0000] {taskinstance.py:2076} INFO - Dependencies all met for dep_context=non-requeueable deps ti=<TaskInstance: credit_default_ml_pipeline.feature_pipeline.feature_bronze_attributes scheduled__2024-08-01T00:00:00+00:00 [queued]>
[2026-06-18T04:29:43.520+0000] {taskinstance.py:2076} INFO - Dependencies all met for dep_context=requeueable deps ti=<TaskInstance: credit_default_ml_pipeline.feature_pipeline.feature_bronze_attributes scheduled__2024-08-01T00:00:00+00:00 [queued]>
[2026-06-18T04:29:43.521+0000] {taskinstance.py:2306} INFO - Starting attempt 3 of 4
[2026-06-18T04:29:43.530+0000] {taskinstance.py:2330} INFO - Executing <Task(BashOperator): feature_pipeline.feature_bronze_attributes> on 2024-08-01 00:00:00+00:00
[2026-06-18T04:29:43.536+0000] {logging_mixin.py:188} WARNING - /home/***/.local/lib/python3.12/site-packages/***/task/task_runner/standard_task_runner.py:62 DeprecationWarning: This process (pid=85452) is multi-threaded, use of fork() may lead to deadlocks in the child.
[2026-06-18T04:29:43.538+0000] {standard_task_runner.py:64} INFO - Started process 85458 to run task
[2026-06-18T04:29:43.537+0000] {standard_task_runner.py:90} INFO - Running: ['***', 'tasks', 'run', 'credit_default_ml_pipeline', 'feature_pipeline.feature_bronze_attributes', 'scheduled__2024-08-01T00:00:00+00:00', '--job-id', '1248', '--raw', '--subdir', 'DAGS_FOLDER/dag.py', '--cfg-path', '/tmp/tmp1_4rgl5i']
[2026-06-18T04:29:43.541+0000] {standard_task_runner.py:91} INFO - Job 1248: Subtask feature_pipeline.feature_bronze_attributes
[2026-06-18T04:29:43.569+0000] {task_command.py:426} INFO - Running <TaskInstance: credit_default_ml_pipeline.feature_pipeline.feature_bronze_attributes scheduled__2024-08-01T00:00:00+00:00 [running]> on host bfbc24b887a5
[2026-06-18T04:29:43.731+0000] {taskinstance.py:2648} INFO - Exporting env vars: AIRFLOW_CTX_DAG_OWNER='***' AIRFLOW_CTX_DAG_ID='credit_default_ml_pipeline' AIRFLOW_CTX_TASK_ID='feature_pipeline.feature_bronze_attributes' AIRFLOW_CTX_EXECUTION_DATE='2024-08-01T00:00:00+00:00' AIRFLOW_CTX_TRY_NUMBER='3' AIRFLOW_CTX_DAG_RUN_ID='scheduled__2024-08-01T00:00:00+00:00'
[2026-06-18T04:29:43.732+0000] {taskinstance.py:430} INFO - ::endgroup::
[2026-06-18T04:29:43.739+0000] {subprocess.py:63} INFO - Tmp dir root location: /tmp
[2026-06-18T04:29:43.740+0000] {subprocess.py:75} INFO - Running command: ['/usr/bin/bash', '-c', 'cd /opt/***/scripts && python3 bronze_processing.py --snapshotdate "2024-08-01" --source attributes']
[2026-06-18T04:29:43.746+0000] {subprocess.py:86} INFO - Output:
[2026-06-18T04:29:46.529+0000] {subprocess.py:93} INFO - Setting default log level to "WARN".
[2026-06-18T04:29:46.532+0000] {subprocess.py:93} INFO - To adjust logging level use sc.setLogLevel(newLevel). For SparkR, use setLogLevel(newLevel).
[2026-06-18T04:29:46.835+0000] {subprocess.py:93} INFO - 26/06/18 04:29:46 WARN NativeCodeLoader: Unable to load native-hadoop library for your platform... using builtin-java classes where applicable
[2026-06-18T04:29:57.365+0000] {subprocess.py:93} INFO - [Stage 1:>                                                          (0 + 1) / 1]
[2026-06-18T04:29:57.374+0000] {subprocess.py:93} INFO - --- bronze attributes 2024-08-01 ---
[2026-06-18T04:29:57.375+0000] {subprocess.py:93} INFO - 
[2026-06-18T04:29:57.377+0000] {subprocess.py:93} INFO - [bronze:attributes] 2024-08-01 row count: 543
[2026-06-18T04:29:57.378+0000] {subprocess.py:93} INFO - [bronze:attributes] saved to: datamart/bronze/attributes/bronze_attributes_2024_08_01.csv
[2026-06-18T04:29:57.383+0000] {subprocess.py:93} INFO - 
[2026-06-18T04:29:57.384+0000] {subprocess.py:93} INFO - --- done ---
[2026-06-18T04:29:57.386+0000] {subprocess.py:93} INFO - 
[2026-06-18T04:29:57.971+0000] {subprocess.py:97} INFO - Command exited with return code 0
[2026-06-18T04:29:57.974+0000] {taskinstance.py:441} INFO - ::group::Post task execution logs
[2026-06-18T04:29:58.041+0000] {taskinstance.py:1206} INFO - Marking task as SUCCESS. dag_id=credit_default_ml_pipeline, task_id=feature_pipeline.feature_bronze_attributes, run_id=scheduled__2024-08-01T00:00:00+00:00, execution_date=20240801T000000, start_date=20260618T042943, end_date=20260618T042958
[2026-06-18T04:29:58.088+0000] {local_task_job_runner.py:243} INFO - Task exited with return code 0
[2026-06-18T04:29:58.474+0000] {taskinstance.py:3503} INFO - 1 downstream tasks scheduled from follow-on schedule check
[2026-06-18T04:29:58.478+0000] {local_task_job_runner.py:222} INFO - ::endgroup::
