[2026-06-18T03:37:33.329+0000] {local_task_job_runner.py:120} INFO - ::group::Pre task execution logs
[2026-06-18T03:37:33.356+0000] {taskinstance.py:2076} INFO - Dependencies all met for dep_context=non-requeueable deps ti=<TaskInstance: credit_default_ml_pipeline.feature_pipeline.feature_silver_attributes scheduled__2023-01-01T00:00:00+00:00 [queued]>
[2026-06-18T03:37:33.363+0000] {taskinstance.py:2076} INFO - Dependencies all met for dep_context=requeueable deps ti=<TaskInstance: credit_default_ml_pipeline.feature_pipeline.feature_silver_attributes scheduled__2023-01-01T00:00:00+00:00 [queued]>
[2026-06-18T03:37:33.364+0000] {taskinstance.py:2306} INFO - Starting attempt 4 of 5
[2026-06-18T03:37:33.373+0000] {taskinstance.py:2330} INFO - Executing <Task(BashOperator): feature_pipeline.feature_silver_attributes> on 2023-01-01 00:00:00+00:00
[2026-06-18T03:37:33.381+0000] {standard_task_runner.py:90} INFO - Running: ['***', 'tasks', 'run', 'credit_default_ml_pipeline', 'feature_pipeline.feature_silver_attributes', 'scheduled__2023-01-01T00:00:00+00:00', '--job-id', '930', '--raw', '--subdir', 'DAGS_FOLDER/dag.py', '--cfg-path', '/tmp/tmpl16b1148']
[2026-06-18T03:37:33.383+0000] {logging_mixin.py:188} WARNING - /home/***/.local/lib/python3.12/site-packages/***/task/task_runner/standard_task_runner.py:62 DeprecationWarning: This process (pid=28093) is multi-threaded, use of fork() may lead to deadlocks in the child.
[2026-06-18T03:37:33.384+0000] {standard_task_runner.py:91} INFO - Job 930: Subtask feature_pipeline.feature_silver_attributes
[2026-06-18T03:37:33.384+0000] {standard_task_runner.py:64} INFO - Started process 28103 to run task
[2026-06-18T03:37:33.425+0000] {task_command.py:426} INFO - Running <TaskInstance: credit_default_ml_pipeline.feature_pipeline.feature_silver_attributes scheduled__2023-01-01T00:00:00+00:00 [running]> on host bfbc24b887a5
[2026-06-18T03:37:33.615+0000] {taskinstance.py:2648} INFO - Exporting env vars: AIRFLOW_CTX_DAG_OWNER='***' AIRFLOW_CTX_DAG_ID='credit_default_ml_pipeline' AIRFLOW_CTX_TASK_ID='feature_pipeline.feature_silver_attributes' AIRFLOW_CTX_EXECUTION_DATE='2023-01-01T00:00:00+00:00' AIRFLOW_CTX_TRY_NUMBER='4' AIRFLOW_CTX_DAG_RUN_ID='scheduled__2023-01-01T00:00:00+00:00'
[2026-06-18T03:37:33.617+0000] {taskinstance.py:430} INFO - ::endgroup::
[2026-06-18T03:37:33.624+0000] {subprocess.py:63} INFO - Tmp dir root location: /tmp
[2026-06-18T03:37:33.625+0000] {subprocess.py:75} INFO - Running command: ['/usr/bin/bash', '-c', 'cd /opt/***/scripts && python3 silver_processing.py --snapshotdate "2023-01-01" --source attributes']
[2026-06-18T03:37:33.632+0000] {subprocess.py:86} INFO - Output:
[2026-06-18T03:37:35.815+0000] {subprocess.py:93} INFO - Setting default log level to "WARN".
[2026-06-18T03:37:35.817+0000] {subprocess.py:93} INFO - To adjust logging level use sc.setLogLevel(newLevel). For SparkR, use setLogLevel(newLevel).
[2026-06-18T03:37:36.028+0000] {subprocess.py:93} INFO - 26/06/18 03:37:36 WARN NativeCodeLoader: Unable to load native-hadoop library for your platform... using builtin-java classes where applicable
[2026-06-18T03:37:48.105+0000] {subprocess.py:93} INFO - [Stage 5:>                                                          (0 + 1) / 1]
[2026-06-18T03:37:48.112+0000] {subprocess.py:93} INFO - --- silver attributes 2023-01-01 ---
[2026-06-18T03:37:48.113+0000] {subprocess.py:93} INFO - 
[2026-06-18T03:37:48.120+0000] {subprocess.py:93} INFO - [silver:attributes] loaded datamart/bronze/attributes/bronze_attributes_2023_01_01.csv rows: 530
[2026-06-18T03:37:48.123+0000] {subprocess.py:93} INFO - [silver:attributes] saved to: datamart/silver/attributes/2023_01_01.parquet
[2026-06-18T03:37:48.127+0000] {subprocess.py:93} INFO - 
[2026-06-18T03:37:48.128+0000] {subprocess.py:93} INFO - --- done ---
[2026-06-18T03:37:48.131+0000] {subprocess.py:93} INFO - 
[2026-06-18T03:37:48.720+0000] {subprocess.py:97} INFO - Command exited with return code 0
[2026-06-18T03:37:48.723+0000] {taskinstance.py:441} INFO - ::group::Post task execution logs
[2026-06-18T03:37:48.794+0000] {taskinstance.py:1206} INFO - Marking task as SUCCESS. dag_id=credit_default_ml_pipeline, task_id=feature_pipeline.feature_silver_attributes, run_id=scheduled__2023-01-01T00:00:00+00:00, execution_date=20230101T000000, start_date=20260618T033733, end_date=20260618T033748
[2026-06-18T03:37:48.839+0000] {local_task_job_runner.py:243} INFO - Task exited with return code 0
[2026-06-18T03:37:48.892+0000] {taskinstance.py:3503} INFO - 0 downstream tasks scheduled from follow-on schedule check
[2026-06-18T03:37:48.894+0000] {local_task_job_runner.py:222} INFO - ::endgroup::
